[2019-11-19 15:54:42,984] multiqc                                            [DEBUG  ]  No MultiQC config found: /usr/lib/python3.6/site-packages/multiqc-1.7-py3.6.egg/multiqc_config.yaml
[2019-11-19 15:54:42,984] multiqc                                            [DEBUG  ]  No MultiQC config found: /root/.multiqc_config.yaml
[2019-11-19 15:54:42,984] multiqc                                            [DEBUG  ]  No MultiQC config found: multiqc_config.yaml
[2019-11-19 15:54:42,984] multiqc                                            [DEBUG  ]  Command used: /usr/bin/multiqc /data/HG00240.unmapped.SOLID.bfast.GBR.low_coverage.20101123_fastqc.zip -o /data
[2019-11-19 15:54:44,692] multiqc                                            [DEBUG  ]  Latest MultiQC version is v1.7
[2019-11-19 15:54:44,692] multiqc                                            [INFO   ]  This is MultiQC v1.7
[2019-11-19 15:54:44,693] multiqc                                            [DEBUG  ]  Command     : /usr/bin/multiqc /data/HG00240.unmapped.SOLID.bfast.GBR.low_coverage.20101123_fastqc.zip -o /data
[2019-11-19 15:54:44,693] multiqc                                            [DEBUG  ]  Working dir : /var/lib/toil/toil-9b56b740-ccba-4b13-b998-c6aabca34938-69d14ae953f0400cbe6f0dc87a7486c9/tmp_b7Gdw/e68bdb68-3302-4f9d-9477-1dafb0978a8d/tVSqg2v
[2019-11-19 15:54:44,693] multiqc                                            [INFO   ]  Template    : default
[2019-11-19 15:54:44,693] multiqc                                            [INFO   ]  Searching '/data/HG00240.unmapped.SOLID.bfast.GBR.low_coverage.20101123_fastqc.zip'
[2019-11-19 15:54:44,693] multiqc                                            [DEBUG  ]  Analysing modules: custom_content, conpair, peddy, methylQA, phantompeakqualtools, qualimap, preseq, quast, qorts, rna_seqc, rsem, rseqc, busco, goleft_indexcov, disambiguate, supernova, deeptools, sargasso, verifybamid, mirtrace, happy, homer, macs2, theta2, snpeff, gatk, htseq, bcftools, featureCounts, dedup, damageprofiler, picard, prokka, samblaster, samtools, bamtools, jellyfish, vcftools, longranger, stacks, bbmap, bismark, biscuit, hicexplorer, hicup, hicpro, salmon, kallisto, slamdunk, star, hisat2, tophat, bowtie2, bowtie1, kat, leehom, adapterRemoval, clipandmerge, cutadapt, flexbar, trimmomatic, skewer, sortmerna, biobloomtools, fastq_screen, afterqc, fastp, fastqc, minionqc, clusterflow, bcl2fastq, interop, flash
[2019-11-19 15:54:44,693] multiqc                                            [DEBUG  ]  Using temporary directory for creating report: /tmp/tmp_hj_261q
[2019-11-19 15:54:45,408] multiqc                                            [DEBUG  ]  No samples found: custom_content
[2019-11-19 15:54:45,412] multiqc                                            [DEBUG  ]  No samples found: conpair
[2019-11-19 15:54:45,416] multiqc                                            [DEBUG  ]  No samples found: peddy
[2019-11-19 15:54:45,420] multiqc                                            [DEBUG  ]  No samples found: methylQA
[2019-11-19 15:54:45,425] multiqc                                            [DEBUG  ]  No samples found: phantompeakqualtools
[2019-11-19 15:54:45,430] multiqc                                            [DEBUG  ]  No samples found: qualimap
[2019-11-19 15:54:45,435] multiqc                                            [DEBUG  ]  No samples found: preseq
[2019-11-19 15:54:45,440] multiqc                                            [DEBUG  ]  No samples found: quast
[2019-11-19 15:54:45,444] multiqc                                            [DEBUG  ]  No samples found: qorts
[2019-11-19 15:54:45,450] multiqc                                            [DEBUG  ]  No samples found: rna_seqc
[2019-11-19 15:54:45,459] multiqc                                            [DEBUG  ]  No samples found: rsem
[2019-11-19 15:54:45,472] multiqc                                            [DEBUG  ]  No samples found: rseqc
[2019-11-19 15:54:45,478] multiqc                                            [DEBUG  ]  No samples found: busco
[2019-11-19 15:54:45,484] multiqc                                            [DEBUG  ]  No samples found: goleft_indexcov
[2019-11-19 15:54:45,491] multiqc                                            [DEBUG  ]  No samples found: disambiguate
[2019-11-19 15:54:45,498] multiqc                                            [DEBUG  ]  No samples found: supernova
[2019-11-19 15:54:45,511] multiqc                                            [DEBUG  ]  No samples found: deeptools
[2019-11-19 15:54:45,517] multiqc                                            [DEBUG  ]  No samples found: sargasso
[2019-11-19 15:54:45,524] multiqc                                            [DEBUG  ]  No samples found: verifybamid
[2019-11-19 15:54:45,530] multiqc                                            [DEBUG  ]  No samples found: mirtrace
[2019-11-19 15:54:45,537] multiqc                                            [DEBUG  ]  No samples found: happy
[2019-11-19 15:54:45,545] multiqc                                            [DEBUG  ]  No samples found: homer
[2019-11-19 15:54:45,551] multiqc                                            [DEBUG  ]  No samples found: macs2
[2019-11-19 15:54:45,558] multiqc                                            [DEBUG  ]  No samples found: theta2
[2019-11-19 15:54:45,565] multiqc                                            [DEBUG  ]  No samples found: snpeff
[2019-11-19 15:54:45,575] multiqc                                            [DEBUG  ]  No samples found: gatk
[2019-11-19 15:54:45,581] multiqc                                            [DEBUG  ]  No samples found: htseq
[2019-11-19 15:54:45,588] multiqc                                            [DEBUG  ]  No samples found: bcftools
[2019-11-19 15:54:45,595] multiqc                                            [DEBUG  ]  No samples found: featureCounts
[2019-11-19 15:54:45,602] multiqc                                            [DEBUG  ]  No samples found: dedup
[2019-11-19 15:54:45,609] multiqc                                            [DEBUG  ]  No samples found: damageprofiler
[2019-11-19 15:54:45,627] multiqc                                            [DEBUG  ]  No samples found: picard
[2019-11-19 15:54:45,635] multiqc                                            [DEBUG  ]  No samples found: prokka
[2019-11-19 15:54:45,642] multiqc                                            [DEBUG  ]  No samples found: samblaster
[2019-11-19 15:54:45,651] multiqc                                            [DEBUG  ]  No samples found: samtools
[2019-11-19 15:54:45,659] multiqc                                            [DEBUG  ]  No samples found: bamtools
[2019-11-19 15:54:45,665] multiqc                                            [DEBUG  ]  No samples found: jellyfish
[2019-11-19 15:54:45,674] multiqc                                            [DEBUG  ]  No samples found: vcftools
[2019-11-19 15:54:45,681] multiqc                                            [DEBUG  ]  No samples found: longranger
[2019-11-19 15:54:45,689] multiqc                                            [DEBUG  ]  No samples found: stacks
[2019-11-19 15:54:45,710] multiqc                                            [DEBUG  ]  No samples found: bbmap
[2019-11-19 15:54:45,717] multiqc                                            [DEBUG  ]  No samples found: bismark
[2019-11-19 15:54:45,726] multiqc                                            [DEBUG  ]  No samples found: biscuit
[2019-11-19 15:54:45,733] multiqc                                            [DEBUG  ]  No samples found: hicexplorer
[2019-11-19 15:54:45,739] multiqc                                            [DEBUG  ]  No samples found: hicup
[2019-11-19 15:54:45,747] multiqc                                            [DEBUG  ]  No samples found: hicpro
[2019-11-19 15:54:45,753] multiqc                                            [DEBUG  ]  No samples found: salmon
[2019-11-19 15:54:45,760] multiqc                                            [DEBUG  ]  No samples found: kallisto
[2019-11-19 15:54:45,768] multiqc                                            [DEBUG  ]  No samples found: slamdunk
[2019-11-19 15:54:45,775] multiqc                                            [DEBUG  ]  No samples found: star
[2019-11-19 15:54:45,781] multiqc                                            [DEBUG  ]  No samples found: hisat2
[2019-11-19 15:54:45,790] multiqc                                            [DEBUG  ]  No samples found: tophat
[2019-11-19 15:54:45,796] multiqc                                            [DEBUG  ]  No samples found: bowtie2
[2019-11-19 15:54:45,803] multiqc                                            [DEBUG  ]  No samples found: bowtie1
[2019-11-19 15:54:45,810] multiqc                                            [DEBUG  ]  No samples found: kat
[2019-11-19 15:54:45,816] multiqc                                            [DEBUG  ]  No samples found: leehom
[2019-11-19 15:54:45,823] multiqc                                            [DEBUG  ]  No samples found: adapterRemoval
[2019-11-19 15:54:45,830] multiqc                                            [DEBUG  ]  No samples found: clipandmerge
[2019-11-19 15:54:45,834] multiqc                                            [DEBUG  ]  No samples found: cutadapt
[2019-11-19 15:54:45,838] multiqc                                            [DEBUG  ]  No samples found: flexbar
[2019-11-19 15:54:45,842] multiqc                                            [DEBUG  ]  No samples found: trimmomatic
[2019-11-19 15:54:45,847] multiqc                                            [DEBUG  ]  No samples found: skewer
[2019-11-19 15:54:45,851] multiqc                                            [DEBUG  ]  No samples found: sortmerna
[2019-11-19 15:54:45,855] multiqc                                            [DEBUG  ]  No samples found: biobloomtools
[2019-11-19 15:54:45,859] multiqc                                            [DEBUG  ]  No samples found: fastq_screen
[2019-11-19 15:54:45,863] multiqc                                            [DEBUG  ]  No samples found: afterqc
[2019-11-19 15:54:45,867] multiqc                                            [DEBUG  ]  No samples found: fastp
[2019-11-19 15:54:45,875] multiqc.modules.fastqc.fastqc                      [INFO   ]  Found 1 reports
[2019-11-19 15:54:45,916] multiqc                                            [DEBUG  ]  No samples found: minionqc
[2019-11-19 15:54:45,920] multiqc                                            [DEBUG  ]  No samples found: clusterflow
[2019-11-19 15:54:45,925] multiqc                                            [DEBUG  ]  No samples found: bcl2fastq
[2019-11-19 15:54:45,929] multiqc                                            [DEBUG  ]  No samples found: interop
[2019-11-19 15:54:45,933] multiqc                                            [DEBUG  ]  No samples found: flash
[2019-11-19 15:54:45,936] multiqc                                            [INFO   ]  Compressing plot data
[2019-11-19 15:54:45,966] multiqc                                            [INFO   ]  Report      : ../../../../../../../data/multiqc_report.html
[2019-11-19 15:54:45,966] multiqc                                            [INFO   ]  Data        : ../../../../../../../data/multiqc_data
[2019-11-19 15:54:45,966] multiqc                                            [DEBUG  ]  Moving data file from '/tmp/tmp_hj_261q/multiqc_data/multiqc_general_stats.txt' to '/data/multiqc_data'
[2019-11-19 15:54:45,967] multiqc                                            [DEBUG  ]  Moving data file from '/tmp/tmp_hj_261q/multiqc_data/multiqc_fastqc.txt' to '/data/multiqc_data'
[2019-11-19 15:54:45,967] multiqc                                            [DEBUG  ]  Moving data file from '/tmp/tmp_hj_261q/multiqc_data/multiqc_data.json' to '/data/multiqc_data'
[2019-11-19 15:54:45,968] multiqc                                            [DEBUG  ]  Moving data file from '/tmp/tmp_hj_261q/multiqc_data/multiqc_sources.txt' to '/data/multiqc_data'
[2019-11-19 15:54:46,106] multiqc                                            [INFO   ]  MultiQC complete
