[2019-11-19 11:35:59,365] multiqc                                            [DEBUG  ]  No MultiQC config found: /usr/lib/python3.6/site-packages/multiqc-1.7-py3.6.egg/multiqc_config.yaml
[2019-11-19 11:35:59,365] multiqc                                            [DEBUG  ]  No MultiQC config found: /root/.multiqc_config.yaml
[2019-11-19 11:35:59,366] multiqc                                            [DEBUG  ]  No MultiQC config found: multiqc_config.yaml
[2019-11-19 11:35:59,366] multiqc                                            [DEBUG  ]  Command used: /usr/bin/multiqc /data/HG00141.mapped.ILLUMINA.bwa.GBR.low_coverage.20101123_fastqc.zip -o /data
[2019-11-19 11:36:01,482] multiqc                                            [DEBUG  ]  Latest MultiQC version is v1.7
[2019-11-19 11:36:01,482] multiqc                                            [INFO   ]  This is MultiQC v1.7
[2019-11-19 11:36:01,482] multiqc                                            [DEBUG  ]  Command     : /usr/bin/multiqc /data/HG00141.mapped.ILLUMINA.bwa.GBR.low_coverage.20101123_fastqc.zip -o /data
[2019-11-19 11:36:01,482] multiqc                                            [DEBUG  ]  Working dir : /var/lib/toil/toil-9b56b740-ccba-4b13-b998-c6aabca34938-69d14ae953f0400cbe6f0dc87a7486c9/tmp4AtbHi/7eaf7792-fc7b-4e88-b10d-591101fbdbfd/tYCwLKz
[2019-11-19 11:36:01,482] multiqc                                            [INFO   ]  Template    : default
[2019-11-19 11:36:01,482] multiqc                                            [INFO   ]  Searching '/data/HG00141.mapped.ILLUMINA.bwa.GBR.low_coverage.20101123_fastqc.zip'
[2019-11-19 11:36:01,483] multiqc                                            [DEBUG  ]  Analysing modules: custom_content, conpair, peddy, methylQA, phantompeakqualtools, qualimap, preseq, quast, qorts, rna_seqc, rsem, rseqc, busco, goleft_indexcov, disambiguate, supernova, deeptools, sargasso, verifybamid, mirtrace, happy, homer, macs2, theta2, snpeff, gatk, htseq, bcftools, featureCounts, dedup, damageprofiler, picard, prokka, samblaster, samtools, bamtools, jellyfish, vcftools, longranger, stacks, bbmap, bismark, biscuit, hicexplorer, hicup, hicpro, salmon, kallisto, slamdunk, star, hisat2, tophat, bowtie2, bowtie1, kat, leehom, adapterRemoval, clipandmerge, cutadapt, flexbar, trimmomatic, skewer, sortmerna, biobloomtools, fastq_screen, afterqc, fastp, fastqc, minionqc, clusterflow, bcl2fastq, interop, flash
[2019-11-19 11:36:01,483] multiqc                                            [DEBUG  ]  Using temporary directory for creating report: /tmp/tmpmw_cidus
[2019-11-19 11:36:02,191] multiqc                                            [DEBUG  ]  No samples found: custom_content
[2019-11-19 11:36:02,196] multiqc                                            [DEBUG  ]  No samples found: conpair
[2019-11-19 11:36:02,201] multiqc                                            [DEBUG  ]  No samples found: peddy
[2019-11-19 11:36:02,205] multiqc                                            [DEBUG  ]  No samples found: methylQA
[2019-11-19 11:36:02,210] multiqc                                            [DEBUG  ]  No samples found: phantompeakqualtools
[2019-11-19 11:36:02,216] multiqc                                            [DEBUG  ]  No samples found: qualimap
[2019-11-19 11:36:02,221] multiqc                                            [DEBUG  ]  No samples found: preseq
[2019-11-19 11:36:02,225] multiqc                                            [DEBUG  ]  No samples found: quast
[2019-11-19 11:36:02,230] multiqc                                            [DEBUG  ]  No samples found: qorts
[2019-11-19 11:36:02,234] multiqc                                            [DEBUG  ]  No samples found: rna_seqc
[2019-11-19 11:36:02,239] multiqc                                            [DEBUG  ]  No samples found: rsem
[2019-11-19 11:36:02,247] multiqc                                            [DEBUG  ]  No samples found: rseqc
[2019-11-19 11:36:02,251] multiqc                                            [DEBUG  ]  No samples found: busco
[2019-11-19 11:36:02,255] multiqc                                            [DEBUG  ]  No samples found: goleft_indexcov
[2019-11-19 11:36:02,260] multiqc                                            [DEBUG  ]  No samples found: disambiguate
[2019-11-19 11:36:02,265] multiqc                                            [DEBUG  ]  No samples found: supernova
[2019-11-19 11:36:02,274] multiqc                                            [DEBUG  ]  No samples found: deeptools
[2019-11-19 11:36:02,278] multiqc                                            [DEBUG  ]  No samples found: sargasso
[2019-11-19 11:36:02,282] multiqc                                            [DEBUG  ]  No samples found: verifybamid
[2019-11-19 11:36:02,287] multiqc                                            [DEBUG  ]  No samples found: mirtrace
[2019-11-19 11:36:02,292] multiqc                                            [DEBUG  ]  No samples found: happy
[2019-11-19 11:36:02,297] multiqc                                            [DEBUG  ]  No samples found: homer
[2019-11-19 11:36:02,301] multiqc                                            [DEBUG  ]  No samples found: macs2
[2019-11-19 11:36:02,305] multiqc                                            [DEBUG  ]  No samples found: theta2
[2019-11-19 11:36:02,310] multiqc                                            [DEBUG  ]  No samples found: snpeff
[2019-11-19 11:36:02,315] multiqc                                            [DEBUG  ]  No samples found: gatk
[2019-11-19 11:36:02,319] multiqc                                            [DEBUG  ]  No samples found: htseq
[2019-11-19 11:36:02,324] multiqc                                            [DEBUG  ]  No samples found: bcftools
[2019-11-19 11:36:02,329] multiqc                                            [DEBUG  ]  No samples found: featureCounts
[2019-11-19 11:36:02,333] multiqc                                            [DEBUG  ]  No samples found: dedup
[2019-11-19 11:36:02,337] multiqc                                            [DEBUG  ]  No samples found: damageprofiler
[2019-11-19 11:36:02,351] multiqc                                            [DEBUG  ]  No samples found: picard
[2019-11-19 11:36:02,356] multiqc                                            [DEBUG  ]  No samples found: prokka
[2019-11-19 11:36:02,360] multiqc                                            [DEBUG  ]  No samples found: samblaster
[2019-11-19 11:36:02,367] multiqc                                            [DEBUG  ]  No samples found: samtools
[2019-11-19 11:36:02,372] multiqc                                            [DEBUG  ]  No samples found: bamtools
[2019-11-19 11:36:02,377] multiqc                                            [DEBUG  ]  No samples found: jellyfish
[2019-11-19 11:36:02,384] multiqc                                            [DEBUG  ]  No samples found: vcftools
[2019-11-19 11:36:02,388] multiqc                                            [DEBUG  ]  No samples found: longranger
[2019-11-19 11:36:02,393] multiqc                                            [DEBUG  ]  No samples found: stacks
[2019-11-19 11:36:02,404] multiqc                                            [DEBUG  ]  No samples found: bbmap
[2019-11-19 11:36:02,409] multiqc                                            [DEBUG  ]  No samples found: bismark
[2019-11-19 11:36:02,415] multiqc                                            [DEBUG  ]  No samples found: biscuit
[2019-11-19 11:36:02,419] multiqc                                            [DEBUG  ]  No samples found: hicexplorer
[2019-11-19 11:36:02,423] multiqc                                            [DEBUG  ]  No samples found: hicup
[2019-11-19 11:36:02,428] multiqc                                            [DEBUG  ]  No samples found: hicpro
[2019-11-19 11:36:02,433] multiqc                                            [DEBUG  ]  No samples found: salmon
[2019-11-19 11:36:02,437] multiqc                                            [DEBUG  ]  No samples found: kallisto
[2019-11-19 11:36:02,441] multiqc                                            [DEBUG  ]  No samples found: slamdunk
[2019-11-19 11:36:02,446] multiqc                                            [DEBUG  ]  No samples found: star
[2019-11-19 11:36:02,450] multiqc                                            [DEBUG  ]  No samples found: hisat2
[2019-11-19 11:36:02,454] multiqc                                            [DEBUG  ]  No samples found: tophat
[2019-11-19 11:36:02,458] multiqc                                            [DEBUG  ]  No samples found: bowtie2
[2019-11-19 11:36:02,463] multiqc                                            [DEBUG  ]  No samples found: bowtie1
[2019-11-19 11:36:02,467] multiqc                                            [DEBUG  ]  No samples found: kat
[2019-11-19 11:36:02,471] multiqc                                            [DEBUG  ]  No samples found: leehom
[2019-11-19 11:36:02,475] multiqc                                            [DEBUG  ]  No samples found: adapterRemoval
[2019-11-19 11:36:02,480] multiqc                                            [DEBUG  ]  No samples found: clipandmerge
[2019-11-19 11:36:02,485] multiqc                                            [DEBUG  ]  No samples found: cutadapt
[2019-11-19 11:36:02,490] multiqc                                            [DEBUG  ]  No samples found: flexbar
[2019-11-19 11:36:02,495] multiqc                                            [DEBUG  ]  No samples found: trimmomatic
[2019-11-19 11:36:02,499] multiqc                                            [DEBUG  ]  No samples found: skewer
[2019-11-19 11:36:02,504] multiqc                                            [DEBUG  ]  No samples found: sortmerna
[2019-11-19 11:36:02,508] multiqc                                            [DEBUG  ]  No samples found: biobloomtools
[2019-11-19 11:36:02,512] multiqc                                            [DEBUG  ]  No samples found: fastq_screen
[2019-11-19 11:36:02,517] multiqc                                            [DEBUG  ]  No samples found: afterqc
[2019-11-19 11:36:02,521] multiqc                                            [DEBUG  ]  No samples found: fastp
[2019-11-19 11:36:02,529] multiqc.modules.fastqc.fastqc                      [INFO   ]  Found 1 reports
[2019-11-19 11:36:02,584] multiqc                                            [DEBUG  ]  No samples found: minionqc
[2019-11-19 11:36:02,588] multiqc                                            [DEBUG  ]  No samples found: clusterflow
[2019-11-19 11:36:02,592] multiqc                                            [DEBUG  ]  No samples found: bcl2fastq
[2019-11-19 11:36:02,597] multiqc                                            [DEBUG  ]  No samples found: interop
[2019-11-19 11:36:02,601] multiqc                                            [DEBUG  ]  No samples found: flash
[2019-11-19 11:36:02,604] multiqc                                            [INFO   ]  Compressing plot data
[2019-11-19 11:36:02,639] multiqc                                            [INFO   ]  Report      : ../../../../../../../data/multiqc_report.html
[2019-11-19 11:36:02,639] multiqc                                            [INFO   ]  Data        : ../../../../../../../data/multiqc_data
[2019-11-19 11:36:02,639] multiqc                                            [DEBUG  ]  Moving data file from '/tmp/tmpmw_cidus/multiqc_data/multiqc_general_stats.txt' to '/data/multiqc_data'
[2019-11-19 11:36:02,640] multiqc                                            [DEBUG  ]  Moving data file from '/tmp/tmpmw_cidus/multiqc_data/multiqc_fastqc.txt' to '/data/multiqc_data'
[2019-11-19 11:36:02,640] multiqc                                            [DEBUG  ]  Moving data file from '/tmp/tmpmw_cidus/multiqc_data/multiqc_data.json' to '/data/multiqc_data'
[2019-11-19 11:36:02,640] multiqc                                            [DEBUG  ]  Moving data file from '/tmp/tmpmw_cidus/multiqc_data/multiqc_sources.txt' to '/data/multiqc_data'
[2019-11-19 11:36:02,774] multiqc                                            [INFO   ]  MultiQC complete
