[2019-11-19 11:38:35,898] multiqc                                            [DEBUG  ]  No MultiQC config found: /usr/lib/python3.6/site-packages/multiqc-1.7-py3.6.egg/multiqc_config.yaml
[2019-11-19 11:38:35,899] multiqc                                            [DEBUG  ]  No MultiQC config found: /root/.multiqc_config.yaml
[2019-11-19 11:38:35,899] multiqc                                            [DEBUG  ]  No MultiQC config found: multiqc_config.yaml
[2019-11-19 11:38:35,899] multiqc                                            [DEBUG  ]  Command used: /usr/bin/multiqc /data/HG00150.unmapped.ILLUMINA.bwa.GBR.low_coverage.20101123_fastqc.zip -o /data
[2019-11-19 11:38:37,573] multiqc                                            [DEBUG  ]  Latest MultiQC version is v1.7
[2019-11-19 11:38:37,573] multiqc                                            [INFO   ]  This is MultiQC v1.7
[2019-11-19 11:38:37,573] multiqc                                            [DEBUG  ]  Command     : /usr/bin/multiqc /data/HG00150.unmapped.ILLUMINA.bwa.GBR.low_coverage.20101123_fastqc.zip -o /data
[2019-11-19 11:38:37,573] multiqc                                            [DEBUG  ]  Working dir : /var/lib/toil/toil-9b56b740-ccba-4b13-b998-c6aabca34938-69d14ae953f0400cbe6f0dc87a7486c9/tmpcKr48z/affc1fcb-9c5c-48a6-a9b2-5547783aaedc/tDzmppF
[2019-11-19 11:38:37,573] multiqc                                            [INFO   ]  Template    : default
[2019-11-19 11:38:37,573] multiqc                                            [INFO   ]  Searching '/data/HG00150.unmapped.ILLUMINA.bwa.GBR.low_coverage.20101123_fastqc.zip'
[2019-11-19 11:38:37,574] multiqc                                            [DEBUG  ]  Analysing modules: custom_content, conpair, peddy, methylQA, phantompeakqualtools, qualimap, preseq, quast, qorts, rna_seqc, rsem, rseqc, busco, goleft_indexcov, disambiguate, supernova, deeptools, sargasso, verifybamid, mirtrace, happy, homer, macs2, theta2, snpeff, gatk, htseq, bcftools, featureCounts, dedup, damageprofiler, picard, prokka, samblaster, samtools, bamtools, jellyfish, vcftools, longranger, stacks, bbmap, bismark, biscuit, hicexplorer, hicup, hicpro, salmon, kallisto, slamdunk, star, hisat2, tophat, bowtie2, bowtie1, kat, leehom, adapterRemoval, clipandmerge, cutadapt, flexbar, trimmomatic, skewer, sortmerna, biobloomtools, fastq_screen, afterqc, fastp, fastqc, minionqc, clusterflow, bcl2fastq, interop, flash
[2019-11-19 11:38:37,574] multiqc                                            [DEBUG  ]  Using temporary directory for creating report: /tmp/tmpwzjyrycr
[2019-11-19 11:38:38,266] multiqc                                            [DEBUG  ]  No samples found: custom_content
[2019-11-19 11:38:38,271] multiqc                                            [DEBUG  ]  No samples found: conpair
[2019-11-19 11:38:38,275] multiqc                                            [DEBUG  ]  No samples found: peddy
[2019-11-19 11:38:38,279] multiqc                                            [DEBUG  ]  No samples found: methylQA
[2019-11-19 11:38:38,283] multiqc                                            [DEBUG  ]  No samples found: phantompeakqualtools
[2019-11-19 11:38:38,289] multiqc                                            [DEBUG  ]  No samples found: qualimap
[2019-11-19 11:38:38,293] multiqc                                            [DEBUG  ]  No samples found: preseq
[2019-11-19 11:38:38,297] multiqc                                            [DEBUG  ]  No samples found: quast
[2019-11-19 11:38:38,301] multiqc                                            [DEBUG  ]  No samples found: qorts
[2019-11-19 11:38:38,305] multiqc                                            [DEBUG  ]  No samples found: rna_seqc
[2019-11-19 11:38:38,309] multiqc                                            [DEBUG  ]  No samples found: rsem
[2019-11-19 11:38:38,318] multiqc                                            [DEBUG  ]  No samples found: rseqc
[2019-11-19 11:38:38,322] multiqc                                            [DEBUG  ]  No samples found: busco
[2019-11-19 11:38:38,326] multiqc                                            [DEBUG  ]  No samples found: goleft_indexcov
[2019-11-19 11:38:38,330] multiqc                                            [DEBUG  ]  No samples found: disambiguate
[2019-11-19 11:38:38,334] multiqc                                            [DEBUG  ]  No samples found: supernova
[2019-11-19 11:38:38,343] multiqc                                            [DEBUG  ]  No samples found: deeptools
[2019-11-19 11:38:38,347] multiqc                                            [DEBUG  ]  No samples found: sargasso
[2019-11-19 11:38:38,351] multiqc                                            [DEBUG  ]  No samples found: verifybamid
[2019-11-19 11:38:38,355] multiqc                                            [DEBUG  ]  No samples found: mirtrace
[2019-11-19 11:38:38,360] multiqc                                            [DEBUG  ]  No samples found: happy
[2019-11-19 11:38:38,366] multiqc                                            [DEBUG  ]  No samples found: homer
[2019-11-19 11:38:38,371] multiqc                                            [DEBUG  ]  No samples found: macs2
[2019-11-19 11:38:38,375] multiqc                                            [DEBUG  ]  No samples found: theta2
[2019-11-19 11:38:38,379] multiqc                                            [DEBUG  ]  No samples found: snpeff
[2019-11-19 11:38:38,386] multiqc                                            [DEBUG  ]  No samples found: gatk
[2019-11-19 11:38:38,390] multiqc                                            [DEBUG  ]  No samples found: htseq
[2019-11-19 11:38:38,396] multiqc                                            [DEBUG  ]  No samples found: bcftools
[2019-11-19 11:38:38,401] multiqc                                            [DEBUG  ]  No samples found: featureCounts
[2019-11-19 11:38:38,405] multiqc                                            [DEBUG  ]  No samples found: dedup
[2019-11-19 11:38:38,409] multiqc                                            [DEBUG  ]  No samples found: damageprofiler
[2019-11-19 11:38:38,420] multiqc                                            [DEBUG  ]  No samples found: picard
[2019-11-19 11:38:38,424] multiqc                                            [DEBUG  ]  No samples found: prokka
[2019-11-19 11:38:38,428] multiqc                                            [DEBUG  ]  No samples found: samblaster
[2019-11-19 11:38:38,434] multiqc                                            [DEBUG  ]  No samples found: samtools
[2019-11-19 11:38:38,439] multiqc                                            [DEBUG  ]  No samples found: bamtools
[2019-11-19 11:38:38,443] multiqc                                            [DEBUG  ]  No samples found: jellyfish
[2019-11-19 11:38:38,449] multiqc                                            [DEBUG  ]  No samples found: vcftools
[2019-11-19 11:38:38,453] multiqc                                            [DEBUG  ]  No samples found: longranger
[2019-11-19 11:38:38,457] multiqc                                            [DEBUG  ]  No samples found: stacks
[2019-11-19 11:38:38,468] multiqc                                            [DEBUG  ]  No samples found: bbmap
[2019-11-19 11:38:38,472] multiqc                                            [DEBUG  ]  No samples found: bismark
[2019-11-19 11:38:38,478] multiqc                                            [DEBUG  ]  No samples found: biscuit
[2019-11-19 11:38:38,482] multiqc                                            [DEBUG  ]  No samples found: hicexplorer
[2019-11-19 11:38:38,486] multiqc                                            [DEBUG  ]  No samples found: hicup
[2019-11-19 11:38:38,491] multiqc                                            [DEBUG  ]  No samples found: hicpro
[2019-11-19 11:38:38,495] multiqc                                            [DEBUG  ]  No samples found: salmon
[2019-11-19 11:38:38,499] multiqc                                            [DEBUG  ]  No samples found: kallisto
[2019-11-19 11:38:38,504] multiqc                                            [DEBUG  ]  No samples found: slamdunk
[2019-11-19 11:38:38,508] multiqc                                            [DEBUG  ]  No samples found: star
[2019-11-19 11:38:38,512] multiqc                                            [DEBUG  ]  No samples found: hisat2
[2019-11-19 11:38:38,516] multiqc                                            [DEBUG  ]  No samples found: tophat
[2019-11-19 11:38:38,520] multiqc                                            [DEBUG  ]  No samples found: bowtie2
[2019-11-19 11:38:38,524] multiqc                                            [DEBUG  ]  No samples found: bowtie1
[2019-11-19 11:38:38,529] multiqc                                            [DEBUG  ]  No samples found: kat
[2019-11-19 11:38:38,534] multiqc                                            [DEBUG  ]  No samples found: leehom
[2019-11-19 11:38:38,538] multiqc                                            [DEBUG  ]  No samples found: adapterRemoval
[2019-11-19 11:38:38,542] multiqc                                            [DEBUG  ]  No samples found: clipandmerge
[2019-11-19 11:38:38,547] multiqc                                            [DEBUG  ]  No samples found: cutadapt
[2019-11-19 11:38:38,551] multiqc                                            [DEBUG  ]  No samples found: flexbar
[2019-11-19 11:38:38,554] multiqc                                            [DEBUG  ]  No samples found: trimmomatic
[2019-11-19 11:38:38,558] multiqc                                            [DEBUG  ]  No samples found: skewer
[2019-11-19 11:38:38,562] multiqc                                            [DEBUG  ]  No samples found: sortmerna
[2019-11-19 11:38:38,566] multiqc                                            [DEBUG  ]  No samples found: biobloomtools
[2019-11-19 11:38:38,570] multiqc                                            [DEBUG  ]  No samples found: fastq_screen
[2019-11-19 11:38:38,574] multiqc                                            [DEBUG  ]  No samples found: afterqc
[2019-11-19 11:38:38,578] multiqc                                            [DEBUG  ]  No samples found: fastp
[2019-11-19 11:38:38,586] multiqc.modules.fastqc.fastqc                      [INFO   ]  Found 1 reports
[2019-11-19 11:38:38,638] multiqc                                            [DEBUG  ]  No samples found: minionqc
[2019-11-19 11:38:38,643] multiqc                                            [DEBUG  ]  No samples found: clusterflow
[2019-11-19 11:38:38,648] multiqc                                            [DEBUG  ]  No samples found: bcl2fastq
[2019-11-19 11:38:38,653] multiqc                                            [DEBUG  ]  No samples found: interop
[2019-11-19 11:38:38,658] multiqc                                            [DEBUG  ]  No samples found: flash
[2019-11-19 11:38:38,660] multiqc                                            [INFO   ]  Compressing plot data
[2019-11-19 11:38:38,694] multiqc                                            [INFO   ]  Report      : ../../../../../../../data/multiqc_report.html
[2019-11-19 11:38:38,694] multiqc                                            [INFO   ]  Data        : ../../../../../../../data/multiqc_data
[2019-11-19 11:38:38,694] multiqc                                            [DEBUG  ]  Moving data file from '/tmp/tmpwzjyrycr/multiqc_data/multiqc_general_stats.txt' to '/data/multiqc_data'
[2019-11-19 11:38:38,695] multiqc                                            [DEBUG  ]  Moving data file from '/tmp/tmpwzjyrycr/multiqc_data/multiqc_fastqc.txt' to '/data/multiqc_data'
[2019-11-19 11:38:38,695] multiqc                                            [DEBUG  ]  Moving data file from '/tmp/tmpwzjyrycr/multiqc_data/multiqc_data.json' to '/data/multiqc_data'
[2019-11-19 11:38:38,695] multiqc                                            [DEBUG  ]  Moving data file from '/tmp/tmpwzjyrycr/multiqc_data/multiqc_sources.txt' to '/data/multiqc_data'
[2019-11-19 11:38:38,826] multiqc                                            [INFO   ]  MultiQC complete
