[2019-11-19 11:20:16,818] multiqc                                            [DEBUG  ]  No MultiQC config found: /usr/lib/python3.6/site-packages/multiqc-1.7-py3.6.egg/multiqc_config.yaml
[2019-11-19 11:20:16,818] multiqc                                            [DEBUG  ]  No MultiQC config found: /root/.multiqc_config.yaml
[2019-11-19 11:20:16,818] multiqc                                            [DEBUG  ]  No MultiQC config found: multiqc_config.yaml
[2019-11-19 11:20:16,818] multiqc                                            [DEBUG  ]  Command used: /usr/bin/multiqc /data/HG00146.unmapped.ILLUMINA.bwa.GBR.low_coverage.20101123_fastqc.zip -o /data
[2019-11-19 11:20:18,608] multiqc                                            [DEBUG  ]  Latest MultiQC version is v1.7
[2019-11-19 11:20:18,608] multiqc                                            [INFO   ]  This is MultiQC v1.7
[2019-11-19 11:20:18,608] multiqc                                            [DEBUG  ]  Command     : /usr/bin/multiqc /data/HG00146.unmapped.ILLUMINA.bwa.GBR.low_coverage.20101123_fastqc.zip -o /data
[2019-11-19 11:20:18,608] multiqc                                            [DEBUG  ]  Working dir : /var/lib/toil/toil-9b56b740-ccba-4b13-b998-c6aabca34938-69d14ae953f0400cbe6f0dc87a7486c9/tmpMUJ7PE/4243ac57-f555-407e-8a05-2c584505e814/tYD2obG
[2019-11-19 11:20:18,608] multiqc                                            [INFO   ]  Template    : default
[2019-11-19 11:20:18,608] multiqc                                            [INFO   ]  Searching '/data/HG00146.unmapped.ILLUMINA.bwa.GBR.low_coverage.20101123_fastqc.zip'
[2019-11-19 11:20:18,609] multiqc                                            [DEBUG  ]  Analysing modules: custom_content, conpair, peddy, methylQA, phantompeakqualtools, qualimap, preseq, quast, qorts, rna_seqc, rsem, rseqc, busco, goleft_indexcov, disambiguate, supernova, deeptools, sargasso, verifybamid, mirtrace, happy, homer, macs2, theta2, snpeff, gatk, htseq, bcftools, featureCounts, dedup, damageprofiler, picard, prokka, samblaster, samtools, bamtools, jellyfish, vcftools, longranger, stacks, bbmap, bismark, biscuit, hicexplorer, hicup, hicpro, salmon, kallisto, slamdunk, star, hisat2, tophat, bowtie2, bowtie1, kat, leehom, adapterRemoval, clipandmerge, cutadapt, flexbar, trimmomatic, skewer, sortmerna, biobloomtools, fastq_screen, afterqc, fastp, fastqc, minionqc, clusterflow, bcl2fastq, interop, flash
[2019-11-19 11:20:18,609] multiqc                                            [DEBUG  ]  Using temporary directory for creating report: /tmp/tmp_wa1ya2f
[2019-11-19 11:20:19,357] multiqc                                            [DEBUG  ]  No samples found: custom_content
[2019-11-19 11:20:19,362] multiqc                                            [DEBUG  ]  No samples found: conpair
[2019-11-19 11:20:19,367] multiqc                                            [DEBUG  ]  No samples found: peddy
[2019-11-19 11:20:19,371] multiqc                                            [DEBUG  ]  No samples found: methylQA
[2019-11-19 11:20:19,375] multiqc                                            [DEBUG  ]  No samples found: phantompeakqualtools
[2019-11-19 11:20:19,381] multiqc                                            [DEBUG  ]  No samples found: qualimap
[2019-11-19 11:20:19,385] multiqc                                            [DEBUG  ]  No samples found: preseq
[2019-11-19 11:20:19,391] multiqc                                            [DEBUG  ]  No samples found: quast
[2019-11-19 11:20:19,398] multiqc                                            [DEBUG  ]  No samples found: qorts
[2019-11-19 11:20:19,404] multiqc                                            [DEBUG  ]  No samples found: rna_seqc
[2019-11-19 11:20:19,408] multiqc                                            [DEBUG  ]  No samples found: rsem
[2019-11-19 11:20:19,421] multiqc                                            [DEBUG  ]  No samples found: rseqc
[2019-11-19 11:20:19,425] multiqc                                            [DEBUG  ]  No samples found: busco
[2019-11-19 11:20:19,430] multiqc                                            [DEBUG  ]  No samples found: goleft_indexcov
[2019-11-19 11:20:19,435] multiqc                                            [DEBUG  ]  No samples found: disambiguate
[2019-11-19 11:20:19,439] multiqc                                            [DEBUG  ]  No samples found: supernova
[2019-11-19 11:20:19,448] multiqc                                            [DEBUG  ]  No samples found: deeptools
[2019-11-19 11:20:19,453] multiqc                                            [DEBUG  ]  No samples found: sargasso
[2019-11-19 11:20:19,457] multiqc                                            [DEBUG  ]  No samples found: verifybamid
[2019-11-19 11:20:19,462] multiqc                                            [DEBUG  ]  No samples found: mirtrace
[2019-11-19 11:20:19,466] multiqc                                            [DEBUG  ]  No samples found: happy
[2019-11-19 11:20:19,472] multiqc                                            [DEBUG  ]  No samples found: homer
[2019-11-19 11:20:19,476] multiqc                                            [DEBUG  ]  No samples found: macs2
[2019-11-19 11:20:19,480] multiqc                                            [DEBUG  ]  No samples found: theta2
[2019-11-19 11:20:19,484] multiqc                                            [DEBUG  ]  No samples found: snpeff
[2019-11-19 11:20:19,490] multiqc                                            [DEBUG  ]  No samples found: gatk
[2019-11-19 11:20:19,495] multiqc                                            [DEBUG  ]  No samples found: htseq
[2019-11-19 11:20:19,500] multiqc                                            [DEBUG  ]  No samples found: bcftools
[2019-11-19 11:20:19,504] multiqc                                            [DEBUG  ]  No samples found: featureCounts
[2019-11-19 11:20:19,508] multiqc                                            [DEBUG  ]  No samples found: dedup
[2019-11-19 11:20:19,513] multiqc                                            [DEBUG  ]  No samples found: damageprofiler
[2019-11-19 11:20:19,525] multiqc                                            [DEBUG  ]  No samples found: picard
[2019-11-19 11:20:19,530] multiqc                                            [DEBUG  ]  No samples found: prokka
[2019-11-19 11:20:19,536] multiqc                                            [DEBUG  ]  No samples found: samblaster
[2019-11-19 11:20:19,543] multiqc                                            [DEBUG  ]  No samples found: samtools
[2019-11-19 11:20:19,548] multiqc                                            [DEBUG  ]  No samples found: bamtools
[2019-11-19 11:20:19,552] multiqc                                            [DEBUG  ]  No samples found: jellyfish
[2019-11-19 11:20:19,559] multiqc                                            [DEBUG  ]  No samples found: vcftools
[2019-11-19 11:20:19,564] multiqc                                            [DEBUG  ]  No samples found: longranger
[2019-11-19 11:20:19,569] multiqc                                            [DEBUG  ]  No samples found: stacks
[2019-11-19 11:20:19,581] multiqc                                            [DEBUG  ]  No samples found: bbmap
[2019-11-19 11:20:19,585] multiqc                                            [DEBUG  ]  No samples found: bismark
[2019-11-19 11:20:19,591] multiqc                                            [DEBUG  ]  No samples found: biscuit
[2019-11-19 11:20:19,595] multiqc                                            [DEBUG  ]  No samples found: hicexplorer
[2019-11-19 11:20:19,600] multiqc                                            [DEBUG  ]  No samples found: hicup
[2019-11-19 11:20:19,604] multiqc                                            [DEBUG  ]  No samples found: hicpro
[2019-11-19 11:20:19,608] multiqc                                            [DEBUG  ]  No samples found: salmon
[2019-11-19 11:20:19,613] multiqc                                            [DEBUG  ]  No samples found: kallisto
[2019-11-19 11:20:19,617] multiqc                                            [DEBUG  ]  No samples found: slamdunk
[2019-11-19 11:20:19,622] multiqc                                            [DEBUG  ]  No samples found: star
[2019-11-19 11:20:19,626] multiqc                                            [DEBUG  ]  No samples found: hisat2
[2019-11-19 11:20:19,630] multiqc                                            [DEBUG  ]  No samples found: tophat
[2019-11-19 11:20:19,635] multiqc                                            [DEBUG  ]  No samples found: bowtie2
[2019-11-19 11:20:19,639] multiqc                                            [DEBUG  ]  No samples found: bowtie1
[2019-11-19 11:20:19,644] multiqc                                            [DEBUG  ]  No samples found: kat
[2019-11-19 11:20:19,648] multiqc                                            [DEBUG  ]  No samples found: leehom
[2019-11-19 11:20:19,652] multiqc                                            [DEBUG  ]  No samples found: adapterRemoval
[2019-11-19 11:20:19,657] multiqc                                            [DEBUG  ]  No samples found: clipandmerge
[2019-11-19 11:20:19,661] multiqc                                            [DEBUG  ]  No samples found: cutadapt
[2019-11-19 11:20:19,666] multiqc                                            [DEBUG  ]  No samples found: flexbar
[2019-11-19 11:20:19,670] multiqc                                            [DEBUG  ]  No samples found: trimmomatic
[2019-11-19 11:20:19,675] multiqc                                            [DEBUG  ]  No samples found: skewer
[2019-11-19 11:20:19,680] multiqc                                            [DEBUG  ]  No samples found: sortmerna
[2019-11-19 11:20:19,684] multiqc                                            [DEBUG  ]  No samples found: biobloomtools
[2019-11-19 11:20:19,689] multiqc                                            [DEBUG  ]  No samples found: fastq_screen
[2019-11-19 11:20:19,693] multiqc                                            [DEBUG  ]  No samples found: afterqc
[2019-11-19 11:20:19,699] multiqc                                            [DEBUG  ]  No samples found: fastp
[2019-11-19 11:20:19,708] multiqc.modules.fastqc.fastqc                      [INFO   ]  Found 1 reports
[2019-11-19 11:20:19,770] multiqc                                            [DEBUG  ]  No samples found: minionqc
[2019-11-19 11:20:19,775] multiqc                                            [DEBUG  ]  No samples found: clusterflow
[2019-11-19 11:20:19,781] multiqc                                            [DEBUG  ]  No samples found: bcl2fastq
[2019-11-19 11:20:19,786] multiqc                                            [DEBUG  ]  No samples found: interop
[2019-11-19 11:20:19,790] multiqc                                            [DEBUG  ]  No samples found: flash
[2019-11-19 11:20:19,793] multiqc                                            [INFO   ]  Compressing plot data
[2019-11-19 11:20:19,823] multiqc                                            [INFO   ]  Report      : ../../../../../../../data/multiqc_report.html
[2019-11-19 11:20:19,823] multiqc                                            [INFO   ]  Data        : ../../../../../../../data/multiqc_data
[2019-11-19 11:20:19,823] multiqc                                            [DEBUG  ]  Moving data file from '/tmp/tmp_wa1ya2f/multiqc_data/multiqc_general_stats.txt' to '/data/multiqc_data'
[2019-11-19 11:20:19,823] multiqc                                            [DEBUG  ]  Moving data file from '/tmp/tmp_wa1ya2f/multiqc_data/multiqc_fastqc.txt' to '/data/multiqc_data'
[2019-11-19 11:20:19,824] multiqc                                            [DEBUG  ]  Moving data file from '/tmp/tmp_wa1ya2f/multiqc_data/multiqc_data.json' to '/data/multiqc_data'
[2019-11-19 11:20:19,824] multiqc                                            [DEBUG  ]  Moving data file from '/tmp/tmp_wa1ya2f/multiqc_data/multiqc_sources.txt' to '/data/multiqc_data'
[2019-11-19 11:20:19,962] multiqc                                            [INFO   ]  MultiQC complete
