[2019-11-19 11:00:38,620] multiqc                                            [DEBUG  ]  No MultiQC config found: /usr/lib/python3.6/site-packages/multiqc-1.7-py3.6.egg/multiqc_config.yaml
[2019-11-19 11:00:38,620] multiqc                                            [DEBUG  ]  No MultiQC config found: /root/.multiqc_config.yaml
[2019-11-19 11:00:38,620] multiqc                                            [DEBUG  ]  No MultiQC config found: multiqc_config.yaml
[2019-11-19 11:00:38,620] multiqc                                            [DEBUG  ]  Command used: /usr/bin/multiqc /data/HG00136.mapped.ILLUMINA.bwa.GBR.low_coverage.20101123_fastqc.zip -o /data
[2019-11-19 11:00:40,369] multiqc                                            [DEBUG  ]  Latest MultiQC version is v1.7
[2019-11-19 11:00:40,370] multiqc                                            [INFO   ]  This is MultiQC v1.7
[2019-11-19 11:00:40,370] multiqc                                            [DEBUG  ]  Command     : /usr/bin/multiqc /data/HG00136.mapped.ILLUMINA.bwa.GBR.low_coverage.20101123_fastqc.zip -o /data
[2019-11-19 11:00:40,370] multiqc                                            [DEBUG  ]  Working dir : /var/lib/toil/toil-9b56b740-ccba-4b13-b998-c6aabca34938-69d14ae953f0400cbe6f0dc87a7486c9/tmpCVIuag/96f777e8-467c-4636-828a-f45fd4d2300c/toL7xd8
[2019-11-19 11:00:40,370] multiqc                                            [INFO   ]  Template    : default
[2019-11-19 11:00:40,370] multiqc                                            [INFO   ]  Searching '/data/HG00136.mapped.ILLUMINA.bwa.GBR.low_coverage.20101123_fastqc.zip'
[2019-11-19 11:00:40,370] multiqc                                            [DEBUG  ]  Analysing modules: custom_content, conpair, peddy, methylQA, phantompeakqualtools, qualimap, preseq, quast, qorts, rna_seqc, rsem, rseqc, busco, goleft_indexcov, disambiguate, supernova, deeptools, sargasso, verifybamid, mirtrace, happy, homer, macs2, theta2, snpeff, gatk, htseq, bcftools, featureCounts, dedup, damageprofiler, picard, prokka, samblaster, samtools, bamtools, jellyfish, vcftools, longranger, stacks, bbmap, bismark, biscuit, hicexplorer, hicup, hicpro, salmon, kallisto, slamdunk, star, hisat2, tophat, bowtie2, bowtie1, kat, leehom, adapterRemoval, clipandmerge, cutadapt, flexbar, trimmomatic, skewer, sortmerna, biobloomtools, fastq_screen, afterqc, fastp, fastqc, minionqc, clusterflow, bcl2fastq, interop, flash
[2019-11-19 11:00:40,370] multiqc                                            [DEBUG  ]  Using temporary directory for creating report: /tmp/tmpi883svtc
[2019-11-19 11:00:41,068] multiqc                                            [DEBUG  ]  No samples found: custom_content
[2019-11-19 11:00:41,072] multiqc                                            [DEBUG  ]  No samples found: conpair
[2019-11-19 11:00:41,076] multiqc                                            [DEBUG  ]  No samples found: peddy
[2019-11-19 11:00:41,080] multiqc                                            [DEBUG  ]  No samples found: methylQA
[2019-11-19 11:00:41,085] multiqc                                            [DEBUG  ]  No samples found: phantompeakqualtools
[2019-11-19 11:00:41,092] multiqc                                            [DEBUG  ]  No samples found: qualimap
[2019-11-19 11:00:41,096] multiqc                                            [DEBUG  ]  No samples found: preseq
[2019-11-19 11:00:41,100] multiqc                                            [DEBUG  ]  No samples found: quast
[2019-11-19 11:00:41,104] multiqc                                            [DEBUG  ]  No samples found: qorts
[2019-11-19 11:00:41,108] multiqc                                            [DEBUG  ]  No samples found: rna_seqc
[2019-11-19 11:00:41,113] multiqc                                            [DEBUG  ]  No samples found: rsem
[2019-11-19 11:00:41,122] multiqc                                            [DEBUG  ]  No samples found: rseqc
[2019-11-19 11:00:41,127] multiqc                                            [DEBUG  ]  No samples found: busco
[2019-11-19 11:00:41,132] multiqc                                            [DEBUG  ]  No samples found: goleft_indexcov
[2019-11-19 11:00:41,136] multiqc                                            [DEBUG  ]  No samples found: disambiguate
[2019-11-19 11:00:41,141] multiqc                                            [DEBUG  ]  No samples found: supernova
[2019-11-19 11:00:41,151] multiqc                                            [DEBUG  ]  No samples found: deeptools
[2019-11-19 11:00:41,155] multiqc                                            [DEBUG  ]  No samples found: sargasso
[2019-11-19 11:00:41,159] multiqc                                            [DEBUG  ]  No samples found: verifybamid
[2019-11-19 11:00:41,163] multiqc                                            [DEBUG  ]  No samples found: mirtrace
[2019-11-19 11:00:41,168] multiqc                                            [DEBUG  ]  No samples found: happy
[2019-11-19 11:00:41,173] multiqc                                            [DEBUG  ]  No samples found: homer
[2019-11-19 11:00:41,177] multiqc                                            [DEBUG  ]  No samples found: macs2
[2019-11-19 11:00:41,181] multiqc                                            [DEBUG  ]  No samples found: theta2
[2019-11-19 11:00:41,185] multiqc                                            [DEBUG  ]  No samples found: snpeff
[2019-11-19 11:00:41,191] multiqc                                            [DEBUG  ]  No samples found: gatk
[2019-11-19 11:00:41,195] multiqc                                            [DEBUG  ]  No samples found: htseq
[2019-11-19 11:00:41,199] multiqc                                            [DEBUG  ]  No samples found: bcftools
[2019-11-19 11:00:41,203] multiqc                                            [DEBUG  ]  No samples found: featureCounts
[2019-11-19 11:00:41,207] multiqc                                            [DEBUG  ]  No samples found: dedup
[2019-11-19 11:00:41,211] multiqc                                            [DEBUG  ]  No samples found: damageprofiler
[2019-11-19 11:00:41,223] multiqc                                            [DEBUG  ]  No samples found: picard
[2019-11-19 11:00:41,228] multiqc                                            [DEBUG  ]  No samples found: prokka
[2019-11-19 11:00:41,232] multiqc                                            [DEBUG  ]  No samples found: samblaster
[2019-11-19 11:00:41,239] multiqc                                            [DEBUG  ]  No samples found: samtools
[2019-11-19 11:00:41,244] multiqc                                            [DEBUG  ]  No samples found: bamtools
[2019-11-19 11:00:41,248] multiqc                                            [DEBUG  ]  No samples found: jellyfish
[2019-11-19 11:00:41,254] multiqc                                            [DEBUG  ]  No samples found: vcftools
[2019-11-19 11:00:41,258] multiqc                                            [DEBUG  ]  No samples found: longranger
[2019-11-19 11:00:41,263] multiqc                                            [DEBUG  ]  No samples found: stacks
[2019-11-19 11:00:41,274] multiqc                                            [DEBUG  ]  No samples found: bbmap
[2019-11-19 11:00:41,280] multiqc                                            [DEBUG  ]  No samples found: bismark
[2019-11-19 11:00:41,285] multiqc                                            [DEBUG  ]  No samples found: biscuit
[2019-11-19 11:00:41,289] multiqc                                            [DEBUG  ]  No samples found: hicexplorer
[2019-11-19 11:00:41,294] multiqc                                            [DEBUG  ]  No samples found: hicup
[2019-11-19 11:00:41,298] multiqc                                            [DEBUG  ]  No samples found: hicpro
[2019-11-19 11:00:41,302] multiqc                                            [DEBUG  ]  No samples found: salmon
[2019-11-19 11:00:41,306] multiqc                                            [DEBUG  ]  No samples found: kallisto
[2019-11-19 11:00:41,310] multiqc                                            [DEBUG  ]  No samples found: slamdunk
[2019-11-19 11:00:41,314] multiqc                                            [DEBUG  ]  No samples found: star
[2019-11-19 11:00:41,318] multiqc                                            [DEBUG  ]  No samples found: hisat2
[2019-11-19 11:00:41,322] multiqc                                            [DEBUG  ]  No samples found: tophat
[2019-11-19 11:00:41,326] multiqc                                            [DEBUG  ]  No samples found: bowtie2
[2019-11-19 11:00:41,330] multiqc                                            [DEBUG  ]  No samples found: bowtie1
[2019-11-19 11:00:41,334] multiqc                                            [DEBUG  ]  No samples found: kat
[2019-11-19 11:00:41,338] multiqc                                            [DEBUG  ]  No samples found: leehom
[2019-11-19 11:00:41,342] multiqc                                            [DEBUG  ]  No samples found: adapterRemoval
[2019-11-19 11:00:41,346] multiqc                                            [DEBUG  ]  No samples found: clipandmerge
[2019-11-19 11:00:41,350] multiqc                                            [DEBUG  ]  No samples found: cutadapt
[2019-11-19 11:00:41,354] multiqc                                            [DEBUG  ]  No samples found: flexbar
[2019-11-19 11:00:41,358] multiqc                                            [DEBUG  ]  No samples found: trimmomatic
[2019-11-19 11:00:41,364] multiqc                                            [DEBUG  ]  No samples found: skewer
[2019-11-19 11:00:41,369] multiqc                                            [DEBUG  ]  No samples found: sortmerna
[2019-11-19 11:00:41,373] multiqc                                            [DEBUG  ]  No samples found: biobloomtools
[2019-11-19 11:00:41,377] multiqc                                            [DEBUG  ]  No samples found: fastq_screen
[2019-11-19 11:00:41,381] multiqc                                            [DEBUG  ]  No samples found: afterqc
[2019-11-19 11:00:41,385] multiqc                                            [DEBUG  ]  No samples found: fastp
[2019-11-19 11:00:41,392] multiqc.modules.fastqc.fastqc                      [INFO   ]  Found 1 reports
[2019-11-19 11:00:41,446] multiqc                                            [DEBUG  ]  No samples found: minionqc
[2019-11-19 11:00:41,451] multiqc                                            [DEBUG  ]  No samples found: clusterflow
[2019-11-19 11:00:41,455] multiqc                                            [DEBUG  ]  No samples found: bcl2fastq
[2019-11-19 11:00:41,459] multiqc                                            [DEBUG  ]  No samples found: interop
[2019-11-19 11:00:41,463] multiqc                                            [DEBUG  ]  No samples found: flash
[2019-11-19 11:00:41,466] multiqc                                            [INFO   ]  Compressing plot data
[2019-11-19 11:00:41,493] multiqc                                            [INFO   ]  Report      : ../../../../../../../data/multiqc_report.html
[2019-11-19 11:00:41,493] multiqc                                            [INFO   ]  Data        : ../../../../../../../data/multiqc_data
[2019-11-19 11:00:41,493] multiqc                                            [DEBUG  ]  Moving data file from '/tmp/tmpi883svtc/multiqc_data/multiqc_general_stats.txt' to '/data/multiqc_data'
[2019-11-19 11:00:41,494] multiqc                                            [DEBUG  ]  Moving data file from '/tmp/tmpi883svtc/multiqc_data/multiqc_fastqc.txt' to '/data/multiqc_data'
[2019-11-19 11:00:41,494] multiqc                                            [DEBUG  ]  Moving data file from '/tmp/tmpi883svtc/multiqc_data/multiqc_data.json' to '/data/multiqc_data'
[2019-11-19 11:00:41,494] multiqc                                            [DEBUG  ]  Moving data file from '/tmp/tmpi883svtc/multiqc_data/multiqc_sources.txt' to '/data/multiqc_data'
[2019-11-19 11:00:41,624] multiqc                                            [INFO   ]  MultiQC complete
