[2019-11-19 15:35:27,480] multiqc                                            [DEBUG  ]  No MultiQC config found: /usr/lib/python3.6/site-packages/multiqc-1.7-py3.6.egg/multiqc_config.yaml
[2019-11-19 15:35:27,480] multiqc                                            [DEBUG  ]  No MultiQC config found: /root/.multiqc_config.yaml
[2019-11-19 15:35:27,480] multiqc                                            [DEBUG  ]  No MultiQC config found: multiqc_config.yaml
[2019-11-19 15:35:27,480] multiqc                                            [DEBUG  ]  Command used: /usr/bin/multiqc /data/HG00247.mapped.ILLUMINA.bwa.GBR.low_coverage.20101123_fastqc.zip -o /data
[2019-11-19 15:35:29,306] multiqc                                            [DEBUG  ]  Latest MultiQC version is v1.7
[2019-11-19 15:35:29,306] multiqc                                            [INFO   ]  This is MultiQC v1.7
[2019-11-19 15:35:29,306] multiqc                                            [DEBUG  ]  Command     : /usr/bin/multiqc /data/HG00247.mapped.ILLUMINA.bwa.GBR.low_coverage.20101123_fastqc.zip -o /data
[2019-11-19 15:35:29,306] multiqc                                            [DEBUG  ]  Working dir : /var/lib/toil/toil-9b56b740-ccba-4b13-b998-c6aabca34938-69d14ae953f0400cbe6f0dc87a7486c9/tmp7s6Tvz/b4b0740c-807d-443e-adc2-b94a15ebfeef/tRYhHD0
[2019-11-19 15:35:29,306] multiqc                                            [INFO   ]  Template    : default
[2019-11-19 15:35:29,306] multiqc                                            [INFO   ]  Searching '/data/HG00247.mapped.ILLUMINA.bwa.GBR.low_coverage.20101123_fastqc.zip'
[2019-11-19 15:35:29,306] multiqc                                            [DEBUG  ]  Analysing modules: custom_content, conpair, peddy, methylQA, phantompeakqualtools, qualimap, preseq, quast, qorts, rna_seqc, rsem, rseqc, busco, goleft_indexcov, disambiguate, supernova, deeptools, sargasso, verifybamid, mirtrace, happy, homer, macs2, theta2, snpeff, gatk, htseq, bcftools, featureCounts, dedup, damageprofiler, picard, prokka, samblaster, samtools, bamtools, jellyfish, vcftools, longranger, stacks, bbmap, bismark, biscuit, hicexplorer, hicup, hicpro, salmon, kallisto, slamdunk, star, hisat2, tophat, bowtie2, bowtie1, kat, leehom, adapterRemoval, clipandmerge, cutadapt, flexbar, trimmomatic, skewer, sortmerna, biobloomtools, fastq_screen, afterqc, fastp, fastqc, minionqc, clusterflow, bcl2fastq, interop, flash
[2019-11-19 15:35:29,307] multiqc                                            [DEBUG  ]  Using temporary directory for creating report: /tmp/tmp4pblq_l3
[2019-11-19 15:35:30,000] multiqc                                            [DEBUG  ]  No samples found: custom_content
[2019-11-19 15:35:30,004] multiqc                                            [DEBUG  ]  No samples found: conpair
[2019-11-19 15:35:30,009] multiqc                                            [DEBUG  ]  No samples found: peddy
[2019-11-19 15:35:30,013] multiqc                                            [DEBUG  ]  No samples found: methylQA
[2019-11-19 15:35:30,018] multiqc                                            [DEBUG  ]  No samples found: phantompeakqualtools
[2019-11-19 15:35:30,024] multiqc                                            [DEBUG  ]  No samples found: qualimap
[2019-11-19 15:35:30,029] multiqc                                            [DEBUG  ]  No samples found: preseq
[2019-11-19 15:35:30,034] multiqc                                            [DEBUG  ]  No samples found: quast
[2019-11-19 15:35:30,038] multiqc                                            [DEBUG  ]  No samples found: qorts
[2019-11-19 15:35:30,042] multiqc                                            [DEBUG  ]  No samples found: rna_seqc
[2019-11-19 15:35:30,046] multiqc                                            [DEBUG  ]  No samples found: rsem
[2019-11-19 15:35:30,054] multiqc                                            [DEBUG  ]  No samples found: rseqc
[2019-11-19 15:35:30,058] multiqc                                            [DEBUG  ]  No samples found: busco
[2019-11-19 15:35:30,062] multiqc                                            [DEBUG  ]  No samples found: goleft_indexcov
[2019-11-19 15:35:30,066] multiqc                                            [DEBUG  ]  No samples found: disambiguate
[2019-11-19 15:35:30,070] multiqc                                            [DEBUG  ]  No samples found: supernova
[2019-11-19 15:35:30,079] multiqc                                            [DEBUG  ]  No samples found: deeptools
[2019-11-19 15:35:30,083] multiqc                                            [DEBUG  ]  No samples found: sargasso
[2019-11-19 15:35:30,088] multiqc                                            [DEBUG  ]  No samples found: verifybamid
[2019-11-19 15:35:30,092] multiqc                                            [DEBUG  ]  No samples found: mirtrace
[2019-11-19 15:35:30,096] multiqc                                            [DEBUG  ]  No samples found: happy
[2019-11-19 15:35:30,101] multiqc                                            [DEBUG  ]  No samples found: homer
[2019-11-19 15:35:30,105] multiqc                                            [DEBUG  ]  No samples found: macs2
[2019-11-19 15:35:30,109] multiqc                                            [DEBUG  ]  No samples found: theta2
[2019-11-19 15:35:30,113] multiqc                                            [DEBUG  ]  No samples found: snpeff
[2019-11-19 15:35:30,120] multiqc                                            [DEBUG  ]  No samples found: gatk
[2019-11-19 15:35:30,124] multiqc                                            [DEBUG  ]  No samples found: htseq
[2019-11-19 15:35:30,129] multiqc                                            [DEBUG  ]  No samples found: bcftools
[2019-11-19 15:35:30,133] multiqc                                            [DEBUG  ]  No samples found: featureCounts
[2019-11-19 15:35:30,137] multiqc                                            [DEBUG  ]  No samples found: dedup
[2019-11-19 15:35:30,141] multiqc                                            [DEBUG  ]  No samples found: damageprofiler
[2019-11-19 15:35:30,153] multiqc                                            [DEBUG  ]  No samples found: picard
[2019-11-19 15:35:30,159] multiqc                                            [DEBUG  ]  No samples found: prokka
[2019-11-19 15:35:30,164] multiqc                                            [DEBUG  ]  No samples found: samblaster
[2019-11-19 15:35:30,172] multiqc                                            [DEBUG  ]  No samples found: samtools
[2019-11-19 15:35:30,176] multiqc                                            [DEBUG  ]  No samples found: bamtools
[2019-11-19 15:35:30,180] multiqc                                            [DEBUG  ]  No samples found: jellyfish
[2019-11-19 15:35:30,186] multiqc                                            [DEBUG  ]  No samples found: vcftools
[2019-11-19 15:35:30,190] multiqc                                            [DEBUG  ]  No samples found: longranger
[2019-11-19 15:35:30,194] multiqc                                            [DEBUG  ]  No samples found: stacks
[2019-11-19 15:35:30,204] multiqc                                            [DEBUG  ]  No samples found: bbmap
[2019-11-19 15:35:30,209] multiqc                                            [DEBUG  ]  No samples found: bismark
[2019-11-19 15:35:30,213] multiqc                                            [DEBUG  ]  No samples found: biscuit
[2019-11-19 15:35:30,217] multiqc                                            [DEBUG  ]  No samples found: hicexplorer
[2019-11-19 15:35:30,221] multiqc                                            [DEBUG  ]  No samples found: hicup
[2019-11-19 15:35:30,226] multiqc                                            [DEBUG  ]  No samples found: hicpro
[2019-11-19 15:35:30,230] multiqc                                            [DEBUG  ]  No samples found: salmon
[2019-11-19 15:35:30,234] multiqc                                            [DEBUG  ]  No samples found: kallisto
[2019-11-19 15:35:30,238] multiqc                                            [DEBUG  ]  No samples found: slamdunk
[2019-11-19 15:35:30,242] multiqc                                            [DEBUG  ]  No samples found: star
[2019-11-19 15:35:30,246] multiqc                                            [DEBUG  ]  No samples found: hisat2
[2019-11-19 15:35:30,250] multiqc                                            [DEBUG  ]  No samples found: tophat
[2019-11-19 15:35:30,254] multiqc                                            [DEBUG  ]  No samples found: bowtie2
[2019-11-19 15:35:30,258] multiqc                                            [DEBUG  ]  No samples found: bowtie1
[2019-11-19 15:35:30,262] multiqc                                            [DEBUG  ]  No samples found: kat
[2019-11-19 15:35:30,266] multiqc                                            [DEBUG  ]  No samples found: leehom
[2019-11-19 15:35:30,270] multiqc                                            [DEBUG  ]  No samples found: adapterRemoval
[2019-11-19 15:35:30,274] multiqc                                            [DEBUG  ]  No samples found: clipandmerge
[2019-11-19 15:35:30,278] multiqc                                            [DEBUG  ]  No samples found: cutadapt
[2019-11-19 15:35:30,282] multiqc                                            [DEBUG  ]  No samples found: flexbar
[2019-11-19 15:35:30,287] multiqc                                            [DEBUG  ]  No samples found: trimmomatic
[2019-11-19 15:35:30,292] multiqc                                            [DEBUG  ]  No samples found: skewer
[2019-11-19 15:35:30,298] multiqc                                            [DEBUG  ]  No samples found: sortmerna
[2019-11-19 15:35:30,303] multiqc                                            [DEBUG  ]  No samples found: biobloomtools
[2019-11-19 15:35:30,309] multiqc                                            [DEBUG  ]  No samples found: fastq_screen
[2019-11-19 15:35:30,313] multiqc                                            [DEBUG  ]  No samples found: afterqc
[2019-11-19 15:35:30,318] multiqc                                            [DEBUG  ]  No samples found: fastp
[2019-11-19 15:35:30,326] multiqc.modules.fastqc.fastqc                      [INFO   ]  Found 1 reports
[2019-11-19 15:35:30,378] multiqc                                            [DEBUG  ]  No samples found: minionqc
[2019-11-19 15:35:30,382] multiqc                                            [DEBUG  ]  No samples found: clusterflow
[2019-11-19 15:35:30,387] multiqc                                            [DEBUG  ]  No samples found: bcl2fastq
[2019-11-19 15:35:30,391] multiqc                                            [DEBUG  ]  No samples found: interop
[2019-11-19 15:35:30,395] multiqc                                            [DEBUG  ]  No samples found: flash
[2019-11-19 15:35:30,398] multiqc                                            [INFO   ]  Compressing plot data
[2019-11-19 15:35:30,425] multiqc                                            [INFO   ]  Report      : ../../../../../../../data/multiqc_report.html
[2019-11-19 15:35:30,425] multiqc                                            [INFO   ]  Data        : ../../../../../../../data/multiqc_data
[2019-11-19 15:35:30,425] multiqc                                            [DEBUG  ]  Moving data file from '/tmp/tmp4pblq_l3/multiqc_data/multiqc_general_stats.txt' to '/data/multiqc_data'
[2019-11-19 15:35:30,426] multiqc                                            [DEBUG  ]  Moving data file from '/tmp/tmp4pblq_l3/multiqc_data/multiqc_fastqc.txt' to '/data/multiqc_data'
[2019-11-19 15:35:30,426] multiqc                                            [DEBUG  ]  Moving data file from '/tmp/tmp4pblq_l3/multiqc_data/multiqc_data.json' to '/data/multiqc_data'
[2019-11-19 15:35:30,426] multiqc                                            [DEBUG  ]  Moving data file from '/tmp/tmp4pblq_l3/multiqc_data/multiqc_sources.txt' to '/data/multiqc_data'
[2019-11-19 15:35:30,552] multiqc                                            [INFO   ]  MultiQC complete
