[2019-11-19 11:08:04,495] multiqc                                            [DEBUG  ]  No MultiQC config found: /usr/lib/python3.6/site-packages/multiqc-1.7-py3.6.egg/multiqc_config.yaml
[2019-11-19 11:08:04,496] multiqc                                            [DEBUG  ]  No MultiQC config found: /root/.multiqc_config.yaml
[2019-11-19 11:08:04,496] multiqc                                            [DEBUG  ]  No MultiQC config found: multiqc_config.yaml
[2019-11-19 11:08:04,496] multiqc                                            [DEBUG  ]  Command used: /usr/bin/multiqc /data/HG00142.unmapped.ILLUMINA.bwa.GBR.low_coverage.20101123_fastqc.zip -o /data
[2019-11-19 11:08:06,660] multiqc                                            [DEBUG  ]  Latest MultiQC version is v1.7
[2019-11-19 11:08:06,660] multiqc                                            [INFO   ]  This is MultiQC v1.7
[2019-11-19 11:08:06,660] multiqc                                            [DEBUG  ]  Command     : /usr/bin/multiqc /data/HG00142.unmapped.ILLUMINA.bwa.GBR.low_coverage.20101123_fastqc.zip -o /data
[2019-11-19 11:08:06,660] multiqc                                            [DEBUG  ]  Working dir : /var/lib/toil/toil-9b56b740-ccba-4b13-b998-c6aabca34938-69d14ae953f0400cbe6f0dc87a7486c9/tmp9tezMz/74d7fbfa-3986-403b-ba79-d0eecf1afe8c/tLwt9gA
[2019-11-19 11:08:06,660] multiqc                                            [INFO   ]  Template    : default
[2019-11-19 11:08:06,660] multiqc                                            [INFO   ]  Searching '/data/HG00142.unmapped.ILLUMINA.bwa.GBR.low_coverage.20101123_fastqc.zip'
[2019-11-19 11:08:06,660] multiqc                                            [DEBUG  ]  Analysing modules: custom_content, conpair, peddy, methylQA, phantompeakqualtools, qualimap, preseq, quast, qorts, rna_seqc, rsem, rseqc, busco, goleft_indexcov, disambiguate, supernova, deeptools, sargasso, verifybamid, mirtrace, happy, homer, macs2, theta2, snpeff, gatk, htseq, bcftools, featureCounts, dedup, damageprofiler, picard, prokka, samblaster, samtools, bamtools, jellyfish, vcftools, longranger, stacks, bbmap, bismark, biscuit, hicexplorer, hicup, hicpro, salmon, kallisto, slamdunk, star, hisat2, tophat, bowtie2, bowtie1, kat, leehom, adapterRemoval, clipandmerge, cutadapt, flexbar, trimmomatic, skewer, sortmerna, biobloomtools, fastq_screen, afterqc, fastp, fastqc, minionqc, clusterflow, bcl2fastq, interop, flash
[2019-11-19 11:08:06,661] multiqc                                            [DEBUG  ]  Using temporary directory for creating report: /tmp/tmplxy45a4k
[2019-11-19 11:08:07,347] multiqc                                            [DEBUG  ]  No samples found: custom_content
[2019-11-19 11:08:07,351] multiqc                                            [DEBUG  ]  No samples found: conpair
[2019-11-19 11:08:07,355] multiqc                                            [DEBUG  ]  No samples found: peddy
[2019-11-19 11:08:07,360] multiqc                                            [DEBUG  ]  No samples found: methylQA
[2019-11-19 11:08:07,364] multiqc                                            [DEBUG  ]  No samples found: phantompeakqualtools
[2019-11-19 11:08:07,369] multiqc                                            [DEBUG  ]  No samples found: qualimap
[2019-11-19 11:08:07,375] multiqc                                            [DEBUG  ]  No samples found: preseq
[2019-11-19 11:08:07,379] multiqc                                            [DEBUG  ]  No samples found: quast
[2019-11-19 11:08:07,384] multiqc                                            [DEBUG  ]  No samples found: qorts
[2019-11-19 11:08:07,388] multiqc                                            [DEBUG  ]  No samples found: rna_seqc
[2019-11-19 11:08:07,392] multiqc                                            [DEBUG  ]  No samples found: rsem
[2019-11-19 11:08:07,401] multiqc                                            [DEBUG  ]  No samples found: rseqc
[2019-11-19 11:08:07,405] multiqc                                            [DEBUG  ]  No samples found: busco
[2019-11-19 11:08:07,409] multiqc                                            [DEBUG  ]  No samples found: goleft_indexcov
[2019-11-19 11:08:07,413] multiqc                                            [DEBUG  ]  No samples found: disambiguate
[2019-11-19 11:08:07,417] multiqc                                            [DEBUG  ]  No samples found: supernova
[2019-11-19 11:08:07,426] multiqc                                            [DEBUG  ]  No samples found: deeptools
[2019-11-19 11:08:07,430] multiqc                                            [DEBUG  ]  No samples found: sargasso
[2019-11-19 11:08:07,434] multiqc                                            [DEBUG  ]  No samples found: verifybamid
[2019-11-19 11:08:07,438] multiqc                                            [DEBUG  ]  No samples found: mirtrace
[2019-11-19 11:08:07,443] multiqc                                            [DEBUG  ]  No samples found: happy
[2019-11-19 11:08:07,448] multiqc                                            [DEBUG  ]  No samples found: homer
[2019-11-19 11:08:07,452] multiqc                                            [DEBUG  ]  No samples found: macs2
[2019-11-19 11:08:07,457] multiqc                                            [DEBUG  ]  No samples found: theta2
[2019-11-19 11:08:07,461] multiqc                                            [DEBUG  ]  No samples found: snpeff
[2019-11-19 11:08:07,466] multiqc                                            [DEBUG  ]  No samples found: gatk
[2019-11-19 11:08:07,470] multiqc                                            [DEBUG  ]  No samples found: htseq
[2019-11-19 11:08:07,475] multiqc                                            [DEBUG  ]  No samples found: bcftools
[2019-11-19 11:08:07,479] multiqc                                            [DEBUG  ]  No samples found: featureCounts
[2019-11-19 11:08:07,483] multiqc                                            [DEBUG  ]  No samples found: dedup
[2019-11-19 11:08:07,487] multiqc                                            [DEBUG  ]  No samples found: damageprofiler
[2019-11-19 11:08:07,499] multiqc                                            [DEBUG  ]  No samples found: picard
[2019-11-19 11:08:07,504] multiqc                                            [DEBUG  ]  No samples found: prokka
[2019-11-19 11:08:07,508] multiqc                                            [DEBUG  ]  No samples found: samblaster
[2019-11-19 11:08:07,514] multiqc                                            [DEBUG  ]  No samples found: samtools
[2019-11-19 11:08:07,519] multiqc                                            [DEBUG  ]  No samples found: bamtools
[2019-11-19 11:08:07,523] multiqc                                            [DEBUG  ]  No samples found: jellyfish
[2019-11-19 11:08:07,530] multiqc                                            [DEBUG  ]  No samples found: vcftools
[2019-11-19 11:08:07,534] multiqc                                            [DEBUG  ]  No samples found: longranger
[2019-11-19 11:08:07,538] multiqc                                            [DEBUG  ]  No samples found: stacks
[2019-11-19 11:08:07,548] multiqc                                            [DEBUG  ]  No samples found: bbmap
[2019-11-19 11:08:07,552] multiqc                                            [DEBUG  ]  No samples found: bismark
[2019-11-19 11:08:07,557] multiqc                                            [DEBUG  ]  No samples found: biscuit
[2019-11-19 11:08:07,561] multiqc                                            [DEBUG  ]  No samples found: hicexplorer
[2019-11-19 11:08:07,565] multiqc                                            [DEBUG  ]  No samples found: hicup
[2019-11-19 11:08:07,569] multiqc                                            [DEBUG  ]  No samples found: hicpro
[2019-11-19 11:08:07,574] multiqc                                            [DEBUG  ]  No samples found: salmon
[2019-11-19 11:08:07,578] multiqc                                            [DEBUG  ]  No samples found: kallisto
[2019-11-19 11:08:07,582] multiqc                                            [DEBUG  ]  No samples found: slamdunk
[2019-11-19 11:08:07,587] multiqc                                            [DEBUG  ]  No samples found: star
[2019-11-19 11:08:07,591] multiqc                                            [DEBUG  ]  No samples found: hisat2
[2019-11-19 11:08:07,596] multiqc                                            [DEBUG  ]  No samples found: tophat
[2019-11-19 11:08:07,600] multiqc                                            [DEBUG  ]  No samples found: bowtie2
[2019-11-19 11:08:07,604] multiqc                                            [DEBUG  ]  No samples found: bowtie1
[2019-11-19 11:08:07,608] multiqc                                            [DEBUG  ]  No samples found: kat
[2019-11-19 11:08:07,612] multiqc                                            [DEBUG  ]  No samples found: leehom
[2019-11-19 11:08:07,616] multiqc                                            [DEBUG  ]  No samples found: adapterRemoval
[2019-11-19 11:08:07,620] multiqc                                            [DEBUG  ]  No samples found: clipandmerge
[2019-11-19 11:08:07,624] multiqc                                            [DEBUG  ]  No samples found: cutadapt
[2019-11-19 11:08:07,628] multiqc                                            [DEBUG  ]  No samples found: flexbar
[2019-11-19 11:08:07,632] multiqc                                            [DEBUG  ]  No samples found: trimmomatic
[2019-11-19 11:08:07,636] multiqc                                            [DEBUG  ]  No samples found: skewer
[2019-11-19 11:08:07,641] multiqc                                            [DEBUG  ]  No samples found: sortmerna
[2019-11-19 11:08:07,645] multiqc                                            [DEBUG  ]  No samples found: biobloomtools
[2019-11-19 11:08:07,649] multiqc                                            [DEBUG  ]  No samples found: fastq_screen
[2019-11-19 11:08:07,653] multiqc                                            [DEBUG  ]  No samples found: afterqc
[2019-11-19 11:08:07,659] multiqc                                            [DEBUG  ]  No samples found: fastp
[2019-11-19 11:08:07,667] multiqc.modules.fastqc.fastqc                      [INFO   ]  Found 1 reports
[2019-11-19 11:08:07,720] multiqc                                            [DEBUG  ]  No samples found: minionqc
[2019-11-19 11:08:07,724] multiqc                                            [DEBUG  ]  No samples found: clusterflow
[2019-11-19 11:08:07,729] multiqc                                            [DEBUG  ]  No samples found: bcl2fastq
[2019-11-19 11:08:07,734] multiqc                                            [DEBUG  ]  No samples found: interop
[2019-11-19 11:08:07,738] multiqc                                            [DEBUG  ]  No samples found: flash
[2019-11-19 11:08:07,741] multiqc                                            [INFO   ]  Compressing plot data
[2019-11-19 11:08:07,772] multiqc                                            [INFO   ]  Report      : ../../../../../../../data/multiqc_report.html
[2019-11-19 11:08:07,773] multiqc                                            [INFO   ]  Data        : ../../../../../../../data/multiqc_data
[2019-11-19 11:08:07,773] multiqc                                            [DEBUG  ]  Moving data file from '/tmp/tmplxy45a4k/multiqc_data/multiqc_general_stats.txt' to '/data/multiqc_data'
[2019-11-19 11:08:07,773] multiqc                                            [DEBUG  ]  Moving data file from '/tmp/tmplxy45a4k/multiqc_data/multiqc_fastqc.txt' to '/data/multiqc_data'
[2019-11-19 11:08:07,773] multiqc                                            [DEBUG  ]  Moving data file from '/tmp/tmplxy45a4k/multiqc_data/multiqc_data.json' to '/data/multiqc_data'
[2019-11-19 11:08:07,774] multiqc                                            [DEBUG  ]  Moving data file from '/tmp/tmplxy45a4k/multiqc_data/multiqc_sources.txt' to '/data/multiqc_data'
[2019-11-19 11:08:07,903] multiqc                                            [INFO   ]  MultiQC complete
