[2019-11-19 11:57:52,354] multiqc                                            [DEBUG  ]  No MultiQC config found: /usr/lib/python3.6/site-packages/multiqc-1.7-py3.6.egg/multiqc_config.yaml
[2019-11-19 11:57:52,354] multiqc                                            [DEBUG  ]  No MultiQC config found: /root/.multiqc_config.yaml
[2019-11-19 11:57:52,354] multiqc                                            [DEBUG  ]  No MultiQC config found: multiqc_config.yaml
[2019-11-19 11:57:52,354] multiqc                                            [DEBUG  ]  Command used: /usr/bin/multiqc /data/HG00140.mapped.ILLUMINA.bwa.GBR.low_coverage.20101123_fastqc.zip -o /data
[2019-11-19 11:57:54,460] multiqc                                            [DEBUG  ]  Latest MultiQC version is v1.7
[2019-11-19 11:57:54,460] multiqc                                            [INFO   ]  This is MultiQC v1.7
[2019-11-19 11:57:54,460] multiqc                                            [DEBUG  ]  Command     : /usr/bin/multiqc /data/HG00140.mapped.ILLUMINA.bwa.GBR.low_coverage.20101123_fastqc.zip -o /data
[2019-11-19 11:57:54,460] multiqc                                            [DEBUG  ]  Working dir : /var/lib/toil/toil-9b56b740-ccba-4b13-b998-c6aabca34938-69d14ae953f0400cbe6f0dc87a7486c9/tmpoJ__ra/cb9e200e-3878-4d28-9965-6a8267b3ed9c/tBQqBtf
[2019-11-19 11:57:54,460] multiqc                                            [INFO   ]  Template    : default
[2019-11-19 11:57:54,460] multiqc                                            [INFO   ]  Searching '/data/HG00140.mapped.ILLUMINA.bwa.GBR.low_coverage.20101123_fastqc.zip'
[2019-11-19 11:57:54,461] multiqc                                            [DEBUG  ]  Analysing modules: custom_content, conpair, peddy, methylQA, phantompeakqualtools, qualimap, preseq, quast, qorts, rna_seqc, rsem, rseqc, busco, goleft_indexcov, disambiguate, supernova, deeptools, sargasso, verifybamid, mirtrace, happy, homer, macs2, theta2, snpeff, gatk, htseq, bcftools, featureCounts, dedup, damageprofiler, picard, prokka, samblaster, samtools, bamtools, jellyfish, vcftools, longranger, stacks, bbmap, bismark, biscuit, hicexplorer, hicup, hicpro, salmon, kallisto, slamdunk, star, hisat2, tophat, bowtie2, bowtie1, kat, leehom, adapterRemoval, clipandmerge, cutadapt, flexbar, trimmomatic, skewer, sortmerna, biobloomtools, fastq_screen, afterqc, fastp, fastqc, minionqc, clusterflow, bcl2fastq, interop, flash
[2019-11-19 11:57:54,461] multiqc                                            [DEBUG  ]  Using temporary directory for creating report: /tmp/tmpa8cvln1g
[2019-11-19 11:57:55,152] multiqc                                            [DEBUG  ]  No samples found: custom_content
[2019-11-19 11:57:55,156] multiqc                                            [DEBUG  ]  No samples found: conpair
[2019-11-19 11:57:55,161] multiqc                                            [DEBUG  ]  No samples found: peddy
[2019-11-19 11:57:55,165] multiqc                                            [DEBUG  ]  No samples found: methylQA
[2019-11-19 11:57:55,169] multiqc                                            [DEBUG  ]  No samples found: phantompeakqualtools
[2019-11-19 11:57:55,175] multiqc                                            [DEBUG  ]  No samples found: qualimap
[2019-11-19 11:57:55,179] multiqc                                            [DEBUG  ]  No samples found: preseq
[2019-11-19 11:57:55,185] multiqc                                            [DEBUG  ]  No samples found: quast
[2019-11-19 11:57:55,191] multiqc                                            [DEBUG  ]  No samples found: qorts
[2019-11-19 11:57:55,196] multiqc                                            [DEBUG  ]  No samples found: rna_seqc
[2019-11-19 11:57:55,201] multiqc                                            [DEBUG  ]  No samples found: rsem
[2019-11-19 11:57:55,210] multiqc                                            [DEBUG  ]  No samples found: rseqc
[2019-11-19 11:57:55,214] multiqc                                            [DEBUG  ]  No samples found: busco
[2019-11-19 11:57:55,218] multiqc                                            [DEBUG  ]  No samples found: goleft_indexcov
[2019-11-19 11:57:55,222] multiqc                                            [DEBUG  ]  No samples found: disambiguate
[2019-11-19 11:57:55,227] multiqc                                            [DEBUG  ]  No samples found: supernova
[2019-11-19 11:57:55,236] multiqc                                            [DEBUG  ]  No samples found: deeptools
[2019-11-19 11:57:55,240] multiqc                                            [DEBUG  ]  No samples found: sargasso
[2019-11-19 11:57:55,245] multiqc                                            [DEBUG  ]  No samples found: verifybamid
[2019-11-19 11:57:55,249] multiqc                                            [DEBUG  ]  No samples found: mirtrace
[2019-11-19 11:57:55,253] multiqc                                            [DEBUG  ]  No samples found: happy
[2019-11-19 11:57:55,259] multiqc                                            [DEBUG  ]  No samples found: homer
[2019-11-19 11:57:55,263] multiqc                                            [DEBUG  ]  No samples found: macs2
[2019-11-19 11:57:55,268] multiqc                                            [DEBUG  ]  No samples found: theta2
[2019-11-19 11:57:55,273] multiqc                                            [DEBUG  ]  No samples found: snpeff
[2019-11-19 11:57:55,279] multiqc                                            [DEBUG  ]  No samples found: gatk
[2019-11-19 11:57:55,283] multiqc                                            [DEBUG  ]  No samples found: htseq
[2019-11-19 11:57:55,288] multiqc                                            [DEBUG  ]  No samples found: bcftools
[2019-11-19 11:57:55,293] multiqc                                            [DEBUG  ]  No samples found: featureCounts
[2019-11-19 11:57:55,297] multiqc                                            [DEBUG  ]  No samples found: dedup
[2019-11-19 11:57:55,301] multiqc                                            [DEBUG  ]  No samples found: damageprofiler
[2019-11-19 11:57:55,312] multiqc                                            [DEBUG  ]  No samples found: picard
[2019-11-19 11:57:55,316] multiqc                                            [DEBUG  ]  No samples found: prokka
[2019-11-19 11:57:55,321] multiqc                                            [DEBUG  ]  No samples found: samblaster
[2019-11-19 11:57:55,328] multiqc                                            [DEBUG  ]  No samples found: samtools
[2019-11-19 11:57:55,333] multiqc                                            [DEBUG  ]  No samples found: bamtools
[2019-11-19 11:57:55,338] multiqc                                            [DEBUG  ]  No samples found: jellyfish
[2019-11-19 11:57:55,344] multiqc                                            [DEBUG  ]  No samples found: vcftools
[2019-11-19 11:57:55,348] multiqc                                            [DEBUG  ]  No samples found: longranger
[2019-11-19 11:57:55,353] multiqc                                            [DEBUG  ]  No samples found: stacks
[2019-11-19 11:57:55,363] multiqc                                            [DEBUG  ]  No samples found: bbmap
[2019-11-19 11:57:55,367] multiqc                                            [DEBUG  ]  No samples found: bismark
[2019-11-19 11:57:55,372] multiqc                                            [DEBUG  ]  No samples found: biscuit
[2019-11-19 11:57:55,377] multiqc                                            [DEBUG  ]  No samples found: hicexplorer
[2019-11-19 11:57:55,381] multiqc                                            [DEBUG  ]  No samples found: hicup
[2019-11-19 11:57:55,385] multiqc                                            [DEBUG  ]  No samples found: hicpro
[2019-11-19 11:57:55,390] multiqc                                            [DEBUG  ]  No samples found: salmon
[2019-11-19 11:57:55,394] multiqc                                            [DEBUG  ]  No samples found: kallisto
[2019-11-19 11:57:55,398] multiqc                                            [DEBUG  ]  No samples found: slamdunk
[2019-11-19 11:57:55,402] multiqc                                            [DEBUG  ]  No samples found: star
[2019-11-19 11:57:55,407] multiqc                                            [DEBUG  ]  No samples found: hisat2
[2019-11-19 11:57:55,412] multiqc                                            [DEBUG  ]  No samples found: tophat
[2019-11-19 11:57:55,417] multiqc                                            [DEBUG  ]  No samples found: bowtie2
[2019-11-19 11:57:55,421] multiqc                                            [DEBUG  ]  No samples found: bowtie1
[2019-11-19 11:57:55,425] multiqc                                            [DEBUG  ]  No samples found: kat
[2019-11-19 11:57:55,429] multiqc                                            [DEBUG  ]  No samples found: leehom
[2019-11-19 11:57:55,434] multiqc                                            [DEBUG  ]  No samples found: adapterRemoval
[2019-11-19 11:57:55,438] multiqc                                            [DEBUG  ]  No samples found: clipandmerge
[2019-11-19 11:57:55,442] multiqc                                            [DEBUG  ]  No samples found: cutadapt
[2019-11-19 11:57:55,446] multiqc                                            [DEBUG  ]  No samples found: flexbar
[2019-11-19 11:57:55,450] multiqc                                            [DEBUG  ]  No samples found: trimmomatic
[2019-11-19 11:57:55,454] multiqc                                            [DEBUG  ]  No samples found: skewer
[2019-11-19 11:57:55,459] multiqc                                            [DEBUG  ]  No samples found: sortmerna
[2019-11-19 11:57:55,464] multiqc                                            [DEBUG  ]  No samples found: biobloomtools
[2019-11-19 11:57:55,469] multiqc                                            [DEBUG  ]  No samples found: fastq_screen
[2019-11-19 11:57:55,473] multiqc                                            [DEBUG  ]  No samples found: afterqc
[2019-11-19 11:57:55,478] multiqc                                            [DEBUG  ]  No samples found: fastp
[2019-11-19 11:57:55,485] multiqc.modules.fastqc.fastqc                      [INFO   ]  Found 1 reports
[2019-11-19 11:57:55,554] multiqc                                            [DEBUG  ]  No samples found: minionqc
[2019-11-19 11:57:55,559] multiqc                                            [DEBUG  ]  No samples found: clusterflow
[2019-11-19 11:57:55,563] multiqc                                            [DEBUG  ]  No samples found: bcl2fastq
[2019-11-19 11:57:55,568] multiqc                                            [DEBUG  ]  No samples found: interop
[2019-11-19 11:57:55,572] multiqc                                            [DEBUG  ]  No samples found: flash
[2019-11-19 11:57:55,574] multiqc                                            [INFO   ]  Compressing plot data
[2019-11-19 11:57:55,606] multiqc                                            [INFO   ]  Report      : ../../../../../../../data/multiqc_report.html
[2019-11-19 11:57:55,606] multiqc                                            [INFO   ]  Data        : ../../../../../../../data/multiqc_data
[2019-11-19 11:57:55,607] multiqc                                            [DEBUG  ]  Moving data file from '/tmp/tmpa8cvln1g/multiqc_data/multiqc_general_stats.txt' to '/data/multiqc_data'
[2019-11-19 11:57:55,607] multiqc                                            [DEBUG  ]  Moving data file from '/tmp/tmpa8cvln1g/multiqc_data/multiqc_fastqc.txt' to '/data/multiqc_data'
[2019-11-19 11:57:55,607] multiqc                                            [DEBUG  ]  Moving data file from '/tmp/tmpa8cvln1g/multiqc_data/multiqc_data.json' to '/data/multiqc_data'
[2019-11-19 11:57:55,608] multiqc                                            [DEBUG  ]  Moving data file from '/tmp/tmpa8cvln1g/multiqc_data/multiqc_sources.txt' to '/data/multiqc_data'
[2019-11-19 11:57:55,745] multiqc                                            [INFO   ]  MultiQC complete
