[2019-11-19 09:42:21,226] multiqc                                            [DEBUG  ]  No MultiQC config found: /usr/lib/python3.6/site-packages/multiqc-1.7-py3.6.egg/multiqc_config.yaml
[2019-11-19 09:42:21,226] multiqc                                            [DEBUG  ]  No MultiQC config found: /root/.multiqc_config.yaml
[2019-11-19 09:42:21,226] multiqc                                            [DEBUG  ]  No MultiQC config found: multiqc_config.yaml
[2019-11-19 09:42:21,226] multiqc                                            [DEBUG  ]  Command used: /usr/bin/multiqc /data/HG00124.unmapped.ILLUMINA.bwa.GBR.low_coverage.20101123_fastqc.zip -o /data
[2019-11-19 09:42:23,352] multiqc                                            [DEBUG  ]  Latest MultiQC version is v1.7
[2019-11-19 09:42:23,352] multiqc                                            [INFO   ]  This is MultiQC v1.7
[2019-11-19 09:42:23,352] multiqc                                            [DEBUG  ]  Command     : /usr/bin/multiqc /data/HG00124.unmapped.ILLUMINA.bwa.GBR.low_coverage.20101123_fastqc.zip -o /data
[2019-11-19 09:42:23,352] multiqc                                            [DEBUG  ]  Working dir : /var/lib/toil/toil-9b56b740-ccba-4b13-b998-c6aabca34938-69d14ae953f0400cbe6f0dc87a7486c9/tmpnqAJYR/5f8bef09-6e6c-408d-92f0-fc122a1b1731/tMbpSwu
[2019-11-19 09:42:23,352] multiqc                                            [INFO   ]  Template    : default
[2019-11-19 09:42:23,352] multiqc                                            [INFO   ]  Searching '/data/HG00124.unmapped.ILLUMINA.bwa.GBR.low_coverage.20101123_fastqc.zip'
[2019-11-19 09:42:23,353] multiqc                                            [DEBUG  ]  Analysing modules: custom_content, conpair, peddy, methylQA, phantompeakqualtools, qualimap, preseq, quast, qorts, rna_seqc, rsem, rseqc, busco, goleft_indexcov, disambiguate, supernova, deeptools, sargasso, verifybamid, mirtrace, happy, homer, macs2, theta2, snpeff, gatk, htseq, bcftools, featureCounts, dedup, damageprofiler, picard, prokka, samblaster, samtools, bamtools, jellyfish, vcftools, longranger, stacks, bbmap, bismark, biscuit, hicexplorer, hicup, hicpro, salmon, kallisto, slamdunk, star, hisat2, tophat, bowtie2, bowtie1, kat, leehom, adapterRemoval, clipandmerge, cutadapt, flexbar, trimmomatic, skewer, sortmerna, biobloomtools, fastq_screen, afterqc, fastp, fastqc, minionqc, clusterflow, bcl2fastq, interop, flash
[2019-11-19 09:42:23,353] multiqc                                            [DEBUG  ]  Using temporary directory for creating report: /tmp/tmpjy6xax7_
[2019-11-19 09:42:24,089] multiqc                                            [DEBUG  ]  No samples found: custom_content
[2019-11-19 09:42:24,094] multiqc                                            [DEBUG  ]  No samples found: conpair
[2019-11-19 09:42:24,099] multiqc                                            [DEBUG  ]  No samples found: peddy
[2019-11-19 09:42:24,103] multiqc                                            [DEBUG  ]  No samples found: methylQA
[2019-11-19 09:42:24,108] multiqc                                            [DEBUG  ]  No samples found: phantompeakqualtools
[2019-11-19 09:42:24,113] multiqc                                            [DEBUG  ]  No samples found: qualimap
[2019-11-19 09:42:24,118] multiqc                                            [DEBUG  ]  No samples found: preseq
[2019-11-19 09:42:24,123] multiqc                                            [DEBUG  ]  No samples found: quast
[2019-11-19 09:42:24,127] multiqc                                            [DEBUG  ]  No samples found: qorts
[2019-11-19 09:42:24,132] multiqc                                            [DEBUG  ]  No samples found: rna_seqc
[2019-11-19 09:42:24,136] multiqc                                            [DEBUG  ]  No samples found: rsem
[2019-11-19 09:42:24,146] multiqc                                            [DEBUG  ]  No samples found: rseqc
[2019-11-19 09:42:24,150] multiqc                                            [DEBUG  ]  No samples found: busco
[2019-11-19 09:42:24,154] multiqc                                            [DEBUG  ]  No samples found: goleft_indexcov
[2019-11-19 09:42:24,159] multiqc                                            [DEBUG  ]  No samples found: disambiguate
[2019-11-19 09:42:24,163] multiqc                                            [DEBUG  ]  No samples found: supernova
[2019-11-19 09:42:24,172] multiqc                                            [DEBUG  ]  No samples found: deeptools
[2019-11-19 09:42:24,176] multiqc                                            [DEBUG  ]  No samples found: sargasso
[2019-11-19 09:42:24,181] multiqc                                            [DEBUG  ]  No samples found: verifybamid
[2019-11-19 09:42:24,187] multiqc                                            [DEBUG  ]  No samples found: mirtrace
[2019-11-19 09:42:24,192] multiqc                                            [DEBUG  ]  No samples found: happy
[2019-11-19 09:42:24,198] multiqc                                            [DEBUG  ]  No samples found: homer
[2019-11-19 09:42:24,204] multiqc                                            [DEBUG  ]  No samples found: macs2
[2019-11-19 09:42:24,209] multiqc                                            [DEBUG  ]  No samples found: theta2
[2019-11-19 09:42:24,213] multiqc                                            [DEBUG  ]  No samples found: snpeff
[2019-11-19 09:42:24,219] multiqc                                            [DEBUG  ]  No samples found: gatk
[2019-11-19 09:42:24,223] multiqc                                            [DEBUG  ]  No samples found: htseq
[2019-11-19 09:42:24,228] multiqc                                            [DEBUG  ]  No samples found: bcftools
[2019-11-19 09:42:24,232] multiqc                                            [DEBUG  ]  No samples found: featureCounts
[2019-11-19 09:42:24,237] multiqc                                            [DEBUG  ]  No samples found: dedup
[2019-11-19 09:42:24,241] multiqc                                            [DEBUG  ]  No samples found: damageprofiler
[2019-11-19 09:42:24,254] multiqc                                            [DEBUG  ]  No samples found: picard
[2019-11-19 09:42:24,259] multiqc                                            [DEBUG  ]  No samples found: prokka
[2019-11-19 09:42:24,263] multiqc                                            [DEBUG  ]  No samples found: samblaster
[2019-11-19 09:42:24,270] multiqc                                            [DEBUG  ]  No samples found: samtools
[2019-11-19 09:42:24,274] multiqc                                            [DEBUG  ]  No samples found: bamtools
[2019-11-19 09:42:24,278] multiqc                                            [DEBUG  ]  No samples found: jellyfish
[2019-11-19 09:42:24,285] multiqc                                            [DEBUG  ]  No samples found: vcftools
[2019-11-19 09:42:24,289] multiqc                                            [DEBUG  ]  No samples found: longranger
[2019-11-19 09:42:24,293] multiqc                                            [DEBUG  ]  No samples found: stacks
[2019-11-19 09:42:24,303] multiqc                                            [DEBUG  ]  No samples found: bbmap
[2019-11-19 09:42:24,307] multiqc                                            [DEBUG  ]  No samples found: bismark
[2019-11-19 09:42:24,313] multiqc                                            [DEBUG  ]  No samples found: biscuit
[2019-11-19 09:42:24,318] multiqc                                            [DEBUG  ]  No samples found: hicexplorer
[2019-11-19 09:42:24,322] multiqc                                            [DEBUG  ]  No samples found: hicup
[2019-11-19 09:42:24,330] multiqc                                            [DEBUG  ]  No samples found: hicpro
[2019-11-19 09:42:24,334] multiqc                                            [DEBUG  ]  No samples found: salmon
[2019-11-19 09:42:24,338] multiqc                                            [DEBUG  ]  No samples found: kallisto
[2019-11-19 09:42:24,344] multiqc                                            [DEBUG  ]  No samples found: slamdunk
[2019-11-19 09:42:24,348] multiqc                                            [DEBUG  ]  No samples found: star
[2019-11-19 09:42:24,352] multiqc                                            [DEBUG  ]  No samples found: hisat2
[2019-11-19 09:42:24,357] multiqc                                            [DEBUG  ]  No samples found: tophat
[2019-11-19 09:42:24,361] multiqc                                            [DEBUG  ]  No samples found: bowtie2
[2019-11-19 09:42:24,365] multiqc                                            [DEBUG  ]  No samples found: bowtie1
[2019-11-19 09:42:24,369] multiqc                                            [DEBUG  ]  No samples found: kat
[2019-11-19 09:42:24,374] multiqc                                            [DEBUG  ]  No samples found: leehom
[2019-11-19 09:42:24,379] multiqc                                            [DEBUG  ]  No samples found: adapterRemoval
[2019-11-19 09:42:24,383] multiqc                                            [DEBUG  ]  No samples found: clipandmerge
[2019-11-19 09:42:24,387] multiqc                                            [DEBUG  ]  No samples found: cutadapt
[2019-11-19 09:42:24,391] multiqc                                            [DEBUG  ]  No samples found: flexbar
[2019-11-19 09:42:24,395] multiqc                                            [DEBUG  ]  No samples found: trimmomatic
[2019-11-19 09:42:24,399] multiqc                                            [DEBUG  ]  No samples found: skewer
[2019-11-19 09:42:24,404] multiqc                                            [DEBUG  ]  No samples found: sortmerna
[2019-11-19 09:42:24,408] multiqc                                            [DEBUG  ]  No samples found: biobloomtools
[2019-11-19 09:42:24,412] multiqc                                            [DEBUG  ]  No samples found: fastq_screen
[2019-11-19 09:42:24,416] multiqc                                            [DEBUG  ]  No samples found: afterqc
[2019-11-19 09:42:24,420] multiqc                                            [DEBUG  ]  No samples found: fastp
[2019-11-19 09:42:24,428] multiqc.modules.fastqc.fastqc                      [INFO   ]  Found 1 reports
[2019-11-19 09:42:24,491] multiqc                                            [DEBUG  ]  No samples found: minionqc
[2019-11-19 09:42:24,495] multiqc                                            [DEBUG  ]  No samples found: clusterflow
[2019-11-19 09:42:24,499] multiqc                                            [DEBUG  ]  No samples found: bcl2fastq
[2019-11-19 09:42:24,504] multiqc                                            [DEBUG  ]  No samples found: interop
[2019-11-19 09:42:24,508] multiqc                                            [DEBUG  ]  No samples found: flash
[2019-11-19 09:42:24,511] multiqc                                            [INFO   ]  Compressing plot data
[2019-11-19 09:42:24,541] multiqc                                            [INFO   ]  Report      : ../../../../../../../data/multiqc_report.html
[2019-11-19 09:42:24,542] multiqc                                            [INFO   ]  Data        : ../../../../../../../data/multiqc_data
[2019-11-19 09:42:24,542] multiqc                                            [DEBUG  ]  Moving data file from '/tmp/tmpjy6xax7_/multiqc_data/multiqc_general_stats.txt' to '/data/multiqc_data'
[2019-11-19 09:42:24,542] multiqc                                            [DEBUG  ]  Moving data file from '/tmp/tmpjy6xax7_/multiqc_data/multiqc_fastqc.txt' to '/data/multiqc_data'
[2019-11-19 09:42:24,542] multiqc                                            [DEBUG  ]  Moving data file from '/tmp/tmpjy6xax7_/multiqc_data/multiqc_data.json' to '/data/multiqc_data'
[2019-11-19 09:42:24,543] multiqc                                            [DEBUG  ]  Moving data file from '/tmp/tmpjy6xax7_/multiqc_data/multiqc_sources.txt' to '/data/multiqc_data'
[2019-11-19 09:42:24,676] multiqc                                            [INFO   ]  MultiQC complete
