[2019-11-19 13:57:33,589] multiqc                                            [DEBUG  ]  No MultiQC config found: /usr/lib/python3.6/site-packages/multiqc-1.7-py3.6.egg/multiqc_config.yaml
[2019-11-19 13:57:33,589] multiqc                                            [DEBUG  ]  No MultiQC config found: /root/.multiqc_config.yaml
[2019-11-19 13:57:33,589] multiqc                                            [DEBUG  ]  No MultiQC config found: multiqc_config.yaml
[2019-11-19 13:57:33,589] multiqc                                            [DEBUG  ]  Command used: /usr/bin/multiqc /data/HG00182.mapped.ILLUMINA.bwa.FIN.low_coverage.20101123_fastqc.zip -o /data
[2019-11-19 13:57:35,401] multiqc                                            [DEBUG  ]  Latest MultiQC version is v1.7
[2019-11-19 13:57:35,401] multiqc                                            [INFO   ]  This is MultiQC v1.7
[2019-11-19 13:57:35,401] multiqc                                            [DEBUG  ]  Command     : /usr/bin/multiqc /data/HG00182.mapped.ILLUMINA.bwa.FIN.low_coverage.20101123_fastqc.zip -o /data
[2019-11-19 13:57:35,401] multiqc                                            [DEBUG  ]  Working dir : /var/lib/toil/toil-9b56b740-ccba-4b13-b998-c6aabca34938-69d14ae953f0400cbe6f0dc87a7486c9/tmpftkcY5/d67c8e55-213d-494e-8236-e8254a6cbd6f/tPNLbBZ
[2019-11-19 13:57:35,401] multiqc                                            [INFO   ]  Template    : default
[2019-11-19 13:57:35,401] multiqc                                            [INFO   ]  Searching '/data/HG00182.mapped.ILLUMINA.bwa.FIN.low_coverage.20101123_fastqc.zip'
[2019-11-19 13:57:35,402] multiqc                                            [DEBUG  ]  Analysing modules: custom_content, conpair, peddy, methylQA, phantompeakqualtools, qualimap, preseq, quast, qorts, rna_seqc, rsem, rseqc, busco, goleft_indexcov, disambiguate, supernova, deeptools, sargasso, verifybamid, mirtrace, happy, homer, macs2, theta2, snpeff, gatk, htseq, bcftools, featureCounts, dedup, damageprofiler, picard, prokka, samblaster, samtools, bamtools, jellyfish, vcftools, longranger, stacks, bbmap, bismark, biscuit, hicexplorer, hicup, hicpro, salmon, kallisto, slamdunk, star, hisat2, tophat, bowtie2, bowtie1, kat, leehom, adapterRemoval, clipandmerge, cutadapt, flexbar, trimmomatic, skewer, sortmerna, biobloomtools, fastq_screen, afterqc, fastp, fastqc, minionqc, clusterflow, bcl2fastq, interop, flash
[2019-11-19 13:57:35,402] multiqc                                            [DEBUG  ]  Using temporary directory for creating report: /tmp/tmpt2zr43sm
[2019-11-19 13:57:36,110] multiqc                                            [DEBUG  ]  No samples found: custom_content
[2019-11-19 13:57:36,115] multiqc                                            [DEBUG  ]  No samples found: conpair
[2019-11-19 13:57:36,119] multiqc                                            [DEBUG  ]  No samples found: peddy
[2019-11-19 13:57:36,123] multiqc                                            [DEBUG  ]  No samples found: methylQA
[2019-11-19 13:57:36,127] multiqc                                            [DEBUG  ]  No samples found: phantompeakqualtools
[2019-11-19 13:57:36,133] multiqc                                            [DEBUG  ]  No samples found: qualimap
[2019-11-19 13:57:36,138] multiqc                                            [DEBUG  ]  No samples found: preseq
[2019-11-19 13:57:36,143] multiqc                                            [DEBUG  ]  No samples found: quast
[2019-11-19 13:57:36,150] multiqc                                            [DEBUG  ]  No samples found: qorts
[2019-11-19 13:57:36,157] multiqc                                            [DEBUG  ]  No samples found: rna_seqc
[2019-11-19 13:57:36,163] multiqc                                            [DEBUG  ]  No samples found: rsem
[2019-11-19 13:57:36,174] multiqc                                            [DEBUG  ]  No samples found: rseqc
[2019-11-19 13:57:36,178] multiqc                                            [DEBUG  ]  No samples found: busco
[2019-11-19 13:57:36,183] multiqc                                            [DEBUG  ]  No samples found: goleft_indexcov
[2019-11-19 13:57:36,188] multiqc                                            [DEBUG  ]  No samples found: disambiguate
[2019-11-19 13:57:36,193] multiqc                                            [DEBUG  ]  No samples found: supernova
[2019-11-19 13:57:36,203] multiqc                                            [DEBUG  ]  No samples found: deeptools
[2019-11-19 13:57:36,207] multiqc                                            [DEBUG  ]  No samples found: sargasso
[2019-11-19 13:57:36,211] multiqc                                            [DEBUG  ]  No samples found: verifybamid
[2019-11-19 13:57:36,215] multiqc                                            [DEBUG  ]  No samples found: mirtrace
[2019-11-19 13:57:36,219] multiqc                                            [DEBUG  ]  No samples found: happy
[2019-11-19 13:57:36,224] multiqc                                            [DEBUG  ]  No samples found: homer
[2019-11-19 13:57:36,228] multiqc                                            [DEBUG  ]  No samples found: macs2
[2019-11-19 13:57:36,232] multiqc                                            [DEBUG  ]  No samples found: theta2
[2019-11-19 13:57:36,236] multiqc                                            [DEBUG  ]  No samples found: snpeff
[2019-11-19 13:57:36,242] multiqc                                            [DEBUG  ]  No samples found: gatk
[2019-11-19 13:57:36,246] multiqc                                            [DEBUG  ]  No samples found: htseq
[2019-11-19 13:57:36,250] multiqc                                            [DEBUG  ]  No samples found: bcftools
[2019-11-19 13:57:36,254] multiqc                                            [DEBUG  ]  No samples found: featureCounts
[2019-11-19 13:57:36,258] multiqc                                            [DEBUG  ]  No samples found: dedup
[2019-11-19 13:57:36,263] multiqc                                            [DEBUG  ]  No samples found: damageprofiler
[2019-11-19 13:57:36,277] multiqc                                            [DEBUG  ]  No samples found: picard
[2019-11-19 13:57:36,282] multiqc                                            [DEBUG  ]  No samples found: prokka
[2019-11-19 13:57:36,286] multiqc                                            [DEBUG  ]  No samples found: samblaster
[2019-11-19 13:57:36,294] multiqc                                            [DEBUG  ]  No samples found: samtools
[2019-11-19 13:57:36,299] multiqc                                            [DEBUG  ]  No samples found: bamtools
[2019-11-19 13:57:36,303] multiqc                                            [DEBUG  ]  No samples found: jellyfish
[2019-11-19 13:57:36,309] multiqc                                            [DEBUG  ]  No samples found: vcftools
[2019-11-19 13:57:36,313] multiqc                                            [DEBUG  ]  No samples found: longranger
[2019-11-19 13:57:36,318] multiqc                                            [DEBUG  ]  No samples found: stacks
[2019-11-19 13:57:36,329] multiqc                                            [DEBUG  ]  No samples found: bbmap
[2019-11-19 13:57:36,334] multiqc                                            [DEBUG  ]  No samples found: bismark
[2019-11-19 13:57:36,339] multiqc                                            [DEBUG  ]  No samples found: biscuit
[2019-11-19 13:57:36,343] multiqc                                            [DEBUG  ]  No samples found: hicexplorer
[2019-11-19 13:57:36,347] multiqc                                            [DEBUG  ]  No samples found: hicup
[2019-11-19 13:57:36,351] multiqc                                            [DEBUG  ]  No samples found: hicpro
[2019-11-19 13:57:36,355] multiqc                                            [DEBUG  ]  No samples found: salmon
[2019-11-19 13:57:36,359] multiqc                                            [DEBUG  ]  No samples found: kallisto
[2019-11-19 13:57:36,363] multiqc                                            [DEBUG  ]  No samples found: slamdunk
[2019-11-19 13:57:36,368] multiqc                                            [DEBUG  ]  No samples found: star
[2019-11-19 13:57:36,372] multiqc                                            [DEBUG  ]  No samples found: hisat2
[2019-11-19 13:57:36,376] multiqc                                            [DEBUG  ]  No samples found: tophat
[2019-11-19 13:57:36,380] multiqc                                            [DEBUG  ]  No samples found: bowtie2
[2019-11-19 13:57:36,384] multiqc                                            [DEBUG  ]  No samples found: bowtie1
[2019-11-19 13:57:36,388] multiqc                                            [DEBUG  ]  No samples found: kat
[2019-11-19 13:57:36,392] multiqc                                            [DEBUG  ]  No samples found: leehom
[2019-11-19 13:57:36,396] multiqc                                            [DEBUG  ]  No samples found: adapterRemoval
[2019-11-19 13:57:36,400] multiqc                                            [DEBUG  ]  No samples found: clipandmerge
[2019-11-19 13:57:36,405] multiqc                                            [DEBUG  ]  No samples found: cutadapt
[2019-11-19 13:57:36,409] multiqc                                            [DEBUG  ]  No samples found: flexbar
[2019-11-19 13:57:36,414] multiqc                                            [DEBUG  ]  No samples found: trimmomatic
[2019-11-19 13:57:36,419] multiqc                                            [DEBUG  ]  No samples found: skewer
[2019-11-19 13:57:36,424] multiqc                                            [DEBUG  ]  No samples found: sortmerna
[2019-11-19 13:57:36,428] multiqc                                            [DEBUG  ]  No samples found: biobloomtools
[2019-11-19 13:57:36,432] multiqc                                            [DEBUG  ]  No samples found: fastq_screen
[2019-11-19 13:57:36,436] multiqc                                            [DEBUG  ]  No samples found: afterqc
[2019-11-19 13:57:36,440] multiqc                                            [DEBUG  ]  No samples found: fastp
[2019-11-19 13:57:36,448] multiqc.modules.fastqc.fastqc                      [INFO   ]  Found 1 reports
[2019-11-19 13:57:36,501] multiqc                                            [DEBUG  ]  No samples found: minionqc
[2019-11-19 13:57:36,505] multiqc                                            [DEBUG  ]  No samples found: clusterflow
[2019-11-19 13:57:36,509] multiqc                                            [DEBUG  ]  No samples found: bcl2fastq
[2019-11-19 13:57:36,514] multiqc                                            [DEBUG  ]  No samples found: interop
[2019-11-19 13:57:36,518] multiqc                                            [DEBUG  ]  No samples found: flash
[2019-11-19 13:57:36,520] multiqc                                            [INFO   ]  Compressing plot data
[2019-11-19 13:57:36,549] multiqc                                            [INFO   ]  Report      : ../../../../../../../data/multiqc_report.html
[2019-11-19 13:57:36,549] multiqc                                            [INFO   ]  Data        : ../../../../../../../data/multiqc_data
[2019-11-19 13:57:36,549] multiqc                                            [DEBUG  ]  Moving data file from '/tmp/tmpt2zr43sm/multiqc_data/multiqc_general_stats.txt' to '/data/multiqc_data'
[2019-11-19 13:57:36,549] multiqc                                            [DEBUG  ]  Moving data file from '/tmp/tmpt2zr43sm/multiqc_data/multiqc_fastqc.txt' to '/data/multiqc_data'
[2019-11-19 13:57:36,550] multiqc                                            [DEBUG  ]  Moving data file from '/tmp/tmpt2zr43sm/multiqc_data/multiqc_data.json' to '/data/multiqc_data'
[2019-11-19 13:57:36,550] multiqc                                            [DEBUG  ]  Moving data file from '/tmp/tmpt2zr43sm/multiqc_data/multiqc_sources.txt' to '/data/multiqc_data'
[2019-11-19 13:57:36,683] multiqc                                            [INFO   ]  MultiQC complete
