[2019-11-19 06:04:37,344] multiqc                                            [DEBUG  ]  No MultiQC config found: /usr/lib/python3.6/site-packages/multiqc-1.7-py3.6.egg/multiqc_config.yaml
[2019-11-19 06:04:37,344] multiqc                                            [DEBUG  ]  No MultiQC config found: /root/.multiqc_config.yaml
[2019-11-19 06:04:37,344] multiqc                                            [DEBUG  ]  No MultiQC config found: multiqc_config.yaml
[2019-11-19 06:04:37,344] multiqc                                            [DEBUG  ]  Command used: /usr/bin/multiqc /data/HG00103.unmapped.ILLUMINA.bwa.GBR.low_coverage.20101123_fastqc.zip -o /data
[2019-11-19 06:04:39,414] multiqc                                            [DEBUG  ]  Latest MultiQC version is v1.7
[2019-11-19 06:04:39,414] multiqc                                            [INFO   ]  This is MultiQC v1.7
[2019-11-19 06:04:39,414] multiqc                                            [DEBUG  ]  Command     : /usr/bin/multiqc /data/HG00103.unmapped.ILLUMINA.bwa.GBR.low_coverage.20101123_fastqc.zip -o /data
[2019-11-19 06:04:39,414] multiqc                                            [DEBUG  ]  Working dir : /var/lib/toil/toil-9b56b740-ccba-4b13-b998-c6aabca34938-69d14ae953f0400cbe6f0dc87a7486c9/tmpUjS2_J/c9625834-ee9d-47d9-bee4-201e526debf2/tSg2ZPN
[2019-11-19 06:04:39,415] multiqc                                            [INFO   ]  Template    : default
[2019-11-19 06:04:39,415] multiqc                                            [INFO   ]  Searching '/data/HG00103.unmapped.ILLUMINA.bwa.GBR.low_coverage.20101123_fastqc.zip'
[2019-11-19 06:04:39,415] multiqc                                            [DEBUG  ]  Analysing modules: custom_content, conpair, peddy, methylQA, phantompeakqualtools, qualimap, preseq, quast, qorts, rna_seqc, rsem, rseqc, busco, goleft_indexcov, disambiguate, supernova, deeptools, sargasso, verifybamid, mirtrace, happy, homer, macs2, theta2, snpeff, gatk, htseq, bcftools, featureCounts, dedup, damageprofiler, picard, prokka, samblaster, samtools, bamtools, jellyfish, vcftools, longranger, stacks, bbmap, bismark, biscuit, hicexplorer, hicup, hicpro, salmon, kallisto, slamdunk, star, hisat2, tophat, bowtie2, bowtie1, kat, leehom, adapterRemoval, clipandmerge, cutadapt, flexbar, trimmomatic, skewer, sortmerna, biobloomtools, fastq_screen, afterqc, fastp, fastqc, minionqc, clusterflow, bcl2fastq, interop, flash
[2019-11-19 06:04:39,415] multiqc                                            [DEBUG  ]  Using temporary directory for creating report: /tmp/tmpc7yap28m
[2019-11-19 06:04:39,905] multiqc                                            [DEBUG  ]  No samples found: custom_content
[2019-11-19 06:04:39,908] multiqc                                            [DEBUG  ]  No samples found: conpair
[2019-11-19 06:04:39,911] multiqc                                            [DEBUG  ]  No samples found: peddy
[2019-11-19 06:04:39,914] multiqc                                            [DEBUG  ]  No samples found: methylQA
[2019-11-19 06:04:39,917] multiqc                                            [DEBUG  ]  No samples found: phantompeakqualtools
[2019-11-19 06:04:39,920] multiqc                                            [DEBUG  ]  No samples found: qualimap
[2019-11-19 06:04:39,923] multiqc                                            [DEBUG  ]  No samples found: preseq
[2019-11-19 06:04:39,926] multiqc                                            [DEBUG  ]  No samples found: quast
[2019-11-19 06:04:39,929] multiqc                                            [DEBUG  ]  No samples found: qorts
[2019-11-19 06:04:39,932] multiqc                                            [DEBUG  ]  No samples found: rna_seqc
[2019-11-19 06:04:39,935] multiqc                                            [DEBUG  ]  No samples found: rsem
[2019-11-19 06:04:39,939] multiqc                                            [DEBUG  ]  No samples found: rseqc
[2019-11-19 06:04:39,942] multiqc                                            [DEBUG  ]  No samples found: busco
[2019-11-19 06:04:39,945] multiqc                                            [DEBUG  ]  No samples found: goleft_indexcov
[2019-11-19 06:04:39,948] multiqc                                            [DEBUG  ]  No samples found: disambiguate
[2019-11-19 06:04:39,951] multiqc                                            [DEBUG  ]  No samples found: supernova
[2019-11-19 06:04:39,956] multiqc                                            [DEBUG  ]  No samples found: deeptools
[2019-11-19 06:04:39,959] multiqc                                            [DEBUG  ]  No samples found: sargasso
[2019-11-19 06:04:39,962] multiqc                                            [DEBUG  ]  No samples found: verifybamid
[2019-11-19 06:04:39,967] multiqc                                            [DEBUG  ]  No samples found: mirtrace
[2019-11-19 06:04:39,970] multiqc                                            [DEBUG  ]  No samples found: happy
[2019-11-19 06:04:39,975] multiqc                                            [DEBUG  ]  No samples found: homer
[2019-11-19 06:04:39,980] multiqc                                            [DEBUG  ]  No samples found: macs2
[2019-11-19 06:04:39,984] multiqc                                            [DEBUG  ]  No samples found: theta2
[2019-11-19 06:04:39,989] multiqc                                            [DEBUG  ]  No samples found: snpeff
[2019-11-19 06:04:39,995] multiqc                                            [DEBUG  ]  No samples found: gatk
[2019-11-19 06:04:39,997] multiqc                                            [DEBUG  ]  No samples found: htseq
[2019-11-19 06:04:40,001] multiqc                                            [DEBUG  ]  No samples found: bcftools
[2019-11-19 06:04:40,005] multiqc                                            [DEBUG  ]  No samples found: featureCounts
[2019-11-19 06:04:40,010] multiqc                                            [DEBUG  ]  No samples found: dedup
[2019-11-19 06:04:40,013] multiqc                                            [DEBUG  ]  No samples found: damageprofiler
[2019-11-19 06:04:40,019] multiqc                                            [DEBUG  ]  No samples found: picard
[2019-11-19 06:04:40,022] multiqc                                            [DEBUG  ]  No samples found: prokka
[2019-11-19 06:04:40,024] multiqc                                            [DEBUG  ]  No samples found: samblaster
[2019-11-19 06:04:40,028] multiqc                                            [DEBUG  ]  No samples found: samtools
[2019-11-19 06:04:40,031] multiqc                                            [DEBUG  ]  No samples found: bamtools
[2019-11-19 06:04:40,034] multiqc                                            [DEBUG  ]  No samples found: jellyfish
[2019-11-19 06:04:40,038] multiqc                                            [DEBUG  ]  No samples found: vcftools
[2019-11-19 06:04:40,041] multiqc                                            [DEBUG  ]  No samples found: longranger
[2019-11-19 06:04:40,044] multiqc                                            [DEBUG  ]  No samples found: stacks
[2019-11-19 06:04:40,049] multiqc                                            [DEBUG  ]  No samples found: bbmap
[2019-11-19 06:04:40,052] multiqc                                            [DEBUG  ]  No samples found: bismark
[2019-11-19 06:04:40,056] multiqc                                            [DEBUG  ]  No samples found: biscuit
[2019-11-19 06:04:40,058] multiqc                                            [DEBUG  ]  No samples found: hicexplorer
[2019-11-19 06:04:40,061] multiqc                                            [DEBUG  ]  No samples found: hicup
[2019-11-19 06:04:40,064] multiqc                                            [DEBUG  ]  No samples found: hicpro
[2019-11-19 06:04:40,067] multiqc                                            [DEBUG  ]  No samples found: salmon
[2019-11-19 06:04:40,070] multiqc                                            [DEBUG  ]  No samples found: kallisto
[2019-11-19 06:04:40,073] multiqc                                            [DEBUG  ]  No samples found: slamdunk
[2019-11-19 06:04:40,076] multiqc                                            [DEBUG  ]  No samples found: star
[2019-11-19 06:04:40,079] multiqc                                            [DEBUG  ]  No samples found: hisat2
[2019-11-19 06:04:40,082] multiqc                                            [DEBUG  ]  No samples found: tophat
[2019-11-19 06:04:40,085] multiqc                                            [DEBUG  ]  No samples found: bowtie2
[2019-11-19 06:04:40,088] multiqc                                            [DEBUG  ]  No samples found: bowtie1
[2019-11-19 06:04:40,091] multiqc                                            [DEBUG  ]  No samples found: kat
[2019-11-19 06:04:40,093] multiqc                                            [DEBUG  ]  No samples found: leehom
[2019-11-19 06:04:40,096] multiqc                                            [DEBUG  ]  No samples found: adapterRemoval
[2019-11-19 06:04:40,099] multiqc                                            [DEBUG  ]  No samples found: clipandmerge
[2019-11-19 06:04:40,102] multiqc                                            [DEBUG  ]  No samples found: cutadapt
[2019-11-19 06:04:40,105] multiqc                                            [DEBUG  ]  No samples found: flexbar
[2019-11-19 06:04:40,108] multiqc                                            [DEBUG  ]  No samples found: trimmomatic
[2019-11-19 06:04:40,111] multiqc                                            [DEBUG  ]  No samples found: skewer
[2019-11-19 06:04:40,113] multiqc                                            [DEBUG  ]  No samples found: sortmerna
[2019-11-19 06:04:40,116] multiqc                                            [DEBUG  ]  No samples found: biobloomtools
[2019-11-19 06:04:40,119] multiqc                                            [DEBUG  ]  No samples found: fastq_screen
[2019-11-19 06:04:40,122] multiqc                                            [DEBUG  ]  No samples found: afterqc
[2019-11-19 06:04:40,125] multiqc                                            [DEBUG  ]  No samples found: fastp
[2019-11-19 06:04:40,131] multiqc.modules.fastqc.fastqc                      [INFO   ]  Found 1 reports
[2019-11-19 06:04:40,178] multiqc                                            [DEBUG  ]  No samples found: minionqc
[2019-11-19 06:04:40,181] multiqc                                            [DEBUG  ]  No samples found: clusterflow
[2019-11-19 06:04:40,184] multiqc                                            [DEBUG  ]  No samples found: bcl2fastq
[2019-11-19 06:04:40,187] multiqc                                            [DEBUG  ]  No samples found: interop
[2019-11-19 06:04:40,190] multiqc                                            [DEBUG  ]  No samples found: flash
[2019-11-19 06:04:40,193] multiqc                                            [INFO   ]  Compressing plot data
[2019-11-19 06:04:40,222] multiqc                                            [INFO   ]  Report      : ../../../../../../../data/multiqc_report.html
[2019-11-19 06:04:40,222] multiqc                                            [INFO   ]  Data        : ../../../../../../../data/multiqc_data
[2019-11-19 06:04:40,223] multiqc                                            [DEBUG  ]  Moving data file from '/tmp/tmpc7yap28m/multiqc_data/multiqc_general_stats.txt' to '/data/multiqc_data'
[2019-11-19 06:04:40,223] multiqc                                            [DEBUG  ]  Moving data file from '/tmp/tmpc7yap28m/multiqc_data/multiqc_fastqc.txt' to '/data/multiqc_data'
[2019-11-19 06:04:40,223] multiqc                                            [DEBUG  ]  Moving data file from '/tmp/tmpc7yap28m/multiqc_data/multiqc_data.json' to '/data/multiqc_data'
[2019-11-19 06:04:40,224] multiqc                                            [DEBUG  ]  Moving data file from '/tmp/tmpc7yap28m/multiqc_data/multiqc_sources.txt' to '/data/multiqc_data'
[2019-11-19 06:04:40,325] multiqc                                            [INFO   ]  MultiQC complete
