[2019-11-19 11:03:44,325] multiqc                                            [DEBUG  ]  No MultiQC config found: /usr/lib/python3.6/site-packages/multiqc-1.7-py3.6.egg/multiqc_config.yaml
[2019-11-19 11:03:44,325] multiqc                                            [DEBUG  ]  No MultiQC config found: /root/.multiqc_config.yaml
[2019-11-19 11:03:44,325] multiqc                                            [DEBUG  ]  No MultiQC config found: multiqc_config.yaml
[2019-11-19 11:03:44,325] multiqc                                            [DEBUG  ]  Command used: /usr/bin/multiqc /data/HG00141.unmapped.ILLUMINA.bwa.GBR.low_coverage.20101123_fastqc.zip -o /data
[2019-11-19 11:03:46,166] multiqc                                            [DEBUG  ]  Latest MultiQC version is v1.7
[2019-11-19 11:03:46,167] multiqc                                            [INFO   ]  This is MultiQC v1.7
[2019-11-19 11:03:46,167] multiqc                                            [DEBUG  ]  Command     : /usr/bin/multiqc /data/HG00141.unmapped.ILLUMINA.bwa.GBR.low_coverage.20101123_fastqc.zip -o /data
[2019-11-19 11:03:46,167] multiqc                                            [DEBUG  ]  Working dir : /var/lib/toil/toil-9b56b740-ccba-4b13-b998-c6aabca34938-69d14ae953f0400cbe6f0dc87a7486c9/tmp_T12H2/758dfe5c-a955-4d45-aa0b-3cf87b664b53/tDMJsr9
[2019-11-19 11:03:46,167] multiqc                                            [INFO   ]  Template    : default
[2019-11-19 11:03:46,167] multiqc                                            [INFO   ]  Searching '/data/HG00141.unmapped.ILLUMINA.bwa.GBR.low_coverage.20101123_fastqc.zip'
[2019-11-19 11:03:46,168] multiqc                                            [DEBUG  ]  Analysing modules: custom_content, conpair, peddy, methylQA, phantompeakqualtools, qualimap, preseq, quast, qorts, rna_seqc, rsem, rseqc, busco, goleft_indexcov, disambiguate, supernova, deeptools, sargasso, verifybamid, mirtrace, happy, homer, macs2, theta2, snpeff, gatk, htseq, bcftools, featureCounts, dedup, damageprofiler, picard, prokka, samblaster, samtools, bamtools, jellyfish, vcftools, longranger, stacks, bbmap, bismark, biscuit, hicexplorer, hicup, hicpro, salmon, kallisto, slamdunk, star, hisat2, tophat, bowtie2, bowtie1, kat, leehom, adapterRemoval, clipandmerge, cutadapt, flexbar, trimmomatic, skewer, sortmerna, biobloomtools, fastq_screen, afterqc, fastp, fastqc, minionqc, clusterflow, bcl2fastq, interop, flash
[2019-11-19 11:03:46,168] multiqc                                            [DEBUG  ]  Using temporary directory for creating report: /tmp/tmpaompfu3n
[2019-11-19 11:03:46,818] multiqc                                            [DEBUG  ]  No samples found: custom_content
[2019-11-19 11:03:46,821] multiqc                                            [DEBUG  ]  No samples found: conpair
[2019-11-19 11:03:46,825] multiqc                                            [DEBUG  ]  No samples found: peddy
[2019-11-19 11:03:46,828] multiqc                                            [DEBUG  ]  No samples found: methylQA
[2019-11-19 11:03:46,831] multiqc                                            [DEBUG  ]  No samples found: phantompeakqualtools
[2019-11-19 11:03:46,835] multiqc                                            [DEBUG  ]  No samples found: qualimap
[2019-11-19 11:03:46,839] multiqc                                            [DEBUG  ]  No samples found: preseq
[2019-11-19 11:03:46,842] multiqc                                            [DEBUG  ]  No samples found: quast
[2019-11-19 11:03:46,846] multiqc                                            [DEBUG  ]  No samples found: qorts
[2019-11-19 11:03:46,849] multiqc                                            [DEBUG  ]  No samples found: rna_seqc
[2019-11-19 11:03:46,853] multiqc                                            [DEBUG  ]  No samples found: rsem
[2019-11-19 11:03:46,860] multiqc                                            [DEBUG  ]  No samples found: rseqc
[2019-11-19 11:03:46,864] multiqc                                            [DEBUG  ]  No samples found: busco
[2019-11-19 11:03:46,867] multiqc                                            [DEBUG  ]  No samples found: goleft_indexcov
[2019-11-19 11:03:46,871] multiqc                                            [DEBUG  ]  No samples found: disambiguate
[2019-11-19 11:03:46,874] multiqc                                            [DEBUG  ]  No samples found: supernova
[2019-11-19 11:03:46,881] multiqc                                            [DEBUG  ]  No samples found: deeptools
[2019-11-19 11:03:46,885] multiqc                                            [DEBUG  ]  No samples found: sargasso
[2019-11-19 11:03:46,888] multiqc                                            [DEBUG  ]  No samples found: verifybamid
[2019-11-19 11:03:46,892] multiqc                                            [DEBUG  ]  No samples found: mirtrace
[2019-11-19 11:03:46,895] multiqc                                            [DEBUG  ]  No samples found: happy
[2019-11-19 11:03:46,900] multiqc                                            [DEBUG  ]  No samples found: homer
[2019-11-19 11:03:46,904] multiqc                                            [DEBUG  ]  No samples found: macs2
[2019-11-19 11:03:46,907] multiqc                                            [DEBUG  ]  No samples found: theta2
[2019-11-19 11:03:46,910] multiqc                                            [DEBUG  ]  No samples found: snpeff
[2019-11-19 11:03:46,915] multiqc                                            [DEBUG  ]  No samples found: gatk
[2019-11-19 11:03:46,918] multiqc                                            [DEBUG  ]  No samples found: htseq
[2019-11-19 11:03:46,922] multiqc                                            [DEBUG  ]  No samples found: bcftools
[2019-11-19 11:03:46,925] multiqc                                            [DEBUG  ]  No samples found: featureCounts
[2019-11-19 11:03:46,928] multiqc                                            [DEBUG  ]  No samples found: dedup
[2019-11-19 11:03:46,932] multiqc                                            [DEBUG  ]  No samples found: damageprofiler
[2019-11-19 11:03:46,941] multiqc                                            [DEBUG  ]  No samples found: picard
[2019-11-19 11:03:46,944] multiqc                                            [DEBUG  ]  No samples found: prokka
[2019-11-19 11:03:46,947] multiqc                                            [DEBUG  ]  No samples found: samblaster
[2019-11-19 11:03:46,952] multiqc                                            [DEBUG  ]  No samples found: samtools
[2019-11-19 11:03:46,956] multiqc                                            [DEBUG  ]  No samples found: bamtools
[2019-11-19 11:03:46,959] multiqc                                            [DEBUG  ]  No samples found: jellyfish
[2019-11-19 11:03:46,964] multiqc                                            [DEBUG  ]  No samples found: vcftools
[2019-11-19 11:03:46,967] multiqc                                            [DEBUG  ]  No samples found: longranger
[2019-11-19 11:03:46,971] multiqc                                            [DEBUG  ]  No samples found: stacks
[2019-11-19 11:03:46,978] multiqc                                            [DEBUG  ]  No samples found: bbmap
[2019-11-19 11:03:46,982] multiqc                                            [DEBUG  ]  No samples found: bismark
[2019-11-19 11:03:46,987] multiqc                                            [DEBUG  ]  No samples found: biscuit
[2019-11-19 11:03:46,990] multiqc                                            [DEBUG  ]  No samples found: hicexplorer
[2019-11-19 11:03:46,994] multiqc                                            [DEBUG  ]  No samples found: hicup
[2019-11-19 11:03:46,997] multiqc                                            [DEBUG  ]  No samples found: hicpro
[2019-11-19 11:03:47,001] multiqc                                            [DEBUG  ]  No samples found: salmon
[2019-11-19 11:03:47,005] multiqc                                            [DEBUG  ]  No samples found: kallisto
[2019-11-19 11:03:47,009] multiqc                                            [DEBUG  ]  No samples found: slamdunk
[2019-11-19 11:03:47,012] multiqc                                            [DEBUG  ]  No samples found: star
[2019-11-19 11:03:47,015] multiqc                                            [DEBUG  ]  No samples found: hisat2
[2019-11-19 11:03:47,019] multiqc                                            [DEBUG  ]  No samples found: tophat
[2019-11-19 11:03:47,022] multiqc                                            [DEBUG  ]  No samples found: bowtie2
[2019-11-19 11:03:47,025] multiqc                                            [DEBUG  ]  No samples found: bowtie1
[2019-11-19 11:03:47,029] multiqc                                            [DEBUG  ]  No samples found: kat
[2019-11-19 11:03:47,032] multiqc                                            [DEBUG  ]  No samples found: leehom
[2019-11-19 11:03:47,036] multiqc                                            [DEBUG  ]  No samples found: adapterRemoval
[2019-11-19 11:03:47,039] multiqc                                            [DEBUG  ]  No samples found: clipandmerge
[2019-11-19 11:03:47,043] multiqc                                            [DEBUG  ]  No samples found: cutadapt
[2019-11-19 11:03:47,046] multiqc                                            [DEBUG  ]  No samples found: flexbar
[2019-11-19 11:03:47,050] multiqc                                            [DEBUG  ]  No samples found: trimmomatic
[2019-11-19 11:03:47,053] multiqc                                            [DEBUG  ]  No samples found: skewer
[2019-11-19 11:03:47,056] multiqc                                            [DEBUG  ]  No samples found: sortmerna
[2019-11-19 11:03:47,060] multiqc                                            [DEBUG  ]  No samples found: biobloomtools
[2019-11-19 11:03:47,063] multiqc                                            [DEBUG  ]  No samples found: fastq_screen
[2019-11-19 11:03:47,066] multiqc                                            [DEBUG  ]  No samples found: afterqc
[2019-11-19 11:03:47,070] multiqc                                            [DEBUG  ]  No samples found: fastp
[2019-11-19 11:03:47,076] multiqc.modules.fastqc.fastqc                      [INFO   ]  Found 1 reports
[2019-11-19 11:03:47,126] multiqc                                            [DEBUG  ]  No samples found: minionqc
[2019-11-19 11:03:47,130] multiqc                                            [DEBUG  ]  No samples found: clusterflow
[2019-11-19 11:03:47,134] multiqc                                            [DEBUG  ]  No samples found: bcl2fastq
[2019-11-19 11:03:47,137] multiqc                                            [DEBUG  ]  No samples found: interop
[2019-11-19 11:03:47,141] multiqc                                            [DEBUG  ]  No samples found: flash
[2019-11-19 11:03:47,144] multiqc                                            [INFO   ]  Compressing plot data
[2019-11-19 11:03:47,179] multiqc                                            [INFO   ]  Report      : ../../../../../../../data/multiqc_report.html
[2019-11-19 11:03:47,180] multiqc                                            [INFO   ]  Data        : ../../../../../../../data/multiqc_data
[2019-11-19 11:03:47,180] multiqc                                            [DEBUG  ]  Moving data file from '/tmp/tmpaompfu3n/multiqc_data/multiqc_general_stats.txt' to '/data/multiqc_data'
[2019-11-19 11:03:47,180] multiqc                                            [DEBUG  ]  Moving data file from '/tmp/tmpaompfu3n/multiqc_data/multiqc_fastqc.txt' to '/data/multiqc_data'
[2019-11-19 11:03:47,181] multiqc                                            [DEBUG  ]  Moving data file from '/tmp/tmpaompfu3n/multiqc_data/multiqc_data.json' to '/data/multiqc_data'
[2019-11-19 11:03:47,181] multiqc                                            [DEBUG  ]  Moving data file from '/tmp/tmpaompfu3n/multiqc_data/multiqc_sources.txt' to '/data/multiqc_data'
[2019-11-19 11:03:47,303] multiqc                                            [INFO   ]  MultiQC complete
