[2019-11-19 10:11:28,447] multiqc                                            [DEBUG  ]  No MultiQC config found: /usr/lib/python3.6/site-packages/multiqc-1.7-py3.6.egg/multiqc_config.yaml
[2019-11-19 10:11:28,447] multiqc                                            [DEBUG  ]  No MultiQC config found: /root/.multiqc_config.yaml
[2019-11-19 10:11:28,447] multiqc                                            [DEBUG  ]  No MultiQC config found: multiqc_config.yaml
[2019-11-19 10:11:28,447] multiqc                                            [DEBUG  ]  Command used: /usr/bin/multiqc /data/HG00124.mapped.ILLUMINA.bwa.GBR.low_coverage.20101123_fastqc.zip -o /data
[2019-11-19 10:11:30,321] multiqc                                            [DEBUG  ]  Latest MultiQC version is v1.7
[2019-11-19 10:11:30,321] multiqc                                            [INFO   ]  This is MultiQC v1.7
[2019-11-19 10:11:30,321] multiqc                                            [DEBUG  ]  Command     : /usr/bin/multiqc /data/HG00124.mapped.ILLUMINA.bwa.GBR.low_coverage.20101123_fastqc.zip -o /data
[2019-11-19 10:11:30,321] multiqc                                            [DEBUG  ]  Working dir : /var/lib/toil/toil-9b56b740-ccba-4b13-b998-c6aabca34938-69d14ae953f0400cbe6f0dc87a7486c9/tmpEaIvcf/56dce034-f118-4d4a-bdc6-884d0ade2aeb/toAE3vn
[2019-11-19 10:11:30,321] multiqc                                            [INFO   ]  Template    : default
[2019-11-19 10:11:30,321] multiqc                                            [INFO   ]  Searching '/data/HG00124.mapped.ILLUMINA.bwa.GBR.low_coverage.20101123_fastqc.zip'
[2019-11-19 10:11:30,322] multiqc                                            [DEBUG  ]  Analysing modules: custom_content, conpair, peddy, methylQA, phantompeakqualtools, qualimap, preseq, quast, qorts, rna_seqc, rsem, rseqc, busco, goleft_indexcov, disambiguate, supernova, deeptools, sargasso, verifybamid, mirtrace, happy, homer, macs2, theta2, snpeff, gatk, htseq, bcftools, featureCounts, dedup, damageprofiler, picard, prokka, samblaster, samtools, bamtools, jellyfish, vcftools, longranger, stacks, bbmap, bismark, biscuit, hicexplorer, hicup, hicpro, salmon, kallisto, slamdunk, star, hisat2, tophat, bowtie2, bowtie1, kat, leehom, adapterRemoval, clipandmerge, cutadapt, flexbar, trimmomatic, skewer, sortmerna, biobloomtools, fastq_screen, afterqc, fastp, fastqc, minionqc, clusterflow, bcl2fastq, interop, flash
[2019-11-19 10:11:30,322] multiqc                                            [DEBUG  ]  Using temporary directory for creating report: /tmp/tmplv4q72gb
[2019-11-19 10:11:31,334] multiqc                                            [DEBUG  ]  No samples found: custom_content
[2019-11-19 10:11:31,340] multiqc                                            [DEBUG  ]  No samples found: conpair
[2019-11-19 10:11:31,347] multiqc                                            [DEBUG  ]  No samples found: peddy
[2019-11-19 10:11:31,354] multiqc                                            [DEBUG  ]  No samples found: methylQA
[2019-11-19 10:11:31,360] multiqc                                            [DEBUG  ]  No samples found: phantompeakqualtools
[2019-11-19 10:11:31,368] multiqc                                            [DEBUG  ]  No samples found: qualimap
[2019-11-19 10:11:31,374] multiqc                                            [DEBUG  ]  No samples found: preseq
[2019-11-19 10:11:31,381] multiqc                                            [DEBUG  ]  No samples found: quast
[2019-11-19 10:11:31,387] multiqc                                            [DEBUG  ]  No samples found: qorts
[2019-11-19 10:11:31,394] multiqc                                            [DEBUG  ]  No samples found: rna_seqc
[2019-11-19 10:11:31,400] multiqc                                            [DEBUG  ]  No samples found: rsem
[2019-11-19 10:11:31,412] multiqc                                            [DEBUG  ]  No samples found: rseqc
[2019-11-19 10:11:31,418] multiqc                                            [DEBUG  ]  No samples found: busco
[2019-11-19 10:11:31,425] multiqc                                            [DEBUG  ]  No samples found: goleft_indexcov
[2019-11-19 10:11:31,431] multiqc                                            [DEBUG  ]  No samples found: disambiguate
[2019-11-19 10:11:31,437] multiqc                                            [DEBUG  ]  No samples found: supernova
[2019-11-19 10:11:31,450] multiqc                                            [DEBUG  ]  No samples found: deeptools
[2019-11-19 10:11:31,456] multiqc                                            [DEBUG  ]  No samples found: sargasso
[2019-11-19 10:11:31,462] multiqc                                            [DEBUG  ]  No samples found: verifybamid
[2019-11-19 10:11:31,469] multiqc                                            [DEBUG  ]  No samples found: mirtrace
[2019-11-19 10:11:31,475] multiqc                                            [DEBUG  ]  No samples found: happy
[2019-11-19 10:11:31,483] multiqc                                            [DEBUG  ]  No samples found: homer
[2019-11-19 10:11:31,489] multiqc                                            [DEBUG  ]  No samples found: macs2
[2019-11-19 10:11:31,495] multiqc                                            [DEBUG  ]  No samples found: theta2
[2019-11-19 10:11:31,502] multiqc                                            [DEBUG  ]  No samples found: snpeff
[2019-11-19 10:11:31,510] multiqc                                            [DEBUG  ]  No samples found: gatk
[2019-11-19 10:11:31,516] multiqc                                            [DEBUG  ]  No samples found: htseq
[2019-11-19 10:11:31,523] multiqc                                            [DEBUG  ]  No samples found: bcftools
[2019-11-19 10:11:31,530] multiqc                                            [DEBUG  ]  No samples found: featureCounts
[2019-11-19 10:11:31,536] multiqc                                            [DEBUG  ]  No samples found: dedup
[2019-11-19 10:11:31,542] multiqc                                            [DEBUG  ]  No samples found: damageprofiler
[2019-11-19 10:11:31,558] multiqc                                            [DEBUG  ]  No samples found: picard
[2019-11-19 10:11:31,564] multiqc                                            [DEBUG  ]  No samples found: prokka
[2019-11-19 10:11:31,570] multiqc                                            [DEBUG  ]  No samples found: samblaster
[2019-11-19 10:11:31,580] multiqc                                            [DEBUG  ]  No samples found: samtools
[2019-11-19 10:11:31,587] multiqc                                            [DEBUG  ]  No samples found: bamtools
[2019-11-19 10:11:31,593] multiqc                                            [DEBUG  ]  No samples found: jellyfish
[2019-11-19 10:11:31,602] multiqc                                            [DEBUG  ]  No samples found: vcftools
[2019-11-19 10:11:31,608] multiqc                                            [DEBUG  ]  No samples found: longranger
[2019-11-19 10:11:31,615] multiqc                                            [DEBUG  ]  No samples found: stacks
[2019-11-19 10:11:31,629] multiqc                                            [DEBUG  ]  No samples found: bbmap
[2019-11-19 10:11:31,636] multiqc                                            [DEBUG  ]  No samples found: bismark
[2019-11-19 10:11:31,644] multiqc                                            [DEBUG  ]  No samples found: biscuit
[2019-11-19 10:11:31,650] multiqc                                            [DEBUG  ]  No samples found: hicexplorer
[2019-11-19 10:11:31,657] multiqc                                            [DEBUG  ]  No samples found: hicup
[2019-11-19 10:11:31,663] multiqc                                            [DEBUG  ]  No samples found: hicpro
[2019-11-19 10:11:31,669] multiqc                                            [DEBUG  ]  No samples found: salmon
[2019-11-19 10:11:31,675] multiqc                                            [DEBUG  ]  No samples found: kallisto
[2019-11-19 10:11:31,682] multiqc                                            [DEBUG  ]  No samples found: slamdunk
[2019-11-19 10:11:31,688] multiqc                                            [DEBUG  ]  No samples found: star
[2019-11-19 10:11:31,694] multiqc                                            [DEBUG  ]  No samples found: hisat2
[2019-11-19 10:11:31,700] multiqc                                            [DEBUG  ]  No samples found: tophat
[2019-11-19 10:11:31,707] multiqc                                            [DEBUG  ]  No samples found: bowtie2
[2019-11-19 10:11:31,713] multiqc                                            [DEBUG  ]  No samples found: bowtie1
[2019-11-19 10:11:31,720] multiqc                                            [DEBUG  ]  No samples found: kat
[2019-11-19 10:11:31,726] multiqc                                            [DEBUG  ]  No samples found: leehom
[2019-11-19 10:11:31,732] multiqc                                            [DEBUG  ]  No samples found: adapterRemoval
[2019-11-19 10:11:31,738] multiqc                                            [DEBUG  ]  No samples found: clipandmerge
[2019-11-19 10:11:31,744] multiqc                                            [DEBUG  ]  No samples found: cutadapt
[2019-11-19 10:11:31,751] multiqc                                            [DEBUG  ]  No samples found: flexbar
[2019-11-19 10:11:31,757] multiqc                                            [DEBUG  ]  No samples found: trimmomatic
[2019-11-19 10:11:31,764] multiqc                                            [DEBUG  ]  No samples found: skewer
[2019-11-19 10:11:31,770] multiqc                                            [DEBUG  ]  No samples found: sortmerna
[2019-11-19 10:11:31,777] multiqc                                            [DEBUG  ]  No samples found: biobloomtools
[2019-11-19 10:11:31,784] multiqc                                            [DEBUG  ]  No samples found: fastq_screen
[2019-11-19 10:11:31,790] multiqc                                            [DEBUG  ]  No samples found: afterqc
[2019-11-19 10:11:31,796] multiqc                                            [DEBUG  ]  No samples found: fastp
[2019-11-19 10:11:31,808] multiqc.modules.fastqc.fastqc                      [INFO   ]  Found 1 reports
[2019-11-19 10:11:31,909] multiqc                                            [DEBUG  ]  No samples found: minionqc
[2019-11-19 10:11:31,916] multiqc                                            [DEBUG  ]  No samples found: clusterflow
[2019-11-19 10:11:31,922] multiqc                                            [DEBUG  ]  No samples found: bcl2fastq
[2019-11-19 10:11:31,929] multiqc                                            [DEBUG  ]  No samples found: interop
[2019-11-19 10:11:31,936] multiqc                                            [DEBUG  ]  No samples found: flash
[2019-11-19 10:11:31,940] multiqc                                            [INFO   ]  Compressing plot data
[2019-11-19 10:11:31,986] multiqc                                            [INFO   ]  Report      : ../../../../../../../data/multiqc_report.html
[2019-11-19 10:11:31,986] multiqc                                            [INFO   ]  Data        : ../../../../../../../data/multiqc_data
[2019-11-19 10:11:31,986] multiqc                                            [DEBUG  ]  Moving data file from '/tmp/tmplv4q72gb/multiqc_data/multiqc_general_stats.txt' to '/data/multiqc_data'
[2019-11-19 10:11:31,987] multiqc                                            [DEBUG  ]  Moving data file from '/tmp/tmplv4q72gb/multiqc_data/multiqc_fastqc.txt' to '/data/multiqc_data'
[2019-11-19 10:11:31,987] multiqc                                            [DEBUG  ]  Moving data file from '/tmp/tmplv4q72gb/multiqc_data/multiqc_data.json' to '/data/multiqc_data'
[2019-11-19 10:11:31,988] multiqc                                            [DEBUG  ]  Moving data file from '/tmp/tmplv4q72gb/multiqc_data/multiqc_sources.txt' to '/data/multiqc_data'
[2019-11-19 10:11:32,192] multiqc                                            [INFO   ]  MultiQC complete
