[2019-11-19 13:49:27,960] multiqc                                            [DEBUG  ]  No MultiQC config found: /usr/lib/python3.6/site-packages/multiqc-1.7-py3.6.egg/multiqc_config.yaml
[2019-11-19 13:49:27,961] multiqc                                            [DEBUG  ]  No MultiQC config found: /root/.multiqc_config.yaml
[2019-11-19 13:49:27,961] multiqc                                            [DEBUG  ]  No MultiQC config found: multiqc_config.yaml
[2019-11-19 13:49:27,961] multiqc                                            [DEBUG  ]  Command used: /usr/bin/multiqc /data/HG00185.mapped.ILLUMINA.bwa.FIN.low_coverage.20101123_fastqc.zip -o /data
[2019-11-19 13:49:29,628] multiqc                                            [DEBUG  ]  Latest MultiQC version is v1.7
[2019-11-19 13:49:29,628] multiqc                                            [INFO   ]  This is MultiQC v1.7
[2019-11-19 13:49:29,628] multiqc                                            [DEBUG  ]  Command     : /usr/bin/multiqc /data/HG00185.mapped.ILLUMINA.bwa.FIN.low_coverage.20101123_fastqc.zip -o /data
[2019-11-19 13:49:29,628] multiqc                                            [DEBUG  ]  Working dir : /var/lib/toil/toil-9b56b740-ccba-4b13-b998-c6aabca34938-69d14ae953f0400cbe6f0dc87a7486c9/tmpDY4Pho/7641ed7d-3896-48c0-9f92-cb7b8144b44b/t3WWFY4
[2019-11-19 13:49:29,628] multiqc                                            [INFO   ]  Template    : default
[2019-11-19 13:49:29,628] multiqc                                            [INFO   ]  Searching '/data/HG00185.mapped.ILLUMINA.bwa.FIN.low_coverage.20101123_fastqc.zip'
[2019-11-19 13:49:29,629] multiqc                                            [DEBUG  ]  Analysing modules: custom_content, conpair, peddy, methylQA, phantompeakqualtools, qualimap, preseq, quast, qorts, rna_seqc, rsem, rseqc, busco, goleft_indexcov, disambiguate, supernova, deeptools, sargasso, verifybamid, mirtrace, happy, homer, macs2, theta2, snpeff, gatk, htseq, bcftools, featureCounts, dedup, damageprofiler, picard, prokka, samblaster, samtools, bamtools, jellyfish, vcftools, longranger, stacks, bbmap, bismark, biscuit, hicexplorer, hicup, hicpro, salmon, kallisto, slamdunk, star, hisat2, tophat, bowtie2, bowtie1, kat, leehom, adapterRemoval, clipandmerge, cutadapt, flexbar, trimmomatic, skewer, sortmerna, biobloomtools, fastq_screen, afterqc, fastp, fastqc, minionqc, clusterflow, bcl2fastq, interop, flash
[2019-11-19 13:49:29,629] multiqc                                            [DEBUG  ]  Using temporary directory for creating report: /tmp/tmplw5qhtm9
[2019-11-19 13:49:30,647] multiqc                                            [DEBUG  ]  No samples found: custom_content
[2019-11-19 13:49:30,654] multiqc                                            [DEBUG  ]  No samples found: conpair
[2019-11-19 13:49:30,662] multiqc                                            [DEBUG  ]  No samples found: peddy
[2019-11-19 13:49:30,668] multiqc                                            [DEBUG  ]  No samples found: methylQA
[2019-11-19 13:49:30,674] multiqc                                            [DEBUG  ]  No samples found: phantompeakqualtools
[2019-11-19 13:49:30,683] multiqc                                            [DEBUG  ]  No samples found: qualimap
[2019-11-19 13:49:30,689] multiqc                                            [DEBUG  ]  No samples found: preseq
[2019-11-19 13:49:30,696] multiqc                                            [DEBUG  ]  No samples found: quast
[2019-11-19 13:49:30,702] multiqc                                            [DEBUG  ]  No samples found: qorts
[2019-11-19 13:49:30,709] multiqc                                            [DEBUG  ]  No samples found: rna_seqc
[2019-11-19 13:49:30,716] multiqc                                            [DEBUG  ]  No samples found: rsem
[2019-11-19 13:49:30,728] multiqc                                            [DEBUG  ]  No samples found: rseqc
[2019-11-19 13:49:30,734] multiqc                                            [DEBUG  ]  No samples found: busco
[2019-11-19 13:49:30,741] multiqc                                            [DEBUG  ]  No samples found: goleft_indexcov
[2019-11-19 13:49:30,747] multiqc                                            [DEBUG  ]  No samples found: disambiguate
[2019-11-19 13:49:30,754] multiqc                                            [DEBUG  ]  No samples found: supernova
[2019-11-19 13:49:30,768] multiqc                                            [DEBUG  ]  No samples found: deeptools
[2019-11-19 13:49:30,774] multiqc                                            [DEBUG  ]  No samples found: sargasso
[2019-11-19 13:49:30,781] multiqc                                            [DEBUG  ]  No samples found: verifybamid
[2019-11-19 13:49:30,787] multiqc                                            [DEBUG  ]  No samples found: mirtrace
[2019-11-19 13:49:30,794] multiqc                                            [DEBUG  ]  No samples found: happy
[2019-11-19 13:49:30,802] multiqc                                            [DEBUG  ]  No samples found: homer
[2019-11-19 13:49:30,809] multiqc                                            [DEBUG  ]  No samples found: macs2
[2019-11-19 13:49:30,815] multiqc                                            [DEBUG  ]  No samples found: theta2
[2019-11-19 13:49:30,821] multiqc                                            [DEBUG  ]  No samples found: snpeff
[2019-11-19 13:49:30,830] multiqc                                            [DEBUG  ]  No samples found: gatk
[2019-11-19 13:49:30,836] multiqc                                            [DEBUG  ]  No samples found: htseq
[2019-11-19 13:49:30,843] multiqc                                            [DEBUG  ]  No samples found: bcftools
[2019-11-19 13:49:30,850] multiqc                                            [DEBUG  ]  No samples found: featureCounts
[2019-11-19 13:49:30,856] multiqc                                            [DEBUG  ]  No samples found: dedup
[2019-11-19 13:49:30,862] multiqc                                            [DEBUG  ]  No samples found: damageprofiler
[2019-11-19 13:49:30,878] multiqc                                            [DEBUG  ]  No samples found: picard
[2019-11-19 13:49:30,885] multiqc                                            [DEBUG  ]  No samples found: prokka
[2019-11-19 13:49:30,891] multiqc                                            [DEBUG  ]  No samples found: samblaster
[2019-11-19 13:49:30,900] multiqc                                            [DEBUG  ]  No samples found: samtools
[2019-11-19 13:49:30,907] multiqc                                            [DEBUG  ]  No samples found: bamtools
[2019-11-19 13:49:30,913] multiqc                                            [DEBUG  ]  No samples found: jellyfish
[2019-11-19 13:49:30,922] multiqc                                            [DEBUG  ]  No samples found: vcftools
[2019-11-19 13:49:30,929] multiqc                                            [DEBUG  ]  No samples found: longranger
[2019-11-19 13:49:30,936] multiqc                                            [DEBUG  ]  No samples found: stacks
[2019-11-19 13:49:30,950] multiqc                                            [DEBUG  ]  No samples found: bbmap
[2019-11-19 13:49:30,957] multiqc                                            [DEBUG  ]  No samples found: bismark
[2019-11-19 13:49:30,965] multiqc                                            [DEBUG  ]  No samples found: biscuit
[2019-11-19 13:49:30,971] multiqc                                            [DEBUG  ]  No samples found: hicexplorer
[2019-11-19 13:49:30,978] multiqc                                            [DEBUG  ]  No samples found: hicup
[2019-11-19 13:49:30,984] multiqc                                            [DEBUG  ]  No samples found: hicpro
[2019-11-19 13:49:30,991] multiqc                                            [DEBUG  ]  No samples found: salmon
[2019-11-19 13:49:30,997] multiqc                                            [DEBUG  ]  No samples found: kallisto
[2019-11-19 13:49:31,004] multiqc                                            [DEBUG  ]  No samples found: slamdunk
[2019-11-19 13:49:31,011] multiqc                                            [DEBUG  ]  No samples found: star
[2019-11-19 13:49:31,017] multiqc                                            [DEBUG  ]  No samples found: hisat2
[2019-11-19 13:49:31,023] multiqc                                            [DEBUG  ]  No samples found: tophat
[2019-11-19 13:49:31,030] multiqc                                            [DEBUG  ]  No samples found: bowtie2
[2019-11-19 13:49:31,036] multiqc                                            [DEBUG  ]  No samples found: bowtie1
[2019-11-19 13:49:31,043] multiqc                                            [DEBUG  ]  No samples found: kat
[2019-11-19 13:49:31,049] multiqc                                            [DEBUG  ]  No samples found: leehom
[2019-11-19 13:49:31,056] multiqc                                            [DEBUG  ]  No samples found: adapterRemoval
[2019-11-19 13:49:31,062] multiqc                                            [DEBUG  ]  No samples found: clipandmerge
[2019-11-19 13:49:31,068] multiqc                                            [DEBUG  ]  No samples found: cutadapt
[2019-11-19 13:49:31,075] multiqc                                            [DEBUG  ]  No samples found: flexbar
[2019-11-19 13:49:31,081] multiqc                                            [DEBUG  ]  No samples found: trimmomatic
[2019-11-19 13:49:31,087] multiqc                                            [DEBUG  ]  No samples found: skewer
[2019-11-19 13:49:31,094] multiqc                                            [DEBUG  ]  No samples found: sortmerna
[2019-11-19 13:49:31,100] multiqc                                            [DEBUG  ]  No samples found: biobloomtools
[2019-11-19 13:49:31,106] multiqc                                            [DEBUG  ]  No samples found: fastq_screen
[2019-11-19 13:49:31,113] multiqc                                            [DEBUG  ]  No samples found: afterqc
[2019-11-19 13:49:31,119] multiqc                                            [DEBUG  ]  No samples found: fastp
[2019-11-19 13:49:31,132] multiqc.modules.fastqc.fastqc                      [INFO   ]  Found 1 reports
[2019-11-19 13:49:31,222] multiqc                                            [DEBUG  ]  No samples found: minionqc
[2019-11-19 13:49:31,229] multiqc                                            [DEBUG  ]  No samples found: clusterflow
[2019-11-19 13:49:31,236] multiqc                                            [DEBUG  ]  No samples found: bcl2fastq
[2019-11-19 13:49:31,242] multiqc                                            [DEBUG  ]  No samples found: interop
[2019-11-19 13:49:31,249] multiqc                                            [DEBUG  ]  No samples found: flash
[2019-11-19 13:49:31,253] multiqc                                            [INFO   ]  Compressing plot data
[2019-11-19 13:49:31,302] multiqc                                            [INFO   ]  Report      : ../../../../../../../data/multiqc_report.html
[2019-11-19 13:49:31,303] multiqc                                            [INFO   ]  Data        : ../../../../../../../data/multiqc_data
[2019-11-19 13:49:31,303] multiqc                                            [DEBUG  ]  Moving data file from '/tmp/tmplw5qhtm9/multiqc_data/multiqc_general_stats.txt' to '/data/multiqc_data'
[2019-11-19 13:49:31,303] multiqc                                            [DEBUG  ]  Moving data file from '/tmp/tmplw5qhtm9/multiqc_data/multiqc_fastqc.txt' to '/data/multiqc_data'
[2019-11-19 13:49:31,304] multiqc                                            [DEBUG  ]  Moving data file from '/tmp/tmplw5qhtm9/multiqc_data/multiqc_data.json' to '/data/multiqc_data'
[2019-11-19 13:49:31,304] multiqc                                            [DEBUG  ]  Moving data file from '/tmp/tmplw5qhtm9/multiqc_data/multiqc_sources.txt' to '/data/multiqc_data'
[2019-11-19 13:49:31,510] multiqc                                            [INFO   ]  MultiQC complete
