[2019-11-19 13:24:24,179] multiqc                                            [DEBUG  ]  No MultiQC config found: /usr/lib/python3.6/site-packages/multiqc-1.7-py3.6.egg/multiqc_config.yaml
[2019-11-19 13:24:24,179] multiqc                                            [DEBUG  ]  No MultiQC config found: /root/.multiqc_config.yaml
[2019-11-19 13:24:24,179] multiqc                                            [DEBUG  ]  No MultiQC config found: multiqc_config.yaml
[2019-11-19 13:24:24,179] multiqc                                            [DEBUG  ]  Command used: /usr/bin/multiqc /data/HG00178.mapped.ILLUMINA.bwa.FIN.low_coverage.20101123_fastqc.zip -o /data
[2019-11-19 13:24:25,909] multiqc                                            [DEBUG  ]  Latest MultiQC version is v1.7
[2019-11-19 13:24:25,909] multiqc                                            [INFO   ]  This is MultiQC v1.7
[2019-11-19 13:24:25,909] multiqc                                            [DEBUG  ]  Command     : /usr/bin/multiqc /data/HG00178.mapped.ILLUMINA.bwa.FIN.low_coverage.20101123_fastqc.zip -o /data
[2019-11-19 13:24:25,909] multiqc                                            [DEBUG  ]  Working dir : /var/lib/toil/toil-9b56b740-ccba-4b13-b998-c6aabca34938-69d14ae953f0400cbe6f0dc87a7486c9/tmp3NmbpL/1ab2485b-661b-4390-9cc4-bdc05324e344/tVadYXs
[2019-11-19 13:24:25,909] multiqc                                            [INFO   ]  Template    : default
[2019-11-19 13:24:25,909] multiqc                                            [INFO   ]  Searching '/data/HG00178.mapped.ILLUMINA.bwa.FIN.low_coverage.20101123_fastqc.zip'
[2019-11-19 13:24:25,909] multiqc                                            [DEBUG  ]  Analysing modules: custom_content, conpair, peddy, methylQA, phantompeakqualtools, qualimap, preseq, quast, qorts, rna_seqc, rsem, rseqc, busco, goleft_indexcov, disambiguate, supernova, deeptools, sargasso, verifybamid, mirtrace, happy, homer, macs2, theta2, snpeff, gatk, htseq, bcftools, featureCounts, dedup, damageprofiler, picard, prokka, samblaster, samtools, bamtools, jellyfish, vcftools, longranger, stacks, bbmap, bismark, biscuit, hicexplorer, hicup, hicpro, salmon, kallisto, slamdunk, star, hisat2, tophat, bowtie2, bowtie1, kat, leehom, adapterRemoval, clipandmerge, cutadapt, flexbar, trimmomatic, skewer, sortmerna, biobloomtools, fastq_screen, afterqc, fastp, fastqc, minionqc, clusterflow, bcl2fastq, interop, flash
[2019-11-19 13:24:25,910] multiqc                                            [DEBUG  ]  Using temporary directory for creating report: /tmp/tmpoovahs44
[2019-11-19 13:24:26,665] multiqc                                            [DEBUG  ]  No samples found: custom_content
[2019-11-19 13:24:26,669] multiqc                                            [DEBUG  ]  No samples found: conpair
[2019-11-19 13:24:26,674] multiqc                                            [DEBUG  ]  No samples found: peddy
[2019-11-19 13:24:26,678] multiqc                                            [DEBUG  ]  No samples found: methylQA
[2019-11-19 13:24:26,683] multiqc                                            [DEBUG  ]  No samples found: phantompeakqualtools
[2019-11-19 13:24:26,691] multiqc                                            [DEBUG  ]  No samples found: qualimap
[2019-11-19 13:24:26,695] multiqc                                            [DEBUG  ]  No samples found: preseq
[2019-11-19 13:24:26,700] multiqc                                            [DEBUG  ]  No samples found: quast
[2019-11-19 13:24:26,704] multiqc                                            [DEBUG  ]  No samples found: qorts
[2019-11-19 13:24:26,709] multiqc                                            [DEBUG  ]  No samples found: rna_seqc
[2019-11-19 13:24:26,713] multiqc                                            [DEBUG  ]  No samples found: rsem
[2019-11-19 13:24:26,721] multiqc                                            [DEBUG  ]  No samples found: rseqc
[2019-11-19 13:24:26,726] multiqc                                            [DEBUG  ]  No samples found: busco
[2019-11-19 13:24:26,730] multiqc                                            [DEBUG  ]  No samples found: goleft_indexcov
[2019-11-19 13:24:26,734] multiqc                                            [DEBUG  ]  No samples found: disambiguate
[2019-11-19 13:24:26,738] multiqc                                            [DEBUG  ]  No samples found: supernova
[2019-11-19 13:24:26,748] multiqc                                            [DEBUG  ]  No samples found: deeptools
[2019-11-19 13:24:26,753] multiqc                                            [DEBUG  ]  No samples found: sargasso
[2019-11-19 13:24:26,760] multiqc                                            [DEBUG  ]  No samples found: verifybamid
[2019-11-19 13:24:26,767] multiqc                                            [DEBUG  ]  No samples found: mirtrace
[2019-11-19 13:24:26,771] multiqc                                            [DEBUG  ]  No samples found: happy
[2019-11-19 13:24:26,777] multiqc                                            [DEBUG  ]  No samples found: homer
[2019-11-19 13:24:26,781] multiqc                                            [DEBUG  ]  No samples found: macs2
[2019-11-19 13:24:26,785] multiqc                                            [DEBUG  ]  No samples found: theta2
[2019-11-19 13:24:26,789] multiqc                                            [DEBUG  ]  No samples found: snpeff
[2019-11-19 13:24:26,798] multiqc                                            [DEBUG  ]  No samples found: gatk
[2019-11-19 13:24:26,802] multiqc                                            [DEBUG  ]  No samples found: htseq
[2019-11-19 13:24:26,806] multiqc                                            [DEBUG  ]  No samples found: bcftools
[2019-11-19 13:24:26,811] multiqc                                            [DEBUG  ]  No samples found: featureCounts
[2019-11-19 13:24:26,815] multiqc                                            [DEBUG  ]  No samples found: dedup
[2019-11-19 13:24:26,821] multiqc                                            [DEBUG  ]  No samples found: damageprofiler
[2019-11-19 13:24:26,834] multiqc                                            [DEBUG  ]  No samples found: picard
[2019-11-19 13:24:26,838] multiqc                                            [DEBUG  ]  No samples found: prokka
[2019-11-19 13:24:26,842] multiqc                                            [DEBUG  ]  No samples found: samblaster
[2019-11-19 13:24:26,849] multiqc                                            [DEBUG  ]  No samples found: samtools
[2019-11-19 13:24:26,854] multiqc                                            [DEBUG  ]  No samples found: bamtools
[2019-11-19 13:24:26,858] multiqc                                            [DEBUG  ]  No samples found: jellyfish
[2019-11-19 13:24:26,866] multiqc                                            [DEBUG  ]  No samples found: vcftools
[2019-11-19 13:24:26,870] multiqc                                            [DEBUG  ]  No samples found: longranger
[2019-11-19 13:24:26,874] multiqc                                            [DEBUG  ]  No samples found: stacks
[2019-11-19 13:24:26,885] multiqc                                            [DEBUG  ]  No samples found: bbmap
[2019-11-19 13:24:26,890] multiqc                                            [DEBUG  ]  No samples found: bismark
[2019-11-19 13:24:26,898] multiqc                                            [DEBUG  ]  No samples found: biscuit
[2019-11-19 13:24:26,905] multiqc                                            [DEBUG  ]  No samples found: hicexplorer
[2019-11-19 13:24:26,909] multiqc                                            [DEBUG  ]  No samples found: hicup
[2019-11-19 13:24:26,914] multiqc                                            [DEBUG  ]  No samples found: hicpro
[2019-11-19 13:24:26,918] multiqc                                            [DEBUG  ]  No samples found: salmon
[2019-11-19 13:24:26,922] multiqc                                            [DEBUG  ]  No samples found: kallisto
[2019-11-19 13:24:26,926] multiqc                                            [DEBUG  ]  No samples found: slamdunk
[2019-11-19 13:24:26,931] multiqc                                            [DEBUG  ]  No samples found: star
[2019-11-19 13:24:26,935] multiqc                                            [DEBUG  ]  No samples found: hisat2
[2019-11-19 13:24:26,939] multiqc                                            [DEBUG  ]  No samples found: tophat
[2019-11-19 13:24:26,943] multiqc                                            [DEBUG  ]  No samples found: bowtie2
[2019-11-19 13:24:26,947] multiqc                                            [DEBUG  ]  No samples found: bowtie1
[2019-11-19 13:24:26,951] multiqc                                            [DEBUG  ]  No samples found: kat
[2019-11-19 13:24:26,955] multiqc                                            [DEBUG  ]  No samples found: leehom
[2019-11-19 13:24:26,960] multiqc                                            [DEBUG  ]  No samples found: adapterRemoval
[2019-11-19 13:24:26,964] multiqc                                            [DEBUG  ]  No samples found: clipandmerge
[2019-11-19 13:24:26,968] multiqc                                            [DEBUG  ]  No samples found: cutadapt
[2019-11-19 13:24:26,974] multiqc                                            [DEBUG  ]  No samples found: flexbar
[2019-11-19 13:24:26,979] multiqc                                            [DEBUG  ]  No samples found: trimmomatic
[2019-11-19 13:24:26,983] multiqc                                            [DEBUG  ]  No samples found: skewer
[2019-11-19 13:24:26,987] multiqc                                            [DEBUG  ]  No samples found: sortmerna
[2019-11-19 13:24:26,991] multiqc                                            [DEBUG  ]  No samples found: biobloomtools
[2019-11-19 13:24:26,996] multiqc                                            [DEBUG  ]  No samples found: fastq_screen
[2019-11-19 13:24:27,000] multiqc                                            [DEBUG  ]  No samples found: afterqc
[2019-11-19 13:24:27,005] multiqc                                            [DEBUG  ]  No samples found: fastp
[2019-11-19 13:24:27,013] multiqc.modules.fastqc.fastqc                      [INFO   ]  Found 1 reports
[2019-11-19 13:24:27,072] multiqc                                            [DEBUG  ]  No samples found: minionqc
[2019-11-19 13:24:27,076] multiqc                                            [DEBUG  ]  No samples found: clusterflow
[2019-11-19 13:24:27,080] multiqc                                            [DEBUG  ]  No samples found: bcl2fastq
[2019-11-19 13:24:27,084] multiqc                                            [DEBUG  ]  No samples found: interop
[2019-11-19 13:24:27,089] multiqc                                            [DEBUG  ]  No samples found: flash
[2019-11-19 13:24:27,091] multiqc                                            [INFO   ]  Compressing plot data
[2019-11-19 13:24:27,119] multiqc                                            [INFO   ]  Report      : ../../../../../../../data/multiqc_report.html
[2019-11-19 13:24:27,119] multiqc                                            [INFO   ]  Data        : ../../../../../../../data/multiqc_data
[2019-11-19 13:24:27,119] multiqc                                            [DEBUG  ]  Moving data file from '/tmp/tmpoovahs44/multiqc_data/multiqc_general_stats.txt' to '/data/multiqc_data'
[2019-11-19 13:24:27,120] multiqc                                            [DEBUG  ]  Moving data file from '/tmp/tmpoovahs44/multiqc_data/multiqc_fastqc.txt' to '/data/multiqc_data'
[2019-11-19 13:24:27,120] multiqc                                            [DEBUG  ]  Moving data file from '/tmp/tmpoovahs44/multiqc_data/multiqc_data.json' to '/data/multiqc_data'
[2019-11-19 13:24:27,120] multiqc                                            [DEBUG  ]  Moving data file from '/tmp/tmpoovahs44/multiqc_data/multiqc_sources.txt' to '/data/multiqc_data'
[2019-11-19 13:24:27,254] multiqc                                            [INFO   ]  MultiQC complete
