[2019-11-19 16:18:14,377] multiqc                                            [DEBUG  ]  No MultiQC config found: /usr/lib/python3.6/site-packages/multiqc-1.7-py3.6.egg/multiqc_config.yaml
[2019-11-19 16:18:14,377] multiqc                                            [DEBUG  ]  No MultiQC config found: /root/.multiqc_config.yaml
[2019-11-19 16:18:14,377] multiqc                                            [DEBUG  ]  No MultiQC config found: multiqc_config.yaml
[2019-11-19 16:18:14,377] multiqc                                            [DEBUG  ]  Command used: /usr/bin/multiqc /data/HG00250.mapped.ILLUMINA.bwa.GBR.low_coverage.20101123_fastqc.zip -o /data
[2019-11-19 16:18:16,277] multiqc                                            [DEBUG  ]  Latest MultiQC version is v1.7
[2019-11-19 16:18:16,277] multiqc                                            [INFO   ]  This is MultiQC v1.7
[2019-11-19 16:18:16,277] multiqc                                            [DEBUG  ]  Command     : /usr/bin/multiqc /data/HG00250.mapped.ILLUMINA.bwa.GBR.low_coverage.20101123_fastqc.zip -o /data
[2019-11-19 16:18:16,277] multiqc                                            [DEBUG  ]  Working dir : /var/lib/toil/toil-9b56b740-ccba-4b13-b998-c6aabca34938-69d14ae953f0400cbe6f0dc87a7486c9/tmpaC0bsa/cd03e892-5730-404f-8cad-a6fc01dbca54/tMMipqB
[2019-11-19 16:18:16,277] multiqc                                            [INFO   ]  Template    : default
[2019-11-19 16:18:16,277] multiqc                                            [INFO   ]  Searching '/data/HG00250.mapped.ILLUMINA.bwa.GBR.low_coverage.20101123_fastqc.zip'
[2019-11-19 16:18:16,277] multiqc                                            [DEBUG  ]  Analysing modules: custom_content, conpair, peddy, methylQA, phantompeakqualtools, qualimap, preseq, quast, qorts, rna_seqc, rsem, rseqc, busco, goleft_indexcov, disambiguate, supernova, deeptools, sargasso, verifybamid, mirtrace, happy, homer, macs2, theta2, snpeff, gatk, htseq, bcftools, featureCounts, dedup, damageprofiler, picard, prokka, samblaster, samtools, bamtools, jellyfish, vcftools, longranger, stacks, bbmap, bismark, biscuit, hicexplorer, hicup, hicpro, salmon, kallisto, slamdunk, star, hisat2, tophat, bowtie2, bowtie1, kat, leehom, adapterRemoval, clipandmerge, cutadapt, flexbar, trimmomatic, skewer, sortmerna, biobloomtools, fastq_screen, afterqc, fastp, fastqc, minionqc, clusterflow, bcl2fastq, interop, flash
[2019-11-19 16:18:16,278] multiqc                                            [DEBUG  ]  Using temporary directory for creating report: /tmp/tmpeohb7498
[2019-11-19 16:18:16,962] multiqc                                            [DEBUG  ]  No samples found: custom_content
[2019-11-19 16:18:16,967] multiqc                                            [DEBUG  ]  No samples found: conpair
[2019-11-19 16:18:16,971] multiqc                                            [DEBUG  ]  No samples found: peddy
[2019-11-19 16:18:16,975] multiqc                                            [DEBUG  ]  No samples found: methylQA
[2019-11-19 16:18:16,980] multiqc                                            [DEBUG  ]  No samples found: phantompeakqualtools
[2019-11-19 16:18:16,986] multiqc                                            [DEBUG  ]  No samples found: qualimap
[2019-11-19 16:18:16,990] multiqc                                            [DEBUG  ]  No samples found: preseq
[2019-11-19 16:18:16,995] multiqc                                            [DEBUG  ]  No samples found: quast
[2019-11-19 16:18:16,999] multiqc                                            [DEBUG  ]  No samples found: qorts
[2019-11-19 16:18:17,003] multiqc                                            [DEBUG  ]  No samples found: rna_seqc
[2019-11-19 16:18:17,007] multiqc                                            [DEBUG  ]  No samples found: rsem
[2019-11-19 16:18:17,016] multiqc                                            [DEBUG  ]  No samples found: rseqc
[2019-11-19 16:18:17,020] multiqc                                            [DEBUG  ]  No samples found: busco
[2019-11-19 16:18:17,024] multiqc                                            [DEBUG  ]  No samples found: goleft_indexcov
[2019-11-19 16:18:17,028] multiqc                                            [DEBUG  ]  No samples found: disambiguate
[2019-11-19 16:18:17,033] multiqc                                            [DEBUG  ]  No samples found: supernova
[2019-11-19 16:18:17,042] multiqc                                            [DEBUG  ]  No samples found: deeptools
[2019-11-19 16:18:17,047] multiqc                                            [DEBUG  ]  No samples found: sargasso
[2019-11-19 16:18:17,051] multiqc                                            [DEBUG  ]  No samples found: verifybamid
[2019-11-19 16:18:17,055] multiqc                                            [DEBUG  ]  No samples found: mirtrace
[2019-11-19 16:18:17,059] multiqc                                            [DEBUG  ]  No samples found: happy
[2019-11-19 16:18:17,065] multiqc                                            [DEBUG  ]  No samples found: homer
[2019-11-19 16:18:17,069] multiqc                                            [DEBUG  ]  No samples found: macs2
[2019-11-19 16:18:17,074] multiqc                                            [DEBUG  ]  No samples found: theta2
[2019-11-19 16:18:17,079] multiqc                                            [DEBUG  ]  No samples found: snpeff
[2019-11-19 16:18:17,085] multiqc                                            [DEBUG  ]  No samples found: gatk
[2019-11-19 16:18:17,089] multiqc                                            [DEBUG  ]  No samples found: htseq
[2019-11-19 16:18:17,093] multiqc                                            [DEBUG  ]  No samples found: bcftools
[2019-11-19 16:18:17,098] multiqc                                            [DEBUG  ]  No samples found: featureCounts
[2019-11-19 16:18:17,102] multiqc                                            [DEBUG  ]  No samples found: dedup
[2019-11-19 16:18:17,106] multiqc                                            [DEBUG  ]  No samples found: damageprofiler
[2019-11-19 16:18:17,119] multiqc                                            [DEBUG  ]  No samples found: picard
[2019-11-19 16:18:17,123] multiqc                                            [DEBUG  ]  No samples found: prokka
[2019-11-19 16:18:17,127] multiqc                                            [DEBUG  ]  No samples found: samblaster
[2019-11-19 16:18:17,133] multiqc                                            [DEBUG  ]  No samples found: samtools
[2019-11-19 16:18:17,139] multiqc                                            [DEBUG  ]  No samples found: bamtools
[2019-11-19 16:18:17,143] multiqc                                            [DEBUG  ]  No samples found: jellyfish
[2019-11-19 16:18:17,149] multiqc                                            [DEBUG  ]  No samples found: vcftools
[2019-11-19 16:18:17,153] multiqc                                            [DEBUG  ]  No samples found: longranger
[2019-11-19 16:18:17,158] multiqc                                            [DEBUG  ]  No samples found: stacks
[2019-11-19 16:18:17,168] multiqc                                            [DEBUG  ]  No samples found: bbmap
[2019-11-19 16:18:17,173] multiqc                                            [DEBUG  ]  No samples found: bismark
[2019-11-19 16:18:17,178] multiqc                                            [DEBUG  ]  No samples found: biscuit
[2019-11-19 16:18:17,182] multiqc                                            [DEBUG  ]  No samples found: hicexplorer
[2019-11-19 16:18:17,186] multiqc                                            [DEBUG  ]  No samples found: hicup
[2019-11-19 16:18:17,190] multiqc                                            [DEBUG  ]  No samples found: hicpro
[2019-11-19 16:18:17,194] multiqc                                            [DEBUG  ]  No samples found: salmon
[2019-11-19 16:18:17,198] multiqc                                            [DEBUG  ]  No samples found: kallisto
[2019-11-19 16:18:17,203] multiqc                                            [DEBUG  ]  No samples found: slamdunk
[2019-11-19 16:18:17,208] multiqc                                            [DEBUG  ]  No samples found: star
[2019-11-19 16:18:17,212] multiqc                                            [DEBUG  ]  No samples found: hisat2
[2019-11-19 16:18:17,217] multiqc                                            [DEBUG  ]  No samples found: tophat
[2019-11-19 16:18:17,221] multiqc                                            [DEBUG  ]  No samples found: bowtie2
[2019-11-19 16:18:17,225] multiqc                                            [DEBUG  ]  No samples found: bowtie1
[2019-11-19 16:18:17,229] multiqc                                            [DEBUG  ]  No samples found: kat
[2019-11-19 16:18:17,233] multiqc                                            [DEBUG  ]  No samples found: leehom
[2019-11-19 16:18:17,237] multiqc                                            [DEBUG  ]  No samples found: adapterRemoval
[2019-11-19 16:18:17,241] multiqc                                            [DEBUG  ]  No samples found: clipandmerge
[2019-11-19 16:18:17,245] multiqc                                            [DEBUG  ]  No samples found: cutadapt
[2019-11-19 16:18:17,249] multiqc                                            [DEBUG  ]  No samples found: flexbar
[2019-11-19 16:18:17,253] multiqc                                            [DEBUG  ]  No samples found: trimmomatic
[2019-11-19 16:18:17,257] multiqc                                            [DEBUG  ]  No samples found: skewer
[2019-11-19 16:18:17,262] multiqc                                            [DEBUG  ]  No samples found: sortmerna
[2019-11-19 16:18:17,266] multiqc                                            [DEBUG  ]  No samples found: biobloomtools
[2019-11-19 16:18:17,270] multiqc                                            [DEBUG  ]  No samples found: fastq_screen
[2019-11-19 16:18:17,274] multiqc                                            [DEBUG  ]  No samples found: afterqc
[2019-11-19 16:18:17,279] multiqc                                            [DEBUG  ]  No samples found: fastp
[2019-11-19 16:18:17,287] multiqc.modules.fastqc.fastqc                      [INFO   ]  Found 1 reports
[2019-11-19 16:18:17,338] multiqc                                            [DEBUG  ]  No samples found: minionqc
[2019-11-19 16:18:17,342] multiqc                                            [DEBUG  ]  No samples found: clusterflow
[2019-11-19 16:18:17,346] multiqc                                            [DEBUG  ]  No samples found: bcl2fastq
[2019-11-19 16:18:17,351] multiqc                                            [DEBUG  ]  No samples found: interop
[2019-11-19 16:18:17,355] multiqc                                            [DEBUG  ]  No samples found: flash
[2019-11-19 16:18:17,357] multiqc                                            [INFO   ]  Compressing plot data
[2019-11-19 16:18:17,386] multiqc                                            [INFO   ]  Report      : ../../../../../../../data/multiqc_report.html
[2019-11-19 16:18:17,386] multiqc                                            [INFO   ]  Data        : ../../../../../../../data/multiqc_data
[2019-11-19 16:18:17,386] multiqc                                            [DEBUG  ]  Moving data file from '/tmp/tmpeohb7498/multiqc_data/multiqc_general_stats.txt' to '/data/multiqc_data'
[2019-11-19 16:18:17,386] multiqc                                            [DEBUG  ]  Moving data file from '/tmp/tmpeohb7498/multiqc_data/multiqc_fastqc.txt' to '/data/multiqc_data'
[2019-11-19 16:18:17,386] multiqc                                            [DEBUG  ]  Moving data file from '/tmp/tmpeohb7498/multiqc_data/multiqc_data.json' to '/data/multiqc_data'
[2019-11-19 16:18:17,387] multiqc                                            [DEBUG  ]  Moving data file from '/tmp/tmpeohb7498/multiqc_data/multiqc_sources.txt' to '/data/multiqc_data'
[2019-11-19 16:18:17,514] multiqc                                            [INFO   ]  MultiQC complete
