[2019-11-19 12:46:16,808] multiqc                                            [DEBUG  ]  No MultiQC config found: /usr/lib/python3.6/site-packages/multiqc-1.7-py3.6.egg/multiqc_config.yaml
[2019-11-19 12:46:16,808] multiqc                                            [DEBUG  ]  No MultiQC config found: /root/.multiqc_config.yaml
[2019-11-19 12:46:16,808] multiqc                                            [DEBUG  ]  No MultiQC config found: multiqc_config.yaml
[2019-11-19 12:46:16,809] multiqc                                            [DEBUG  ]  Command used: /usr/bin/multiqc /data/HG00130.mapped.SOLID.bfast.GBR.low_coverage.20101123_fastqc.zip -o /data
[2019-11-19 12:46:18,517] multiqc                                            [DEBUG  ]  Latest MultiQC version is v1.7
[2019-11-19 12:46:18,517] multiqc                                            [INFO   ]  This is MultiQC v1.7
[2019-11-19 12:46:18,517] multiqc                                            [DEBUG  ]  Command     : /usr/bin/multiqc /data/HG00130.mapped.SOLID.bfast.GBR.low_coverage.20101123_fastqc.zip -o /data
[2019-11-19 12:46:18,517] multiqc                                            [DEBUG  ]  Working dir : /var/lib/toil/toil-9b56b740-ccba-4b13-b998-c6aabca34938-69d14ae953f0400cbe6f0dc87a7486c9/tmpKUkaP8/64707de2-5117-4d9b-b7a0-5f5734822a9c/t0EXvlv
[2019-11-19 12:46:18,517] multiqc                                            [INFO   ]  Template    : default
[2019-11-19 12:46:18,517] multiqc                                            [INFO   ]  Searching '/data/HG00130.mapped.SOLID.bfast.GBR.low_coverage.20101123_fastqc.zip'
[2019-11-19 12:46:18,518] multiqc                                            [DEBUG  ]  Analysing modules: custom_content, conpair, peddy, methylQA, phantompeakqualtools, qualimap, preseq, quast, qorts, rna_seqc, rsem, rseqc, busco, goleft_indexcov, disambiguate, supernova, deeptools, sargasso, verifybamid, mirtrace, happy, homer, macs2, theta2, snpeff, gatk, htseq, bcftools, featureCounts, dedup, damageprofiler, picard, prokka, samblaster, samtools, bamtools, jellyfish, vcftools, longranger, stacks, bbmap, bismark, biscuit, hicexplorer, hicup, hicpro, salmon, kallisto, slamdunk, star, hisat2, tophat, bowtie2, bowtie1, kat, leehom, adapterRemoval, clipandmerge, cutadapt, flexbar, trimmomatic, skewer, sortmerna, biobloomtools, fastq_screen, afterqc, fastp, fastqc, minionqc, clusterflow, bcl2fastq, interop, flash
[2019-11-19 12:46:18,518] multiqc                                            [DEBUG  ]  Using temporary directory for creating report: /tmp/tmpm61gr_2u
[2019-11-19 12:46:19,240] multiqc                                            [DEBUG  ]  No samples found: custom_content
[2019-11-19 12:46:19,244] multiqc                                            [DEBUG  ]  No samples found: conpair
[2019-11-19 12:46:19,252] multiqc                                            [DEBUG  ]  No samples found: peddy
[2019-11-19 12:46:19,259] multiqc                                            [DEBUG  ]  No samples found: methylQA
[2019-11-19 12:46:19,264] multiqc                                            [DEBUG  ]  No samples found: phantompeakqualtools
[2019-11-19 12:46:19,269] multiqc                                            [DEBUG  ]  No samples found: qualimap
[2019-11-19 12:46:19,273] multiqc                                            [DEBUG  ]  No samples found: preseq
[2019-11-19 12:46:19,277] multiqc                                            [DEBUG  ]  No samples found: quast
[2019-11-19 12:46:19,281] multiqc                                            [DEBUG  ]  No samples found: qorts
[2019-11-19 12:46:19,285] multiqc                                            [DEBUG  ]  No samples found: rna_seqc
[2019-11-19 12:46:19,289] multiqc                                            [DEBUG  ]  No samples found: rsem
[2019-11-19 12:46:19,296] multiqc                                            [DEBUG  ]  No samples found: rseqc
[2019-11-19 12:46:19,300] multiqc                                            [DEBUG  ]  No samples found: busco
[2019-11-19 12:46:19,304] multiqc                                            [DEBUG  ]  No samples found: goleft_indexcov
[2019-11-19 12:46:19,308] multiqc                                            [DEBUG  ]  No samples found: disambiguate
[2019-11-19 12:46:19,312] multiqc                                            [DEBUG  ]  No samples found: supernova
[2019-11-19 12:46:19,321] multiqc                                            [DEBUG  ]  No samples found: deeptools
[2019-11-19 12:46:19,325] multiqc                                            [DEBUG  ]  No samples found: sargasso
[2019-11-19 12:46:19,329] multiqc                                            [DEBUG  ]  No samples found: verifybamid
[2019-11-19 12:46:19,333] multiqc                                            [DEBUG  ]  No samples found: mirtrace
[2019-11-19 12:46:19,337] multiqc                                            [DEBUG  ]  No samples found: happy
[2019-11-19 12:46:19,342] multiqc                                            [DEBUG  ]  No samples found: homer
[2019-11-19 12:46:19,347] multiqc                                            [DEBUG  ]  No samples found: macs2
[2019-11-19 12:46:19,351] multiqc                                            [DEBUG  ]  No samples found: theta2
[2019-11-19 12:46:19,355] multiqc                                            [DEBUG  ]  No samples found: snpeff
[2019-11-19 12:46:19,360] multiqc                                            [DEBUG  ]  No samples found: gatk
[2019-11-19 12:46:19,363] multiqc                                            [DEBUG  ]  No samples found: htseq
[2019-11-19 12:46:19,368] multiqc                                            [DEBUG  ]  No samples found: bcftools
[2019-11-19 12:46:19,371] multiqc                                            [DEBUG  ]  No samples found: featureCounts
[2019-11-19 12:46:19,375] multiqc                                            [DEBUG  ]  No samples found: dedup
[2019-11-19 12:46:19,379] multiqc                                            [DEBUG  ]  No samples found: damageprofiler
[2019-11-19 12:46:19,393] multiqc                                            [DEBUG  ]  No samples found: picard
[2019-11-19 12:46:19,401] multiqc                                            [DEBUG  ]  No samples found: prokka
[2019-11-19 12:46:19,405] multiqc                                            [DEBUG  ]  No samples found: samblaster
[2019-11-19 12:46:19,411] multiqc                                            [DEBUG  ]  No samples found: samtools
[2019-11-19 12:46:19,415] multiqc                                            [DEBUG  ]  No samples found: bamtools
[2019-11-19 12:46:19,419] multiqc                                            [DEBUG  ]  No samples found: jellyfish
[2019-11-19 12:46:19,425] multiqc                                            [DEBUG  ]  No samples found: vcftools
[2019-11-19 12:46:19,430] multiqc                                            [DEBUG  ]  No samples found: longranger
[2019-11-19 12:46:19,434] multiqc                                            [DEBUG  ]  No samples found: stacks
[2019-11-19 12:46:19,442] multiqc                                            [DEBUG  ]  No samples found: bbmap
[2019-11-19 12:46:19,446] multiqc                                            [DEBUG  ]  No samples found: bismark
[2019-11-19 12:46:19,451] multiqc                                            [DEBUG  ]  No samples found: biscuit
[2019-11-19 12:46:19,455] multiqc                                            [DEBUG  ]  No samples found: hicexplorer
[2019-11-19 12:46:19,458] multiqc                                            [DEBUG  ]  No samples found: hicup
[2019-11-19 12:46:19,462] multiqc                                            [DEBUG  ]  No samples found: hicpro
[2019-11-19 12:46:19,466] multiqc                                            [DEBUG  ]  No samples found: salmon
[2019-11-19 12:46:19,470] multiqc                                            [DEBUG  ]  No samples found: kallisto
[2019-11-19 12:46:19,474] multiqc                                            [DEBUG  ]  No samples found: slamdunk
[2019-11-19 12:46:19,479] multiqc                                            [DEBUG  ]  No samples found: star
[2019-11-19 12:46:19,484] multiqc                                            [DEBUG  ]  No samples found: hisat2
[2019-11-19 12:46:19,488] multiqc                                            [DEBUG  ]  No samples found: tophat
[2019-11-19 12:46:19,492] multiqc                                            [DEBUG  ]  No samples found: bowtie2
[2019-11-19 12:46:19,495] multiqc                                            [DEBUG  ]  No samples found: bowtie1
[2019-11-19 12:46:19,499] multiqc                                            [DEBUG  ]  No samples found: kat
[2019-11-19 12:46:19,503] multiqc                                            [DEBUG  ]  No samples found: leehom
[2019-11-19 12:46:19,507] multiqc                                            [DEBUG  ]  No samples found: adapterRemoval
[2019-11-19 12:46:19,511] multiqc                                            [DEBUG  ]  No samples found: clipandmerge
[2019-11-19 12:46:19,515] multiqc                                            [DEBUG  ]  No samples found: cutadapt
[2019-11-19 12:46:19,518] multiqc                                            [DEBUG  ]  No samples found: flexbar
[2019-11-19 12:46:19,523] multiqc                                            [DEBUG  ]  No samples found: trimmomatic
[2019-11-19 12:46:19,531] multiqc                                            [DEBUG  ]  No samples found: skewer
[2019-11-19 12:46:19,539] multiqc                                            [DEBUG  ]  No samples found: sortmerna
[2019-11-19 12:46:19,544] multiqc                                            [DEBUG  ]  No samples found: biobloomtools
[2019-11-19 12:46:19,548] multiqc                                            [DEBUG  ]  No samples found: fastq_screen
[2019-11-19 12:46:19,551] multiqc                                            [DEBUG  ]  No samples found: afterqc
[2019-11-19 12:46:19,555] multiqc                                            [DEBUG  ]  No samples found: fastp
[2019-11-19 12:46:19,563] multiqc.modules.fastqc.fastqc                      [INFO   ]  Found 1 reports
[2019-11-19 12:46:19,606] multiqc                                            [DEBUG  ]  No samples found: minionqc
[2019-11-19 12:46:19,610] multiqc                                            [DEBUG  ]  No samples found: clusterflow
[2019-11-19 12:46:19,614] multiqc                                            [DEBUG  ]  No samples found: bcl2fastq
[2019-11-19 12:46:19,618] multiqc                                            [DEBUG  ]  No samples found: interop
[2019-11-19 12:46:19,623] multiqc                                            [DEBUG  ]  No samples found: flash
[2019-11-19 12:46:19,625] multiqc                                            [INFO   ]  Compressing plot data
[2019-11-19 12:46:19,653] multiqc                                            [INFO   ]  Report      : ../../../../../../../data/multiqc_report.html
[2019-11-19 12:46:19,653] multiqc                                            [INFO   ]  Data        : ../../../../../../../data/multiqc_data
[2019-11-19 12:46:19,654] multiqc                                            [DEBUG  ]  Moving data file from '/tmp/tmpm61gr_2u/multiqc_data/multiqc_general_stats.txt' to '/data/multiqc_data'
[2019-11-19 12:46:19,654] multiqc                                            [DEBUG  ]  Moving data file from '/tmp/tmpm61gr_2u/multiqc_data/multiqc_fastqc.txt' to '/data/multiqc_data'
[2019-11-19 12:46:19,654] multiqc                                            [DEBUG  ]  Moving data file from '/tmp/tmpm61gr_2u/multiqc_data/multiqc_data.json' to '/data/multiqc_data'
[2019-11-19 12:46:19,654] multiqc                                            [DEBUG  ]  Moving data file from '/tmp/tmpm61gr_2u/multiqc_data/multiqc_sources.txt' to '/data/multiqc_data'
[2019-11-19 12:46:19,784] multiqc                                            [INFO   ]  MultiQC complete
