[2019-11-19 13:47:34,943] multiqc                                            [DEBUG  ]  No MultiQC config found: /usr/lib/python3.6/site-packages/multiqc-1.7-py3.6.egg/multiqc_config.yaml
[2019-11-19 13:47:34,943] multiqc                                            [DEBUG  ]  No MultiQC config found: /root/.multiqc_config.yaml
[2019-11-19 13:47:34,943] multiqc                                            [DEBUG  ]  No MultiQC config found: multiqc_config.yaml
[2019-11-19 13:47:34,943] multiqc                                            [DEBUG  ]  Command used: /usr/bin/multiqc /data/HG00180.mapped.ILLUMINA.bwa.FIN.low_coverage.20101123_fastqc.zip -o /data
[2019-11-19 13:47:36,956] multiqc                                            [DEBUG  ]  Latest MultiQC version is v1.7
[2019-11-19 13:47:36,957] multiqc                                            [INFO   ]  This is MultiQC v1.7
[2019-11-19 13:47:36,957] multiqc                                            [DEBUG  ]  Command     : /usr/bin/multiqc /data/HG00180.mapped.ILLUMINA.bwa.FIN.low_coverage.20101123_fastqc.zip -o /data
[2019-11-19 13:47:36,957] multiqc                                            [DEBUG  ]  Working dir : /var/lib/toil/toil-9b56b740-ccba-4b13-b998-c6aabca34938-69d14ae953f0400cbe6f0dc87a7486c9/tmpPA4BM2/7542c9f8-9496-41a5-89f3-52318710685e/th0Q19M
[2019-11-19 13:47:36,957] multiqc                                            [INFO   ]  Template    : default
[2019-11-19 13:47:36,957] multiqc                                            [INFO   ]  Searching '/data/HG00180.mapped.ILLUMINA.bwa.FIN.low_coverage.20101123_fastqc.zip'
[2019-11-19 13:47:36,957] multiqc                                            [DEBUG  ]  Analysing modules: custom_content, conpair, peddy, methylQA, phantompeakqualtools, qualimap, preseq, quast, qorts, rna_seqc, rsem, rseqc, busco, goleft_indexcov, disambiguate, supernova, deeptools, sargasso, verifybamid, mirtrace, happy, homer, macs2, theta2, snpeff, gatk, htseq, bcftools, featureCounts, dedup, damageprofiler, picard, prokka, samblaster, samtools, bamtools, jellyfish, vcftools, longranger, stacks, bbmap, bismark, biscuit, hicexplorer, hicup, hicpro, salmon, kallisto, slamdunk, star, hisat2, tophat, bowtie2, bowtie1, kat, leehom, adapterRemoval, clipandmerge, cutadapt, flexbar, trimmomatic, skewer, sortmerna, biobloomtools, fastq_screen, afterqc, fastp, fastqc, minionqc, clusterflow, bcl2fastq, interop, flash
[2019-11-19 13:47:36,957] multiqc                                            [DEBUG  ]  Using temporary directory for creating report: /tmp/tmpxdx71nto
[2019-11-19 13:47:37,689] multiqc                                            [DEBUG  ]  No samples found: custom_content
[2019-11-19 13:47:37,694] multiqc                                            [DEBUG  ]  No samples found: conpair
[2019-11-19 13:47:37,698] multiqc                                            [DEBUG  ]  No samples found: peddy
[2019-11-19 13:47:37,703] multiqc                                            [DEBUG  ]  No samples found: methylQA
[2019-11-19 13:47:37,707] multiqc                                            [DEBUG  ]  No samples found: phantompeakqualtools
[2019-11-19 13:47:37,712] multiqc                                            [DEBUG  ]  No samples found: qualimap
[2019-11-19 13:47:37,717] multiqc                                            [DEBUG  ]  No samples found: preseq
[2019-11-19 13:47:37,725] multiqc                                            [DEBUG  ]  No samples found: quast
[2019-11-19 13:47:37,729] multiqc                                            [DEBUG  ]  No samples found: qorts
[2019-11-19 13:47:37,733] multiqc                                            [DEBUG  ]  No samples found: rna_seqc
[2019-11-19 13:47:37,738] multiqc                                            [DEBUG  ]  No samples found: rsem
[2019-11-19 13:47:37,747] multiqc                                            [DEBUG  ]  No samples found: rseqc
[2019-11-19 13:47:37,751] multiqc                                            [DEBUG  ]  No samples found: busco
[2019-11-19 13:47:37,755] multiqc                                            [DEBUG  ]  No samples found: goleft_indexcov
[2019-11-19 13:47:37,760] multiqc                                            [DEBUG  ]  No samples found: disambiguate
[2019-11-19 13:47:37,764] multiqc                                            [DEBUG  ]  No samples found: supernova
[2019-11-19 13:47:37,773] multiqc                                            [DEBUG  ]  No samples found: deeptools
[2019-11-19 13:47:37,780] multiqc                                            [DEBUG  ]  No samples found: sargasso
[2019-11-19 13:47:37,784] multiqc                                            [DEBUG  ]  No samples found: verifybamid
[2019-11-19 13:47:37,788] multiqc                                            [DEBUG  ]  No samples found: mirtrace
[2019-11-19 13:47:37,793] multiqc                                            [DEBUG  ]  No samples found: happy
[2019-11-19 13:47:37,798] multiqc                                            [DEBUG  ]  No samples found: homer
[2019-11-19 13:47:37,802] multiqc                                            [DEBUG  ]  No samples found: macs2
[2019-11-19 13:47:37,807] multiqc                                            [DEBUG  ]  No samples found: theta2
[2019-11-19 13:47:37,811] multiqc                                            [DEBUG  ]  No samples found: snpeff
[2019-11-19 13:47:37,816] multiqc                                            [DEBUG  ]  No samples found: gatk
[2019-11-19 13:47:37,820] multiqc                                            [DEBUG  ]  No samples found: htseq
[2019-11-19 13:47:37,825] multiqc                                            [DEBUG  ]  No samples found: bcftools
[2019-11-19 13:47:37,829] multiqc                                            [DEBUG  ]  No samples found: featureCounts
[2019-11-19 13:47:37,833] multiqc                                            [DEBUG  ]  No samples found: dedup
[2019-11-19 13:47:37,837] multiqc                                            [DEBUG  ]  No samples found: damageprofiler
[2019-11-19 13:47:37,848] multiqc                                            [DEBUG  ]  No samples found: picard
[2019-11-19 13:47:37,852] multiqc                                            [DEBUG  ]  No samples found: prokka
[2019-11-19 13:47:37,856] multiqc                                            [DEBUG  ]  No samples found: samblaster
[2019-11-19 13:47:37,863] multiqc                                            [DEBUG  ]  No samples found: samtools
[2019-11-19 13:47:37,868] multiqc                                            [DEBUG  ]  No samples found: bamtools
[2019-11-19 13:47:37,872] multiqc                                            [DEBUG  ]  No samples found: jellyfish
[2019-11-19 13:47:37,878] multiqc                                            [DEBUG  ]  No samples found: vcftools
[2019-11-19 13:47:37,883] multiqc                                            [DEBUG  ]  No samples found: longranger
[2019-11-19 13:47:37,887] multiqc                                            [DEBUG  ]  No samples found: stacks
[2019-11-19 13:47:37,897] multiqc                                            [DEBUG  ]  No samples found: bbmap
[2019-11-19 13:47:37,901] multiqc                                            [DEBUG  ]  No samples found: bismark
[2019-11-19 13:47:37,907] multiqc                                            [DEBUG  ]  No samples found: biscuit
[2019-11-19 13:47:37,911] multiqc                                            [DEBUG  ]  No samples found: hicexplorer
[2019-11-19 13:47:37,915] multiqc                                            [DEBUG  ]  No samples found: hicup
[2019-11-19 13:47:37,921] multiqc                                            [DEBUG  ]  No samples found: hicpro
[2019-11-19 13:47:37,925] multiqc                                            [DEBUG  ]  No samples found: salmon
[2019-11-19 13:47:37,929] multiqc                                            [DEBUG  ]  No samples found: kallisto
[2019-11-19 13:47:37,934] multiqc                                            [DEBUG  ]  No samples found: slamdunk
[2019-11-19 13:47:37,938] multiqc                                            [DEBUG  ]  No samples found: star
[2019-11-19 13:47:37,942] multiqc                                            [DEBUG  ]  No samples found: hisat2
[2019-11-19 13:47:37,946] multiqc                                            [DEBUG  ]  No samples found: tophat
[2019-11-19 13:47:37,950] multiqc                                            [DEBUG  ]  No samples found: bowtie2
[2019-11-19 13:47:37,955] multiqc                                            [DEBUG  ]  No samples found: bowtie1
[2019-11-19 13:47:37,959] multiqc                                            [DEBUG  ]  No samples found: kat
[2019-11-19 13:47:37,966] multiqc                                            [DEBUG  ]  No samples found: leehom
[2019-11-19 13:47:37,970] multiqc                                            [DEBUG  ]  No samples found: adapterRemoval
[2019-11-19 13:47:37,974] multiqc                                            [DEBUG  ]  No samples found: clipandmerge
[2019-11-19 13:47:37,978] multiqc                                            [DEBUG  ]  No samples found: cutadapt
[2019-11-19 13:47:37,982] multiqc                                            [DEBUG  ]  No samples found: flexbar
[2019-11-19 13:47:37,986] multiqc                                            [DEBUG  ]  No samples found: trimmomatic
[2019-11-19 13:47:37,990] multiqc                                            [DEBUG  ]  No samples found: skewer
[2019-11-19 13:47:37,995] multiqc                                            [DEBUG  ]  No samples found: sortmerna
[2019-11-19 13:47:38,000] multiqc                                            [DEBUG  ]  No samples found: biobloomtools
[2019-11-19 13:47:38,004] multiqc                                            [DEBUG  ]  No samples found: fastq_screen
[2019-11-19 13:47:38,008] multiqc                                            [DEBUG  ]  No samples found: afterqc
[2019-11-19 13:47:38,013] multiqc                                            [DEBUG  ]  No samples found: fastp
[2019-11-19 13:47:38,021] multiqc.modules.fastqc.fastqc                      [INFO   ]  Found 1 reports
[2019-11-19 13:47:38,074] multiqc                                            [DEBUG  ]  No samples found: minionqc
[2019-11-19 13:47:38,079] multiqc                                            [DEBUG  ]  No samples found: clusterflow
[2019-11-19 13:47:38,083] multiqc                                            [DEBUG  ]  No samples found: bcl2fastq
[2019-11-19 13:47:38,088] multiqc                                            [DEBUG  ]  No samples found: interop
[2019-11-19 13:47:38,092] multiqc                                            [DEBUG  ]  No samples found: flash
[2019-11-19 13:47:38,094] multiqc                                            [INFO   ]  Compressing plot data
[2019-11-19 13:47:38,121] multiqc                                            [INFO   ]  Report      : ../../../../../../../data/multiqc_report.html
[2019-11-19 13:47:38,121] multiqc                                            [INFO   ]  Data        : ../../../../../../../data/multiqc_data
[2019-11-19 13:47:38,121] multiqc                                            [DEBUG  ]  Moving data file from '/tmp/tmpxdx71nto/multiqc_data/multiqc_general_stats.txt' to '/data/multiqc_data'
[2019-11-19 13:47:38,122] multiqc                                            [DEBUG  ]  Moving data file from '/tmp/tmpxdx71nto/multiqc_data/multiqc_fastqc.txt' to '/data/multiqc_data'
[2019-11-19 13:47:38,122] multiqc                                            [DEBUG  ]  Moving data file from '/tmp/tmpxdx71nto/multiqc_data/multiqc_data.json' to '/data/multiqc_data'
[2019-11-19 13:47:38,122] multiqc                                            [DEBUG  ]  Moving data file from '/tmp/tmpxdx71nto/multiqc_data/multiqc_sources.txt' to '/data/multiqc_data'
[2019-11-19 13:47:38,251] multiqc                                            [INFO   ]  MultiQC complete
