[2019-11-19 12:36:57,395] multiqc                                            [DEBUG  ]  No MultiQC config found: /usr/lib/python3.6/site-packages/multiqc-1.7-py3.6.egg/multiqc_config.yaml
[2019-11-19 12:36:57,395] multiqc                                            [DEBUG  ]  No MultiQC config found: /root/.multiqc_config.yaml
[2019-11-19 12:36:57,395] multiqc                                            [DEBUG  ]  No MultiQC config found: multiqc_config.yaml
[2019-11-19 12:36:57,395] multiqc                                            [DEBUG  ]  Command used: /usr/bin/multiqc /data/HG00150.mapped.ILLUMINA.bwa.GBR.low_coverage.20101123_fastqc.zip -o /data
[2019-11-19 12:36:59,233] multiqc                                            [DEBUG  ]  Latest MultiQC version is v1.7
[2019-11-19 12:36:59,234] multiqc                                            [INFO   ]  This is MultiQC v1.7
[2019-11-19 12:36:59,234] multiqc                                            [DEBUG  ]  Command     : /usr/bin/multiqc /data/HG00150.mapped.ILLUMINA.bwa.GBR.low_coverage.20101123_fastqc.zip -o /data
[2019-11-19 12:36:59,234] multiqc                                            [DEBUG  ]  Working dir : /var/lib/toil/toil-9b56b740-ccba-4b13-b998-c6aabca34938-69d14ae953f0400cbe6f0dc87a7486c9/tmp2NDKhh/a687f447-72c7-4e51-a83a-2c7ccf6857f2/tpjxYO6
[2019-11-19 12:36:59,234] multiqc                                            [INFO   ]  Template    : default
[2019-11-19 12:36:59,234] multiqc                                            [INFO   ]  Searching '/data/HG00150.mapped.ILLUMINA.bwa.GBR.low_coverage.20101123_fastqc.zip'
[2019-11-19 12:36:59,234] multiqc                                            [DEBUG  ]  Analysing modules: custom_content, conpair, peddy, methylQA, phantompeakqualtools, qualimap, preseq, quast, qorts, rna_seqc, rsem, rseqc, busco, goleft_indexcov, disambiguate, supernova, deeptools, sargasso, verifybamid, mirtrace, happy, homer, macs2, theta2, snpeff, gatk, htseq, bcftools, featureCounts, dedup, damageprofiler, picard, prokka, samblaster, samtools, bamtools, jellyfish, vcftools, longranger, stacks, bbmap, bismark, biscuit, hicexplorer, hicup, hicpro, salmon, kallisto, slamdunk, star, hisat2, tophat, bowtie2, bowtie1, kat, leehom, adapterRemoval, clipandmerge, cutadapt, flexbar, trimmomatic, skewer, sortmerna, biobloomtools, fastq_screen, afterqc, fastp, fastqc, minionqc, clusterflow, bcl2fastq, interop, flash
[2019-11-19 12:36:59,234] multiqc                                            [DEBUG  ]  Using temporary directory for creating report: /tmp/tmpu4phtkex
[2019-11-19 12:36:59,831] multiqc                                            [DEBUG  ]  No samples found: custom_content
[2019-11-19 12:36:59,834] multiqc                                            [DEBUG  ]  No samples found: conpair
[2019-11-19 12:36:59,838] multiqc                                            [DEBUG  ]  No samples found: peddy
[2019-11-19 12:36:59,841] multiqc                                            [DEBUG  ]  No samples found: methylQA
[2019-11-19 12:36:59,844] multiqc                                            [DEBUG  ]  No samples found: phantompeakqualtools
[2019-11-19 12:36:59,849] multiqc                                            [DEBUG  ]  No samples found: qualimap
[2019-11-19 12:36:59,852] multiqc                                            [DEBUG  ]  No samples found: preseq
[2019-11-19 12:36:59,855] multiqc                                            [DEBUG  ]  No samples found: quast
[2019-11-19 12:36:59,859] multiqc                                            [DEBUG  ]  No samples found: qorts
[2019-11-19 12:36:59,862] multiqc                                            [DEBUG  ]  No samples found: rna_seqc
[2019-11-19 12:36:59,866] multiqc                                            [DEBUG  ]  No samples found: rsem
[2019-11-19 12:36:59,876] multiqc                                            [DEBUG  ]  No samples found: rseqc
[2019-11-19 12:36:59,881] multiqc                                            [DEBUG  ]  No samples found: busco
[2019-11-19 12:36:59,886] multiqc                                            [DEBUG  ]  No samples found: goleft_indexcov
[2019-11-19 12:36:59,890] multiqc                                            [DEBUG  ]  No samples found: disambiguate
[2019-11-19 12:36:59,894] multiqc                                            [DEBUG  ]  No samples found: supernova
[2019-11-19 12:36:59,905] multiqc                                            [DEBUG  ]  No samples found: deeptools
[2019-11-19 12:36:59,910] multiqc                                            [DEBUG  ]  No samples found: sargasso
[2019-11-19 12:36:59,914] multiqc                                            [DEBUG  ]  No samples found: verifybamid
[2019-11-19 12:36:59,917] multiqc                                            [DEBUG  ]  No samples found: mirtrace
[2019-11-19 12:36:59,920] multiqc                                            [DEBUG  ]  No samples found: happy
[2019-11-19 12:36:59,925] multiqc                                            [DEBUG  ]  No samples found: homer
[2019-11-19 12:36:59,928] multiqc                                            [DEBUG  ]  No samples found: macs2
[2019-11-19 12:36:59,931] multiqc                                            [DEBUG  ]  No samples found: theta2
[2019-11-19 12:36:59,934] multiqc                                            [DEBUG  ]  No samples found: snpeff
[2019-11-19 12:36:59,939] multiqc                                            [DEBUG  ]  No samples found: gatk
[2019-11-19 12:36:59,942] multiqc                                            [DEBUG  ]  No samples found: htseq
[2019-11-19 12:36:59,946] multiqc                                            [DEBUG  ]  No samples found: bcftools
[2019-11-19 12:36:59,949] multiqc                                            [DEBUG  ]  No samples found: featureCounts
[2019-11-19 12:36:59,953] multiqc                                            [DEBUG  ]  No samples found: dedup
[2019-11-19 12:36:59,956] multiqc                                            [DEBUG  ]  No samples found: damageprofiler
[2019-11-19 12:36:59,965] multiqc                                            [DEBUG  ]  No samples found: picard
[2019-11-19 12:36:59,968] multiqc                                            [DEBUG  ]  No samples found: prokka
[2019-11-19 12:36:59,971] multiqc                                            [DEBUG  ]  No samples found: samblaster
[2019-11-19 12:36:59,977] multiqc                                            [DEBUG  ]  No samples found: samtools
[2019-11-19 12:36:59,980] multiqc                                            [DEBUG  ]  No samples found: bamtools
[2019-11-19 12:36:59,983] multiqc                                            [DEBUG  ]  No samples found: jellyfish
[2019-11-19 12:36:59,988] multiqc                                            [DEBUG  ]  No samples found: vcftools
[2019-11-19 12:36:59,992] multiqc                                            [DEBUG  ]  No samples found: longranger
[2019-11-19 12:36:59,995] multiqc                                            [DEBUG  ]  No samples found: stacks
[2019-11-19 12:37:00,003] multiqc                                            [DEBUG  ]  No samples found: bbmap
[2019-11-19 12:37:00,006] multiqc                                            [DEBUG  ]  No samples found: bismark
[2019-11-19 12:37:00,011] multiqc                                            [DEBUG  ]  No samples found: biscuit
[2019-11-19 12:37:00,014] multiqc                                            [DEBUG  ]  No samples found: hicexplorer
[2019-11-19 12:37:00,018] multiqc                                            [DEBUG  ]  No samples found: hicup
[2019-11-19 12:37:00,021] multiqc                                            [DEBUG  ]  No samples found: hicpro
[2019-11-19 12:37:00,024] multiqc                                            [DEBUG  ]  No samples found: salmon
[2019-11-19 12:37:00,028] multiqc                                            [DEBUG  ]  No samples found: kallisto
[2019-11-19 12:37:00,031] multiqc                                            [DEBUG  ]  No samples found: slamdunk
[2019-11-19 12:37:00,035] multiqc                                            [DEBUG  ]  No samples found: star
[2019-11-19 12:37:00,038] multiqc                                            [DEBUG  ]  No samples found: hisat2
[2019-11-19 12:37:00,041] multiqc                                            [DEBUG  ]  No samples found: tophat
[2019-11-19 12:37:00,044] multiqc                                            [DEBUG  ]  No samples found: bowtie2
[2019-11-19 12:37:00,048] multiqc                                            [DEBUG  ]  No samples found: bowtie1
[2019-11-19 12:37:00,051] multiqc                                            [DEBUG  ]  No samples found: kat
[2019-11-19 12:37:00,054] multiqc                                            [DEBUG  ]  No samples found: leehom
[2019-11-19 12:37:00,058] multiqc                                            [DEBUG  ]  No samples found: adapterRemoval
[2019-11-19 12:37:00,061] multiqc                                            [DEBUG  ]  No samples found: clipandmerge
[2019-11-19 12:37:00,064] multiqc                                            [DEBUG  ]  No samples found: cutadapt
[2019-11-19 12:37:00,067] multiqc                                            [DEBUG  ]  No samples found: flexbar
[2019-11-19 12:37:00,071] multiqc                                            [DEBUG  ]  No samples found: trimmomatic
[2019-11-19 12:37:00,074] multiqc                                            [DEBUG  ]  No samples found: skewer
[2019-11-19 12:37:00,077] multiqc                                            [DEBUG  ]  No samples found: sortmerna
[2019-11-19 12:37:00,080] multiqc                                            [DEBUG  ]  No samples found: biobloomtools
[2019-11-19 12:37:00,084] multiqc                                            [DEBUG  ]  No samples found: fastq_screen
[2019-11-19 12:37:00,087] multiqc                                            [DEBUG  ]  No samples found: afterqc
[2019-11-19 12:37:00,090] multiqc                                            [DEBUG  ]  No samples found: fastp
[2019-11-19 12:37:00,098] multiqc.modules.fastqc.fastqc                      [INFO   ]  Found 1 reports
[2019-11-19 12:37:00,150] multiqc                                            [DEBUG  ]  No samples found: minionqc
[2019-11-19 12:37:00,153] multiqc                                            [DEBUG  ]  No samples found: clusterflow
[2019-11-19 12:37:00,157] multiqc                                            [DEBUG  ]  No samples found: bcl2fastq
[2019-11-19 12:37:00,160] multiqc                                            [DEBUG  ]  No samples found: interop
[2019-11-19 12:37:00,164] multiqc                                            [DEBUG  ]  No samples found: flash
[2019-11-19 12:37:00,166] multiqc                                            [INFO   ]  Compressing plot data
[2019-11-19 12:37:00,193] multiqc                                            [INFO   ]  Report      : ../../../../../../../data/multiqc_report.html
[2019-11-19 12:37:00,194] multiqc                                            [INFO   ]  Data        : ../../../../../../../data/multiqc_data
[2019-11-19 12:37:00,194] multiqc                                            [DEBUG  ]  Moving data file from '/tmp/tmpu4phtkex/multiqc_data/multiqc_general_stats.txt' to '/data/multiqc_data'
[2019-11-19 12:37:00,194] multiqc                                            [DEBUG  ]  Moving data file from '/tmp/tmpu4phtkex/multiqc_data/multiqc_fastqc.txt' to '/data/multiqc_data'
[2019-11-19 12:37:00,194] multiqc                                            [DEBUG  ]  Moving data file from '/tmp/tmpu4phtkex/multiqc_data/multiqc_data.json' to '/data/multiqc_data'
[2019-11-19 12:37:00,195] multiqc                                            [DEBUG  ]  Moving data file from '/tmp/tmpu4phtkex/multiqc_data/multiqc_sources.txt' to '/data/multiqc_data'
[2019-11-19 12:37:00,318] multiqc                                            [INFO   ]  MultiQC complete
