[2019-11-19 10:30:37,311] multiqc                                            [DEBUG  ]  No MultiQC config found: /usr/lib/python3.6/site-packages/multiqc-1.7-py3.6.egg/multiqc_config.yaml
[2019-11-19 10:30:37,311] multiqc                                            [DEBUG  ]  No MultiQC config found: /root/.multiqc_config.yaml
[2019-11-19 10:30:37,311] multiqc                                            [DEBUG  ]  No MultiQC config found: multiqc_config.yaml
[2019-11-19 10:30:37,311] multiqc                                            [DEBUG  ]  Command used: /usr/bin/multiqc /data/HG00136.unmapped.ILLUMINA.bwa.GBR.low_coverage.20101123_fastqc.zip -o /data
[2019-11-19 10:30:39,803] multiqc                                            [DEBUG  ]  Latest MultiQC version is v1.7
[2019-11-19 10:30:39,803] multiqc                                            [INFO   ]  This is MultiQC v1.7
[2019-11-19 10:30:39,803] multiqc                                            [DEBUG  ]  Command     : /usr/bin/multiqc /data/HG00136.unmapped.ILLUMINA.bwa.GBR.low_coverage.20101123_fastqc.zip -o /data
[2019-11-19 10:30:39,803] multiqc                                            [DEBUG  ]  Working dir : /var/lib/toil/toil-9b56b740-ccba-4b13-b998-c6aabca34938-69d14ae953f0400cbe6f0dc87a7486c9/tmpBghLgx/eba678fe-66b8-4767-a270-a99095318b97/tGZivmv
[2019-11-19 10:30:39,803] multiqc                                            [INFO   ]  Template    : default
[2019-11-19 10:30:39,803] multiqc                                            [INFO   ]  Searching '/data/HG00136.unmapped.ILLUMINA.bwa.GBR.low_coverage.20101123_fastqc.zip'
[2019-11-19 10:30:39,804] multiqc                                            [DEBUG  ]  Analysing modules: custom_content, conpair, peddy, methylQA, phantompeakqualtools, qualimap, preseq, quast, qorts, rna_seqc, rsem, rseqc, busco, goleft_indexcov, disambiguate, supernova, deeptools, sargasso, verifybamid, mirtrace, happy, homer, macs2, theta2, snpeff, gatk, htseq, bcftools, featureCounts, dedup, damageprofiler, picard, prokka, samblaster, samtools, bamtools, jellyfish, vcftools, longranger, stacks, bbmap, bismark, biscuit, hicexplorer, hicup, hicpro, salmon, kallisto, slamdunk, star, hisat2, tophat, bowtie2, bowtie1, kat, leehom, adapterRemoval, clipandmerge, cutadapt, flexbar, trimmomatic, skewer, sortmerna, biobloomtools, fastq_screen, afterqc, fastp, fastqc, minionqc, clusterflow, bcl2fastq, interop, flash
[2019-11-19 10:30:39,804] multiqc                                            [DEBUG  ]  Using temporary directory for creating report: /tmp/tmpa8ra3yp6
[2019-11-19 10:30:40,524] multiqc                                            [DEBUG  ]  No samples found: custom_content
[2019-11-19 10:30:40,529] multiqc                                            [DEBUG  ]  No samples found: conpair
[2019-11-19 10:30:40,533] multiqc                                            [DEBUG  ]  No samples found: peddy
[2019-11-19 10:30:40,537] multiqc                                            [DEBUG  ]  No samples found: methylQA
[2019-11-19 10:30:40,541] multiqc                                            [DEBUG  ]  No samples found: phantompeakqualtools
[2019-11-19 10:30:40,547] multiqc                                            [DEBUG  ]  No samples found: qualimap
[2019-11-19 10:30:40,552] multiqc                                            [DEBUG  ]  No samples found: preseq
[2019-11-19 10:30:40,556] multiqc                                            [DEBUG  ]  No samples found: quast
[2019-11-19 10:30:40,560] multiqc                                            [DEBUG  ]  No samples found: qorts
[2019-11-19 10:30:40,565] multiqc                                            [DEBUG  ]  No samples found: rna_seqc
[2019-11-19 10:30:40,569] multiqc                                            [DEBUG  ]  No samples found: rsem
[2019-11-19 10:30:40,577] multiqc                                            [DEBUG  ]  No samples found: rseqc
[2019-11-19 10:30:40,582] multiqc                                            [DEBUG  ]  No samples found: busco
[2019-11-19 10:30:40,586] multiqc                                            [DEBUG  ]  No samples found: goleft_indexcov
[2019-11-19 10:30:40,590] multiqc                                            [DEBUG  ]  No samples found: disambiguate
[2019-11-19 10:30:40,594] multiqc                                            [DEBUG  ]  No samples found: supernova
[2019-11-19 10:30:40,603] multiqc                                            [DEBUG  ]  No samples found: deeptools
[2019-11-19 10:30:40,607] multiqc                                            [DEBUG  ]  No samples found: sargasso
[2019-11-19 10:30:40,612] multiqc                                            [DEBUG  ]  No samples found: verifybamid
[2019-11-19 10:30:40,616] multiqc                                            [DEBUG  ]  No samples found: mirtrace
[2019-11-19 10:30:40,620] multiqc                                            [DEBUG  ]  No samples found: happy
[2019-11-19 10:30:40,626] multiqc                                            [DEBUG  ]  No samples found: homer
[2019-11-19 10:30:40,630] multiqc                                            [DEBUG  ]  No samples found: macs2
[2019-11-19 10:30:40,634] multiqc                                            [DEBUG  ]  No samples found: theta2
[2019-11-19 10:30:40,638] multiqc                                            [DEBUG  ]  No samples found: snpeff
[2019-11-19 10:30:40,644] multiqc                                            [DEBUG  ]  No samples found: gatk
[2019-11-19 10:30:40,649] multiqc                                            [DEBUG  ]  No samples found: htseq
[2019-11-19 10:30:40,654] multiqc                                            [DEBUG  ]  No samples found: bcftools
[2019-11-19 10:30:40,660] multiqc                                            [DEBUG  ]  No samples found: featureCounts
[2019-11-19 10:30:40,664] multiqc                                            [DEBUG  ]  No samples found: dedup
[2019-11-19 10:30:40,669] multiqc                                            [DEBUG  ]  No samples found: damageprofiler
[2019-11-19 10:30:40,680] multiqc                                            [DEBUG  ]  No samples found: picard
[2019-11-19 10:30:40,684] multiqc                                            [DEBUG  ]  No samples found: prokka
[2019-11-19 10:30:40,689] multiqc                                            [DEBUG  ]  No samples found: samblaster
[2019-11-19 10:30:40,695] multiqc                                            [DEBUG  ]  No samples found: samtools
[2019-11-19 10:30:40,700] multiqc                                            [DEBUG  ]  No samples found: bamtools
[2019-11-19 10:30:40,704] multiqc                                            [DEBUG  ]  No samples found: jellyfish
[2019-11-19 10:30:40,710] multiqc                                            [DEBUG  ]  No samples found: vcftools
[2019-11-19 10:30:40,714] multiqc                                            [DEBUG  ]  No samples found: longranger
[2019-11-19 10:30:40,718] multiqc                                            [DEBUG  ]  No samples found: stacks
[2019-11-19 10:30:40,729] multiqc                                            [DEBUG  ]  No samples found: bbmap
[2019-11-19 10:30:40,733] multiqc                                            [DEBUG  ]  No samples found: bismark
[2019-11-19 10:30:40,738] multiqc                                            [DEBUG  ]  No samples found: biscuit
[2019-11-19 10:30:40,742] multiqc                                            [DEBUG  ]  No samples found: hicexplorer
[2019-11-19 10:30:40,747] multiqc                                            [DEBUG  ]  No samples found: hicup
[2019-11-19 10:30:40,751] multiqc                                            [DEBUG  ]  No samples found: hicpro
[2019-11-19 10:30:40,755] multiqc                                            [DEBUG  ]  No samples found: salmon
[2019-11-19 10:30:40,760] multiqc                                            [DEBUG  ]  No samples found: kallisto
[2019-11-19 10:30:40,764] multiqc                                            [DEBUG  ]  No samples found: slamdunk
[2019-11-19 10:30:40,768] multiqc                                            [DEBUG  ]  No samples found: star
[2019-11-19 10:30:40,772] multiqc                                            [DEBUG  ]  No samples found: hisat2
[2019-11-19 10:30:40,777] multiqc                                            [DEBUG  ]  No samples found: tophat
[2019-11-19 10:30:40,781] multiqc                                            [DEBUG  ]  No samples found: bowtie2
[2019-11-19 10:30:40,785] multiqc                                            [DEBUG  ]  No samples found: bowtie1
[2019-11-19 10:30:40,790] multiqc                                            [DEBUG  ]  No samples found: kat
[2019-11-19 10:30:40,796] multiqc                                            [DEBUG  ]  No samples found: leehom
[2019-11-19 10:30:40,802] multiqc                                            [DEBUG  ]  No samples found: adapterRemoval
[2019-11-19 10:30:40,806] multiqc                                            [DEBUG  ]  No samples found: clipandmerge
[2019-11-19 10:30:40,811] multiqc                                            [DEBUG  ]  No samples found: cutadapt
[2019-11-19 10:30:40,817] multiqc                                            [DEBUG  ]  No samples found: flexbar
[2019-11-19 10:30:40,822] multiqc                                            [DEBUG  ]  No samples found: trimmomatic
[2019-11-19 10:30:40,826] multiqc                                            [DEBUG  ]  No samples found: skewer
[2019-11-19 10:30:40,830] multiqc                                            [DEBUG  ]  No samples found: sortmerna
[2019-11-19 10:30:40,834] multiqc                                            [DEBUG  ]  No samples found: biobloomtools
[2019-11-19 10:30:40,839] multiqc                                            [DEBUG  ]  No samples found: fastq_screen
[2019-11-19 10:30:40,843] multiqc                                            [DEBUG  ]  No samples found: afterqc
[2019-11-19 10:30:40,848] multiqc                                            [DEBUG  ]  No samples found: fastp
[2019-11-19 10:30:40,856] multiqc.modules.fastqc.fastqc                      [INFO   ]  Found 1 reports
[2019-11-19 10:30:40,907] multiqc                                            [DEBUG  ]  No samples found: minionqc
[2019-11-19 10:30:40,912] multiqc                                            [DEBUG  ]  No samples found: clusterflow
[2019-11-19 10:30:40,916] multiqc                                            [DEBUG  ]  No samples found: bcl2fastq
[2019-11-19 10:30:40,921] multiqc                                            [DEBUG  ]  No samples found: interop
[2019-11-19 10:30:40,927] multiqc                                            [DEBUG  ]  No samples found: flash
[2019-11-19 10:30:40,930] multiqc                                            [INFO   ]  Compressing plot data
[2019-11-19 10:30:40,964] multiqc                                            [INFO   ]  Report      : ../../../../../../../data/multiqc_report.html
[2019-11-19 10:30:40,964] multiqc                                            [INFO   ]  Data        : ../../../../../../../data/multiqc_data
[2019-11-19 10:30:40,965] multiqc                                            [DEBUG  ]  Moving data file from '/tmp/tmpa8ra3yp6/multiqc_data/multiqc_general_stats.txt' to '/data/multiqc_data'
[2019-11-19 10:30:40,965] multiqc                                            [DEBUG  ]  Moving data file from '/tmp/tmpa8ra3yp6/multiqc_data/multiqc_fastqc.txt' to '/data/multiqc_data'
[2019-11-19 10:30:40,965] multiqc                                            [DEBUG  ]  Moving data file from '/tmp/tmpa8ra3yp6/multiqc_data/multiqc_data.json' to '/data/multiqc_data'
[2019-11-19 10:30:40,966] multiqc                                            [DEBUG  ]  Moving data file from '/tmp/tmpa8ra3yp6/multiqc_data/multiqc_sources.txt' to '/data/multiqc_data'
[2019-11-19 10:30:41,111] multiqc                                            [INFO   ]  MultiQC complete
