[2019-11-19 12:34:34,332] multiqc                                            [DEBUG  ]  No MultiQC config found: /usr/lib/python3.6/site-packages/multiqc-1.7-py3.6.egg/multiqc_config.yaml
[2019-11-19 12:34:34,332] multiqc                                            [DEBUG  ]  No MultiQC config found: /root/.multiqc_config.yaml
[2019-11-19 12:34:34,333] multiqc                                            [DEBUG  ]  No MultiQC config found: multiqc_config.yaml
[2019-11-19 12:34:34,333] multiqc                                            [DEBUG  ]  Command used: /usr/bin/multiqc /data/HG00173.unmapped.ILLUMINA.bwa.FIN.low_coverage.20101123_fastqc.zip -o /data
[2019-11-19 12:34:36,189] multiqc                                            [DEBUG  ]  Latest MultiQC version is v1.7
[2019-11-19 12:34:36,189] multiqc                                            [INFO   ]  This is MultiQC v1.7
[2019-11-19 12:34:36,189] multiqc                                            [DEBUG  ]  Command     : /usr/bin/multiqc /data/HG00173.unmapped.ILLUMINA.bwa.FIN.low_coverage.20101123_fastqc.zip -o /data
[2019-11-19 12:34:36,189] multiqc                                            [DEBUG  ]  Working dir : /var/lib/toil/toil-9b56b740-ccba-4b13-b998-c6aabca34938-69d14ae953f0400cbe6f0dc87a7486c9/tmp_Olpeo/0822ccb8-1f3d-48ec-ae1c-751e140d82be/tXKab7O
[2019-11-19 12:34:36,189] multiqc                                            [INFO   ]  Template    : default
[2019-11-19 12:34:36,189] multiqc                                            [INFO   ]  Searching '/data/HG00173.unmapped.ILLUMINA.bwa.FIN.low_coverage.20101123_fastqc.zip'
[2019-11-19 12:34:36,189] multiqc                                            [DEBUG  ]  Analysing modules: custom_content, conpair, peddy, methylQA, phantompeakqualtools, qualimap, preseq, quast, qorts, rna_seqc, rsem, rseqc, busco, goleft_indexcov, disambiguate, supernova, deeptools, sargasso, verifybamid, mirtrace, happy, homer, macs2, theta2, snpeff, gatk, htseq, bcftools, featureCounts, dedup, damageprofiler, picard, prokka, samblaster, samtools, bamtools, jellyfish, vcftools, longranger, stacks, bbmap, bismark, biscuit, hicexplorer, hicup, hicpro, salmon, kallisto, slamdunk, star, hisat2, tophat, bowtie2, bowtie1, kat, leehom, adapterRemoval, clipandmerge, cutadapt, flexbar, trimmomatic, skewer, sortmerna, biobloomtools, fastq_screen, afterqc, fastp, fastqc, minionqc, clusterflow, bcl2fastq, interop, flash
[2019-11-19 12:34:36,190] multiqc                                            [DEBUG  ]  Using temporary directory for creating report: /tmp/tmpa8qb1kpt
[2019-11-19 12:34:36,908] multiqc                                            [DEBUG  ]  No samples found: custom_content
[2019-11-19 12:34:36,913] multiqc                                            [DEBUG  ]  No samples found: conpair
[2019-11-19 12:34:36,917] multiqc                                            [DEBUG  ]  No samples found: peddy
[2019-11-19 12:34:36,921] multiqc                                            [DEBUG  ]  No samples found: methylQA
[2019-11-19 12:34:36,925] multiqc                                            [DEBUG  ]  No samples found: phantompeakqualtools
[2019-11-19 12:34:36,930] multiqc                                            [DEBUG  ]  No samples found: qualimap
[2019-11-19 12:34:36,934] multiqc                                            [DEBUG  ]  No samples found: preseq
[2019-11-19 12:34:36,938] multiqc                                            [DEBUG  ]  No samples found: quast
[2019-11-19 12:34:36,942] multiqc                                            [DEBUG  ]  No samples found: qorts
[2019-11-19 12:34:36,947] multiqc                                            [DEBUG  ]  No samples found: rna_seqc
[2019-11-19 12:34:36,951] multiqc                                            [DEBUG  ]  No samples found: rsem
[2019-11-19 12:34:36,960] multiqc                                            [DEBUG  ]  No samples found: rseqc
[2019-11-19 12:34:36,964] multiqc                                            [DEBUG  ]  No samples found: busco
[2019-11-19 12:34:36,968] multiqc                                            [DEBUG  ]  No samples found: goleft_indexcov
[2019-11-19 12:34:36,972] multiqc                                            [DEBUG  ]  No samples found: disambiguate
[2019-11-19 12:34:36,976] multiqc                                            [DEBUG  ]  No samples found: supernova
[2019-11-19 12:34:36,984] multiqc                                            [DEBUG  ]  No samples found: deeptools
[2019-11-19 12:34:36,988] multiqc                                            [DEBUG  ]  No samples found: sargasso
[2019-11-19 12:34:36,992] multiqc                                            [DEBUG  ]  No samples found: verifybamid
[2019-11-19 12:34:36,997] multiqc                                            [DEBUG  ]  No samples found: mirtrace
[2019-11-19 12:34:37,001] multiqc                                            [DEBUG  ]  No samples found: happy
[2019-11-19 12:34:37,007] multiqc                                            [DEBUG  ]  No samples found: homer
[2019-11-19 12:34:37,011] multiqc                                            [DEBUG  ]  No samples found: macs2
[2019-11-19 12:34:37,016] multiqc                                            [DEBUG  ]  No samples found: theta2
[2019-11-19 12:34:37,022] multiqc                                            [DEBUG  ]  No samples found: snpeff
[2019-11-19 12:34:37,027] multiqc                                            [DEBUG  ]  No samples found: gatk
[2019-11-19 12:34:37,031] multiqc                                            [DEBUG  ]  No samples found: htseq
[2019-11-19 12:34:37,035] multiqc                                            [DEBUG  ]  No samples found: bcftools
[2019-11-19 12:34:37,039] multiqc                                            [DEBUG  ]  No samples found: featureCounts
[2019-11-19 12:34:37,042] multiqc                                            [DEBUG  ]  No samples found: dedup
[2019-11-19 12:34:37,046] multiqc                                            [DEBUG  ]  No samples found: damageprofiler
[2019-11-19 12:34:37,056] multiqc                                            [DEBUG  ]  No samples found: picard
[2019-11-19 12:34:37,060] multiqc                                            [DEBUG  ]  No samples found: prokka
[2019-11-19 12:34:37,064] multiqc                                            [DEBUG  ]  No samples found: samblaster
[2019-11-19 12:34:37,071] multiqc                                            [DEBUG  ]  No samples found: samtools
[2019-11-19 12:34:37,074] multiqc                                            [DEBUG  ]  No samples found: bamtools
[2019-11-19 12:34:37,078] multiqc                                            [DEBUG  ]  No samples found: jellyfish
[2019-11-19 12:34:37,084] multiqc                                            [DEBUG  ]  No samples found: vcftools
[2019-11-19 12:34:37,088] multiqc                                            [DEBUG  ]  No samples found: longranger
[2019-11-19 12:34:37,092] multiqc                                            [DEBUG  ]  No samples found: stacks
[2019-11-19 12:34:37,101] multiqc                                            [DEBUG  ]  No samples found: bbmap
[2019-11-19 12:34:37,105] multiqc                                            [DEBUG  ]  No samples found: bismark
[2019-11-19 12:34:37,111] multiqc                                            [DEBUG  ]  No samples found: biscuit
[2019-11-19 12:34:37,115] multiqc                                            [DEBUG  ]  No samples found: hicexplorer
[2019-11-19 12:34:37,119] multiqc                                            [DEBUG  ]  No samples found: hicup
[2019-11-19 12:34:37,124] multiqc                                            [DEBUG  ]  No samples found: hicpro
[2019-11-19 12:34:37,130] multiqc                                            [DEBUG  ]  No samples found: salmon
[2019-11-19 12:34:37,134] multiqc                                            [DEBUG  ]  No samples found: kallisto
[2019-11-19 12:34:37,138] multiqc                                            [DEBUG  ]  No samples found: slamdunk
[2019-11-19 12:34:37,142] multiqc                                            [DEBUG  ]  No samples found: star
[2019-11-19 12:34:37,146] multiqc                                            [DEBUG  ]  No samples found: hisat2
[2019-11-19 12:34:37,150] multiqc                                            [DEBUG  ]  No samples found: tophat
[2019-11-19 12:34:37,154] multiqc                                            [DEBUG  ]  No samples found: bowtie2
[2019-11-19 12:34:37,158] multiqc                                            [DEBUG  ]  No samples found: bowtie1
[2019-11-19 12:34:37,162] multiqc                                            [DEBUG  ]  No samples found: kat
[2019-11-19 12:34:37,166] multiqc                                            [DEBUG  ]  No samples found: leehom
[2019-11-19 12:34:37,169] multiqc                                            [DEBUG  ]  No samples found: adapterRemoval
[2019-11-19 12:34:37,173] multiqc                                            [DEBUG  ]  No samples found: clipandmerge
[2019-11-19 12:34:37,177] multiqc                                            [DEBUG  ]  No samples found: cutadapt
[2019-11-19 12:34:37,181] multiqc                                            [DEBUG  ]  No samples found: flexbar
[2019-11-19 12:34:37,185] multiqc                                            [DEBUG  ]  No samples found: trimmomatic
[2019-11-19 12:34:37,189] multiqc                                            [DEBUG  ]  No samples found: skewer
[2019-11-19 12:34:37,193] multiqc                                            [DEBUG  ]  No samples found: sortmerna
[2019-11-19 12:34:37,197] multiqc                                            [DEBUG  ]  No samples found: biobloomtools
[2019-11-19 12:34:37,201] multiqc                                            [DEBUG  ]  No samples found: fastq_screen
[2019-11-19 12:34:37,204] multiqc                                            [DEBUG  ]  No samples found: afterqc
[2019-11-19 12:34:37,208] multiqc                                            [DEBUG  ]  No samples found: fastp
[2019-11-19 12:34:37,215] multiqc.modules.fastqc.fastqc                      [INFO   ]  Found 1 reports
[2019-11-19 12:34:37,267] multiqc                                            [DEBUG  ]  No samples found: minionqc
[2019-11-19 12:34:37,271] multiqc                                            [DEBUG  ]  No samples found: clusterflow
[2019-11-19 12:34:37,275] multiqc                                            [DEBUG  ]  No samples found: bcl2fastq
[2019-11-19 12:34:37,279] multiqc                                            [DEBUG  ]  No samples found: interop
[2019-11-19 12:34:37,283] multiqc                                            [DEBUG  ]  No samples found: flash
[2019-11-19 12:34:37,286] multiqc                                            [INFO   ]  Compressing plot data
[2019-11-19 12:34:37,318] multiqc                                            [INFO   ]  Report      : ../../../../../../../data/multiqc_report.html
[2019-11-19 12:34:37,318] multiqc                                            [INFO   ]  Data        : ../../../../../../../data/multiqc_data
[2019-11-19 12:34:37,318] multiqc                                            [DEBUG  ]  Moving data file from '/tmp/tmpa8qb1kpt/multiqc_data/multiqc_general_stats.txt' to '/data/multiqc_data'
[2019-11-19 12:34:37,318] multiqc                                            [DEBUG  ]  Moving data file from '/tmp/tmpa8qb1kpt/multiqc_data/multiqc_fastqc.txt' to '/data/multiqc_data'
[2019-11-19 12:34:37,318] multiqc                                            [DEBUG  ]  Moving data file from '/tmp/tmpa8qb1kpt/multiqc_data/multiqc_data.json' to '/data/multiqc_data'
[2019-11-19 12:34:37,319] multiqc                                            [DEBUG  ]  Moving data file from '/tmp/tmpa8qb1kpt/multiqc_data/multiqc_sources.txt' to '/data/multiqc_data'
[2019-11-19 12:34:37,445] multiqc                                            [INFO   ]  MultiQC complete
