[2019-11-19 15:55:13,122] multiqc                                            [DEBUG  ]  No MultiQC config found: /usr/lib/python3.6/site-packages/multiqc-1.7-py3.6.egg/multiqc_config.yaml
[2019-11-19 15:55:13,122] multiqc                                            [DEBUG  ]  No MultiQC config found: /root/.multiqc_config.yaml
[2019-11-19 15:55:13,122] multiqc                                            [DEBUG  ]  No MultiQC config found: multiqc_config.yaml
[2019-11-19 15:55:13,122] multiqc                                            [DEBUG  ]  Command used: /usr/bin/multiqc /data/HG00238.unmapped.SOLID.bfast.GBR.low_coverage.20101123_fastqc.zip -o /data
[2019-11-19 15:55:15,041] multiqc                                            [DEBUG  ]  Latest MultiQC version is v1.7
[2019-11-19 15:55:15,042] multiqc                                            [INFO   ]  This is MultiQC v1.7
[2019-11-19 15:55:15,042] multiqc                                            [DEBUG  ]  Command     : /usr/bin/multiqc /data/HG00238.unmapped.SOLID.bfast.GBR.low_coverage.20101123_fastqc.zip -o /data
[2019-11-19 15:55:15,042] multiqc                                            [DEBUG  ]  Working dir : /var/lib/toil/toil-9b56b740-ccba-4b13-b998-c6aabca34938-69d14ae953f0400cbe6f0dc87a7486c9/tmpP4fyH8/9a6aae18-4ed5-4a60-a127-0ce73eff2ee5/twX27Q8
[2019-11-19 15:55:15,042] multiqc                                            [INFO   ]  Template    : default
[2019-11-19 15:55:15,042] multiqc                                            [INFO   ]  Searching '/data/HG00238.unmapped.SOLID.bfast.GBR.low_coverage.20101123_fastqc.zip'
[2019-11-19 15:55:15,042] multiqc                                            [DEBUG  ]  Analysing modules: custom_content, conpair, peddy, methylQA, phantompeakqualtools, qualimap, preseq, quast, qorts, rna_seqc, rsem, rseqc, busco, goleft_indexcov, disambiguate, supernova, deeptools, sargasso, verifybamid, mirtrace, happy, homer, macs2, theta2, snpeff, gatk, htseq, bcftools, featureCounts, dedup, damageprofiler, picard, prokka, samblaster, samtools, bamtools, jellyfish, vcftools, longranger, stacks, bbmap, bismark, biscuit, hicexplorer, hicup, hicpro, salmon, kallisto, slamdunk, star, hisat2, tophat, bowtie2, bowtie1, kat, leehom, adapterRemoval, clipandmerge, cutadapt, flexbar, trimmomatic, skewer, sortmerna, biobloomtools, fastq_screen, afterqc, fastp, fastqc, minionqc, clusterflow, bcl2fastq, interop, flash
[2019-11-19 15:55:15,042] multiqc                                            [DEBUG  ]  Using temporary directory for creating report: /tmp/tmpspsb76l9
[2019-11-19 15:55:15,726] multiqc                                            [DEBUG  ]  No samples found: custom_content
[2019-11-19 15:55:15,731] multiqc                                            [DEBUG  ]  No samples found: conpair
[2019-11-19 15:55:15,735] multiqc                                            [DEBUG  ]  No samples found: peddy
[2019-11-19 15:55:15,739] multiqc                                            [DEBUG  ]  No samples found: methylQA
[2019-11-19 15:55:15,743] multiqc                                            [DEBUG  ]  No samples found: phantompeakqualtools
[2019-11-19 15:55:15,749] multiqc                                            [DEBUG  ]  No samples found: qualimap
[2019-11-19 15:55:15,753] multiqc                                            [DEBUG  ]  No samples found: preseq
[2019-11-19 15:55:15,757] multiqc                                            [DEBUG  ]  No samples found: quast
[2019-11-19 15:55:15,761] multiqc                                            [DEBUG  ]  No samples found: qorts
[2019-11-19 15:55:15,766] multiqc                                            [DEBUG  ]  No samples found: rna_seqc
[2019-11-19 15:55:15,770] multiqc                                            [DEBUG  ]  No samples found: rsem
[2019-11-19 15:55:15,778] multiqc                                            [DEBUG  ]  No samples found: rseqc
[2019-11-19 15:55:15,782] multiqc                                            [DEBUG  ]  No samples found: busco
[2019-11-19 15:55:15,786] multiqc                                            [DEBUG  ]  No samples found: goleft_indexcov
[2019-11-19 15:55:15,790] multiqc                                            [DEBUG  ]  No samples found: disambiguate
[2019-11-19 15:55:15,795] multiqc                                            [DEBUG  ]  No samples found: supernova
[2019-11-19 15:55:15,803] multiqc                                            [DEBUG  ]  No samples found: deeptools
[2019-11-19 15:55:15,807] multiqc                                            [DEBUG  ]  No samples found: sargasso
[2019-11-19 15:55:15,811] multiqc                                            [DEBUG  ]  No samples found: verifybamid
[2019-11-19 15:55:15,815] multiqc                                            [DEBUG  ]  No samples found: mirtrace
[2019-11-19 15:55:15,819] multiqc                                            [DEBUG  ]  No samples found: happy
[2019-11-19 15:55:15,825] multiqc                                            [DEBUG  ]  No samples found: homer
[2019-11-19 15:55:15,829] multiqc                                            [DEBUG  ]  No samples found: macs2
[2019-11-19 15:55:15,833] multiqc                                            [DEBUG  ]  No samples found: theta2
[2019-11-19 15:55:15,837] multiqc                                            [DEBUG  ]  No samples found: snpeff
[2019-11-19 15:55:15,844] multiqc                                            [DEBUG  ]  No samples found: gatk
[2019-11-19 15:55:15,848] multiqc                                            [DEBUG  ]  No samples found: htseq
[2019-11-19 15:55:15,852] multiqc                                            [DEBUG  ]  No samples found: bcftools
[2019-11-19 15:55:15,856] multiqc                                            [DEBUG  ]  No samples found: featureCounts
[2019-11-19 15:55:15,860] multiqc                                            [DEBUG  ]  No samples found: dedup
[2019-11-19 15:55:15,864] multiqc                                            [DEBUG  ]  No samples found: damageprofiler
[2019-11-19 15:55:15,875] multiqc                                            [DEBUG  ]  No samples found: picard
[2019-11-19 15:55:15,879] multiqc                                            [DEBUG  ]  No samples found: prokka
[2019-11-19 15:55:15,883] multiqc                                            [DEBUG  ]  No samples found: samblaster
[2019-11-19 15:55:15,889] multiqc                                            [DEBUG  ]  No samples found: samtools
[2019-11-19 15:55:15,894] multiqc                                            [DEBUG  ]  No samples found: bamtools
[2019-11-19 15:55:15,898] multiqc                                            [DEBUG  ]  No samples found: jellyfish
[2019-11-19 15:55:15,904] multiqc                                            [DEBUG  ]  No samples found: vcftools
[2019-11-19 15:55:15,908] multiqc                                            [DEBUG  ]  No samples found: longranger
[2019-11-19 15:55:15,912] multiqc                                            [DEBUG  ]  No samples found: stacks
[2019-11-19 15:55:15,922] multiqc                                            [DEBUG  ]  No samples found: bbmap
[2019-11-19 15:55:15,926] multiqc                                            [DEBUG  ]  No samples found: bismark
[2019-11-19 15:55:15,932] multiqc                                            [DEBUG  ]  No samples found: biscuit
[2019-11-19 15:55:15,936] multiqc                                            [DEBUG  ]  No samples found: hicexplorer
[2019-11-19 15:55:15,940] multiqc                                            [DEBUG  ]  No samples found: hicup
[2019-11-19 15:55:15,944] multiqc                                            [DEBUG  ]  No samples found: hicpro
[2019-11-19 15:55:15,948] multiqc                                            [DEBUG  ]  No samples found: salmon
[2019-11-19 15:55:15,953] multiqc                                            [DEBUG  ]  No samples found: kallisto
[2019-11-19 15:55:15,957] multiqc                                            [DEBUG  ]  No samples found: slamdunk
[2019-11-19 15:55:15,961] multiqc                                            [DEBUG  ]  No samples found: star
[2019-11-19 15:55:15,965] multiqc                                            [DEBUG  ]  No samples found: hisat2
[2019-11-19 15:55:15,969] multiqc                                            [DEBUG  ]  No samples found: tophat
[2019-11-19 15:55:15,973] multiqc                                            [DEBUG  ]  No samples found: bowtie2
[2019-11-19 15:55:15,977] multiqc                                            [DEBUG  ]  No samples found: bowtie1
[2019-11-19 15:55:15,981] multiqc                                            [DEBUG  ]  No samples found: kat
[2019-11-19 15:55:15,985] multiqc                                            [DEBUG  ]  No samples found: leehom
[2019-11-19 15:55:15,989] multiqc                                            [DEBUG  ]  No samples found: adapterRemoval
[2019-11-19 15:55:15,993] multiqc                                            [DEBUG  ]  No samples found: clipandmerge
[2019-11-19 15:55:15,998] multiqc                                            [DEBUG  ]  No samples found: cutadapt
[2019-11-19 15:55:16,002] multiqc                                            [DEBUG  ]  No samples found: flexbar
[2019-11-19 15:55:16,006] multiqc                                            [DEBUG  ]  No samples found: trimmomatic
[2019-11-19 15:55:16,010] multiqc                                            [DEBUG  ]  No samples found: skewer
[2019-11-19 15:55:16,014] multiqc                                            [DEBUG  ]  No samples found: sortmerna
[2019-11-19 15:55:16,018] multiqc                                            [DEBUG  ]  No samples found: biobloomtools
[2019-11-19 15:55:16,022] multiqc                                            [DEBUG  ]  No samples found: fastq_screen
[2019-11-19 15:55:16,026] multiqc                                            [DEBUG  ]  No samples found: afterqc
[2019-11-19 15:55:16,030] multiqc                                            [DEBUG  ]  No samples found: fastp
[2019-11-19 15:55:16,037] multiqc.modules.fastqc.fastqc                      [INFO   ]  Found 1 reports
[2019-11-19 15:55:16,079] multiqc                                            [DEBUG  ]  No samples found: minionqc
[2019-11-19 15:55:16,083] multiqc                                            [DEBUG  ]  No samples found: clusterflow
[2019-11-19 15:55:16,087] multiqc                                            [DEBUG  ]  No samples found: bcl2fastq
[2019-11-19 15:55:16,091] multiqc                                            [DEBUG  ]  No samples found: interop
[2019-11-19 15:55:16,096] multiqc                                            [DEBUG  ]  No samples found: flash
[2019-11-19 15:55:16,098] multiqc                                            [INFO   ]  Compressing plot data
[2019-11-19 15:55:16,122] multiqc                                            [INFO   ]  Report      : ../../../../../../../data/multiqc_report.html
[2019-11-19 15:55:16,122] multiqc                                            [INFO   ]  Data        : ../../../../../../../data/multiqc_data
[2019-11-19 15:55:16,122] multiqc                                            [DEBUG  ]  Moving data file from '/tmp/tmpspsb76l9/multiqc_data/multiqc_general_stats.txt' to '/data/multiqc_data'
[2019-11-19 15:55:16,122] multiqc                                            [DEBUG  ]  Moving data file from '/tmp/tmpspsb76l9/multiqc_data/multiqc_fastqc.txt' to '/data/multiqc_data'
[2019-11-19 15:55:16,123] multiqc                                            [DEBUG  ]  Moving data file from '/tmp/tmpspsb76l9/multiqc_data/multiqc_data.json' to '/data/multiqc_data'
[2019-11-19 15:55:16,123] multiqc                                            [DEBUG  ]  Moving data file from '/tmp/tmpspsb76l9/multiqc_data/multiqc_sources.txt' to '/data/multiqc_data'
[2019-11-19 15:55:16,248] multiqc                                            [INFO   ]  MultiQC complete
