[2019-11-19 11:56:36,581] multiqc                                            [DEBUG  ]  No MultiQC config found: /usr/lib/python3.6/site-packages/multiqc-1.7-py3.6.egg/multiqc_config.yaml
[2019-11-19 11:56:36,581] multiqc                                            [DEBUG  ]  No MultiQC config found: /root/.multiqc_config.yaml
[2019-11-19 11:56:36,582] multiqc                                            [DEBUG  ]  No MultiQC config found: multiqc_config.yaml
[2019-11-19 11:56:36,582] multiqc                                            [DEBUG  ]  Command used: /usr/bin/multiqc /data/HG00142.mapped.ILLUMINA.bwa.GBR.low_coverage.20101123_fastqc.zip -o /data
[2019-11-19 11:56:38,683] multiqc                                            [DEBUG  ]  Latest MultiQC version is v1.7
[2019-11-19 11:56:38,683] multiqc                                            [INFO   ]  This is MultiQC v1.7
[2019-11-19 11:56:38,683] multiqc                                            [DEBUG  ]  Command     : /usr/bin/multiqc /data/HG00142.mapped.ILLUMINA.bwa.GBR.low_coverage.20101123_fastqc.zip -o /data
[2019-11-19 11:56:38,683] multiqc                                            [DEBUG  ]  Working dir : /var/lib/toil/toil-9b56b740-ccba-4b13-b998-c6aabca34938-69d14ae953f0400cbe6f0dc87a7486c9/tmpKZtv66/03cc07e4-4983-4627-bf0f-20b8bd72e92f/tMPiDp2
[2019-11-19 11:56:38,683] multiqc                                            [INFO   ]  Template    : default
[2019-11-19 11:56:38,683] multiqc                                            [INFO   ]  Searching '/data/HG00142.mapped.ILLUMINA.bwa.GBR.low_coverage.20101123_fastqc.zip'
[2019-11-19 11:56:38,684] multiqc                                            [DEBUG  ]  Analysing modules: custom_content, conpair, peddy, methylQA, phantompeakqualtools, qualimap, preseq, quast, qorts, rna_seqc, rsem, rseqc, busco, goleft_indexcov, disambiguate, supernova, deeptools, sargasso, verifybamid, mirtrace, happy, homer, macs2, theta2, snpeff, gatk, htseq, bcftools, featureCounts, dedup, damageprofiler, picard, prokka, samblaster, samtools, bamtools, jellyfish, vcftools, longranger, stacks, bbmap, bismark, biscuit, hicexplorer, hicup, hicpro, salmon, kallisto, slamdunk, star, hisat2, tophat, bowtie2, bowtie1, kat, leehom, adapterRemoval, clipandmerge, cutadapt, flexbar, trimmomatic, skewer, sortmerna, biobloomtools, fastq_screen, afterqc, fastp, fastqc, minionqc, clusterflow, bcl2fastq, interop, flash
[2019-11-19 11:56:38,684] multiqc                                            [DEBUG  ]  Using temporary directory for creating report: /tmp/tmpb9anu1qc
[2019-11-19 11:56:39,382] multiqc                                            [DEBUG  ]  No samples found: custom_content
[2019-11-19 11:56:39,386] multiqc                                            [DEBUG  ]  No samples found: conpair
[2019-11-19 11:56:39,391] multiqc                                            [DEBUG  ]  No samples found: peddy
[2019-11-19 11:56:39,395] multiqc                                            [DEBUG  ]  No samples found: methylQA
[2019-11-19 11:56:39,399] multiqc                                            [DEBUG  ]  No samples found: phantompeakqualtools
[2019-11-19 11:56:39,404] multiqc                                            [DEBUG  ]  No samples found: qualimap
[2019-11-19 11:56:39,409] multiqc                                            [DEBUG  ]  No samples found: preseq
[2019-11-19 11:56:39,413] multiqc                                            [DEBUG  ]  No samples found: quast
[2019-11-19 11:56:39,418] multiqc                                            [DEBUG  ]  No samples found: qorts
[2019-11-19 11:56:39,422] multiqc                                            [DEBUG  ]  No samples found: rna_seqc
[2019-11-19 11:56:39,426] multiqc                                            [DEBUG  ]  No samples found: rsem
[2019-11-19 11:56:39,436] multiqc                                            [DEBUG  ]  No samples found: rseqc
[2019-11-19 11:56:39,441] multiqc                                            [DEBUG  ]  No samples found: busco
[2019-11-19 11:56:39,448] multiqc                                            [DEBUG  ]  No samples found: goleft_indexcov
[2019-11-19 11:56:39,453] multiqc                                            [DEBUG  ]  No samples found: disambiguate
[2019-11-19 11:56:39,457] multiqc                                            [DEBUG  ]  No samples found: supernova
[2019-11-19 11:56:39,466] multiqc                                            [DEBUG  ]  No samples found: deeptools
[2019-11-19 11:56:39,470] multiqc                                            [DEBUG  ]  No samples found: sargasso
[2019-11-19 11:56:39,474] multiqc                                            [DEBUG  ]  No samples found: verifybamid
[2019-11-19 11:56:39,478] multiqc                                            [DEBUG  ]  No samples found: mirtrace
[2019-11-19 11:56:39,482] multiqc                                            [DEBUG  ]  No samples found: happy
[2019-11-19 11:56:39,487] multiqc                                            [DEBUG  ]  No samples found: homer
[2019-11-19 11:56:39,491] multiqc                                            [DEBUG  ]  No samples found: macs2
[2019-11-19 11:56:39,495] multiqc                                            [DEBUG  ]  No samples found: theta2
[2019-11-19 11:56:39,500] multiqc                                            [DEBUG  ]  No samples found: snpeff
[2019-11-19 11:56:39,505] multiqc                                            [DEBUG  ]  No samples found: gatk
[2019-11-19 11:56:39,509] multiqc                                            [DEBUG  ]  No samples found: htseq
[2019-11-19 11:56:39,514] multiqc                                            [DEBUG  ]  No samples found: bcftools
[2019-11-19 11:56:39,518] multiqc                                            [DEBUG  ]  No samples found: featureCounts
[2019-11-19 11:56:39,522] multiqc                                            [DEBUG  ]  No samples found: dedup
[2019-11-19 11:56:39,525] multiqc                                            [DEBUG  ]  No samples found: damageprofiler
[2019-11-19 11:56:39,536] multiqc                                            [DEBUG  ]  No samples found: picard
[2019-11-19 11:56:39,541] multiqc                                            [DEBUG  ]  No samples found: prokka
[2019-11-19 11:56:39,545] multiqc                                            [DEBUG  ]  No samples found: samblaster
[2019-11-19 11:56:39,551] multiqc                                            [DEBUG  ]  No samples found: samtools
[2019-11-19 11:56:39,556] multiqc                                            [DEBUG  ]  No samples found: bamtools
[2019-11-19 11:56:39,560] multiqc                                            [DEBUG  ]  No samples found: jellyfish
[2019-11-19 11:56:39,567] multiqc                                            [DEBUG  ]  No samples found: vcftools
[2019-11-19 11:56:39,571] multiqc                                            [DEBUG  ]  No samples found: longranger
[2019-11-19 11:56:39,576] multiqc                                            [DEBUG  ]  No samples found: stacks
[2019-11-19 11:56:39,588] multiqc                                            [DEBUG  ]  No samples found: bbmap
[2019-11-19 11:56:39,593] multiqc                                            [DEBUG  ]  No samples found: bismark
[2019-11-19 11:56:39,598] multiqc                                            [DEBUG  ]  No samples found: biscuit
[2019-11-19 11:56:39,602] multiqc                                            [DEBUG  ]  No samples found: hicexplorer
[2019-11-19 11:56:39,606] multiqc                                            [DEBUG  ]  No samples found: hicup
[2019-11-19 11:56:39,610] multiqc                                            [DEBUG  ]  No samples found: hicpro
[2019-11-19 11:56:39,614] multiqc                                            [DEBUG  ]  No samples found: salmon
[2019-11-19 11:56:39,619] multiqc                                            [DEBUG  ]  No samples found: kallisto
[2019-11-19 11:56:39,623] multiqc                                            [DEBUG  ]  No samples found: slamdunk
[2019-11-19 11:56:39,627] multiqc                                            [DEBUG  ]  No samples found: star
[2019-11-19 11:56:39,631] multiqc                                            [DEBUG  ]  No samples found: hisat2
[2019-11-19 11:56:39,635] multiqc                                            [DEBUG  ]  No samples found: tophat
[2019-11-19 11:56:39,639] multiqc                                            [DEBUG  ]  No samples found: bowtie2
[2019-11-19 11:56:39,643] multiqc                                            [DEBUG  ]  No samples found: bowtie1
[2019-11-19 11:56:39,648] multiqc                                            [DEBUG  ]  No samples found: kat
[2019-11-19 11:56:39,651] multiqc                                            [DEBUG  ]  No samples found: leehom
[2019-11-19 11:56:39,656] multiqc                                            [DEBUG  ]  No samples found: adapterRemoval
[2019-11-19 11:56:39,659] multiqc                                            [DEBUG  ]  No samples found: clipandmerge
[2019-11-19 11:56:39,664] multiqc                                            [DEBUG  ]  No samples found: cutadapt
[2019-11-19 11:56:39,668] multiqc                                            [DEBUG  ]  No samples found: flexbar
[2019-11-19 11:56:39,672] multiqc                                            [DEBUG  ]  No samples found: trimmomatic
[2019-11-19 11:56:39,676] multiqc                                            [DEBUG  ]  No samples found: skewer
[2019-11-19 11:56:39,680] multiqc                                            [DEBUG  ]  No samples found: sortmerna
[2019-11-19 11:56:39,685] multiqc                                            [DEBUG  ]  No samples found: biobloomtools
[2019-11-19 11:56:39,689] multiqc                                            [DEBUG  ]  No samples found: fastq_screen
[2019-11-19 11:56:39,694] multiqc                                            [DEBUG  ]  No samples found: afterqc
[2019-11-19 11:56:39,699] multiqc                                            [DEBUG  ]  No samples found: fastp
[2019-11-19 11:56:39,708] multiqc.modules.fastqc.fastqc                      [INFO   ]  Found 1 reports
[2019-11-19 11:56:39,764] multiqc                                            [DEBUG  ]  No samples found: minionqc
[2019-11-19 11:56:39,768] multiqc                                            [DEBUG  ]  No samples found: clusterflow
[2019-11-19 11:56:39,772] multiqc                                            [DEBUG  ]  No samples found: bcl2fastq
[2019-11-19 11:56:39,777] multiqc                                            [DEBUG  ]  No samples found: interop
[2019-11-19 11:56:39,781] multiqc                                            [DEBUG  ]  No samples found: flash
[2019-11-19 11:56:39,783] multiqc                                            [INFO   ]  Compressing plot data
[2019-11-19 11:56:39,814] multiqc                                            [INFO   ]  Report      : ../../../../../../../data/multiqc_report.html
[2019-11-19 11:56:39,814] multiqc                                            [INFO   ]  Data        : ../../../../../../../data/multiqc_data
[2019-11-19 11:56:39,814] multiqc                                            [DEBUG  ]  Moving data file from '/tmp/tmpb9anu1qc/multiqc_data/multiqc_general_stats.txt' to '/data/multiqc_data'
[2019-11-19 11:56:39,815] multiqc                                            [DEBUG  ]  Moving data file from '/tmp/tmpb9anu1qc/multiqc_data/multiqc_fastqc.txt' to '/data/multiqc_data'
[2019-11-19 11:56:39,815] multiqc                                            [DEBUG  ]  Moving data file from '/tmp/tmpb9anu1qc/multiqc_data/multiqc_data.json' to '/data/multiqc_data'
[2019-11-19 11:56:39,815] multiqc                                            [DEBUG  ]  Moving data file from '/tmp/tmpb9anu1qc/multiqc_data/multiqc_sources.txt' to '/data/multiqc_data'
[2019-11-19 11:56:39,943] multiqc                                            [INFO   ]  MultiQC complete
