[2019-11-19 12:15:53,903] multiqc                                            [DEBUG  ]  No MultiQC config found: /usr/lib/python3.6/site-packages/multiqc-1.7-py3.6.egg/multiqc_config.yaml
[2019-11-19 12:15:53,903] multiqc                                            [DEBUG  ]  No MultiQC config found: /root/.multiqc_config.yaml
[2019-11-19 12:15:53,903] multiqc                                            [DEBUG  ]  No MultiQC config found: multiqc_config.yaml
[2019-11-19 12:15:53,903] multiqc                                            [DEBUG  ]  Command used: /usr/bin/multiqc /data/HG00159.unmapped.ILLUMINA.bwa.GBR.low_coverage.20101123_fastqc.zip -o /data
[2019-11-19 12:15:55,819] multiqc                                            [DEBUG  ]  Latest MultiQC version is v1.7
[2019-11-19 12:15:55,819] multiqc                                            [INFO   ]  This is MultiQC v1.7
[2019-11-19 12:15:55,820] multiqc                                            [DEBUG  ]  Command     : /usr/bin/multiqc /data/HG00159.unmapped.ILLUMINA.bwa.GBR.low_coverage.20101123_fastqc.zip -o /data
[2019-11-19 12:15:55,820] multiqc                                            [DEBUG  ]  Working dir : /var/lib/toil/toil-9b56b740-ccba-4b13-b998-c6aabca34938-69d14ae953f0400cbe6f0dc87a7486c9/tmp17CCtb/1afd3a5b-42c6-4010-b679-4025f7a7f714/t6Nx9F3
[2019-11-19 12:15:55,820] multiqc                                            [INFO   ]  Template    : default
[2019-11-19 12:15:55,820] multiqc                                            [INFO   ]  Searching '/data/HG00159.unmapped.ILLUMINA.bwa.GBR.low_coverage.20101123_fastqc.zip'
[2019-11-19 12:15:55,820] multiqc                                            [DEBUG  ]  Analysing modules: custom_content, conpair, peddy, methylQA, phantompeakqualtools, qualimap, preseq, quast, qorts, rna_seqc, rsem, rseqc, busco, goleft_indexcov, disambiguate, supernova, deeptools, sargasso, verifybamid, mirtrace, happy, homer, macs2, theta2, snpeff, gatk, htseq, bcftools, featureCounts, dedup, damageprofiler, picard, prokka, samblaster, samtools, bamtools, jellyfish, vcftools, longranger, stacks, bbmap, bismark, biscuit, hicexplorer, hicup, hicpro, salmon, kallisto, slamdunk, star, hisat2, tophat, bowtie2, bowtie1, kat, leehom, adapterRemoval, clipandmerge, cutadapt, flexbar, trimmomatic, skewer, sortmerna, biobloomtools, fastq_screen, afterqc, fastp, fastqc, minionqc, clusterflow, bcl2fastq, interop, flash
[2019-11-19 12:15:55,821] multiqc                                            [DEBUG  ]  Using temporary directory for creating report: /tmp/tmp09y_fbm3
[2019-11-19 12:15:56,861] multiqc                                            [DEBUG  ]  No samples found: custom_content
[2019-11-19 12:15:56,868] multiqc                                            [DEBUG  ]  No samples found: conpair
[2019-11-19 12:15:56,875] multiqc                                            [DEBUG  ]  No samples found: peddy
[2019-11-19 12:15:56,881] multiqc                                            [DEBUG  ]  No samples found: methylQA
[2019-11-19 12:15:56,888] multiqc                                            [DEBUG  ]  No samples found: phantompeakqualtools
[2019-11-19 12:15:56,896] multiqc                                            [DEBUG  ]  No samples found: qualimap
[2019-11-19 12:15:56,903] multiqc                                            [DEBUG  ]  No samples found: preseq
[2019-11-19 12:15:56,909] multiqc                                            [DEBUG  ]  No samples found: quast
[2019-11-19 12:15:56,916] multiqc                                            [DEBUG  ]  No samples found: qorts
[2019-11-19 12:15:56,923] multiqc                                            [DEBUG  ]  No samples found: rna_seqc
[2019-11-19 12:15:56,929] multiqc                                            [DEBUG  ]  No samples found: rsem
[2019-11-19 12:15:56,942] multiqc                                            [DEBUG  ]  No samples found: rseqc
[2019-11-19 12:15:56,950] multiqc                                            [DEBUG  ]  No samples found: busco
[2019-11-19 12:15:56,956] multiqc                                            [DEBUG  ]  No samples found: goleft_indexcov
[2019-11-19 12:15:56,962] multiqc                                            [DEBUG  ]  No samples found: disambiguate
[2019-11-19 12:15:56,969] multiqc                                            [DEBUG  ]  No samples found: supernova
[2019-11-19 12:15:56,982] multiqc                                            [DEBUG  ]  No samples found: deeptools
[2019-11-19 12:15:56,988] multiqc                                            [DEBUG  ]  No samples found: sargasso
[2019-11-19 12:15:56,995] multiqc                                            [DEBUG  ]  No samples found: verifybamid
[2019-11-19 12:15:57,002] multiqc                                            [DEBUG  ]  No samples found: mirtrace
[2019-11-19 12:15:57,008] multiqc                                            [DEBUG  ]  No samples found: happy
[2019-11-19 12:15:57,016] multiqc                                            [DEBUG  ]  No samples found: homer
[2019-11-19 12:15:57,022] multiqc                                            [DEBUG  ]  No samples found: macs2
[2019-11-19 12:15:57,029] multiqc                                            [DEBUG  ]  No samples found: theta2
[2019-11-19 12:15:57,035] multiqc                                            [DEBUG  ]  No samples found: snpeff
[2019-11-19 12:15:57,043] multiqc                                            [DEBUG  ]  No samples found: gatk
[2019-11-19 12:15:57,049] multiqc                                            [DEBUG  ]  No samples found: htseq
[2019-11-19 12:15:57,056] multiqc                                            [DEBUG  ]  No samples found: bcftools
[2019-11-19 12:15:57,063] multiqc                                            [DEBUG  ]  No samples found: featureCounts
[2019-11-19 12:15:57,069] multiqc                                            [DEBUG  ]  No samples found: dedup
[2019-11-19 12:15:57,075] multiqc                                            [DEBUG  ]  No samples found: damageprofiler
[2019-11-19 12:15:57,090] multiqc                                            [DEBUG  ]  No samples found: picard
[2019-11-19 12:15:57,097] multiqc                                            [DEBUG  ]  No samples found: prokka
[2019-11-19 12:15:57,110] multiqc                                            [DEBUG  ]  No samples found: samblaster
[2019-11-19 12:15:57,126] multiqc                                            [DEBUG  ]  No samples found: samtools
[2019-11-19 12:15:57,133] multiqc                                            [DEBUG  ]  No samples found: bamtools
[2019-11-19 12:15:57,139] multiqc                                            [DEBUG  ]  No samples found: jellyfish
[2019-11-19 12:15:57,148] multiqc                                            [DEBUG  ]  No samples found: vcftools
[2019-11-19 12:15:57,154] multiqc                                            [DEBUG  ]  No samples found: longranger
[2019-11-19 12:15:57,162] multiqc                                            [DEBUG  ]  No samples found: stacks
[2019-11-19 12:15:57,175] multiqc                                            [DEBUG  ]  No samples found: bbmap
[2019-11-19 12:15:57,182] multiqc                                            [DEBUG  ]  No samples found: bismark
[2019-11-19 12:15:57,190] multiqc                                            [DEBUG  ]  No samples found: biscuit
[2019-11-19 12:15:57,196] multiqc                                            [DEBUG  ]  No samples found: hicexplorer
[2019-11-19 12:15:57,202] multiqc                                            [DEBUG  ]  No samples found: hicup
[2019-11-19 12:15:57,209] multiqc                                            [DEBUG  ]  No samples found: hicpro
[2019-11-19 12:15:57,215] multiqc                                            [DEBUG  ]  No samples found: salmon
[2019-11-19 12:15:57,222] multiqc                                            [DEBUG  ]  No samples found: kallisto
[2019-11-19 12:15:57,230] multiqc                                            [DEBUG  ]  No samples found: slamdunk
[2019-11-19 12:15:57,237] multiqc                                            [DEBUG  ]  No samples found: star
[2019-11-19 12:15:57,243] multiqc                                            [DEBUG  ]  No samples found: hisat2
[2019-11-19 12:15:57,249] multiqc                                            [DEBUG  ]  No samples found: tophat
[2019-11-19 12:15:57,256] multiqc                                            [DEBUG  ]  No samples found: bowtie2
[2019-11-19 12:15:57,262] multiqc                                            [DEBUG  ]  No samples found: bowtie1
[2019-11-19 12:15:57,268] multiqc                                            [DEBUG  ]  No samples found: kat
[2019-11-19 12:15:57,274] multiqc                                            [DEBUG  ]  No samples found: leehom
[2019-11-19 12:15:57,281] multiqc                                            [DEBUG  ]  No samples found: adapterRemoval
[2019-11-19 12:15:57,287] multiqc                                            [DEBUG  ]  No samples found: clipandmerge
[2019-11-19 12:15:57,293] multiqc                                            [DEBUG  ]  No samples found: cutadapt
[2019-11-19 12:15:57,299] multiqc                                            [DEBUG  ]  No samples found: flexbar
[2019-11-19 12:15:57,306] multiqc                                            [DEBUG  ]  No samples found: trimmomatic
[2019-11-19 12:15:57,312] multiqc                                            [DEBUG  ]  No samples found: skewer
[2019-11-19 12:15:57,319] multiqc                                            [DEBUG  ]  No samples found: sortmerna
[2019-11-19 12:15:57,325] multiqc                                            [DEBUG  ]  No samples found: biobloomtools
[2019-11-19 12:15:57,331] multiqc                                            [DEBUG  ]  No samples found: fastq_screen
[2019-11-19 12:15:57,337] multiqc                                            [DEBUG  ]  No samples found: afterqc
[2019-11-19 12:15:57,343] multiqc                                            [DEBUG  ]  No samples found: fastp
[2019-11-19 12:15:57,355] multiqc.modules.fastqc.fastqc                      [INFO   ]  Found 1 reports
[2019-11-19 12:15:57,456] multiqc                                            [DEBUG  ]  No samples found: minionqc
[2019-11-19 12:15:57,463] multiqc                                            [DEBUG  ]  No samples found: clusterflow
[2019-11-19 12:15:57,469] multiqc                                            [DEBUG  ]  No samples found: bcl2fastq
[2019-11-19 12:15:57,476] multiqc                                            [DEBUG  ]  No samples found: interop
[2019-11-19 12:15:57,482] multiqc                                            [DEBUG  ]  No samples found: flash
[2019-11-19 12:15:57,486] multiqc                                            [INFO   ]  Compressing plot data
[2019-11-19 12:15:57,536] multiqc                                            [INFO   ]  Report      : ../../../../../../../data/multiqc_report.html
[2019-11-19 12:15:57,536] multiqc                                            [INFO   ]  Data        : ../../../../../../../data/multiqc_data
[2019-11-19 12:15:57,536] multiqc                                            [DEBUG  ]  Moving data file from '/tmp/tmp09y_fbm3/multiqc_data/multiqc_general_stats.txt' to '/data/multiqc_data'
[2019-11-19 12:15:57,537] multiqc                                            [DEBUG  ]  Moving data file from '/tmp/tmp09y_fbm3/multiqc_data/multiqc_fastqc.txt' to '/data/multiqc_data'
[2019-11-19 12:15:57,537] multiqc                                            [DEBUG  ]  Moving data file from '/tmp/tmp09y_fbm3/multiqc_data/multiqc_data.json' to '/data/multiqc_data'
[2019-11-19 12:15:57,538] multiqc                                            [DEBUG  ]  Moving data file from '/tmp/tmp09y_fbm3/multiqc_data/multiqc_sources.txt' to '/data/multiqc_data'
[2019-11-19 12:15:57,740] multiqc                                            [INFO   ]  MultiQC complete
