[2019-11-19 12:52:16,153] multiqc                                            [DEBUG  ]  No MultiQC config found: /usr/lib/python3.6/site-packages/multiqc-1.7-py3.6.egg/multiqc_config.yaml
[2019-11-19 12:52:16,153] multiqc                                            [DEBUG  ]  No MultiQC config found: /root/.multiqc_config.yaml
[2019-11-19 12:52:16,153] multiqc                                            [DEBUG  ]  No MultiQC config found: multiqc_config.yaml
[2019-11-19 12:52:16,153] multiqc                                            [DEBUG  ]  Command used: /usr/bin/multiqc /data/HG00135.unmapped.SOLID.bfast.GBR.low_coverage.20101123_fastqc.zip -o /data
[2019-11-19 12:52:17,937] multiqc                                            [DEBUG  ]  Latest MultiQC version is v1.7
[2019-11-19 12:52:17,937] multiqc                                            [INFO   ]  This is MultiQC v1.7
[2019-11-19 12:52:17,937] multiqc                                            [DEBUG  ]  Command     : /usr/bin/multiqc /data/HG00135.unmapped.SOLID.bfast.GBR.low_coverage.20101123_fastqc.zip -o /data
[2019-11-19 12:52:17,937] multiqc                                            [DEBUG  ]  Working dir : /var/lib/toil/toil-9b56b740-ccba-4b13-b998-c6aabca34938-69d14ae953f0400cbe6f0dc87a7486c9/tmpa1OZob/75dff934-be72-4db3-be12-52ebe46155dd/tzzHzfR
[2019-11-19 12:52:17,937] multiqc                                            [INFO   ]  Template    : default
[2019-11-19 12:52:17,937] multiqc                                            [INFO   ]  Searching '/data/HG00135.unmapped.SOLID.bfast.GBR.low_coverage.20101123_fastqc.zip'
[2019-11-19 12:52:17,938] multiqc                                            [DEBUG  ]  Analysing modules: custom_content, conpair, peddy, methylQA, phantompeakqualtools, qualimap, preseq, quast, qorts, rna_seqc, rsem, rseqc, busco, goleft_indexcov, disambiguate, supernova, deeptools, sargasso, verifybamid, mirtrace, happy, homer, macs2, theta2, snpeff, gatk, htseq, bcftools, featureCounts, dedup, damageprofiler, picard, prokka, samblaster, samtools, bamtools, jellyfish, vcftools, longranger, stacks, bbmap, bismark, biscuit, hicexplorer, hicup, hicpro, salmon, kallisto, slamdunk, star, hisat2, tophat, bowtie2, bowtie1, kat, leehom, adapterRemoval, clipandmerge, cutadapt, flexbar, trimmomatic, skewer, sortmerna, biobloomtools, fastq_screen, afterqc, fastp, fastqc, minionqc, clusterflow, bcl2fastq, interop, flash
[2019-11-19 12:52:17,938] multiqc                                            [DEBUG  ]  Using temporary directory for creating report: /tmp/tmp05nv92ga
[2019-11-19 12:52:18,627] multiqc                                            [DEBUG  ]  No samples found: custom_content
[2019-11-19 12:52:18,632] multiqc                                            [DEBUG  ]  No samples found: conpair
[2019-11-19 12:52:18,636] multiqc                                            [DEBUG  ]  No samples found: peddy
[2019-11-19 12:52:18,640] multiqc                                            [DEBUG  ]  No samples found: methylQA
[2019-11-19 12:52:18,645] multiqc                                            [DEBUG  ]  No samples found: phantompeakqualtools
[2019-11-19 12:52:18,650] multiqc                                            [DEBUG  ]  No samples found: qualimap
[2019-11-19 12:52:18,655] multiqc                                            [DEBUG  ]  No samples found: preseq
[2019-11-19 12:52:18,659] multiqc                                            [DEBUG  ]  No samples found: quast
[2019-11-19 12:52:18,663] multiqc                                            [DEBUG  ]  No samples found: qorts
[2019-11-19 12:52:18,668] multiqc                                            [DEBUG  ]  No samples found: rna_seqc
[2019-11-19 12:52:18,672] multiqc                                            [DEBUG  ]  No samples found: rsem
[2019-11-19 12:52:18,680] multiqc                                            [DEBUG  ]  No samples found: rseqc
[2019-11-19 12:52:18,684] multiqc                                            [DEBUG  ]  No samples found: busco
[2019-11-19 12:52:18,688] multiqc                                            [DEBUG  ]  No samples found: goleft_indexcov
[2019-11-19 12:52:18,693] multiqc                                            [DEBUG  ]  No samples found: disambiguate
[2019-11-19 12:52:18,697] multiqc                                            [DEBUG  ]  No samples found: supernova
[2019-11-19 12:52:18,706] multiqc                                            [DEBUG  ]  No samples found: deeptools
[2019-11-19 12:52:18,710] multiqc                                            [DEBUG  ]  No samples found: sargasso
[2019-11-19 12:52:18,714] multiqc                                            [DEBUG  ]  No samples found: verifybamid
[2019-11-19 12:52:18,718] multiqc                                            [DEBUG  ]  No samples found: mirtrace
[2019-11-19 12:52:18,723] multiqc                                            [DEBUG  ]  No samples found: happy
[2019-11-19 12:52:18,728] multiqc                                            [DEBUG  ]  No samples found: homer
[2019-11-19 12:52:18,732] multiqc                                            [DEBUG  ]  No samples found: macs2
[2019-11-19 12:52:18,736] multiqc                                            [DEBUG  ]  No samples found: theta2
[2019-11-19 12:52:18,741] multiqc                                            [DEBUG  ]  No samples found: snpeff
[2019-11-19 12:52:18,748] multiqc                                            [DEBUG  ]  No samples found: gatk
[2019-11-19 12:52:18,755] multiqc                                            [DEBUG  ]  No samples found: htseq
[2019-11-19 12:52:18,760] multiqc                                            [DEBUG  ]  No samples found: bcftools
[2019-11-19 12:52:18,764] multiqc                                            [DEBUG  ]  No samples found: featureCounts
[2019-11-19 12:52:18,768] multiqc                                            [DEBUG  ]  No samples found: dedup
[2019-11-19 12:52:18,772] multiqc                                            [DEBUG  ]  No samples found: damageprofiler
[2019-11-19 12:52:18,784] multiqc                                            [DEBUG  ]  No samples found: picard
[2019-11-19 12:52:18,788] multiqc                                            [DEBUG  ]  No samples found: prokka
[2019-11-19 12:52:18,792] multiqc                                            [DEBUG  ]  No samples found: samblaster
[2019-11-19 12:52:18,798] multiqc                                            [DEBUG  ]  No samples found: samtools
[2019-11-19 12:52:18,803] multiqc                                            [DEBUG  ]  No samples found: bamtools
[2019-11-19 12:52:18,807] multiqc                                            [DEBUG  ]  No samples found: jellyfish
[2019-11-19 12:52:18,813] multiqc                                            [DEBUG  ]  No samples found: vcftools
[2019-11-19 12:52:18,818] multiqc                                            [DEBUG  ]  No samples found: longranger
[2019-11-19 12:52:18,822] multiqc                                            [DEBUG  ]  No samples found: stacks
[2019-11-19 12:52:18,833] multiqc                                            [DEBUG  ]  No samples found: bbmap
[2019-11-19 12:52:18,837] multiqc                                            [DEBUG  ]  No samples found: bismark
[2019-11-19 12:52:18,841] multiqc                                            [DEBUG  ]  No samples found: biscuit
[2019-11-19 12:52:18,845] multiqc                                            [DEBUG  ]  No samples found: hicexplorer
[2019-11-19 12:52:18,850] multiqc                                            [DEBUG  ]  No samples found: hicup
[2019-11-19 12:52:18,854] multiqc                                            [DEBUG  ]  No samples found: hicpro
[2019-11-19 12:52:18,858] multiqc                                            [DEBUG  ]  No samples found: salmon
[2019-11-19 12:52:18,862] multiqc                                            [DEBUG  ]  No samples found: kallisto
[2019-11-19 12:52:18,866] multiqc                                            [DEBUG  ]  No samples found: slamdunk
[2019-11-19 12:52:18,870] multiqc                                            [DEBUG  ]  No samples found: star
[2019-11-19 12:52:18,874] multiqc                                            [DEBUG  ]  No samples found: hisat2
[2019-11-19 12:52:18,879] multiqc                                            [DEBUG  ]  No samples found: tophat
[2019-11-19 12:52:18,885] multiqc                                            [DEBUG  ]  No samples found: bowtie2
[2019-11-19 12:52:18,891] multiqc                                            [DEBUG  ]  No samples found: bowtie1
[2019-11-19 12:52:18,897] multiqc                                            [DEBUG  ]  No samples found: kat
[2019-11-19 12:52:18,901] multiqc                                            [DEBUG  ]  No samples found: leehom
[2019-11-19 12:52:18,905] multiqc                                            [DEBUG  ]  No samples found: adapterRemoval
[2019-11-19 12:52:18,909] multiqc                                            [DEBUG  ]  No samples found: clipandmerge
[2019-11-19 12:52:18,913] multiqc                                            [DEBUG  ]  No samples found: cutadapt
[2019-11-19 12:52:18,918] multiqc                                            [DEBUG  ]  No samples found: flexbar
[2019-11-19 12:52:18,922] multiqc                                            [DEBUG  ]  No samples found: trimmomatic
[2019-11-19 12:52:18,926] multiqc                                            [DEBUG  ]  No samples found: skewer
[2019-11-19 12:52:18,931] multiqc                                            [DEBUG  ]  No samples found: sortmerna
[2019-11-19 12:52:18,935] multiqc                                            [DEBUG  ]  No samples found: biobloomtools
[2019-11-19 12:52:18,939] multiqc                                            [DEBUG  ]  No samples found: fastq_screen
[2019-11-19 12:52:18,944] multiqc                                            [DEBUG  ]  No samples found: afterqc
[2019-11-19 12:52:18,948] multiqc                                            [DEBUG  ]  No samples found: fastp
[2019-11-19 12:52:18,956] multiqc.modules.fastqc.fastqc                      [INFO   ]  Found 1 reports
[2019-11-19 12:52:18,999] multiqc                                            [DEBUG  ]  No samples found: minionqc
[2019-11-19 12:52:19,003] multiqc                                            [DEBUG  ]  No samples found: clusterflow
[2019-11-19 12:52:19,008] multiqc                                            [DEBUG  ]  No samples found: bcl2fastq
[2019-11-19 12:52:19,012] multiqc                                            [DEBUG  ]  No samples found: interop
[2019-11-19 12:52:19,017] multiqc                                            [DEBUG  ]  No samples found: flash
[2019-11-19 12:52:19,021] multiqc                                            [INFO   ]  Compressing plot data
[2019-11-19 12:52:19,050] multiqc                                            [INFO   ]  Report      : ../../../../../../../data/multiqc_report.html
[2019-11-19 12:52:19,050] multiqc                                            [INFO   ]  Data        : ../../../../../../../data/multiqc_data
[2019-11-19 12:52:19,050] multiqc                                            [DEBUG  ]  Moving data file from '/tmp/tmp05nv92ga/multiqc_data/multiqc_general_stats.txt' to '/data/multiqc_data'
[2019-11-19 12:52:19,051] multiqc                                            [DEBUG  ]  Moving data file from '/tmp/tmp05nv92ga/multiqc_data/multiqc_fastqc.txt' to '/data/multiqc_data'
[2019-11-19 12:52:19,051] multiqc                                            [DEBUG  ]  Moving data file from '/tmp/tmp05nv92ga/multiqc_data/multiqc_data.json' to '/data/multiqc_data'
[2019-11-19 12:52:19,051] multiqc                                            [DEBUG  ]  Moving data file from '/tmp/tmp05nv92ga/multiqc_data/multiqc_sources.txt' to '/data/multiqc_data'
[2019-11-19 12:52:19,186] multiqc                                            [INFO   ]  MultiQC complete
