[2019-11-19 12:09:50,896] multiqc                                            [DEBUG  ]  No MultiQC config found: /usr/lib/python3.6/site-packages/multiqc-1.7-py3.6.egg/multiqc_config.yaml
[2019-11-19 12:09:50,896] multiqc                                            [DEBUG  ]  No MultiQC config found: /root/.multiqc_config.yaml
[2019-11-19 12:09:50,896] multiqc                                            [DEBUG  ]  No MultiQC config found: multiqc_config.yaml
[2019-11-19 12:09:50,897] multiqc                                            [DEBUG  ]  Command used: /usr/bin/multiqc /data/HG00156.unmapped.ILLUMINA.bwa.GBR.low_coverage.20101123_fastqc.zip -o /data
[2019-11-19 12:09:52,787] multiqc                                            [DEBUG  ]  Latest MultiQC version is v1.7
[2019-11-19 12:09:52,787] multiqc                                            [INFO   ]  This is MultiQC v1.7
[2019-11-19 12:09:52,788] multiqc                                            [DEBUG  ]  Command     : /usr/bin/multiqc /data/HG00156.unmapped.ILLUMINA.bwa.GBR.low_coverage.20101123_fastqc.zip -o /data
[2019-11-19 12:09:52,788] multiqc                                            [DEBUG  ]  Working dir : /var/lib/toil/toil-9b56b740-ccba-4b13-b998-c6aabca34938-69d14ae953f0400cbe6f0dc87a7486c9/tmpY_CWa6/c51c766d-7909-4ea4-a4fb-d601792db4f8/tJdDqpV
[2019-11-19 12:09:52,788] multiqc                                            [INFO   ]  Template    : default
[2019-11-19 12:09:52,788] multiqc                                            [INFO   ]  Searching '/data/HG00156.unmapped.ILLUMINA.bwa.GBR.low_coverage.20101123_fastqc.zip'
[2019-11-19 12:09:52,788] multiqc                                            [DEBUG  ]  Analysing modules: custom_content, conpair, peddy, methylQA, phantompeakqualtools, qualimap, preseq, quast, qorts, rna_seqc, rsem, rseqc, busco, goleft_indexcov, disambiguate, supernova, deeptools, sargasso, verifybamid, mirtrace, happy, homer, macs2, theta2, snpeff, gatk, htseq, bcftools, featureCounts, dedup, damageprofiler, picard, prokka, samblaster, samtools, bamtools, jellyfish, vcftools, longranger, stacks, bbmap, bismark, biscuit, hicexplorer, hicup, hicpro, salmon, kallisto, slamdunk, star, hisat2, tophat, bowtie2, bowtie1, kat, leehom, adapterRemoval, clipandmerge, cutadapt, flexbar, trimmomatic, skewer, sortmerna, biobloomtools, fastq_screen, afterqc, fastp, fastqc, minionqc, clusterflow, bcl2fastq, interop, flash
[2019-11-19 12:09:52,788] multiqc                                            [DEBUG  ]  Using temporary directory for creating report: /tmp/tmpg4uz885j
[2019-11-19 12:09:53,513] multiqc                                            [DEBUG  ]  No samples found: custom_content
[2019-11-19 12:09:53,518] multiqc                                            [DEBUG  ]  No samples found: conpair
[2019-11-19 12:09:53,522] multiqc                                            [DEBUG  ]  No samples found: peddy
[2019-11-19 12:09:53,527] multiqc                                            [DEBUG  ]  No samples found: methylQA
[2019-11-19 12:09:53,534] multiqc                                            [DEBUG  ]  No samples found: phantompeakqualtools
[2019-11-19 12:09:53,540] multiqc                                            [DEBUG  ]  No samples found: qualimap
[2019-11-19 12:09:53,546] multiqc                                            [DEBUG  ]  No samples found: preseq
[2019-11-19 12:09:53,552] multiqc                                            [DEBUG  ]  No samples found: quast
[2019-11-19 12:09:53,558] multiqc                                            [DEBUG  ]  No samples found: qorts
[2019-11-19 12:09:53,562] multiqc                                            [DEBUG  ]  No samples found: rna_seqc
[2019-11-19 12:09:53,567] multiqc                                            [DEBUG  ]  No samples found: rsem
[2019-11-19 12:09:53,575] multiqc                                            [DEBUG  ]  No samples found: rseqc
[2019-11-19 12:09:53,580] multiqc                                            [DEBUG  ]  No samples found: busco
[2019-11-19 12:09:53,584] multiqc                                            [DEBUG  ]  No samples found: goleft_indexcov
[2019-11-19 12:09:53,588] multiqc                                            [DEBUG  ]  No samples found: disambiguate
[2019-11-19 12:09:53,593] multiqc                                            [DEBUG  ]  No samples found: supernova
[2019-11-19 12:09:53,603] multiqc                                            [DEBUG  ]  No samples found: deeptools
[2019-11-19 12:09:53,607] multiqc                                            [DEBUG  ]  No samples found: sargasso
[2019-11-19 12:09:53,611] multiqc                                            [DEBUG  ]  No samples found: verifybamid
[2019-11-19 12:09:53,616] multiqc                                            [DEBUG  ]  No samples found: mirtrace
[2019-11-19 12:09:53,620] multiqc                                            [DEBUG  ]  No samples found: happy
[2019-11-19 12:09:53,625] multiqc                                            [DEBUG  ]  No samples found: homer
[2019-11-19 12:09:53,629] multiqc                                            [DEBUG  ]  No samples found: macs2
[2019-11-19 12:09:53,633] multiqc                                            [DEBUG  ]  No samples found: theta2
[2019-11-19 12:09:53,638] multiqc                                            [DEBUG  ]  No samples found: snpeff
[2019-11-19 12:09:53,644] multiqc                                            [DEBUG  ]  No samples found: gatk
[2019-11-19 12:09:53,648] multiqc                                            [DEBUG  ]  No samples found: htseq
[2019-11-19 12:09:53,652] multiqc                                            [DEBUG  ]  No samples found: bcftools
[2019-11-19 12:09:53,657] multiqc                                            [DEBUG  ]  No samples found: featureCounts
[2019-11-19 12:09:53,661] multiqc                                            [DEBUG  ]  No samples found: dedup
[2019-11-19 12:09:53,666] multiqc                                            [DEBUG  ]  No samples found: damageprofiler
[2019-11-19 12:09:53,679] multiqc                                            [DEBUG  ]  No samples found: picard
[2019-11-19 12:09:53,684] multiqc                                            [DEBUG  ]  No samples found: prokka
[2019-11-19 12:09:53,689] multiqc                                            [DEBUG  ]  No samples found: samblaster
[2019-11-19 12:09:53,696] multiqc                                            [DEBUG  ]  No samples found: samtools
[2019-11-19 12:09:53,701] multiqc                                            [DEBUG  ]  No samples found: bamtools
[2019-11-19 12:09:53,705] multiqc                                            [DEBUG  ]  No samples found: jellyfish
[2019-11-19 12:09:53,712] multiqc                                            [DEBUG  ]  No samples found: vcftools
[2019-11-19 12:09:53,716] multiqc                                            [DEBUG  ]  No samples found: longranger
[2019-11-19 12:09:53,720] multiqc                                            [DEBUG  ]  No samples found: stacks
[2019-11-19 12:09:53,731] multiqc                                            [DEBUG  ]  No samples found: bbmap
[2019-11-19 12:09:53,735] multiqc                                            [DEBUG  ]  No samples found: bismark
[2019-11-19 12:09:53,740] multiqc                                            [DEBUG  ]  No samples found: biscuit
[2019-11-19 12:09:53,744] multiqc                                            [DEBUG  ]  No samples found: hicexplorer
[2019-11-19 12:09:53,748] multiqc                                            [DEBUG  ]  No samples found: hicup
[2019-11-19 12:09:53,753] multiqc                                            [DEBUG  ]  No samples found: hicpro
[2019-11-19 12:09:53,757] multiqc                                            [DEBUG  ]  No samples found: salmon
[2019-11-19 12:09:53,761] multiqc                                            [DEBUG  ]  No samples found: kallisto
[2019-11-19 12:09:53,765] multiqc                                            [DEBUG  ]  No samples found: slamdunk
[2019-11-19 12:09:53,770] multiqc                                            [DEBUG  ]  No samples found: star
[2019-11-19 12:09:53,774] multiqc                                            [DEBUG  ]  No samples found: hisat2
[2019-11-19 12:09:53,779] multiqc                                            [DEBUG  ]  No samples found: tophat
[2019-11-19 12:09:53,783] multiqc                                            [DEBUG  ]  No samples found: bowtie2
[2019-11-19 12:09:53,787] multiqc                                            [DEBUG  ]  No samples found: bowtie1
[2019-11-19 12:09:53,791] multiqc                                            [DEBUG  ]  No samples found: kat
[2019-11-19 12:09:53,795] multiqc                                            [DEBUG  ]  No samples found: leehom
[2019-11-19 12:09:53,799] multiqc                                            [DEBUG  ]  No samples found: adapterRemoval
[2019-11-19 12:09:53,803] multiqc                                            [DEBUG  ]  No samples found: clipandmerge
[2019-11-19 12:09:53,807] multiqc                                            [DEBUG  ]  No samples found: cutadapt
[2019-11-19 12:09:53,813] multiqc                                            [DEBUG  ]  No samples found: flexbar
[2019-11-19 12:09:53,817] multiqc                                            [DEBUG  ]  No samples found: trimmomatic
[2019-11-19 12:09:53,821] multiqc                                            [DEBUG  ]  No samples found: skewer
[2019-11-19 12:09:53,826] multiqc                                            [DEBUG  ]  No samples found: sortmerna
[2019-11-19 12:09:53,829] multiqc                                            [DEBUG  ]  No samples found: biobloomtools
[2019-11-19 12:09:53,834] multiqc                                            [DEBUG  ]  No samples found: fastq_screen
[2019-11-19 12:09:53,838] multiqc                                            [DEBUG  ]  No samples found: afterqc
[2019-11-19 12:09:53,842] multiqc                                            [DEBUG  ]  No samples found: fastp
[2019-11-19 12:09:53,850] multiqc.modules.fastqc.fastqc                      [INFO   ]  Found 1 reports
[2019-11-19 12:09:53,902] multiqc                                            [DEBUG  ]  No samples found: minionqc
[2019-11-19 12:09:53,906] multiqc                                            [DEBUG  ]  No samples found: clusterflow
[2019-11-19 12:09:53,910] multiqc                                            [DEBUG  ]  No samples found: bcl2fastq
[2019-11-19 12:09:53,915] multiqc                                            [DEBUG  ]  No samples found: interop
[2019-11-19 12:09:53,919] multiqc                                            [DEBUG  ]  No samples found: flash
[2019-11-19 12:09:53,921] multiqc                                            [INFO   ]  Compressing plot data
[2019-11-19 12:09:53,952] multiqc                                            [INFO   ]  Report      : ../../../../../../../data/multiqc_report.html
[2019-11-19 12:09:53,952] multiqc                                            [INFO   ]  Data        : ../../../../../../../data/multiqc_data
[2019-11-19 12:09:53,953] multiqc                                            [DEBUG  ]  Moving data file from '/tmp/tmpg4uz885j/multiqc_data/multiqc_general_stats.txt' to '/data/multiqc_data'
[2019-11-19 12:09:53,953] multiqc                                            [DEBUG  ]  Moving data file from '/tmp/tmpg4uz885j/multiqc_data/multiqc_fastqc.txt' to '/data/multiqc_data'
[2019-11-19 12:09:53,953] multiqc                                            [DEBUG  ]  Moving data file from '/tmp/tmpg4uz885j/multiqc_data/multiqc_data.json' to '/data/multiqc_data'
[2019-11-19 12:09:53,954] multiqc                                            [DEBUG  ]  Moving data file from '/tmp/tmpg4uz885j/multiqc_data/multiqc_sources.txt' to '/data/multiqc_data'
[2019-11-19 12:09:54,083] multiqc                                            [INFO   ]  MultiQC complete
