[2019-11-19 15:51:41,251] multiqc                                            [DEBUG  ]  No MultiQC config found: /usr/lib/python3.6/site-packages/multiqc-1.7-py3.6.egg/multiqc_config.yaml
[2019-11-19 15:51:41,251] multiqc                                            [DEBUG  ]  No MultiQC config found: /root/.multiqc_config.yaml
[2019-11-19 15:51:41,251] multiqc                                            [DEBUG  ]  No MultiQC config found: multiqc_config.yaml
[2019-11-19 15:51:41,251] multiqc                                            [DEBUG  ]  Command used: /usr/bin/multiqc /data/HG00253.mapped.ILLUMINA.bwa.GBR.low_coverage.20101123_fastqc.zip -o /data
[2019-11-19 15:51:42,917] multiqc                                            [DEBUG  ]  Latest MultiQC version is v1.7
[2019-11-19 15:51:42,918] multiqc                                            [INFO   ]  This is MultiQC v1.7
[2019-11-19 15:51:42,918] multiqc                                            [DEBUG  ]  Command     : /usr/bin/multiqc /data/HG00253.mapped.ILLUMINA.bwa.GBR.low_coverage.20101123_fastqc.zip -o /data
[2019-11-19 15:51:42,918] multiqc                                            [DEBUG  ]  Working dir : /var/lib/toil/toil-9b56b740-ccba-4b13-b998-c6aabca34938-69d14ae953f0400cbe6f0dc87a7486c9/tmpIQLtqj/0ab56d50-e6ae-4cac-a224-060ea8fd1347/tnLzY5r
[2019-11-19 15:51:42,918] multiqc                                            [INFO   ]  Template    : default
[2019-11-19 15:51:42,918] multiqc                                            [INFO   ]  Searching '/data/HG00253.mapped.ILLUMINA.bwa.GBR.low_coverage.20101123_fastqc.zip'
[2019-11-19 15:51:42,919] multiqc                                            [DEBUG  ]  Analysing modules: custom_content, conpair, peddy, methylQA, phantompeakqualtools, qualimap, preseq, quast, qorts, rna_seqc, rsem, rseqc, busco, goleft_indexcov, disambiguate, supernova, deeptools, sargasso, verifybamid, mirtrace, happy, homer, macs2, theta2, snpeff, gatk, htseq, bcftools, featureCounts, dedup, damageprofiler, picard, prokka, samblaster, samtools, bamtools, jellyfish, vcftools, longranger, stacks, bbmap, bismark, biscuit, hicexplorer, hicup, hicpro, salmon, kallisto, slamdunk, star, hisat2, tophat, bowtie2, bowtie1, kat, leehom, adapterRemoval, clipandmerge, cutadapt, flexbar, trimmomatic, skewer, sortmerna, biobloomtools, fastq_screen, afterqc, fastp, fastqc, minionqc, clusterflow, bcl2fastq, interop, flash
[2019-11-19 15:51:42,919] multiqc                                            [DEBUG  ]  Using temporary directory for creating report: /tmp/tmpf8rh9j25
[2019-11-19 15:51:43,971] multiqc                                            [DEBUG  ]  No samples found: custom_content
[2019-11-19 15:51:43,977] multiqc                                            [DEBUG  ]  No samples found: conpair
[2019-11-19 15:51:43,984] multiqc                                            [DEBUG  ]  No samples found: peddy
[2019-11-19 15:51:43,990] multiqc                                            [DEBUG  ]  No samples found: methylQA
[2019-11-19 15:51:43,997] multiqc                                            [DEBUG  ]  No samples found: phantompeakqualtools
[2019-11-19 15:51:44,005] multiqc                                            [DEBUG  ]  No samples found: qualimap
[2019-11-19 15:51:44,012] multiqc                                            [DEBUG  ]  No samples found: preseq
[2019-11-19 15:51:44,019] multiqc                                            [DEBUG  ]  No samples found: quast
[2019-11-19 15:51:44,025] multiqc                                            [DEBUG  ]  No samples found: qorts
[2019-11-19 15:51:44,032] multiqc                                            [DEBUG  ]  No samples found: rna_seqc
[2019-11-19 15:51:44,038] multiqc                                            [DEBUG  ]  No samples found: rsem
[2019-11-19 15:51:44,050] multiqc                                            [DEBUG  ]  No samples found: rseqc
[2019-11-19 15:51:44,056] multiqc                                            [DEBUG  ]  No samples found: busco
[2019-11-19 15:51:44,062] multiqc                                            [DEBUG  ]  No samples found: goleft_indexcov
[2019-11-19 15:51:44,069] multiqc                                            [DEBUG  ]  No samples found: disambiguate
[2019-11-19 15:51:44,075] multiqc                                            [DEBUG  ]  No samples found: supernova
[2019-11-19 15:51:44,088] multiqc                                            [DEBUG  ]  No samples found: deeptools
[2019-11-19 15:51:44,095] multiqc                                            [DEBUG  ]  No samples found: sargasso
[2019-11-19 15:51:44,101] multiqc                                            [DEBUG  ]  No samples found: verifybamid
[2019-11-19 15:51:44,108] multiqc                                            [DEBUG  ]  No samples found: mirtrace
[2019-11-19 15:51:44,114] multiqc                                            [DEBUG  ]  No samples found: happy
[2019-11-19 15:51:44,122] multiqc                                            [DEBUG  ]  No samples found: homer
[2019-11-19 15:51:44,128] multiqc                                            [DEBUG  ]  No samples found: macs2
[2019-11-19 15:51:44,136] multiqc                                            [DEBUG  ]  No samples found: theta2
[2019-11-19 15:51:44,142] multiqc                                            [DEBUG  ]  No samples found: snpeff
[2019-11-19 15:51:44,151] multiqc                                            [DEBUG  ]  No samples found: gatk
[2019-11-19 15:51:44,157] multiqc                                            [DEBUG  ]  No samples found: htseq
[2019-11-19 15:51:44,164] multiqc                                            [DEBUG  ]  No samples found: bcftools
[2019-11-19 15:51:44,170] multiqc                                            [DEBUG  ]  No samples found: featureCounts
[2019-11-19 15:51:44,177] multiqc                                            [DEBUG  ]  No samples found: dedup
[2019-11-19 15:51:44,183] multiqc                                            [DEBUG  ]  No samples found: damageprofiler
[2019-11-19 15:51:44,200] multiqc                                            [DEBUG  ]  No samples found: picard
[2019-11-19 15:51:44,207] multiqc                                            [DEBUG  ]  No samples found: prokka
[2019-11-19 15:51:44,214] multiqc                                            [DEBUG  ]  No samples found: samblaster
[2019-11-19 15:51:44,223] multiqc                                            [DEBUG  ]  No samples found: samtools
[2019-11-19 15:51:44,230] multiqc                                            [DEBUG  ]  No samples found: bamtools
[2019-11-19 15:51:44,236] multiqc                                            [DEBUG  ]  No samples found: jellyfish
[2019-11-19 15:51:44,246] multiqc                                            [DEBUG  ]  No samples found: vcftools
[2019-11-19 15:51:44,252] multiqc                                            [DEBUG  ]  No samples found: longranger
[2019-11-19 15:51:44,259] multiqc                                            [DEBUG  ]  No samples found: stacks
[2019-11-19 15:51:44,274] multiqc                                            [DEBUG  ]  No samples found: bbmap
[2019-11-19 15:51:44,280] multiqc                                            [DEBUG  ]  No samples found: bismark
[2019-11-19 15:51:44,288] multiqc                                            [DEBUG  ]  No samples found: biscuit
[2019-11-19 15:51:44,294] multiqc                                            [DEBUG  ]  No samples found: hicexplorer
[2019-11-19 15:51:44,300] multiqc                                            [DEBUG  ]  No samples found: hicup
[2019-11-19 15:51:44,307] multiqc                                            [DEBUG  ]  No samples found: hicpro
[2019-11-19 15:51:44,313] multiqc                                            [DEBUG  ]  No samples found: salmon
[2019-11-19 15:51:44,319] multiqc                                            [DEBUG  ]  No samples found: kallisto
[2019-11-19 15:51:44,326] multiqc                                            [DEBUG  ]  No samples found: slamdunk
[2019-11-19 15:51:44,332] multiqc                                            [DEBUG  ]  No samples found: star
[2019-11-19 15:51:44,338] multiqc                                            [DEBUG  ]  No samples found: hisat2
[2019-11-19 15:51:44,345] multiqc                                            [DEBUG  ]  No samples found: tophat
[2019-11-19 15:51:44,351] multiqc                                            [DEBUG  ]  No samples found: bowtie2
[2019-11-19 15:51:44,357] multiqc                                            [DEBUG  ]  No samples found: bowtie1
[2019-11-19 15:51:44,363] multiqc                                            [DEBUG  ]  No samples found: kat
[2019-11-19 15:51:44,369] multiqc                                            [DEBUG  ]  No samples found: leehom
[2019-11-19 15:51:44,376] multiqc                                            [DEBUG  ]  No samples found: adapterRemoval
[2019-11-19 15:51:44,382] multiqc                                            [DEBUG  ]  No samples found: clipandmerge
[2019-11-19 15:51:44,388] multiqc                                            [DEBUG  ]  No samples found: cutadapt
[2019-11-19 15:51:44,394] multiqc                                            [DEBUG  ]  No samples found: flexbar
[2019-11-19 15:51:44,400] multiqc                                            [DEBUG  ]  No samples found: trimmomatic
[2019-11-19 15:51:44,407] multiqc                                            [DEBUG  ]  No samples found: skewer
[2019-11-19 15:51:44,413] multiqc                                            [DEBUG  ]  No samples found: sortmerna
[2019-11-19 15:51:44,419] multiqc                                            [DEBUG  ]  No samples found: biobloomtools
[2019-11-19 15:51:44,427] multiqc                                            [DEBUG  ]  No samples found: fastq_screen
[2019-11-19 15:51:44,433] multiqc                                            [DEBUG  ]  No samples found: afterqc
[2019-11-19 15:51:44,440] multiqc                                            [DEBUG  ]  No samples found: fastp
[2019-11-19 15:51:44,452] multiqc.modules.fastqc.fastqc                      [INFO   ]  Found 1 reports
[2019-11-19 15:51:44,548] multiqc                                            [DEBUG  ]  No samples found: minionqc
[2019-11-19 15:51:44,554] multiqc                                            [DEBUG  ]  No samples found: clusterflow
[2019-11-19 15:51:44,561] multiqc                                            [DEBUG  ]  No samples found: bcl2fastq
[2019-11-19 15:51:44,568] multiqc                                            [DEBUG  ]  No samples found: interop
[2019-11-19 15:51:44,574] multiqc                                            [DEBUG  ]  No samples found: flash
[2019-11-19 15:51:44,579] multiqc                                            [INFO   ]  Compressing plot data
[2019-11-19 15:51:44,635] multiqc                                            [INFO   ]  Report      : ../../../../../../../data/multiqc_report.html
[2019-11-19 15:51:44,636] multiqc                                            [INFO   ]  Data        : ../../../../../../../data/multiqc_data
[2019-11-19 15:51:44,636] multiqc                                            [DEBUG  ]  Moving data file from '/tmp/tmpf8rh9j25/multiqc_data/multiqc_general_stats.txt' to '/data/multiqc_data'
[2019-11-19 15:51:44,636] multiqc                                            [DEBUG  ]  Moving data file from '/tmp/tmpf8rh9j25/multiqc_data/multiqc_fastqc.txt' to '/data/multiqc_data'
[2019-11-19 15:51:44,637] multiqc                                            [DEBUG  ]  Moving data file from '/tmp/tmpf8rh9j25/multiqc_data/multiqc_data.json' to '/data/multiqc_data'
[2019-11-19 15:51:44,637] multiqc                                            [DEBUG  ]  Moving data file from '/tmp/tmpf8rh9j25/multiqc_data/multiqc_sources.txt' to '/data/multiqc_data'
[2019-11-19 15:51:44,846] multiqc                                            [INFO   ]  MultiQC complete
