[2019-11-19 10:16:49,198] multiqc                                            [DEBUG  ]  No MultiQC config found: /usr/lib/python3.6/site-packages/multiqc-1.7-py3.6.egg/multiqc_config.yaml
[2019-11-19 10:16:49,199] multiqc                                            [DEBUG  ]  No MultiQC config found: /root/.multiqc_config.yaml
[2019-11-19 10:16:49,199] multiqc                                            [DEBUG  ]  No MultiQC config found: multiqc_config.yaml
[2019-11-19 10:16:49,199] multiqc                                            [DEBUG  ]  Command used: /usr/bin/multiqc /data/HG00133.unmapped.ILLUMINA.bwa.GBR.low_coverage.20101123_fastqc.zip -o /data
[2019-11-19 10:16:52,210] multiqc                                            [DEBUG  ]  Latest MultiQC version is v1.7
[2019-11-19 10:16:52,211] multiqc                                            [INFO   ]  This is MultiQC v1.7
[2019-11-19 10:16:52,211] multiqc                                            [DEBUG  ]  Command     : /usr/bin/multiqc /data/HG00133.unmapped.ILLUMINA.bwa.GBR.low_coverage.20101123_fastqc.zip -o /data
[2019-11-19 10:16:52,211] multiqc                                            [DEBUG  ]  Working dir : /var/lib/toil/toil-9b56b740-ccba-4b13-b998-c6aabca34938-69d14ae953f0400cbe6f0dc87a7486c9/tmpSW9ZeM/6bda8c9c-f80c-47bc-bc06-425cce4e2571/tlc9nPh
[2019-11-19 10:16:52,211] multiqc                                            [INFO   ]  Template    : default
[2019-11-19 10:16:52,211] multiqc                                            [INFO   ]  Searching '/data/HG00133.unmapped.ILLUMINA.bwa.GBR.low_coverage.20101123_fastqc.zip'
[2019-11-19 10:16:52,211] multiqc                                            [DEBUG  ]  Analysing modules: custom_content, conpair, peddy, methylQA, phantompeakqualtools, qualimap, preseq, quast, qorts, rna_seqc, rsem, rseqc, busco, goleft_indexcov, disambiguate, supernova, deeptools, sargasso, verifybamid, mirtrace, happy, homer, macs2, theta2, snpeff, gatk, htseq, bcftools, featureCounts, dedup, damageprofiler, picard, prokka, samblaster, samtools, bamtools, jellyfish, vcftools, longranger, stacks, bbmap, bismark, biscuit, hicexplorer, hicup, hicpro, salmon, kallisto, slamdunk, star, hisat2, tophat, bowtie2, bowtie1, kat, leehom, adapterRemoval, clipandmerge, cutadapt, flexbar, trimmomatic, skewer, sortmerna, biobloomtools, fastq_screen, afterqc, fastp, fastqc, minionqc, clusterflow, bcl2fastq, interop, flash
[2019-11-19 10:16:52,212] multiqc                                            [DEBUG  ]  Using temporary directory for creating report: /tmp/tmpptwhkgee
[2019-11-19 10:16:53,218] multiqc                                            [DEBUG  ]  No samples found: custom_content
[2019-11-19 10:16:53,225] multiqc                                            [DEBUG  ]  No samples found: conpair
[2019-11-19 10:16:53,232] multiqc                                            [DEBUG  ]  No samples found: peddy
[2019-11-19 10:16:53,238] multiqc                                            [DEBUG  ]  No samples found: methylQA
[2019-11-19 10:16:53,244] multiqc                                            [DEBUG  ]  No samples found: phantompeakqualtools
[2019-11-19 10:16:53,252] multiqc                                            [DEBUG  ]  No samples found: qualimap
[2019-11-19 10:16:53,259] multiqc                                            [DEBUG  ]  No samples found: preseq
[2019-11-19 10:16:53,265] multiqc                                            [DEBUG  ]  No samples found: quast
[2019-11-19 10:16:53,271] multiqc                                            [DEBUG  ]  No samples found: qorts
[2019-11-19 10:16:53,278] multiqc                                            [DEBUG  ]  No samples found: rna_seqc
[2019-11-19 10:16:53,284] multiqc                                            [DEBUG  ]  No samples found: rsem
[2019-11-19 10:16:53,296] multiqc                                            [DEBUG  ]  No samples found: rseqc
[2019-11-19 10:16:53,303] multiqc                                            [DEBUG  ]  No samples found: busco
[2019-11-19 10:16:53,309] multiqc                                            [DEBUG  ]  No samples found: goleft_indexcov
[2019-11-19 10:16:53,315] multiqc                                            [DEBUG  ]  No samples found: disambiguate
[2019-11-19 10:16:53,322] multiqc                                            [DEBUG  ]  No samples found: supernova
[2019-11-19 10:16:53,334] multiqc                                            [DEBUG  ]  No samples found: deeptools
[2019-11-19 10:16:53,341] multiqc                                            [DEBUG  ]  No samples found: sargasso
[2019-11-19 10:16:53,347] multiqc                                            [DEBUG  ]  No samples found: verifybamid
[2019-11-19 10:16:53,353] multiqc                                            [DEBUG  ]  No samples found: mirtrace
[2019-11-19 10:16:53,359] multiqc                                            [DEBUG  ]  No samples found: happy
[2019-11-19 10:16:53,367] multiqc                                            [DEBUG  ]  No samples found: homer
[2019-11-19 10:16:53,374] multiqc                                            [DEBUG  ]  No samples found: macs2
[2019-11-19 10:16:53,380] multiqc                                            [DEBUG  ]  No samples found: theta2
[2019-11-19 10:16:53,386] multiqc                                            [DEBUG  ]  No samples found: snpeff
[2019-11-19 10:16:53,395] multiqc                                            [DEBUG  ]  No samples found: gatk
[2019-11-19 10:16:53,401] multiqc                                            [DEBUG  ]  No samples found: htseq
[2019-11-19 10:16:53,407] multiqc                                            [DEBUG  ]  No samples found: bcftools
[2019-11-19 10:16:53,414] multiqc                                            [DEBUG  ]  No samples found: featureCounts
[2019-11-19 10:16:53,420] multiqc                                            [DEBUG  ]  No samples found: dedup
[2019-11-19 10:16:53,426] multiqc                                            [DEBUG  ]  No samples found: damageprofiler
[2019-11-19 10:16:53,442] multiqc                                            [DEBUG  ]  No samples found: picard
[2019-11-19 10:16:53,449] multiqc                                            [DEBUG  ]  No samples found: prokka
[2019-11-19 10:16:53,455] multiqc                                            [DEBUG  ]  No samples found: samblaster
[2019-11-19 10:16:53,464] multiqc                                            [DEBUG  ]  No samples found: samtools
[2019-11-19 10:16:53,471] multiqc                                            [DEBUG  ]  No samples found: bamtools
[2019-11-19 10:16:53,477] multiqc                                            [DEBUG  ]  No samples found: jellyfish
[2019-11-19 10:16:53,485] multiqc                                            [DEBUG  ]  No samples found: vcftools
[2019-11-19 10:16:53,492] multiqc                                            [DEBUG  ]  No samples found: longranger
[2019-11-19 10:16:53,499] multiqc                                            [DEBUG  ]  No samples found: stacks
[2019-11-19 10:16:53,512] multiqc                                            [DEBUG  ]  No samples found: bbmap
[2019-11-19 10:16:53,518] multiqc                                            [DEBUG  ]  No samples found: bismark
[2019-11-19 10:16:53,526] multiqc                                            [DEBUG  ]  No samples found: biscuit
[2019-11-19 10:16:53,533] multiqc                                            [DEBUG  ]  No samples found: hicexplorer
[2019-11-19 10:16:53,539] multiqc                                            [DEBUG  ]  No samples found: hicup
[2019-11-19 10:16:53,545] multiqc                                            [DEBUG  ]  No samples found: hicpro
[2019-11-19 10:16:53,552] multiqc                                            [DEBUG  ]  No samples found: salmon
[2019-11-19 10:16:53,558] multiqc                                            [DEBUG  ]  No samples found: kallisto
[2019-11-19 10:16:53,565] multiqc                                            [DEBUG  ]  No samples found: slamdunk
[2019-11-19 10:16:53,571] multiqc                                            [DEBUG  ]  No samples found: star
[2019-11-19 10:16:53,577] multiqc                                            [DEBUG  ]  No samples found: hisat2
[2019-11-19 10:16:53,584] multiqc                                            [DEBUG  ]  No samples found: tophat
[2019-11-19 10:16:53,590] multiqc                                            [DEBUG  ]  No samples found: bowtie2
[2019-11-19 10:16:53,596] multiqc                                            [DEBUG  ]  No samples found: bowtie1
[2019-11-19 10:16:53,602] multiqc                                            [DEBUG  ]  No samples found: kat
[2019-11-19 10:16:53,608] multiqc                                            [DEBUG  ]  No samples found: leehom
[2019-11-19 10:16:53,614] multiqc                                            [DEBUG  ]  No samples found: adapterRemoval
[2019-11-19 10:16:53,621] multiqc                                            [DEBUG  ]  No samples found: clipandmerge
[2019-11-19 10:16:53,627] multiqc                                            [DEBUG  ]  No samples found: cutadapt
[2019-11-19 10:16:53,633] multiqc                                            [DEBUG  ]  No samples found: flexbar
[2019-11-19 10:16:53,639] multiqc                                            [DEBUG  ]  No samples found: trimmomatic
[2019-11-19 10:16:53,645] multiqc                                            [DEBUG  ]  No samples found: skewer
[2019-11-19 10:16:53,652] multiqc                                            [DEBUG  ]  No samples found: sortmerna
[2019-11-19 10:16:53,658] multiqc                                            [DEBUG  ]  No samples found: biobloomtools
[2019-11-19 10:16:53,664] multiqc                                            [DEBUG  ]  No samples found: fastq_screen
[2019-11-19 10:16:53,670] multiqc                                            [DEBUG  ]  No samples found: afterqc
[2019-11-19 10:16:53,677] multiqc                                            [DEBUG  ]  No samples found: fastp
[2019-11-19 10:16:53,689] multiqc.modules.fastqc.fastqc                      [INFO   ]  Found 1 reports
[2019-11-19 10:16:53,792] multiqc                                            [DEBUG  ]  No samples found: minionqc
[2019-11-19 10:16:53,798] multiqc                                            [DEBUG  ]  No samples found: clusterflow
[2019-11-19 10:16:53,805] multiqc                                            [DEBUG  ]  No samples found: bcl2fastq
[2019-11-19 10:16:53,811] multiqc                                            [DEBUG  ]  No samples found: interop
[2019-11-19 10:16:53,818] multiqc                                            [DEBUG  ]  No samples found: flash
[2019-11-19 10:16:53,822] multiqc                                            [INFO   ]  Compressing plot data
[2019-11-19 10:16:53,871] multiqc                                            [INFO   ]  Report      : ../../../../../../../data/multiqc_report.html
[2019-11-19 10:16:53,872] multiqc                                            [INFO   ]  Data        : ../../../../../../../data/multiqc_data
[2019-11-19 10:16:53,872] multiqc                                            [DEBUG  ]  Moving data file from '/tmp/tmpptwhkgee/multiqc_data/multiqc_general_stats.txt' to '/data/multiqc_data'
[2019-11-19 10:16:53,872] multiqc                                            [DEBUG  ]  Moving data file from '/tmp/tmpptwhkgee/multiqc_data/multiqc_fastqc.txt' to '/data/multiqc_data'
[2019-11-19 10:16:53,873] multiqc                                            [DEBUG  ]  Moving data file from '/tmp/tmpptwhkgee/multiqc_data/multiqc_data.json' to '/data/multiqc_data'
[2019-11-19 10:16:53,873] multiqc                                            [DEBUG  ]  Moving data file from '/tmp/tmpptwhkgee/multiqc_data/multiqc_sources.txt' to '/data/multiqc_data'
[2019-11-19 10:16:54,075] multiqc                                            [INFO   ]  MultiQC complete
