[2019-11-19 14:52:59,088] multiqc                                            [DEBUG  ]  No MultiQC config found: /usr/lib/python3.6/site-packages/multiqc-1.7-py3.6.egg/multiqc_config.yaml
[2019-11-19 14:52:59,088] multiqc                                            [DEBUG  ]  No MultiQC config found: /root/.multiqc_config.yaml
[2019-11-19 14:52:59,088] multiqc                                            [DEBUG  ]  No MultiQC config found: multiqc_config.yaml
[2019-11-19 14:52:59,088] multiqc                                            [DEBUG  ]  Command used: /usr/bin/multiqc /data/HG00234.unmapped.SOLID.bfast.GBR.low_coverage.20101123_fastqc.zip -o /data
[2019-11-19 14:53:01,090] multiqc                                            [DEBUG  ]  Latest MultiQC version is v1.7
[2019-11-19 14:53:01,090] multiqc                                            [INFO   ]  This is MultiQC v1.7
[2019-11-19 14:53:01,090] multiqc                                            [DEBUG  ]  Command     : /usr/bin/multiqc /data/HG00234.unmapped.SOLID.bfast.GBR.low_coverage.20101123_fastqc.zip -o /data
[2019-11-19 14:53:01,090] multiqc                                            [DEBUG  ]  Working dir : /var/lib/toil/toil-9b56b740-ccba-4b13-b998-c6aabca34938-69d14ae953f0400cbe6f0dc87a7486c9/tmpnCgEsX/aadc14da-3a20-42c3-af76-8e5a7dc8e354/t3ovPHv
[2019-11-19 14:53:01,091] multiqc                                            [INFO   ]  Template    : default
[2019-11-19 14:53:01,091] multiqc                                            [INFO   ]  Searching '/data/HG00234.unmapped.SOLID.bfast.GBR.low_coverage.20101123_fastqc.zip'
[2019-11-19 14:53:01,091] multiqc                                            [DEBUG  ]  Analysing modules: custom_content, conpair, peddy, methylQA, phantompeakqualtools, qualimap, preseq, quast, qorts, rna_seqc, rsem, rseqc, busco, goleft_indexcov, disambiguate, supernova, deeptools, sargasso, verifybamid, mirtrace, happy, homer, macs2, theta2, snpeff, gatk, htseq, bcftools, featureCounts, dedup, damageprofiler, picard, prokka, samblaster, samtools, bamtools, jellyfish, vcftools, longranger, stacks, bbmap, bismark, biscuit, hicexplorer, hicup, hicpro, salmon, kallisto, slamdunk, star, hisat2, tophat, bowtie2, bowtie1, kat, leehom, adapterRemoval, clipandmerge, cutadapt, flexbar, trimmomatic, skewer, sortmerna, biobloomtools, fastq_screen, afterqc, fastp, fastqc, minionqc, clusterflow, bcl2fastq, interop, flash
[2019-11-19 14:53:01,092] multiqc                                            [DEBUG  ]  Using temporary directory for creating report: /tmp/tmp3ukgx4pd
[2019-11-19 14:53:01,858] multiqc                                            [DEBUG  ]  No samples found: custom_content
[2019-11-19 14:53:01,863] multiqc                                            [DEBUG  ]  No samples found: conpair
[2019-11-19 14:53:01,868] multiqc                                            [DEBUG  ]  No samples found: peddy
[2019-11-19 14:53:01,872] multiqc                                            [DEBUG  ]  No samples found: methylQA
[2019-11-19 14:53:01,877] multiqc                                            [DEBUG  ]  No samples found: phantompeakqualtools
[2019-11-19 14:53:01,883] multiqc                                            [DEBUG  ]  No samples found: qualimap
[2019-11-19 14:53:01,889] multiqc                                            [DEBUG  ]  No samples found: preseq
[2019-11-19 14:53:01,893] multiqc                                            [DEBUG  ]  No samples found: quast
[2019-11-19 14:53:01,898] multiqc                                            [DEBUG  ]  No samples found: qorts
[2019-11-19 14:53:01,903] multiqc                                            [DEBUG  ]  No samples found: rna_seqc
[2019-11-19 14:53:01,907] multiqc                                            [DEBUG  ]  No samples found: rsem
[2019-11-19 14:53:01,916] multiqc                                            [DEBUG  ]  No samples found: rseqc
[2019-11-19 14:53:01,920] multiqc                                            [DEBUG  ]  No samples found: busco
[2019-11-19 14:53:01,924] multiqc                                            [DEBUG  ]  No samples found: goleft_indexcov
[2019-11-19 14:53:01,928] multiqc                                            [DEBUG  ]  No samples found: disambiguate
[2019-11-19 14:53:01,933] multiqc                                            [DEBUG  ]  No samples found: supernova
[2019-11-19 14:53:01,943] multiqc                                            [DEBUG  ]  No samples found: deeptools
[2019-11-19 14:53:01,948] multiqc                                            [DEBUG  ]  No samples found: sargasso
[2019-11-19 14:53:01,952] multiqc                                            [DEBUG  ]  No samples found: verifybamid
[2019-11-19 14:53:01,959] multiqc                                            [DEBUG  ]  No samples found: mirtrace
[2019-11-19 14:53:01,966] multiqc                                            [DEBUG  ]  No samples found: happy
[2019-11-19 14:53:01,972] multiqc                                            [DEBUG  ]  No samples found: homer
[2019-11-19 14:53:01,976] multiqc                                            [DEBUG  ]  No samples found: macs2
[2019-11-19 14:53:01,981] multiqc                                            [DEBUG  ]  No samples found: theta2
[2019-11-19 14:53:01,985] multiqc                                            [DEBUG  ]  No samples found: snpeff
[2019-11-19 14:53:01,991] multiqc                                            [DEBUG  ]  No samples found: gatk
[2019-11-19 14:53:01,995] multiqc                                            [DEBUG  ]  No samples found: htseq
[2019-11-19 14:53:01,999] multiqc                                            [DEBUG  ]  No samples found: bcftools
[2019-11-19 14:53:02,004] multiqc                                            [DEBUG  ]  No samples found: featureCounts
[2019-11-19 14:53:02,008] multiqc                                            [DEBUG  ]  No samples found: dedup
[2019-11-19 14:53:02,013] multiqc                                            [DEBUG  ]  No samples found: damageprofiler
[2019-11-19 14:53:02,027] multiqc                                            [DEBUG  ]  No samples found: picard
[2019-11-19 14:53:02,031] multiqc                                            [DEBUG  ]  No samples found: prokka
[2019-11-19 14:53:02,036] multiqc                                            [DEBUG  ]  No samples found: samblaster
[2019-11-19 14:53:02,042] multiqc                                            [DEBUG  ]  No samples found: samtools
[2019-11-19 14:53:02,047] multiqc                                            [DEBUG  ]  No samples found: bamtools
[2019-11-19 14:53:02,051] multiqc                                            [DEBUG  ]  No samples found: jellyfish
[2019-11-19 14:53:02,058] multiqc                                            [DEBUG  ]  No samples found: vcftools
[2019-11-19 14:53:02,063] multiqc                                            [DEBUG  ]  No samples found: longranger
[2019-11-19 14:53:02,067] multiqc                                            [DEBUG  ]  No samples found: stacks
[2019-11-19 14:53:02,078] multiqc                                            [DEBUG  ]  No samples found: bbmap
[2019-11-19 14:53:02,082] multiqc                                            [DEBUG  ]  No samples found: bismark
[2019-11-19 14:53:02,088] multiqc                                            [DEBUG  ]  No samples found: biscuit
[2019-11-19 14:53:02,092] multiqc                                            [DEBUG  ]  No samples found: hicexplorer
[2019-11-19 14:53:02,096] multiqc                                            [DEBUG  ]  No samples found: hicup
[2019-11-19 14:53:02,100] multiqc                                            [DEBUG  ]  No samples found: hicpro
[2019-11-19 14:53:02,104] multiqc                                            [DEBUG  ]  No samples found: salmon
[2019-11-19 14:53:02,108] multiqc                                            [DEBUG  ]  No samples found: kallisto
[2019-11-19 14:53:02,113] multiqc                                            [DEBUG  ]  No samples found: slamdunk
[2019-11-19 14:53:02,117] multiqc                                            [DEBUG  ]  No samples found: star
[2019-11-19 14:53:02,121] multiqc                                            [DEBUG  ]  No samples found: hisat2
[2019-11-19 14:53:02,127] multiqc                                            [DEBUG  ]  No samples found: tophat
[2019-11-19 14:53:02,131] multiqc                                            [DEBUG  ]  No samples found: bowtie2
[2019-11-19 14:53:02,135] multiqc                                            [DEBUG  ]  No samples found: bowtie1
[2019-11-19 14:53:02,139] multiqc                                            [DEBUG  ]  No samples found: kat
[2019-11-19 14:53:02,144] multiqc                                            [DEBUG  ]  No samples found: leehom
[2019-11-19 14:53:02,148] multiqc                                            [DEBUG  ]  No samples found: adapterRemoval
[2019-11-19 14:53:02,153] multiqc                                            [DEBUG  ]  No samples found: clipandmerge
[2019-11-19 14:53:02,160] multiqc                                            [DEBUG  ]  No samples found: cutadapt
[2019-11-19 14:53:02,167] multiqc                                            [DEBUG  ]  No samples found: flexbar
[2019-11-19 14:53:02,174] multiqc                                            [DEBUG  ]  No samples found: trimmomatic
[2019-11-19 14:53:02,180] multiqc                                            [DEBUG  ]  No samples found: skewer
[2019-11-19 14:53:02,185] multiqc                                            [DEBUG  ]  No samples found: sortmerna
[2019-11-19 14:53:02,189] multiqc                                            [DEBUG  ]  No samples found: biobloomtools
[2019-11-19 14:53:02,193] multiqc                                            [DEBUG  ]  No samples found: fastq_screen
[2019-11-19 14:53:02,197] multiqc                                            [DEBUG  ]  No samples found: afterqc
[2019-11-19 14:53:02,202] multiqc                                            [DEBUG  ]  No samples found: fastp
[2019-11-19 14:53:02,210] multiqc.modules.fastqc.fastqc                      [INFO   ]  Found 1 reports
[2019-11-19 14:53:02,253] multiqc                                            [DEBUG  ]  No samples found: minionqc
[2019-11-19 14:53:02,257] multiqc                                            [DEBUG  ]  No samples found: clusterflow
[2019-11-19 14:53:02,262] multiqc                                            [DEBUG  ]  No samples found: bcl2fastq
[2019-11-19 14:53:02,266] multiqc                                            [DEBUG  ]  No samples found: interop
[2019-11-19 14:53:02,271] multiqc                                            [DEBUG  ]  No samples found: flash
[2019-11-19 14:53:02,273] multiqc                                            [INFO   ]  Compressing plot data
[2019-11-19 14:53:02,301] multiqc                                            [INFO   ]  Report      : ../../../../../../../data/multiqc_report.html
[2019-11-19 14:53:02,301] multiqc                                            [INFO   ]  Data        : ../../../../../../../data/multiqc_data
[2019-11-19 14:53:02,301] multiqc                                            [DEBUG  ]  Moving data file from '/tmp/tmp3ukgx4pd/multiqc_data/multiqc_general_stats.txt' to '/data/multiqc_data'
[2019-11-19 14:53:02,302] multiqc                                            [DEBUG  ]  Moving data file from '/tmp/tmp3ukgx4pd/multiqc_data/multiqc_fastqc.txt' to '/data/multiqc_data'
[2019-11-19 14:53:02,302] multiqc                                            [DEBUG  ]  Moving data file from '/tmp/tmp3ukgx4pd/multiqc_data/multiqc_data.json' to '/data/multiqc_data'
[2019-11-19 14:53:02,303] multiqc                                            [DEBUG  ]  Moving data file from '/tmp/tmp3ukgx4pd/multiqc_data/multiqc_sources.txt' to '/data/multiqc_data'
[2019-11-19 14:53:02,436] multiqc                                            [INFO   ]  MultiQC complete
