[2019-11-19 09:40:45,062] multiqc                                            [DEBUG  ]  No MultiQC config found: /usr/lib/python3.6/site-packages/multiqc-1.7-py3.6.egg/multiqc_config.yaml
[2019-11-19 09:40:45,062] multiqc                                            [DEBUG  ]  No MultiQC config found: /root/.multiqc_config.yaml
[2019-11-19 09:40:45,062] multiqc                                            [DEBUG  ]  No MultiQC config found: multiqc_config.yaml
[2019-11-19 09:40:45,062] multiqc                                            [DEBUG  ]  Command used: /usr/bin/multiqc /data/HG00102.mapped.SOLID.bfast.GBR.low_coverage.20101123_fastqc.zip -o /data
[2019-11-19 09:40:46,905] multiqc                                            [DEBUG  ]  Latest MultiQC version is v1.7
[2019-11-19 09:40:46,905] multiqc                                            [INFO   ]  This is MultiQC v1.7
[2019-11-19 09:40:46,905] multiqc                                            [DEBUG  ]  Command     : /usr/bin/multiqc /data/HG00102.mapped.SOLID.bfast.GBR.low_coverage.20101123_fastqc.zip -o /data
[2019-11-19 09:40:46,905] multiqc                                            [DEBUG  ]  Working dir : /var/lib/toil/toil-9b56b740-ccba-4b13-b998-c6aabca34938-69d14ae953f0400cbe6f0dc87a7486c9/tmpx7le5S/cf664199-4677-43ad-9670-ac00e31f3af3/t2U2dtz
[2019-11-19 09:40:46,905] multiqc                                            [INFO   ]  Template    : default
[2019-11-19 09:40:46,905] multiqc                                            [INFO   ]  Searching '/data/HG00102.mapped.SOLID.bfast.GBR.low_coverage.20101123_fastqc.zip'
[2019-11-19 09:40:46,906] multiqc                                            [DEBUG  ]  Analysing modules: custom_content, conpair, peddy, methylQA, phantompeakqualtools, qualimap, preseq, quast, qorts, rna_seqc, rsem, rseqc, busco, goleft_indexcov, disambiguate, supernova, deeptools, sargasso, verifybamid, mirtrace, happy, homer, macs2, theta2, snpeff, gatk, htseq, bcftools, featureCounts, dedup, damageprofiler, picard, prokka, samblaster, samtools, bamtools, jellyfish, vcftools, longranger, stacks, bbmap, bismark, biscuit, hicexplorer, hicup, hicpro, salmon, kallisto, slamdunk, star, hisat2, tophat, bowtie2, bowtie1, kat, leehom, adapterRemoval, clipandmerge, cutadapt, flexbar, trimmomatic, skewer, sortmerna, biobloomtools, fastq_screen, afterqc, fastp, fastqc, minionqc, clusterflow, bcl2fastq, interop, flash
[2019-11-19 09:40:46,906] multiqc                                            [DEBUG  ]  Using temporary directory for creating report: /tmp/tmpcyn0murr
[2019-11-19 09:40:47,594] multiqc                                            [DEBUG  ]  No samples found: custom_content
[2019-11-19 09:40:47,598] multiqc                                            [DEBUG  ]  No samples found: conpair
[2019-11-19 09:40:47,602] multiqc                                            [DEBUG  ]  No samples found: peddy
[2019-11-19 09:40:47,607] multiqc                                            [DEBUG  ]  No samples found: methylQA
[2019-11-19 09:40:47,611] multiqc                                            [DEBUG  ]  No samples found: phantompeakqualtools
[2019-11-19 09:40:47,617] multiqc                                            [DEBUG  ]  No samples found: qualimap
[2019-11-19 09:40:47,621] multiqc                                            [DEBUG  ]  No samples found: preseq
[2019-11-19 09:40:47,625] multiqc                                            [DEBUG  ]  No samples found: quast
[2019-11-19 09:40:47,629] multiqc                                            [DEBUG  ]  No samples found: qorts
[2019-11-19 09:40:47,633] multiqc                                            [DEBUG  ]  No samples found: rna_seqc
[2019-11-19 09:40:47,637] multiqc                                            [DEBUG  ]  No samples found: rsem
[2019-11-19 09:40:47,645] multiqc                                            [DEBUG  ]  No samples found: rseqc
[2019-11-19 09:40:47,650] multiqc                                            [DEBUG  ]  No samples found: busco
[2019-11-19 09:40:47,654] multiqc                                            [DEBUG  ]  No samples found: goleft_indexcov
[2019-11-19 09:40:47,658] multiqc                                            [DEBUG  ]  No samples found: disambiguate
[2019-11-19 09:40:47,662] multiqc                                            [DEBUG  ]  No samples found: supernova
[2019-11-19 09:40:47,670] multiqc                                            [DEBUG  ]  No samples found: deeptools
[2019-11-19 09:40:47,675] multiqc                                            [DEBUG  ]  No samples found: sargasso
[2019-11-19 09:40:47,679] multiqc                                            [DEBUG  ]  No samples found: verifybamid
[2019-11-19 09:40:47,683] multiqc                                            [DEBUG  ]  No samples found: mirtrace
[2019-11-19 09:40:47,687] multiqc                                            [DEBUG  ]  No samples found: happy
[2019-11-19 09:40:47,692] multiqc                                            [DEBUG  ]  No samples found: homer
[2019-11-19 09:40:47,696] multiqc                                            [DEBUG  ]  No samples found: macs2
[2019-11-19 09:40:47,701] multiqc                                            [DEBUG  ]  No samples found: theta2
[2019-11-19 09:40:47,705] multiqc                                            [DEBUG  ]  No samples found: snpeff
[2019-11-19 09:40:47,710] multiqc                                            [DEBUG  ]  No samples found: gatk
[2019-11-19 09:40:47,714] multiqc                                            [DEBUG  ]  No samples found: htseq
[2019-11-19 09:40:47,719] multiqc                                            [DEBUG  ]  No samples found: bcftools
[2019-11-19 09:40:47,723] multiqc                                            [DEBUG  ]  No samples found: featureCounts
[2019-11-19 09:40:47,727] multiqc                                            [DEBUG  ]  No samples found: dedup
[2019-11-19 09:40:47,731] multiqc                                            [DEBUG  ]  No samples found: damageprofiler
[2019-11-19 09:40:47,743] multiqc                                            [DEBUG  ]  No samples found: picard
[2019-11-19 09:40:47,749] multiqc                                            [DEBUG  ]  No samples found: prokka
[2019-11-19 09:40:47,753] multiqc                                            [DEBUG  ]  No samples found: samblaster
[2019-11-19 09:40:47,760] multiqc                                            [DEBUG  ]  No samples found: samtools
[2019-11-19 09:40:47,764] multiqc                                            [DEBUG  ]  No samples found: bamtools
[2019-11-19 09:40:47,768] multiqc                                            [DEBUG  ]  No samples found: jellyfish
[2019-11-19 09:40:47,774] multiqc                                            [DEBUG  ]  No samples found: vcftools
[2019-11-19 09:40:47,778] multiqc                                            [DEBUG  ]  No samples found: longranger
[2019-11-19 09:40:47,782] multiqc                                            [DEBUG  ]  No samples found: stacks
[2019-11-19 09:40:47,792] multiqc                                            [DEBUG  ]  No samples found: bbmap
[2019-11-19 09:40:47,796] multiqc                                            [DEBUG  ]  No samples found: bismark
[2019-11-19 09:40:47,801] multiqc                                            [DEBUG  ]  No samples found: biscuit
[2019-11-19 09:40:47,805] multiqc                                            [DEBUG  ]  No samples found: hicexplorer
[2019-11-19 09:40:47,809] multiqc                                            [DEBUG  ]  No samples found: hicup
[2019-11-19 09:40:47,813] multiqc                                            [DEBUG  ]  No samples found: hicpro
[2019-11-19 09:40:47,817] multiqc                                            [DEBUG  ]  No samples found: salmon
[2019-11-19 09:40:47,821] multiqc                                            [DEBUG  ]  No samples found: kallisto
[2019-11-19 09:40:47,825] multiqc                                            [DEBUG  ]  No samples found: slamdunk
[2019-11-19 09:40:47,829] multiqc                                            [DEBUG  ]  No samples found: star
[2019-11-19 09:40:47,833] multiqc                                            [DEBUG  ]  No samples found: hisat2
[2019-11-19 09:40:47,837] multiqc                                            [DEBUG  ]  No samples found: tophat
[2019-11-19 09:40:47,841] multiqc                                            [DEBUG  ]  No samples found: bowtie2
[2019-11-19 09:40:47,845] multiqc                                            [DEBUG  ]  No samples found: bowtie1
[2019-11-19 09:40:47,849] multiqc                                            [DEBUG  ]  No samples found: kat
[2019-11-19 09:40:47,853] multiqc                                            [DEBUG  ]  No samples found: leehom
[2019-11-19 09:40:47,857] multiqc                                            [DEBUG  ]  No samples found: adapterRemoval
[2019-11-19 09:40:47,861] multiqc                                            [DEBUG  ]  No samples found: clipandmerge
[2019-11-19 09:40:47,866] multiqc                                            [DEBUG  ]  No samples found: cutadapt
[2019-11-19 09:40:47,871] multiqc                                            [DEBUG  ]  No samples found: flexbar
[2019-11-19 09:40:47,875] multiqc                                            [DEBUG  ]  No samples found: trimmomatic
[2019-11-19 09:40:47,879] multiqc                                            [DEBUG  ]  No samples found: skewer
[2019-11-19 09:40:47,883] multiqc                                            [DEBUG  ]  No samples found: sortmerna
[2019-11-19 09:40:47,889] multiqc                                            [DEBUG  ]  No samples found: biobloomtools
[2019-11-19 09:40:47,893] multiqc                                            [DEBUG  ]  No samples found: fastq_screen
[2019-11-19 09:40:47,897] multiqc                                            [DEBUG  ]  No samples found: afterqc
[2019-11-19 09:40:47,901] multiqc                                            [DEBUG  ]  No samples found: fastp
[2019-11-19 09:40:47,908] multiqc.modules.fastqc.fastqc                      [INFO   ]  Found 1 reports
[2019-11-19 09:40:47,950] multiqc                                            [DEBUG  ]  No samples found: minionqc
[2019-11-19 09:40:47,954] multiqc                                            [DEBUG  ]  No samples found: clusterflow
[2019-11-19 09:40:47,958] multiqc                                            [DEBUG  ]  No samples found: bcl2fastq
[2019-11-19 09:40:47,962] multiqc                                            [DEBUG  ]  No samples found: interop
[2019-11-19 09:40:47,966] multiqc                                            [DEBUG  ]  No samples found: flash
[2019-11-19 09:40:47,969] multiqc                                            [INFO   ]  Compressing plot data
[2019-11-19 09:40:47,995] multiqc                                            [INFO   ]  Report      : ../../../../../../../data/multiqc_report.html
[2019-11-19 09:40:47,995] multiqc                                            [INFO   ]  Data        : ../../../../../../../data/multiqc_data
[2019-11-19 09:40:47,996] multiqc                                            [DEBUG  ]  Moving data file from '/tmp/tmpcyn0murr/multiqc_data/multiqc_general_stats.txt' to '/data/multiqc_data'
[2019-11-19 09:40:47,996] multiqc                                            [DEBUG  ]  Moving data file from '/tmp/tmpcyn0murr/multiqc_data/multiqc_fastqc.txt' to '/data/multiqc_data'
[2019-11-19 09:40:47,996] multiqc                                            [DEBUG  ]  Moving data file from '/tmp/tmpcyn0murr/multiqc_data/multiqc_data.json' to '/data/multiqc_data'
[2019-11-19 09:40:47,997] multiqc                                            [DEBUG  ]  Moving data file from '/tmp/tmpcyn0murr/multiqc_data/multiqc_sources.txt' to '/data/multiqc_data'
[2019-11-19 09:40:48,120] multiqc                                            [INFO   ]  MultiQC complete
