[2019-11-19 07:07:01,864] multiqc                                            [DEBUG  ]  No MultiQC config found: /usr/lib/python3.6/site-packages/multiqc-1.7-py3.6.egg/multiqc_config.yaml
[2019-11-19 07:07:01,864] multiqc                                            [DEBUG  ]  No MultiQC config found: /root/.multiqc_config.yaml
[2019-11-19 07:07:01,864] multiqc                                            [DEBUG  ]  No MultiQC config found: multiqc_config.yaml
[2019-11-19 07:07:01,864] multiqc                                            [DEBUG  ]  Command used: /usr/bin/multiqc /data/HG00112.unmapped.ILLUMINA.bwa.GBR.low_coverage.20101123_fastqc.zip -o /data
[2019-11-19 07:07:03,770] multiqc                                            [DEBUG  ]  Latest MultiQC version is v1.7
[2019-11-19 07:07:03,770] multiqc                                            [INFO   ]  This is MultiQC v1.7
[2019-11-19 07:07:03,770] multiqc                                            [DEBUG  ]  Command     : /usr/bin/multiqc /data/HG00112.unmapped.ILLUMINA.bwa.GBR.low_coverage.20101123_fastqc.zip -o /data
[2019-11-19 07:07:03,770] multiqc                                            [DEBUG  ]  Working dir : /var/lib/toil/toil-9b56b740-ccba-4b13-b998-c6aabca34938-69d14ae953f0400cbe6f0dc87a7486c9/tmpSdZe0B/1978bf90-6992-47e7-8c89-0d62354afb6e/tK5nM5t
[2019-11-19 07:07:03,770] multiqc                                            [INFO   ]  Template    : default
[2019-11-19 07:07:03,770] multiqc                                            [INFO   ]  Searching '/data/HG00112.unmapped.ILLUMINA.bwa.GBR.low_coverage.20101123_fastqc.zip'
[2019-11-19 07:07:03,771] multiqc                                            [DEBUG  ]  Analysing modules: custom_content, conpair, peddy, methylQA, phantompeakqualtools, qualimap, preseq, quast, qorts, rna_seqc, rsem, rseqc, busco, goleft_indexcov, disambiguate, supernova, deeptools, sargasso, verifybamid, mirtrace, happy, homer, macs2, theta2, snpeff, gatk, htseq, bcftools, featureCounts, dedup, damageprofiler, picard, prokka, samblaster, samtools, bamtools, jellyfish, vcftools, longranger, stacks, bbmap, bismark, biscuit, hicexplorer, hicup, hicpro, salmon, kallisto, slamdunk, star, hisat2, tophat, bowtie2, bowtie1, kat, leehom, adapterRemoval, clipandmerge, cutadapt, flexbar, trimmomatic, skewer, sortmerna, biobloomtools, fastq_screen, afterqc, fastp, fastqc, minionqc, clusterflow, bcl2fastq, interop, flash
[2019-11-19 07:07:03,771] multiqc                                            [DEBUG  ]  Using temporary directory for creating report: /tmp/tmpoe9m_yxq
[2019-11-19 07:07:04,430] multiqc                                            [DEBUG  ]  No samples found: custom_content
[2019-11-19 07:07:04,434] multiqc                                            [DEBUG  ]  No samples found: conpair
[2019-11-19 07:07:04,437] multiqc                                            [DEBUG  ]  No samples found: peddy
[2019-11-19 07:07:04,441] multiqc                                            [DEBUG  ]  No samples found: methylQA
[2019-11-19 07:07:04,444] multiqc                                            [DEBUG  ]  No samples found: phantompeakqualtools
[2019-11-19 07:07:04,449] multiqc                                            [DEBUG  ]  No samples found: qualimap
[2019-11-19 07:07:04,453] multiqc                                            [DEBUG  ]  No samples found: preseq
[2019-11-19 07:07:04,457] multiqc                                            [DEBUG  ]  No samples found: quast
[2019-11-19 07:07:04,460] multiqc                                            [DEBUG  ]  No samples found: qorts
[2019-11-19 07:07:04,464] multiqc                                            [DEBUG  ]  No samples found: rna_seqc
[2019-11-19 07:07:04,467] multiqc                                            [DEBUG  ]  No samples found: rsem
[2019-11-19 07:07:04,475] multiqc                                            [DEBUG  ]  No samples found: rseqc
[2019-11-19 07:07:04,479] multiqc                                            [DEBUG  ]  No samples found: busco
[2019-11-19 07:07:04,482] multiqc                                            [DEBUG  ]  No samples found: goleft_indexcov
[2019-11-19 07:07:04,486] multiqc                                            [DEBUG  ]  No samples found: disambiguate
[2019-11-19 07:07:04,489] multiqc                                            [DEBUG  ]  No samples found: supernova
[2019-11-19 07:07:04,496] multiqc                                            [DEBUG  ]  No samples found: deeptools
[2019-11-19 07:07:04,500] multiqc                                            [DEBUG  ]  No samples found: sargasso
[2019-11-19 07:07:04,503] multiqc                                            [DEBUG  ]  No samples found: verifybamid
[2019-11-19 07:07:04,507] multiqc                                            [DEBUG  ]  No samples found: mirtrace
[2019-11-19 07:07:04,510] multiqc                                            [DEBUG  ]  No samples found: happy
[2019-11-19 07:07:04,515] multiqc                                            [DEBUG  ]  No samples found: homer
[2019-11-19 07:07:04,519] multiqc                                            [DEBUG  ]  No samples found: macs2
[2019-11-19 07:07:04,523] multiqc                                            [DEBUG  ]  No samples found: theta2
[2019-11-19 07:07:04,526] multiqc                                            [DEBUG  ]  No samples found: snpeff
[2019-11-19 07:07:04,532] multiqc                                            [DEBUG  ]  No samples found: gatk
[2019-11-19 07:07:04,535] multiqc                                            [DEBUG  ]  No samples found: htseq
[2019-11-19 07:07:04,539] multiqc                                            [DEBUG  ]  No samples found: bcftools
[2019-11-19 07:07:04,543] multiqc                                            [DEBUG  ]  No samples found: featureCounts
[2019-11-19 07:07:04,546] multiqc                                            [DEBUG  ]  No samples found: dedup
[2019-11-19 07:07:04,550] multiqc                                            [DEBUG  ]  No samples found: damageprofiler
[2019-11-19 07:07:04,559] multiqc                                            [DEBUG  ]  No samples found: picard
[2019-11-19 07:07:04,563] multiqc                                            [DEBUG  ]  No samples found: prokka
[2019-11-19 07:07:04,566] multiqc                                            [DEBUG  ]  No samples found: samblaster
[2019-11-19 07:07:04,572] multiqc                                            [DEBUG  ]  No samples found: samtools
[2019-11-19 07:07:04,576] multiqc                                            [DEBUG  ]  No samples found: bamtools
[2019-11-19 07:07:04,579] multiqc                                            [DEBUG  ]  No samples found: jellyfish
[2019-11-19 07:07:04,584] multiqc                                            [DEBUG  ]  No samples found: vcftools
[2019-11-19 07:07:04,588] multiqc                                            [DEBUG  ]  No samples found: longranger
[2019-11-19 07:07:04,591] multiqc                                            [DEBUG  ]  No samples found: stacks
[2019-11-19 07:07:04,601] multiqc                                            [DEBUG  ]  No samples found: bbmap
[2019-11-19 07:07:04,604] multiqc                                            [DEBUG  ]  No samples found: bismark
[2019-11-19 07:07:04,609] multiqc                                            [DEBUG  ]  No samples found: biscuit
[2019-11-19 07:07:04,613] multiqc                                            [DEBUG  ]  No samples found: hicexplorer
[2019-11-19 07:07:04,616] multiqc                                            [DEBUG  ]  No samples found: hicup
[2019-11-19 07:07:04,620] multiqc                                            [DEBUG  ]  No samples found: hicpro
[2019-11-19 07:07:04,623] multiqc                                            [DEBUG  ]  No samples found: salmon
[2019-11-19 07:07:04,627] multiqc                                            [DEBUG  ]  No samples found: kallisto
[2019-11-19 07:07:04,630] multiqc                                            [DEBUG  ]  No samples found: slamdunk
[2019-11-19 07:07:04,635] multiqc                                            [DEBUG  ]  No samples found: star
[2019-11-19 07:07:04,639] multiqc                                            [DEBUG  ]  No samples found: hisat2
[2019-11-19 07:07:04,642] multiqc                                            [DEBUG  ]  No samples found: tophat
[2019-11-19 07:07:04,646] multiqc                                            [DEBUG  ]  No samples found: bowtie2
[2019-11-19 07:07:04,649] multiqc                                            [DEBUG  ]  No samples found: bowtie1
[2019-11-19 07:07:04,652] multiqc                                            [DEBUG  ]  No samples found: kat
[2019-11-19 07:07:04,656] multiqc                                            [DEBUG  ]  No samples found: leehom
[2019-11-19 07:07:04,659] multiqc                                            [DEBUG  ]  No samples found: adapterRemoval
[2019-11-19 07:07:04,663] multiqc                                            [DEBUG  ]  No samples found: clipandmerge
[2019-11-19 07:07:04,666] multiqc                                            [DEBUG  ]  No samples found: cutadapt
[2019-11-19 07:07:04,670] multiqc                                            [DEBUG  ]  No samples found: flexbar
[2019-11-19 07:07:04,673] multiqc                                            [DEBUG  ]  No samples found: trimmomatic
[2019-11-19 07:07:04,676] multiqc                                            [DEBUG  ]  No samples found: skewer
[2019-11-19 07:07:04,680] multiqc                                            [DEBUG  ]  No samples found: sortmerna
[2019-11-19 07:07:04,683] multiqc                                            [DEBUG  ]  No samples found: biobloomtools
[2019-11-19 07:07:04,687] multiqc                                            [DEBUG  ]  No samples found: fastq_screen
[2019-11-19 07:07:04,690] multiqc                                            [DEBUG  ]  No samples found: afterqc
[2019-11-19 07:07:04,694] multiqc                                            [DEBUG  ]  No samples found: fastp
[2019-11-19 07:07:04,701] multiqc.modules.fastqc.fastqc                      [INFO   ]  Found 1 reports
[2019-11-19 07:07:04,753] multiqc                                            [DEBUG  ]  No samples found: minionqc
[2019-11-19 07:07:04,757] multiqc                                            [DEBUG  ]  No samples found: clusterflow
[2019-11-19 07:07:04,761] multiqc                                            [DEBUG  ]  No samples found: bcl2fastq
[2019-11-19 07:07:04,764] multiqc                                            [DEBUG  ]  No samples found: interop
[2019-11-19 07:07:04,768] multiqc                                            [DEBUG  ]  No samples found: flash
[2019-11-19 07:07:04,771] multiqc                                            [INFO   ]  Compressing plot data
[2019-11-19 07:07:04,803] multiqc                                            [INFO   ]  Report      : ../../../../../../../data/multiqc_report.html
[2019-11-19 07:07:04,803] multiqc                                            [INFO   ]  Data        : ../../../../../../../data/multiqc_data
[2019-11-19 07:07:04,803] multiqc                                            [DEBUG  ]  Moving data file from '/tmp/tmpoe9m_yxq/multiqc_data/multiqc_general_stats.txt' to '/data/multiqc_data'
[2019-11-19 07:07:04,804] multiqc                                            [DEBUG  ]  Moving data file from '/tmp/tmpoe9m_yxq/multiqc_data/multiqc_fastqc.txt' to '/data/multiqc_data'
[2019-11-19 07:07:04,804] multiqc                                            [DEBUG  ]  Moving data file from '/tmp/tmpoe9m_yxq/multiqc_data/multiqc_data.json' to '/data/multiqc_data'
[2019-11-19 07:07:04,804] multiqc                                            [DEBUG  ]  Moving data file from '/tmp/tmpoe9m_yxq/multiqc_data/multiqc_sources.txt' to '/data/multiqc_data'
[2019-11-19 07:07:04,925] multiqc                                            [INFO   ]  MultiQC complete
