[2019-11-19 10:09:21,211] multiqc                                            [DEBUG  ]  No MultiQC config found: /usr/lib/python3.6/site-packages/multiqc-1.7-py3.6.egg/multiqc_config.yaml
[2019-11-19 10:09:21,211] multiqc                                            [DEBUG  ]  No MultiQC config found: /root/.multiqc_config.yaml
[2019-11-19 10:09:21,212] multiqc                                            [DEBUG  ]  No MultiQC config found: multiqc_config.yaml
[2019-11-19 10:09:21,212] multiqc                                            [DEBUG  ]  Command used: /usr/bin/multiqc /data/HG00122.mapped.ILLUMINA.bwa.GBR.low_coverage.20101123_fastqc.zip -o /data
[2019-11-19 10:09:22,994] multiqc                                            [DEBUG  ]  Latest MultiQC version is v1.7
[2019-11-19 10:09:22,994] multiqc                                            [INFO   ]  This is MultiQC v1.7
[2019-11-19 10:09:22,994] multiqc                                            [DEBUG  ]  Command     : /usr/bin/multiqc /data/HG00122.mapped.ILLUMINA.bwa.GBR.low_coverage.20101123_fastqc.zip -o /data
[2019-11-19 10:09:22,994] multiqc                                            [DEBUG  ]  Working dir : /var/lib/toil/toil-9b56b740-ccba-4b13-b998-c6aabca34938-69d14ae953f0400cbe6f0dc87a7486c9/tmpb2pVMj/9f4e7bb0-e3f7-4a9c-a8a5-ef9460b0768a/tTc2L7e
[2019-11-19 10:09:22,995] multiqc                                            [INFO   ]  Template    : default
[2019-11-19 10:09:22,995] multiqc                                            [INFO   ]  Searching '/data/HG00122.mapped.ILLUMINA.bwa.GBR.low_coverage.20101123_fastqc.zip'
[2019-11-19 10:09:22,995] multiqc                                            [DEBUG  ]  Analysing modules: custom_content, conpair, peddy, methylQA, phantompeakqualtools, qualimap, preseq, quast, qorts, rna_seqc, rsem, rseqc, busco, goleft_indexcov, disambiguate, supernova, deeptools, sargasso, verifybamid, mirtrace, happy, homer, macs2, theta2, snpeff, gatk, htseq, bcftools, featureCounts, dedup, damageprofiler, picard, prokka, samblaster, samtools, bamtools, jellyfish, vcftools, longranger, stacks, bbmap, bismark, biscuit, hicexplorer, hicup, hicpro, salmon, kallisto, slamdunk, star, hisat2, tophat, bowtie2, bowtie1, kat, leehom, adapterRemoval, clipandmerge, cutadapt, flexbar, trimmomatic, skewer, sortmerna, biobloomtools, fastq_screen, afterqc, fastp, fastqc, minionqc, clusterflow, bcl2fastq, interop, flash
[2019-11-19 10:09:22,995] multiqc                                            [DEBUG  ]  Using temporary directory for creating report: /tmp/tmptb25vtuq
[2019-11-19 10:09:23,742] multiqc                                            [DEBUG  ]  No samples found: custom_content
[2019-11-19 10:09:23,747] multiqc                                            [DEBUG  ]  No samples found: conpair
[2019-11-19 10:09:23,752] multiqc                                            [DEBUG  ]  No samples found: peddy
[2019-11-19 10:09:23,756] multiqc                                            [DEBUG  ]  No samples found: methylQA
[2019-11-19 10:09:23,760] multiqc                                            [DEBUG  ]  No samples found: phantompeakqualtools
[2019-11-19 10:09:23,766] multiqc                                            [DEBUG  ]  No samples found: qualimap
[2019-11-19 10:09:23,770] multiqc                                            [DEBUG  ]  No samples found: preseq
[2019-11-19 10:09:23,775] multiqc                                            [DEBUG  ]  No samples found: quast
[2019-11-19 10:09:23,780] multiqc                                            [DEBUG  ]  No samples found: qorts
[2019-11-19 10:09:23,784] multiqc                                            [DEBUG  ]  No samples found: rna_seqc
[2019-11-19 10:09:23,789] multiqc                                            [DEBUG  ]  No samples found: rsem
[2019-11-19 10:09:23,799] multiqc                                            [DEBUG  ]  No samples found: rseqc
[2019-11-19 10:09:23,804] multiqc                                            [DEBUG  ]  No samples found: busco
[2019-11-19 10:09:23,811] multiqc                                            [DEBUG  ]  No samples found: goleft_indexcov
[2019-11-19 10:09:23,816] multiqc                                            [DEBUG  ]  No samples found: disambiguate
[2019-11-19 10:09:23,821] multiqc                                            [DEBUG  ]  No samples found: supernova
[2019-11-19 10:09:23,831] multiqc                                            [DEBUG  ]  No samples found: deeptools
[2019-11-19 10:09:23,835] multiqc                                            [DEBUG  ]  No samples found: sargasso
[2019-11-19 10:09:23,840] multiqc                                            [DEBUG  ]  No samples found: verifybamid
[2019-11-19 10:09:23,846] multiqc                                            [DEBUG  ]  No samples found: mirtrace
[2019-11-19 10:09:23,853] multiqc                                            [DEBUG  ]  No samples found: happy
[2019-11-19 10:09:23,860] multiqc                                            [DEBUG  ]  No samples found: homer
[2019-11-19 10:09:23,864] multiqc                                            [DEBUG  ]  No samples found: macs2
[2019-11-19 10:09:23,868] multiqc                                            [DEBUG  ]  No samples found: theta2
[2019-11-19 10:09:23,873] multiqc                                            [DEBUG  ]  No samples found: snpeff
[2019-11-19 10:09:23,879] multiqc                                            [DEBUG  ]  No samples found: gatk
[2019-11-19 10:09:23,883] multiqc                                            [DEBUG  ]  No samples found: htseq
[2019-11-19 10:09:23,888] multiqc                                            [DEBUG  ]  No samples found: bcftools
[2019-11-19 10:09:23,892] multiqc                                            [DEBUG  ]  No samples found: featureCounts
[2019-11-19 10:09:23,896] multiqc                                            [DEBUG  ]  No samples found: dedup
[2019-11-19 10:09:23,900] multiqc                                            [DEBUG  ]  No samples found: damageprofiler
[2019-11-19 10:09:23,911] multiqc                                            [DEBUG  ]  No samples found: picard
[2019-11-19 10:09:23,918] multiqc                                            [DEBUG  ]  No samples found: prokka
[2019-11-19 10:09:23,922] multiqc                                            [DEBUG  ]  No samples found: samblaster
[2019-11-19 10:09:23,929] multiqc                                            [DEBUG  ]  No samples found: samtools
[2019-11-19 10:09:23,933] multiqc                                            [DEBUG  ]  No samples found: bamtools
[2019-11-19 10:09:23,938] multiqc                                            [DEBUG  ]  No samples found: jellyfish
[2019-11-19 10:09:23,944] multiqc                                            [DEBUG  ]  No samples found: vcftools
[2019-11-19 10:09:23,949] multiqc                                            [DEBUG  ]  No samples found: longranger
[2019-11-19 10:09:23,954] multiqc                                            [DEBUG  ]  No samples found: stacks
[2019-11-19 10:09:23,965] multiqc                                            [DEBUG  ]  No samples found: bbmap
[2019-11-19 10:09:23,969] multiqc                                            [DEBUG  ]  No samples found: bismark
[2019-11-19 10:09:23,975] multiqc                                            [DEBUG  ]  No samples found: biscuit
[2019-11-19 10:09:23,979] multiqc                                            [DEBUG  ]  No samples found: hicexplorer
[2019-11-19 10:09:23,984] multiqc                                            [DEBUG  ]  No samples found: hicup
[2019-11-19 10:09:23,988] multiqc                                            [DEBUG  ]  No samples found: hicpro
[2019-11-19 10:09:23,993] multiqc                                            [DEBUG  ]  No samples found: salmon
[2019-11-19 10:09:23,997] multiqc                                            [DEBUG  ]  No samples found: kallisto
[2019-11-19 10:09:24,002] multiqc                                            [DEBUG  ]  No samples found: slamdunk
[2019-11-19 10:09:24,006] multiqc                                            [DEBUG  ]  No samples found: star
[2019-11-19 10:09:24,010] multiqc                                            [DEBUG  ]  No samples found: hisat2
[2019-11-19 10:09:24,016] multiqc                                            [DEBUG  ]  No samples found: tophat
[2019-11-19 10:09:24,020] multiqc                                            [DEBUG  ]  No samples found: bowtie2
[2019-11-19 10:09:24,024] multiqc                                            [DEBUG  ]  No samples found: bowtie1
[2019-11-19 10:09:24,029] multiqc                                            [DEBUG  ]  No samples found: kat
[2019-11-19 10:09:24,033] multiqc                                            [DEBUG  ]  No samples found: leehom
[2019-11-19 10:09:24,037] multiqc                                            [DEBUG  ]  No samples found: adapterRemoval
[2019-11-19 10:09:24,042] multiqc                                            [DEBUG  ]  No samples found: clipandmerge
[2019-11-19 10:09:24,046] multiqc                                            [DEBUG  ]  No samples found: cutadapt
[2019-11-19 10:09:24,050] multiqc                                            [DEBUG  ]  No samples found: flexbar
[2019-11-19 10:09:24,054] multiqc                                            [DEBUG  ]  No samples found: trimmomatic
[2019-11-19 10:09:24,059] multiqc                                            [DEBUG  ]  No samples found: skewer
[2019-11-19 10:09:24,065] multiqc                                            [DEBUG  ]  No samples found: sortmerna
[2019-11-19 10:09:24,072] multiqc                                            [DEBUG  ]  No samples found: biobloomtools
[2019-11-19 10:09:24,078] multiqc                                            [DEBUG  ]  No samples found: fastq_screen
[2019-11-19 10:09:24,083] multiqc                                            [DEBUG  ]  No samples found: afterqc
[2019-11-19 10:09:24,089] multiqc                                            [DEBUG  ]  No samples found: fastp
[2019-11-19 10:09:24,098] multiqc.modules.fastqc.fastqc                      [INFO   ]  Found 1 reports
[2019-11-19 10:09:24,151] multiqc                                            [DEBUG  ]  No samples found: minionqc
[2019-11-19 10:09:24,157] multiqc                                            [DEBUG  ]  No samples found: clusterflow
[2019-11-19 10:09:24,162] multiqc                                            [DEBUG  ]  No samples found: bcl2fastq
[2019-11-19 10:09:24,166] multiqc                                            [DEBUG  ]  No samples found: interop
[2019-11-19 10:09:24,171] multiqc                                            [DEBUG  ]  No samples found: flash
[2019-11-19 10:09:24,173] multiqc                                            [INFO   ]  Compressing plot data
[2019-11-19 10:09:24,201] multiqc                                            [INFO   ]  Report      : ../../../../../../../data/multiqc_report.html
[2019-11-19 10:09:24,202] multiqc                                            [INFO   ]  Data        : ../../../../../../../data/multiqc_data
[2019-11-19 10:09:24,202] multiqc                                            [DEBUG  ]  Moving data file from '/tmp/tmptb25vtuq/multiqc_data/multiqc_general_stats.txt' to '/data/multiqc_data'
[2019-11-19 10:09:24,202] multiqc                                            [DEBUG  ]  Moving data file from '/tmp/tmptb25vtuq/multiqc_data/multiqc_fastqc.txt' to '/data/multiqc_data'
[2019-11-19 10:09:24,202] multiqc                                            [DEBUG  ]  Moving data file from '/tmp/tmptb25vtuq/multiqc_data/multiqc_data.json' to '/data/multiqc_data'
[2019-11-19 10:09:24,203] multiqc                                            [DEBUG  ]  Moving data file from '/tmp/tmptb25vtuq/multiqc_data/multiqc_sources.txt' to '/data/multiqc_data'
[2019-11-19 10:09:24,334] multiqc                                            [INFO   ]  MultiQC complete
