[2019-11-19 14:22:17,519] multiqc                                            [DEBUG  ]  No MultiQC config found: /usr/lib/python3.6/site-packages/multiqc-1.7-py3.6.egg/multiqc_config.yaml
[2019-11-19 14:22:17,519] multiqc                                            [DEBUG  ]  No MultiQC config found: /root/.multiqc_config.yaml
[2019-11-19 14:22:17,520] multiqc                                            [DEBUG  ]  No MultiQC config found: multiqc_config.yaml
[2019-11-19 14:22:17,520] multiqc                                            [DEBUG  ]  Command used: /usr/bin/multiqc /data/HG00189.mapped.ILLUMINA.bwa.FIN.low_coverage.20101123_fastqc.zip -o /data
[2019-11-19 14:22:19,288] multiqc                                            [DEBUG  ]  Latest MultiQC version is v1.7
[2019-11-19 14:22:19,288] multiqc                                            [INFO   ]  This is MultiQC v1.7
[2019-11-19 14:22:19,288] multiqc                                            [DEBUG  ]  Command     : /usr/bin/multiqc /data/HG00189.mapped.ILLUMINA.bwa.FIN.low_coverage.20101123_fastqc.zip -o /data
[2019-11-19 14:22:19,289] multiqc                                            [DEBUG  ]  Working dir : /var/lib/toil/toil-9b56b740-ccba-4b13-b998-c6aabca34938-69d14ae953f0400cbe6f0dc87a7486c9/tmpn97o3n/eab3279a-8485-4ec1-a97f-48cda7e3b689/tKnIQao
[2019-11-19 14:22:19,289] multiqc                                            [INFO   ]  Template    : default
[2019-11-19 14:22:19,289] multiqc                                            [INFO   ]  Searching '/data/HG00189.mapped.ILLUMINA.bwa.FIN.low_coverage.20101123_fastqc.zip'
[2019-11-19 14:22:19,289] multiqc                                            [DEBUG  ]  Analysing modules: custom_content, conpair, peddy, methylQA, phantompeakqualtools, qualimap, preseq, quast, qorts, rna_seqc, rsem, rseqc, busco, goleft_indexcov, disambiguate, supernova, deeptools, sargasso, verifybamid, mirtrace, happy, homer, macs2, theta2, snpeff, gatk, htseq, bcftools, featureCounts, dedup, damageprofiler, picard, prokka, samblaster, samtools, bamtools, jellyfish, vcftools, longranger, stacks, bbmap, bismark, biscuit, hicexplorer, hicup, hicpro, salmon, kallisto, slamdunk, star, hisat2, tophat, bowtie2, bowtie1, kat, leehom, adapterRemoval, clipandmerge, cutadapt, flexbar, trimmomatic, skewer, sortmerna, biobloomtools, fastq_screen, afterqc, fastp, fastqc, minionqc, clusterflow, bcl2fastq, interop, flash
[2019-11-19 14:22:19,289] multiqc                                            [DEBUG  ]  Using temporary directory for creating report: /tmp/tmpwz2d22bt
[2019-11-19 14:22:19,921] multiqc                                            [DEBUG  ]  No samples found: custom_content
[2019-11-19 14:22:19,925] multiqc                                            [DEBUG  ]  No samples found: conpair
[2019-11-19 14:22:19,929] multiqc                                            [DEBUG  ]  No samples found: peddy
[2019-11-19 14:22:19,933] multiqc                                            [DEBUG  ]  No samples found: methylQA
[2019-11-19 14:22:19,937] multiqc                                            [DEBUG  ]  No samples found: phantompeakqualtools
[2019-11-19 14:22:19,942] multiqc                                            [DEBUG  ]  No samples found: qualimap
[2019-11-19 14:22:19,946] multiqc                                            [DEBUG  ]  No samples found: preseq
[2019-11-19 14:22:19,950] multiqc                                            [DEBUG  ]  No samples found: quast
[2019-11-19 14:22:19,953] multiqc                                            [DEBUG  ]  No samples found: qorts
[2019-11-19 14:22:19,957] multiqc                                            [DEBUG  ]  No samples found: rna_seqc
[2019-11-19 14:22:19,961] multiqc                                            [DEBUG  ]  No samples found: rsem
[2019-11-19 14:22:19,968] multiqc                                            [DEBUG  ]  No samples found: rseqc
[2019-11-19 14:22:19,972] multiqc                                            [DEBUG  ]  No samples found: busco
[2019-11-19 14:22:19,976] multiqc                                            [DEBUG  ]  No samples found: goleft_indexcov
[2019-11-19 14:22:19,980] multiqc                                            [DEBUG  ]  No samples found: disambiguate
[2019-11-19 14:22:19,983] multiqc                                            [DEBUG  ]  No samples found: supernova
[2019-11-19 14:22:19,991] multiqc                                            [DEBUG  ]  No samples found: deeptools
[2019-11-19 14:22:19,995] multiqc                                            [DEBUG  ]  No samples found: sargasso
[2019-11-19 14:22:19,998] multiqc                                            [DEBUG  ]  No samples found: verifybamid
[2019-11-19 14:22:20,002] multiqc                                            [DEBUG  ]  No samples found: mirtrace
[2019-11-19 14:22:20,007] multiqc                                            [DEBUG  ]  No samples found: happy
[2019-11-19 14:22:20,013] multiqc                                            [DEBUG  ]  No samples found: homer
[2019-11-19 14:22:20,017] multiqc                                            [DEBUG  ]  No samples found: macs2
[2019-11-19 14:22:20,021] multiqc                                            [DEBUG  ]  No samples found: theta2
[2019-11-19 14:22:20,025] multiqc                                            [DEBUG  ]  No samples found: snpeff
[2019-11-19 14:22:20,030] multiqc                                            [DEBUG  ]  No samples found: gatk
[2019-11-19 14:22:20,035] multiqc                                            [DEBUG  ]  No samples found: htseq
[2019-11-19 14:22:20,039] multiqc                                            [DEBUG  ]  No samples found: bcftools
[2019-11-19 14:22:20,043] multiqc                                            [DEBUG  ]  No samples found: featureCounts
[2019-11-19 14:22:20,047] multiqc                                            [DEBUG  ]  No samples found: dedup
[2019-11-19 14:22:20,051] multiqc                                            [DEBUG  ]  No samples found: damageprofiler
[2019-11-19 14:22:20,060] multiqc                                            [DEBUG  ]  No samples found: picard
[2019-11-19 14:22:20,064] multiqc                                            [DEBUG  ]  No samples found: prokka
[2019-11-19 14:22:20,068] multiqc                                            [DEBUG  ]  No samples found: samblaster
[2019-11-19 14:22:20,073] multiqc                                            [DEBUG  ]  No samples found: samtools
[2019-11-19 14:22:20,077] multiqc                                            [DEBUG  ]  No samples found: bamtools
[2019-11-19 14:22:20,081] multiqc                                            [DEBUG  ]  No samples found: jellyfish
[2019-11-19 14:22:20,086] multiqc                                            [DEBUG  ]  No samples found: vcftools
[2019-11-19 14:22:20,090] multiqc                                            [DEBUG  ]  No samples found: longranger
[2019-11-19 14:22:20,094] multiqc                                            [DEBUG  ]  No samples found: stacks
[2019-11-19 14:22:20,103] multiqc                                            [DEBUG  ]  No samples found: bbmap
[2019-11-19 14:22:20,107] multiqc                                            [DEBUG  ]  No samples found: bismark
[2019-11-19 14:22:20,111] multiqc                                            [DEBUG  ]  No samples found: biscuit
[2019-11-19 14:22:20,115] multiqc                                            [DEBUG  ]  No samples found: hicexplorer
[2019-11-19 14:22:20,119] multiqc                                            [DEBUG  ]  No samples found: hicup
[2019-11-19 14:22:20,122] multiqc                                            [DEBUG  ]  No samples found: hicpro
[2019-11-19 14:22:20,126] multiqc                                            [DEBUG  ]  No samples found: salmon
[2019-11-19 14:22:20,130] multiqc                                            [DEBUG  ]  No samples found: kallisto
[2019-11-19 14:22:20,134] multiqc                                            [DEBUG  ]  No samples found: slamdunk
[2019-11-19 14:22:20,137] multiqc                                            [DEBUG  ]  No samples found: star
[2019-11-19 14:22:20,141] multiqc                                            [DEBUG  ]  No samples found: hisat2
[2019-11-19 14:22:20,145] multiqc                                            [DEBUG  ]  No samples found: tophat
[2019-11-19 14:22:20,150] multiqc                                            [DEBUG  ]  No samples found: bowtie2
[2019-11-19 14:22:20,155] multiqc                                            [DEBUG  ]  No samples found: bowtie1
[2019-11-19 14:22:20,159] multiqc                                            [DEBUG  ]  No samples found: kat
[2019-11-19 14:22:20,162] multiqc                                            [DEBUG  ]  No samples found: leehom
[2019-11-19 14:22:20,166] multiqc                                            [DEBUG  ]  No samples found: adapterRemoval
[2019-11-19 14:22:20,170] multiqc                                            [DEBUG  ]  No samples found: clipandmerge
[2019-11-19 14:22:20,174] multiqc                                            [DEBUG  ]  No samples found: cutadapt
[2019-11-19 14:22:20,177] multiqc                                            [DEBUG  ]  No samples found: flexbar
[2019-11-19 14:22:20,181] multiqc                                            [DEBUG  ]  No samples found: trimmomatic
[2019-11-19 14:22:20,185] multiqc                                            [DEBUG  ]  No samples found: skewer
[2019-11-19 14:22:20,189] multiqc                                            [DEBUG  ]  No samples found: sortmerna
[2019-11-19 14:22:20,192] multiqc                                            [DEBUG  ]  No samples found: biobloomtools
[2019-11-19 14:22:20,196] multiqc                                            [DEBUG  ]  No samples found: fastq_screen
[2019-11-19 14:22:20,200] multiqc                                            [DEBUG  ]  No samples found: afterqc
[2019-11-19 14:22:20,203] multiqc                                            [DEBUG  ]  No samples found: fastp
[2019-11-19 14:22:20,211] multiqc.modules.fastqc.fastqc                      [INFO   ]  Found 1 reports
[2019-11-19 14:22:20,261] multiqc                                            [DEBUG  ]  No samples found: minionqc
[2019-11-19 14:22:20,265] multiqc                                            [DEBUG  ]  No samples found: clusterflow
[2019-11-19 14:22:20,269] multiqc                                            [DEBUG  ]  No samples found: bcl2fastq
[2019-11-19 14:22:20,273] multiqc                                            [DEBUG  ]  No samples found: interop
[2019-11-19 14:22:20,277] multiqc                                            [DEBUG  ]  No samples found: flash
[2019-11-19 14:22:20,279] multiqc                                            [INFO   ]  Compressing plot data
[2019-11-19 14:22:20,307] multiqc                                            [INFO   ]  Report      : ../../../../../../../data/multiqc_report.html
[2019-11-19 14:22:20,307] multiqc                                            [INFO   ]  Data        : ../../../../../../../data/multiqc_data
[2019-11-19 14:22:20,307] multiqc                                            [DEBUG  ]  Moving data file from '/tmp/tmpwz2d22bt/multiqc_data/multiqc_general_stats.txt' to '/data/multiqc_data'
[2019-11-19 14:22:20,307] multiqc                                            [DEBUG  ]  Moving data file from '/tmp/tmpwz2d22bt/multiqc_data/multiqc_fastqc.txt' to '/data/multiqc_data'
[2019-11-19 14:22:20,307] multiqc                                            [DEBUG  ]  Moving data file from '/tmp/tmpwz2d22bt/multiqc_data/multiqc_data.json' to '/data/multiqc_data'
[2019-11-19 14:22:20,308] multiqc                                            [DEBUG  ]  Moving data file from '/tmp/tmpwz2d22bt/multiqc_data/multiqc_sources.txt' to '/data/multiqc_data'
[2019-11-19 14:22:20,423] multiqc                                            [INFO   ]  MultiQC complete
