[2019-11-19 14:54:17,541] multiqc                                            [DEBUG  ]  No MultiQC config found: /usr/lib/python3.6/site-packages/multiqc-1.7-py3.6.egg/multiqc_config.yaml
[2019-11-19 14:54:17,541] multiqc                                            [DEBUG  ]  No MultiQC config found: /root/.multiqc_config.yaml
[2019-11-19 14:54:17,541] multiqc                                            [DEBUG  ]  No MultiQC config found: multiqc_config.yaml
[2019-11-19 14:54:17,541] multiqc                                            [DEBUG  ]  Command used: /usr/bin/multiqc /data/HG00243.mapped.ILLUMINA.bwa.GBR.low_coverage.20101123_fastqc.zip -o /data
[2019-11-19 14:54:19,211] multiqc                                            [DEBUG  ]  Latest MultiQC version is v1.7
[2019-11-19 14:54:19,211] multiqc                                            [INFO   ]  This is MultiQC v1.7
[2019-11-19 14:54:19,212] multiqc                                            [DEBUG  ]  Command     : /usr/bin/multiqc /data/HG00243.mapped.ILLUMINA.bwa.GBR.low_coverage.20101123_fastqc.zip -o /data
[2019-11-19 14:54:19,212] multiqc                                            [DEBUG  ]  Working dir : /var/lib/toil/toil-9b56b740-ccba-4b13-b998-c6aabca34938-69d14ae953f0400cbe6f0dc87a7486c9/tmpD15pQU/adaa1816-efd4-45a1-ac98-6544d608d854/tNxc2lq
[2019-11-19 14:54:19,212] multiqc                                            [INFO   ]  Template    : default
[2019-11-19 14:54:19,212] multiqc                                            [INFO   ]  Searching '/data/HG00243.mapped.ILLUMINA.bwa.GBR.low_coverage.20101123_fastqc.zip'
[2019-11-19 14:54:19,212] multiqc                                            [DEBUG  ]  Analysing modules: custom_content, conpair, peddy, methylQA, phantompeakqualtools, qualimap, preseq, quast, qorts, rna_seqc, rsem, rseqc, busco, goleft_indexcov, disambiguate, supernova, deeptools, sargasso, verifybamid, mirtrace, happy, homer, macs2, theta2, snpeff, gatk, htseq, bcftools, featureCounts, dedup, damageprofiler, picard, prokka, samblaster, samtools, bamtools, jellyfish, vcftools, longranger, stacks, bbmap, bismark, biscuit, hicexplorer, hicup, hicpro, salmon, kallisto, slamdunk, star, hisat2, tophat, bowtie2, bowtie1, kat, leehom, adapterRemoval, clipandmerge, cutadapt, flexbar, trimmomatic, skewer, sortmerna, biobloomtools, fastq_screen, afterqc, fastp, fastqc, minionqc, clusterflow, bcl2fastq, interop, flash
[2019-11-19 14:54:19,213] multiqc                                            [DEBUG  ]  Using temporary directory for creating report: /tmp/tmpzd5fenhq
[2019-11-19 14:54:19,910] multiqc                                            [DEBUG  ]  No samples found: custom_content
[2019-11-19 14:54:19,915] multiqc                                            [DEBUG  ]  No samples found: conpair
[2019-11-19 14:54:19,920] multiqc                                            [DEBUG  ]  No samples found: peddy
[2019-11-19 14:54:19,925] multiqc                                            [DEBUG  ]  No samples found: methylQA
[2019-11-19 14:54:19,928] multiqc                                            [DEBUG  ]  No samples found: phantompeakqualtools
[2019-11-19 14:54:19,934] multiqc                                            [DEBUG  ]  No samples found: qualimap
[2019-11-19 14:54:19,938] multiqc                                            [DEBUG  ]  No samples found: preseq
[2019-11-19 14:54:19,943] multiqc                                            [DEBUG  ]  No samples found: quast
[2019-11-19 14:54:19,946] multiqc                                            [DEBUG  ]  No samples found: qorts
[2019-11-19 14:54:19,951] multiqc                                            [DEBUG  ]  No samples found: rna_seqc
[2019-11-19 14:54:19,954] multiqc                                            [DEBUG  ]  No samples found: rsem
[2019-11-19 14:54:19,963] multiqc                                            [DEBUG  ]  No samples found: rseqc
[2019-11-19 14:54:19,967] multiqc                                            [DEBUG  ]  No samples found: busco
[2019-11-19 14:54:19,971] multiqc                                            [DEBUG  ]  No samples found: goleft_indexcov
[2019-11-19 14:54:19,975] multiqc                                            [DEBUG  ]  No samples found: disambiguate
[2019-11-19 14:54:19,979] multiqc                                            [DEBUG  ]  No samples found: supernova
[2019-11-19 14:54:19,988] multiqc                                            [DEBUG  ]  No samples found: deeptools
[2019-11-19 14:54:19,992] multiqc                                            [DEBUG  ]  No samples found: sargasso
[2019-11-19 14:54:19,996] multiqc                                            [DEBUG  ]  No samples found: verifybamid
[2019-11-19 14:54:20,000] multiqc                                            [DEBUG  ]  No samples found: mirtrace
[2019-11-19 14:54:20,005] multiqc                                            [DEBUG  ]  No samples found: happy
[2019-11-19 14:54:20,011] multiqc                                            [DEBUG  ]  No samples found: homer
[2019-11-19 14:54:20,015] multiqc                                            [DEBUG  ]  No samples found: macs2
[2019-11-19 14:54:20,020] multiqc                                            [DEBUG  ]  No samples found: theta2
[2019-11-19 14:54:20,025] multiqc                                            [DEBUG  ]  No samples found: snpeff
[2019-11-19 14:54:20,032] multiqc                                            [DEBUG  ]  No samples found: gatk
[2019-11-19 14:54:20,038] multiqc                                            [DEBUG  ]  No samples found: htseq
[2019-11-19 14:54:20,043] multiqc                                            [DEBUG  ]  No samples found: bcftools
[2019-11-19 14:54:20,049] multiqc                                            [DEBUG  ]  No samples found: featureCounts
[2019-11-19 14:54:20,053] multiqc                                            [DEBUG  ]  No samples found: dedup
[2019-11-19 14:54:20,059] multiqc                                            [DEBUG  ]  No samples found: damageprofiler
[2019-11-19 14:54:20,070] multiqc                                            [DEBUG  ]  No samples found: picard
[2019-11-19 14:54:20,074] multiqc                                            [DEBUG  ]  No samples found: prokka
[2019-11-19 14:54:20,078] multiqc                                            [DEBUG  ]  No samples found: samblaster
[2019-11-19 14:54:20,086] multiqc                                            [DEBUG  ]  No samples found: samtools
[2019-11-19 14:54:20,090] multiqc                                            [DEBUG  ]  No samples found: bamtools
[2019-11-19 14:54:20,094] multiqc                                            [DEBUG  ]  No samples found: jellyfish
[2019-11-19 14:54:20,099] multiqc                                            [DEBUG  ]  No samples found: vcftools
[2019-11-19 14:54:20,104] multiqc                                            [DEBUG  ]  No samples found: longranger
[2019-11-19 14:54:20,108] multiqc                                            [DEBUG  ]  No samples found: stacks
[2019-11-19 14:54:20,116] multiqc                                            [DEBUG  ]  No samples found: bbmap
[2019-11-19 14:54:20,121] multiqc                                            [DEBUG  ]  No samples found: bismark
[2019-11-19 14:54:20,126] multiqc                                            [DEBUG  ]  No samples found: biscuit
[2019-11-19 14:54:20,131] multiqc                                            [DEBUG  ]  No samples found: hicexplorer
[2019-11-19 14:54:20,136] multiqc                                            [DEBUG  ]  No samples found: hicup
[2019-11-19 14:54:20,141] multiqc                                            [DEBUG  ]  No samples found: hicpro
[2019-11-19 14:54:20,146] multiqc                                            [DEBUG  ]  No samples found: salmon
[2019-11-19 14:54:20,150] multiqc                                            [DEBUG  ]  No samples found: kallisto
[2019-11-19 14:54:20,155] multiqc                                            [DEBUG  ]  No samples found: slamdunk
[2019-11-19 14:54:20,160] multiqc                                            [DEBUG  ]  No samples found: star
[2019-11-19 14:54:20,166] multiqc                                            [DEBUG  ]  No samples found: hisat2
[2019-11-19 14:54:20,171] multiqc                                            [DEBUG  ]  No samples found: tophat
[2019-11-19 14:54:20,177] multiqc                                            [DEBUG  ]  No samples found: bowtie2
[2019-11-19 14:54:20,182] multiqc                                            [DEBUG  ]  No samples found: bowtie1
[2019-11-19 14:54:20,188] multiqc                                            [DEBUG  ]  No samples found: kat
[2019-11-19 14:54:20,193] multiqc                                            [DEBUG  ]  No samples found: leehom
[2019-11-19 14:54:20,199] multiqc                                            [DEBUG  ]  No samples found: adapterRemoval
[2019-11-19 14:54:20,204] multiqc                                            [DEBUG  ]  No samples found: clipandmerge
[2019-11-19 14:54:20,208] multiqc                                            [DEBUG  ]  No samples found: cutadapt
[2019-11-19 14:54:20,212] multiqc                                            [DEBUG  ]  No samples found: flexbar
[2019-11-19 14:54:20,217] multiqc                                            [DEBUG  ]  No samples found: trimmomatic
[2019-11-19 14:54:20,222] multiqc                                            [DEBUG  ]  No samples found: skewer
[2019-11-19 14:54:20,226] multiqc                                            [DEBUG  ]  No samples found: sortmerna
[2019-11-19 14:54:20,230] multiqc                                            [DEBUG  ]  No samples found: biobloomtools
[2019-11-19 14:54:20,234] multiqc                                            [DEBUG  ]  No samples found: fastq_screen
[2019-11-19 14:54:20,238] multiqc                                            [DEBUG  ]  No samples found: afterqc
[2019-11-19 14:54:20,242] multiqc                                            [DEBUG  ]  No samples found: fastp
[2019-11-19 14:54:20,249] multiqc.modules.fastqc.fastqc                      [INFO   ]  Found 1 reports
[2019-11-19 14:54:20,300] multiqc                                            [DEBUG  ]  No samples found: minionqc
[2019-11-19 14:54:20,305] multiqc                                            [DEBUG  ]  No samples found: clusterflow
[2019-11-19 14:54:20,309] multiqc                                            [DEBUG  ]  No samples found: bcl2fastq
[2019-11-19 14:54:20,314] multiqc                                            [DEBUG  ]  No samples found: interop
[2019-11-19 14:54:20,318] multiqc                                            [DEBUG  ]  No samples found: flash
[2019-11-19 14:54:20,321] multiqc                                            [INFO   ]  Compressing plot data
[2019-11-19 14:54:20,351] multiqc                                            [INFO   ]  Report      : ../../../../../../../data/multiqc_report.html
[2019-11-19 14:54:20,351] multiqc                                            [INFO   ]  Data        : ../../../../../../../data/multiqc_data
[2019-11-19 14:54:20,351] multiqc                                            [DEBUG  ]  Moving data file from '/tmp/tmpzd5fenhq/multiqc_data/multiqc_general_stats.txt' to '/data/multiqc_data'
[2019-11-19 14:54:20,351] multiqc                                            [DEBUG  ]  Moving data file from '/tmp/tmpzd5fenhq/multiqc_data/multiqc_fastqc.txt' to '/data/multiqc_data'
[2019-11-19 14:54:20,352] multiqc                                            [DEBUG  ]  Moving data file from '/tmp/tmpzd5fenhq/multiqc_data/multiqc_data.json' to '/data/multiqc_data'
[2019-11-19 14:54:20,352] multiqc                                            [DEBUG  ]  Moving data file from '/tmp/tmpzd5fenhq/multiqc_data/multiqc_sources.txt' to '/data/multiqc_data'
[2019-11-19 14:54:20,480] multiqc                                            [INFO   ]  MultiQC complete
