[2019-11-19 12:44:38,394] multiqc                                            [DEBUG  ]  No MultiQC config found: /usr/lib/python3.6/site-packages/multiqc-1.7-py3.6.egg/multiqc_config.yaml
[2019-11-19 12:44:38,394] multiqc                                            [DEBUG  ]  No MultiQC config found: /root/.multiqc_config.yaml
[2019-11-19 12:44:38,394] multiqc                                            [DEBUG  ]  No MultiQC config found: multiqc_config.yaml
[2019-11-19 12:44:38,394] multiqc                                            [DEBUG  ]  Command used: /usr/bin/multiqc /data/HG00151.mapped.ILLUMINA.bwa.GBR.low_coverage.20101123_fastqc.zip -o /data
[2019-11-19 12:44:40,068] multiqc                                            [DEBUG  ]  Latest MultiQC version is v1.7
[2019-11-19 12:44:40,068] multiqc                                            [INFO   ]  This is MultiQC v1.7
[2019-11-19 12:44:40,068] multiqc                                            [DEBUG  ]  Command     : /usr/bin/multiqc /data/HG00151.mapped.ILLUMINA.bwa.GBR.low_coverage.20101123_fastqc.zip -o /data
[2019-11-19 12:44:40,068] multiqc                                            [DEBUG  ]  Working dir : /var/lib/toil/toil-9b56b740-ccba-4b13-b998-c6aabca34938-69d14ae953f0400cbe6f0dc87a7486c9/tmpUDQLoa/466f12b9-14a2-42ae-abc2-754ba93518fe/tWpTWWB
[2019-11-19 12:44:40,068] multiqc                                            [INFO   ]  Template    : default
[2019-11-19 12:44:40,069] multiqc                                            [INFO   ]  Searching '/data/HG00151.mapped.ILLUMINA.bwa.GBR.low_coverage.20101123_fastqc.zip'
[2019-11-19 12:44:40,069] multiqc                                            [DEBUG  ]  Analysing modules: custom_content, conpair, peddy, methylQA, phantompeakqualtools, qualimap, preseq, quast, qorts, rna_seqc, rsem, rseqc, busco, goleft_indexcov, disambiguate, supernova, deeptools, sargasso, verifybamid, mirtrace, happy, homer, macs2, theta2, snpeff, gatk, htseq, bcftools, featureCounts, dedup, damageprofiler, picard, prokka, samblaster, samtools, bamtools, jellyfish, vcftools, longranger, stacks, bbmap, bismark, biscuit, hicexplorer, hicup, hicpro, salmon, kallisto, slamdunk, star, hisat2, tophat, bowtie2, bowtie1, kat, leehom, adapterRemoval, clipandmerge, cutadapt, flexbar, trimmomatic, skewer, sortmerna, biobloomtools, fastq_screen, afterqc, fastp, fastqc, minionqc, clusterflow, bcl2fastq, interop, flash
[2019-11-19 12:44:40,069] multiqc                                            [DEBUG  ]  Using temporary directory for creating report: /tmp/tmpvpxocayr
[2019-11-19 12:44:40,794] multiqc                                            [DEBUG  ]  No samples found: custom_content
[2019-11-19 12:44:40,798] multiqc                                            [DEBUG  ]  No samples found: conpair
[2019-11-19 12:44:40,803] multiqc                                            [DEBUG  ]  No samples found: peddy
[2019-11-19 12:44:40,807] multiqc                                            [DEBUG  ]  No samples found: methylQA
[2019-11-19 12:44:40,811] multiqc                                            [DEBUG  ]  No samples found: phantompeakqualtools
[2019-11-19 12:44:40,816] multiqc                                            [DEBUG  ]  No samples found: qualimap
[2019-11-19 12:44:40,820] multiqc                                            [DEBUG  ]  No samples found: preseq
[2019-11-19 12:44:40,825] multiqc                                            [DEBUG  ]  No samples found: quast
[2019-11-19 12:44:40,829] multiqc                                            [DEBUG  ]  No samples found: qorts
[2019-11-19 12:44:40,833] multiqc                                            [DEBUG  ]  No samples found: rna_seqc
[2019-11-19 12:44:40,837] multiqc                                            [DEBUG  ]  No samples found: rsem
[2019-11-19 12:44:40,846] multiqc                                            [DEBUG  ]  No samples found: rseqc
[2019-11-19 12:44:40,850] multiqc                                            [DEBUG  ]  No samples found: busco
[2019-11-19 12:44:40,856] multiqc                                            [DEBUG  ]  No samples found: goleft_indexcov
[2019-11-19 12:44:40,860] multiqc                                            [DEBUG  ]  No samples found: disambiguate
[2019-11-19 12:44:40,865] multiqc                                            [DEBUG  ]  No samples found: supernova
[2019-11-19 12:44:40,875] multiqc                                            [DEBUG  ]  No samples found: deeptools
[2019-11-19 12:44:40,879] multiqc                                            [DEBUG  ]  No samples found: sargasso
[2019-11-19 12:44:40,883] multiqc                                            [DEBUG  ]  No samples found: verifybamid
[2019-11-19 12:44:40,887] multiqc                                            [DEBUG  ]  No samples found: mirtrace
[2019-11-19 12:44:40,893] multiqc                                            [DEBUG  ]  No samples found: happy
[2019-11-19 12:44:40,899] multiqc                                            [DEBUG  ]  No samples found: homer
[2019-11-19 12:44:40,903] multiqc                                            [DEBUG  ]  No samples found: macs2
[2019-11-19 12:44:40,907] multiqc                                            [DEBUG  ]  No samples found: theta2
[2019-11-19 12:44:40,911] multiqc                                            [DEBUG  ]  No samples found: snpeff
[2019-11-19 12:44:40,916] multiqc                                            [DEBUG  ]  No samples found: gatk
[2019-11-19 12:44:40,920] multiqc                                            [DEBUG  ]  No samples found: htseq
[2019-11-19 12:44:40,925] multiqc                                            [DEBUG  ]  No samples found: bcftools
[2019-11-19 12:44:40,929] multiqc                                            [DEBUG  ]  No samples found: featureCounts
[2019-11-19 12:44:40,933] multiqc                                            [DEBUG  ]  No samples found: dedup
[2019-11-19 12:44:40,937] multiqc                                            [DEBUG  ]  No samples found: damageprofiler
[2019-11-19 12:44:40,948] multiqc                                            [DEBUG  ]  No samples found: picard
[2019-11-19 12:44:40,952] multiqc                                            [DEBUG  ]  No samples found: prokka
[2019-11-19 12:44:40,956] multiqc                                            [DEBUG  ]  No samples found: samblaster
[2019-11-19 12:44:40,962] multiqc                                            [DEBUG  ]  No samples found: samtools
[2019-11-19 12:44:40,966] multiqc                                            [DEBUG  ]  No samples found: bamtools
[2019-11-19 12:44:40,970] multiqc                                            [DEBUG  ]  No samples found: jellyfish
[2019-11-19 12:44:40,976] multiqc                                            [DEBUG  ]  No samples found: vcftools
[2019-11-19 12:44:40,980] multiqc                                            [DEBUG  ]  No samples found: longranger
[2019-11-19 12:44:40,984] multiqc                                            [DEBUG  ]  No samples found: stacks
[2019-11-19 12:44:40,995] multiqc                                            [DEBUG  ]  No samples found: bbmap
[2019-11-19 12:44:40,999] multiqc                                            [DEBUG  ]  No samples found: bismark
[2019-11-19 12:44:41,006] multiqc                                            [DEBUG  ]  No samples found: biscuit
[2019-11-19 12:44:41,011] multiqc                                            [DEBUG  ]  No samples found: hicexplorer
[2019-11-19 12:44:41,015] multiqc                                            [DEBUG  ]  No samples found: hicup
[2019-11-19 12:44:41,019] multiqc                                            [DEBUG  ]  No samples found: hicpro
[2019-11-19 12:44:41,023] multiqc                                            [DEBUG  ]  No samples found: salmon
[2019-11-19 12:44:41,027] multiqc                                            [DEBUG  ]  No samples found: kallisto
[2019-11-19 12:44:41,033] multiqc                                            [DEBUG  ]  No samples found: slamdunk
[2019-11-19 12:44:41,037] multiqc                                            [DEBUG  ]  No samples found: star
[2019-11-19 12:44:41,042] multiqc                                            [DEBUG  ]  No samples found: hisat2
[2019-11-19 12:44:41,046] multiqc                                            [DEBUG  ]  No samples found: tophat
[2019-11-19 12:44:41,050] multiqc                                            [DEBUG  ]  No samples found: bowtie2
[2019-11-19 12:44:41,054] multiqc                                            [DEBUG  ]  No samples found: bowtie1
[2019-11-19 12:44:41,058] multiqc                                            [DEBUG  ]  No samples found: kat
[2019-11-19 12:44:41,062] multiqc                                            [DEBUG  ]  No samples found: leehom
[2019-11-19 12:44:41,066] multiqc                                            [DEBUG  ]  No samples found: adapterRemoval
[2019-11-19 12:44:41,070] multiqc                                            [DEBUG  ]  No samples found: clipandmerge
[2019-11-19 12:44:41,074] multiqc                                            [DEBUG  ]  No samples found: cutadapt
[2019-11-19 12:44:41,078] multiqc                                            [DEBUG  ]  No samples found: flexbar
[2019-11-19 12:44:41,082] multiqc                                            [DEBUG  ]  No samples found: trimmomatic
[2019-11-19 12:44:41,086] multiqc                                            [DEBUG  ]  No samples found: skewer
[2019-11-19 12:44:41,090] multiqc                                            [DEBUG  ]  No samples found: sortmerna
[2019-11-19 12:44:41,094] multiqc                                            [DEBUG  ]  No samples found: biobloomtools
[2019-11-19 12:44:41,098] multiqc                                            [DEBUG  ]  No samples found: fastq_screen
[2019-11-19 12:44:41,102] multiqc                                            [DEBUG  ]  No samples found: afterqc
[2019-11-19 12:44:41,106] multiqc                                            [DEBUG  ]  No samples found: fastp
[2019-11-19 12:44:41,114] multiqc.modules.fastqc.fastqc                      [INFO   ]  Found 1 reports
[2019-11-19 12:44:41,171] multiqc                                            [DEBUG  ]  No samples found: minionqc
[2019-11-19 12:44:41,176] multiqc                                            [DEBUG  ]  No samples found: clusterflow
[2019-11-19 12:44:41,180] multiqc                                            [DEBUG  ]  No samples found: bcl2fastq
[2019-11-19 12:44:41,184] multiqc                                            [DEBUG  ]  No samples found: interop
[2019-11-19 12:44:41,188] multiqc                                            [DEBUG  ]  No samples found: flash
[2019-11-19 12:44:41,191] multiqc                                            [INFO   ]  Compressing plot data
[2019-11-19 12:44:41,217] multiqc                                            [INFO   ]  Report      : ../../../../../../../data/multiqc_report.html
[2019-11-19 12:44:41,218] multiqc                                            [INFO   ]  Data        : ../../../../../../../data/multiqc_data
[2019-11-19 12:44:41,218] multiqc                                            [DEBUG  ]  Moving data file from '/tmp/tmpvpxocayr/multiqc_data/multiqc_general_stats.txt' to '/data/multiqc_data'
[2019-11-19 12:44:41,218] multiqc                                            [DEBUG  ]  Moving data file from '/tmp/tmpvpxocayr/multiqc_data/multiqc_fastqc.txt' to '/data/multiqc_data'
[2019-11-19 12:44:41,218] multiqc                                            [DEBUG  ]  Moving data file from '/tmp/tmpvpxocayr/multiqc_data/multiqc_data.json' to '/data/multiqc_data'
[2019-11-19 12:44:41,219] multiqc                                            [DEBUG  ]  Moving data file from '/tmp/tmpvpxocayr/multiqc_data/multiqc_sources.txt' to '/data/multiqc_data'
[2019-11-19 12:44:41,348] multiqc                                            [INFO   ]  MultiQC complete
