[2019-11-19 15:03:32,722] multiqc                                            [DEBUG  ]  No MultiQC config found: /usr/lib/python3.6/site-packages/multiqc-1.7-py3.6.egg/multiqc_config.yaml
[2019-11-19 15:03:32,722] multiqc                                            [DEBUG  ]  No MultiQC config found: /root/.multiqc_config.yaml
[2019-11-19 15:03:32,722] multiqc                                            [DEBUG  ]  No MultiQC config found: multiqc_config.yaml
[2019-11-19 15:03:32,722] multiqc                                            [DEBUG  ]  Command used: /usr/bin/multiqc /data/HG00251.unmapped.ILLUMINA.bwa.GBR.low_coverage.20101123_fastqc.zip -o /data
[2019-11-19 15:03:34,490] multiqc                                            [DEBUG  ]  Latest MultiQC version is v1.7
[2019-11-19 15:03:34,490] multiqc                                            [INFO   ]  This is MultiQC v1.7
[2019-11-19 15:03:34,490] multiqc                                            [DEBUG  ]  Command     : /usr/bin/multiqc /data/HG00251.unmapped.ILLUMINA.bwa.GBR.low_coverage.20101123_fastqc.zip -o /data
[2019-11-19 15:03:34,490] multiqc                                            [DEBUG  ]  Working dir : /var/lib/toil/toil-9b56b740-ccba-4b13-b998-c6aabca34938-69d14ae953f0400cbe6f0dc87a7486c9/tmp4MVI8a/841cd0f4-5470-4bab-8987-edd2ef38dd81/tkurA0k
[2019-11-19 15:03:34,490] multiqc                                            [INFO   ]  Template    : default
[2019-11-19 15:03:34,490] multiqc                                            [INFO   ]  Searching '/data/HG00251.unmapped.ILLUMINA.bwa.GBR.low_coverage.20101123_fastqc.zip'
[2019-11-19 15:03:34,491] multiqc                                            [DEBUG  ]  Analysing modules: custom_content, conpair, peddy, methylQA, phantompeakqualtools, qualimap, preseq, quast, qorts, rna_seqc, rsem, rseqc, busco, goleft_indexcov, disambiguate, supernova, deeptools, sargasso, verifybamid, mirtrace, happy, homer, macs2, theta2, snpeff, gatk, htseq, bcftools, featureCounts, dedup, damageprofiler, picard, prokka, samblaster, samtools, bamtools, jellyfish, vcftools, longranger, stacks, bbmap, bismark, biscuit, hicexplorer, hicup, hicpro, salmon, kallisto, slamdunk, star, hisat2, tophat, bowtie2, bowtie1, kat, leehom, adapterRemoval, clipandmerge, cutadapt, flexbar, trimmomatic, skewer, sortmerna, biobloomtools, fastq_screen, afterqc, fastp, fastqc, minionqc, clusterflow, bcl2fastq, interop, flash
[2019-11-19 15:03:34,491] multiqc                                            [DEBUG  ]  Using temporary directory for creating report: /tmp/tmp2zarnksy
[2019-11-19 15:03:35,128] multiqc                                            [DEBUG  ]  No samples found: custom_content
[2019-11-19 15:03:35,132] multiqc                                            [DEBUG  ]  No samples found: conpair
[2019-11-19 15:03:35,137] multiqc                                            [DEBUG  ]  No samples found: peddy
[2019-11-19 15:03:35,141] multiqc                                            [DEBUG  ]  No samples found: methylQA
[2019-11-19 15:03:35,145] multiqc                                            [DEBUG  ]  No samples found: phantompeakqualtools
[2019-11-19 15:03:35,151] multiqc                                            [DEBUG  ]  No samples found: qualimap
[2019-11-19 15:03:35,155] multiqc                                            [DEBUG  ]  No samples found: preseq
[2019-11-19 15:03:35,160] multiqc                                            [DEBUG  ]  No samples found: quast
[2019-11-19 15:03:35,166] multiqc                                            [DEBUG  ]  No samples found: qorts
[2019-11-19 15:03:35,170] multiqc                                            [DEBUG  ]  No samples found: rna_seqc
[2019-11-19 15:03:35,173] multiqc                                            [DEBUG  ]  No samples found: rsem
[2019-11-19 15:03:35,181] multiqc                                            [DEBUG  ]  No samples found: rseqc
[2019-11-19 15:03:35,185] multiqc                                            [DEBUG  ]  No samples found: busco
[2019-11-19 15:03:35,189] multiqc                                            [DEBUG  ]  No samples found: goleft_indexcov
[2019-11-19 15:03:35,193] multiqc                                            [DEBUG  ]  No samples found: disambiguate
[2019-11-19 15:03:35,197] multiqc                                            [DEBUG  ]  No samples found: supernova
[2019-11-19 15:03:35,205] multiqc                                            [DEBUG  ]  No samples found: deeptools
[2019-11-19 15:03:35,209] multiqc                                            [DEBUG  ]  No samples found: sargasso
[2019-11-19 15:03:35,213] multiqc                                            [DEBUG  ]  No samples found: verifybamid
[2019-11-19 15:03:35,217] multiqc                                            [DEBUG  ]  No samples found: mirtrace
[2019-11-19 15:03:35,221] multiqc                                            [DEBUG  ]  No samples found: happy
[2019-11-19 15:03:35,226] multiqc                                            [DEBUG  ]  No samples found: homer
[2019-11-19 15:03:35,230] multiqc                                            [DEBUG  ]  No samples found: macs2
[2019-11-19 15:03:35,234] multiqc                                            [DEBUG  ]  No samples found: theta2
[2019-11-19 15:03:35,237] multiqc                                            [DEBUG  ]  No samples found: snpeff
[2019-11-19 15:03:35,242] multiqc                                            [DEBUG  ]  No samples found: gatk
[2019-11-19 15:03:35,246] multiqc                                            [DEBUG  ]  No samples found: htseq
[2019-11-19 15:03:35,250] multiqc                                            [DEBUG  ]  No samples found: bcftools
[2019-11-19 15:03:35,254] multiqc                                            [DEBUG  ]  No samples found: featureCounts
[2019-11-19 15:03:35,257] multiqc                                            [DEBUG  ]  No samples found: dedup
[2019-11-19 15:03:35,261] multiqc                                            [DEBUG  ]  No samples found: damageprofiler
[2019-11-19 15:03:35,270] multiqc                                            [DEBUG  ]  No samples found: picard
[2019-11-19 15:03:35,275] multiqc                                            [DEBUG  ]  No samples found: prokka
[2019-11-19 15:03:35,279] multiqc                                            [DEBUG  ]  No samples found: samblaster
[2019-11-19 15:03:35,285] multiqc                                            [DEBUG  ]  No samples found: samtools
[2019-11-19 15:03:35,290] multiqc                                            [DEBUG  ]  No samples found: bamtools
[2019-11-19 15:03:35,294] multiqc                                            [DEBUG  ]  No samples found: jellyfish
[2019-11-19 15:03:35,303] multiqc                                            [DEBUG  ]  No samples found: vcftools
[2019-11-19 15:03:35,308] multiqc                                            [DEBUG  ]  No samples found: longranger
[2019-11-19 15:03:35,312] multiqc                                            [DEBUG  ]  No samples found: stacks
[2019-11-19 15:03:35,321] multiqc                                            [DEBUG  ]  No samples found: bbmap
[2019-11-19 15:03:35,325] multiqc                                            [DEBUG  ]  No samples found: bismark
[2019-11-19 15:03:35,329] multiqc                                            [DEBUG  ]  No samples found: biscuit
[2019-11-19 15:03:35,333] multiqc                                            [DEBUG  ]  No samples found: hicexplorer
[2019-11-19 15:03:35,338] multiqc                                            [DEBUG  ]  No samples found: hicup
[2019-11-19 15:03:35,342] multiqc                                            [DEBUG  ]  No samples found: hicpro
[2019-11-19 15:03:35,346] multiqc                                            [DEBUG  ]  No samples found: salmon
[2019-11-19 15:03:35,349] multiqc                                            [DEBUG  ]  No samples found: kallisto
[2019-11-19 15:03:35,353] multiqc                                            [DEBUG  ]  No samples found: slamdunk
[2019-11-19 15:03:35,357] multiqc                                            [DEBUG  ]  No samples found: star
[2019-11-19 15:03:35,361] multiqc                                            [DEBUG  ]  No samples found: hisat2
[2019-11-19 15:03:35,365] multiqc                                            [DEBUG  ]  No samples found: tophat
[2019-11-19 15:03:35,369] multiqc                                            [DEBUG  ]  No samples found: bowtie2
[2019-11-19 15:03:35,372] multiqc                                            [DEBUG  ]  No samples found: bowtie1
[2019-11-19 15:03:35,376] multiqc                                            [DEBUG  ]  No samples found: kat
[2019-11-19 15:03:35,379] multiqc                                            [DEBUG  ]  No samples found: leehom
[2019-11-19 15:03:35,383] multiqc                                            [DEBUG  ]  No samples found: adapterRemoval
[2019-11-19 15:03:35,387] multiqc                                            [DEBUG  ]  No samples found: clipandmerge
[2019-11-19 15:03:35,390] multiqc                                            [DEBUG  ]  No samples found: cutadapt
[2019-11-19 15:03:35,394] multiqc                                            [DEBUG  ]  No samples found: flexbar
[2019-11-19 15:03:35,398] multiqc                                            [DEBUG  ]  No samples found: trimmomatic
[2019-11-19 15:03:35,401] multiqc                                            [DEBUG  ]  No samples found: skewer
[2019-11-19 15:03:35,405] multiqc                                            [DEBUG  ]  No samples found: sortmerna
[2019-11-19 15:03:35,409] multiqc                                            [DEBUG  ]  No samples found: biobloomtools
[2019-11-19 15:03:35,413] multiqc                                            [DEBUG  ]  No samples found: fastq_screen
[2019-11-19 15:03:35,417] multiqc                                            [DEBUG  ]  No samples found: afterqc
[2019-11-19 15:03:35,421] multiqc                                            [DEBUG  ]  No samples found: fastp
[2019-11-19 15:03:35,430] multiqc.modules.fastqc.fastqc                      [INFO   ]  Found 1 reports
[2019-11-19 15:03:35,489] multiqc                                            [DEBUG  ]  No samples found: minionqc
[2019-11-19 15:03:35,493] multiqc                                            [DEBUG  ]  No samples found: clusterflow
[2019-11-19 15:03:35,497] multiqc                                            [DEBUG  ]  No samples found: bcl2fastq
[2019-11-19 15:03:35,501] multiqc                                            [DEBUG  ]  No samples found: interop
[2019-11-19 15:03:35,505] multiqc                                            [DEBUG  ]  No samples found: flash
[2019-11-19 15:03:35,507] multiqc                                            [INFO   ]  Compressing plot data
[2019-11-19 15:03:35,536] multiqc                                            [INFO   ]  Report      : ../../../../../../../data/multiqc_report.html
[2019-11-19 15:03:35,536] multiqc                                            [INFO   ]  Data        : ../../../../../../../data/multiqc_data
[2019-11-19 15:03:35,537] multiqc                                            [DEBUG  ]  Moving data file from '/tmp/tmp2zarnksy/multiqc_data/multiqc_general_stats.txt' to '/data/multiqc_data'
[2019-11-19 15:03:35,537] multiqc                                            [DEBUG  ]  Moving data file from '/tmp/tmp2zarnksy/multiqc_data/multiqc_fastqc.txt' to '/data/multiqc_data'
[2019-11-19 15:03:35,537] multiqc                                            [DEBUG  ]  Moving data file from '/tmp/tmp2zarnksy/multiqc_data/multiqc_data.json' to '/data/multiqc_data'
[2019-11-19 15:03:35,537] multiqc                                            [DEBUG  ]  Moving data file from '/tmp/tmp2zarnksy/multiqc_data/multiqc_sources.txt' to '/data/multiqc_data'
[2019-11-19 15:03:35,663] multiqc                                            [INFO   ]  MultiQC complete
