[2019-11-19 12:26:16,547] multiqc                                            [DEBUG  ]  No MultiQC config found: /usr/lib/python3.6/site-packages/multiqc-1.7-py3.6.egg/multiqc_config.yaml
[2019-11-19 12:26:16,547] multiqc                                            [DEBUG  ]  No MultiQC config found: /root/.multiqc_config.yaml
[2019-11-19 12:26:16,547] multiqc                                            [DEBUG  ]  No MultiQC config found: multiqc_config.yaml
[2019-11-19 12:26:16,547] multiqc                                            [DEBUG  ]  Command used: /usr/bin/multiqc /data/HG00148.mapped.ILLUMINA.bwa.GBR.low_coverage.20101123_fastqc.zip -o /data
[2019-11-19 12:26:18,681] multiqc                                            [DEBUG  ]  Latest MultiQC version is v1.7
[2019-11-19 12:26:18,681] multiqc                                            [INFO   ]  This is MultiQC v1.7
[2019-11-19 12:26:18,682] multiqc                                            [DEBUG  ]  Command     : /usr/bin/multiqc /data/HG00148.mapped.ILLUMINA.bwa.GBR.low_coverage.20101123_fastqc.zip -o /data
[2019-11-19 12:26:18,682] multiqc                                            [DEBUG  ]  Working dir : /var/lib/toil/toil-9b56b740-ccba-4b13-b998-c6aabca34938-69d14ae953f0400cbe6f0dc87a7486c9/tmpRkdb5d/d94eeead-434a-48f9-9b15-951f538014bb/tQ54f7h
[2019-11-19 12:26:18,682] multiqc                                            [INFO   ]  Template    : default
[2019-11-19 12:26:18,682] multiqc                                            [INFO   ]  Searching '/data/HG00148.mapped.ILLUMINA.bwa.GBR.low_coverage.20101123_fastqc.zip'
[2019-11-19 12:26:18,682] multiqc                                            [DEBUG  ]  Analysing modules: custom_content, conpair, peddy, methylQA, phantompeakqualtools, qualimap, preseq, quast, qorts, rna_seqc, rsem, rseqc, busco, goleft_indexcov, disambiguate, supernova, deeptools, sargasso, verifybamid, mirtrace, happy, homer, macs2, theta2, snpeff, gatk, htseq, bcftools, featureCounts, dedup, damageprofiler, picard, prokka, samblaster, samtools, bamtools, jellyfish, vcftools, longranger, stacks, bbmap, bismark, biscuit, hicexplorer, hicup, hicpro, salmon, kallisto, slamdunk, star, hisat2, tophat, bowtie2, bowtie1, kat, leehom, adapterRemoval, clipandmerge, cutadapt, flexbar, trimmomatic, skewer, sortmerna, biobloomtools, fastq_screen, afterqc, fastp, fastqc, minionqc, clusterflow, bcl2fastq, interop, flash
[2019-11-19 12:26:18,683] multiqc                                            [DEBUG  ]  Using temporary directory for creating report: /tmp/tmp0mx5dsbc
[2019-11-19 12:26:19,664] multiqc                                            [DEBUG  ]  No samples found: custom_content
[2019-11-19 12:26:19,670] multiqc                                            [DEBUG  ]  No samples found: conpair
[2019-11-19 12:26:19,677] multiqc                                            [DEBUG  ]  No samples found: peddy
[2019-11-19 12:26:19,682] multiqc                                            [DEBUG  ]  No samples found: methylQA
[2019-11-19 12:26:19,688] multiqc                                            [DEBUG  ]  No samples found: phantompeakqualtools
[2019-11-19 12:26:19,696] multiqc                                            [DEBUG  ]  No samples found: qualimap
[2019-11-19 12:26:19,702] multiqc                                            [DEBUG  ]  No samples found: preseq
[2019-11-19 12:26:19,708] multiqc                                            [DEBUG  ]  No samples found: quast
[2019-11-19 12:26:19,714] multiqc                                            [DEBUG  ]  No samples found: qorts
[2019-11-19 12:26:19,720] multiqc                                            [DEBUG  ]  No samples found: rna_seqc
[2019-11-19 12:26:19,726] multiqc                                            [DEBUG  ]  No samples found: rsem
[2019-11-19 12:26:19,739] multiqc                                            [DEBUG  ]  No samples found: rseqc
[2019-11-19 12:26:19,745] multiqc                                            [DEBUG  ]  No samples found: busco
[2019-11-19 12:26:19,751] multiqc                                            [DEBUG  ]  No samples found: goleft_indexcov
[2019-11-19 12:26:19,757] multiqc                                            [DEBUG  ]  No samples found: disambiguate
[2019-11-19 12:26:19,763] multiqc                                            [DEBUG  ]  No samples found: supernova
[2019-11-19 12:26:19,776] multiqc                                            [DEBUG  ]  No samples found: deeptools
[2019-11-19 12:26:19,782] multiqc                                            [DEBUG  ]  No samples found: sargasso
[2019-11-19 12:26:19,788] multiqc                                            [DEBUG  ]  No samples found: verifybamid
[2019-11-19 12:26:19,794] multiqc                                            [DEBUG  ]  No samples found: mirtrace
[2019-11-19 12:26:19,800] multiqc                                            [DEBUG  ]  No samples found: happy
[2019-11-19 12:26:19,808] multiqc                                            [DEBUG  ]  No samples found: homer
[2019-11-19 12:26:19,814] multiqc                                            [DEBUG  ]  No samples found: macs2
[2019-11-19 12:26:19,820] multiqc                                            [DEBUG  ]  No samples found: theta2
[2019-11-19 12:26:19,826] multiqc                                            [DEBUG  ]  No samples found: snpeff
[2019-11-19 12:26:19,834] multiqc                                            [DEBUG  ]  No samples found: gatk
[2019-11-19 12:26:19,841] multiqc                                            [DEBUG  ]  No samples found: htseq
[2019-11-19 12:26:19,848] multiqc                                            [DEBUG  ]  No samples found: bcftools
[2019-11-19 12:26:19,854] multiqc                                            [DEBUG  ]  No samples found: featureCounts
[2019-11-19 12:26:19,860] multiqc                                            [DEBUG  ]  No samples found: dedup
[2019-11-19 12:26:19,866] multiqc                                            [DEBUG  ]  No samples found: damageprofiler
[2019-11-19 12:26:19,881] multiqc                                            [DEBUG  ]  No samples found: picard
[2019-11-19 12:26:19,887] multiqc                                            [DEBUG  ]  No samples found: prokka
[2019-11-19 12:26:19,894] multiqc                                            [DEBUG  ]  No samples found: samblaster
[2019-11-19 12:26:19,903] multiqc                                            [DEBUG  ]  No samples found: samtools
[2019-11-19 12:26:19,910] multiqc                                            [DEBUG  ]  No samples found: bamtools
[2019-11-19 12:26:19,916] multiqc                                            [DEBUG  ]  No samples found: jellyfish
[2019-11-19 12:26:19,925] multiqc                                            [DEBUG  ]  No samples found: vcftools
[2019-11-19 12:26:19,931] multiqc                                            [DEBUG  ]  No samples found: longranger
[2019-11-19 12:26:19,937] multiqc                                            [DEBUG  ]  No samples found: stacks
[2019-11-19 12:26:19,951] multiqc                                            [DEBUG  ]  No samples found: bbmap
[2019-11-19 12:26:19,957] multiqc                                            [DEBUG  ]  No samples found: bismark
[2019-11-19 12:26:19,965] multiqc                                            [DEBUG  ]  No samples found: biscuit
[2019-11-19 12:26:19,972] multiqc                                            [DEBUG  ]  No samples found: hicexplorer
[2019-11-19 12:26:19,978] multiqc                                            [DEBUG  ]  No samples found: hicup
[2019-11-19 12:26:19,984] multiqc                                            [DEBUG  ]  No samples found: hicpro
[2019-11-19 12:26:19,990] multiqc                                            [DEBUG  ]  No samples found: salmon
[2019-11-19 12:26:19,997] multiqc                                            [DEBUG  ]  No samples found: kallisto
[2019-11-19 12:26:20,003] multiqc                                            [DEBUG  ]  No samples found: slamdunk
[2019-11-19 12:26:20,010] multiqc                                            [DEBUG  ]  No samples found: star
[2019-11-19 12:26:20,017] multiqc                                            [DEBUG  ]  No samples found: hisat2
[2019-11-19 12:26:20,023] multiqc                                            [DEBUG  ]  No samples found: tophat
[2019-11-19 12:26:20,029] multiqc                                            [DEBUG  ]  No samples found: bowtie2
[2019-11-19 12:26:20,035] multiqc                                            [DEBUG  ]  No samples found: bowtie1
[2019-11-19 12:26:20,041] multiqc                                            [DEBUG  ]  No samples found: kat
[2019-11-19 12:26:20,047] multiqc                                            [DEBUG  ]  No samples found: leehom
[2019-11-19 12:26:20,053] multiqc                                            [DEBUG  ]  No samples found: adapterRemoval
[2019-11-19 12:26:20,059] multiqc                                            [DEBUG  ]  No samples found: clipandmerge
[2019-11-19 12:26:20,065] multiqc                                            [DEBUG  ]  No samples found: cutadapt
[2019-11-19 12:26:20,071] multiqc                                            [DEBUG  ]  No samples found: flexbar
[2019-11-19 12:26:20,077] multiqc                                            [DEBUG  ]  No samples found: trimmomatic
[2019-11-19 12:26:20,083] multiqc                                            [DEBUG  ]  No samples found: skewer
[2019-11-19 12:26:20,090] multiqc                                            [DEBUG  ]  No samples found: sortmerna
[2019-11-19 12:26:20,096] multiqc                                            [DEBUG  ]  No samples found: biobloomtools
[2019-11-19 12:26:20,102] multiqc                                            [DEBUG  ]  No samples found: fastq_screen
[2019-11-19 12:26:20,108] multiqc                                            [DEBUG  ]  No samples found: afterqc
[2019-11-19 12:26:20,114] multiqc                                            [DEBUG  ]  No samples found: fastp
[2019-11-19 12:26:20,126] multiqc.modules.fastqc.fastqc                      [INFO   ]  Found 1 reports
[2019-11-19 12:26:20,212] multiqc                                            [DEBUG  ]  No samples found: minionqc
[2019-11-19 12:26:20,218] multiqc                                            [DEBUG  ]  No samples found: clusterflow
[2019-11-19 12:26:20,225] multiqc                                            [DEBUG  ]  No samples found: bcl2fastq
[2019-11-19 12:26:20,231] multiqc                                            [DEBUG  ]  No samples found: interop
[2019-11-19 12:26:20,237] multiqc                                            [DEBUG  ]  No samples found: flash
[2019-11-19 12:26:20,241] multiqc                                            [INFO   ]  Compressing plot data
[2019-11-19 12:26:20,288] multiqc                                            [INFO   ]  Report      : ../../../../../../../data/multiqc_report.html
[2019-11-19 12:26:20,288] multiqc                                            [INFO   ]  Data        : ../../../../../../../data/multiqc_data
[2019-11-19 12:26:20,289] multiqc                                            [DEBUG  ]  Moving data file from '/tmp/tmp0mx5dsbc/multiqc_data/multiqc_general_stats.txt' to '/data/multiqc_data'
[2019-11-19 12:26:20,289] multiqc                                            [DEBUG  ]  Moving data file from '/tmp/tmp0mx5dsbc/multiqc_data/multiqc_fastqc.txt' to '/data/multiqc_data'
[2019-11-19 12:26:20,289] multiqc                                            [DEBUG  ]  Moving data file from '/tmp/tmp0mx5dsbc/multiqc_data/multiqc_data.json' to '/data/multiqc_data'
[2019-11-19 12:26:20,290] multiqc                                            [DEBUG  ]  Moving data file from '/tmp/tmp0mx5dsbc/multiqc_data/multiqc_sources.txt' to '/data/multiqc_data'
[2019-11-19 12:26:20,484] multiqc                                            [INFO   ]  MultiQC complete
