[2019-11-19 07:16:16,557] multiqc                                            [DEBUG  ]  No MultiQC config found: /usr/lib/python3.6/site-packages/multiqc-1.7-py3.6.egg/multiqc_config.yaml
[2019-11-19 07:16:16,557] multiqc                                            [DEBUG  ]  No MultiQC config found: /root/.multiqc_config.yaml
[2019-11-19 07:16:16,557] multiqc                                            [DEBUG  ]  No MultiQC config found: multiqc_config.yaml
[2019-11-19 07:16:16,557] multiqc                                            [DEBUG  ]  Command used: /usr/bin/multiqc /data/HG00114.unmapped.ILLUMINA.bwa.GBR.low_coverage.20101123_fastqc.zip -o /data
[2019-11-19 07:16:18,216] multiqc                                            [DEBUG  ]  Latest MultiQC version is v1.7
[2019-11-19 07:16:18,216] multiqc                                            [INFO   ]  This is MultiQC v1.7
[2019-11-19 07:16:18,216] multiqc                                            [DEBUG  ]  Command     : /usr/bin/multiqc /data/HG00114.unmapped.ILLUMINA.bwa.GBR.low_coverage.20101123_fastqc.zip -o /data
[2019-11-19 07:16:18,216] multiqc                                            [DEBUG  ]  Working dir : /var/lib/toil/toil-9b56b740-ccba-4b13-b998-c6aabca34938-69d14ae953f0400cbe6f0dc87a7486c9/tmp9EfLAV/43d05e90-2938-42f0-a2f9-237ed0ba94da/tIxUNVq
[2019-11-19 07:16:18,216] multiqc                                            [INFO   ]  Template    : default
[2019-11-19 07:16:18,216] multiqc                                            [INFO   ]  Searching '/data/HG00114.unmapped.ILLUMINA.bwa.GBR.low_coverage.20101123_fastqc.zip'
[2019-11-19 07:16:18,217] multiqc                                            [DEBUG  ]  Analysing modules: custom_content, conpair, peddy, methylQA, phantompeakqualtools, qualimap, preseq, quast, qorts, rna_seqc, rsem, rseqc, busco, goleft_indexcov, disambiguate, supernova, deeptools, sargasso, verifybamid, mirtrace, happy, homer, macs2, theta2, snpeff, gatk, htseq, bcftools, featureCounts, dedup, damageprofiler, picard, prokka, samblaster, samtools, bamtools, jellyfish, vcftools, longranger, stacks, bbmap, bismark, biscuit, hicexplorer, hicup, hicpro, salmon, kallisto, slamdunk, star, hisat2, tophat, bowtie2, bowtie1, kat, leehom, adapterRemoval, clipandmerge, cutadapt, flexbar, trimmomatic, skewer, sortmerna, biobloomtools, fastq_screen, afterqc, fastp, fastqc, minionqc, clusterflow, bcl2fastq, interop, flash
[2019-11-19 07:16:18,217] multiqc                                            [DEBUG  ]  Using temporary directory for creating report: /tmp/tmpxer1zmk7
[2019-11-19 07:16:18,853] multiqc                                            [DEBUG  ]  No samples found: custom_content
[2019-11-19 07:16:18,857] multiqc                                            [DEBUG  ]  No samples found: conpair
[2019-11-19 07:16:18,861] multiqc                                            [DEBUG  ]  No samples found: peddy
[2019-11-19 07:16:18,864] multiqc                                            [DEBUG  ]  No samples found: methylQA
[2019-11-19 07:16:18,867] multiqc                                            [DEBUG  ]  No samples found: phantompeakqualtools
[2019-11-19 07:16:18,872] multiqc                                            [DEBUG  ]  No samples found: qualimap
[2019-11-19 07:16:18,876] multiqc                                            [DEBUG  ]  No samples found: preseq
[2019-11-19 07:16:18,879] multiqc                                            [DEBUG  ]  No samples found: quast
[2019-11-19 07:16:18,883] multiqc                                            [DEBUG  ]  No samples found: qorts
[2019-11-19 07:16:18,887] multiqc                                            [DEBUG  ]  No samples found: rna_seqc
[2019-11-19 07:16:18,890] multiqc                                            [DEBUG  ]  No samples found: rsem
[2019-11-19 07:16:18,899] multiqc                                            [DEBUG  ]  No samples found: rseqc
[2019-11-19 07:16:18,903] multiqc                                            [DEBUG  ]  No samples found: busco
[2019-11-19 07:16:18,907] multiqc                                            [DEBUG  ]  No samples found: goleft_indexcov
[2019-11-19 07:16:18,910] multiqc                                            [DEBUG  ]  No samples found: disambiguate
[2019-11-19 07:16:18,914] multiqc                                            [DEBUG  ]  No samples found: supernova
[2019-11-19 07:16:18,921] multiqc                                            [DEBUG  ]  No samples found: deeptools
[2019-11-19 07:16:18,925] multiqc                                            [DEBUG  ]  No samples found: sargasso
[2019-11-19 07:16:18,928] multiqc                                            [DEBUG  ]  No samples found: verifybamid
[2019-11-19 07:16:18,931] multiqc                                            [DEBUG  ]  No samples found: mirtrace
[2019-11-19 07:16:18,935] multiqc                                            [DEBUG  ]  No samples found: happy
[2019-11-19 07:16:18,940] multiqc                                            [DEBUG  ]  No samples found: homer
[2019-11-19 07:16:18,943] multiqc                                            [DEBUG  ]  No samples found: macs2
[2019-11-19 07:16:18,946] multiqc                                            [DEBUG  ]  No samples found: theta2
[2019-11-19 07:16:18,950] multiqc                                            [DEBUG  ]  No samples found: snpeff
[2019-11-19 07:16:18,955] multiqc                                            [DEBUG  ]  No samples found: gatk
[2019-11-19 07:16:18,958] multiqc                                            [DEBUG  ]  No samples found: htseq
[2019-11-19 07:16:18,962] multiqc                                            [DEBUG  ]  No samples found: bcftools
[2019-11-19 07:16:18,966] multiqc                                            [DEBUG  ]  No samples found: featureCounts
[2019-11-19 07:16:18,969] multiqc                                            [DEBUG  ]  No samples found: dedup
[2019-11-19 07:16:18,972] multiqc                                            [DEBUG  ]  No samples found: damageprofiler
[2019-11-19 07:16:18,982] multiqc                                            [DEBUG  ]  No samples found: picard
[2019-11-19 07:16:18,986] multiqc                                            [DEBUG  ]  No samples found: prokka
[2019-11-19 07:16:18,989] multiqc                                            [DEBUG  ]  No samples found: samblaster
[2019-11-19 07:16:18,995] multiqc                                            [DEBUG  ]  No samples found: samtools
[2019-11-19 07:16:18,999] multiqc                                            [DEBUG  ]  No samples found: bamtools
[2019-11-19 07:16:19,002] multiqc                                            [DEBUG  ]  No samples found: jellyfish
[2019-11-19 07:16:19,007] multiqc                                            [DEBUG  ]  No samples found: vcftools
[2019-11-19 07:16:19,010] multiqc                                            [DEBUG  ]  No samples found: longranger
[2019-11-19 07:16:19,014] multiqc                                            [DEBUG  ]  No samples found: stacks
[2019-11-19 07:16:19,023] multiqc                                            [DEBUG  ]  No samples found: bbmap
[2019-11-19 07:16:19,027] multiqc                                            [DEBUG  ]  No samples found: bismark
[2019-11-19 07:16:19,032] multiqc                                            [DEBUG  ]  No samples found: biscuit
[2019-11-19 07:16:19,037] multiqc                                            [DEBUG  ]  No samples found: hicexplorer
[2019-11-19 07:16:19,043] multiqc                                            [DEBUG  ]  No samples found: hicup
[2019-11-19 07:16:19,047] multiqc                                            [DEBUG  ]  No samples found: hicpro
[2019-11-19 07:16:19,051] multiqc                                            [DEBUG  ]  No samples found: salmon
[2019-11-19 07:16:19,055] multiqc                                            [DEBUG  ]  No samples found: kallisto
[2019-11-19 07:16:19,058] multiqc                                            [DEBUG  ]  No samples found: slamdunk
[2019-11-19 07:16:19,062] multiqc                                            [DEBUG  ]  No samples found: star
[2019-11-19 07:16:19,065] multiqc                                            [DEBUG  ]  No samples found: hisat2
[2019-11-19 07:16:19,068] multiqc                                            [DEBUG  ]  No samples found: tophat
[2019-11-19 07:16:19,072] multiqc                                            [DEBUG  ]  No samples found: bowtie2
[2019-11-19 07:16:19,075] multiqc                                            [DEBUG  ]  No samples found: bowtie1
[2019-11-19 07:16:19,079] multiqc                                            [DEBUG  ]  No samples found: kat
[2019-11-19 07:16:19,082] multiqc                                            [DEBUG  ]  No samples found: leehom
[2019-11-19 07:16:19,086] multiqc                                            [DEBUG  ]  No samples found: adapterRemoval
[2019-11-19 07:16:19,089] multiqc                                            [DEBUG  ]  No samples found: clipandmerge
[2019-11-19 07:16:19,092] multiqc                                            [DEBUG  ]  No samples found: cutadapt
[2019-11-19 07:16:19,096] multiqc                                            [DEBUG  ]  No samples found: flexbar
[2019-11-19 07:16:19,099] multiqc                                            [DEBUG  ]  No samples found: trimmomatic
[2019-11-19 07:16:19,103] multiqc                                            [DEBUG  ]  No samples found: skewer
[2019-11-19 07:16:19,106] multiqc                                            [DEBUG  ]  No samples found: sortmerna
[2019-11-19 07:16:19,110] multiqc                                            [DEBUG  ]  No samples found: biobloomtools
[2019-11-19 07:16:19,113] multiqc                                            [DEBUG  ]  No samples found: fastq_screen
[2019-11-19 07:16:19,117] multiqc                                            [DEBUG  ]  No samples found: afterqc
[2019-11-19 07:16:19,121] multiqc                                            [DEBUG  ]  No samples found: fastp
[2019-11-19 07:16:19,128] multiqc.modules.fastqc.fastqc                      [INFO   ]  Found 1 reports
[2019-11-19 07:16:19,180] multiqc                                            [DEBUG  ]  No samples found: minionqc
[2019-11-19 07:16:19,184] multiqc                                            [DEBUG  ]  No samples found: clusterflow
[2019-11-19 07:16:19,188] multiqc                                            [DEBUG  ]  No samples found: bcl2fastq
[2019-11-19 07:16:19,191] multiqc                                            [DEBUG  ]  No samples found: interop
[2019-11-19 07:16:19,195] multiqc                                            [DEBUG  ]  No samples found: flash
[2019-11-19 07:16:19,198] multiqc                                            [INFO   ]  Compressing plot data
[2019-11-19 07:16:19,230] multiqc                                            [INFO   ]  Report      : ../../../../../../../data/multiqc_report.html
[2019-11-19 07:16:19,230] multiqc                                            [INFO   ]  Data        : ../../../../../../../data/multiqc_data
[2019-11-19 07:16:19,231] multiqc                                            [DEBUG  ]  Moving data file from '/tmp/tmpxer1zmk7/multiqc_data/multiqc_general_stats.txt' to '/data/multiqc_data'
[2019-11-19 07:16:19,231] multiqc                                            [DEBUG  ]  Moving data file from '/tmp/tmpxer1zmk7/multiqc_data/multiqc_fastqc.txt' to '/data/multiqc_data'
[2019-11-19 07:16:19,231] multiqc                                            [DEBUG  ]  Moving data file from '/tmp/tmpxer1zmk7/multiqc_data/multiqc_data.json' to '/data/multiqc_data'
[2019-11-19 07:16:19,232] multiqc                                            [DEBUG  ]  Moving data file from '/tmp/tmpxer1zmk7/multiqc_data/multiqc_sources.txt' to '/data/multiqc_data'
[2019-11-19 07:16:19,355] multiqc                                            [INFO   ]  MultiQC complete
