[2019-11-19 09:46:39,238] multiqc                                            [DEBUG  ]  No MultiQC config found: /usr/lib/python3.6/site-packages/multiqc-1.7-py3.6.egg/multiqc_config.yaml
[2019-11-19 09:46:39,238] multiqc                                            [DEBUG  ]  No MultiQC config found: /root/.multiqc_config.yaml
[2019-11-19 09:46:39,238] multiqc                                            [DEBUG  ]  No MultiQC config found: multiqc_config.yaml
[2019-11-19 09:46:39,238] multiqc                                            [DEBUG  ]  Command used: /usr/bin/multiqc /data/HG00123.unmapped.ILLUMINA.bwa.GBR.low_coverage.20101123_fastqc.zip -o /data
[2019-11-19 09:46:41,175] multiqc                                            [DEBUG  ]  Latest MultiQC version is v1.7
[2019-11-19 09:46:41,175] multiqc                                            [INFO   ]  This is MultiQC v1.7
[2019-11-19 09:46:41,175] multiqc                                            [DEBUG  ]  Command     : /usr/bin/multiqc /data/HG00123.unmapped.ILLUMINA.bwa.GBR.low_coverage.20101123_fastqc.zip -o /data
[2019-11-19 09:46:41,175] multiqc                                            [DEBUG  ]  Working dir : /var/lib/toil/toil-9b56b740-ccba-4b13-b998-c6aabca34938-69d14ae953f0400cbe6f0dc87a7486c9/tmpuEkZ6J/a91871e8-ba6f-49b6-b46a-aa3c6dce2d67/tFJ8ULo
[2019-11-19 09:46:41,175] multiqc                                            [INFO   ]  Template    : default
[2019-11-19 09:46:41,175] multiqc                                            [INFO   ]  Searching '/data/HG00123.unmapped.ILLUMINA.bwa.GBR.low_coverage.20101123_fastqc.zip'
[2019-11-19 09:46:41,176] multiqc                                            [DEBUG  ]  Analysing modules: custom_content, conpair, peddy, methylQA, phantompeakqualtools, qualimap, preseq, quast, qorts, rna_seqc, rsem, rseqc, busco, goleft_indexcov, disambiguate, supernova, deeptools, sargasso, verifybamid, mirtrace, happy, homer, macs2, theta2, snpeff, gatk, htseq, bcftools, featureCounts, dedup, damageprofiler, picard, prokka, samblaster, samtools, bamtools, jellyfish, vcftools, longranger, stacks, bbmap, bismark, biscuit, hicexplorer, hicup, hicpro, salmon, kallisto, slamdunk, star, hisat2, tophat, bowtie2, bowtie1, kat, leehom, adapterRemoval, clipandmerge, cutadapt, flexbar, trimmomatic, skewer, sortmerna, biobloomtools, fastq_screen, afterqc, fastp, fastqc, minionqc, clusterflow, bcl2fastq, interop, flash
[2019-11-19 09:46:41,176] multiqc                                            [DEBUG  ]  Using temporary directory for creating report: /tmp/tmpzai_5kjd
[2019-11-19 09:46:42,224] multiqc                                            [DEBUG  ]  No samples found: custom_content
[2019-11-19 09:46:42,231] multiqc                                            [DEBUG  ]  No samples found: conpair
[2019-11-19 09:46:42,238] multiqc                                            [DEBUG  ]  No samples found: peddy
[2019-11-19 09:46:42,244] multiqc                                            [DEBUG  ]  No samples found: methylQA
[2019-11-19 09:46:42,251] multiqc                                            [DEBUG  ]  No samples found: phantompeakqualtools
[2019-11-19 09:46:42,260] multiqc                                            [DEBUG  ]  No samples found: qualimap
[2019-11-19 09:46:42,267] multiqc                                            [DEBUG  ]  No samples found: preseq
[2019-11-19 09:46:42,274] multiqc                                            [DEBUG  ]  No samples found: quast
[2019-11-19 09:46:42,281] multiqc                                            [DEBUG  ]  No samples found: qorts
[2019-11-19 09:46:42,289] multiqc                                            [DEBUG  ]  No samples found: rna_seqc
[2019-11-19 09:46:42,295] multiqc                                            [DEBUG  ]  No samples found: rsem
[2019-11-19 09:46:42,308] multiqc                                            [DEBUG  ]  No samples found: rseqc
[2019-11-19 09:46:42,314] multiqc                                            [DEBUG  ]  No samples found: busco
[2019-11-19 09:46:42,321] multiqc                                            [DEBUG  ]  No samples found: goleft_indexcov
[2019-11-19 09:46:42,328] multiqc                                            [DEBUG  ]  No samples found: disambiguate
[2019-11-19 09:46:42,335] multiqc                                            [DEBUG  ]  No samples found: supernova
[2019-11-19 09:46:42,349] multiqc                                            [DEBUG  ]  No samples found: deeptools
[2019-11-19 09:46:42,355] multiqc                                            [DEBUG  ]  No samples found: sargasso
[2019-11-19 09:46:42,362] multiqc                                            [DEBUG  ]  No samples found: verifybamid
[2019-11-19 09:46:42,369] multiqc                                            [DEBUG  ]  No samples found: mirtrace
[2019-11-19 09:46:42,376] multiqc                                            [DEBUG  ]  No samples found: happy
[2019-11-19 09:46:42,384] multiqc                                            [DEBUG  ]  No samples found: homer
[2019-11-19 09:46:42,391] multiqc                                            [DEBUG  ]  No samples found: macs2
[2019-11-19 09:46:42,398] multiqc                                            [DEBUG  ]  No samples found: theta2
[2019-11-19 09:46:42,404] multiqc                                            [DEBUG  ]  No samples found: snpeff
[2019-11-19 09:46:42,414] multiqc                                            [DEBUG  ]  No samples found: gatk
[2019-11-19 09:46:42,420] multiqc                                            [DEBUG  ]  No samples found: htseq
[2019-11-19 09:46:42,428] multiqc                                            [DEBUG  ]  No samples found: bcftools
[2019-11-19 09:46:42,435] multiqc                                            [DEBUG  ]  No samples found: featureCounts
[2019-11-19 09:46:42,441] multiqc                                            [DEBUG  ]  No samples found: dedup
[2019-11-19 09:46:42,448] multiqc                                            [DEBUG  ]  No samples found: damageprofiler
[2019-11-19 09:46:42,466] multiqc                                            [DEBUG  ]  No samples found: picard
[2019-11-19 09:46:42,473] multiqc                                            [DEBUG  ]  No samples found: prokka
[2019-11-19 09:46:42,479] multiqc                                            [DEBUG  ]  No samples found: samblaster
[2019-11-19 09:46:42,489] multiqc                                            [DEBUG  ]  No samples found: samtools
[2019-11-19 09:46:42,497] multiqc                                            [DEBUG  ]  No samples found: bamtools
[2019-11-19 09:46:42,503] multiqc                                            [DEBUG  ]  No samples found: jellyfish
[2019-11-19 09:46:42,513] multiqc                                            [DEBUG  ]  No samples found: vcftools
[2019-11-19 09:46:42,520] multiqc                                            [DEBUG  ]  No samples found: longranger
[2019-11-19 09:46:42,527] multiqc                                            [DEBUG  ]  No samples found: stacks
[2019-11-19 09:46:42,542] multiqc                                            [DEBUG  ]  No samples found: bbmap
[2019-11-19 09:46:42,549] multiqc                                            [DEBUG  ]  No samples found: bismark
[2019-11-19 09:46:42,557] multiqc                                            [DEBUG  ]  No samples found: biscuit
[2019-11-19 09:46:42,564] multiqc                                            [DEBUG  ]  No samples found: hicexplorer
[2019-11-19 09:46:42,571] multiqc                                            [DEBUG  ]  No samples found: hicup
[2019-11-19 09:46:42,577] multiqc                                            [DEBUG  ]  No samples found: hicpro
[2019-11-19 09:46:42,584] multiqc                                            [DEBUG  ]  No samples found: salmon
[2019-11-19 09:46:42,591] multiqc                                            [DEBUG  ]  No samples found: kallisto
[2019-11-19 09:46:42,598] multiqc                                            [DEBUG  ]  No samples found: slamdunk
[2019-11-19 09:46:42,605] multiqc                                            [DEBUG  ]  No samples found: star
[2019-11-19 09:46:42,612] multiqc                                            [DEBUG  ]  No samples found: hisat2
[2019-11-19 09:46:42,619] multiqc                                            [DEBUG  ]  No samples found: tophat
[2019-11-19 09:46:42,625] multiqc                                            [DEBUG  ]  No samples found: bowtie2
[2019-11-19 09:46:42,632] multiqc                                            [DEBUG  ]  No samples found: bowtie1
[2019-11-19 09:46:42,639] multiqc                                            [DEBUG  ]  No samples found: kat
[2019-11-19 09:46:42,645] multiqc                                            [DEBUG  ]  No samples found: leehom
[2019-11-19 09:46:42,652] multiqc                                            [DEBUG  ]  No samples found: adapterRemoval
[2019-11-19 09:46:42,659] multiqc                                            [DEBUG  ]  No samples found: clipandmerge
[2019-11-19 09:46:42,666] multiqc                                            [DEBUG  ]  No samples found: cutadapt
[2019-11-19 09:46:42,672] multiqc                                            [DEBUG  ]  No samples found: flexbar
[2019-11-19 09:46:42,679] multiqc                                            [DEBUG  ]  No samples found: trimmomatic
[2019-11-19 09:46:42,686] multiqc                                            [DEBUG  ]  No samples found: skewer
[2019-11-19 09:46:42,693] multiqc                                            [DEBUG  ]  No samples found: sortmerna
[2019-11-19 09:46:42,700] multiqc                                            [DEBUG  ]  No samples found: biobloomtools
[2019-11-19 09:46:42,707] multiqc                                            [DEBUG  ]  No samples found: fastq_screen
[2019-11-19 09:46:42,714] multiqc                                            [DEBUG  ]  No samples found: afterqc
[2019-11-19 09:46:42,723] multiqc                                            [DEBUG  ]  No samples found: fastp
[2019-11-19 09:46:42,736] multiqc.modules.fastqc.fastqc                      [INFO   ]  Found 1 reports
[2019-11-19 09:46:42,854] multiqc                                            [DEBUG  ]  No samples found: minionqc
[2019-11-19 09:46:42,861] multiqc                                            [DEBUG  ]  No samples found: clusterflow
[2019-11-19 09:46:42,868] multiqc                                            [DEBUG  ]  No samples found: bcl2fastq
[2019-11-19 09:46:42,874] multiqc                                            [DEBUG  ]  No samples found: interop
[2019-11-19 09:46:42,881] multiqc                                            [DEBUG  ]  No samples found: flash
[2019-11-19 09:46:42,886] multiqc                                            [INFO   ]  Compressing plot data
[2019-11-19 09:46:42,942] multiqc                                            [INFO   ]  Report      : ../../../../../../../data/multiqc_report.html
[2019-11-19 09:46:42,942] multiqc                                            [INFO   ]  Data        : ../../../../../../../data/multiqc_data
[2019-11-19 09:46:42,942] multiqc                                            [DEBUG  ]  Moving data file from '/tmp/tmpzai_5kjd/multiqc_data/multiqc_general_stats.txt' to '/data/multiqc_data'
[2019-11-19 09:46:42,943] multiqc                                            [DEBUG  ]  Moving data file from '/tmp/tmpzai_5kjd/multiqc_data/multiqc_fastqc.txt' to '/data/multiqc_data'
[2019-11-19 09:46:42,943] multiqc                                            [DEBUG  ]  Moving data file from '/tmp/tmpzai_5kjd/multiqc_data/multiqc_data.json' to '/data/multiqc_data'
[2019-11-19 09:46:42,944] multiqc                                            [DEBUG  ]  Moving data file from '/tmp/tmpzai_5kjd/multiqc_data/multiqc_sources.txt' to '/data/multiqc_data'
[2019-11-19 09:46:43,159] multiqc                                            [INFO   ]  MultiQC complete
