[2019-11-19 13:13:53,655] multiqc                                            [DEBUG  ]  No MultiQC config found: /usr/lib/python3.6/site-packages/multiqc-1.7-py3.6.egg/multiqc_config.yaml
[2019-11-19 13:13:53,655] multiqc                                            [DEBUG  ]  No MultiQC config found: /root/.multiqc_config.yaml
[2019-11-19 13:13:53,655] multiqc                                            [DEBUG  ]  No MultiQC config found: multiqc_config.yaml
[2019-11-19 13:13:53,655] multiqc                                            [DEBUG  ]  Command used: /usr/bin/multiqc /data/HG00186.unmapped.ILLUMINA.bwa.FIN.low_coverage.20101123_fastqc.zip -o /data
[2019-11-19 13:13:55,371] multiqc                                            [DEBUG  ]  Latest MultiQC version is v1.7
[2019-11-19 13:13:55,372] multiqc                                            [INFO   ]  This is MultiQC v1.7
[2019-11-19 13:13:55,372] multiqc                                            [DEBUG  ]  Command     : /usr/bin/multiqc /data/HG00186.unmapped.ILLUMINA.bwa.FIN.low_coverage.20101123_fastqc.zip -o /data
[2019-11-19 13:13:55,372] multiqc                                            [DEBUG  ]  Working dir : /var/lib/toil/toil-9b56b740-ccba-4b13-b998-c6aabca34938-69d14ae953f0400cbe6f0dc87a7486c9/tmp1k3gYq/c9e30a18-1ba2-44fd-bf9d-bcf09d334984/t4JYYvn
[2019-11-19 13:13:55,372] multiqc                                            [INFO   ]  Template    : default
[2019-11-19 13:13:55,372] multiqc                                            [INFO   ]  Searching '/data/HG00186.unmapped.ILLUMINA.bwa.FIN.low_coverage.20101123_fastqc.zip'
[2019-11-19 13:13:55,373] multiqc                                            [DEBUG  ]  Analysing modules: custom_content, conpair, peddy, methylQA, phantompeakqualtools, qualimap, preseq, quast, qorts, rna_seqc, rsem, rseqc, busco, goleft_indexcov, disambiguate, supernova, deeptools, sargasso, verifybamid, mirtrace, happy, homer, macs2, theta2, snpeff, gatk, htseq, bcftools, featureCounts, dedup, damageprofiler, picard, prokka, samblaster, samtools, bamtools, jellyfish, vcftools, longranger, stacks, bbmap, bismark, biscuit, hicexplorer, hicup, hicpro, salmon, kallisto, slamdunk, star, hisat2, tophat, bowtie2, bowtie1, kat, leehom, adapterRemoval, clipandmerge, cutadapt, flexbar, trimmomatic, skewer, sortmerna, biobloomtools, fastq_screen, afterqc, fastp, fastqc, minionqc, clusterflow, bcl2fastq, interop, flash
[2019-11-19 13:13:55,373] multiqc                                            [DEBUG  ]  Using temporary directory for creating report: /tmp/tmpy3rn278f
[2019-11-19 13:13:56,060] multiqc                                            [DEBUG  ]  No samples found: custom_content
[2019-11-19 13:13:56,065] multiqc                                            [DEBUG  ]  No samples found: conpair
[2019-11-19 13:13:56,071] multiqc                                            [DEBUG  ]  No samples found: peddy
[2019-11-19 13:13:56,079] multiqc                                            [DEBUG  ]  No samples found: methylQA
[2019-11-19 13:13:56,086] multiqc                                            [DEBUG  ]  No samples found: phantompeakqualtools
[2019-11-19 13:13:56,093] multiqc                                            [DEBUG  ]  No samples found: qualimap
[2019-11-19 13:13:56,099] multiqc                                            [DEBUG  ]  No samples found: preseq
[2019-11-19 13:13:56,106] multiqc                                            [DEBUG  ]  No samples found: quast
[2019-11-19 13:13:56,113] multiqc                                            [DEBUG  ]  No samples found: qorts
[2019-11-19 13:13:56,119] multiqc                                            [DEBUG  ]  No samples found: rna_seqc
[2019-11-19 13:13:56,125] multiqc                                            [DEBUG  ]  No samples found: rsem
[2019-11-19 13:13:56,137] multiqc                                            [DEBUG  ]  No samples found: rseqc
[2019-11-19 13:13:56,141] multiqc                                            [DEBUG  ]  No samples found: busco
[2019-11-19 13:13:56,145] multiqc                                            [DEBUG  ]  No samples found: goleft_indexcov
[2019-11-19 13:13:56,149] multiqc                                            [DEBUG  ]  No samples found: disambiguate
[2019-11-19 13:13:56,154] multiqc                                            [DEBUG  ]  No samples found: supernova
[2019-11-19 13:13:56,161] multiqc                                            [DEBUG  ]  No samples found: deeptools
[2019-11-19 13:13:56,166] multiqc                                            [DEBUG  ]  No samples found: sargasso
[2019-11-19 13:13:56,170] multiqc                                            [DEBUG  ]  No samples found: verifybamid
[2019-11-19 13:13:56,174] multiqc                                            [DEBUG  ]  No samples found: mirtrace
[2019-11-19 13:13:56,178] multiqc                                            [DEBUG  ]  No samples found: happy
[2019-11-19 13:13:56,184] multiqc                                            [DEBUG  ]  No samples found: homer
[2019-11-19 13:13:56,189] multiqc                                            [DEBUG  ]  No samples found: macs2
[2019-11-19 13:13:56,194] multiqc                                            [DEBUG  ]  No samples found: theta2
[2019-11-19 13:13:56,199] multiqc                                            [DEBUG  ]  No samples found: snpeff
[2019-11-19 13:13:56,206] multiqc                                            [DEBUG  ]  No samples found: gatk
[2019-11-19 13:13:56,212] multiqc                                            [DEBUG  ]  No samples found: htseq
[2019-11-19 13:13:56,217] multiqc                                            [DEBUG  ]  No samples found: bcftools
[2019-11-19 13:13:56,221] multiqc                                            [DEBUG  ]  No samples found: featureCounts
[2019-11-19 13:13:56,224] multiqc                                            [DEBUG  ]  No samples found: dedup
[2019-11-19 13:13:56,228] multiqc                                            [DEBUG  ]  No samples found: damageprofiler
[2019-11-19 13:13:56,238] multiqc                                            [DEBUG  ]  No samples found: picard
[2019-11-19 13:13:56,242] multiqc                                            [DEBUG  ]  No samples found: prokka
[2019-11-19 13:13:56,246] multiqc                                            [DEBUG  ]  No samples found: samblaster
[2019-11-19 13:13:56,253] multiqc                                            [DEBUG  ]  No samples found: samtools
[2019-11-19 13:13:56,257] multiqc                                            [DEBUG  ]  No samples found: bamtools
[2019-11-19 13:13:56,261] multiqc                                            [DEBUG  ]  No samples found: jellyfish
[2019-11-19 13:13:56,267] multiqc                                            [DEBUG  ]  No samples found: vcftools
[2019-11-19 13:13:56,271] multiqc                                            [DEBUG  ]  No samples found: longranger
[2019-11-19 13:13:56,275] multiqc                                            [DEBUG  ]  No samples found: stacks
[2019-11-19 13:13:56,284] multiqc                                            [DEBUG  ]  No samples found: bbmap
[2019-11-19 13:13:56,289] multiqc                                            [DEBUG  ]  No samples found: bismark
[2019-11-19 13:13:56,294] multiqc                                            [DEBUG  ]  No samples found: biscuit
[2019-11-19 13:13:56,298] multiqc                                            [DEBUG  ]  No samples found: hicexplorer
[2019-11-19 13:13:56,302] multiqc                                            [DEBUG  ]  No samples found: hicup
[2019-11-19 13:13:56,306] multiqc                                            [DEBUG  ]  No samples found: hicpro
[2019-11-19 13:13:56,311] multiqc                                            [DEBUG  ]  No samples found: salmon
[2019-11-19 13:13:56,315] multiqc                                            [DEBUG  ]  No samples found: kallisto
[2019-11-19 13:13:56,319] multiqc                                            [DEBUG  ]  No samples found: slamdunk
[2019-11-19 13:13:56,324] multiqc                                            [DEBUG  ]  No samples found: star
[2019-11-19 13:13:56,328] multiqc                                            [DEBUG  ]  No samples found: hisat2
[2019-11-19 13:13:56,333] multiqc                                            [DEBUG  ]  No samples found: tophat
[2019-11-19 13:13:56,337] multiqc                                            [DEBUG  ]  No samples found: bowtie2
[2019-11-19 13:13:56,342] multiqc                                            [DEBUG  ]  No samples found: bowtie1
[2019-11-19 13:13:56,346] multiqc                                            [DEBUG  ]  No samples found: kat
[2019-11-19 13:13:56,351] multiqc                                            [DEBUG  ]  No samples found: leehom
[2019-11-19 13:13:56,355] multiqc                                            [DEBUG  ]  No samples found: adapterRemoval
[2019-11-19 13:13:56,359] multiqc                                            [DEBUG  ]  No samples found: clipandmerge
[2019-11-19 13:13:56,363] multiqc                                            [DEBUG  ]  No samples found: cutadapt
[2019-11-19 13:13:56,367] multiqc                                            [DEBUG  ]  No samples found: flexbar
[2019-11-19 13:13:56,371] multiqc                                            [DEBUG  ]  No samples found: trimmomatic
[2019-11-19 13:13:56,375] multiqc                                            [DEBUG  ]  No samples found: skewer
[2019-11-19 13:13:56,379] multiqc                                            [DEBUG  ]  No samples found: sortmerna
[2019-11-19 13:13:56,383] multiqc                                            [DEBUG  ]  No samples found: biobloomtools
[2019-11-19 13:13:56,387] multiqc                                            [DEBUG  ]  No samples found: fastq_screen
[2019-11-19 13:13:56,392] multiqc                                            [DEBUG  ]  No samples found: afterqc
[2019-11-19 13:13:56,396] multiqc                                            [DEBUG  ]  No samples found: fastp
[2019-11-19 13:13:56,404] multiqc.modules.fastqc.fastqc                      [INFO   ]  Found 1 reports
[2019-11-19 13:13:56,457] multiqc                                            [DEBUG  ]  No samples found: minionqc
[2019-11-19 13:13:56,461] multiqc                                            [DEBUG  ]  No samples found: clusterflow
[2019-11-19 13:13:56,466] multiqc                                            [DEBUG  ]  No samples found: bcl2fastq
[2019-11-19 13:13:56,471] multiqc                                            [DEBUG  ]  No samples found: interop
[2019-11-19 13:13:56,475] multiqc                                            [DEBUG  ]  No samples found: flash
[2019-11-19 13:13:56,478] multiqc                                            [INFO   ]  Compressing plot data
[2019-11-19 13:13:56,510] multiqc                                            [INFO   ]  Report      : ../../../../../../../data/multiqc_report.html
[2019-11-19 13:13:56,510] multiqc                                            [INFO   ]  Data        : ../../../../../../../data/multiqc_data
[2019-11-19 13:13:56,511] multiqc                                            [DEBUG  ]  Moving data file from '/tmp/tmpy3rn278f/multiqc_data/multiqc_general_stats.txt' to '/data/multiqc_data'
[2019-11-19 13:13:56,511] multiqc                                            [DEBUG  ]  Moving data file from '/tmp/tmpy3rn278f/multiqc_data/multiqc_fastqc.txt' to '/data/multiqc_data'
[2019-11-19 13:13:56,511] multiqc                                            [DEBUG  ]  Moving data file from '/tmp/tmpy3rn278f/multiqc_data/multiqc_data.json' to '/data/multiqc_data'
[2019-11-19 13:13:56,512] multiqc                                            [DEBUG  ]  Moving data file from '/tmp/tmpy3rn278f/multiqc_data/multiqc_sources.txt' to '/data/multiqc_data'
[2019-11-19 13:13:56,649] multiqc                                            [INFO   ]  MultiQC complete
