[2019-11-19 15:00:12,217] multiqc                                            [DEBUG  ]  No MultiQC config found: /usr/lib/python3.6/site-packages/multiqc-1.7-py3.6.egg/multiqc_config.yaml
[2019-11-19 15:00:12,217] multiqc                                            [DEBUG  ]  No MultiQC config found: /root/.multiqc_config.yaml
[2019-11-19 15:00:12,217] multiqc                                            [DEBUG  ]  No MultiQC config found: multiqc_config.yaml
[2019-11-19 15:00:12,217] multiqc                                            [DEBUG  ]  Command used: /usr/bin/multiqc /data/HG00237.mapped.ILLUMINA.bwa.GBR.low_coverage.20101123_fastqc.zip -o /data
[2019-11-19 15:00:14,253] multiqc                                            [DEBUG  ]  Latest MultiQC version is v1.7
[2019-11-19 15:00:14,253] multiqc                                            [INFO   ]  This is MultiQC v1.7
[2019-11-19 15:00:14,253] multiqc                                            [DEBUG  ]  Command     : /usr/bin/multiqc /data/HG00237.mapped.ILLUMINA.bwa.GBR.low_coverage.20101123_fastqc.zip -o /data
[2019-11-19 15:00:14,253] multiqc                                            [DEBUG  ]  Working dir : /var/lib/toil/toil-9b56b740-ccba-4b13-b998-c6aabca34938-69d14ae953f0400cbe6f0dc87a7486c9/tmp8slnSY/5fb1789f-88f2-4a95-94d9-027e1813a76b/tW0sBtl
[2019-11-19 15:00:14,254] multiqc                                            [INFO   ]  Template    : default
[2019-11-19 15:00:14,254] multiqc                                            [INFO   ]  Searching '/data/HG00237.mapped.ILLUMINA.bwa.GBR.low_coverage.20101123_fastqc.zip'
[2019-11-19 15:00:14,254] multiqc                                            [DEBUG  ]  Analysing modules: custom_content, conpair, peddy, methylQA, phantompeakqualtools, qualimap, preseq, quast, qorts, rna_seqc, rsem, rseqc, busco, goleft_indexcov, disambiguate, supernova, deeptools, sargasso, verifybamid, mirtrace, happy, homer, macs2, theta2, snpeff, gatk, htseq, bcftools, featureCounts, dedup, damageprofiler, picard, prokka, samblaster, samtools, bamtools, jellyfish, vcftools, longranger, stacks, bbmap, bismark, biscuit, hicexplorer, hicup, hicpro, salmon, kallisto, slamdunk, star, hisat2, tophat, bowtie2, bowtie1, kat, leehom, adapterRemoval, clipandmerge, cutadapt, flexbar, trimmomatic, skewer, sortmerna, biobloomtools, fastq_screen, afterqc, fastp, fastqc, minionqc, clusterflow, bcl2fastq, interop, flash
[2019-11-19 15:00:14,254] multiqc                                            [DEBUG  ]  Using temporary directory for creating report: /tmp/tmp_36fliuu
[2019-11-19 15:00:14,933] multiqc                                            [DEBUG  ]  No samples found: custom_content
[2019-11-19 15:00:14,938] multiqc                                            [DEBUG  ]  No samples found: conpair
[2019-11-19 15:00:14,942] multiqc                                            [DEBUG  ]  No samples found: peddy
[2019-11-19 15:00:14,946] multiqc                                            [DEBUG  ]  No samples found: methylQA
[2019-11-19 15:00:14,950] multiqc                                            [DEBUG  ]  No samples found: phantompeakqualtools
[2019-11-19 15:00:14,955] multiqc                                            [DEBUG  ]  No samples found: qualimap
[2019-11-19 15:00:14,960] multiqc                                            [DEBUG  ]  No samples found: preseq
[2019-11-19 15:00:14,964] multiqc                                            [DEBUG  ]  No samples found: quast
[2019-11-19 15:00:14,968] multiqc                                            [DEBUG  ]  No samples found: qorts
[2019-11-19 15:00:14,973] multiqc                                            [DEBUG  ]  No samples found: rna_seqc
[2019-11-19 15:00:14,977] multiqc                                            [DEBUG  ]  No samples found: rsem
[2019-11-19 15:00:14,985] multiqc                                            [DEBUG  ]  No samples found: rseqc
[2019-11-19 15:00:14,990] multiqc                                            [DEBUG  ]  No samples found: busco
[2019-11-19 15:00:14,994] multiqc                                            [DEBUG  ]  No samples found: goleft_indexcov
[2019-11-19 15:00:14,999] multiqc                                            [DEBUG  ]  No samples found: disambiguate
[2019-11-19 15:00:15,003] multiqc                                            [DEBUG  ]  No samples found: supernova
[2019-11-19 15:00:15,013] multiqc                                            [DEBUG  ]  No samples found: deeptools
[2019-11-19 15:00:15,017] multiqc                                            [DEBUG  ]  No samples found: sargasso
[2019-11-19 15:00:15,022] multiqc                                            [DEBUG  ]  No samples found: verifybamid
[2019-11-19 15:00:15,026] multiqc                                            [DEBUG  ]  No samples found: mirtrace
[2019-11-19 15:00:15,030] multiqc                                            [DEBUG  ]  No samples found: happy
[2019-11-19 15:00:15,035] multiqc                                            [DEBUG  ]  No samples found: homer
[2019-11-19 15:00:15,039] multiqc                                            [DEBUG  ]  No samples found: macs2
[2019-11-19 15:00:15,043] multiqc                                            [DEBUG  ]  No samples found: theta2
[2019-11-19 15:00:15,047] multiqc                                            [DEBUG  ]  No samples found: snpeff
[2019-11-19 15:00:15,053] multiqc                                            [DEBUG  ]  No samples found: gatk
[2019-11-19 15:00:15,057] multiqc                                            [DEBUG  ]  No samples found: htseq
[2019-11-19 15:00:15,062] multiqc                                            [DEBUG  ]  No samples found: bcftools
[2019-11-19 15:00:15,066] multiqc                                            [DEBUG  ]  No samples found: featureCounts
[2019-11-19 15:00:15,070] multiqc                                            [DEBUG  ]  No samples found: dedup
[2019-11-19 15:00:15,074] multiqc                                            [DEBUG  ]  No samples found: damageprofiler
[2019-11-19 15:00:15,085] multiqc                                            [DEBUG  ]  No samples found: picard
[2019-11-19 15:00:15,089] multiqc                                            [DEBUG  ]  No samples found: prokka
[2019-11-19 15:00:15,093] multiqc                                            [DEBUG  ]  No samples found: samblaster
[2019-11-19 15:00:15,099] multiqc                                            [DEBUG  ]  No samples found: samtools
[2019-11-19 15:00:15,104] multiqc                                            [DEBUG  ]  No samples found: bamtools
[2019-11-19 15:00:15,108] multiqc                                            [DEBUG  ]  No samples found: jellyfish
[2019-11-19 15:00:15,114] multiqc                                            [DEBUG  ]  No samples found: vcftools
[2019-11-19 15:00:15,118] multiqc                                            [DEBUG  ]  No samples found: longranger
[2019-11-19 15:00:15,122] multiqc                                            [DEBUG  ]  No samples found: stacks
[2019-11-19 15:00:15,132] multiqc                                            [DEBUG  ]  No samples found: bbmap
[2019-11-19 15:00:15,137] multiqc                                            [DEBUG  ]  No samples found: bismark
[2019-11-19 15:00:15,142] multiqc                                            [DEBUG  ]  No samples found: biscuit
[2019-11-19 15:00:15,147] multiqc                                            [DEBUG  ]  No samples found: hicexplorer
[2019-11-19 15:00:15,151] multiqc                                            [DEBUG  ]  No samples found: hicup
[2019-11-19 15:00:15,155] multiqc                                            [DEBUG  ]  No samples found: hicpro
[2019-11-19 15:00:15,159] multiqc                                            [DEBUG  ]  No samples found: salmon
[2019-11-19 15:00:15,163] multiqc                                            [DEBUG  ]  No samples found: kallisto
[2019-11-19 15:00:15,167] multiqc                                            [DEBUG  ]  No samples found: slamdunk
[2019-11-19 15:00:15,172] multiqc                                            [DEBUG  ]  No samples found: star
[2019-11-19 15:00:15,175] multiqc                                            [DEBUG  ]  No samples found: hisat2
[2019-11-19 15:00:15,180] multiqc                                            [DEBUG  ]  No samples found: tophat
[2019-11-19 15:00:15,184] multiqc                                            [DEBUG  ]  No samples found: bowtie2
[2019-11-19 15:00:15,188] multiqc                                            [DEBUG  ]  No samples found: bowtie1
[2019-11-19 15:00:15,192] multiqc                                            [DEBUG  ]  No samples found: kat
[2019-11-19 15:00:15,196] multiqc                                            [DEBUG  ]  No samples found: leehom
[2019-11-19 15:00:15,200] multiqc                                            [DEBUG  ]  No samples found: adapterRemoval
[2019-11-19 15:00:15,204] multiqc                                            [DEBUG  ]  No samples found: clipandmerge
[2019-11-19 15:00:15,209] multiqc                                            [DEBUG  ]  No samples found: cutadapt
[2019-11-19 15:00:15,213] multiqc                                            [DEBUG  ]  No samples found: flexbar
[2019-11-19 15:00:15,217] multiqc                                            [DEBUG  ]  No samples found: trimmomatic
[2019-11-19 15:00:15,221] multiqc                                            [DEBUG  ]  No samples found: skewer
[2019-11-19 15:00:15,225] multiqc                                            [DEBUG  ]  No samples found: sortmerna
[2019-11-19 15:00:15,229] multiqc                                            [DEBUG  ]  No samples found: biobloomtools
[2019-11-19 15:00:15,233] multiqc                                            [DEBUG  ]  No samples found: fastq_screen
[2019-11-19 15:00:15,237] multiqc                                            [DEBUG  ]  No samples found: afterqc
[2019-11-19 15:00:15,241] multiqc                                            [DEBUG  ]  No samples found: fastp
[2019-11-19 15:00:15,248] multiqc.modules.fastqc.fastqc                      [INFO   ]  Found 1 reports
[2019-11-19 15:00:15,310] multiqc                                            [DEBUG  ]  No samples found: minionqc
[2019-11-19 15:00:15,314] multiqc                                            [DEBUG  ]  No samples found: clusterflow
[2019-11-19 15:00:15,318] multiqc                                            [DEBUG  ]  No samples found: bcl2fastq
[2019-11-19 15:00:15,323] multiqc                                            [DEBUG  ]  No samples found: interop
[2019-11-19 15:00:15,328] multiqc                                            [DEBUG  ]  No samples found: flash
[2019-11-19 15:00:15,330] multiqc                                            [INFO   ]  Compressing plot data
[2019-11-19 15:00:15,358] multiqc                                            [INFO   ]  Report      : ../../../../../../../data/multiqc_report.html
[2019-11-19 15:00:15,358] multiqc                                            [INFO   ]  Data        : ../../../../../../../data/multiqc_data
[2019-11-19 15:00:15,358] multiqc                                            [DEBUG  ]  Moving data file from '/tmp/tmp_36fliuu/multiqc_data/multiqc_general_stats.txt' to '/data/multiqc_data'
[2019-11-19 15:00:15,358] multiqc                                            [DEBUG  ]  Moving data file from '/tmp/tmp_36fliuu/multiqc_data/multiqc_fastqc.txt' to '/data/multiqc_data'
[2019-11-19 15:00:15,358] multiqc                                            [DEBUG  ]  Moving data file from '/tmp/tmp_36fliuu/multiqc_data/multiqc_data.json' to '/data/multiqc_data'
[2019-11-19 15:00:15,359] multiqc                                            [DEBUG  ]  Moving data file from '/tmp/tmp_36fliuu/multiqc_data/multiqc_sources.txt' to '/data/multiqc_data'
[2019-11-19 15:00:15,486] multiqc                                            [INFO   ]  MultiQC complete
