[2019-11-19 07:12:48,614] multiqc                                            [DEBUG  ]  No MultiQC config found: /usr/lib/python3.6/site-packages/multiqc-1.7-py3.6.egg/multiqc_config.yaml
[2019-11-19 07:12:48,614] multiqc                                            [DEBUG  ]  No MultiQC config found: /root/.multiqc_config.yaml
[2019-11-19 07:12:48,614] multiqc                                            [DEBUG  ]  No MultiQC config found: multiqc_config.yaml
[2019-11-19 07:12:48,614] multiqc                                            [DEBUG  ]  Command used: /usr/bin/multiqc /data/HG00104.unmapped.SOLID.bfast.GBR.low_coverage.20101123_fastqc.zip -o /data
[2019-11-19 07:12:50,642] multiqc                                            [DEBUG  ]  Latest MultiQC version is v1.7
[2019-11-19 07:12:50,642] multiqc                                            [INFO   ]  This is MultiQC v1.7
[2019-11-19 07:12:50,642] multiqc                                            [DEBUG  ]  Command     : /usr/bin/multiqc /data/HG00104.unmapped.SOLID.bfast.GBR.low_coverage.20101123_fastqc.zip -o /data
[2019-11-19 07:12:50,642] multiqc                                            [DEBUG  ]  Working dir : /var/lib/toil/toil-9b56b740-ccba-4b13-b998-c6aabca34938-69d14ae953f0400cbe6f0dc87a7486c9/tmp0JOZ7C/e5c27c4e-b37b-4057-9979-9318c0da7d43/t9CslTZ
[2019-11-19 07:12:50,642] multiqc                                            [INFO   ]  Template    : default
[2019-11-19 07:12:50,642] multiqc                                            [INFO   ]  Searching '/data/HG00104.unmapped.SOLID.bfast.GBR.low_coverage.20101123_fastqc.zip'
[2019-11-19 07:12:50,643] multiqc                                            [DEBUG  ]  Analysing modules: custom_content, conpair, peddy, methylQA, phantompeakqualtools, qualimap, preseq, quast, qorts, rna_seqc, rsem, rseqc, busco, goleft_indexcov, disambiguate, supernova, deeptools, sargasso, verifybamid, mirtrace, happy, homer, macs2, theta2, snpeff, gatk, htseq, bcftools, featureCounts, dedup, damageprofiler, picard, prokka, samblaster, samtools, bamtools, jellyfish, vcftools, longranger, stacks, bbmap, bismark, biscuit, hicexplorer, hicup, hicpro, salmon, kallisto, slamdunk, star, hisat2, tophat, bowtie2, bowtie1, kat, leehom, adapterRemoval, clipandmerge, cutadapt, flexbar, trimmomatic, skewer, sortmerna, biobloomtools, fastq_screen, afterqc, fastp, fastqc, minionqc, clusterflow, bcl2fastq, interop, flash
[2019-11-19 07:12:50,643] multiqc                                            [DEBUG  ]  Using temporary directory for creating report: /tmp/tmpdx0z0u8i
[2019-11-19 07:12:51,330] multiqc                                            [DEBUG  ]  No samples found: custom_content
[2019-11-19 07:12:51,335] multiqc                                            [DEBUG  ]  No samples found: conpair
[2019-11-19 07:12:51,339] multiqc                                            [DEBUG  ]  No samples found: peddy
[2019-11-19 07:12:51,343] multiqc                                            [DEBUG  ]  No samples found: methylQA
[2019-11-19 07:12:51,348] multiqc                                            [DEBUG  ]  No samples found: phantompeakqualtools
[2019-11-19 07:12:51,353] multiqc                                            [DEBUG  ]  No samples found: qualimap
[2019-11-19 07:12:51,358] multiqc                                            [DEBUG  ]  No samples found: preseq
[2019-11-19 07:12:51,362] multiqc                                            [DEBUG  ]  No samples found: quast
[2019-11-19 07:12:51,366] multiqc                                            [DEBUG  ]  No samples found: qorts
[2019-11-19 07:12:51,370] multiqc                                            [DEBUG  ]  No samples found: rna_seqc
[2019-11-19 07:12:51,375] multiqc                                            [DEBUG  ]  No samples found: rsem
[2019-11-19 07:12:51,383] multiqc                                            [DEBUG  ]  No samples found: rseqc
[2019-11-19 07:12:51,388] multiqc                                            [DEBUG  ]  No samples found: busco
[2019-11-19 07:12:51,392] multiqc                                            [DEBUG  ]  No samples found: goleft_indexcov
[2019-11-19 07:12:51,397] multiqc                                            [DEBUG  ]  No samples found: disambiguate
[2019-11-19 07:12:51,402] multiqc                                            [DEBUG  ]  No samples found: supernova
[2019-11-19 07:12:51,412] multiqc                                            [DEBUG  ]  No samples found: deeptools
[2019-11-19 07:12:51,417] multiqc                                            [DEBUG  ]  No samples found: sargasso
[2019-11-19 07:12:51,422] multiqc                                            [DEBUG  ]  No samples found: verifybamid
[2019-11-19 07:12:51,426] multiqc                                            [DEBUG  ]  No samples found: mirtrace
[2019-11-19 07:12:51,431] multiqc                                            [DEBUG  ]  No samples found: happy
[2019-11-19 07:12:51,437] multiqc                                            [DEBUG  ]  No samples found: homer
[2019-11-19 07:12:51,441] multiqc                                            [DEBUG  ]  No samples found: macs2
[2019-11-19 07:12:51,445] multiqc                                            [DEBUG  ]  No samples found: theta2
[2019-11-19 07:12:51,449] multiqc                                            [DEBUG  ]  No samples found: snpeff
[2019-11-19 07:12:51,455] multiqc                                            [DEBUG  ]  No samples found: gatk
[2019-11-19 07:12:51,459] multiqc                                            [DEBUG  ]  No samples found: htseq
[2019-11-19 07:12:51,464] multiqc                                            [DEBUG  ]  No samples found: bcftools
[2019-11-19 07:12:51,468] multiqc                                            [DEBUG  ]  No samples found: featureCounts
[2019-11-19 07:12:51,472] multiqc                                            [DEBUG  ]  No samples found: dedup
[2019-11-19 07:12:51,476] multiqc                                            [DEBUG  ]  No samples found: damageprofiler
[2019-11-19 07:12:51,487] multiqc                                            [DEBUG  ]  No samples found: picard
[2019-11-19 07:12:51,492] multiqc                                            [DEBUG  ]  No samples found: prokka
[2019-11-19 07:12:51,495] multiqc                                            [DEBUG  ]  No samples found: samblaster
[2019-11-19 07:12:51,502] multiqc                                            [DEBUG  ]  No samples found: samtools
[2019-11-19 07:12:51,507] multiqc                                            [DEBUG  ]  No samples found: bamtools
[2019-11-19 07:12:51,511] multiqc                                            [DEBUG  ]  No samples found: jellyfish
[2019-11-19 07:12:51,517] multiqc                                            [DEBUG  ]  No samples found: vcftools
[2019-11-19 07:12:51,521] multiqc                                            [DEBUG  ]  No samples found: longranger
[2019-11-19 07:12:51,525] multiqc                                            [DEBUG  ]  No samples found: stacks
[2019-11-19 07:12:51,537] multiqc                                            [DEBUG  ]  No samples found: bbmap
[2019-11-19 07:12:51,542] multiqc                                            [DEBUG  ]  No samples found: bismark
[2019-11-19 07:12:51,547] multiqc                                            [DEBUG  ]  No samples found: biscuit
[2019-11-19 07:12:51,552] multiqc                                            [DEBUG  ]  No samples found: hicexplorer
[2019-11-19 07:12:51,557] multiqc                                            [DEBUG  ]  No samples found: hicup
[2019-11-19 07:12:51,561] multiqc                                            [DEBUG  ]  No samples found: hicpro
[2019-11-19 07:12:51,565] multiqc                                            [DEBUG  ]  No samples found: salmon
[2019-11-19 07:12:51,570] multiqc                                            [DEBUG  ]  No samples found: kallisto
[2019-11-19 07:12:51,576] multiqc                                            [DEBUG  ]  No samples found: slamdunk
[2019-11-19 07:12:51,580] multiqc                                            [DEBUG  ]  No samples found: star
[2019-11-19 07:12:51,584] multiqc                                            [DEBUG  ]  No samples found: hisat2
[2019-11-19 07:12:51,588] multiqc                                            [DEBUG  ]  No samples found: tophat
[2019-11-19 07:12:51,592] multiqc                                            [DEBUG  ]  No samples found: bowtie2
[2019-11-19 07:12:51,596] multiqc                                            [DEBUG  ]  No samples found: bowtie1
[2019-11-19 07:12:51,601] multiqc                                            [DEBUG  ]  No samples found: kat
[2019-11-19 07:12:51,605] multiqc                                            [DEBUG  ]  No samples found: leehom
[2019-11-19 07:12:51,609] multiqc                                            [DEBUG  ]  No samples found: adapterRemoval
[2019-11-19 07:12:51,613] multiqc                                            [DEBUG  ]  No samples found: clipandmerge
[2019-11-19 07:12:51,617] multiqc                                            [DEBUG  ]  No samples found: cutadapt
[2019-11-19 07:12:51,621] multiqc                                            [DEBUG  ]  No samples found: flexbar
[2019-11-19 07:12:51,625] multiqc                                            [DEBUG  ]  No samples found: trimmomatic
[2019-11-19 07:12:51,630] multiqc                                            [DEBUG  ]  No samples found: skewer
[2019-11-19 07:12:51,634] multiqc                                            [DEBUG  ]  No samples found: sortmerna
[2019-11-19 07:12:51,638] multiqc                                            [DEBUG  ]  No samples found: biobloomtools
[2019-11-19 07:12:51,642] multiqc                                            [DEBUG  ]  No samples found: fastq_screen
[2019-11-19 07:12:51,646] multiqc                                            [DEBUG  ]  No samples found: afterqc
[2019-11-19 07:12:51,650] multiqc                                            [DEBUG  ]  No samples found: fastp
[2019-11-19 07:12:51,659] multiqc.modules.fastqc.fastqc                      [INFO   ]  Found 1 reports
[2019-11-19 07:12:51,709] multiqc                                            [DEBUG  ]  No samples found: minionqc
[2019-11-19 07:12:51,715] multiqc                                            [DEBUG  ]  No samples found: clusterflow
[2019-11-19 07:12:51,719] multiqc                                            [DEBUG  ]  No samples found: bcl2fastq
[2019-11-19 07:12:51,724] multiqc                                            [DEBUG  ]  No samples found: interop
[2019-11-19 07:12:51,728] multiqc                                            [DEBUG  ]  No samples found: flash
[2019-11-19 07:12:51,730] multiqc                                            [INFO   ]  Compressing plot data
[2019-11-19 07:12:51,760] multiqc                                            [INFO   ]  Report      : ../../../../../../../data/multiqc_report.html
[2019-11-19 07:12:51,761] multiqc                                            [INFO   ]  Data        : ../../../../../../../data/multiqc_data
[2019-11-19 07:12:51,761] multiqc                                            [DEBUG  ]  Moving data file from '/tmp/tmpdx0z0u8i/multiqc_data/multiqc_general_stats.txt' to '/data/multiqc_data'
[2019-11-19 07:12:51,761] multiqc                                            [DEBUG  ]  Moving data file from '/tmp/tmpdx0z0u8i/multiqc_data/multiqc_fastqc.txt' to '/data/multiqc_data'
[2019-11-19 07:12:51,761] multiqc                                            [DEBUG  ]  Moving data file from '/tmp/tmpdx0z0u8i/multiqc_data/multiqc_data.json' to '/data/multiqc_data'
[2019-11-19 07:12:51,762] multiqc                                            [DEBUG  ]  Moving data file from '/tmp/tmpdx0z0u8i/multiqc_data/multiqc_sources.txt' to '/data/multiqc_data'
[2019-11-19 07:12:51,894] multiqc                                            [INFO   ]  MultiQC complete
