[2019-11-19 12:57:59,602] multiqc                                            [DEBUG  ]  No MultiQC config found: /usr/lib/python3.6/site-packages/multiqc-1.7-py3.6.egg/multiqc_config.yaml
[2019-11-19 12:57:59,602] multiqc                                            [DEBUG  ]  No MultiQC config found: /root/.multiqc_config.yaml
[2019-11-19 12:57:59,602] multiqc                                            [DEBUG  ]  No MultiQC config found: multiqc_config.yaml
[2019-11-19 12:57:59,602] multiqc                                            [DEBUG  ]  Command used: /usr/bin/multiqc /data/HG00183.unmapped.ILLUMINA.bwa.FIN.low_coverage.20101123_fastqc.zip -o /data
[2019-11-19 12:58:01,389] multiqc                                            [DEBUG  ]  Latest MultiQC version is v1.7
[2019-11-19 12:58:01,389] multiqc                                            [INFO   ]  This is MultiQC v1.7
[2019-11-19 12:58:01,389] multiqc                                            [DEBUG  ]  Command     : /usr/bin/multiqc /data/HG00183.unmapped.ILLUMINA.bwa.FIN.low_coverage.20101123_fastqc.zip -o /data
[2019-11-19 12:58:01,389] multiqc                                            [DEBUG  ]  Working dir : /var/lib/toil/toil-9b56b740-ccba-4b13-b998-c6aabca34938-69d14ae953f0400cbe6f0dc87a7486c9/tmpaAtuVJ/0f1a71f5-9fbf-451e-a71f-b2394c6f56d8/tyz586z
[2019-11-19 12:58:01,389] multiqc                                            [INFO   ]  Template    : default
[2019-11-19 12:58:01,389] multiqc                                            [INFO   ]  Searching '/data/HG00183.unmapped.ILLUMINA.bwa.FIN.low_coverage.20101123_fastqc.zip'
[2019-11-19 12:58:01,390] multiqc                                            [DEBUG  ]  Analysing modules: custom_content, conpair, peddy, methylQA, phantompeakqualtools, qualimap, preseq, quast, qorts, rna_seqc, rsem, rseqc, busco, goleft_indexcov, disambiguate, supernova, deeptools, sargasso, verifybamid, mirtrace, happy, homer, macs2, theta2, snpeff, gatk, htseq, bcftools, featureCounts, dedup, damageprofiler, picard, prokka, samblaster, samtools, bamtools, jellyfish, vcftools, longranger, stacks, bbmap, bismark, biscuit, hicexplorer, hicup, hicpro, salmon, kallisto, slamdunk, star, hisat2, tophat, bowtie2, bowtie1, kat, leehom, adapterRemoval, clipandmerge, cutadapt, flexbar, trimmomatic, skewer, sortmerna, biobloomtools, fastq_screen, afterqc, fastp, fastqc, minionqc, clusterflow, bcl2fastq, interop, flash
[2019-11-19 12:58:01,390] multiqc                                            [DEBUG  ]  Using temporary directory for creating report: /tmp/tmpitiw_u6h
[2019-11-19 12:58:02,404] multiqc                                            [DEBUG  ]  No samples found: custom_content
[2019-11-19 12:58:02,411] multiqc                                            [DEBUG  ]  No samples found: conpair
[2019-11-19 12:58:02,417] multiqc                                            [DEBUG  ]  No samples found: peddy
[2019-11-19 12:58:02,423] multiqc                                            [DEBUG  ]  No samples found: methylQA
[2019-11-19 12:58:02,429] multiqc                                            [DEBUG  ]  No samples found: phantompeakqualtools
[2019-11-19 12:58:02,437] multiqc                                            [DEBUG  ]  No samples found: qualimap
[2019-11-19 12:58:02,444] multiqc                                            [DEBUG  ]  No samples found: preseq
[2019-11-19 12:58:02,450] multiqc                                            [DEBUG  ]  No samples found: quast
[2019-11-19 12:58:02,456] multiqc                                            [DEBUG  ]  No samples found: qorts
[2019-11-19 12:58:02,462] multiqc                                            [DEBUG  ]  No samples found: rna_seqc
[2019-11-19 12:58:02,468] multiqc                                            [DEBUG  ]  No samples found: rsem
[2019-11-19 12:58:02,479] multiqc                                            [DEBUG  ]  No samples found: rseqc
[2019-11-19 12:58:02,485] multiqc                                            [DEBUG  ]  No samples found: busco
[2019-11-19 12:58:02,491] multiqc                                            [DEBUG  ]  No samples found: goleft_indexcov
[2019-11-19 12:58:02,497] multiqc                                            [DEBUG  ]  No samples found: disambiguate
[2019-11-19 12:58:02,504] multiqc                                            [DEBUG  ]  No samples found: supernova
[2019-11-19 12:58:02,515] multiqc                                            [DEBUG  ]  No samples found: deeptools
[2019-11-19 12:58:02,521] multiqc                                            [DEBUG  ]  No samples found: sargasso
[2019-11-19 12:58:02,528] multiqc                                            [DEBUG  ]  No samples found: verifybamid
[2019-11-19 12:58:02,534] multiqc                                            [DEBUG  ]  No samples found: mirtrace
[2019-11-19 12:58:02,540] multiqc                                            [DEBUG  ]  No samples found: happy
[2019-11-19 12:58:02,548] multiqc                                            [DEBUG  ]  No samples found: homer
[2019-11-19 12:58:02,554] multiqc                                            [DEBUG  ]  No samples found: macs2
[2019-11-19 12:58:02,560] multiqc                                            [DEBUG  ]  No samples found: theta2
[2019-11-19 12:58:02,566] multiqc                                            [DEBUG  ]  No samples found: snpeff
[2019-11-19 12:58:02,575] multiqc                                            [DEBUG  ]  No samples found: gatk
[2019-11-19 12:58:02,581] multiqc                                            [DEBUG  ]  No samples found: htseq
[2019-11-19 12:58:02,587] multiqc                                            [DEBUG  ]  No samples found: bcftools
[2019-11-19 12:58:02,593] multiqc                                            [DEBUG  ]  No samples found: featureCounts
[2019-11-19 12:58:02,599] multiqc                                            [DEBUG  ]  No samples found: dedup
[2019-11-19 12:58:02,605] multiqc                                            [DEBUG  ]  No samples found: damageprofiler
[2019-11-19 12:58:02,620] multiqc                                            [DEBUG  ]  No samples found: picard
[2019-11-19 12:58:02,626] multiqc                                            [DEBUG  ]  No samples found: prokka
[2019-11-19 12:58:02,632] multiqc                                            [DEBUG  ]  No samples found: samblaster
[2019-11-19 12:58:02,641] multiqc                                            [DEBUG  ]  No samples found: samtools
[2019-11-19 12:58:02,648] multiqc                                            [DEBUG  ]  No samples found: bamtools
[2019-11-19 12:58:02,654] multiqc                                            [DEBUG  ]  No samples found: jellyfish
[2019-11-19 12:58:02,662] multiqc                                            [DEBUG  ]  No samples found: vcftools
[2019-11-19 12:58:02,668] multiqc                                            [DEBUG  ]  No samples found: longranger
[2019-11-19 12:58:02,675] multiqc                                            [DEBUG  ]  No samples found: stacks
[2019-11-19 12:58:02,687] multiqc                                            [DEBUG  ]  No samples found: bbmap
[2019-11-19 12:58:02,694] multiqc                                            [DEBUG  ]  No samples found: bismark
[2019-11-19 12:58:02,701] multiqc                                            [DEBUG  ]  No samples found: biscuit
[2019-11-19 12:58:02,708] multiqc                                            [DEBUG  ]  No samples found: hicexplorer
[2019-11-19 12:58:02,714] multiqc                                            [DEBUG  ]  No samples found: hicup
[2019-11-19 12:58:02,720] multiqc                                            [DEBUG  ]  No samples found: hicpro
[2019-11-19 12:58:02,726] multiqc                                            [DEBUG  ]  No samples found: salmon
[2019-11-19 12:58:02,733] multiqc                                            [DEBUG  ]  No samples found: kallisto
[2019-11-19 12:58:02,739] multiqc                                            [DEBUG  ]  No samples found: slamdunk
[2019-11-19 12:58:02,745] multiqc                                            [DEBUG  ]  No samples found: star
[2019-11-19 12:58:02,751] multiqc                                            [DEBUG  ]  No samples found: hisat2
[2019-11-19 12:58:02,757] multiqc                                            [DEBUG  ]  No samples found: tophat
[2019-11-19 12:58:02,764] multiqc                                            [DEBUG  ]  No samples found: bowtie2
[2019-11-19 12:58:02,769] multiqc                                            [DEBUG  ]  No samples found: bowtie1
[2019-11-19 12:58:02,773] multiqc                                            [DEBUG  ]  No samples found: kat
[2019-11-19 12:58:02,778] multiqc                                            [DEBUG  ]  No samples found: leehom
[2019-11-19 12:58:02,784] multiqc                                            [DEBUG  ]  No samples found: adapterRemoval
[2019-11-19 12:58:02,790] multiqc                                            [DEBUG  ]  No samples found: clipandmerge
[2019-11-19 12:58:02,795] multiqc                                            [DEBUG  ]  No samples found: cutadapt
[2019-11-19 12:58:02,801] multiqc                                            [DEBUG  ]  No samples found: flexbar
[2019-11-19 12:58:02,807] multiqc                                            [DEBUG  ]  No samples found: trimmomatic
[2019-11-19 12:58:02,812] multiqc                                            [DEBUG  ]  No samples found: skewer
[2019-11-19 12:58:02,818] multiqc                                            [DEBUG  ]  No samples found: sortmerna
[2019-11-19 12:58:02,823] multiqc                                            [DEBUG  ]  No samples found: biobloomtools
[2019-11-19 12:58:02,829] multiqc                                            [DEBUG  ]  No samples found: fastq_screen
[2019-11-19 12:58:02,835] multiqc                                            [DEBUG  ]  No samples found: afterqc
[2019-11-19 12:58:02,841] multiqc                                            [DEBUG  ]  No samples found: fastp
[2019-11-19 12:58:02,852] multiqc.modules.fastqc.fastqc                      [INFO   ]  Found 1 reports
[2019-11-19 12:58:02,938] multiqc                                            [DEBUG  ]  No samples found: minionqc
[2019-11-19 12:58:02,944] multiqc                                            [DEBUG  ]  No samples found: clusterflow
[2019-11-19 12:58:02,950] multiqc                                            [DEBUG  ]  No samples found: bcl2fastq
[2019-11-19 12:58:02,956] multiqc                                            [DEBUG  ]  No samples found: interop
[2019-11-19 12:58:02,961] multiqc                                            [DEBUG  ]  No samples found: flash
[2019-11-19 12:58:02,966] multiqc                                            [INFO   ]  Compressing plot data
[2019-11-19 12:58:03,020] multiqc                                            [INFO   ]  Report      : ../../../../../../../data/multiqc_report.html
[2019-11-19 12:58:03,020] multiqc                                            [INFO   ]  Data        : ../../../../../../../data/multiqc_data
[2019-11-19 12:58:03,020] multiqc                                            [DEBUG  ]  Moving data file from '/tmp/tmpitiw_u6h/multiqc_data/multiqc_general_stats.txt' to '/data/multiqc_data'
[2019-11-19 12:58:03,021] multiqc                                            [DEBUG  ]  Moving data file from '/tmp/tmpitiw_u6h/multiqc_data/multiqc_fastqc.txt' to '/data/multiqc_data'
[2019-11-19 12:58:03,021] multiqc                                            [DEBUG  ]  Moving data file from '/tmp/tmpitiw_u6h/multiqc_data/multiqc_data.json' to '/data/multiqc_data'
[2019-11-19 12:58:03,021] multiqc                                            [DEBUG  ]  Moving data file from '/tmp/tmpitiw_u6h/multiqc_data/multiqc_sources.txt' to '/data/multiqc_data'
[2019-11-19 12:58:03,207] multiqc                                            [INFO   ]  MultiQC complete
