[2019-11-19 15:35:33,901] multiqc                                            [DEBUG  ]  No MultiQC config found: /usr/lib/python3.6/site-packages/multiqc-1.7-py3.6.egg/multiqc_config.yaml
[2019-11-19 15:35:33,902] multiqc                                            [DEBUG  ]  No MultiQC config found: /root/.multiqc_config.yaml
[2019-11-19 15:35:33,902] multiqc                                            [DEBUG  ]  No MultiQC config found: multiqc_config.yaml
[2019-11-19 15:35:33,902] multiqc                                            [DEBUG  ]  Command used: /usr/bin/multiqc /data/HG00246.mapped.ILLUMINA.bwa.GBR.low_coverage.20101123_fastqc.zip -o /data
[2019-11-19 15:35:35,553] multiqc                                            [DEBUG  ]  Latest MultiQC version is v1.7
[2019-11-19 15:35:35,553] multiqc                                            [INFO   ]  This is MultiQC v1.7
[2019-11-19 15:35:35,553] multiqc                                            [DEBUG  ]  Command     : /usr/bin/multiqc /data/HG00246.mapped.ILLUMINA.bwa.GBR.low_coverage.20101123_fastqc.zip -o /data
[2019-11-19 15:35:35,553] multiqc                                            [DEBUG  ]  Working dir : /var/lib/toil/toil-9b56b740-ccba-4b13-b998-c6aabca34938-69d14ae953f0400cbe6f0dc87a7486c9/tmpdZPEcW/4e914dd4-821b-489b-a309-d9f8ea457f0d/t22aBee
[2019-11-19 15:35:35,553] multiqc                                            [INFO   ]  Template    : default
[2019-11-19 15:35:35,553] multiqc                                            [INFO   ]  Searching '/data/HG00246.mapped.ILLUMINA.bwa.GBR.low_coverage.20101123_fastqc.zip'
[2019-11-19 15:35:35,554] multiqc                                            [DEBUG  ]  Analysing modules: custom_content, conpair, peddy, methylQA, phantompeakqualtools, qualimap, preseq, quast, qorts, rna_seqc, rsem, rseqc, busco, goleft_indexcov, disambiguate, supernova, deeptools, sargasso, verifybamid, mirtrace, happy, homer, macs2, theta2, snpeff, gatk, htseq, bcftools, featureCounts, dedup, damageprofiler, picard, prokka, samblaster, samtools, bamtools, jellyfish, vcftools, longranger, stacks, bbmap, bismark, biscuit, hicexplorer, hicup, hicpro, salmon, kallisto, slamdunk, star, hisat2, tophat, bowtie2, bowtie1, kat, leehom, adapterRemoval, clipandmerge, cutadapt, flexbar, trimmomatic, skewer, sortmerna, biobloomtools, fastq_screen, afterqc, fastp, fastqc, minionqc, clusterflow, bcl2fastq, interop, flash
[2019-11-19 15:35:35,554] multiqc                                            [DEBUG  ]  Using temporary directory for creating report: /tmp/tmpg16d9hjp
[2019-11-19 15:35:36,035] multiqc                                            [DEBUG  ]  No samples found: custom_content
[2019-11-19 15:35:36,038] multiqc                                            [DEBUG  ]  No samples found: conpair
[2019-11-19 15:35:36,041] multiqc                                            [DEBUG  ]  No samples found: peddy
[2019-11-19 15:35:36,044] multiqc                                            [DEBUG  ]  No samples found: methylQA
[2019-11-19 15:35:36,046] multiqc                                            [DEBUG  ]  No samples found: phantompeakqualtools
[2019-11-19 15:35:36,050] multiqc                                            [DEBUG  ]  No samples found: qualimap
[2019-11-19 15:35:36,053] multiqc                                            [DEBUG  ]  No samples found: preseq
[2019-11-19 15:35:36,055] multiqc                                            [DEBUG  ]  No samples found: quast
[2019-11-19 15:35:36,058] multiqc                                            [DEBUG  ]  No samples found: qorts
[2019-11-19 15:35:36,061] multiqc                                            [DEBUG  ]  No samples found: rna_seqc
[2019-11-19 15:35:36,064] multiqc                                            [DEBUG  ]  No samples found: rsem
[2019-11-19 15:35:36,068] multiqc                                            [DEBUG  ]  No samples found: rseqc
[2019-11-19 15:35:36,071] multiqc                                            [DEBUG  ]  No samples found: busco
[2019-11-19 15:35:36,074] multiqc                                            [DEBUG  ]  No samples found: goleft_indexcov
[2019-11-19 15:35:36,077] multiqc                                            [DEBUG  ]  No samples found: disambiguate
[2019-11-19 15:35:36,080] multiqc                                            [DEBUG  ]  No samples found: supernova
[2019-11-19 15:35:36,085] multiqc                                            [DEBUG  ]  No samples found: deeptools
[2019-11-19 15:35:36,088] multiqc                                            [DEBUG  ]  No samples found: sargasso
[2019-11-19 15:35:36,091] multiqc                                            [DEBUG  ]  No samples found: verifybamid
[2019-11-19 15:35:36,095] multiqc                                            [DEBUG  ]  No samples found: mirtrace
[2019-11-19 15:35:36,098] multiqc                                            [DEBUG  ]  No samples found: happy
[2019-11-19 15:35:36,101] multiqc                                            [DEBUG  ]  No samples found: homer
[2019-11-19 15:35:36,104] multiqc                                            [DEBUG  ]  No samples found: macs2
[2019-11-19 15:35:36,107] multiqc                                            [DEBUG  ]  No samples found: theta2
[2019-11-19 15:35:36,110] multiqc                                            [DEBUG  ]  No samples found: snpeff
[2019-11-19 15:35:36,113] multiqc                                            [DEBUG  ]  No samples found: gatk
[2019-11-19 15:35:36,116] multiqc                                            [DEBUG  ]  No samples found: htseq
[2019-11-19 15:35:36,119] multiqc                                            [DEBUG  ]  No samples found: bcftools
[2019-11-19 15:35:36,122] multiqc                                            [DEBUG  ]  No samples found: featureCounts
[2019-11-19 15:35:36,125] multiqc                                            [DEBUG  ]  No samples found: dedup
[2019-11-19 15:35:36,128] multiqc                                            [DEBUG  ]  No samples found: damageprofiler
[2019-11-19 15:35:36,133] multiqc                                            [DEBUG  ]  No samples found: picard
[2019-11-19 15:35:36,136] multiqc                                            [DEBUG  ]  No samples found: prokka
[2019-11-19 15:35:36,139] multiqc                                            [DEBUG  ]  No samples found: samblaster
[2019-11-19 15:35:36,143] multiqc                                            [DEBUG  ]  No samples found: samtools
[2019-11-19 15:35:36,146] multiqc                                            [DEBUG  ]  No samples found: bamtools
[2019-11-19 15:35:36,149] multiqc                                            [DEBUG  ]  No samples found: jellyfish
[2019-11-19 15:35:36,152] multiqc                                            [DEBUG  ]  No samples found: vcftools
[2019-11-19 15:35:36,155] multiqc                                            [DEBUG  ]  No samples found: longranger
[2019-11-19 15:35:36,158] multiqc                                            [DEBUG  ]  No samples found: stacks
[2019-11-19 15:35:36,163] multiqc                                            [DEBUG  ]  No samples found: bbmap
[2019-11-19 15:35:36,166] multiqc                                            [DEBUG  ]  No samples found: bismark
[2019-11-19 15:35:36,170] multiqc                                            [DEBUG  ]  No samples found: biscuit
[2019-11-19 15:35:36,172] multiqc                                            [DEBUG  ]  No samples found: hicexplorer
[2019-11-19 15:35:36,175] multiqc                                            [DEBUG  ]  No samples found: hicup
[2019-11-19 15:35:36,178] multiqc                                            [DEBUG  ]  No samples found: hicpro
[2019-11-19 15:35:36,181] multiqc                                            [DEBUG  ]  No samples found: salmon
[2019-11-19 15:35:36,184] multiqc                                            [DEBUG  ]  No samples found: kallisto
[2019-11-19 15:35:36,187] multiqc                                            [DEBUG  ]  No samples found: slamdunk
[2019-11-19 15:35:36,190] multiqc                                            [DEBUG  ]  No samples found: star
[2019-11-19 15:35:36,192] multiqc                                            [DEBUG  ]  No samples found: hisat2
[2019-11-19 15:35:36,195] multiqc                                            [DEBUG  ]  No samples found: tophat
[2019-11-19 15:35:36,198] multiqc                                            [DEBUG  ]  No samples found: bowtie2
[2019-11-19 15:35:36,201] multiqc                                            [DEBUG  ]  No samples found: bowtie1
[2019-11-19 15:35:36,204] multiqc                                            [DEBUG  ]  No samples found: kat
[2019-11-19 15:35:36,206] multiqc                                            [DEBUG  ]  No samples found: leehom
[2019-11-19 15:35:36,209] multiqc                                            [DEBUG  ]  No samples found: adapterRemoval
[2019-11-19 15:35:36,212] multiqc                                            [DEBUG  ]  No samples found: clipandmerge
[2019-11-19 15:35:36,215] multiqc                                            [DEBUG  ]  No samples found: cutadapt
[2019-11-19 15:35:36,218] multiqc                                            [DEBUG  ]  No samples found: flexbar
[2019-11-19 15:35:36,221] multiqc                                            [DEBUG  ]  No samples found: trimmomatic
[2019-11-19 15:35:36,224] multiqc                                            [DEBUG  ]  No samples found: skewer
[2019-11-19 15:35:36,227] multiqc                                            [DEBUG  ]  No samples found: sortmerna
[2019-11-19 15:35:36,230] multiqc                                            [DEBUG  ]  No samples found: biobloomtools
[2019-11-19 15:35:36,233] multiqc                                            [DEBUG  ]  No samples found: fastq_screen
[2019-11-19 15:35:36,236] multiqc                                            [DEBUG  ]  No samples found: afterqc
[2019-11-19 15:35:36,239] multiqc                                            [DEBUG  ]  No samples found: fastp
[2019-11-19 15:35:36,246] multiqc.modules.fastqc.fastqc                      [INFO   ]  Found 1 reports
[2019-11-19 15:35:36,306] multiqc                                            [DEBUG  ]  No samples found: minionqc
[2019-11-19 15:35:36,309] multiqc                                            [DEBUG  ]  No samples found: clusterflow
[2019-11-19 15:35:36,312] multiqc                                            [DEBUG  ]  No samples found: bcl2fastq
[2019-11-19 15:35:36,315] multiqc                                            [DEBUG  ]  No samples found: interop
[2019-11-19 15:35:36,317] multiqc                                            [DEBUG  ]  No samples found: flash
[2019-11-19 15:35:36,320] multiqc                                            [INFO   ]  Compressing plot data
[2019-11-19 15:35:36,346] multiqc                                            [INFO   ]  Report      : ../../../../../../../data/multiqc_report.html
[2019-11-19 15:35:36,346] multiqc                                            [INFO   ]  Data        : ../../../../../../../data/multiqc_data
[2019-11-19 15:35:36,347] multiqc                                            [DEBUG  ]  Moving data file from '/tmp/tmpg16d9hjp/multiqc_data/multiqc_general_stats.txt' to '/data/multiqc_data'
[2019-11-19 15:35:36,347] multiqc                                            [DEBUG  ]  Moving data file from '/tmp/tmpg16d9hjp/multiqc_data/multiqc_fastqc.txt' to '/data/multiqc_data'
[2019-11-19 15:35:36,347] multiqc                                            [DEBUG  ]  Moving data file from '/tmp/tmpg16d9hjp/multiqc_data/multiqc_data.json' to '/data/multiqc_data'
[2019-11-19 15:35:36,348] multiqc                                            [DEBUG  ]  Moving data file from '/tmp/tmpg16d9hjp/multiqc_data/multiqc_sources.txt' to '/data/multiqc_data'
[2019-11-19 15:35:36,458] multiqc                                            [INFO   ]  MultiQC complete
