[2019-11-19 13:18:27,900] multiqc                                            [DEBUG  ]  No MultiQC config found: /usr/lib/python3.6/site-packages/multiqc-1.7-py3.6.egg/multiqc_config.yaml
[2019-11-19 13:18:27,900] multiqc                                            [DEBUG  ]  No MultiQC config found: /root/.multiqc_config.yaml
[2019-11-19 13:18:27,900] multiqc                                            [DEBUG  ]  No MultiQC config found: multiqc_config.yaml
[2019-11-19 13:18:27,900] multiqc                                            [DEBUG  ]  Command used: /usr/bin/multiqc /data/HG00159.mapped.ILLUMINA.bwa.GBR.low_coverage.20101123_fastqc.zip -o /data
[2019-11-19 13:18:29,745] multiqc                                            [DEBUG  ]  Latest MultiQC version is v1.7
[2019-11-19 13:18:29,745] multiqc                                            [INFO   ]  This is MultiQC v1.7
[2019-11-19 13:18:29,745] multiqc                                            [DEBUG  ]  Command     : /usr/bin/multiqc /data/HG00159.mapped.ILLUMINA.bwa.GBR.low_coverage.20101123_fastqc.zip -o /data
[2019-11-19 13:18:29,745] multiqc                                            [DEBUG  ]  Working dir : /var/lib/toil/toil-9b56b740-ccba-4b13-b998-c6aabca34938-69d14ae953f0400cbe6f0dc87a7486c9/tmpj6TpvH/71a253f6-bcdf-40c3-8c6c-62d0dbda60a4/taqN5PJ
[2019-11-19 13:18:29,745] multiqc                                            [INFO   ]  Template    : default
[2019-11-19 13:18:29,745] multiqc                                            [INFO   ]  Searching '/data/HG00159.mapped.ILLUMINA.bwa.GBR.low_coverage.20101123_fastqc.zip'
[2019-11-19 13:18:29,745] multiqc                                            [DEBUG  ]  Analysing modules: custom_content, conpair, peddy, methylQA, phantompeakqualtools, qualimap, preseq, quast, qorts, rna_seqc, rsem, rseqc, busco, goleft_indexcov, disambiguate, supernova, deeptools, sargasso, verifybamid, mirtrace, happy, homer, macs2, theta2, snpeff, gatk, htseq, bcftools, featureCounts, dedup, damageprofiler, picard, prokka, samblaster, samtools, bamtools, jellyfish, vcftools, longranger, stacks, bbmap, bismark, biscuit, hicexplorer, hicup, hicpro, salmon, kallisto, slamdunk, star, hisat2, tophat, bowtie2, bowtie1, kat, leehom, adapterRemoval, clipandmerge, cutadapt, flexbar, trimmomatic, skewer, sortmerna, biobloomtools, fastq_screen, afterqc, fastp, fastqc, minionqc, clusterflow, bcl2fastq, interop, flash
[2019-11-19 13:18:29,746] multiqc                                            [DEBUG  ]  Using temporary directory for creating report: /tmp/tmp6s5qphzy
[2019-11-19 13:18:30,429] multiqc                                            [DEBUG  ]  No samples found: custom_content
[2019-11-19 13:18:30,433] multiqc                                            [DEBUG  ]  No samples found: conpair
[2019-11-19 13:18:30,438] multiqc                                            [DEBUG  ]  No samples found: peddy
[2019-11-19 13:18:30,442] multiqc                                            [DEBUG  ]  No samples found: methylQA
[2019-11-19 13:18:30,446] multiqc                                            [DEBUG  ]  No samples found: phantompeakqualtools
[2019-11-19 13:18:30,451] multiqc                                            [DEBUG  ]  No samples found: qualimap
[2019-11-19 13:18:30,456] multiqc                                            [DEBUG  ]  No samples found: preseq
[2019-11-19 13:18:30,460] multiqc                                            [DEBUG  ]  No samples found: quast
[2019-11-19 13:18:30,464] multiqc                                            [DEBUG  ]  No samples found: qorts
[2019-11-19 13:18:30,468] multiqc                                            [DEBUG  ]  No samples found: rna_seqc
[2019-11-19 13:18:30,472] multiqc                                            [DEBUG  ]  No samples found: rsem
[2019-11-19 13:18:30,481] multiqc                                            [DEBUG  ]  No samples found: rseqc
[2019-11-19 13:18:30,486] multiqc                                            [DEBUG  ]  No samples found: busco
[2019-11-19 13:18:30,491] multiqc                                            [DEBUG  ]  No samples found: goleft_indexcov
[2019-11-19 13:18:30,497] multiqc                                            [DEBUG  ]  No samples found: disambiguate
[2019-11-19 13:18:30,503] multiqc                                            [DEBUG  ]  No samples found: supernova
[2019-11-19 13:18:30,514] multiqc                                            [DEBUG  ]  No samples found: deeptools
[2019-11-19 13:18:30,518] multiqc                                            [DEBUG  ]  No samples found: sargasso
[2019-11-19 13:18:30,522] multiqc                                            [DEBUG  ]  No samples found: verifybamid
[2019-11-19 13:18:30,526] multiqc                                            [DEBUG  ]  No samples found: mirtrace
[2019-11-19 13:18:30,530] multiqc                                            [DEBUG  ]  No samples found: happy
[2019-11-19 13:18:30,536] multiqc                                            [DEBUG  ]  No samples found: homer
[2019-11-19 13:18:30,541] multiqc                                            [DEBUG  ]  No samples found: macs2
[2019-11-19 13:18:30,545] multiqc                                            [DEBUG  ]  No samples found: theta2
[2019-11-19 13:18:30,549] multiqc                                            [DEBUG  ]  No samples found: snpeff
[2019-11-19 13:18:30,554] multiqc                                            [DEBUG  ]  No samples found: gatk
[2019-11-19 13:18:30,558] multiqc                                            [DEBUG  ]  No samples found: htseq
[2019-11-19 13:18:30,563] multiqc                                            [DEBUG  ]  No samples found: bcftools
[2019-11-19 13:18:30,567] multiqc                                            [DEBUG  ]  No samples found: featureCounts
[2019-11-19 13:18:30,571] multiqc                                            [DEBUG  ]  No samples found: dedup
[2019-11-19 13:18:30,575] multiqc                                            [DEBUG  ]  No samples found: damageprofiler
[2019-11-19 13:18:30,585] multiqc                                            [DEBUG  ]  No samples found: picard
[2019-11-19 13:18:30,589] multiqc                                            [DEBUG  ]  No samples found: prokka
[2019-11-19 13:18:30,594] multiqc                                            [DEBUG  ]  No samples found: samblaster
[2019-11-19 13:18:30,601] multiqc                                            [DEBUG  ]  No samples found: samtools
[2019-11-19 13:18:30,606] multiqc                                            [DEBUG  ]  No samples found: bamtools
[2019-11-19 13:18:30,610] multiqc                                            [DEBUG  ]  No samples found: jellyfish
[2019-11-19 13:18:30,616] multiqc                                            [DEBUG  ]  No samples found: vcftools
[2019-11-19 13:18:30,621] multiqc                                            [DEBUG  ]  No samples found: longranger
[2019-11-19 13:18:30,626] multiqc                                            [DEBUG  ]  No samples found: stacks
[2019-11-19 13:18:30,636] multiqc                                            [DEBUG  ]  No samples found: bbmap
[2019-11-19 13:18:30,640] multiqc                                            [DEBUG  ]  No samples found: bismark
[2019-11-19 13:18:30,645] multiqc                                            [DEBUG  ]  No samples found: biscuit
[2019-11-19 13:18:30,649] multiqc                                            [DEBUG  ]  No samples found: hicexplorer
[2019-11-19 13:18:30,653] multiqc                                            [DEBUG  ]  No samples found: hicup
[2019-11-19 13:18:30,657] multiqc                                            [DEBUG  ]  No samples found: hicpro
[2019-11-19 13:18:30,661] multiqc                                            [DEBUG  ]  No samples found: salmon
[2019-11-19 13:18:30,665] multiqc                                            [DEBUG  ]  No samples found: kallisto
[2019-11-19 13:18:30,669] multiqc                                            [DEBUG  ]  No samples found: slamdunk
[2019-11-19 13:18:30,674] multiqc                                            [DEBUG  ]  No samples found: star
[2019-11-19 13:18:30,679] multiqc                                            [DEBUG  ]  No samples found: hisat2
[2019-11-19 13:18:30,683] multiqc                                            [DEBUG  ]  No samples found: tophat
[2019-11-19 13:18:30,687] multiqc                                            [DEBUG  ]  No samples found: bowtie2
[2019-11-19 13:18:30,691] multiqc                                            [DEBUG  ]  No samples found: bowtie1
[2019-11-19 13:18:30,695] multiqc                                            [DEBUG  ]  No samples found: kat
[2019-11-19 13:18:30,699] multiqc                                            [DEBUG  ]  No samples found: leehom
[2019-11-19 13:18:30,703] multiqc                                            [DEBUG  ]  No samples found: adapterRemoval
[2019-11-19 13:18:30,707] multiqc                                            [DEBUG  ]  No samples found: clipandmerge
[2019-11-19 13:18:30,711] multiqc                                            [DEBUG  ]  No samples found: cutadapt
[2019-11-19 13:18:30,715] multiqc                                            [DEBUG  ]  No samples found: flexbar
[2019-11-19 13:18:30,719] multiqc                                            [DEBUG  ]  No samples found: trimmomatic
[2019-11-19 13:18:30,723] multiqc                                            [DEBUG  ]  No samples found: skewer
[2019-11-19 13:18:30,727] multiqc                                            [DEBUG  ]  No samples found: sortmerna
[2019-11-19 13:18:30,732] multiqc                                            [DEBUG  ]  No samples found: biobloomtools
[2019-11-19 13:18:30,737] multiqc                                            [DEBUG  ]  No samples found: fastq_screen
[2019-11-19 13:18:30,741] multiqc                                            [DEBUG  ]  No samples found: afterqc
[2019-11-19 13:18:30,745] multiqc                                            [DEBUG  ]  No samples found: fastp
[2019-11-19 13:18:30,753] multiqc.modules.fastqc.fastqc                      [INFO   ]  Found 1 reports
[2019-11-19 13:18:30,815] multiqc                                            [DEBUG  ]  No samples found: minionqc
[2019-11-19 13:18:30,819] multiqc                                            [DEBUG  ]  No samples found: clusterflow
[2019-11-19 13:18:30,824] multiqc                                            [DEBUG  ]  No samples found: bcl2fastq
[2019-11-19 13:18:30,828] multiqc                                            [DEBUG  ]  No samples found: interop
[2019-11-19 13:18:30,832] multiqc                                            [DEBUG  ]  No samples found: flash
[2019-11-19 13:18:30,834] multiqc                                            [INFO   ]  Compressing plot data
[2019-11-19 13:18:30,861] multiqc                                            [INFO   ]  Report      : ../../../../../../../data/multiqc_report.html
[2019-11-19 13:18:30,861] multiqc                                            [INFO   ]  Data        : ../../../../../../../data/multiqc_data
[2019-11-19 13:18:30,861] multiqc                                            [DEBUG  ]  Moving data file from '/tmp/tmp6s5qphzy/multiqc_data/multiqc_general_stats.txt' to '/data/multiqc_data'
[2019-11-19 13:18:30,861] multiqc                                            [DEBUG  ]  Moving data file from '/tmp/tmp6s5qphzy/multiqc_data/multiqc_fastqc.txt' to '/data/multiqc_data'
[2019-11-19 13:18:30,862] multiqc                                            [DEBUG  ]  Moving data file from '/tmp/tmp6s5qphzy/multiqc_data/multiqc_data.json' to '/data/multiqc_data'
[2019-11-19 13:18:30,862] multiqc                                            [DEBUG  ]  Moving data file from '/tmp/tmp6s5qphzy/multiqc_data/multiqc_sources.txt' to '/data/multiqc_data'
[2019-11-19 13:18:31,005] multiqc                                            [INFO   ]  MultiQC complete
