[2019-11-19 16:17:07,970] multiqc                                            [DEBUG  ]  No MultiQC config found: /usr/lib/python3.6/site-packages/multiqc-1.7-py3.6.egg/multiqc_config.yaml
[2019-11-19 16:17:07,970] multiqc                                            [DEBUG  ]  No MultiQC config found: /root/.multiqc_config.yaml
[2019-11-19 16:17:07,970] multiqc                                            [DEBUG  ]  No MultiQC config found: multiqc_config.yaml
[2019-11-19 16:17:07,970] multiqc                                            [DEBUG  ]  Command used: /usr/bin/multiqc /data/HG00254.mapped.ILLUMINA.bwa.GBR.low_coverage.20101123_fastqc.zip -o /data
[2019-11-19 16:17:10,384] multiqc                                            [DEBUG  ]  Latest MultiQC version is v1.7
[2019-11-19 16:17:10,384] multiqc                                            [INFO   ]  This is MultiQC v1.7
[2019-11-19 16:17:10,384] multiqc                                            [DEBUG  ]  Command     : /usr/bin/multiqc /data/HG00254.mapped.ILLUMINA.bwa.GBR.low_coverage.20101123_fastqc.zip -o /data
[2019-11-19 16:17:10,384] multiqc                                            [DEBUG  ]  Working dir : /var/lib/toil/toil-9b56b740-ccba-4b13-b998-c6aabca34938-69d14ae953f0400cbe6f0dc87a7486c9/tmp7jqwyg/b9e21f3c-ba93-4c19-93f8-546462d1f4d7/tKK8WM8
[2019-11-19 16:17:10,384] multiqc                                            [INFO   ]  Template    : default
[2019-11-19 16:17:10,384] multiqc                                            [INFO   ]  Searching '/data/HG00254.mapped.ILLUMINA.bwa.GBR.low_coverage.20101123_fastqc.zip'
[2019-11-19 16:17:10,384] multiqc                                            [DEBUG  ]  Analysing modules: custom_content, conpair, peddy, methylQA, phantompeakqualtools, qualimap, preseq, quast, qorts, rna_seqc, rsem, rseqc, busco, goleft_indexcov, disambiguate, supernova, deeptools, sargasso, verifybamid, mirtrace, happy, homer, macs2, theta2, snpeff, gatk, htseq, bcftools, featureCounts, dedup, damageprofiler, picard, prokka, samblaster, samtools, bamtools, jellyfish, vcftools, longranger, stacks, bbmap, bismark, biscuit, hicexplorer, hicup, hicpro, salmon, kallisto, slamdunk, star, hisat2, tophat, bowtie2, bowtie1, kat, leehom, adapterRemoval, clipandmerge, cutadapt, flexbar, trimmomatic, skewer, sortmerna, biobloomtools, fastq_screen, afterqc, fastp, fastqc, minionqc, clusterflow, bcl2fastq, interop, flash
[2019-11-19 16:17:10,385] multiqc                                            [DEBUG  ]  Using temporary directory for creating report: /tmp/tmpwnzsw4po
[2019-11-19 16:17:11,060] multiqc                                            [DEBUG  ]  No samples found: custom_content
[2019-11-19 16:17:11,064] multiqc                                            [DEBUG  ]  No samples found: conpair
[2019-11-19 16:17:11,070] multiqc                                            [DEBUG  ]  No samples found: peddy
[2019-11-19 16:17:11,074] multiqc                                            [DEBUG  ]  No samples found: methylQA
[2019-11-19 16:17:11,078] multiqc                                            [DEBUG  ]  No samples found: phantompeakqualtools
[2019-11-19 16:17:11,083] multiqc                                            [DEBUG  ]  No samples found: qualimap
[2019-11-19 16:17:11,088] multiqc                                            [DEBUG  ]  No samples found: preseq
[2019-11-19 16:17:11,092] multiqc                                            [DEBUG  ]  No samples found: quast
[2019-11-19 16:17:11,096] multiqc                                            [DEBUG  ]  No samples found: qorts
[2019-11-19 16:17:11,100] multiqc                                            [DEBUG  ]  No samples found: rna_seqc
[2019-11-19 16:17:11,104] multiqc                                            [DEBUG  ]  No samples found: rsem
[2019-11-19 16:17:11,113] multiqc                                            [DEBUG  ]  No samples found: rseqc
[2019-11-19 16:17:11,117] multiqc                                            [DEBUG  ]  No samples found: busco
[2019-11-19 16:17:11,121] multiqc                                            [DEBUG  ]  No samples found: goleft_indexcov
[2019-11-19 16:17:11,125] multiqc                                            [DEBUG  ]  No samples found: disambiguate
[2019-11-19 16:17:11,130] multiqc                                            [DEBUG  ]  No samples found: supernova
[2019-11-19 16:17:11,139] multiqc                                            [DEBUG  ]  No samples found: deeptools
[2019-11-19 16:17:11,143] multiqc                                            [DEBUG  ]  No samples found: sargasso
[2019-11-19 16:17:11,147] multiqc                                            [DEBUG  ]  No samples found: verifybamid
[2019-11-19 16:17:11,151] multiqc                                            [DEBUG  ]  No samples found: mirtrace
[2019-11-19 16:17:11,155] multiqc                                            [DEBUG  ]  No samples found: happy
[2019-11-19 16:17:11,160] multiqc                                            [DEBUG  ]  No samples found: homer
[2019-11-19 16:17:11,164] multiqc                                            [DEBUG  ]  No samples found: macs2
[2019-11-19 16:17:11,168] multiqc                                            [DEBUG  ]  No samples found: theta2
[2019-11-19 16:17:11,172] multiqc                                            [DEBUG  ]  No samples found: snpeff
[2019-11-19 16:17:11,178] multiqc                                            [DEBUG  ]  No samples found: gatk
[2019-11-19 16:17:11,182] multiqc                                            [DEBUG  ]  No samples found: htseq
[2019-11-19 16:17:11,187] multiqc                                            [DEBUG  ]  No samples found: bcftools
[2019-11-19 16:17:11,191] multiqc                                            [DEBUG  ]  No samples found: featureCounts
[2019-11-19 16:17:11,195] multiqc                                            [DEBUG  ]  No samples found: dedup
[2019-11-19 16:17:11,199] multiqc                                            [DEBUG  ]  No samples found: damageprofiler
[2019-11-19 16:17:11,209] multiqc                                            [DEBUG  ]  No samples found: picard
[2019-11-19 16:17:11,213] multiqc                                            [DEBUG  ]  No samples found: prokka
[2019-11-19 16:17:11,217] multiqc                                            [DEBUG  ]  No samples found: samblaster
[2019-11-19 16:17:11,224] multiqc                                            [DEBUG  ]  No samples found: samtools
[2019-11-19 16:17:11,228] multiqc                                            [DEBUG  ]  No samples found: bamtools
[2019-11-19 16:17:11,233] multiqc                                            [DEBUG  ]  No samples found: jellyfish
[2019-11-19 16:17:11,239] multiqc                                            [DEBUG  ]  No samples found: vcftools
[2019-11-19 16:17:11,243] multiqc                                            [DEBUG  ]  No samples found: longranger
[2019-11-19 16:17:11,247] multiqc                                            [DEBUG  ]  No samples found: stacks
[2019-11-19 16:17:11,257] multiqc                                            [DEBUG  ]  No samples found: bbmap
[2019-11-19 16:17:11,262] multiqc                                            [DEBUG  ]  No samples found: bismark
[2019-11-19 16:17:11,267] multiqc                                            [DEBUG  ]  No samples found: biscuit
[2019-11-19 16:17:11,271] multiqc                                            [DEBUG  ]  No samples found: hicexplorer
[2019-11-19 16:17:11,275] multiqc                                            [DEBUG  ]  No samples found: hicup
[2019-11-19 16:17:11,279] multiqc                                            [DEBUG  ]  No samples found: hicpro
[2019-11-19 16:17:11,283] multiqc                                            [DEBUG  ]  No samples found: salmon
[2019-11-19 16:17:11,287] multiqc                                            [DEBUG  ]  No samples found: kallisto
[2019-11-19 16:17:11,293] multiqc                                            [DEBUG  ]  No samples found: slamdunk
[2019-11-19 16:17:11,297] multiqc                                            [DEBUG  ]  No samples found: star
[2019-11-19 16:17:11,301] multiqc                                            [DEBUG  ]  No samples found: hisat2
[2019-11-19 16:17:11,305] multiqc                                            [DEBUG  ]  No samples found: tophat
[2019-11-19 16:17:11,309] multiqc                                            [DEBUG  ]  No samples found: bowtie2
[2019-11-19 16:17:11,313] multiqc                                            [DEBUG  ]  No samples found: bowtie1
[2019-11-19 16:17:11,317] multiqc                                            [DEBUG  ]  No samples found: kat
[2019-11-19 16:17:11,321] multiqc                                            [DEBUG  ]  No samples found: leehom
[2019-11-19 16:17:11,325] multiqc                                            [DEBUG  ]  No samples found: adapterRemoval
[2019-11-19 16:17:11,329] multiqc                                            [DEBUG  ]  No samples found: clipandmerge
[2019-11-19 16:17:11,333] multiqc                                            [DEBUG  ]  No samples found: cutadapt
[2019-11-19 16:17:11,337] multiqc                                            [DEBUG  ]  No samples found: flexbar
[2019-11-19 16:17:11,341] multiqc                                            [DEBUG  ]  No samples found: trimmomatic
[2019-11-19 16:17:11,345] multiqc                                            [DEBUG  ]  No samples found: skewer
[2019-11-19 16:17:11,349] multiqc                                            [DEBUG  ]  No samples found: sortmerna
[2019-11-19 16:17:11,353] multiqc                                            [DEBUG  ]  No samples found: biobloomtools
[2019-11-19 16:17:11,357] multiqc                                            [DEBUG  ]  No samples found: fastq_screen
[2019-11-19 16:17:11,361] multiqc                                            [DEBUG  ]  No samples found: afterqc
[2019-11-19 16:17:11,365] multiqc                                            [DEBUG  ]  No samples found: fastp
[2019-11-19 16:17:11,373] multiqc.modules.fastqc.fastqc                      [INFO   ]  Found 1 reports
[2019-11-19 16:17:11,424] multiqc                                            [DEBUG  ]  No samples found: minionqc
[2019-11-19 16:17:11,428] multiqc                                            [DEBUG  ]  No samples found: clusterflow
[2019-11-19 16:17:11,432] multiqc                                            [DEBUG  ]  No samples found: bcl2fastq
[2019-11-19 16:17:11,436] multiqc                                            [DEBUG  ]  No samples found: interop
[2019-11-19 16:17:11,440] multiqc                                            [DEBUG  ]  No samples found: flash
[2019-11-19 16:17:11,443] multiqc                                            [INFO   ]  Compressing plot data
[2019-11-19 16:17:11,471] multiqc                                            [INFO   ]  Report      : ../../../../../../../data/multiqc_report.html
[2019-11-19 16:17:11,471] multiqc                                            [INFO   ]  Data        : ../../../../../../../data/multiqc_data
[2019-11-19 16:17:11,471] multiqc                                            [DEBUG  ]  Moving data file from '/tmp/tmpwnzsw4po/multiqc_data/multiqc_general_stats.txt' to '/data/multiqc_data'
[2019-11-19 16:17:11,472] multiqc                                            [DEBUG  ]  Moving data file from '/tmp/tmpwnzsw4po/multiqc_data/multiqc_fastqc.txt' to '/data/multiqc_data'
[2019-11-19 16:17:11,472] multiqc                                            [DEBUG  ]  Moving data file from '/tmp/tmpwnzsw4po/multiqc_data/multiqc_data.json' to '/data/multiqc_data'
[2019-11-19 16:17:11,472] multiqc                                            [DEBUG  ]  Moving data file from '/tmp/tmpwnzsw4po/multiqc_data/multiqc_sources.txt' to '/data/multiqc_data'
[2019-11-19 16:17:11,596] multiqc                                            [INFO   ]  MultiQC complete
