[2019-11-19 11:11:23,146] multiqc                                            [DEBUG  ]  No MultiQC config found: /usr/lib/python3.6/site-packages/multiqc-1.7-py3.6.egg/multiqc_config.yaml
[2019-11-19 11:11:23,146] multiqc                                            [DEBUG  ]  No MultiQC config found: /root/.multiqc_config.yaml
[2019-11-19 11:11:23,146] multiqc                                            [DEBUG  ]  No MultiQC config found: multiqc_config.yaml
[2019-11-19 11:11:23,147] multiqc                                            [DEBUG  ]  Command used: /usr/bin/multiqc /data/HG00123.mapped.ILLUMINA.bwa.GBR.low_coverage.20101123_fastqc.zip -o /data
[2019-11-19 11:11:25,006] multiqc                                            [DEBUG  ]  Latest MultiQC version is v1.7
[2019-11-19 11:11:25,006] multiqc                                            [INFO   ]  This is MultiQC v1.7
[2019-11-19 11:11:25,007] multiqc                                            [DEBUG  ]  Command     : /usr/bin/multiqc /data/HG00123.mapped.ILLUMINA.bwa.GBR.low_coverage.20101123_fastqc.zip -o /data
[2019-11-19 11:11:25,007] multiqc                                            [DEBUG  ]  Working dir : /var/lib/toil/toil-9b56b740-ccba-4b13-b998-c6aabca34938-69d14ae953f0400cbe6f0dc87a7486c9/tmpEWqjRH/5a81a93d-3b45-4595-912d-917b92cc1a19/tAeESyo
[2019-11-19 11:11:25,007] multiqc                                            [INFO   ]  Template    : default
[2019-11-19 11:11:25,007] multiqc                                            [INFO   ]  Searching '/data/HG00123.mapped.ILLUMINA.bwa.GBR.low_coverage.20101123_fastqc.zip'
[2019-11-19 11:11:25,007] multiqc                                            [DEBUG  ]  Analysing modules: custom_content, conpair, peddy, methylQA, phantompeakqualtools, qualimap, preseq, quast, qorts, rna_seqc, rsem, rseqc, busco, goleft_indexcov, disambiguate, supernova, deeptools, sargasso, verifybamid, mirtrace, happy, homer, macs2, theta2, snpeff, gatk, htseq, bcftools, featureCounts, dedup, damageprofiler, picard, prokka, samblaster, samtools, bamtools, jellyfish, vcftools, longranger, stacks, bbmap, bismark, biscuit, hicexplorer, hicup, hicpro, salmon, kallisto, slamdunk, star, hisat2, tophat, bowtie2, bowtie1, kat, leehom, adapterRemoval, clipandmerge, cutadapt, flexbar, trimmomatic, skewer, sortmerna, biobloomtools, fastq_screen, afterqc, fastp, fastqc, minionqc, clusterflow, bcl2fastq, interop, flash
[2019-11-19 11:11:25,008] multiqc                                            [DEBUG  ]  Using temporary directory for creating report: /tmp/tmp87blwf84
[2019-11-19 11:11:25,698] multiqc                                            [DEBUG  ]  No samples found: custom_content
[2019-11-19 11:11:25,703] multiqc                                            [DEBUG  ]  No samples found: conpair
[2019-11-19 11:11:25,708] multiqc                                            [DEBUG  ]  No samples found: peddy
[2019-11-19 11:11:25,712] multiqc                                            [DEBUG  ]  No samples found: methylQA
[2019-11-19 11:11:25,716] multiqc                                            [DEBUG  ]  No samples found: phantompeakqualtools
[2019-11-19 11:11:25,722] multiqc                                            [DEBUG  ]  No samples found: qualimap
[2019-11-19 11:11:25,726] multiqc                                            [DEBUG  ]  No samples found: preseq
[2019-11-19 11:11:25,731] multiqc                                            [DEBUG  ]  No samples found: quast
[2019-11-19 11:11:25,735] multiqc                                            [DEBUG  ]  No samples found: qorts
[2019-11-19 11:11:25,739] multiqc                                            [DEBUG  ]  No samples found: rna_seqc
[2019-11-19 11:11:25,743] multiqc                                            [DEBUG  ]  No samples found: rsem
[2019-11-19 11:11:25,752] multiqc                                            [DEBUG  ]  No samples found: rseqc
[2019-11-19 11:11:25,756] multiqc                                            [DEBUG  ]  No samples found: busco
[2019-11-19 11:11:25,760] multiqc                                            [DEBUG  ]  No samples found: goleft_indexcov
[2019-11-19 11:11:25,764] multiqc                                            [DEBUG  ]  No samples found: disambiguate
[2019-11-19 11:11:25,768] multiqc                                            [DEBUG  ]  No samples found: supernova
[2019-11-19 11:11:25,777] multiqc                                            [DEBUG  ]  No samples found: deeptools
[2019-11-19 11:11:25,781] multiqc                                            [DEBUG  ]  No samples found: sargasso
[2019-11-19 11:11:25,785] multiqc                                            [DEBUG  ]  No samples found: verifybamid
[2019-11-19 11:11:25,789] multiqc                                            [DEBUG  ]  No samples found: mirtrace
[2019-11-19 11:11:25,794] multiqc                                            [DEBUG  ]  No samples found: happy
[2019-11-19 11:11:25,799] multiqc                                            [DEBUG  ]  No samples found: homer
[2019-11-19 11:11:25,803] multiqc                                            [DEBUG  ]  No samples found: macs2
[2019-11-19 11:11:25,807] multiqc                                            [DEBUG  ]  No samples found: theta2
[2019-11-19 11:11:25,811] multiqc                                            [DEBUG  ]  No samples found: snpeff
[2019-11-19 11:11:25,817] multiqc                                            [DEBUG  ]  No samples found: gatk
[2019-11-19 11:11:25,821] multiqc                                            [DEBUG  ]  No samples found: htseq
[2019-11-19 11:11:25,826] multiqc                                            [DEBUG  ]  No samples found: bcftools
[2019-11-19 11:11:25,830] multiqc                                            [DEBUG  ]  No samples found: featureCounts
[2019-11-19 11:11:25,834] multiqc                                            [DEBUG  ]  No samples found: dedup
[2019-11-19 11:11:25,840] multiqc                                            [DEBUG  ]  No samples found: damageprofiler
[2019-11-19 11:11:25,851] multiqc                                            [DEBUG  ]  No samples found: picard
[2019-11-19 11:11:25,855] multiqc                                            [DEBUG  ]  No samples found: prokka
[2019-11-19 11:11:25,859] multiqc                                            [DEBUG  ]  No samples found: samblaster
[2019-11-19 11:11:25,869] multiqc                                            [DEBUG  ]  No samples found: samtools
[2019-11-19 11:11:25,873] multiqc                                            [DEBUG  ]  No samples found: bamtools
[2019-11-19 11:11:25,877] multiqc                                            [DEBUG  ]  No samples found: jellyfish
[2019-11-19 11:11:25,883] multiqc                                            [DEBUG  ]  No samples found: vcftools
[2019-11-19 11:11:25,887] multiqc                                            [DEBUG  ]  No samples found: longranger
[2019-11-19 11:11:25,891] multiqc                                            [DEBUG  ]  No samples found: stacks
[2019-11-19 11:11:25,901] multiqc                                            [DEBUG  ]  No samples found: bbmap
[2019-11-19 11:11:25,906] multiqc                                            [DEBUG  ]  No samples found: bismark
[2019-11-19 11:11:25,911] multiqc                                            [DEBUG  ]  No samples found: biscuit
[2019-11-19 11:11:25,915] multiqc                                            [DEBUG  ]  No samples found: hicexplorer
[2019-11-19 11:11:25,919] multiqc                                            [DEBUG  ]  No samples found: hicup
[2019-11-19 11:11:25,923] multiqc                                            [DEBUG  ]  No samples found: hicpro
[2019-11-19 11:11:25,927] multiqc                                            [DEBUG  ]  No samples found: salmon
[2019-11-19 11:11:25,931] multiqc                                            [DEBUG  ]  No samples found: kallisto
[2019-11-19 11:11:25,935] multiqc                                            [DEBUG  ]  No samples found: slamdunk
[2019-11-19 11:11:25,939] multiqc                                            [DEBUG  ]  No samples found: star
[2019-11-19 11:11:25,944] multiqc                                            [DEBUG  ]  No samples found: hisat2
[2019-11-19 11:11:25,948] multiqc                                            [DEBUG  ]  No samples found: tophat
[2019-11-19 11:11:25,952] multiqc                                            [DEBUG  ]  No samples found: bowtie2
[2019-11-19 11:11:25,956] multiqc                                            [DEBUG  ]  No samples found: bowtie1
[2019-11-19 11:11:25,960] multiqc                                            [DEBUG  ]  No samples found: kat
[2019-11-19 11:11:25,964] multiqc                                            [DEBUG  ]  No samples found: leehom
[2019-11-19 11:11:25,968] multiqc                                            [DEBUG  ]  No samples found: adapterRemoval
[2019-11-19 11:11:25,973] multiqc                                            [DEBUG  ]  No samples found: clipandmerge
[2019-11-19 11:11:25,978] multiqc                                            [DEBUG  ]  No samples found: cutadapt
[2019-11-19 11:11:25,982] multiqc                                            [DEBUG  ]  No samples found: flexbar
[2019-11-19 11:11:25,986] multiqc                                            [DEBUG  ]  No samples found: trimmomatic
[2019-11-19 11:11:25,990] multiqc                                            [DEBUG  ]  No samples found: skewer
[2019-11-19 11:11:25,994] multiqc                                            [DEBUG  ]  No samples found: sortmerna
[2019-11-19 11:11:25,999] multiqc                                            [DEBUG  ]  No samples found: biobloomtools
[2019-11-19 11:11:26,006] multiqc                                            [DEBUG  ]  No samples found: fastq_screen
[2019-11-19 11:11:26,010] multiqc                                            [DEBUG  ]  No samples found: afterqc
[2019-11-19 11:11:26,014] multiqc                                            [DEBUG  ]  No samples found: fastp
[2019-11-19 11:11:26,022] multiqc.modules.fastqc.fastqc                      [INFO   ]  Found 1 reports
[2019-11-19 11:11:26,080] multiqc                                            [DEBUG  ]  No samples found: minionqc
[2019-11-19 11:11:26,084] multiqc                                            [DEBUG  ]  No samples found: clusterflow
[2019-11-19 11:11:26,088] multiqc                                            [DEBUG  ]  No samples found: bcl2fastq
[2019-11-19 11:11:26,092] multiqc                                            [DEBUG  ]  No samples found: interop
[2019-11-19 11:11:26,096] multiqc                                            [DEBUG  ]  No samples found: flash
[2019-11-19 11:11:26,099] multiqc                                            [INFO   ]  Compressing plot data
[2019-11-19 11:11:26,128] multiqc                                            [INFO   ]  Report      : ../../../../../../../data/multiqc_report.html
[2019-11-19 11:11:26,128] multiqc                                            [INFO   ]  Data        : ../../../../../../../data/multiqc_data
[2019-11-19 11:11:26,128] multiqc                                            [DEBUG  ]  Moving data file from '/tmp/tmp87blwf84/multiqc_data/multiqc_general_stats.txt' to '/data/multiqc_data'
[2019-11-19 11:11:26,129] multiqc                                            [DEBUG  ]  Moving data file from '/tmp/tmp87blwf84/multiqc_data/multiqc_fastqc.txt' to '/data/multiqc_data'
[2019-11-19 11:11:26,129] multiqc                                            [DEBUG  ]  Moving data file from '/tmp/tmp87blwf84/multiqc_data/multiqc_data.json' to '/data/multiqc_data'
[2019-11-19 11:11:26,129] multiqc                                            [DEBUG  ]  Moving data file from '/tmp/tmp87blwf84/multiqc_data/multiqc_sources.txt' to '/data/multiqc_data'
[2019-11-19 11:11:26,255] multiqc                                            [INFO   ]  MultiQC complete
