[2019-11-19 14:26:20,833] multiqc                                            [DEBUG  ]  No MultiQC config found: /usr/lib/python3.6/site-packages/multiqc-1.7-py3.6.egg/multiqc_config.yaml
[2019-11-19 14:26:20,833] multiqc                                            [DEBUG  ]  No MultiQC config found: /root/.multiqc_config.yaml
[2019-11-19 14:26:20,833] multiqc                                            [DEBUG  ]  No MultiQC config found: multiqc_config.yaml
[2019-11-19 14:26:20,833] multiqc                                            [DEBUG  ]  Command used: /usr/bin/multiqc /data/HG00244.unmapped.ILLUMINA.bwa.GBR.low_coverage.20101123_fastqc.zip -o /data
[2019-11-19 14:26:22,550] multiqc                                            [DEBUG  ]  Latest MultiQC version is v1.7
[2019-11-19 14:26:22,550] multiqc                                            [INFO   ]  This is MultiQC v1.7
[2019-11-19 14:26:22,550] multiqc                                            [DEBUG  ]  Command     : /usr/bin/multiqc /data/HG00244.unmapped.ILLUMINA.bwa.GBR.low_coverage.20101123_fastqc.zip -o /data
[2019-11-19 14:26:22,550] multiqc                                            [DEBUG  ]  Working dir : /var/lib/toil/toil-9b56b740-ccba-4b13-b998-c6aabca34938-69d14ae953f0400cbe6f0dc87a7486c9/tmp8tiiMT/79cd63d4-37e6-4753-88c8-579083ab17f0/tCNkE_A
[2019-11-19 14:26:22,550] multiqc                                            [INFO   ]  Template    : default
[2019-11-19 14:26:22,550] multiqc                                            [INFO   ]  Searching '/data/HG00244.unmapped.ILLUMINA.bwa.GBR.low_coverage.20101123_fastqc.zip'
[2019-11-19 14:26:22,550] multiqc                                            [DEBUG  ]  Analysing modules: custom_content, conpair, peddy, methylQA, phantompeakqualtools, qualimap, preseq, quast, qorts, rna_seqc, rsem, rseqc, busco, goleft_indexcov, disambiguate, supernova, deeptools, sargasso, verifybamid, mirtrace, happy, homer, macs2, theta2, snpeff, gatk, htseq, bcftools, featureCounts, dedup, damageprofiler, picard, prokka, samblaster, samtools, bamtools, jellyfish, vcftools, longranger, stacks, bbmap, bismark, biscuit, hicexplorer, hicup, hicpro, salmon, kallisto, slamdunk, star, hisat2, tophat, bowtie2, bowtie1, kat, leehom, adapterRemoval, clipandmerge, cutadapt, flexbar, trimmomatic, skewer, sortmerna, biobloomtools, fastq_screen, afterqc, fastp, fastqc, minionqc, clusterflow, bcl2fastq, interop, flash
[2019-11-19 14:26:22,551] multiqc                                            [DEBUG  ]  Using temporary directory for creating report: /tmp/tmpxmt_bwkn
[2019-11-19 14:26:23,179] multiqc                                            [DEBUG  ]  No samples found: custom_content
[2019-11-19 14:26:23,183] multiqc                                            [DEBUG  ]  No samples found: conpair
[2019-11-19 14:26:23,187] multiqc                                            [DEBUG  ]  No samples found: peddy
[2019-11-19 14:26:23,191] multiqc                                            [DEBUG  ]  No samples found: methylQA
[2019-11-19 14:26:23,195] multiqc                                            [DEBUG  ]  No samples found: phantompeakqualtools
[2019-11-19 14:26:23,199] multiqc                                            [DEBUG  ]  No samples found: qualimap
[2019-11-19 14:26:23,203] multiqc                                            [DEBUG  ]  No samples found: preseq
[2019-11-19 14:26:23,207] multiqc                                            [DEBUG  ]  No samples found: quast
[2019-11-19 14:26:23,211] multiqc                                            [DEBUG  ]  No samples found: qorts
[2019-11-19 14:26:23,215] multiqc                                            [DEBUG  ]  No samples found: rna_seqc
[2019-11-19 14:26:23,218] multiqc                                            [DEBUG  ]  No samples found: rsem
[2019-11-19 14:26:23,225] multiqc                                            [DEBUG  ]  No samples found: rseqc
[2019-11-19 14:26:23,229] multiqc                                            [DEBUG  ]  No samples found: busco
[2019-11-19 14:26:23,233] multiqc                                            [DEBUG  ]  No samples found: goleft_indexcov
[2019-11-19 14:26:23,236] multiqc                                            [DEBUG  ]  No samples found: disambiguate
[2019-11-19 14:26:23,240] multiqc                                            [DEBUG  ]  No samples found: supernova
[2019-11-19 14:26:23,248] multiqc                                            [DEBUG  ]  No samples found: deeptools
[2019-11-19 14:26:23,252] multiqc                                            [DEBUG  ]  No samples found: sargasso
[2019-11-19 14:26:23,256] multiqc                                            [DEBUG  ]  No samples found: verifybamid
[2019-11-19 14:26:23,260] multiqc                                            [DEBUG  ]  No samples found: mirtrace
[2019-11-19 14:26:23,264] multiqc                                            [DEBUG  ]  No samples found: happy
[2019-11-19 14:26:23,269] multiqc                                            [DEBUG  ]  No samples found: homer
[2019-11-19 14:26:23,273] multiqc                                            [DEBUG  ]  No samples found: macs2
[2019-11-19 14:26:23,276] multiqc                                            [DEBUG  ]  No samples found: theta2
[2019-11-19 14:26:23,280] multiqc                                            [DEBUG  ]  No samples found: snpeff
[2019-11-19 14:26:23,285] multiqc                                            [DEBUG  ]  No samples found: gatk
[2019-11-19 14:26:23,289] multiqc                                            [DEBUG  ]  No samples found: htseq
[2019-11-19 14:26:23,293] multiqc                                            [DEBUG  ]  No samples found: bcftools
[2019-11-19 14:26:23,296] multiqc                                            [DEBUG  ]  No samples found: featureCounts
[2019-11-19 14:26:23,300] multiqc                                            [DEBUG  ]  No samples found: dedup
[2019-11-19 14:26:23,304] multiqc                                            [DEBUG  ]  No samples found: damageprofiler
[2019-11-19 14:26:23,313] multiqc                                            [DEBUG  ]  No samples found: picard
[2019-11-19 14:26:23,317] multiqc                                            [DEBUG  ]  No samples found: prokka
[2019-11-19 14:26:23,320] multiqc                                            [DEBUG  ]  No samples found: samblaster
[2019-11-19 14:26:23,326] multiqc                                            [DEBUG  ]  No samples found: samtools
[2019-11-19 14:26:23,330] multiqc                                            [DEBUG  ]  No samples found: bamtools
[2019-11-19 14:26:23,334] multiqc                                            [DEBUG  ]  No samples found: jellyfish
[2019-11-19 14:26:23,339] multiqc                                            [DEBUG  ]  No samples found: vcftools
[2019-11-19 14:26:23,343] multiqc                                            [DEBUG  ]  No samples found: longranger
[2019-11-19 14:26:23,347] multiqc                                            [DEBUG  ]  No samples found: stacks
[2019-11-19 14:26:23,355] multiqc                                            [DEBUG  ]  No samples found: bbmap
[2019-11-19 14:26:23,359] multiqc                                            [DEBUG  ]  No samples found: bismark
[2019-11-19 14:26:23,364] multiqc                                            [DEBUG  ]  No samples found: biscuit
[2019-11-19 14:26:23,367] multiqc                                            [DEBUG  ]  No samples found: hicexplorer
[2019-11-19 14:26:23,371] multiqc                                            [DEBUG  ]  No samples found: hicup
[2019-11-19 14:26:23,375] multiqc                                            [DEBUG  ]  No samples found: hicpro
[2019-11-19 14:26:23,379] multiqc                                            [DEBUG  ]  No samples found: salmon
[2019-11-19 14:26:23,383] multiqc                                            [DEBUG  ]  No samples found: kallisto
[2019-11-19 14:26:23,387] multiqc                                            [DEBUG  ]  No samples found: slamdunk
[2019-11-19 14:26:23,390] multiqc                                            [DEBUG  ]  No samples found: star
[2019-11-19 14:26:23,394] multiqc                                            [DEBUG  ]  No samples found: hisat2
[2019-11-19 14:26:23,398] multiqc                                            [DEBUG  ]  No samples found: tophat
[2019-11-19 14:26:23,402] multiqc                                            [DEBUG  ]  No samples found: bowtie2
[2019-11-19 14:26:23,405] multiqc                                            [DEBUG  ]  No samples found: bowtie1
[2019-11-19 14:26:23,409] multiqc                                            [DEBUG  ]  No samples found: kat
[2019-11-19 14:26:23,413] multiqc                                            [DEBUG  ]  No samples found: leehom
[2019-11-19 14:26:23,416] multiqc                                            [DEBUG  ]  No samples found: adapterRemoval
[2019-11-19 14:26:23,420] multiqc                                            [DEBUG  ]  No samples found: clipandmerge
[2019-11-19 14:26:23,424] multiqc                                            [DEBUG  ]  No samples found: cutadapt
[2019-11-19 14:26:23,427] multiqc                                            [DEBUG  ]  No samples found: flexbar
[2019-11-19 14:26:23,431] multiqc                                            [DEBUG  ]  No samples found: trimmomatic
[2019-11-19 14:26:23,435] multiqc                                            [DEBUG  ]  No samples found: skewer
[2019-11-19 14:26:23,440] multiqc                                            [DEBUG  ]  No samples found: sortmerna
[2019-11-19 14:26:23,443] multiqc                                            [DEBUG  ]  No samples found: biobloomtools
[2019-11-19 14:26:23,447] multiqc                                            [DEBUG  ]  No samples found: fastq_screen
[2019-11-19 14:26:23,451] multiqc                                            [DEBUG  ]  No samples found: afterqc
[2019-11-19 14:26:23,454] multiqc                                            [DEBUG  ]  No samples found: fastp
[2019-11-19 14:26:23,462] multiqc.modules.fastqc.fastqc                      [INFO   ]  Found 1 reports
[2019-11-19 14:26:23,513] multiqc                                            [DEBUG  ]  No samples found: minionqc
[2019-11-19 14:26:23,517] multiqc                                            [DEBUG  ]  No samples found: clusterflow
[2019-11-19 14:26:23,521] multiqc                                            [DEBUG  ]  No samples found: bcl2fastq
[2019-11-19 14:26:23,525] multiqc                                            [DEBUG  ]  No samples found: interop
[2019-11-19 14:26:23,529] multiqc                                            [DEBUG  ]  No samples found: flash
[2019-11-19 14:26:23,532] multiqc                                            [INFO   ]  Compressing plot data
[2019-11-19 14:26:23,563] multiqc                                            [INFO   ]  Report      : ../../../../../../../data/multiqc_report.html
[2019-11-19 14:26:23,563] multiqc                                            [INFO   ]  Data        : ../../../../../../../data/multiqc_data
[2019-11-19 14:26:23,563] multiqc                                            [DEBUG  ]  Moving data file from '/tmp/tmpxmt_bwkn/multiqc_data/multiqc_general_stats.txt' to '/data/multiqc_data'
[2019-11-19 14:26:23,564] multiqc                                            [DEBUG  ]  Moving data file from '/tmp/tmpxmt_bwkn/multiqc_data/multiqc_fastqc.txt' to '/data/multiqc_data'
[2019-11-19 14:26:23,564] multiqc                                            [DEBUG  ]  Moving data file from '/tmp/tmpxmt_bwkn/multiqc_data/multiqc_data.json' to '/data/multiqc_data'
[2019-11-19 14:26:23,564] multiqc                                            [DEBUG  ]  Moving data file from '/tmp/tmpxmt_bwkn/multiqc_data/multiqc_sources.txt' to '/data/multiqc_data'
[2019-11-19 14:26:23,686] multiqc                                            [INFO   ]  MultiQC complete
