[2019-11-19 09:45:39,614] multiqc                                            [DEBUG  ]  No MultiQC config found: /usr/lib/python3.6/site-packages/multiqc-1.7-py3.6.egg/multiqc_config.yaml
[2019-11-19 09:45:39,614] multiqc                                            [DEBUG  ]  No MultiQC config found: /root/.multiqc_config.yaml
[2019-11-19 09:45:39,614] multiqc                                            [DEBUG  ]  No MultiQC config found: multiqc_config.yaml
[2019-11-19 09:45:39,614] multiqc                                            [DEBUG  ]  Command used: /usr/bin/multiqc /data/HG00127.unmapped.ILLUMINA.bwa.GBR.low_coverage.20101123_fastqc.zip -o /data
[2019-11-19 09:45:41,331] multiqc                                            [DEBUG  ]  Latest MultiQC version is v1.7
[2019-11-19 09:45:41,331] multiqc                                            [INFO   ]  This is MultiQC v1.7
[2019-11-19 09:45:41,331] multiqc                                            [DEBUG  ]  Command     : /usr/bin/multiqc /data/HG00127.unmapped.ILLUMINA.bwa.GBR.low_coverage.20101123_fastqc.zip -o /data
[2019-11-19 09:45:41,331] multiqc                                            [DEBUG  ]  Working dir : /var/lib/toil/toil-9b56b740-ccba-4b13-b998-c6aabca34938-69d14ae953f0400cbe6f0dc87a7486c9/tmpIx9jcp/9a6dc6bc-dd99-4543-8de6-2db687d869d1/tHZ5y5W
[2019-11-19 09:45:41,331] multiqc                                            [INFO   ]  Template    : default
[2019-11-19 09:45:41,332] multiqc                                            [INFO   ]  Searching '/data/HG00127.unmapped.ILLUMINA.bwa.GBR.low_coverage.20101123_fastqc.zip'
[2019-11-19 09:45:41,332] multiqc                                            [DEBUG  ]  Analysing modules: custom_content, conpair, peddy, methylQA, phantompeakqualtools, qualimap, preseq, quast, qorts, rna_seqc, rsem, rseqc, busco, goleft_indexcov, disambiguate, supernova, deeptools, sargasso, verifybamid, mirtrace, happy, homer, macs2, theta2, snpeff, gatk, htseq, bcftools, featureCounts, dedup, damageprofiler, picard, prokka, samblaster, samtools, bamtools, jellyfish, vcftools, longranger, stacks, bbmap, bismark, biscuit, hicexplorer, hicup, hicpro, salmon, kallisto, slamdunk, star, hisat2, tophat, bowtie2, bowtie1, kat, leehom, adapterRemoval, clipandmerge, cutadapt, flexbar, trimmomatic, skewer, sortmerna, biobloomtools, fastq_screen, afterqc, fastp, fastqc, minionqc, clusterflow, bcl2fastq, interop, flash
[2019-11-19 09:45:41,332] multiqc                                            [DEBUG  ]  Using temporary directory for creating report: /tmp/tmpw1mglb02
[2019-11-19 09:45:42,002] multiqc                                            [DEBUG  ]  No samples found: custom_content
[2019-11-19 09:45:42,009] multiqc                                            [DEBUG  ]  No samples found: conpair
[2019-11-19 09:45:42,013] multiqc                                            [DEBUG  ]  No samples found: peddy
[2019-11-19 09:45:42,017] multiqc                                            [DEBUG  ]  No samples found: methylQA
[2019-11-19 09:45:42,020] multiqc                                            [DEBUG  ]  No samples found: phantompeakqualtools
[2019-11-19 09:45:42,026] multiqc                                            [DEBUG  ]  No samples found: qualimap
[2019-11-19 09:45:42,030] multiqc                                            [DEBUG  ]  No samples found: preseq
[2019-11-19 09:45:42,034] multiqc                                            [DEBUG  ]  No samples found: quast
[2019-11-19 09:45:42,038] multiqc                                            [DEBUG  ]  No samples found: qorts
[2019-11-19 09:45:42,042] multiqc                                            [DEBUG  ]  No samples found: rna_seqc
[2019-11-19 09:45:42,047] multiqc                                            [DEBUG  ]  No samples found: rsem
[2019-11-19 09:45:42,056] multiqc                                            [DEBUG  ]  No samples found: rseqc
[2019-11-19 09:45:42,060] multiqc                                            [DEBUG  ]  No samples found: busco
[2019-11-19 09:45:42,064] multiqc                                            [DEBUG  ]  No samples found: goleft_indexcov
[2019-11-19 09:45:42,068] multiqc                                            [DEBUG  ]  No samples found: disambiguate
[2019-11-19 09:45:42,073] multiqc                                            [DEBUG  ]  No samples found: supernova
[2019-11-19 09:45:42,080] multiqc                                            [DEBUG  ]  No samples found: deeptools
[2019-11-19 09:45:42,084] multiqc                                            [DEBUG  ]  No samples found: sargasso
[2019-11-19 09:45:42,089] multiqc                                            [DEBUG  ]  No samples found: verifybamid
[2019-11-19 09:45:42,093] multiqc                                            [DEBUG  ]  No samples found: mirtrace
[2019-11-19 09:45:42,097] multiqc                                            [DEBUG  ]  No samples found: happy
[2019-11-19 09:45:42,102] multiqc                                            [DEBUG  ]  No samples found: homer
[2019-11-19 09:45:42,106] multiqc                                            [DEBUG  ]  No samples found: macs2
[2019-11-19 09:45:42,109] multiqc                                            [DEBUG  ]  No samples found: theta2
[2019-11-19 09:45:42,112] multiqc                                            [DEBUG  ]  No samples found: snpeff
[2019-11-19 09:45:42,117] multiqc                                            [DEBUG  ]  No samples found: gatk
[2019-11-19 09:45:42,120] multiqc                                            [DEBUG  ]  No samples found: htseq
[2019-11-19 09:45:42,124] multiqc                                            [DEBUG  ]  No samples found: bcftools
[2019-11-19 09:45:42,128] multiqc                                            [DEBUG  ]  No samples found: featureCounts
[2019-11-19 09:45:42,131] multiqc                                            [DEBUG  ]  No samples found: dedup
[2019-11-19 09:45:42,136] multiqc                                            [DEBUG  ]  No samples found: damageprofiler
[2019-11-19 09:45:42,149] multiqc                                            [DEBUG  ]  No samples found: picard
[2019-11-19 09:45:42,152] multiqc                                            [DEBUG  ]  No samples found: prokka
[2019-11-19 09:45:42,155] multiqc                                            [DEBUG  ]  No samples found: samblaster
[2019-11-19 09:45:42,161] multiqc                                            [DEBUG  ]  No samples found: samtools
[2019-11-19 09:45:42,165] multiqc                                            [DEBUG  ]  No samples found: bamtools
[2019-11-19 09:45:42,168] multiqc                                            [DEBUG  ]  No samples found: jellyfish
[2019-11-19 09:45:42,173] multiqc                                            [DEBUG  ]  No samples found: vcftools
[2019-11-19 09:45:42,176] multiqc                                            [DEBUG  ]  No samples found: longranger
[2019-11-19 09:45:42,180] multiqc                                            [DEBUG  ]  No samples found: stacks
[2019-11-19 09:45:42,192] multiqc                                            [DEBUG  ]  No samples found: bbmap
[2019-11-19 09:45:42,196] multiqc                                            [DEBUG  ]  No samples found: bismark
[2019-11-19 09:45:42,201] multiqc                                            [DEBUG  ]  No samples found: biscuit
[2019-11-19 09:45:42,205] multiqc                                            [DEBUG  ]  No samples found: hicexplorer
[2019-11-19 09:45:42,209] multiqc                                            [DEBUG  ]  No samples found: hicup
[2019-11-19 09:45:42,213] multiqc                                            [DEBUG  ]  No samples found: hicpro
[2019-11-19 09:45:42,217] multiqc                                            [DEBUG  ]  No samples found: salmon
[2019-11-19 09:45:42,220] multiqc                                            [DEBUG  ]  No samples found: kallisto
[2019-11-19 09:45:42,224] multiqc                                            [DEBUG  ]  No samples found: slamdunk
[2019-11-19 09:45:42,228] multiqc                                            [DEBUG  ]  No samples found: star
[2019-11-19 09:45:42,232] multiqc                                            [DEBUG  ]  No samples found: hisat2
[2019-11-19 09:45:42,235] multiqc                                            [DEBUG  ]  No samples found: tophat
[2019-11-19 09:45:42,239] multiqc                                            [DEBUG  ]  No samples found: bowtie2
[2019-11-19 09:45:42,242] multiqc                                            [DEBUG  ]  No samples found: bowtie1
[2019-11-19 09:45:42,245] multiqc                                            [DEBUG  ]  No samples found: kat
[2019-11-19 09:45:42,248] multiqc                                            [DEBUG  ]  No samples found: leehom
[2019-11-19 09:45:42,252] multiqc                                            [DEBUG  ]  No samples found: adapterRemoval
[2019-11-19 09:45:42,255] multiqc                                            [DEBUG  ]  No samples found: clipandmerge
[2019-11-19 09:45:42,258] multiqc                                            [DEBUG  ]  No samples found: cutadapt
[2019-11-19 09:45:42,262] multiqc                                            [DEBUG  ]  No samples found: flexbar
[2019-11-19 09:45:42,266] multiqc                                            [DEBUG  ]  No samples found: trimmomatic
[2019-11-19 09:45:42,269] multiqc                                            [DEBUG  ]  No samples found: skewer
[2019-11-19 09:45:42,273] multiqc                                            [DEBUG  ]  No samples found: sortmerna
[2019-11-19 09:45:42,279] multiqc                                            [DEBUG  ]  No samples found: biobloomtools
[2019-11-19 09:45:42,285] multiqc                                            [DEBUG  ]  No samples found: fastq_screen
[2019-11-19 09:45:42,288] multiqc                                            [DEBUG  ]  No samples found: afterqc
[2019-11-19 09:45:42,291] multiqc                                            [DEBUG  ]  No samples found: fastp
[2019-11-19 09:45:42,298] multiqc.modules.fastqc.fastqc                      [INFO   ]  Found 1 reports
[2019-11-19 09:45:42,348] multiqc                                            [DEBUG  ]  No samples found: minionqc
[2019-11-19 09:45:42,352] multiqc                                            [DEBUG  ]  No samples found: clusterflow
[2019-11-19 09:45:42,356] multiqc                                            [DEBUG  ]  No samples found: bcl2fastq
[2019-11-19 09:45:42,359] multiqc                                            [DEBUG  ]  No samples found: interop
[2019-11-19 09:45:42,364] multiqc                                            [DEBUG  ]  No samples found: flash
[2019-11-19 09:45:42,366] multiqc                                            [INFO   ]  Compressing plot data
[2019-11-19 09:45:42,398] multiqc                                            [INFO   ]  Report      : ../../../../../../../data/multiqc_report.html
[2019-11-19 09:45:42,398] multiqc                                            [INFO   ]  Data        : ../../../../../../../data/multiqc_data
[2019-11-19 09:45:42,398] multiqc                                            [DEBUG  ]  Moving data file from '/tmp/tmpw1mglb02/multiqc_data/multiqc_general_stats.txt' to '/data/multiqc_data'
[2019-11-19 09:45:42,398] multiqc                                            [DEBUG  ]  Moving data file from '/tmp/tmpw1mglb02/multiqc_data/multiqc_fastqc.txt' to '/data/multiqc_data'
[2019-11-19 09:45:42,399] multiqc                                            [DEBUG  ]  Moving data file from '/tmp/tmpw1mglb02/multiqc_data/multiqc_data.json' to '/data/multiqc_data'
[2019-11-19 09:45:42,399] multiqc                                            [DEBUG  ]  Moving data file from '/tmp/tmpw1mglb02/multiqc_data/multiqc_sources.txt' to '/data/multiqc_data'
[2019-11-19 09:45:42,528] multiqc                                            [INFO   ]  MultiQC complete
