[2019-11-19 13:16:40,752] multiqc                                            [DEBUG  ]  No MultiQC config found: /usr/lib/python3.6/site-packages/multiqc-1.7-py3.6.egg/multiqc_config.yaml
[2019-11-19 13:16:40,752] multiqc                                            [DEBUG  ]  No MultiQC config found: /root/.multiqc_config.yaml
[2019-11-19 13:16:40,753] multiqc                                            [DEBUG  ]  No MultiQC config found: multiqc_config.yaml
[2019-11-19 13:16:40,753] multiqc                                            [DEBUG  ]  Command used: /usr/bin/multiqc /data/HG00158.mapped.ILLUMINA.bwa.GBR.low_coverage.20101123_fastqc.zip -o /data
[2019-11-19 13:16:42,878] multiqc                                            [DEBUG  ]  Latest MultiQC version is v1.7
[2019-11-19 13:16:42,878] multiqc                                            [INFO   ]  This is MultiQC v1.7
[2019-11-19 13:16:42,878] multiqc                                            [DEBUG  ]  Command     : /usr/bin/multiqc /data/HG00158.mapped.ILLUMINA.bwa.GBR.low_coverage.20101123_fastqc.zip -o /data
[2019-11-19 13:16:42,878] multiqc                                            [DEBUG  ]  Working dir : /var/lib/toil/toil-9b56b740-ccba-4b13-b998-c6aabca34938-69d14ae953f0400cbe6f0dc87a7486c9/tmpMaSTcL/0ae6e57e-5968-46eb-b405-29338fdd669e/tapWEuB
[2019-11-19 13:16:42,878] multiqc                                            [INFO   ]  Template    : default
[2019-11-19 13:16:42,878] multiqc                                            [INFO   ]  Searching '/data/HG00158.mapped.ILLUMINA.bwa.GBR.low_coverage.20101123_fastqc.zip'
[2019-11-19 13:16:42,879] multiqc                                            [DEBUG  ]  Analysing modules: custom_content, conpair, peddy, methylQA, phantompeakqualtools, qualimap, preseq, quast, qorts, rna_seqc, rsem, rseqc, busco, goleft_indexcov, disambiguate, supernova, deeptools, sargasso, verifybamid, mirtrace, happy, homer, macs2, theta2, snpeff, gatk, htseq, bcftools, featureCounts, dedup, damageprofiler, picard, prokka, samblaster, samtools, bamtools, jellyfish, vcftools, longranger, stacks, bbmap, bismark, biscuit, hicexplorer, hicup, hicpro, salmon, kallisto, slamdunk, star, hisat2, tophat, bowtie2, bowtie1, kat, leehom, adapterRemoval, clipandmerge, cutadapt, flexbar, trimmomatic, skewer, sortmerna, biobloomtools, fastq_screen, afterqc, fastp, fastqc, minionqc, clusterflow, bcl2fastq, interop, flash
[2019-11-19 13:16:42,879] multiqc                                            [DEBUG  ]  Using temporary directory for creating report: /tmp/tmpogydn5l0
[2019-11-19 13:16:43,601] multiqc                                            [DEBUG  ]  No samples found: custom_content
[2019-11-19 13:16:43,606] multiqc                                            [DEBUG  ]  No samples found: conpair
[2019-11-19 13:16:43,614] multiqc                                            [DEBUG  ]  No samples found: peddy
[2019-11-19 13:16:43,621] multiqc                                            [DEBUG  ]  No samples found: methylQA
[2019-11-19 13:16:43,625] multiqc                                            [DEBUG  ]  No samples found: phantompeakqualtools
[2019-11-19 13:16:43,631] multiqc                                            [DEBUG  ]  No samples found: qualimap
[2019-11-19 13:16:43,636] multiqc                                            [DEBUG  ]  No samples found: preseq
[2019-11-19 13:16:43,641] multiqc                                            [DEBUG  ]  No samples found: quast
[2019-11-19 13:16:43,645] multiqc                                            [DEBUG  ]  No samples found: qorts
[2019-11-19 13:16:43,650] multiqc                                            [DEBUG  ]  No samples found: rna_seqc
[2019-11-19 13:16:43,654] multiqc                                            [DEBUG  ]  No samples found: rsem
[2019-11-19 13:16:43,663] multiqc                                            [DEBUG  ]  No samples found: rseqc
[2019-11-19 13:16:43,668] multiqc                                            [DEBUG  ]  No samples found: busco
[2019-11-19 13:16:43,673] multiqc                                            [DEBUG  ]  No samples found: goleft_indexcov
[2019-11-19 13:16:43,678] multiqc                                            [DEBUG  ]  No samples found: disambiguate
[2019-11-19 13:16:43,682] multiqc                                            [DEBUG  ]  No samples found: supernova
[2019-11-19 13:16:43,691] multiqc                                            [DEBUG  ]  No samples found: deeptools
[2019-11-19 13:16:43,696] multiqc                                            [DEBUG  ]  No samples found: sargasso
[2019-11-19 13:16:43,700] multiqc                                            [DEBUG  ]  No samples found: verifybamid
[2019-11-19 13:16:43,704] multiqc                                            [DEBUG  ]  No samples found: mirtrace
[2019-11-19 13:16:43,708] multiqc                                            [DEBUG  ]  No samples found: happy
[2019-11-19 13:16:43,714] multiqc                                            [DEBUG  ]  No samples found: homer
[2019-11-19 13:16:43,719] multiqc                                            [DEBUG  ]  No samples found: macs2
[2019-11-19 13:16:43,724] multiqc                                            [DEBUG  ]  No samples found: theta2
[2019-11-19 13:16:43,728] multiqc                                            [DEBUG  ]  No samples found: snpeff
[2019-11-19 13:16:43,734] multiqc                                            [DEBUG  ]  No samples found: gatk
[2019-11-19 13:16:43,738] multiqc                                            [DEBUG  ]  No samples found: htseq
[2019-11-19 13:16:43,742] multiqc                                            [DEBUG  ]  No samples found: bcftools
[2019-11-19 13:16:43,747] multiqc                                            [DEBUG  ]  No samples found: featureCounts
[2019-11-19 13:16:43,752] multiqc                                            [DEBUG  ]  No samples found: dedup
[2019-11-19 13:16:43,758] multiqc                                            [DEBUG  ]  No samples found: damageprofiler
[2019-11-19 13:16:43,769] multiqc                                            [DEBUG  ]  No samples found: picard
[2019-11-19 13:16:43,773] multiqc                                            [DEBUG  ]  No samples found: prokka
[2019-11-19 13:16:43,777] multiqc                                            [DEBUG  ]  No samples found: samblaster
[2019-11-19 13:16:43,784] multiqc                                            [DEBUG  ]  No samples found: samtools
[2019-11-19 13:16:43,789] multiqc                                            [DEBUG  ]  No samples found: bamtools
[2019-11-19 13:16:43,793] multiqc                                            [DEBUG  ]  No samples found: jellyfish
[2019-11-19 13:16:43,799] multiqc                                            [DEBUG  ]  No samples found: vcftools
[2019-11-19 13:16:43,804] multiqc                                            [DEBUG  ]  No samples found: longranger
[2019-11-19 13:16:43,809] multiqc                                            [DEBUG  ]  No samples found: stacks
[2019-11-19 13:16:43,820] multiqc                                            [DEBUG  ]  No samples found: bbmap
[2019-11-19 13:16:43,824] multiqc                                            [DEBUG  ]  No samples found: bismark
[2019-11-19 13:16:43,830] multiqc                                            [DEBUG  ]  No samples found: biscuit
[2019-11-19 13:16:43,834] multiqc                                            [DEBUG  ]  No samples found: hicexplorer
[2019-11-19 13:16:43,838] multiqc                                            [DEBUG  ]  No samples found: hicup
[2019-11-19 13:16:43,842] multiqc                                            [DEBUG  ]  No samples found: hicpro
[2019-11-19 13:16:43,846] multiqc                                            [DEBUG  ]  No samples found: salmon
[2019-11-19 13:16:43,851] multiqc                                            [DEBUG  ]  No samples found: kallisto
[2019-11-19 13:16:43,855] multiqc                                            [DEBUG  ]  No samples found: slamdunk
[2019-11-19 13:16:43,859] multiqc                                            [DEBUG  ]  No samples found: star
[2019-11-19 13:16:43,864] multiqc                                            [DEBUG  ]  No samples found: hisat2
[2019-11-19 13:16:43,868] multiqc                                            [DEBUG  ]  No samples found: tophat
[2019-11-19 13:16:43,872] multiqc                                            [DEBUG  ]  No samples found: bowtie2
[2019-11-19 13:16:43,876] multiqc                                            [DEBUG  ]  No samples found: bowtie1
[2019-11-19 13:16:43,880] multiqc                                            [DEBUG  ]  No samples found: kat
[2019-11-19 13:16:43,884] multiqc                                            [DEBUG  ]  No samples found: leehom
[2019-11-19 13:16:43,890] multiqc                                            [DEBUG  ]  No samples found: adapterRemoval
[2019-11-19 13:16:43,894] multiqc                                            [DEBUG  ]  No samples found: clipandmerge
[2019-11-19 13:16:43,899] multiqc                                            [DEBUG  ]  No samples found: cutadapt
[2019-11-19 13:16:43,904] multiqc                                            [DEBUG  ]  No samples found: flexbar
[2019-11-19 13:16:43,909] multiqc                                            [DEBUG  ]  No samples found: trimmomatic
[2019-11-19 13:16:43,913] multiqc                                            [DEBUG  ]  No samples found: skewer
[2019-11-19 13:16:43,917] multiqc                                            [DEBUG  ]  No samples found: sortmerna
[2019-11-19 13:16:43,923] multiqc                                            [DEBUG  ]  No samples found: biobloomtools
[2019-11-19 13:16:43,927] multiqc                                            [DEBUG  ]  No samples found: fastq_screen
[2019-11-19 13:16:43,931] multiqc                                            [DEBUG  ]  No samples found: afterqc
[2019-11-19 13:16:43,935] multiqc                                            [DEBUG  ]  No samples found: fastp
[2019-11-19 13:16:43,942] multiqc.modules.fastqc.fastqc                      [INFO   ]  Found 1 reports
[2019-11-19 13:16:44,005] multiqc                                            [DEBUG  ]  No samples found: minionqc
[2019-11-19 13:16:44,010] multiqc                                            [DEBUG  ]  No samples found: clusterflow
[2019-11-19 13:16:44,014] multiqc                                            [DEBUG  ]  No samples found: bcl2fastq
[2019-11-19 13:16:44,019] multiqc                                            [DEBUG  ]  No samples found: interop
[2019-11-19 13:16:44,023] multiqc                                            [DEBUG  ]  No samples found: flash
[2019-11-19 13:16:44,025] multiqc                                            [INFO   ]  Compressing plot data
[2019-11-19 13:16:44,051] multiqc                                            [INFO   ]  Report      : ../../../../../../../data/multiqc_report.html
[2019-11-19 13:16:44,051] multiqc                                            [INFO   ]  Data        : ../../../../../../../data/multiqc_data
[2019-11-19 13:16:44,051] multiqc                                            [DEBUG  ]  Moving data file from '/tmp/tmpogydn5l0/multiqc_data/multiqc_general_stats.txt' to '/data/multiqc_data'
[2019-11-19 13:16:44,052] multiqc                                            [DEBUG  ]  Moving data file from '/tmp/tmpogydn5l0/multiqc_data/multiqc_fastqc.txt' to '/data/multiqc_data'
[2019-11-19 13:16:44,052] multiqc                                            [DEBUG  ]  Moving data file from '/tmp/tmpogydn5l0/multiqc_data/multiqc_data.json' to '/data/multiqc_data'
[2019-11-19 13:16:44,052] multiqc                                            [DEBUG  ]  Moving data file from '/tmp/tmpogydn5l0/multiqc_data/multiqc_sources.txt' to '/data/multiqc_data'
[2019-11-19 13:16:44,186] multiqc                                            [INFO   ]  MultiQC complete
