[2019-11-19 11:00:21,121] multiqc                                            [DEBUG  ]  No MultiQC config found: /usr/lib/python3.6/site-packages/multiqc-1.7-py3.6.egg/multiqc_config.yaml
[2019-11-19 11:00:21,121] multiqc                                            [DEBUG  ]  No MultiQC config found: /root/.multiqc_config.yaml
[2019-11-19 11:00:21,121] multiqc                                            [DEBUG  ]  No MultiQC config found: multiqc_config.yaml
[2019-11-19 11:00:21,121] multiqc                                            [DEBUG  ]  Command used: /usr/bin/multiqc /data/HG00139.unmapped.ILLUMINA.bwa.GBR.low_coverage.20101123_fastqc.zip -o /data
[2019-11-19 11:00:22,812] multiqc                                            [DEBUG  ]  Latest MultiQC version is v1.7
[2019-11-19 11:00:22,812] multiqc                                            [INFO   ]  This is MultiQC v1.7
[2019-11-19 11:00:22,812] multiqc                                            [DEBUG  ]  Command     : /usr/bin/multiqc /data/HG00139.unmapped.ILLUMINA.bwa.GBR.low_coverage.20101123_fastqc.zip -o /data
[2019-11-19 11:00:22,813] multiqc                                            [DEBUG  ]  Working dir : /var/lib/toil/toil-9b56b740-ccba-4b13-b998-c6aabca34938-69d14ae953f0400cbe6f0dc87a7486c9/tmppLGcGy/442c2384-27c9-4b99-ad6b-6280ba29b190/tKqHboW
[2019-11-19 11:00:22,813] multiqc                                            [INFO   ]  Template    : default
[2019-11-19 11:00:22,813] multiqc                                            [INFO   ]  Searching '/data/HG00139.unmapped.ILLUMINA.bwa.GBR.low_coverage.20101123_fastqc.zip'
[2019-11-19 11:00:22,813] multiqc                                            [DEBUG  ]  Analysing modules: custom_content, conpair, peddy, methylQA, phantompeakqualtools, qualimap, preseq, quast, qorts, rna_seqc, rsem, rseqc, busco, goleft_indexcov, disambiguate, supernova, deeptools, sargasso, verifybamid, mirtrace, happy, homer, macs2, theta2, snpeff, gatk, htseq, bcftools, featureCounts, dedup, damageprofiler, picard, prokka, samblaster, samtools, bamtools, jellyfish, vcftools, longranger, stacks, bbmap, bismark, biscuit, hicexplorer, hicup, hicpro, salmon, kallisto, slamdunk, star, hisat2, tophat, bowtie2, bowtie1, kat, leehom, adapterRemoval, clipandmerge, cutadapt, flexbar, trimmomatic, skewer, sortmerna, biobloomtools, fastq_screen, afterqc, fastp, fastqc, minionqc, clusterflow, bcl2fastq, interop, flash
[2019-11-19 11:00:22,813] multiqc                                            [DEBUG  ]  Using temporary directory for creating report: /tmp/tmpny5y6l90
[2019-11-19 11:00:23,740] multiqc                                            [DEBUG  ]  No samples found: custom_content
[2019-11-19 11:00:23,744] multiqc                                            [DEBUG  ]  No samples found: conpair
[2019-11-19 11:00:23,751] multiqc                                            [DEBUG  ]  No samples found: peddy
[2019-11-19 11:00:23,755] multiqc                                            [DEBUG  ]  No samples found: methylQA
[2019-11-19 11:00:23,759] multiqc                                            [DEBUG  ]  No samples found: phantompeakqualtools
[2019-11-19 11:00:23,766] multiqc                                            [DEBUG  ]  No samples found: qualimap
[2019-11-19 11:00:23,782] multiqc                                            [DEBUG  ]  No samples found: preseq
[2019-11-19 11:00:23,789] multiqc                                            [DEBUG  ]  No samples found: quast
[2019-11-19 11:00:23,794] multiqc                                            [DEBUG  ]  No samples found: qorts
[2019-11-19 11:00:23,800] multiqc                                            [DEBUG  ]  No samples found: rna_seqc
[2019-11-19 11:00:23,804] multiqc                                            [DEBUG  ]  No samples found: rsem
[2019-11-19 11:00:23,814] multiqc                                            [DEBUG  ]  No samples found: rseqc
[2019-11-19 11:00:23,818] multiqc                                            [DEBUG  ]  No samples found: busco
[2019-11-19 11:00:23,822] multiqc                                            [DEBUG  ]  No samples found: goleft_indexcov
[2019-11-19 11:00:23,826] multiqc                                            [DEBUG  ]  No samples found: disambiguate
[2019-11-19 11:00:23,831] multiqc                                            [DEBUG  ]  No samples found: supernova
[2019-11-19 11:00:23,840] multiqc                                            [DEBUG  ]  No samples found: deeptools
[2019-11-19 11:00:23,845] multiqc                                            [DEBUG  ]  No samples found: sargasso
[2019-11-19 11:00:23,849] multiqc                                            [DEBUG  ]  No samples found: verifybamid
[2019-11-19 11:00:23,854] multiqc                                            [DEBUG  ]  No samples found: mirtrace
[2019-11-19 11:00:23,858] multiqc                                            [DEBUG  ]  No samples found: happy
[2019-11-19 11:00:23,863] multiqc                                            [DEBUG  ]  No samples found: homer
[2019-11-19 11:00:23,867] multiqc                                            [DEBUG  ]  No samples found: macs2
[2019-11-19 11:00:23,871] multiqc                                            [DEBUG  ]  No samples found: theta2
[2019-11-19 11:00:23,876] multiqc                                            [DEBUG  ]  No samples found: snpeff
[2019-11-19 11:00:23,881] multiqc                                            [DEBUG  ]  No samples found: gatk
[2019-11-19 11:00:23,886] multiqc                                            [DEBUG  ]  No samples found: htseq
[2019-11-19 11:00:23,890] multiqc                                            [DEBUG  ]  No samples found: bcftools
[2019-11-19 11:00:23,895] multiqc                                            [DEBUG  ]  No samples found: featureCounts
[2019-11-19 11:00:23,900] multiqc                                            [DEBUG  ]  No samples found: dedup
[2019-11-19 11:00:23,905] multiqc                                            [DEBUG  ]  No samples found: damageprofiler
[2019-11-19 11:00:23,919] multiqc                                            [DEBUG  ]  No samples found: picard
[2019-11-19 11:00:23,924] multiqc                                            [DEBUG  ]  No samples found: prokka
[2019-11-19 11:00:23,929] multiqc                                            [DEBUG  ]  No samples found: samblaster
[2019-11-19 11:00:23,936] multiqc                                            [DEBUG  ]  No samples found: samtools
[2019-11-19 11:00:23,941] multiqc                                            [DEBUG  ]  No samples found: bamtools
[2019-11-19 11:00:23,945] multiqc                                            [DEBUG  ]  No samples found: jellyfish
[2019-11-19 11:00:23,971] multiqc                                            [DEBUG  ]  No samples found: vcftools
[2019-11-19 11:00:23,975] multiqc                                            [DEBUG  ]  No samples found: longranger
[2019-11-19 11:00:23,979] multiqc                                            [DEBUG  ]  No samples found: stacks
[2019-11-19 11:00:23,998] multiqc                                            [DEBUG  ]  No samples found: bbmap
[2019-11-19 11:00:24,002] multiqc                                            [DEBUG  ]  No samples found: bismark
[2019-11-19 11:00:24,007] multiqc                                            [DEBUG  ]  No samples found: biscuit
[2019-11-19 11:00:24,012] multiqc                                            [DEBUG  ]  No samples found: hicexplorer
[2019-11-19 11:00:24,016] multiqc                                            [DEBUG  ]  No samples found: hicup
[2019-11-19 11:00:24,020] multiqc                                            [DEBUG  ]  No samples found: hicpro
[2019-11-19 11:00:24,027] multiqc                                            [DEBUG  ]  No samples found: salmon
[2019-11-19 11:00:24,031] multiqc                                            [DEBUG  ]  No samples found: kallisto
[2019-11-19 11:00:24,035] multiqc                                            [DEBUG  ]  No samples found: slamdunk
[2019-11-19 11:00:24,040] multiqc                                            [DEBUG  ]  No samples found: star
[2019-11-19 11:00:24,044] multiqc                                            [DEBUG  ]  No samples found: hisat2
[2019-11-19 11:00:24,049] multiqc                                            [DEBUG  ]  No samples found: tophat
[2019-11-19 11:00:24,054] multiqc                                            [DEBUG  ]  No samples found: bowtie2
[2019-11-19 11:00:24,059] multiqc                                            [DEBUG  ]  No samples found: bowtie1
[2019-11-19 11:00:24,063] multiqc                                            [DEBUG  ]  No samples found: kat
[2019-11-19 11:00:24,067] multiqc                                            [DEBUG  ]  No samples found: leehom
[2019-11-19 11:00:24,072] multiqc                                            [DEBUG  ]  No samples found: adapterRemoval
[2019-11-19 11:00:24,076] multiqc                                            [DEBUG  ]  No samples found: clipandmerge
[2019-11-19 11:00:24,080] multiqc                                            [DEBUG  ]  No samples found: cutadapt
[2019-11-19 11:00:24,085] multiqc                                            [DEBUG  ]  No samples found: flexbar
[2019-11-19 11:00:24,090] multiqc                                            [DEBUG  ]  No samples found: trimmomatic
[2019-11-19 11:00:24,095] multiqc                                            [DEBUG  ]  No samples found: skewer
[2019-11-19 11:00:24,099] multiqc                                            [DEBUG  ]  No samples found: sortmerna
[2019-11-19 11:00:24,103] multiqc                                            [DEBUG  ]  No samples found: biobloomtools
[2019-11-19 11:00:24,108] multiqc                                            [DEBUG  ]  No samples found: fastq_screen
[2019-11-19 11:00:24,112] multiqc                                            [DEBUG  ]  No samples found: afterqc
[2019-11-19 11:00:24,116] multiqc                                            [DEBUG  ]  No samples found: fastp
[2019-11-19 11:00:24,125] multiqc.modules.fastqc.fastqc                      [INFO   ]  Found 1 reports
[2019-11-19 11:00:24,177] multiqc                                            [DEBUG  ]  No samples found: minionqc
[2019-11-19 11:00:24,181] multiqc                                            [DEBUG  ]  No samples found: clusterflow
[2019-11-19 11:00:24,187] multiqc                                            [DEBUG  ]  No samples found: bcl2fastq
[2019-11-19 11:00:24,193] multiqc                                            [DEBUG  ]  No samples found: interop
[2019-11-19 11:00:24,198] multiqc                                            [DEBUG  ]  No samples found: flash
[2019-11-19 11:00:24,201] multiqc                                            [INFO   ]  Compressing plot data
[2019-11-19 11:00:24,235] multiqc                                            [INFO   ]  Report      : ../../../../../../../data/multiqc_report.html
[2019-11-19 11:00:24,235] multiqc                                            [INFO   ]  Data        : ../../../../../../../data/multiqc_data
[2019-11-19 11:00:24,236] multiqc                                            [DEBUG  ]  Moving data file from '/tmp/tmpny5y6l90/multiqc_data/multiqc_general_stats.txt' to '/data/multiqc_data'
[2019-11-19 11:00:24,236] multiqc                                            [DEBUG  ]  Moving data file from '/tmp/tmpny5y6l90/multiqc_data/multiqc_fastqc.txt' to '/data/multiqc_data'
[2019-11-19 11:00:24,236] multiqc                                            [DEBUG  ]  Moving data file from '/tmp/tmpny5y6l90/multiqc_data/multiqc_data.json' to '/data/multiqc_data'
[2019-11-19 11:00:24,236] multiqc                                            [DEBUG  ]  Moving data file from '/tmp/tmpny5y6l90/multiqc_data/multiqc_sources.txt' to '/data/multiqc_data'
[2019-11-19 11:00:24,375] multiqc                                            [INFO   ]  MultiQC complete
