[2019-11-19 06:13:36,916] multiqc                                            [DEBUG  ]  No MultiQC config found: /usr/lib/python3.6/site-packages/multiqc-1.7-py3.6.egg/multiqc_config.yaml
[2019-11-19 06:13:36,916] multiqc                                            [DEBUG  ]  No MultiQC config found: /root/.multiqc_config.yaml
[2019-11-19 06:13:36,916] multiqc                                            [DEBUG  ]  No MultiQC config found: multiqc_config.yaml
[2019-11-19 06:13:36,916] multiqc                                            [DEBUG  ]  Command used: /usr/bin/multiqc /data/HG00108.unmapped.ILLUMINA.bwa.GBR.low_coverage.20101123_fastqc.zip -o /data
[2019-11-19 06:13:38,689] multiqc                                            [DEBUG  ]  Latest MultiQC version is v1.7
[2019-11-19 06:13:38,689] multiqc                                            [INFO   ]  This is MultiQC v1.7
[2019-11-19 06:13:38,689] multiqc                                            [DEBUG  ]  Command     : /usr/bin/multiqc /data/HG00108.unmapped.ILLUMINA.bwa.GBR.low_coverage.20101123_fastqc.zip -o /data
[2019-11-19 06:13:38,689] multiqc                                            [DEBUG  ]  Working dir : /var/lib/toil/toil-9b56b740-ccba-4b13-b998-c6aabca34938-69d14ae953f0400cbe6f0dc87a7486c9/tmpoYn2qj/f31a3f5f-f871-4182-8701-5f7aaaf4b81a/tJ8MFgN
[2019-11-19 06:13:38,689] multiqc                                            [INFO   ]  Template    : default
[2019-11-19 06:13:38,690] multiqc                                            [INFO   ]  Searching '/data/HG00108.unmapped.ILLUMINA.bwa.GBR.low_coverage.20101123_fastqc.zip'
[2019-11-19 06:13:38,690] multiqc                                            [DEBUG  ]  Analysing modules: custom_content, conpair, peddy, methylQA, phantompeakqualtools, qualimap, preseq, quast, qorts, rna_seqc, rsem, rseqc, busco, goleft_indexcov, disambiguate, supernova, deeptools, sargasso, verifybamid, mirtrace, happy, homer, macs2, theta2, snpeff, gatk, htseq, bcftools, featureCounts, dedup, damageprofiler, picard, prokka, samblaster, samtools, bamtools, jellyfish, vcftools, longranger, stacks, bbmap, bismark, biscuit, hicexplorer, hicup, hicpro, salmon, kallisto, slamdunk, star, hisat2, tophat, bowtie2, bowtie1, kat, leehom, adapterRemoval, clipandmerge, cutadapt, flexbar, trimmomatic, skewer, sortmerna, biobloomtools, fastq_screen, afterqc, fastp, fastqc, minionqc, clusterflow, bcl2fastq, interop, flash
[2019-11-19 06:13:38,690] multiqc                                            [DEBUG  ]  Using temporary directory for creating report: /tmp/tmpqc35cvuy
[2019-11-19 06:13:39,185] multiqc                                            [DEBUG  ]  No samples found: custom_content
[2019-11-19 06:13:39,188] multiqc                                            [DEBUG  ]  No samples found: conpair
[2019-11-19 06:13:39,191] multiqc                                            [DEBUG  ]  No samples found: peddy
[2019-11-19 06:13:39,194] multiqc                                            [DEBUG  ]  No samples found: methylQA
[2019-11-19 06:13:39,196] multiqc                                            [DEBUG  ]  No samples found: phantompeakqualtools
[2019-11-19 06:13:39,200] multiqc                                            [DEBUG  ]  No samples found: qualimap
[2019-11-19 06:13:39,203] multiqc                                            [DEBUG  ]  No samples found: preseq
[2019-11-19 06:13:39,206] multiqc                                            [DEBUG  ]  No samples found: quast
[2019-11-19 06:13:39,208] multiqc                                            [DEBUG  ]  No samples found: qorts
[2019-11-19 06:13:39,211] multiqc                                            [DEBUG  ]  No samples found: rna_seqc
[2019-11-19 06:13:39,214] multiqc                                            [DEBUG  ]  No samples found: rsem
[2019-11-19 06:13:39,219] multiqc                                            [DEBUG  ]  No samples found: rseqc
[2019-11-19 06:13:39,222] multiqc                                            [DEBUG  ]  No samples found: busco
[2019-11-19 06:13:39,224] multiqc                                            [DEBUG  ]  No samples found: goleft_indexcov
[2019-11-19 06:13:39,227] multiqc                                            [DEBUG  ]  No samples found: disambiguate
[2019-11-19 06:13:39,230] multiqc                                            [DEBUG  ]  No samples found: supernova
[2019-11-19 06:13:39,235] multiqc                                            [DEBUG  ]  No samples found: deeptools
[2019-11-19 06:13:39,238] multiqc                                            [DEBUG  ]  No samples found: sargasso
[2019-11-19 06:13:39,241] multiqc                                            [DEBUG  ]  No samples found: verifybamid
[2019-11-19 06:13:39,243] multiqc                                            [DEBUG  ]  No samples found: mirtrace
[2019-11-19 06:13:39,246] multiqc                                            [DEBUG  ]  No samples found: happy
[2019-11-19 06:13:39,250] multiqc                                            [DEBUG  ]  No samples found: homer
[2019-11-19 06:13:39,253] multiqc                                            [DEBUG  ]  No samples found: macs2
[2019-11-19 06:13:39,255] multiqc                                            [DEBUG  ]  No samples found: theta2
[2019-11-19 06:13:39,258] multiqc                                            [DEBUG  ]  No samples found: snpeff
[2019-11-19 06:13:39,262] multiqc                                            [DEBUG  ]  No samples found: gatk
[2019-11-19 06:13:39,265] multiqc                                            [DEBUG  ]  No samples found: htseq
[2019-11-19 06:13:39,268] multiqc                                            [DEBUG  ]  No samples found: bcftools
[2019-11-19 06:13:39,271] multiqc                                            [DEBUG  ]  No samples found: featureCounts
[2019-11-19 06:13:39,274] multiqc                                            [DEBUG  ]  No samples found: dedup
[2019-11-19 06:13:39,277] multiqc                                            [DEBUG  ]  No samples found: damageprofiler
[2019-11-19 06:13:39,283] multiqc                                            [DEBUG  ]  No samples found: picard
[2019-11-19 06:13:39,286] multiqc                                            [DEBUG  ]  No samples found: prokka
[2019-11-19 06:13:39,289] multiqc                                            [DEBUG  ]  No samples found: samblaster
[2019-11-19 06:13:39,293] multiqc                                            [DEBUG  ]  No samples found: samtools
[2019-11-19 06:13:39,296] multiqc                                            [DEBUG  ]  No samples found: bamtools
[2019-11-19 06:13:39,298] multiqc                                            [DEBUG  ]  No samples found: jellyfish
[2019-11-19 06:13:39,302] multiqc                                            [DEBUG  ]  No samples found: vcftools
[2019-11-19 06:13:39,305] multiqc                                            [DEBUG  ]  No samples found: longranger
[2019-11-19 06:13:39,308] multiqc                                            [DEBUG  ]  No samples found: stacks
[2019-11-19 06:13:39,313] multiqc                                            [DEBUG  ]  No samples found: bbmap
[2019-11-19 06:13:39,316] multiqc                                            [DEBUG  ]  No samples found: bismark
[2019-11-19 06:13:39,320] multiqc                                            [DEBUG  ]  No samples found: biscuit
[2019-11-19 06:13:39,323] multiqc                                            [DEBUG  ]  No samples found: hicexplorer
[2019-11-19 06:13:39,326] multiqc                                            [DEBUG  ]  No samples found: hicup
[2019-11-19 06:13:39,329] multiqc                                            [DEBUG  ]  No samples found: hicpro
[2019-11-19 06:13:39,332] multiqc                                            [DEBUG  ]  No samples found: salmon
[2019-11-19 06:13:39,335] multiqc                                            [DEBUG  ]  No samples found: kallisto
[2019-11-19 06:13:39,338] multiqc                                            [DEBUG  ]  No samples found: slamdunk
[2019-11-19 06:13:39,341] multiqc                                            [DEBUG  ]  No samples found: star
[2019-11-19 06:13:39,344] multiqc                                            [DEBUG  ]  No samples found: hisat2
[2019-11-19 06:13:39,347] multiqc                                            [DEBUG  ]  No samples found: tophat
[2019-11-19 06:13:39,350] multiqc                                            [DEBUG  ]  No samples found: bowtie2
[2019-11-19 06:13:39,353] multiqc                                            [DEBUG  ]  No samples found: bowtie1
[2019-11-19 06:13:39,356] multiqc                                            [DEBUG  ]  No samples found: kat
[2019-11-19 06:13:39,359] multiqc                                            [DEBUG  ]  No samples found: leehom
[2019-11-19 06:13:39,361] multiqc                                            [DEBUG  ]  No samples found: adapterRemoval
[2019-11-19 06:13:39,364] multiqc                                            [DEBUG  ]  No samples found: clipandmerge
[2019-11-19 06:13:39,367] multiqc                                            [DEBUG  ]  No samples found: cutadapt
[2019-11-19 06:13:39,370] multiqc                                            [DEBUG  ]  No samples found: flexbar
[2019-11-19 06:13:39,373] multiqc                                            [DEBUG  ]  No samples found: trimmomatic
[2019-11-19 06:13:39,376] multiqc                                            [DEBUG  ]  No samples found: skewer
[2019-11-19 06:13:39,379] multiqc                                            [DEBUG  ]  No samples found: sortmerna
[2019-11-19 06:13:39,382] multiqc                                            [DEBUG  ]  No samples found: biobloomtools
[2019-11-19 06:13:39,385] multiqc                                            [DEBUG  ]  No samples found: fastq_screen
[2019-11-19 06:13:39,387] multiqc                                            [DEBUG  ]  No samples found: afterqc
[2019-11-19 06:13:39,390] multiqc                                            [DEBUG  ]  No samples found: fastp
[2019-11-19 06:13:39,397] multiqc.modules.fastqc.fastqc                      [INFO   ]  Found 1 reports
[2019-11-19 06:13:39,441] multiqc                                            [DEBUG  ]  No samples found: minionqc
[2019-11-19 06:13:39,444] multiqc                                            [DEBUG  ]  No samples found: clusterflow
[2019-11-19 06:13:39,447] multiqc                                            [DEBUG  ]  No samples found: bcl2fastq
[2019-11-19 06:13:39,450] multiqc                                            [DEBUG  ]  No samples found: interop
[2019-11-19 06:13:39,453] multiqc                                            [DEBUG  ]  No samples found: flash
[2019-11-19 06:13:39,456] multiqc                                            [INFO   ]  Compressing plot data
[2019-11-19 06:13:39,485] multiqc                                            [INFO   ]  Report      : ../../../../../../../data/multiqc_report.html
[2019-11-19 06:13:39,486] multiqc                                            [INFO   ]  Data        : ../../../../../../../data/multiqc_data
[2019-11-19 06:13:39,486] multiqc                                            [DEBUG  ]  Moving data file from '/tmp/tmpqc35cvuy/multiqc_data/multiqc_general_stats.txt' to '/data/multiqc_data'
[2019-11-19 06:13:39,486] multiqc                                            [DEBUG  ]  Moving data file from '/tmp/tmpqc35cvuy/multiqc_data/multiqc_fastqc.txt' to '/data/multiqc_data'
[2019-11-19 06:13:39,486] multiqc                                            [DEBUG  ]  Moving data file from '/tmp/tmpqc35cvuy/multiqc_data/multiqc_data.json' to '/data/multiqc_data'
[2019-11-19 06:13:39,487] multiqc                                            [DEBUG  ]  Moving data file from '/tmp/tmpqc35cvuy/multiqc_data/multiqc_sources.txt' to '/data/multiqc_data'
[2019-11-19 06:13:39,590] multiqc                                            [INFO   ]  MultiQC complete
