[2019-11-19 15:47:34,279] multiqc                                            [DEBUG  ]  No MultiQC config found: /usr/lib/python3.6/site-packages/multiqc-1.7-py3.6.egg/multiqc_config.yaml
[2019-11-19 15:47:34,279] multiqc                                            [DEBUG  ]  No MultiQC config found: /root/.multiqc_config.yaml
[2019-11-19 15:47:34,279] multiqc                                            [DEBUG  ]  No MultiQC config found: multiqc_config.yaml
[2019-11-19 15:47:34,279] multiqc                                            [DEBUG  ]  Command used: /usr/bin/multiqc /data/HG00252.mapped.ILLUMINA.bwa.GBR.low_coverage.20101123_fastqc.zip -o /data
[2019-11-19 15:47:36,237] multiqc                                            [DEBUG  ]  Latest MultiQC version is v1.7
[2019-11-19 15:47:36,237] multiqc                                            [INFO   ]  This is MultiQC v1.7
[2019-11-19 15:47:36,237] multiqc                                            [DEBUG  ]  Command     : /usr/bin/multiqc /data/HG00252.mapped.ILLUMINA.bwa.GBR.low_coverage.20101123_fastqc.zip -o /data
[2019-11-19 15:47:36,237] multiqc                                            [DEBUG  ]  Working dir : /var/lib/toil/toil-9b56b740-ccba-4b13-b998-c6aabca34938-69d14ae953f0400cbe6f0dc87a7486c9/tmpqjOoIv/0fa575c4-5c3e-4c4e-bf54-76a0b071708f/tlJy5l0
[2019-11-19 15:47:36,237] multiqc                                            [INFO   ]  Template    : default
[2019-11-19 15:47:36,237] multiqc                                            [INFO   ]  Searching '/data/HG00252.mapped.ILLUMINA.bwa.GBR.low_coverage.20101123_fastqc.zip'
[2019-11-19 15:47:36,238] multiqc                                            [DEBUG  ]  Analysing modules: custom_content, conpair, peddy, methylQA, phantompeakqualtools, qualimap, preseq, quast, qorts, rna_seqc, rsem, rseqc, busco, goleft_indexcov, disambiguate, supernova, deeptools, sargasso, verifybamid, mirtrace, happy, homer, macs2, theta2, snpeff, gatk, htseq, bcftools, featureCounts, dedup, damageprofiler, picard, prokka, samblaster, samtools, bamtools, jellyfish, vcftools, longranger, stacks, bbmap, bismark, biscuit, hicexplorer, hicup, hicpro, salmon, kallisto, slamdunk, star, hisat2, tophat, bowtie2, bowtie1, kat, leehom, adapterRemoval, clipandmerge, cutadapt, flexbar, trimmomatic, skewer, sortmerna, biobloomtools, fastq_screen, afterqc, fastp, fastqc, minionqc, clusterflow, bcl2fastq, interop, flash
[2019-11-19 15:47:36,238] multiqc                                            [DEBUG  ]  Using temporary directory for creating report: /tmp/tmprtr11bgn
[2019-11-19 15:47:36,983] multiqc                                            [DEBUG  ]  No samples found: custom_content
[2019-11-19 15:47:36,988] multiqc                                            [DEBUG  ]  No samples found: conpair
[2019-11-19 15:47:36,993] multiqc                                            [DEBUG  ]  No samples found: peddy
[2019-11-19 15:47:36,997] multiqc                                            [DEBUG  ]  No samples found: methylQA
[2019-11-19 15:47:37,001] multiqc                                            [DEBUG  ]  No samples found: phantompeakqualtools
[2019-11-19 15:47:37,007] multiqc                                            [DEBUG  ]  No samples found: qualimap
[2019-11-19 15:47:37,011] multiqc                                            [DEBUG  ]  No samples found: preseq
[2019-11-19 15:47:37,018] multiqc                                            [DEBUG  ]  No samples found: quast
[2019-11-19 15:47:37,022] multiqc                                            [DEBUG  ]  No samples found: qorts
[2019-11-19 15:47:37,026] multiqc                                            [DEBUG  ]  No samples found: rna_seqc
[2019-11-19 15:47:37,031] multiqc                                            [DEBUG  ]  No samples found: rsem
[2019-11-19 15:47:37,040] multiqc                                            [DEBUG  ]  No samples found: rseqc
[2019-11-19 15:47:37,044] multiqc                                            [DEBUG  ]  No samples found: busco
[2019-11-19 15:47:37,048] multiqc                                            [DEBUG  ]  No samples found: goleft_indexcov
[2019-11-19 15:47:37,053] multiqc                                            [DEBUG  ]  No samples found: disambiguate
[2019-11-19 15:47:37,058] multiqc                                            [DEBUG  ]  No samples found: supernova
[2019-11-19 15:47:37,068] multiqc                                            [DEBUG  ]  No samples found: deeptools
[2019-11-19 15:47:37,074] multiqc                                            [DEBUG  ]  No samples found: sargasso
[2019-11-19 15:47:37,079] multiqc                                            [DEBUG  ]  No samples found: verifybamid
[2019-11-19 15:47:37,084] multiqc                                            [DEBUG  ]  No samples found: mirtrace
[2019-11-19 15:47:37,088] multiqc                                            [DEBUG  ]  No samples found: happy
[2019-11-19 15:47:37,094] multiqc                                            [DEBUG  ]  No samples found: homer
[2019-11-19 15:47:37,098] multiqc                                            [DEBUG  ]  No samples found: macs2
[2019-11-19 15:47:37,103] multiqc                                            [DEBUG  ]  No samples found: theta2
[2019-11-19 15:47:37,107] multiqc                                            [DEBUG  ]  No samples found: snpeff
[2019-11-19 15:47:37,113] multiqc                                            [DEBUG  ]  No samples found: gatk
[2019-11-19 15:47:37,117] multiqc                                            [DEBUG  ]  No samples found: htseq
[2019-11-19 15:47:37,122] multiqc                                            [DEBUG  ]  No samples found: bcftools
[2019-11-19 15:47:37,126] multiqc                                            [DEBUG  ]  No samples found: featureCounts
[2019-11-19 15:47:37,130] multiqc                                            [DEBUG  ]  No samples found: dedup
[2019-11-19 15:47:37,134] multiqc                                            [DEBUG  ]  No samples found: damageprofiler
[2019-11-19 15:47:37,146] multiqc                                            [DEBUG  ]  No samples found: picard
[2019-11-19 15:47:37,150] multiqc                                            [DEBUG  ]  No samples found: prokka
[2019-11-19 15:47:37,154] multiqc                                            [DEBUG  ]  No samples found: samblaster
[2019-11-19 15:47:37,161] multiqc                                            [DEBUG  ]  No samples found: samtools
[2019-11-19 15:47:37,166] multiqc                                            [DEBUG  ]  No samples found: bamtools
[2019-11-19 15:47:37,170] multiqc                                            [DEBUG  ]  No samples found: jellyfish
[2019-11-19 15:47:37,177] multiqc                                            [DEBUG  ]  No samples found: vcftools
[2019-11-19 15:47:37,181] multiqc                                            [DEBUG  ]  No samples found: longranger
[2019-11-19 15:47:37,186] multiqc                                            [DEBUG  ]  No samples found: stacks
[2019-11-19 15:47:37,196] multiqc                                            [DEBUG  ]  No samples found: bbmap
[2019-11-19 15:47:37,200] multiqc                                            [DEBUG  ]  No samples found: bismark
[2019-11-19 15:47:37,206] multiqc                                            [DEBUG  ]  No samples found: biscuit
[2019-11-19 15:47:37,210] multiqc                                            [DEBUG  ]  No samples found: hicexplorer
[2019-11-19 15:47:37,215] multiqc                                            [DEBUG  ]  No samples found: hicup
[2019-11-19 15:47:37,219] multiqc                                            [DEBUG  ]  No samples found: hicpro
[2019-11-19 15:47:37,224] multiqc                                            [DEBUG  ]  No samples found: salmon
[2019-11-19 15:47:37,228] multiqc                                            [DEBUG  ]  No samples found: kallisto
[2019-11-19 15:47:37,233] multiqc                                            [DEBUG  ]  No samples found: slamdunk
[2019-11-19 15:47:37,237] multiqc                                            [DEBUG  ]  No samples found: star
[2019-11-19 15:47:37,241] multiqc                                            [DEBUG  ]  No samples found: hisat2
[2019-11-19 15:47:37,246] multiqc                                            [DEBUG  ]  No samples found: tophat
[2019-11-19 15:47:37,250] multiqc                                            [DEBUG  ]  No samples found: bowtie2
[2019-11-19 15:47:37,254] multiqc                                            [DEBUG  ]  No samples found: bowtie1
[2019-11-19 15:47:37,259] multiqc                                            [DEBUG  ]  No samples found: kat
[2019-11-19 15:47:37,263] multiqc                                            [DEBUG  ]  No samples found: leehom
[2019-11-19 15:47:37,267] multiqc                                            [DEBUG  ]  No samples found: adapterRemoval
[2019-11-19 15:47:37,272] multiqc                                            [DEBUG  ]  No samples found: clipandmerge
[2019-11-19 15:47:37,276] multiqc                                            [DEBUG  ]  No samples found: cutadapt
[2019-11-19 15:47:37,282] multiqc                                            [DEBUG  ]  No samples found: flexbar
[2019-11-19 15:47:37,289] multiqc                                            [DEBUG  ]  No samples found: trimmomatic
[2019-11-19 15:47:37,293] multiqc                                            [DEBUG  ]  No samples found: skewer
[2019-11-19 15:47:37,297] multiqc                                            [DEBUG  ]  No samples found: sortmerna
[2019-11-19 15:47:37,302] multiqc                                            [DEBUG  ]  No samples found: biobloomtools
[2019-11-19 15:47:37,306] multiqc                                            [DEBUG  ]  No samples found: fastq_screen
[2019-11-19 15:47:37,310] multiqc                                            [DEBUG  ]  No samples found: afterqc
[2019-11-19 15:47:37,314] multiqc                                            [DEBUG  ]  No samples found: fastp
[2019-11-19 15:47:37,322] multiqc.modules.fastqc.fastqc                      [INFO   ]  Found 1 reports
[2019-11-19 15:47:37,374] multiqc                                            [DEBUG  ]  No samples found: minionqc
[2019-11-19 15:47:37,379] multiqc                                            [DEBUG  ]  No samples found: clusterflow
[2019-11-19 15:47:37,384] multiqc                                            [DEBUG  ]  No samples found: bcl2fastq
[2019-11-19 15:47:37,388] multiqc                                            [DEBUG  ]  No samples found: interop
[2019-11-19 15:47:37,392] multiqc                                            [DEBUG  ]  No samples found: flash
[2019-11-19 15:47:37,395] multiqc                                            [INFO   ]  Compressing plot data
[2019-11-19 15:47:37,424] multiqc                                            [INFO   ]  Report      : ../../../../../../../data/multiqc_report.html
[2019-11-19 15:47:37,424] multiqc                                            [INFO   ]  Data        : ../../../../../../../data/multiqc_data
[2019-11-19 15:47:37,424] multiqc                                            [DEBUG  ]  Moving data file from '/tmp/tmprtr11bgn/multiqc_data/multiqc_general_stats.txt' to '/data/multiqc_data'
[2019-11-19 15:47:37,425] multiqc                                            [DEBUG  ]  Moving data file from '/tmp/tmprtr11bgn/multiqc_data/multiqc_fastqc.txt' to '/data/multiqc_data'
[2019-11-19 15:47:37,425] multiqc                                            [DEBUG  ]  Moving data file from '/tmp/tmprtr11bgn/multiqc_data/multiqc_data.json' to '/data/multiqc_data'
[2019-11-19 15:47:37,425] multiqc                                            [DEBUG  ]  Moving data file from '/tmp/tmprtr11bgn/multiqc_data/multiqc_sources.txt' to '/data/multiqc_data'
[2019-11-19 15:47:37,562] multiqc                                            [INFO   ]  MultiQC complete
