[2019-11-19 10:28:10,036] multiqc                                            [DEBUG  ]  No MultiQC config found: /usr/lib/python3.6/site-packages/multiqc-1.7-py3.6.egg/multiqc_config.yaml
[2019-11-19 10:28:10,036] multiqc                                            [DEBUG  ]  No MultiQC config found: /root/.multiqc_config.yaml
[2019-11-19 10:28:10,036] multiqc                                            [DEBUG  ]  No MultiQC config found: multiqc_config.yaml
[2019-11-19 10:28:10,036] multiqc                                            [DEBUG  ]  Command used: /usr/bin/multiqc /data/HG00125.mapped.ILLUMINA.bwa.GBR.low_coverage.20101123_fastqc.zip -o /data
[2019-11-19 10:28:12,055] multiqc                                            [DEBUG  ]  Latest MultiQC version is v1.7
[2019-11-19 10:28:12,055] multiqc                                            [INFO   ]  This is MultiQC v1.7
[2019-11-19 10:28:12,055] multiqc                                            [DEBUG  ]  Command     : /usr/bin/multiqc /data/HG00125.mapped.ILLUMINA.bwa.GBR.low_coverage.20101123_fastqc.zip -o /data
[2019-11-19 10:28:12,055] multiqc                                            [DEBUG  ]  Working dir : /var/lib/toil/toil-9b56b740-ccba-4b13-b998-c6aabca34938-69d14ae953f0400cbe6f0dc87a7486c9/tmpnGQ9Pe/1cfebe53-441a-417f-a0fb-75667a480c45/tonXpN1
[2019-11-19 10:28:12,055] multiqc                                            [INFO   ]  Template    : default
[2019-11-19 10:28:12,055] multiqc                                            [INFO   ]  Searching '/data/HG00125.mapped.ILLUMINA.bwa.GBR.low_coverage.20101123_fastqc.zip'
[2019-11-19 10:28:12,055] multiqc                                            [DEBUG  ]  Analysing modules: custom_content, conpair, peddy, methylQA, phantompeakqualtools, qualimap, preseq, quast, qorts, rna_seqc, rsem, rseqc, busco, goleft_indexcov, disambiguate, supernova, deeptools, sargasso, verifybamid, mirtrace, happy, homer, macs2, theta2, snpeff, gatk, htseq, bcftools, featureCounts, dedup, damageprofiler, picard, prokka, samblaster, samtools, bamtools, jellyfish, vcftools, longranger, stacks, bbmap, bismark, biscuit, hicexplorer, hicup, hicpro, salmon, kallisto, slamdunk, star, hisat2, tophat, bowtie2, bowtie1, kat, leehom, adapterRemoval, clipandmerge, cutadapt, flexbar, trimmomatic, skewer, sortmerna, biobloomtools, fastq_screen, afterqc, fastp, fastqc, minionqc, clusterflow, bcl2fastq, interop, flash
[2019-11-19 10:28:12,056] multiqc                                            [DEBUG  ]  Using temporary directory for creating report: /tmp/tmpbbc8elrr
[2019-11-19 10:28:12,752] multiqc                                            [DEBUG  ]  No samples found: custom_content
[2019-11-19 10:28:12,757] multiqc                                            [DEBUG  ]  No samples found: conpair
[2019-11-19 10:28:12,762] multiqc                                            [DEBUG  ]  No samples found: peddy
[2019-11-19 10:28:12,767] multiqc                                            [DEBUG  ]  No samples found: methylQA
[2019-11-19 10:28:12,771] multiqc                                            [DEBUG  ]  No samples found: phantompeakqualtools
[2019-11-19 10:28:12,777] multiqc                                            [DEBUG  ]  No samples found: qualimap
[2019-11-19 10:28:12,781] multiqc                                            [DEBUG  ]  No samples found: preseq
[2019-11-19 10:28:12,786] multiqc                                            [DEBUG  ]  No samples found: quast
[2019-11-19 10:28:12,790] multiqc                                            [DEBUG  ]  No samples found: qorts
[2019-11-19 10:28:12,794] multiqc                                            [DEBUG  ]  No samples found: rna_seqc
[2019-11-19 10:28:12,799] multiqc                                            [DEBUG  ]  No samples found: rsem
[2019-11-19 10:28:12,807] multiqc                                            [DEBUG  ]  No samples found: rseqc
[2019-11-19 10:28:12,811] multiqc                                            [DEBUG  ]  No samples found: busco
[2019-11-19 10:28:12,816] multiqc                                            [DEBUG  ]  No samples found: goleft_indexcov
[2019-11-19 10:28:12,820] multiqc                                            [DEBUG  ]  No samples found: disambiguate
[2019-11-19 10:28:12,824] multiqc                                            [DEBUG  ]  No samples found: supernova
[2019-11-19 10:28:12,833] multiqc                                            [DEBUG  ]  No samples found: deeptools
[2019-11-19 10:28:12,837] multiqc                                            [DEBUG  ]  No samples found: sargasso
[2019-11-19 10:28:12,841] multiqc                                            [DEBUG  ]  No samples found: verifybamid
[2019-11-19 10:28:12,846] multiqc                                            [DEBUG  ]  No samples found: mirtrace
[2019-11-19 10:28:12,850] multiqc                                            [DEBUG  ]  No samples found: happy
[2019-11-19 10:28:12,855] multiqc                                            [DEBUG  ]  No samples found: homer
[2019-11-19 10:28:12,860] multiqc                                            [DEBUG  ]  No samples found: macs2
[2019-11-19 10:28:12,864] multiqc                                            [DEBUG  ]  No samples found: theta2
[2019-11-19 10:28:12,868] multiqc                                            [DEBUG  ]  No samples found: snpeff
[2019-11-19 10:28:12,873] multiqc                                            [DEBUG  ]  No samples found: gatk
[2019-11-19 10:28:12,878] multiqc                                            [DEBUG  ]  No samples found: htseq
[2019-11-19 10:28:12,883] multiqc                                            [DEBUG  ]  No samples found: bcftools
[2019-11-19 10:28:12,888] multiqc                                            [DEBUG  ]  No samples found: featureCounts
[2019-11-19 10:28:12,892] multiqc                                            [DEBUG  ]  No samples found: dedup
[2019-11-19 10:28:12,897] multiqc                                            [DEBUG  ]  No samples found: damageprofiler
[2019-11-19 10:28:12,909] multiqc                                            [DEBUG  ]  No samples found: picard
[2019-11-19 10:28:12,913] multiqc                                            [DEBUG  ]  No samples found: prokka
[2019-11-19 10:28:12,917] multiqc                                            [DEBUG  ]  No samples found: samblaster
[2019-11-19 10:28:12,924] multiqc                                            [DEBUG  ]  No samples found: samtools
[2019-11-19 10:28:12,929] multiqc                                            [DEBUG  ]  No samples found: bamtools
[2019-11-19 10:28:12,933] multiqc                                            [DEBUG  ]  No samples found: jellyfish
[2019-11-19 10:28:12,939] multiqc                                            [DEBUG  ]  No samples found: vcftools
[2019-11-19 10:28:12,943] multiqc                                            [DEBUG  ]  No samples found: longranger
[2019-11-19 10:28:12,947] multiqc                                            [DEBUG  ]  No samples found: stacks
[2019-11-19 10:28:12,958] multiqc                                            [DEBUG  ]  No samples found: bbmap
[2019-11-19 10:28:12,962] multiqc                                            [DEBUG  ]  No samples found: bismark
[2019-11-19 10:28:12,967] multiqc                                            [DEBUG  ]  No samples found: biscuit
[2019-11-19 10:28:12,972] multiqc                                            [DEBUG  ]  No samples found: hicexplorer
[2019-11-19 10:28:12,976] multiqc                                            [DEBUG  ]  No samples found: hicup
[2019-11-19 10:28:12,981] multiqc                                            [DEBUG  ]  No samples found: hicpro
[2019-11-19 10:28:12,985] multiqc                                            [DEBUG  ]  No samples found: salmon
[2019-11-19 10:28:12,989] multiqc                                            [DEBUG  ]  No samples found: kallisto
[2019-11-19 10:28:12,994] multiqc                                            [DEBUG  ]  No samples found: slamdunk
[2019-11-19 10:28:12,998] multiqc                                            [DEBUG  ]  No samples found: star
[2019-11-19 10:28:13,002] multiqc                                            [DEBUG  ]  No samples found: hisat2
[2019-11-19 10:28:13,006] multiqc                                            [DEBUG  ]  No samples found: tophat
[2019-11-19 10:28:13,010] multiqc                                            [DEBUG  ]  No samples found: bowtie2
[2019-11-19 10:28:13,015] multiqc                                            [DEBUG  ]  No samples found: bowtie1
[2019-11-19 10:28:13,020] multiqc                                            [DEBUG  ]  No samples found: kat
[2019-11-19 10:28:13,025] multiqc                                            [DEBUG  ]  No samples found: leehom
[2019-11-19 10:28:13,031] multiqc                                            [DEBUG  ]  No samples found: adapterRemoval
[2019-11-19 10:28:13,037] multiqc                                            [DEBUG  ]  No samples found: clipandmerge
[2019-11-19 10:28:13,043] multiqc                                            [DEBUG  ]  No samples found: cutadapt
[2019-11-19 10:28:13,047] multiqc                                            [DEBUG  ]  No samples found: flexbar
[2019-11-19 10:28:13,051] multiqc                                            [DEBUG  ]  No samples found: trimmomatic
[2019-11-19 10:28:13,055] multiqc                                            [DEBUG  ]  No samples found: skewer
[2019-11-19 10:28:13,059] multiqc                                            [DEBUG  ]  No samples found: sortmerna
[2019-11-19 10:28:13,063] multiqc                                            [DEBUG  ]  No samples found: biobloomtools
[2019-11-19 10:28:13,068] multiqc                                            [DEBUG  ]  No samples found: fastq_screen
[2019-11-19 10:28:13,072] multiqc                                            [DEBUG  ]  No samples found: afterqc
[2019-11-19 10:28:13,076] multiqc                                            [DEBUG  ]  No samples found: fastp
[2019-11-19 10:28:13,084] multiqc.modules.fastqc.fastqc                      [INFO   ]  Found 1 reports
[2019-11-19 10:28:13,134] multiqc                                            [DEBUG  ]  No samples found: minionqc
[2019-11-19 10:28:13,138] multiqc                                            [DEBUG  ]  No samples found: clusterflow
[2019-11-19 10:28:13,142] multiqc                                            [DEBUG  ]  No samples found: bcl2fastq
[2019-11-19 10:28:13,147] multiqc                                            [DEBUG  ]  No samples found: interop
[2019-11-19 10:28:13,151] multiqc                                            [DEBUG  ]  No samples found: flash
[2019-11-19 10:28:13,154] multiqc                                            [INFO   ]  Compressing plot data
[2019-11-19 10:28:13,189] multiqc                                            [INFO   ]  Report      : ../../../../../../../data/multiqc_report.html
[2019-11-19 10:28:13,189] multiqc                                            [INFO   ]  Data        : ../../../../../../../data/multiqc_data
[2019-11-19 10:28:13,189] multiqc                                            [DEBUG  ]  Moving data file from '/tmp/tmpbbc8elrr/multiqc_data/multiqc_general_stats.txt' to '/data/multiqc_data'
[2019-11-19 10:28:13,190] multiqc                                            [DEBUG  ]  Moving data file from '/tmp/tmpbbc8elrr/multiqc_data/multiqc_fastqc.txt' to '/data/multiqc_data'
[2019-11-19 10:28:13,190] multiqc                                            [DEBUG  ]  Moving data file from '/tmp/tmpbbc8elrr/multiqc_data/multiqc_data.json' to '/data/multiqc_data'
[2019-11-19 10:28:13,190] multiqc                                            [DEBUG  ]  Moving data file from '/tmp/tmpbbc8elrr/multiqc_data/multiqc_sources.txt' to '/data/multiqc_data'
[2019-11-19 10:28:13,327] multiqc                                            [INFO   ]  MultiQC complete
