[2019-11-19 06:51:20,873] multiqc                                            [DEBUG  ]  No MultiQC config found: /usr/lib/python3.6/site-packages/multiqc-1.7-py3.6.egg/multiqc_config.yaml
[2019-11-19 06:51:20,873] multiqc                                            [DEBUG  ]  No MultiQC config found: /root/.multiqc_config.yaml
[2019-11-19 06:51:20,873] multiqc                                            [DEBUG  ]  No MultiQC config found: multiqc_config.yaml
[2019-11-19 06:51:20,873] multiqc                                            [DEBUG  ]  Command used: /usr/bin/multiqc /data/HG00099.unmapped.SOLID.bfast.GBR.low_coverage.20101123_fastqc.zip -o /data
[2019-11-19 06:51:22,878] multiqc                                            [DEBUG  ]  Latest MultiQC version is v1.7
[2019-11-19 06:51:22,878] multiqc                                            [INFO   ]  This is MultiQC v1.7
[2019-11-19 06:51:22,878] multiqc                                            [DEBUG  ]  Command     : /usr/bin/multiqc /data/HG00099.unmapped.SOLID.bfast.GBR.low_coverage.20101123_fastqc.zip -o /data
[2019-11-19 06:51:22,878] multiqc                                            [DEBUG  ]  Working dir : /var/lib/toil/toil-9b56b740-ccba-4b13-b998-c6aabca34938-69d14ae953f0400cbe6f0dc87a7486c9/tmpUeuaCv/48b991c0-092a-40ef-9aa5-3920e5aa9999/tlfH29m
[2019-11-19 06:51:22,878] multiqc                                            [INFO   ]  Template    : default
[2019-11-19 06:51:22,878] multiqc                                            [INFO   ]  Searching '/data/HG00099.unmapped.SOLID.bfast.GBR.low_coverage.20101123_fastqc.zip'
[2019-11-19 06:51:22,879] multiqc                                            [DEBUG  ]  Analysing modules: custom_content, conpair, peddy, methylQA, phantompeakqualtools, qualimap, preseq, quast, qorts, rna_seqc, rsem, rseqc, busco, goleft_indexcov, disambiguate, supernova, deeptools, sargasso, verifybamid, mirtrace, happy, homer, macs2, theta2, snpeff, gatk, htseq, bcftools, featureCounts, dedup, damageprofiler, picard, prokka, samblaster, samtools, bamtools, jellyfish, vcftools, longranger, stacks, bbmap, bismark, biscuit, hicexplorer, hicup, hicpro, salmon, kallisto, slamdunk, star, hisat2, tophat, bowtie2, bowtie1, kat, leehom, adapterRemoval, clipandmerge, cutadapt, flexbar, trimmomatic, skewer, sortmerna, biobloomtools, fastq_screen, afterqc, fastp, fastqc, minionqc, clusterflow, bcl2fastq, interop, flash
[2019-11-19 06:51:22,879] multiqc                                            [DEBUG  ]  Using temporary directory for creating report: /tmp/tmpgryzm2q0
[2019-11-19 06:51:23,619] multiqc                                            [DEBUG  ]  No samples found: custom_content
[2019-11-19 06:51:23,625] multiqc                                            [DEBUG  ]  No samples found: conpair
[2019-11-19 06:51:23,630] multiqc                                            [DEBUG  ]  No samples found: peddy
[2019-11-19 06:51:23,634] multiqc                                            [DEBUG  ]  No samples found: methylQA
[2019-11-19 06:51:23,638] multiqc                                            [DEBUG  ]  No samples found: phantompeakqualtools
[2019-11-19 06:51:23,644] multiqc                                            [DEBUG  ]  No samples found: qualimap
[2019-11-19 06:51:23,649] multiqc                                            [DEBUG  ]  No samples found: preseq
[2019-11-19 06:51:23,654] multiqc                                            [DEBUG  ]  No samples found: quast
[2019-11-19 06:51:23,658] multiqc                                            [DEBUG  ]  No samples found: qorts
[2019-11-19 06:51:23,663] multiqc                                            [DEBUG  ]  No samples found: rna_seqc
[2019-11-19 06:51:23,667] multiqc                                            [DEBUG  ]  No samples found: rsem
[2019-11-19 06:51:23,677] multiqc                                            [DEBUG  ]  No samples found: rseqc
[2019-11-19 06:51:23,681] multiqc                                            [DEBUG  ]  No samples found: busco
[2019-11-19 06:51:23,685] multiqc                                            [DEBUG  ]  No samples found: goleft_indexcov
[2019-11-19 06:51:23,690] multiqc                                            [DEBUG  ]  No samples found: disambiguate
[2019-11-19 06:51:23,695] multiqc                                            [DEBUG  ]  No samples found: supernova
[2019-11-19 06:51:23,705] multiqc                                            [DEBUG  ]  No samples found: deeptools
[2019-11-19 06:51:23,709] multiqc                                            [DEBUG  ]  No samples found: sargasso
[2019-11-19 06:51:23,714] multiqc                                            [DEBUG  ]  No samples found: verifybamid
[2019-11-19 06:51:23,718] multiqc                                            [DEBUG  ]  No samples found: mirtrace
[2019-11-19 06:51:23,723] multiqc                                            [DEBUG  ]  No samples found: happy
[2019-11-19 06:51:23,728] multiqc                                            [DEBUG  ]  No samples found: homer
[2019-11-19 06:51:23,732] multiqc                                            [DEBUG  ]  No samples found: macs2
[2019-11-19 06:51:23,739] multiqc                                            [DEBUG  ]  No samples found: theta2
[2019-11-19 06:51:23,743] multiqc                                            [DEBUG  ]  No samples found: snpeff
[2019-11-19 06:51:23,749] multiqc                                            [DEBUG  ]  No samples found: gatk
[2019-11-19 06:51:23,753] multiqc                                            [DEBUG  ]  No samples found: htseq
[2019-11-19 06:51:23,758] multiqc                                            [DEBUG  ]  No samples found: bcftools
[2019-11-19 06:51:23,762] multiqc                                            [DEBUG  ]  No samples found: featureCounts
[2019-11-19 06:51:23,766] multiqc                                            [DEBUG  ]  No samples found: dedup
[2019-11-19 06:51:23,770] multiqc                                            [DEBUG  ]  No samples found: damageprofiler
[2019-11-19 06:51:23,781] multiqc                                            [DEBUG  ]  No samples found: picard
[2019-11-19 06:51:23,785] multiqc                                            [DEBUG  ]  No samples found: prokka
[2019-11-19 06:51:23,791] multiqc                                            [DEBUG  ]  No samples found: samblaster
[2019-11-19 06:51:23,798] multiqc                                            [DEBUG  ]  No samples found: samtools
[2019-11-19 06:51:23,802] multiqc                                            [DEBUG  ]  No samples found: bamtools
[2019-11-19 06:51:23,807] multiqc                                            [DEBUG  ]  No samples found: jellyfish
[2019-11-19 06:51:23,813] multiqc                                            [DEBUG  ]  No samples found: vcftools
[2019-11-19 06:51:23,817] multiqc                                            [DEBUG  ]  No samples found: longranger
[2019-11-19 06:51:23,821] multiqc                                            [DEBUG  ]  No samples found: stacks
[2019-11-19 06:51:23,832] multiqc                                            [DEBUG  ]  No samples found: bbmap
[2019-11-19 06:51:23,836] multiqc                                            [DEBUG  ]  No samples found: bismark
[2019-11-19 06:51:23,842] multiqc                                            [DEBUG  ]  No samples found: biscuit
[2019-11-19 06:51:23,846] multiqc                                            [DEBUG  ]  No samples found: hicexplorer
[2019-11-19 06:51:23,850] multiqc                                            [DEBUG  ]  No samples found: hicup
[2019-11-19 06:51:23,854] multiqc                                            [DEBUG  ]  No samples found: hicpro
[2019-11-19 06:51:23,859] multiqc                                            [DEBUG  ]  No samples found: salmon
[2019-11-19 06:51:23,863] multiqc                                            [DEBUG  ]  No samples found: kallisto
[2019-11-19 06:51:23,867] multiqc                                            [DEBUG  ]  No samples found: slamdunk
[2019-11-19 06:51:23,872] multiqc                                            [DEBUG  ]  No samples found: star
[2019-11-19 06:51:23,876] multiqc                                            [DEBUG  ]  No samples found: hisat2
[2019-11-19 06:51:23,880] multiqc                                            [DEBUG  ]  No samples found: tophat
[2019-11-19 06:51:23,884] multiqc                                            [DEBUG  ]  No samples found: bowtie2
[2019-11-19 06:51:23,889] multiqc                                            [DEBUG  ]  No samples found: bowtie1
[2019-11-19 06:51:23,893] multiqc                                            [DEBUG  ]  No samples found: kat
[2019-11-19 06:51:23,897] multiqc                                            [DEBUG  ]  No samples found: leehom
[2019-11-19 06:51:23,901] multiqc                                            [DEBUG  ]  No samples found: adapterRemoval
[2019-11-19 06:51:23,905] multiqc                                            [DEBUG  ]  No samples found: clipandmerge
[2019-11-19 06:51:23,909] multiqc                                            [DEBUG  ]  No samples found: cutadapt
[2019-11-19 06:51:23,913] multiqc                                            [DEBUG  ]  No samples found: flexbar
[2019-11-19 06:51:23,917] multiqc                                            [DEBUG  ]  No samples found: trimmomatic
[2019-11-19 06:51:23,923] multiqc                                            [DEBUG  ]  No samples found: skewer
[2019-11-19 06:51:23,927] multiqc                                            [DEBUG  ]  No samples found: sortmerna
[2019-11-19 06:51:23,932] multiqc                                            [DEBUG  ]  No samples found: biobloomtools
[2019-11-19 06:51:23,937] multiqc                                            [DEBUG  ]  No samples found: fastq_screen
[2019-11-19 06:51:23,941] multiqc                                            [DEBUG  ]  No samples found: afterqc
[2019-11-19 06:51:23,945] multiqc                                            [DEBUG  ]  No samples found: fastp
[2019-11-19 06:51:23,952] multiqc.modules.fastqc.fastqc                      [INFO   ]  Found 1 reports
[2019-11-19 06:51:23,997] multiqc                                            [DEBUG  ]  No samples found: minionqc
[2019-11-19 06:51:24,001] multiqc                                            [DEBUG  ]  No samples found: clusterflow
[2019-11-19 06:51:24,006] multiqc                                            [DEBUG  ]  No samples found: bcl2fastq
[2019-11-19 06:51:24,010] multiqc                                            [DEBUG  ]  No samples found: interop
[2019-11-19 06:51:24,014] multiqc                                            [DEBUG  ]  No samples found: flash
[2019-11-19 06:51:24,017] multiqc                                            [INFO   ]  Compressing plot data
[2019-11-19 06:51:24,042] multiqc                                            [INFO   ]  Report      : ../../../../../../../data/multiqc_report.html
[2019-11-19 06:51:24,042] multiqc                                            [INFO   ]  Data        : ../../../../../../../data/multiqc_data
[2019-11-19 06:51:24,043] multiqc                                            [DEBUG  ]  Moving data file from '/tmp/tmpgryzm2q0/multiqc_data/multiqc_general_stats.txt' to '/data/multiqc_data'
[2019-11-19 06:51:24,043] multiqc                                            [DEBUG  ]  Moving data file from '/tmp/tmpgryzm2q0/multiqc_data/multiqc_fastqc.txt' to '/data/multiqc_data'
[2019-11-19 06:51:24,043] multiqc                                            [DEBUG  ]  Moving data file from '/tmp/tmpgryzm2q0/multiqc_data/multiqc_data.json' to '/data/multiqc_data'
[2019-11-19 06:51:24,043] multiqc                                            [DEBUG  ]  Moving data file from '/tmp/tmpgryzm2q0/multiqc_data/multiqc_sources.txt' to '/data/multiqc_data'
[2019-11-19 06:51:24,170] multiqc                                            [INFO   ]  MultiQC complete
