[2019-11-19 11:59:24,463] multiqc                                            [DEBUG  ]  No MultiQC config found: /usr/lib/python3.6/site-packages/multiqc-1.7-py3.6.egg/multiqc_config.yaml
[2019-11-19 11:59:24,463] multiqc                                            [DEBUG  ]  No MultiQC config found: /root/.multiqc_config.yaml
[2019-11-19 11:59:24,463] multiqc                                            [DEBUG  ]  No MultiQC config found: multiqc_config.yaml
[2019-11-19 11:59:24,463] multiqc                                            [DEBUG  ]  Command used: /usr/bin/multiqc /data/HG00154.unmapped.ILLUMINA.bwa.GBR.low_coverage.20101123_fastqc.zip -o /data
[2019-11-19 11:59:26,268] multiqc                                            [DEBUG  ]  Latest MultiQC version is v1.7
[2019-11-19 11:59:26,268] multiqc                                            [INFO   ]  This is MultiQC v1.7
[2019-11-19 11:59:26,268] multiqc                                            [DEBUG  ]  Command     : /usr/bin/multiqc /data/HG00154.unmapped.ILLUMINA.bwa.GBR.low_coverage.20101123_fastqc.zip -o /data
[2019-11-19 11:59:26,268] multiqc                                            [DEBUG  ]  Working dir : /var/lib/toil/toil-9b56b740-ccba-4b13-b998-c6aabca34938-69d14ae953f0400cbe6f0dc87a7486c9/tmpaMUVrd/ee032719-0acd-4eb3-a21a-d5fadd497e05/tU2iTJ3
[2019-11-19 11:59:26,268] multiqc                                            [INFO   ]  Template    : default
[2019-11-19 11:59:26,268] multiqc                                            [INFO   ]  Searching '/data/HG00154.unmapped.ILLUMINA.bwa.GBR.low_coverage.20101123_fastqc.zip'
[2019-11-19 11:59:26,269] multiqc                                            [DEBUG  ]  Analysing modules: custom_content, conpair, peddy, methylQA, phantompeakqualtools, qualimap, preseq, quast, qorts, rna_seqc, rsem, rseqc, busco, goleft_indexcov, disambiguate, supernova, deeptools, sargasso, verifybamid, mirtrace, happy, homer, macs2, theta2, snpeff, gatk, htseq, bcftools, featureCounts, dedup, damageprofiler, picard, prokka, samblaster, samtools, bamtools, jellyfish, vcftools, longranger, stacks, bbmap, bismark, biscuit, hicexplorer, hicup, hicpro, salmon, kallisto, slamdunk, star, hisat2, tophat, bowtie2, bowtie1, kat, leehom, adapterRemoval, clipandmerge, cutadapt, flexbar, trimmomatic, skewer, sortmerna, biobloomtools, fastq_screen, afterqc, fastp, fastqc, minionqc, clusterflow, bcl2fastq, interop, flash
[2019-11-19 11:59:26,269] multiqc                                            [DEBUG  ]  Using temporary directory for creating report: /tmp/tmpb41bphzy
[2019-11-19 11:59:26,929] multiqc                                            [DEBUG  ]  No samples found: custom_content
[2019-11-19 11:59:26,933] multiqc                                            [DEBUG  ]  No samples found: conpair
[2019-11-19 11:59:26,937] multiqc                                            [DEBUG  ]  No samples found: peddy
[2019-11-19 11:59:26,941] multiqc                                            [DEBUG  ]  No samples found: methylQA
[2019-11-19 11:59:26,945] multiqc                                            [DEBUG  ]  No samples found: phantompeakqualtools
[2019-11-19 11:59:26,951] multiqc                                            [DEBUG  ]  No samples found: qualimap
[2019-11-19 11:59:26,955] multiqc                                            [DEBUG  ]  No samples found: preseq
[2019-11-19 11:59:26,959] multiqc                                            [DEBUG  ]  No samples found: quast
[2019-11-19 11:59:26,963] multiqc                                            [DEBUG  ]  No samples found: qorts
[2019-11-19 11:59:26,966] multiqc                                            [DEBUG  ]  No samples found: rna_seqc
[2019-11-19 11:59:26,970] multiqc                                            [DEBUG  ]  No samples found: rsem
[2019-11-19 11:59:26,979] multiqc                                            [DEBUG  ]  No samples found: rseqc
[2019-11-19 11:59:26,982] multiqc                                            [DEBUG  ]  No samples found: busco
[2019-11-19 11:59:26,986] multiqc                                            [DEBUG  ]  No samples found: goleft_indexcov
[2019-11-19 11:59:26,990] multiqc                                            [DEBUG  ]  No samples found: disambiguate
[2019-11-19 11:59:26,994] multiqc                                            [DEBUG  ]  No samples found: supernova
[2019-11-19 11:59:27,001] multiqc                                            [DEBUG  ]  No samples found: deeptools
[2019-11-19 11:59:27,004] multiqc                                            [DEBUG  ]  No samples found: sargasso
[2019-11-19 11:59:27,008] multiqc                                            [DEBUG  ]  No samples found: verifybamid
[2019-11-19 11:59:27,012] multiqc                                            [DEBUG  ]  No samples found: mirtrace
[2019-11-19 11:59:27,015] multiqc                                            [DEBUG  ]  No samples found: happy
[2019-11-19 11:59:27,020] multiqc                                            [DEBUG  ]  No samples found: homer
[2019-11-19 11:59:27,024] multiqc                                            [DEBUG  ]  No samples found: macs2
[2019-11-19 11:59:27,027] multiqc                                            [DEBUG  ]  No samples found: theta2
[2019-11-19 11:59:27,032] multiqc                                            [DEBUG  ]  No samples found: snpeff
[2019-11-19 11:59:27,040] multiqc                                            [DEBUG  ]  No samples found: gatk
[2019-11-19 11:59:27,045] multiqc                                            [DEBUG  ]  No samples found: htseq
[2019-11-19 11:59:27,049] multiqc                                            [DEBUG  ]  No samples found: bcftools
[2019-11-19 11:59:27,053] multiqc                                            [DEBUG  ]  No samples found: featureCounts
[2019-11-19 11:59:27,057] multiqc                                            [DEBUG  ]  No samples found: dedup
[2019-11-19 11:59:27,061] multiqc                                            [DEBUG  ]  No samples found: damageprofiler
[2019-11-19 11:59:27,073] multiqc                                            [DEBUG  ]  No samples found: picard
[2019-11-19 11:59:27,077] multiqc                                            [DEBUG  ]  No samples found: prokka
[2019-11-19 11:59:27,081] multiqc                                            [DEBUG  ]  No samples found: samblaster
[2019-11-19 11:59:27,087] multiqc                                            [DEBUG  ]  No samples found: samtools
[2019-11-19 11:59:27,092] multiqc                                            [DEBUG  ]  No samples found: bamtools
[2019-11-19 11:59:27,095] multiqc                                            [DEBUG  ]  No samples found: jellyfish
[2019-11-19 11:59:27,101] multiqc                                            [DEBUG  ]  No samples found: vcftools
[2019-11-19 11:59:27,106] multiqc                                            [DEBUG  ]  No samples found: longranger
[2019-11-19 11:59:27,110] multiqc                                            [DEBUG  ]  No samples found: stacks
[2019-11-19 11:59:27,119] multiqc                                            [DEBUG  ]  No samples found: bbmap
[2019-11-19 11:59:27,123] multiqc                                            [DEBUG  ]  No samples found: bismark
[2019-11-19 11:59:27,128] multiqc                                            [DEBUG  ]  No samples found: biscuit
[2019-11-19 11:59:27,132] multiqc                                            [DEBUG  ]  No samples found: hicexplorer
[2019-11-19 11:59:27,136] multiqc                                            [DEBUG  ]  No samples found: hicup
[2019-11-19 11:59:27,140] multiqc                                            [DEBUG  ]  No samples found: hicpro
[2019-11-19 11:59:27,144] multiqc                                            [DEBUG  ]  No samples found: salmon
[2019-11-19 11:59:27,148] multiqc                                            [DEBUG  ]  No samples found: kallisto
[2019-11-19 11:59:27,152] multiqc                                            [DEBUG  ]  No samples found: slamdunk
[2019-11-19 11:59:27,155] multiqc                                            [DEBUG  ]  No samples found: star
[2019-11-19 11:59:27,159] multiqc                                            [DEBUG  ]  No samples found: hisat2
[2019-11-19 11:59:27,163] multiqc                                            [DEBUG  ]  No samples found: tophat
[2019-11-19 11:59:27,167] multiqc                                            [DEBUG  ]  No samples found: bowtie2
[2019-11-19 11:59:27,173] multiqc                                            [DEBUG  ]  No samples found: bowtie1
[2019-11-19 11:59:27,178] multiqc                                            [DEBUG  ]  No samples found: kat
[2019-11-19 11:59:27,183] multiqc                                            [DEBUG  ]  No samples found: leehom
[2019-11-19 11:59:27,187] multiqc                                            [DEBUG  ]  No samples found: adapterRemoval
[2019-11-19 11:59:27,191] multiqc                                            [DEBUG  ]  No samples found: clipandmerge
[2019-11-19 11:59:27,195] multiqc                                            [DEBUG  ]  No samples found: cutadapt
[2019-11-19 11:59:27,199] multiqc                                            [DEBUG  ]  No samples found: flexbar
[2019-11-19 11:59:27,204] multiqc                                            [DEBUG  ]  No samples found: trimmomatic
[2019-11-19 11:59:27,208] multiqc                                            [DEBUG  ]  No samples found: skewer
[2019-11-19 11:59:27,213] multiqc                                            [DEBUG  ]  No samples found: sortmerna
[2019-11-19 11:59:27,217] multiqc                                            [DEBUG  ]  No samples found: biobloomtools
[2019-11-19 11:59:27,222] multiqc                                            [DEBUG  ]  No samples found: fastq_screen
[2019-11-19 11:59:27,226] multiqc                                            [DEBUG  ]  No samples found: afterqc
[2019-11-19 11:59:27,231] multiqc                                            [DEBUG  ]  No samples found: fastp
[2019-11-19 11:59:27,239] multiqc.modules.fastqc.fastqc                      [INFO   ]  Found 1 reports
[2019-11-19 11:59:27,297] multiqc                                            [DEBUG  ]  No samples found: minionqc
[2019-11-19 11:59:27,301] multiqc                                            [DEBUG  ]  No samples found: clusterflow
[2019-11-19 11:59:27,306] multiqc                                            [DEBUG  ]  No samples found: bcl2fastq
[2019-11-19 11:59:27,310] multiqc                                            [DEBUG  ]  No samples found: interop
[2019-11-19 11:59:27,315] multiqc                                            [DEBUG  ]  No samples found: flash
[2019-11-19 11:59:27,318] multiqc                                            [INFO   ]  Compressing plot data
[2019-11-19 11:59:27,347] multiqc                                            [INFO   ]  Report      : ../../../../../../../data/multiqc_report.html
[2019-11-19 11:59:27,348] multiqc                                            [INFO   ]  Data        : ../../../../../../../data/multiqc_data
[2019-11-19 11:59:27,348] multiqc                                            [DEBUG  ]  Moving data file from '/tmp/tmpb41bphzy/multiqc_data/multiqc_general_stats.txt' to '/data/multiqc_data'
[2019-11-19 11:59:27,348] multiqc                                            [DEBUG  ]  Moving data file from '/tmp/tmpb41bphzy/multiqc_data/multiqc_fastqc.txt' to '/data/multiqc_data'
[2019-11-19 11:59:27,349] multiqc                                            [DEBUG  ]  Moving data file from '/tmp/tmpb41bphzy/multiqc_data/multiqc_data.json' to '/data/multiqc_data'
[2019-11-19 11:59:27,349] multiqc                                            [DEBUG  ]  Moving data file from '/tmp/tmpb41bphzy/multiqc_data/multiqc_sources.txt' to '/data/multiqc_data'
[2019-11-19 11:59:27,472] multiqc                                            [INFO   ]  MultiQC complete
