[2019-11-19 13:28:36,363] multiqc                                            [DEBUG  ]  No MultiQC config found: /usr/lib/python3.6/site-packages/multiqc-1.7-py3.6.egg/multiqc_config.yaml
[2019-11-19 13:28:36,363] multiqc                                            [DEBUG  ]  No MultiQC config found: /root/.multiqc_config.yaml
[2019-11-19 13:28:36,363] multiqc                                            [DEBUG  ]  No MultiQC config found: multiqc_config.yaml
[2019-11-19 13:28:36,363] multiqc                                            [DEBUG  ]  Command used: /usr/bin/multiqc /data/HG00231.unmapped.ILLUMINA.bwa.GBR.low_coverage.20101123_fastqc.zip -o /data
[2019-11-19 13:28:38,182] multiqc                                            [DEBUG  ]  Latest MultiQC version is v1.7
[2019-11-19 13:28:38,182] multiqc                                            [INFO   ]  This is MultiQC v1.7
[2019-11-19 13:28:38,183] multiqc                                            [DEBUG  ]  Command     : /usr/bin/multiqc /data/HG00231.unmapped.ILLUMINA.bwa.GBR.low_coverage.20101123_fastqc.zip -o /data
[2019-11-19 13:28:38,183] multiqc                                            [DEBUG  ]  Working dir : /var/lib/toil/toil-9b56b740-ccba-4b13-b998-c6aabca34938-69d14ae953f0400cbe6f0dc87a7486c9/tmpedmT40/939d43cc-1f2b-4c00-a086-c84b9afb576c/tYYWVMm
[2019-11-19 13:28:38,183] multiqc                                            [INFO   ]  Template    : default
[2019-11-19 13:28:38,183] multiqc                                            [INFO   ]  Searching '/data/HG00231.unmapped.ILLUMINA.bwa.GBR.low_coverage.20101123_fastqc.zip'
[2019-11-19 13:28:38,183] multiqc                                            [DEBUG  ]  Analysing modules: custom_content, conpair, peddy, methylQA, phantompeakqualtools, qualimap, preseq, quast, qorts, rna_seqc, rsem, rseqc, busco, goleft_indexcov, disambiguate, supernova, deeptools, sargasso, verifybamid, mirtrace, happy, homer, macs2, theta2, snpeff, gatk, htseq, bcftools, featureCounts, dedup, damageprofiler, picard, prokka, samblaster, samtools, bamtools, jellyfish, vcftools, longranger, stacks, bbmap, bismark, biscuit, hicexplorer, hicup, hicpro, salmon, kallisto, slamdunk, star, hisat2, tophat, bowtie2, bowtie1, kat, leehom, adapterRemoval, clipandmerge, cutadapt, flexbar, trimmomatic, skewer, sortmerna, biobloomtools, fastq_screen, afterqc, fastp, fastqc, minionqc, clusterflow, bcl2fastq, interop, flash
[2019-11-19 13:28:38,183] multiqc                                            [DEBUG  ]  Using temporary directory for creating report: /tmp/tmpo8_0lssq
[2019-11-19 13:28:38,874] multiqc                                            [DEBUG  ]  No samples found: custom_content
[2019-11-19 13:28:38,879] multiqc                                            [DEBUG  ]  No samples found: conpair
[2019-11-19 13:28:38,883] multiqc                                            [DEBUG  ]  No samples found: peddy
[2019-11-19 13:28:38,887] multiqc                                            [DEBUG  ]  No samples found: methylQA
[2019-11-19 13:28:38,891] multiqc                                            [DEBUG  ]  No samples found: phantompeakqualtools
[2019-11-19 13:28:38,897] multiqc                                            [DEBUG  ]  No samples found: qualimap
[2019-11-19 13:28:38,902] multiqc                                            [DEBUG  ]  No samples found: preseq
[2019-11-19 13:28:38,906] multiqc                                            [DEBUG  ]  No samples found: quast
[2019-11-19 13:28:38,910] multiqc                                            [DEBUG  ]  No samples found: qorts
[2019-11-19 13:28:38,914] multiqc                                            [DEBUG  ]  No samples found: rna_seqc
[2019-11-19 13:28:38,918] multiqc                                            [DEBUG  ]  No samples found: rsem
[2019-11-19 13:28:38,927] multiqc                                            [DEBUG  ]  No samples found: rseqc
[2019-11-19 13:28:38,931] multiqc                                            [DEBUG  ]  No samples found: busco
[2019-11-19 13:28:38,935] multiqc                                            [DEBUG  ]  No samples found: goleft_indexcov
[2019-11-19 13:28:38,939] multiqc                                            [DEBUG  ]  No samples found: disambiguate
[2019-11-19 13:28:38,943] multiqc                                            [DEBUG  ]  No samples found: supernova
[2019-11-19 13:28:38,952] multiqc                                            [DEBUG  ]  No samples found: deeptools
[2019-11-19 13:28:38,956] multiqc                                            [DEBUG  ]  No samples found: sargasso
[2019-11-19 13:28:38,960] multiqc                                            [DEBUG  ]  No samples found: verifybamid
[2019-11-19 13:28:38,964] multiqc                                            [DEBUG  ]  No samples found: mirtrace
[2019-11-19 13:28:38,969] multiqc                                            [DEBUG  ]  No samples found: happy
[2019-11-19 13:28:38,974] multiqc                                            [DEBUG  ]  No samples found: homer
[2019-11-19 13:28:38,978] multiqc                                            [DEBUG  ]  No samples found: macs2
[2019-11-19 13:28:38,982] multiqc                                            [DEBUG  ]  No samples found: theta2
[2019-11-19 13:28:38,986] multiqc                                            [DEBUG  ]  No samples found: snpeff
[2019-11-19 13:28:38,992] multiqc                                            [DEBUG  ]  No samples found: gatk
[2019-11-19 13:28:38,996] multiqc                                            [DEBUG  ]  No samples found: htseq
[2019-11-19 13:28:39,000] multiqc                                            [DEBUG  ]  No samples found: bcftools
[2019-11-19 13:28:39,004] multiqc                                            [DEBUG  ]  No samples found: featureCounts
[2019-11-19 13:28:39,009] multiqc                                            [DEBUG  ]  No samples found: dedup
[2019-11-19 13:28:39,013] multiqc                                            [DEBUG  ]  No samples found: damageprofiler
[2019-11-19 13:28:39,025] multiqc                                            [DEBUG  ]  No samples found: picard
[2019-11-19 13:28:39,029] multiqc                                            [DEBUG  ]  No samples found: prokka
[2019-11-19 13:28:39,033] multiqc                                            [DEBUG  ]  No samples found: samblaster
[2019-11-19 13:28:39,040] multiqc                                            [DEBUG  ]  No samples found: samtools
[2019-11-19 13:28:39,045] multiqc                                            [DEBUG  ]  No samples found: bamtools
[2019-11-19 13:28:39,049] multiqc                                            [DEBUG  ]  No samples found: jellyfish
[2019-11-19 13:28:39,054] multiqc                                            [DEBUG  ]  No samples found: vcftools
[2019-11-19 13:28:39,059] multiqc                                            [DEBUG  ]  No samples found: longranger
[2019-11-19 13:28:39,063] multiqc                                            [DEBUG  ]  No samples found: stacks
[2019-11-19 13:28:39,072] multiqc                                            [DEBUG  ]  No samples found: bbmap
[2019-11-19 13:28:39,076] multiqc                                            [DEBUG  ]  No samples found: bismark
[2019-11-19 13:28:39,081] multiqc                                            [DEBUG  ]  No samples found: biscuit
[2019-11-19 13:28:39,086] multiqc                                            [DEBUG  ]  No samples found: hicexplorer
[2019-11-19 13:28:39,090] multiqc                                            [DEBUG  ]  No samples found: hicup
[2019-11-19 13:28:39,094] multiqc                                            [DEBUG  ]  No samples found: hicpro
[2019-11-19 13:28:39,098] multiqc                                            [DEBUG  ]  No samples found: salmon
[2019-11-19 13:28:39,102] multiqc                                            [DEBUG  ]  No samples found: kallisto
[2019-11-19 13:28:39,106] multiqc                                            [DEBUG  ]  No samples found: slamdunk
[2019-11-19 13:28:39,110] multiqc                                            [DEBUG  ]  No samples found: star
[2019-11-19 13:28:39,114] multiqc                                            [DEBUG  ]  No samples found: hisat2
[2019-11-19 13:28:39,119] multiqc                                            [DEBUG  ]  No samples found: tophat
[2019-11-19 13:28:39,123] multiqc                                            [DEBUG  ]  No samples found: bowtie2
[2019-11-19 13:28:39,127] multiqc                                            [DEBUG  ]  No samples found: bowtie1
[2019-11-19 13:28:39,131] multiqc                                            [DEBUG  ]  No samples found: kat
[2019-11-19 13:28:39,135] multiqc                                            [DEBUG  ]  No samples found: leehom
[2019-11-19 13:28:39,141] multiqc                                            [DEBUG  ]  No samples found: adapterRemoval
[2019-11-19 13:28:39,148] multiqc                                            [DEBUG  ]  No samples found: clipandmerge
[2019-11-19 13:28:39,154] multiqc                                            [DEBUG  ]  No samples found: cutadapt
[2019-11-19 13:28:39,161] multiqc                                            [DEBUG  ]  No samples found: flexbar
[2019-11-19 13:28:39,167] multiqc                                            [DEBUG  ]  No samples found: trimmomatic
[2019-11-19 13:28:39,173] multiqc                                            [DEBUG  ]  No samples found: skewer
[2019-11-19 13:28:39,180] multiqc                                            [DEBUG  ]  No samples found: sortmerna
[2019-11-19 13:28:39,186] multiqc                                            [DEBUG  ]  No samples found: biobloomtools
[2019-11-19 13:28:39,192] multiqc                                            [DEBUG  ]  No samples found: fastq_screen
[2019-11-19 13:28:39,197] multiqc                                            [DEBUG  ]  No samples found: afterqc
[2019-11-19 13:28:39,201] multiqc                                            [DEBUG  ]  No samples found: fastp
[2019-11-19 13:28:39,209] multiqc.modules.fastqc.fastqc                      [INFO   ]  Found 1 reports
[2019-11-19 13:28:39,263] multiqc                                            [DEBUG  ]  No samples found: minionqc
[2019-11-19 13:28:39,267] multiqc                                            [DEBUG  ]  No samples found: clusterflow
[2019-11-19 13:28:39,271] multiqc                                            [DEBUG  ]  No samples found: bcl2fastq
[2019-11-19 13:28:39,275] multiqc                                            [DEBUG  ]  No samples found: interop
[2019-11-19 13:28:39,279] multiqc                                            [DEBUG  ]  No samples found: flash
[2019-11-19 13:28:39,282] multiqc                                            [INFO   ]  Compressing plot data
[2019-11-19 13:28:39,316] multiqc                                            [INFO   ]  Report      : ../../../../../../../data/multiqc_report.html
[2019-11-19 13:28:39,316] multiqc                                            [INFO   ]  Data        : ../../../../../../../data/multiqc_data
[2019-11-19 13:28:39,316] multiqc                                            [DEBUG  ]  Moving data file from '/tmp/tmpo8_0lssq/multiqc_data/multiqc_general_stats.txt' to '/data/multiqc_data'
[2019-11-19 13:28:39,317] multiqc                                            [DEBUG  ]  Moving data file from '/tmp/tmpo8_0lssq/multiqc_data/multiqc_fastqc.txt' to '/data/multiqc_data'
[2019-11-19 13:28:39,317] multiqc                                            [DEBUG  ]  Moving data file from '/tmp/tmpo8_0lssq/multiqc_data/multiqc_data.json' to '/data/multiqc_data'
[2019-11-19 13:28:39,317] multiqc                                            [DEBUG  ]  Moving data file from '/tmp/tmpo8_0lssq/multiqc_data/multiqc_sources.txt' to '/data/multiqc_data'
[2019-11-19 13:28:39,443] multiqc                                            [INFO   ]  MultiQC complete
