[2019-11-19 11:48:55,558] multiqc                                            [DEBUG  ]  No MultiQC config found: /usr/lib/python3.6/site-packages/multiqc-1.7-py3.6.egg/multiqc_config.yaml
[2019-11-19 11:48:55,558] multiqc                                            [DEBUG  ]  No MultiQC config found: /root/.multiqc_config.yaml
[2019-11-19 11:48:55,559] multiqc                                            [DEBUG  ]  No MultiQC config found: multiqc_config.yaml
[2019-11-19 11:48:55,559] multiqc                                            [DEBUG  ]  Command used: /usr/bin/multiqc /data/HG00152.unmapped.ILLUMINA.bwa.GBR.low_coverage.20101123_fastqc.zip -o /data
[2019-11-19 11:48:57,275] multiqc                                            [DEBUG  ]  Latest MultiQC version is v1.7
[2019-11-19 11:48:57,275] multiqc                                            [INFO   ]  This is MultiQC v1.7
[2019-11-19 11:48:57,275] multiqc                                            [DEBUG  ]  Command     : /usr/bin/multiqc /data/HG00152.unmapped.ILLUMINA.bwa.GBR.low_coverage.20101123_fastqc.zip -o /data
[2019-11-19 11:48:57,275] multiqc                                            [DEBUG  ]  Working dir : /var/lib/toil/toil-9b56b740-ccba-4b13-b998-c6aabca34938-69d14ae953f0400cbe6f0dc87a7486c9/tmpfuP8gf/2cc39489-bf4e-46b3-a246-ecba183e2cd1/tPP5Ahv
[2019-11-19 11:48:57,275] multiqc                                            [INFO   ]  Template    : default
[2019-11-19 11:48:57,275] multiqc                                            [INFO   ]  Searching '/data/HG00152.unmapped.ILLUMINA.bwa.GBR.low_coverage.20101123_fastqc.zip'
[2019-11-19 11:48:57,275] multiqc                                            [DEBUG  ]  Analysing modules: custom_content, conpair, peddy, methylQA, phantompeakqualtools, qualimap, preseq, quast, qorts, rna_seqc, rsem, rseqc, busco, goleft_indexcov, disambiguate, supernova, deeptools, sargasso, verifybamid, mirtrace, happy, homer, macs2, theta2, snpeff, gatk, htseq, bcftools, featureCounts, dedup, damageprofiler, picard, prokka, samblaster, samtools, bamtools, jellyfish, vcftools, longranger, stacks, bbmap, bismark, biscuit, hicexplorer, hicup, hicpro, salmon, kallisto, slamdunk, star, hisat2, tophat, bowtie2, bowtie1, kat, leehom, adapterRemoval, clipandmerge, cutadapt, flexbar, trimmomatic, skewer, sortmerna, biobloomtools, fastq_screen, afterqc, fastp, fastqc, minionqc, clusterflow, bcl2fastq, interop, flash
[2019-11-19 11:48:57,276] multiqc                                            [DEBUG  ]  Using temporary directory for creating report: /tmp/tmpiqe3w68l
[2019-11-19 11:48:57,904] multiqc                                            [DEBUG  ]  No samples found: custom_content
[2019-11-19 11:48:57,908] multiqc                                            [DEBUG  ]  No samples found: conpair
[2019-11-19 11:48:57,912] multiqc                                            [DEBUG  ]  No samples found: peddy
[2019-11-19 11:48:57,916] multiqc                                            [DEBUG  ]  No samples found: methylQA
[2019-11-19 11:48:57,919] multiqc                                            [DEBUG  ]  No samples found: phantompeakqualtools
[2019-11-19 11:48:57,925] multiqc                                            [DEBUG  ]  No samples found: qualimap
[2019-11-19 11:48:57,929] multiqc                                            [DEBUG  ]  No samples found: preseq
[2019-11-19 11:48:57,933] multiqc                                            [DEBUG  ]  No samples found: quast
[2019-11-19 11:48:57,936] multiqc                                            [DEBUG  ]  No samples found: qorts
[2019-11-19 11:48:57,940] multiqc                                            [DEBUG  ]  No samples found: rna_seqc
[2019-11-19 11:48:57,944] multiqc                                            [DEBUG  ]  No samples found: rsem
[2019-11-19 11:48:57,953] multiqc                                            [DEBUG  ]  No samples found: rseqc
[2019-11-19 11:48:57,957] multiqc                                            [DEBUG  ]  No samples found: busco
[2019-11-19 11:48:57,961] multiqc                                            [DEBUG  ]  No samples found: goleft_indexcov
[2019-11-19 11:48:57,965] multiqc                                            [DEBUG  ]  No samples found: disambiguate
[2019-11-19 11:48:57,968] multiqc                                            [DEBUG  ]  No samples found: supernova
[2019-11-19 11:48:57,976] multiqc                                            [DEBUG  ]  No samples found: deeptools
[2019-11-19 11:48:57,980] multiqc                                            [DEBUG  ]  No samples found: sargasso
[2019-11-19 11:48:57,983] multiqc                                            [DEBUG  ]  No samples found: verifybamid
[2019-11-19 11:48:57,987] multiqc                                            [DEBUG  ]  No samples found: mirtrace
[2019-11-19 11:48:57,991] multiqc                                            [DEBUG  ]  No samples found: happy
[2019-11-19 11:48:57,996] multiqc                                            [DEBUG  ]  No samples found: homer
[2019-11-19 11:48:58,000] multiqc                                            [DEBUG  ]  No samples found: macs2
[2019-11-19 11:48:58,003] multiqc                                            [DEBUG  ]  No samples found: theta2
[2019-11-19 11:48:58,007] multiqc                                            [DEBUG  ]  No samples found: snpeff
[2019-11-19 11:48:58,012] multiqc                                            [DEBUG  ]  No samples found: gatk
[2019-11-19 11:48:58,016] multiqc                                            [DEBUG  ]  No samples found: htseq
[2019-11-19 11:48:58,021] multiqc                                            [DEBUG  ]  No samples found: bcftools
[2019-11-19 11:48:58,025] multiqc                                            [DEBUG  ]  No samples found: featureCounts
[2019-11-19 11:48:58,028] multiqc                                            [DEBUG  ]  No samples found: dedup
[2019-11-19 11:48:58,032] multiqc                                            [DEBUG  ]  No samples found: damageprofiler
[2019-11-19 11:48:58,042] multiqc                                            [DEBUG  ]  No samples found: picard
[2019-11-19 11:48:58,046] multiqc                                            [DEBUG  ]  No samples found: prokka
[2019-11-19 11:48:58,049] multiqc                                            [DEBUG  ]  No samples found: samblaster
[2019-11-19 11:48:58,056] multiqc                                            [DEBUG  ]  No samples found: samtools
[2019-11-19 11:48:58,060] multiqc                                            [DEBUG  ]  No samples found: bamtools
[2019-11-19 11:48:58,064] multiqc                                            [DEBUG  ]  No samples found: jellyfish
[2019-11-19 11:48:58,069] multiqc                                            [DEBUG  ]  No samples found: vcftools
[2019-11-19 11:48:58,073] multiqc                                            [DEBUG  ]  No samples found: longranger
[2019-11-19 11:48:58,076] multiqc                                            [DEBUG  ]  No samples found: stacks
[2019-11-19 11:48:58,086] multiqc                                            [DEBUG  ]  No samples found: bbmap
[2019-11-19 11:48:58,090] multiqc                                            [DEBUG  ]  No samples found: bismark
[2019-11-19 11:48:58,095] multiqc                                            [DEBUG  ]  No samples found: biscuit
[2019-11-19 11:48:58,098] multiqc                                            [DEBUG  ]  No samples found: hicexplorer
[2019-11-19 11:48:58,102] multiqc                                            [DEBUG  ]  No samples found: hicup
[2019-11-19 11:48:58,106] multiqc                                            [DEBUG  ]  No samples found: hicpro
[2019-11-19 11:48:58,109] multiqc                                            [DEBUG  ]  No samples found: salmon
[2019-11-19 11:48:58,113] multiqc                                            [DEBUG  ]  No samples found: kallisto
[2019-11-19 11:48:58,116] multiqc                                            [DEBUG  ]  No samples found: slamdunk
[2019-11-19 11:48:58,119] multiqc                                            [DEBUG  ]  No samples found: star
[2019-11-19 11:48:58,123] multiqc                                            [DEBUG  ]  No samples found: hisat2
[2019-11-19 11:48:58,126] multiqc                                            [DEBUG  ]  No samples found: tophat
[2019-11-19 11:48:58,130] multiqc                                            [DEBUG  ]  No samples found: bowtie2
[2019-11-19 11:48:58,133] multiqc                                            [DEBUG  ]  No samples found: bowtie1
[2019-11-19 11:48:58,136] multiqc                                            [DEBUG  ]  No samples found: kat
[2019-11-19 11:48:58,140] multiqc                                            [DEBUG  ]  No samples found: leehom
[2019-11-19 11:48:58,143] multiqc                                            [DEBUG  ]  No samples found: adapterRemoval
[2019-11-19 11:48:58,147] multiqc                                            [DEBUG  ]  No samples found: clipandmerge
[2019-11-19 11:48:58,150] multiqc                                            [DEBUG  ]  No samples found: cutadapt
[2019-11-19 11:48:58,153] multiqc                                            [DEBUG  ]  No samples found: flexbar
[2019-11-19 11:48:58,157] multiqc                                            [DEBUG  ]  No samples found: trimmomatic
[2019-11-19 11:48:58,160] multiqc                                            [DEBUG  ]  No samples found: skewer
[2019-11-19 11:48:58,163] multiqc                                            [DEBUG  ]  No samples found: sortmerna
[2019-11-19 11:48:58,167] multiqc                                            [DEBUG  ]  No samples found: biobloomtools
[2019-11-19 11:48:58,170] multiqc                                            [DEBUG  ]  No samples found: fastq_screen
[2019-11-19 11:48:58,173] multiqc                                            [DEBUG  ]  No samples found: afterqc
[2019-11-19 11:48:58,177] multiqc                                            [DEBUG  ]  No samples found: fastp
[2019-11-19 11:48:58,184] multiqc.modules.fastqc.fastqc                      [INFO   ]  Found 1 reports
[2019-11-19 11:48:58,234] multiqc                                            [DEBUG  ]  No samples found: minionqc
[2019-11-19 11:48:58,238] multiqc                                            [DEBUG  ]  No samples found: clusterflow
[2019-11-19 11:48:58,241] multiqc                                            [DEBUG  ]  No samples found: bcl2fastq
[2019-11-19 11:48:58,245] multiqc                                            [DEBUG  ]  No samples found: interop
[2019-11-19 11:48:58,248] multiqc                                            [DEBUG  ]  No samples found: flash
[2019-11-19 11:48:58,251] multiqc                                            [INFO   ]  Compressing plot data
[2019-11-19 11:48:58,281] multiqc                                            [INFO   ]  Report      : ../../../../../../../data/multiqc_report.html
[2019-11-19 11:48:58,282] multiqc                                            [INFO   ]  Data        : ../../../../../../../data/multiqc_data
[2019-11-19 11:48:58,282] multiqc                                            [DEBUG  ]  Moving data file from '/tmp/tmpiqe3w68l/multiqc_data/multiqc_general_stats.txt' to '/data/multiqc_data'
[2019-11-19 11:48:58,282] multiqc                                            [DEBUG  ]  Moving data file from '/tmp/tmpiqe3w68l/multiqc_data/multiqc_fastqc.txt' to '/data/multiqc_data'
[2019-11-19 11:48:58,282] multiqc                                            [DEBUG  ]  Moving data file from '/tmp/tmpiqe3w68l/multiqc_data/multiqc_data.json' to '/data/multiqc_data'
[2019-11-19 11:48:58,283] multiqc                                            [DEBUG  ]  Moving data file from '/tmp/tmpiqe3w68l/multiqc_data/multiqc_sources.txt' to '/data/multiqc_data'
[2019-11-19 11:48:58,402] multiqc                                            [INFO   ]  MultiQC complete
