[2019-11-19 11:36:51,804] multiqc                                            [DEBUG  ]  No MultiQC config found: /usr/lib/python3.6/site-packages/multiqc-1.7-py3.6.egg/multiqc_config.yaml
[2019-11-19 11:36:51,805] multiqc                                            [DEBUG  ]  No MultiQC config found: /root/.multiqc_config.yaml
[2019-11-19 11:36:51,805] multiqc                                            [DEBUG  ]  No MultiQC config found: multiqc_config.yaml
[2019-11-19 11:36:51,805] multiqc                                            [DEBUG  ]  Command used: /usr/bin/multiqc /data/HG00149.unmapped.ILLUMINA.bwa.GBR.low_coverage.20101123_fastqc.zip -o /data
[2019-11-19 11:36:53,534] multiqc                                            [DEBUG  ]  Latest MultiQC version is v1.7
[2019-11-19 11:36:53,534] multiqc                                            [INFO   ]  This is MultiQC v1.7
[2019-11-19 11:36:53,534] multiqc                                            [DEBUG  ]  Command     : /usr/bin/multiqc /data/HG00149.unmapped.ILLUMINA.bwa.GBR.low_coverage.20101123_fastqc.zip -o /data
[2019-11-19 11:36:53,534] multiqc                                            [DEBUG  ]  Working dir : /var/lib/toil/toil-9b56b740-ccba-4b13-b998-c6aabca34938-69d14ae953f0400cbe6f0dc87a7486c9/tmph1XktA/70d2eb43-fb4d-488c-9666-83e42ae7f7e2/tmXDHLB
[2019-11-19 11:36:53,534] multiqc                                            [INFO   ]  Template    : default
[2019-11-19 11:36:53,534] multiqc                                            [INFO   ]  Searching '/data/HG00149.unmapped.ILLUMINA.bwa.GBR.low_coverage.20101123_fastqc.zip'
[2019-11-19 11:36:53,535] multiqc                                            [DEBUG  ]  Analysing modules: custom_content, conpair, peddy, methylQA, phantompeakqualtools, qualimap, preseq, quast, qorts, rna_seqc, rsem, rseqc, busco, goleft_indexcov, disambiguate, supernova, deeptools, sargasso, verifybamid, mirtrace, happy, homer, macs2, theta2, snpeff, gatk, htseq, bcftools, featureCounts, dedup, damageprofiler, picard, prokka, samblaster, samtools, bamtools, jellyfish, vcftools, longranger, stacks, bbmap, bismark, biscuit, hicexplorer, hicup, hicpro, salmon, kallisto, slamdunk, star, hisat2, tophat, bowtie2, bowtie1, kat, leehom, adapterRemoval, clipandmerge, cutadapt, flexbar, trimmomatic, skewer, sortmerna, biobloomtools, fastq_screen, afterqc, fastp, fastqc, minionqc, clusterflow, bcl2fastq, interop, flash
[2019-11-19 11:36:53,535] multiqc                                            [DEBUG  ]  Using temporary directory for creating report: /tmp/tmp9z_lnab8
[2019-11-19 11:36:54,283] multiqc                                            [DEBUG  ]  No samples found: custom_content
[2019-11-19 11:36:54,288] multiqc                                            [DEBUG  ]  No samples found: conpair
[2019-11-19 11:36:54,296] multiqc                                            [DEBUG  ]  No samples found: peddy
[2019-11-19 11:36:54,302] multiqc                                            [DEBUG  ]  No samples found: methylQA
[2019-11-19 11:36:54,308] multiqc                                            [DEBUG  ]  No samples found: phantompeakqualtools
[2019-11-19 11:36:54,319] multiqc                                            [DEBUG  ]  No samples found: qualimap
[2019-11-19 11:36:54,323] multiqc                                            [DEBUG  ]  No samples found: preseq
[2019-11-19 11:36:54,328] multiqc                                            [DEBUG  ]  No samples found: quast
[2019-11-19 11:36:54,333] multiqc                                            [DEBUG  ]  No samples found: qorts
[2019-11-19 11:36:54,338] multiqc                                            [DEBUG  ]  No samples found: rna_seqc
[2019-11-19 11:36:54,342] multiqc                                            [DEBUG  ]  No samples found: rsem
[2019-11-19 11:36:54,352] multiqc                                            [DEBUG  ]  No samples found: rseqc
[2019-11-19 11:36:54,356] multiqc                                            [DEBUG  ]  No samples found: busco
[2019-11-19 11:36:54,360] multiqc                                            [DEBUG  ]  No samples found: goleft_indexcov
[2019-11-19 11:36:54,364] multiqc                                            [DEBUG  ]  No samples found: disambiguate
[2019-11-19 11:36:54,369] multiqc                                            [DEBUG  ]  No samples found: supernova
[2019-11-19 11:36:54,381] multiqc                                            [DEBUG  ]  No samples found: deeptools
[2019-11-19 11:36:54,385] multiqc                                            [DEBUG  ]  No samples found: sargasso
[2019-11-19 11:36:54,393] multiqc                                            [DEBUG  ]  No samples found: verifybamid
[2019-11-19 11:36:54,399] multiqc                                            [DEBUG  ]  No samples found: mirtrace
[2019-11-19 11:36:54,403] multiqc                                            [DEBUG  ]  No samples found: happy
[2019-11-19 11:36:54,408] multiqc                                            [DEBUG  ]  No samples found: homer
[2019-11-19 11:36:54,412] multiqc                                            [DEBUG  ]  No samples found: macs2
[2019-11-19 11:36:54,416] multiqc                                            [DEBUG  ]  No samples found: theta2
[2019-11-19 11:36:54,421] multiqc                                            [DEBUG  ]  No samples found: snpeff
[2019-11-19 11:36:54,427] multiqc                                            [DEBUG  ]  No samples found: gatk
[2019-11-19 11:36:54,433] multiqc                                            [DEBUG  ]  No samples found: htseq
[2019-11-19 11:36:54,440] multiqc                                            [DEBUG  ]  No samples found: bcftools
[2019-11-19 11:36:54,445] multiqc                                            [DEBUG  ]  No samples found: featureCounts
[2019-11-19 11:36:54,454] multiqc                                            [DEBUG  ]  No samples found: dedup
[2019-11-19 11:36:54,458] multiqc                                            [DEBUG  ]  No samples found: damageprofiler
[2019-11-19 11:36:54,471] multiqc                                            [DEBUG  ]  No samples found: picard
[2019-11-19 11:36:54,475] multiqc                                            [DEBUG  ]  No samples found: prokka
[2019-11-19 11:36:54,479] multiqc                                            [DEBUG  ]  No samples found: samblaster
[2019-11-19 11:36:54,486] multiqc                                            [DEBUG  ]  No samples found: samtools
[2019-11-19 11:36:54,491] multiqc                                            [DEBUG  ]  No samples found: bamtools
[2019-11-19 11:36:54,495] multiqc                                            [DEBUG  ]  No samples found: jellyfish
[2019-11-19 11:36:54,501] multiqc                                            [DEBUG  ]  No samples found: vcftools
[2019-11-19 11:36:54,505] multiqc                                            [DEBUG  ]  No samples found: longranger
[2019-11-19 11:36:54,510] multiqc                                            [DEBUG  ]  No samples found: stacks
[2019-11-19 11:36:54,520] multiqc                                            [DEBUG  ]  No samples found: bbmap
[2019-11-19 11:36:54,524] multiqc                                            [DEBUG  ]  No samples found: bismark
[2019-11-19 11:36:54,530] multiqc                                            [DEBUG  ]  No samples found: biscuit
[2019-11-19 11:36:54,534] multiqc                                            [DEBUG  ]  No samples found: hicexplorer
[2019-11-19 11:36:54,538] multiqc                                            [DEBUG  ]  No samples found: hicup
[2019-11-19 11:36:54,542] multiqc                                            [DEBUG  ]  No samples found: hicpro
[2019-11-19 11:36:54,547] multiqc                                            [DEBUG  ]  No samples found: salmon
[2019-11-19 11:36:54,551] multiqc                                            [DEBUG  ]  No samples found: kallisto
[2019-11-19 11:36:54,555] multiqc                                            [DEBUG  ]  No samples found: slamdunk
[2019-11-19 11:36:54,560] multiqc                                            [DEBUG  ]  No samples found: star
[2019-11-19 11:36:54,564] multiqc                                            [DEBUG  ]  No samples found: hisat2
[2019-11-19 11:36:54,569] multiqc                                            [DEBUG  ]  No samples found: tophat
[2019-11-19 11:36:54,576] multiqc                                            [DEBUG  ]  No samples found: bowtie2
[2019-11-19 11:36:54,580] multiqc                                            [DEBUG  ]  No samples found: bowtie1
[2019-11-19 11:36:54,588] multiqc                                            [DEBUG  ]  No samples found: kat
[2019-11-19 11:36:54,594] multiqc                                            [DEBUG  ]  No samples found: leehom
[2019-11-19 11:36:54,599] multiqc                                            [DEBUG  ]  No samples found: adapterRemoval
[2019-11-19 11:36:54,603] multiqc                                            [DEBUG  ]  No samples found: clipandmerge
[2019-11-19 11:36:54,607] multiqc                                            [DEBUG  ]  No samples found: cutadapt
[2019-11-19 11:36:54,611] multiqc                                            [DEBUG  ]  No samples found: flexbar
[2019-11-19 11:36:54,615] multiqc                                            [DEBUG  ]  No samples found: trimmomatic
[2019-11-19 11:36:54,619] multiqc                                            [DEBUG  ]  No samples found: skewer
[2019-11-19 11:36:54,624] multiqc                                            [DEBUG  ]  No samples found: sortmerna
[2019-11-19 11:36:54,628] multiqc                                            [DEBUG  ]  No samples found: biobloomtools
[2019-11-19 11:36:54,632] multiqc                                            [DEBUG  ]  No samples found: fastq_screen
[2019-11-19 11:36:54,637] multiqc                                            [DEBUG  ]  No samples found: afterqc
[2019-11-19 11:36:54,643] multiqc                                            [DEBUG  ]  No samples found: fastp
[2019-11-19 11:36:54,651] multiqc.modules.fastqc.fastqc                      [INFO   ]  Found 1 reports
[2019-11-19 11:36:54,703] multiqc                                            [DEBUG  ]  No samples found: minionqc
[2019-11-19 11:36:54,709] multiqc                                            [DEBUG  ]  No samples found: clusterflow
[2019-11-19 11:36:54,716] multiqc                                            [DEBUG  ]  No samples found: bcl2fastq
[2019-11-19 11:36:54,722] multiqc                                            [DEBUG  ]  No samples found: interop
[2019-11-19 11:36:54,730] multiqc                                            [DEBUG  ]  No samples found: flash
[2019-11-19 11:36:54,733] multiqc                                            [INFO   ]  Compressing plot data
[2019-11-19 11:36:54,765] multiqc                                            [INFO   ]  Report      : ../../../../../../../data/multiqc_report.html
[2019-11-19 11:36:54,765] multiqc                                            [INFO   ]  Data        : ../../../../../../../data/multiqc_data
[2019-11-19 11:36:54,765] multiqc                                            [DEBUG  ]  Moving data file from '/tmp/tmp9z_lnab8/multiqc_data/multiqc_general_stats.txt' to '/data/multiqc_data'
[2019-11-19 11:36:54,766] multiqc                                            [DEBUG  ]  Moving data file from '/tmp/tmp9z_lnab8/multiqc_data/multiqc_fastqc.txt' to '/data/multiqc_data'
[2019-11-19 11:36:54,766] multiqc                                            [DEBUG  ]  Moving data file from '/tmp/tmp9z_lnab8/multiqc_data/multiqc_data.json' to '/data/multiqc_data'
[2019-11-19 11:36:54,766] multiqc                                            [DEBUG  ]  Moving data file from '/tmp/tmp9z_lnab8/multiqc_data/multiqc_sources.txt' to '/data/multiqc_data'
[2019-11-19 11:36:54,907] multiqc                                            [INFO   ]  MultiQC complete
