[2019-11-19 13:58:26,720] multiqc                                            [DEBUG  ]  No MultiQC config found: /usr/lib/python3.6/site-packages/multiqc-1.7-py3.6.egg/multiqc_config.yaml
[2019-11-19 13:58:26,720] multiqc                                            [DEBUG  ]  No MultiQC config found: /root/.multiqc_config.yaml
[2019-11-19 13:58:26,720] multiqc                                            [DEBUG  ]  No MultiQC config found: multiqc_config.yaml
[2019-11-19 13:58:26,720] multiqc                                            [DEBUG  ]  Command used: /usr/bin/multiqc /data/HG00186.mapped.ILLUMINA.bwa.FIN.low_coverage.20101123_fastqc.zip -o /data
[2019-11-19 13:58:28,444] multiqc                                            [DEBUG  ]  Latest MultiQC version is v1.7
[2019-11-19 13:58:28,445] multiqc                                            [INFO   ]  This is MultiQC v1.7
[2019-11-19 13:58:28,445] multiqc                                            [DEBUG  ]  Command     : /usr/bin/multiqc /data/HG00186.mapped.ILLUMINA.bwa.FIN.low_coverage.20101123_fastqc.zip -o /data
[2019-11-19 13:58:28,445] multiqc                                            [DEBUG  ]  Working dir : /var/lib/toil/toil-9b56b740-ccba-4b13-b998-c6aabca34938-69d14ae953f0400cbe6f0dc87a7486c9/tmp2aAfPp/342379ab-840e-4c5c-9286-b0ad98502d63/tCcC8kx
[2019-11-19 13:58:28,445] multiqc                                            [INFO   ]  Template    : default
[2019-11-19 13:58:28,445] multiqc                                            [INFO   ]  Searching '/data/HG00186.mapped.ILLUMINA.bwa.FIN.low_coverage.20101123_fastqc.zip'
[2019-11-19 13:58:28,446] multiqc                                            [DEBUG  ]  Analysing modules: custom_content, conpair, peddy, methylQA, phantompeakqualtools, qualimap, preseq, quast, qorts, rna_seqc, rsem, rseqc, busco, goleft_indexcov, disambiguate, supernova, deeptools, sargasso, verifybamid, mirtrace, happy, homer, macs2, theta2, snpeff, gatk, htseq, bcftools, featureCounts, dedup, damageprofiler, picard, prokka, samblaster, samtools, bamtools, jellyfish, vcftools, longranger, stacks, bbmap, bismark, biscuit, hicexplorer, hicup, hicpro, salmon, kallisto, slamdunk, star, hisat2, tophat, bowtie2, bowtie1, kat, leehom, adapterRemoval, clipandmerge, cutadapt, flexbar, trimmomatic, skewer, sortmerna, biobloomtools, fastq_screen, afterqc, fastp, fastqc, minionqc, clusterflow, bcl2fastq, interop, flash
[2019-11-19 13:58:28,446] multiqc                                            [DEBUG  ]  Using temporary directory for creating report: /tmp/tmprz5sn14a
[2019-11-19 13:58:29,194] multiqc                                            [DEBUG  ]  No samples found: custom_content
[2019-11-19 13:58:29,198] multiqc                                            [DEBUG  ]  No samples found: conpair
[2019-11-19 13:58:29,203] multiqc                                            [DEBUG  ]  No samples found: peddy
[2019-11-19 13:58:29,207] multiqc                                            [DEBUG  ]  No samples found: methylQA
[2019-11-19 13:58:29,211] multiqc                                            [DEBUG  ]  No samples found: phantompeakqualtools
[2019-11-19 13:58:29,218] multiqc                                            [DEBUG  ]  No samples found: qualimap
[2019-11-19 13:58:29,223] multiqc                                            [DEBUG  ]  No samples found: preseq
[2019-11-19 13:58:29,227] multiqc                                            [DEBUG  ]  No samples found: quast
[2019-11-19 13:58:29,232] multiqc                                            [DEBUG  ]  No samples found: qorts
[2019-11-19 13:58:29,237] multiqc                                            [DEBUG  ]  No samples found: rna_seqc
[2019-11-19 13:58:29,241] multiqc                                            [DEBUG  ]  No samples found: rsem
[2019-11-19 13:58:29,249] multiqc                                            [DEBUG  ]  No samples found: rseqc
[2019-11-19 13:58:29,254] multiqc                                            [DEBUG  ]  No samples found: busco
[2019-11-19 13:58:29,258] multiqc                                            [DEBUG  ]  No samples found: goleft_indexcov
[2019-11-19 13:58:29,263] multiqc                                            [DEBUG  ]  No samples found: disambiguate
[2019-11-19 13:58:29,268] multiqc                                            [DEBUG  ]  No samples found: supernova
[2019-11-19 13:58:29,278] multiqc                                            [DEBUG  ]  No samples found: deeptools
[2019-11-19 13:58:29,282] multiqc                                            [DEBUG  ]  No samples found: sargasso
[2019-11-19 13:58:29,287] multiqc                                            [DEBUG  ]  No samples found: verifybamid
[2019-11-19 13:58:29,291] multiqc                                            [DEBUG  ]  No samples found: mirtrace
[2019-11-19 13:58:29,296] multiqc                                            [DEBUG  ]  No samples found: happy
[2019-11-19 13:58:29,301] multiqc                                            [DEBUG  ]  No samples found: homer
[2019-11-19 13:58:29,305] multiqc                                            [DEBUG  ]  No samples found: macs2
[2019-11-19 13:58:29,310] multiqc                                            [DEBUG  ]  No samples found: theta2
[2019-11-19 13:58:29,314] multiqc                                            [DEBUG  ]  No samples found: snpeff
[2019-11-19 13:58:29,320] multiqc                                            [DEBUG  ]  No samples found: gatk
[2019-11-19 13:58:29,324] multiqc                                            [DEBUG  ]  No samples found: htseq
[2019-11-19 13:58:29,328] multiqc                                            [DEBUG  ]  No samples found: bcftools
[2019-11-19 13:58:29,333] multiqc                                            [DEBUG  ]  No samples found: featureCounts
[2019-11-19 13:58:29,337] multiqc                                            [DEBUG  ]  No samples found: dedup
[2019-11-19 13:58:29,341] multiqc                                            [DEBUG  ]  No samples found: damageprofiler
[2019-11-19 13:58:29,353] multiqc                                            [DEBUG  ]  No samples found: picard
[2019-11-19 13:58:29,358] multiqc                                            [DEBUG  ]  No samples found: prokka
[2019-11-19 13:58:29,362] multiqc                                            [DEBUG  ]  No samples found: samblaster
[2019-11-19 13:58:29,368] multiqc                                            [DEBUG  ]  No samples found: samtools
[2019-11-19 13:58:29,373] multiqc                                            [DEBUG  ]  No samples found: bamtools
[2019-11-19 13:58:29,377] multiqc                                            [DEBUG  ]  No samples found: jellyfish
[2019-11-19 13:58:29,384] multiqc                                            [DEBUG  ]  No samples found: vcftools
[2019-11-19 13:58:29,388] multiqc                                            [DEBUG  ]  No samples found: longranger
[2019-11-19 13:58:29,393] multiqc                                            [DEBUG  ]  No samples found: stacks
[2019-11-19 13:58:29,403] multiqc                                            [DEBUG  ]  No samples found: bbmap
[2019-11-19 13:58:29,408] multiqc                                            [DEBUG  ]  No samples found: bismark
[2019-11-19 13:58:29,413] multiqc                                            [DEBUG  ]  No samples found: biscuit
[2019-11-19 13:58:29,418] multiqc                                            [DEBUG  ]  No samples found: hicexplorer
[2019-11-19 13:58:29,422] multiqc                                            [DEBUG  ]  No samples found: hicup
[2019-11-19 13:58:29,426] multiqc                                            [DEBUG  ]  No samples found: hicpro
[2019-11-19 13:58:29,431] multiqc                                            [DEBUG  ]  No samples found: salmon
[2019-11-19 13:58:29,435] multiqc                                            [DEBUG  ]  No samples found: kallisto
[2019-11-19 13:58:29,440] multiqc                                            [DEBUG  ]  No samples found: slamdunk
[2019-11-19 13:58:29,444] multiqc                                            [DEBUG  ]  No samples found: star
[2019-11-19 13:58:29,448] multiqc                                            [DEBUG  ]  No samples found: hisat2
[2019-11-19 13:58:29,453] multiqc                                            [DEBUG  ]  No samples found: tophat
[2019-11-19 13:58:29,457] multiqc                                            [DEBUG  ]  No samples found: bowtie2
[2019-11-19 13:58:29,461] multiqc                                            [DEBUG  ]  No samples found: bowtie1
[2019-11-19 13:58:29,465] multiqc                                            [DEBUG  ]  No samples found: kat
[2019-11-19 13:58:29,469] multiqc                                            [DEBUG  ]  No samples found: leehom
[2019-11-19 13:58:29,474] multiqc                                            [DEBUG  ]  No samples found: adapterRemoval
[2019-11-19 13:58:29,478] multiqc                                            [DEBUG  ]  No samples found: clipandmerge
[2019-11-19 13:58:29,481] multiqc                                            [DEBUG  ]  No samples found: cutadapt
[2019-11-19 13:58:29,486] multiqc                                            [DEBUG  ]  No samples found: flexbar
[2019-11-19 13:58:29,491] multiqc                                            [DEBUG  ]  No samples found: trimmomatic
[2019-11-19 13:58:29,497] multiqc                                            [DEBUG  ]  No samples found: skewer
[2019-11-19 13:58:29,501] multiqc                                            [DEBUG  ]  No samples found: sortmerna
[2019-11-19 13:58:29,505] multiqc                                            [DEBUG  ]  No samples found: biobloomtools
[2019-11-19 13:58:29,509] multiqc                                            [DEBUG  ]  No samples found: fastq_screen
[2019-11-19 13:58:29,513] multiqc                                            [DEBUG  ]  No samples found: afterqc
[2019-11-19 13:58:29,518] multiqc                                            [DEBUG  ]  No samples found: fastp
[2019-11-19 13:58:29,526] multiqc.modules.fastqc.fastqc                      [INFO   ]  Found 1 reports
[2019-11-19 13:58:29,584] multiqc                                            [DEBUG  ]  No samples found: minionqc
[2019-11-19 13:58:29,588] multiqc                                            [DEBUG  ]  No samples found: clusterflow
[2019-11-19 13:58:29,593] multiqc                                            [DEBUG  ]  No samples found: bcl2fastq
[2019-11-19 13:58:29,597] multiqc                                            [DEBUG  ]  No samples found: interop
[2019-11-19 13:58:29,602] multiqc                                            [DEBUG  ]  No samples found: flash
[2019-11-19 13:58:29,604] multiqc                                            [INFO   ]  Compressing plot data
[2019-11-19 13:58:29,633] multiqc                                            [INFO   ]  Report      : ../../../../../../../data/multiqc_report.html
[2019-11-19 13:58:29,633] multiqc                                            [INFO   ]  Data        : ../../../../../../../data/multiqc_data
[2019-11-19 13:58:29,633] multiqc                                            [DEBUG  ]  Moving data file from '/tmp/tmprz5sn14a/multiqc_data/multiqc_general_stats.txt' to '/data/multiqc_data'
[2019-11-19 13:58:29,633] multiqc                                            [DEBUG  ]  Moving data file from '/tmp/tmprz5sn14a/multiqc_data/multiqc_fastqc.txt' to '/data/multiqc_data'
[2019-11-19 13:58:29,634] multiqc                                            [DEBUG  ]  Moving data file from '/tmp/tmprz5sn14a/multiqc_data/multiqc_data.json' to '/data/multiqc_data'
[2019-11-19 13:58:29,634] multiqc                                            [DEBUG  ]  Moving data file from '/tmp/tmprz5sn14a/multiqc_data/multiqc_sources.txt' to '/data/multiqc_data'
[2019-11-19 13:58:29,775] multiqc                                            [INFO   ]  MultiQC complete
