[2019-11-19 13:10:00,614] multiqc                                            [DEBUG  ]  No MultiQC config found: /usr/lib/python3.6/site-packages/multiqc-1.7-py3.6.egg/multiqc_config.yaml
[2019-11-19 13:10:00,614] multiqc                                            [DEBUG  ]  No MultiQC config found: /root/.multiqc_config.yaml
[2019-11-19 13:10:00,614] multiqc                                            [DEBUG  ]  No MultiQC config found: multiqc_config.yaml
[2019-11-19 13:10:00,614] multiqc                                            [DEBUG  ]  Command used: /usr/bin/multiqc /data/HG00156.mapped.ILLUMINA.bwa.GBR.low_coverage.20101123_fastqc.zip -o /data
[2019-11-19 13:10:02,357] multiqc                                            [DEBUG  ]  Latest MultiQC version is v1.7
[2019-11-19 13:10:02,357] multiqc                                            [INFO   ]  This is MultiQC v1.7
[2019-11-19 13:10:02,357] multiqc                                            [DEBUG  ]  Command     : /usr/bin/multiqc /data/HG00156.mapped.ILLUMINA.bwa.GBR.low_coverage.20101123_fastqc.zip -o /data
[2019-11-19 13:10:02,357] multiqc                                            [DEBUG  ]  Working dir : /var/lib/toil/toil-9b56b740-ccba-4b13-b998-c6aabca34938-69d14ae953f0400cbe6f0dc87a7486c9/tmpuxM835/9edf8e8c-f4c9-4818-87c8-fed27152a92e/t6N053D
[2019-11-19 13:10:02,357] multiqc                                            [INFO   ]  Template    : default
[2019-11-19 13:10:02,357] multiqc                                            [INFO   ]  Searching '/data/HG00156.mapped.ILLUMINA.bwa.GBR.low_coverage.20101123_fastqc.zip'
[2019-11-19 13:10:02,357] multiqc                                            [DEBUG  ]  Analysing modules: custom_content, conpair, peddy, methylQA, phantompeakqualtools, qualimap, preseq, quast, qorts, rna_seqc, rsem, rseqc, busco, goleft_indexcov, disambiguate, supernova, deeptools, sargasso, verifybamid, mirtrace, happy, homer, macs2, theta2, snpeff, gatk, htseq, bcftools, featureCounts, dedup, damageprofiler, picard, prokka, samblaster, samtools, bamtools, jellyfish, vcftools, longranger, stacks, bbmap, bismark, biscuit, hicexplorer, hicup, hicpro, salmon, kallisto, slamdunk, star, hisat2, tophat, bowtie2, bowtie1, kat, leehom, adapterRemoval, clipandmerge, cutadapt, flexbar, trimmomatic, skewer, sortmerna, biobloomtools, fastq_screen, afterqc, fastp, fastqc, minionqc, clusterflow, bcl2fastq, interop, flash
[2019-11-19 13:10:02,358] multiqc                                            [DEBUG  ]  Using temporary directory for creating report: /tmp/tmp7is6rzme
[2019-11-19 13:10:03,082] multiqc                                            [DEBUG  ]  No samples found: custom_content
[2019-11-19 13:10:03,087] multiqc                                            [DEBUG  ]  No samples found: conpair
[2019-11-19 13:10:03,091] multiqc                                            [DEBUG  ]  No samples found: peddy
[2019-11-19 13:10:03,095] multiqc                                            [DEBUG  ]  No samples found: methylQA
[2019-11-19 13:10:03,099] multiqc                                            [DEBUG  ]  No samples found: phantompeakqualtools
[2019-11-19 13:10:03,105] multiqc                                            [DEBUG  ]  No samples found: qualimap
[2019-11-19 13:10:03,109] multiqc                                            [DEBUG  ]  No samples found: preseq
[2019-11-19 13:10:03,114] multiqc                                            [DEBUG  ]  No samples found: quast
[2019-11-19 13:10:03,121] multiqc                                            [DEBUG  ]  No samples found: qorts
[2019-11-19 13:10:03,126] multiqc                                            [DEBUG  ]  No samples found: rna_seqc
[2019-11-19 13:10:03,131] multiqc                                            [DEBUG  ]  No samples found: rsem
[2019-11-19 13:10:03,143] multiqc                                            [DEBUG  ]  No samples found: rseqc
[2019-11-19 13:10:03,147] multiqc                                            [DEBUG  ]  No samples found: busco
[2019-11-19 13:10:03,151] multiqc                                            [DEBUG  ]  No samples found: goleft_indexcov
[2019-11-19 13:10:03,156] multiqc                                            [DEBUG  ]  No samples found: disambiguate
[2019-11-19 13:10:03,161] multiqc                                            [DEBUG  ]  No samples found: supernova
[2019-11-19 13:10:03,170] multiqc                                            [DEBUG  ]  No samples found: deeptools
[2019-11-19 13:10:03,174] multiqc                                            [DEBUG  ]  No samples found: sargasso
[2019-11-19 13:10:03,178] multiqc                                            [DEBUG  ]  No samples found: verifybamid
[2019-11-19 13:10:03,183] multiqc                                            [DEBUG  ]  No samples found: mirtrace
[2019-11-19 13:10:03,187] multiqc                                            [DEBUG  ]  No samples found: happy
[2019-11-19 13:10:03,192] multiqc                                            [DEBUG  ]  No samples found: homer
[2019-11-19 13:10:03,197] multiqc                                            [DEBUG  ]  No samples found: macs2
[2019-11-19 13:10:03,201] multiqc                                            [DEBUG  ]  No samples found: theta2
[2019-11-19 13:10:03,205] multiqc                                            [DEBUG  ]  No samples found: snpeff
[2019-11-19 13:10:03,211] multiqc                                            [DEBUG  ]  No samples found: gatk
[2019-11-19 13:10:03,215] multiqc                                            [DEBUG  ]  No samples found: htseq
[2019-11-19 13:10:03,222] multiqc                                            [DEBUG  ]  No samples found: bcftools
[2019-11-19 13:10:03,226] multiqc                                            [DEBUG  ]  No samples found: featureCounts
[2019-11-19 13:10:03,230] multiqc                                            [DEBUG  ]  No samples found: dedup
[2019-11-19 13:10:03,234] multiqc                                            [DEBUG  ]  No samples found: damageprofiler
[2019-11-19 13:10:03,245] multiqc                                            [DEBUG  ]  No samples found: picard
[2019-11-19 13:10:03,250] multiqc                                            [DEBUG  ]  No samples found: prokka
[2019-11-19 13:10:03,256] multiqc                                            [DEBUG  ]  No samples found: samblaster
[2019-11-19 13:10:03,265] multiqc                                            [DEBUG  ]  No samples found: samtools
[2019-11-19 13:10:03,270] multiqc                                            [DEBUG  ]  No samples found: bamtools
[2019-11-19 13:10:03,274] multiqc                                            [DEBUG  ]  No samples found: jellyfish
[2019-11-19 13:10:03,281] multiqc                                            [DEBUG  ]  No samples found: vcftools
[2019-11-19 13:10:03,285] multiqc                                            [DEBUG  ]  No samples found: longranger
[2019-11-19 13:10:03,290] multiqc                                            [DEBUG  ]  No samples found: stacks
[2019-11-19 13:10:03,301] multiqc                                            [DEBUG  ]  No samples found: bbmap
[2019-11-19 13:10:03,305] multiqc                                            [DEBUG  ]  No samples found: bismark
[2019-11-19 13:10:03,310] multiqc                                            [DEBUG  ]  No samples found: biscuit
[2019-11-19 13:10:03,315] multiqc                                            [DEBUG  ]  No samples found: hicexplorer
[2019-11-19 13:10:03,319] multiqc                                            [DEBUG  ]  No samples found: hicup
[2019-11-19 13:10:03,324] multiqc                                            [DEBUG  ]  No samples found: hicpro
[2019-11-19 13:10:03,328] multiqc                                            [DEBUG  ]  No samples found: salmon
[2019-11-19 13:10:03,332] multiqc                                            [DEBUG  ]  No samples found: kallisto
[2019-11-19 13:10:03,337] multiqc                                            [DEBUG  ]  No samples found: slamdunk
[2019-11-19 13:10:03,341] multiqc                                            [DEBUG  ]  No samples found: star
[2019-11-19 13:10:03,348] multiqc                                            [DEBUG  ]  No samples found: hisat2
[2019-11-19 13:10:03,354] multiqc                                            [DEBUG  ]  No samples found: tophat
[2019-11-19 13:10:03,361] multiqc                                            [DEBUG  ]  No samples found: bowtie2
[2019-11-19 13:10:03,367] multiqc                                            [DEBUG  ]  No samples found: bowtie1
[2019-11-19 13:10:03,373] multiqc                                            [DEBUG  ]  No samples found: kat
[2019-11-19 13:10:03,378] multiqc                                            [DEBUG  ]  No samples found: leehom
[2019-11-19 13:10:03,382] multiqc                                            [DEBUG  ]  No samples found: adapterRemoval
[2019-11-19 13:10:03,386] multiqc                                            [DEBUG  ]  No samples found: clipandmerge
[2019-11-19 13:10:03,391] multiqc                                            [DEBUG  ]  No samples found: cutadapt
[2019-11-19 13:10:03,397] multiqc                                            [DEBUG  ]  No samples found: flexbar
[2019-11-19 13:10:03,402] multiqc                                            [DEBUG  ]  No samples found: trimmomatic
[2019-11-19 13:10:03,407] multiqc                                            [DEBUG  ]  No samples found: skewer
[2019-11-19 13:10:03,412] multiqc                                            [DEBUG  ]  No samples found: sortmerna
[2019-11-19 13:10:03,417] multiqc                                            [DEBUG  ]  No samples found: biobloomtools
[2019-11-19 13:10:03,421] multiqc                                            [DEBUG  ]  No samples found: fastq_screen
[2019-11-19 13:10:03,425] multiqc                                            [DEBUG  ]  No samples found: afterqc
[2019-11-19 13:10:03,429] multiqc                                            [DEBUG  ]  No samples found: fastp
[2019-11-19 13:10:03,438] multiqc.modules.fastqc.fastqc                      [INFO   ]  Found 1 reports
[2019-11-19 13:10:03,491] multiqc                                            [DEBUG  ]  No samples found: minionqc
[2019-11-19 13:10:03,496] multiqc                                            [DEBUG  ]  No samples found: clusterflow
[2019-11-19 13:10:03,500] multiqc                                            [DEBUG  ]  No samples found: bcl2fastq
[2019-11-19 13:10:03,504] multiqc                                            [DEBUG  ]  No samples found: interop
[2019-11-19 13:10:03,508] multiqc                                            [DEBUG  ]  No samples found: flash
[2019-11-19 13:10:03,511] multiqc                                            [INFO   ]  Compressing plot data
[2019-11-19 13:10:03,549] multiqc                                            [INFO   ]  Report      : ../../../../../../../data/multiqc_report.html
[2019-11-19 13:10:03,549] multiqc                                            [INFO   ]  Data        : ../../../../../../../data/multiqc_data
[2019-11-19 13:10:03,549] multiqc                                            [DEBUG  ]  Moving data file from '/tmp/tmp7is6rzme/multiqc_data/multiqc_general_stats.txt' to '/data/multiqc_data'
[2019-11-19 13:10:03,550] multiqc                                            [DEBUG  ]  Moving data file from '/tmp/tmp7is6rzme/multiqc_data/multiqc_fastqc.txt' to '/data/multiqc_data'
[2019-11-19 13:10:03,550] multiqc                                            [DEBUG  ]  Moving data file from '/tmp/tmp7is6rzme/multiqc_data/multiqc_data.json' to '/data/multiqc_data'
[2019-11-19 13:10:03,550] multiqc                                            [DEBUG  ]  Moving data file from '/tmp/tmp7is6rzme/multiqc_data/multiqc_sources.txt' to '/data/multiqc_data'
[2019-11-19 13:10:03,681] multiqc                                            [INFO   ]  MultiQC complete
