[2019-11-19 07:42:25,052] multiqc                                            [DEBUG  ]  No MultiQC config found: /usr/lib/python3.6/site-packages/multiqc-1.7-py3.6.egg/multiqc_config.yaml
[2019-11-19 07:42:25,053] multiqc                                            [DEBUG  ]  No MultiQC config found: /root/.multiqc_config.yaml
[2019-11-19 07:42:25,053] multiqc                                            [DEBUG  ]  No MultiQC config found: multiqc_config.yaml
[2019-11-19 07:42:25,053] multiqc                                            [DEBUG  ]  Command used: /usr/bin/multiqc /data/HG00112.mapped.ILLUMINA.bwa.GBR.low_coverage.20101123_fastqc.zip -o /data
[2019-11-19 07:42:27,036] multiqc                                            [DEBUG  ]  Latest MultiQC version is v1.7
[2019-11-19 07:42:27,036] multiqc                                            [INFO   ]  This is MultiQC v1.7
[2019-11-19 07:42:27,036] multiqc                                            [DEBUG  ]  Command     : /usr/bin/multiqc /data/HG00112.mapped.ILLUMINA.bwa.GBR.low_coverage.20101123_fastqc.zip -o /data
[2019-11-19 07:42:27,037] multiqc                                            [DEBUG  ]  Working dir : /var/lib/toil/toil-9b56b740-ccba-4b13-b998-c6aabca34938-69d14ae953f0400cbe6f0dc87a7486c9/tmpSr769i/34f26aac-f3b9-4029-89cd-239a95a27208/t3pPRFB
[2019-11-19 07:42:27,037] multiqc                                            [INFO   ]  Template    : default
[2019-11-19 07:42:27,037] multiqc                                            [INFO   ]  Searching '/data/HG00112.mapped.ILLUMINA.bwa.GBR.low_coverage.20101123_fastqc.zip'
[2019-11-19 07:42:27,037] multiqc                                            [DEBUG  ]  Analysing modules: custom_content, conpair, peddy, methylQA, phantompeakqualtools, qualimap, preseq, quast, qorts, rna_seqc, rsem, rseqc, busco, goleft_indexcov, disambiguate, supernova, deeptools, sargasso, verifybamid, mirtrace, happy, homer, macs2, theta2, snpeff, gatk, htseq, bcftools, featureCounts, dedup, damageprofiler, picard, prokka, samblaster, samtools, bamtools, jellyfish, vcftools, longranger, stacks, bbmap, bismark, biscuit, hicexplorer, hicup, hicpro, salmon, kallisto, slamdunk, star, hisat2, tophat, bowtie2, bowtie1, kat, leehom, adapterRemoval, clipandmerge, cutadapt, flexbar, trimmomatic, skewer, sortmerna, biobloomtools, fastq_screen, afterqc, fastp, fastqc, minionqc, clusterflow, bcl2fastq, interop, flash
[2019-11-19 07:42:27,037] multiqc                                            [DEBUG  ]  Using temporary directory for creating report: /tmp/tmp1p4vdygi
[2019-11-19 07:42:27,735] multiqc                                            [DEBUG  ]  No samples found: custom_content
[2019-11-19 07:42:27,740] multiqc                                            [DEBUG  ]  No samples found: conpair
[2019-11-19 07:42:27,745] multiqc                                            [DEBUG  ]  No samples found: peddy
[2019-11-19 07:42:27,749] multiqc                                            [DEBUG  ]  No samples found: methylQA
[2019-11-19 07:42:27,753] multiqc                                            [DEBUG  ]  No samples found: phantompeakqualtools
[2019-11-19 07:42:27,758] multiqc                                            [DEBUG  ]  No samples found: qualimap
[2019-11-19 07:42:27,763] multiqc                                            [DEBUG  ]  No samples found: preseq
[2019-11-19 07:42:27,767] multiqc                                            [DEBUG  ]  No samples found: quast
[2019-11-19 07:42:27,772] multiqc                                            [DEBUG  ]  No samples found: qorts
[2019-11-19 07:42:27,776] multiqc                                            [DEBUG  ]  No samples found: rna_seqc
[2019-11-19 07:42:27,780] multiqc                                            [DEBUG  ]  No samples found: rsem
[2019-11-19 07:42:27,789] multiqc                                            [DEBUG  ]  No samples found: rseqc
[2019-11-19 07:42:27,793] multiqc                                            [DEBUG  ]  No samples found: busco
[2019-11-19 07:42:27,797] multiqc                                            [DEBUG  ]  No samples found: goleft_indexcov
[2019-11-19 07:42:27,801] multiqc                                            [DEBUG  ]  No samples found: disambiguate
[2019-11-19 07:42:27,805] multiqc                                            [DEBUG  ]  No samples found: supernova
[2019-11-19 07:42:27,814] multiqc                                            [DEBUG  ]  No samples found: deeptools
[2019-11-19 07:42:27,819] multiqc                                            [DEBUG  ]  No samples found: sargasso
[2019-11-19 07:42:27,823] multiqc                                            [DEBUG  ]  No samples found: verifybamid
[2019-11-19 07:42:27,828] multiqc                                            [DEBUG  ]  No samples found: mirtrace
[2019-11-19 07:42:27,832] multiqc                                            [DEBUG  ]  No samples found: happy
[2019-11-19 07:42:27,837] multiqc                                            [DEBUG  ]  No samples found: homer
[2019-11-19 07:42:27,842] multiqc                                            [DEBUG  ]  No samples found: macs2
[2019-11-19 07:42:27,847] multiqc                                            [DEBUG  ]  No samples found: theta2
[2019-11-19 07:42:27,852] multiqc                                            [DEBUG  ]  No samples found: snpeff
[2019-11-19 07:42:27,858] multiqc                                            [DEBUG  ]  No samples found: gatk
[2019-11-19 07:42:27,862] multiqc                                            [DEBUG  ]  No samples found: htseq
[2019-11-19 07:42:27,867] multiqc                                            [DEBUG  ]  No samples found: bcftools
[2019-11-19 07:42:27,873] multiqc                                            [DEBUG  ]  No samples found: featureCounts
[2019-11-19 07:42:27,877] multiqc                                            [DEBUG  ]  No samples found: dedup
[2019-11-19 07:42:27,881] multiqc                                            [DEBUG  ]  No samples found: damageprofiler
[2019-11-19 07:42:27,893] multiqc                                            [DEBUG  ]  No samples found: picard
[2019-11-19 07:42:27,897] multiqc                                            [DEBUG  ]  No samples found: prokka
[2019-11-19 07:42:27,901] multiqc                                            [DEBUG  ]  No samples found: samblaster
[2019-11-19 07:42:27,907] multiqc                                            [DEBUG  ]  No samples found: samtools
[2019-11-19 07:42:27,913] multiqc                                            [DEBUG  ]  No samples found: bamtools
[2019-11-19 07:42:27,917] multiqc                                            [DEBUG  ]  No samples found: jellyfish
[2019-11-19 07:42:27,923] multiqc                                            [DEBUG  ]  No samples found: vcftools
[2019-11-19 07:42:27,927] multiqc                                            [DEBUG  ]  No samples found: longranger
[2019-11-19 07:42:27,931] multiqc                                            [DEBUG  ]  No samples found: stacks
[2019-11-19 07:42:27,941] multiqc                                            [DEBUG  ]  No samples found: bbmap
[2019-11-19 07:42:27,945] multiqc                                            [DEBUG  ]  No samples found: bismark
[2019-11-19 07:42:27,950] multiqc                                            [DEBUG  ]  No samples found: biscuit
[2019-11-19 07:42:27,954] multiqc                                            [DEBUG  ]  No samples found: hicexplorer
[2019-11-19 07:42:27,959] multiqc                                            [DEBUG  ]  No samples found: hicup
[2019-11-19 07:42:27,963] multiqc                                            [DEBUG  ]  No samples found: hicpro
[2019-11-19 07:42:27,968] multiqc                                            [DEBUG  ]  No samples found: salmon
[2019-11-19 07:42:27,972] multiqc                                            [DEBUG  ]  No samples found: kallisto
[2019-11-19 07:42:27,976] multiqc                                            [DEBUG  ]  No samples found: slamdunk
[2019-11-19 07:42:27,982] multiqc                                            [DEBUG  ]  No samples found: star
[2019-11-19 07:42:27,987] multiqc                                            [DEBUG  ]  No samples found: hisat2
[2019-11-19 07:42:27,992] multiqc                                            [DEBUG  ]  No samples found: tophat
[2019-11-19 07:42:27,997] multiqc                                            [DEBUG  ]  No samples found: bowtie2
[2019-11-19 07:42:28,002] multiqc                                            [DEBUG  ]  No samples found: bowtie1
[2019-11-19 07:42:28,007] multiqc                                            [DEBUG  ]  No samples found: kat
[2019-11-19 07:42:28,013] multiqc                                            [DEBUG  ]  No samples found: leehom
[2019-11-19 07:42:28,017] multiqc                                            [DEBUG  ]  No samples found: adapterRemoval
[2019-11-19 07:42:28,022] multiqc                                            [DEBUG  ]  No samples found: clipandmerge
[2019-11-19 07:42:28,027] multiqc                                            [DEBUG  ]  No samples found: cutadapt
[2019-11-19 07:42:28,031] multiqc                                            [DEBUG  ]  No samples found: flexbar
[2019-11-19 07:42:28,035] multiqc                                            [DEBUG  ]  No samples found: trimmomatic
[2019-11-19 07:42:28,039] multiqc                                            [DEBUG  ]  No samples found: skewer
[2019-11-19 07:42:28,044] multiqc                                            [DEBUG  ]  No samples found: sortmerna
[2019-11-19 07:42:28,048] multiqc                                            [DEBUG  ]  No samples found: biobloomtools
[2019-11-19 07:42:28,053] multiqc                                            [DEBUG  ]  No samples found: fastq_screen
[2019-11-19 07:42:28,058] multiqc                                            [DEBUG  ]  No samples found: afterqc
[2019-11-19 07:42:28,062] multiqc                                            [DEBUG  ]  No samples found: fastp
[2019-11-19 07:42:28,071] multiqc.modules.fastqc.fastqc                      [INFO   ]  Found 1 reports
[2019-11-19 07:42:28,125] multiqc                                            [DEBUG  ]  No samples found: minionqc
[2019-11-19 07:42:28,130] multiqc                                            [DEBUG  ]  No samples found: clusterflow
[2019-11-19 07:42:28,136] multiqc                                            [DEBUG  ]  No samples found: bcl2fastq
[2019-11-19 07:42:28,140] multiqc                                            [DEBUG  ]  No samples found: interop
[2019-11-19 07:42:28,145] multiqc                                            [DEBUG  ]  No samples found: flash
[2019-11-19 07:42:28,149] multiqc                                            [INFO   ]  Compressing plot data
[2019-11-19 07:42:28,176] multiqc                                            [INFO   ]  Report      : ../../../../../../../data/multiqc_report.html
[2019-11-19 07:42:28,176] multiqc                                            [INFO   ]  Data        : ../../../../../../../data/multiqc_data
[2019-11-19 07:42:28,176] multiqc                                            [DEBUG  ]  Moving data file from '/tmp/tmp1p4vdygi/multiqc_data/multiqc_general_stats.txt' to '/data/multiqc_data'
[2019-11-19 07:42:28,177] multiqc                                            [DEBUG  ]  Moving data file from '/tmp/tmp1p4vdygi/multiqc_data/multiqc_fastqc.txt' to '/data/multiqc_data'
[2019-11-19 07:42:28,177] multiqc                                            [DEBUG  ]  Moving data file from '/tmp/tmp1p4vdygi/multiqc_data/multiqc_data.json' to '/data/multiqc_data'
[2019-11-19 07:42:28,177] multiqc                                            [DEBUG  ]  Moving data file from '/tmp/tmp1p4vdygi/multiqc_data/multiqc_sources.txt' to '/data/multiqc_data'
[2019-11-19 07:42:28,312] multiqc                                            [INFO   ]  MultiQC complete
