[2019-11-19 13:54:11,360] multiqc                                            [DEBUG  ]  No MultiQC config found: /usr/lib/python3.6/site-packages/multiqc-1.7-py3.6.egg/multiqc_config.yaml
[2019-11-19 13:54:11,361] multiqc                                            [DEBUG  ]  No MultiQC config found: /root/.multiqc_config.yaml
[2019-11-19 13:54:11,361] multiqc                                            [DEBUG  ]  No MultiQC config found: multiqc_config.yaml
[2019-11-19 13:54:11,361] multiqc                                            [DEBUG  ]  Command used: /usr/bin/multiqc /data/HG00236.unmapped.ILLUMINA.bwa.GBR.low_coverage.20101123_fastqc.zip -o /data
[2019-11-19 13:54:13,101] multiqc                                            [DEBUG  ]  Latest MultiQC version is v1.7
[2019-11-19 13:54:13,102] multiqc                                            [INFO   ]  This is MultiQC v1.7
[2019-11-19 13:54:13,102] multiqc                                            [DEBUG  ]  Command     : /usr/bin/multiqc /data/HG00236.unmapped.ILLUMINA.bwa.GBR.low_coverage.20101123_fastqc.zip -o /data
[2019-11-19 13:54:13,102] multiqc                                            [DEBUG  ]  Working dir : /var/lib/toil/toil-9b56b740-ccba-4b13-b998-c6aabca34938-69d14ae953f0400cbe6f0dc87a7486c9/tmpuHNine/fa56e6de-edff-48a3-916d-6f4d31271223/tMxQh6B
[2019-11-19 13:54:13,102] multiqc                                            [INFO   ]  Template    : default
[2019-11-19 13:54:13,102] multiqc                                            [INFO   ]  Searching '/data/HG00236.unmapped.ILLUMINA.bwa.GBR.low_coverage.20101123_fastqc.zip'
[2019-11-19 13:54:13,102] multiqc                                            [DEBUG  ]  Analysing modules: custom_content, conpair, peddy, methylQA, phantompeakqualtools, qualimap, preseq, quast, qorts, rna_seqc, rsem, rseqc, busco, goleft_indexcov, disambiguate, supernova, deeptools, sargasso, verifybamid, mirtrace, happy, homer, macs2, theta2, snpeff, gatk, htseq, bcftools, featureCounts, dedup, damageprofiler, picard, prokka, samblaster, samtools, bamtools, jellyfish, vcftools, longranger, stacks, bbmap, bismark, biscuit, hicexplorer, hicup, hicpro, salmon, kallisto, slamdunk, star, hisat2, tophat, bowtie2, bowtie1, kat, leehom, adapterRemoval, clipandmerge, cutadapt, flexbar, trimmomatic, skewer, sortmerna, biobloomtools, fastq_screen, afterqc, fastp, fastqc, minionqc, clusterflow, bcl2fastq, interop, flash
[2019-11-19 13:54:13,102] multiqc                                            [DEBUG  ]  Using temporary directory for creating report: /tmp/tmpawuewne4
[2019-11-19 13:54:13,793] multiqc                                            [DEBUG  ]  No samples found: custom_content
[2019-11-19 13:54:13,797] multiqc                                            [DEBUG  ]  No samples found: conpair
[2019-11-19 13:54:13,800] multiqc                                            [DEBUG  ]  No samples found: peddy
[2019-11-19 13:54:13,803] multiqc                                            [DEBUG  ]  No samples found: methylQA
[2019-11-19 13:54:13,807] multiqc                                            [DEBUG  ]  No samples found: phantompeakqualtools
[2019-11-19 13:54:13,811] multiqc                                            [DEBUG  ]  No samples found: qualimap
[2019-11-19 13:54:13,814] multiqc                                            [DEBUG  ]  No samples found: preseq
[2019-11-19 13:54:13,817] multiqc                                            [DEBUG  ]  No samples found: quast
[2019-11-19 13:54:13,820] multiqc                                            [DEBUG  ]  No samples found: qorts
[2019-11-19 13:54:13,823] multiqc                                            [DEBUG  ]  No samples found: rna_seqc
[2019-11-19 13:54:13,825] multiqc                                            [DEBUG  ]  No samples found: rsem
[2019-11-19 13:54:13,830] multiqc                                            [DEBUG  ]  No samples found: rseqc
[2019-11-19 13:54:13,833] multiqc                                            [DEBUG  ]  No samples found: busco
[2019-11-19 13:54:13,836] multiqc                                            [DEBUG  ]  No samples found: goleft_indexcov
[2019-11-19 13:54:13,839] multiqc                                            [DEBUG  ]  No samples found: disambiguate
[2019-11-19 13:54:13,842] multiqc                                            [DEBUG  ]  No samples found: supernova
[2019-11-19 13:54:13,847] multiqc                                            [DEBUG  ]  No samples found: deeptools
[2019-11-19 13:54:13,851] multiqc                                            [DEBUG  ]  No samples found: sargasso
[2019-11-19 13:54:13,855] multiqc                                            [DEBUG  ]  No samples found: verifybamid
[2019-11-19 13:54:13,859] multiqc                                            [DEBUG  ]  No samples found: mirtrace
[2019-11-19 13:54:13,863] multiqc                                            [DEBUG  ]  No samples found: happy
[2019-11-19 13:54:13,868] multiqc                                            [DEBUG  ]  No samples found: homer
[2019-11-19 13:54:13,871] multiqc                                            [DEBUG  ]  No samples found: macs2
[2019-11-19 13:54:13,875] multiqc                                            [DEBUG  ]  No samples found: theta2
[2019-11-19 13:54:13,878] multiqc                                            [DEBUG  ]  No samples found: snpeff
[2019-11-19 13:54:13,884] multiqc                                            [DEBUG  ]  No samples found: gatk
[2019-11-19 13:54:13,887] multiqc                                            [DEBUG  ]  No samples found: htseq
[2019-11-19 13:54:13,891] multiqc                                            [DEBUG  ]  No samples found: bcftools
[2019-11-19 13:54:13,895] multiqc                                            [DEBUG  ]  No samples found: featureCounts
[2019-11-19 13:54:13,899] multiqc                                            [DEBUG  ]  No samples found: dedup
[2019-11-19 13:54:13,903] multiqc                                            [DEBUG  ]  No samples found: damageprofiler
[2019-11-19 13:54:13,914] multiqc                                            [DEBUG  ]  No samples found: picard
[2019-11-19 13:54:13,918] multiqc                                            [DEBUG  ]  No samples found: prokka
[2019-11-19 13:54:13,922] multiqc                                            [DEBUG  ]  No samples found: samblaster
[2019-11-19 13:54:13,927] multiqc                                            [DEBUG  ]  No samples found: samtools
[2019-11-19 13:54:13,931] multiqc                                            [DEBUG  ]  No samples found: bamtools
[2019-11-19 13:54:13,935] multiqc                                            [DEBUG  ]  No samples found: jellyfish
[2019-11-19 13:54:13,941] multiqc                                            [DEBUG  ]  No samples found: vcftools
[2019-11-19 13:54:13,946] multiqc                                            [DEBUG  ]  No samples found: longranger
[2019-11-19 13:54:13,950] multiqc                                            [DEBUG  ]  No samples found: stacks
[2019-11-19 13:54:13,960] multiqc                                            [DEBUG  ]  No samples found: bbmap
[2019-11-19 13:54:13,964] multiqc                                            [DEBUG  ]  No samples found: bismark
[2019-11-19 13:54:13,969] multiqc                                            [DEBUG  ]  No samples found: biscuit
[2019-11-19 13:54:13,972] multiqc                                            [DEBUG  ]  No samples found: hicexplorer
[2019-11-19 13:54:13,976] multiqc                                            [DEBUG  ]  No samples found: hicup
[2019-11-19 13:54:13,979] multiqc                                            [DEBUG  ]  No samples found: hicpro
[2019-11-19 13:54:13,983] multiqc                                            [DEBUG  ]  No samples found: salmon
[2019-11-19 13:54:13,986] multiqc                                            [DEBUG  ]  No samples found: kallisto
[2019-11-19 13:54:13,991] multiqc                                            [DEBUG  ]  No samples found: slamdunk
[2019-11-19 13:54:13,996] multiqc                                            [DEBUG  ]  No samples found: star
[2019-11-19 13:54:14,000] multiqc                                            [DEBUG  ]  No samples found: hisat2
[2019-11-19 13:54:14,003] multiqc                                            [DEBUG  ]  No samples found: tophat
[2019-11-19 13:54:14,007] multiqc                                            [DEBUG  ]  No samples found: bowtie2
[2019-11-19 13:54:14,010] multiqc                                            [DEBUG  ]  No samples found: bowtie1
[2019-11-19 13:54:14,014] multiqc                                            [DEBUG  ]  No samples found: kat
[2019-11-19 13:54:14,017] multiqc                                            [DEBUG  ]  No samples found: leehom
[2019-11-19 13:54:14,024] multiqc                                            [DEBUG  ]  No samples found: adapterRemoval
[2019-11-19 13:54:14,027] multiqc                                            [DEBUG  ]  No samples found: clipandmerge
[2019-11-19 13:54:14,031] multiqc                                            [DEBUG  ]  No samples found: cutadapt
[2019-11-19 13:54:14,034] multiqc                                            [DEBUG  ]  No samples found: flexbar
[2019-11-19 13:54:14,038] multiqc                                            [DEBUG  ]  No samples found: trimmomatic
[2019-11-19 13:54:14,041] multiqc                                            [DEBUG  ]  No samples found: skewer
[2019-11-19 13:54:14,045] multiqc                                            [DEBUG  ]  No samples found: sortmerna
[2019-11-19 13:54:14,048] multiqc                                            [DEBUG  ]  No samples found: biobloomtools
[2019-11-19 13:54:14,052] multiqc                                            [DEBUG  ]  No samples found: fastq_screen
[2019-11-19 13:54:14,055] multiqc                                            [DEBUG  ]  No samples found: afterqc
[2019-11-19 13:54:14,059] multiqc                                            [DEBUG  ]  No samples found: fastp
[2019-11-19 13:54:14,067] multiqc.modules.fastqc.fastqc                      [INFO   ]  Found 1 reports
[2019-11-19 13:54:14,133] multiqc                                            [DEBUG  ]  No samples found: minionqc
[2019-11-19 13:54:14,137] multiqc                                            [DEBUG  ]  No samples found: clusterflow
[2019-11-19 13:54:14,141] multiqc                                            [DEBUG  ]  No samples found: bcl2fastq
[2019-11-19 13:54:14,145] multiqc                                            [DEBUG  ]  No samples found: interop
[2019-11-19 13:54:14,148] multiqc                                            [DEBUG  ]  No samples found: flash
[2019-11-19 13:54:14,151] multiqc                                            [INFO   ]  Compressing plot data
[2019-11-19 13:54:14,178] multiqc                                            [INFO   ]  Report      : ../../../../../../../data/multiqc_report.html
[2019-11-19 13:54:14,178] multiqc                                            [INFO   ]  Data        : ../../../../../../../data/multiqc_data
[2019-11-19 13:54:14,178] multiqc                                            [DEBUG  ]  Moving data file from '/tmp/tmpawuewne4/multiqc_data/multiqc_general_stats.txt' to '/data/multiqc_data'
[2019-11-19 13:54:14,178] multiqc                                            [DEBUG  ]  Moving data file from '/tmp/tmpawuewne4/multiqc_data/multiqc_fastqc.txt' to '/data/multiqc_data'
[2019-11-19 13:54:14,179] multiqc                                            [DEBUG  ]  Moving data file from '/tmp/tmpawuewne4/multiqc_data/multiqc_data.json' to '/data/multiqc_data'
[2019-11-19 13:54:14,179] multiqc                                            [DEBUG  ]  Moving data file from '/tmp/tmpawuewne4/multiqc_data/multiqc_sources.txt' to '/data/multiqc_data'
[2019-11-19 13:54:14,287] multiqc                                            [INFO   ]  MultiQC complete
