[2019-11-19 10:51:06,799] multiqc                                            [DEBUG  ]  No MultiQC config found: /usr/lib/python3.6/site-packages/multiqc-1.7-py3.6.egg/multiqc_config.yaml
[2019-11-19 10:51:06,799] multiqc                                            [DEBUG  ]  No MultiQC config found: /root/.multiqc_config.yaml
[2019-11-19 10:51:06,799] multiqc                                            [DEBUG  ]  No MultiQC config found: multiqc_config.yaml
[2019-11-19 10:51:06,799] multiqc                                            [DEBUG  ]  Command used: /usr/bin/multiqc /data/HG00140.unmapped.ILLUMINA.bwa.GBR.low_coverage.20101123_fastqc.zip -o /data
[2019-11-19 10:51:08,862] multiqc                                            [DEBUG  ]  Latest MultiQC version is v1.7
[2019-11-19 10:51:08,862] multiqc                                            [INFO   ]  This is MultiQC v1.7
[2019-11-19 10:51:08,862] multiqc                                            [DEBUG  ]  Command     : /usr/bin/multiqc /data/HG00140.unmapped.ILLUMINA.bwa.GBR.low_coverage.20101123_fastqc.zip -o /data
[2019-11-19 10:51:08,862] multiqc                                            [DEBUG  ]  Working dir : /var/lib/toil/toil-9b56b740-ccba-4b13-b998-c6aabca34938-69d14ae953f0400cbe6f0dc87a7486c9/tmp4nlgSs/9d3a4dc6-3c6f-4d12-ba7b-76e9f5d3974f/td4UEYM
[2019-11-19 10:51:08,862] multiqc                                            [INFO   ]  Template    : default
[2019-11-19 10:51:08,862] multiqc                                            [INFO   ]  Searching '/data/HG00140.unmapped.ILLUMINA.bwa.GBR.low_coverage.20101123_fastqc.zip'
[2019-11-19 10:51:08,863] multiqc                                            [DEBUG  ]  Analysing modules: custom_content, conpair, peddy, methylQA, phantompeakqualtools, qualimap, preseq, quast, qorts, rna_seqc, rsem, rseqc, busco, goleft_indexcov, disambiguate, supernova, deeptools, sargasso, verifybamid, mirtrace, happy, homer, macs2, theta2, snpeff, gatk, htseq, bcftools, featureCounts, dedup, damageprofiler, picard, prokka, samblaster, samtools, bamtools, jellyfish, vcftools, longranger, stacks, bbmap, bismark, biscuit, hicexplorer, hicup, hicpro, salmon, kallisto, slamdunk, star, hisat2, tophat, bowtie2, bowtie1, kat, leehom, adapterRemoval, clipandmerge, cutadapt, flexbar, trimmomatic, skewer, sortmerna, biobloomtools, fastq_screen, afterqc, fastp, fastqc, minionqc, clusterflow, bcl2fastq, interop, flash
[2019-11-19 10:51:08,863] multiqc                                            [DEBUG  ]  Using temporary directory for creating report: /tmp/tmpf823c9b4
[2019-11-19 10:51:09,569] multiqc                                            [DEBUG  ]  No samples found: custom_content
[2019-11-19 10:51:09,573] multiqc                                            [DEBUG  ]  No samples found: conpair
[2019-11-19 10:51:09,578] multiqc                                            [DEBUG  ]  No samples found: peddy
[2019-11-19 10:51:09,582] multiqc                                            [DEBUG  ]  No samples found: methylQA
[2019-11-19 10:51:09,587] multiqc                                            [DEBUG  ]  No samples found: phantompeakqualtools
[2019-11-19 10:51:09,593] multiqc                                            [DEBUG  ]  No samples found: qualimap
[2019-11-19 10:51:09,598] multiqc                                            [DEBUG  ]  No samples found: preseq
[2019-11-19 10:51:09,603] multiqc                                            [DEBUG  ]  No samples found: quast
[2019-11-19 10:51:09,607] multiqc                                            [DEBUG  ]  No samples found: qorts
[2019-11-19 10:51:09,612] multiqc                                            [DEBUG  ]  No samples found: rna_seqc
[2019-11-19 10:51:09,616] multiqc                                            [DEBUG  ]  No samples found: rsem
[2019-11-19 10:51:09,624] multiqc                                            [DEBUG  ]  No samples found: rseqc
[2019-11-19 10:51:09,628] multiqc                                            [DEBUG  ]  No samples found: busco
[2019-11-19 10:51:09,632] multiqc                                            [DEBUG  ]  No samples found: goleft_indexcov
[2019-11-19 10:51:09,637] multiqc                                            [DEBUG  ]  No samples found: disambiguate
[2019-11-19 10:51:09,641] multiqc                                            [DEBUG  ]  No samples found: supernova
[2019-11-19 10:51:09,651] multiqc                                            [DEBUG  ]  No samples found: deeptools
[2019-11-19 10:51:09,655] multiqc                                            [DEBUG  ]  No samples found: sargasso
[2019-11-19 10:51:09,659] multiqc                                            [DEBUG  ]  No samples found: verifybamid
[2019-11-19 10:51:09,663] multiqc                                            [DEBUG  ]  No samples found: mirtrace
[2019-11-19 10:51:09,667] multiqc                                            [DEBUG  ]  No samples found: happy
[2019-11-19 10:51:09,673] multiqc                                            [DEBUG  ]  No samples found: homer
[2019-11-19 10:51:09,677] multiqc                                            [DEBUG  ]  No samples found: macs2
[2019-11-19 10:51:09,681] multiqc                                            [DEBUG  ]  No samples found: theta2
[2019-11-19 10:51:09,685] multiqc                                            [DEBUG  ]  No samples found: snpeff
[2019-11-19 10:51:09,691] multiqc                                            [DEBUG  ]  No samples found: gatk
[2019-11-19 10:51:09,695] multiqc                                            [DEBUG  ]  No samples found: htseq
[2019-11-19 10:51:09,699] multiqc                                            [DEBUG  ]  No samples found: bcftools
[2019-11-19 10:51:09,703] multiqc                                            [DEBUG  ]  No samples found: featureCounts
[2019-11-19 10:51:09,707] multiqc                                            [DEBUG  ]  No samples found: dedup
[2019-11-19 10:51:09,711] multiqc                                            [DEBUG  ]  No samples found: damageprofiler
[2019-11-19 10:51:09,724] multiqc                                            [DEBUG  ]  No samples found: picard
[2019-11-19 10:51:09,729] multiqc                                            [DEBUG  ]  No samples found: prokka
[2019-11-19 10:51:09,733] multiqc                                            [DEBUG  ]  No samples found: samblaster
[2019-11-19 10:51:09,740] multiqc                                            [DEBUG  ]  No samples found: samtools
[2019-11-19 10:51:09,745] multiqc                                            [DEBUG  ]  No samples found: bamtools
[2019-11-19 10:51:09,750] multiqc                                            [DEBUG  ]  No samples found: jellyfish
[2019-11-19 10:51:09,758] multiqc                                            [DEBUG  ]  No samples found: vcftools
[2019-11-19 10:51:09,763] multiqc                                            [DEBUG  ]  No samples found: longranger
[2019-11-19 10:51:09,767] multiqc                                            [DEBUG  ]  No samples found: stacks
[2019-11-19 10:51:09,778] multiqc                                            [DEBUG  ]  No samples found: bbmap
[2019-11-19 10:51:09,783] multiqc                                            [DEBUG  ]  No samples found: bismark
[2019-11-19 10:51:09,788] multiqc                                            [DEBUG  ]  No samples found: biscuit
[2019-11-19 10:51:09,792] multiqc                                            [DEBUG  ]  No samples found: hicexplorer
[2019-11-19 10:51:09,796] multiqc                                            [DEBUG  ]  No samples found: hicup
[2019-11-19 10:51:09,801] multiqc                                            [DEBUG  ]  No samples found: hicpro
[2019-11-19 10:51:09,805] multiqc                                            [DEBUG  ]  No samples found: salmon
[2019-11-19 10:51:09,809] multiqc                                            [DEBUG  ]  No samples found: kallisto
[2019-11-19 10:51:09,814] multiqc                                            [DEBUG  ]  No samples found: slamdunk
[2019-11-19 10:51:09,818] multiqc                                            [DEBUG  ]  No samples found: star
[2019-11-19 10:51:09,822] multiqc                                            [DEBUG  ]  No samples found: hisat2
[2019-11-19 10:51:09,829] multiqc                                            [DEBUG  ]  No samples found: tophat
[2019-11-19 10:51:09,835] multiqc                                            [DEBUG  ]  No samples found: bowtie2
[2019-11-19 10:51:09,839] multiqc                                            [DEBUG  ]  No samples found: bowtie1
[2019-11-19 10:51:09,844] multiqc                                            [DEBUG  ]  No samples found: kat
[2019-11-19 10:51:09,848] multiqc                                            [DEBUG  ]  No samples found: leehom
[2019-11-19 10:51:09,852] multiqc                                            [DEBUG  ]  No samples found: adapterRemoval
[2019-11-19 10:51:09,856] multiqc                                            [DEBUG  ]  No samples found: clipandmerge
[2019-11-19 10:51:09,861] multiqc                                            [DEBUG  ]  No samples found: cutadapt
[2019-11-19 10:51:09,865] multiqc                                            [DEBUG  ]  No samples found: flexbar
[2019-11-19 10:51:09,870] multiqc                                            [DEBUG  ]  No samples found: trimmomatic
[2019-11-19 10:51:09,874] multiqc                                            [DEBUG  ]  No samples found: skewer
[2019-11-19 10:51:09,879] multiqc                                            [DEBUG  ]  No samples found: sortmerna
[2019-11-19 10:51:09,883] multiqc                                            [DEBUG  ]  No samples found: biobloomtools
[2019-11-19 10:51:09,888] multiqc                                            [DEBUG  ]  No samples found: fastq_screen
[2019-11-19 10:51:09,892] multiqc                                            [DEBUG  ]  No samples found: afterqc
[2019-11-19 10:51:09,896] multiqc                                            [DEBUG  ]  No samples found: fastp
[2019-11-19 10:51:09,904] multiqc.modules.fastqc.fastqc                      [INFO   ]  Found 1 reports
[2019-11-19 10:51:09,969] multiqc                                            [DEBUG  ]  No samples found: minionqc
[2019-11-19 10:51:09,973] multiqc                                            [DEBUG  ]  No samples found: clusterflow
[2019-11-19 10:51:09,978] multiqc                                            [DEBUG  ]  No samples found: bcl2fastq
[2019-11-19 10:51:09,982] multiqc                                            [DEBUG  ]  No samples found: interop
[2019-11-19 10:51:09,986] multiqc                                            [DEBUG  ]  No samples found: flash
[2019-11-19 10:51:09,989] multiqc                                            [INFO   ]  Compressing plot data
[2019-11-19 10:51:10,018] multiqc                                            [INFO   ]  Report      : ../../../../../../../data/multiqc_report.html
[2019-11-19 10:51:10,018] multiqc                                            [INFO   ]  Data        : ../../../../../../../data/multiqc_data
[2019-11-19 10:51:10,018] multiqc                                            [DEBUG  ]  Moving data file from '/tmp/tmpf823c9b4/multiqc_data/multiqc_general_stats.txt' to '/data/multiqc_data'
[2019-11-19 10:51:10,019] multiqc                                            [DEBUG  ]  Moving data file from '/tmp/tmpf823c9b4/multiqc_data/multiqc_fastqc.txt' to '/data/multiqc_data'
[2019-11-19 10:51:10,019] multiqc                                            [DEBUG  ]  Moving data file from '/tmp/tmpf823c9b4/multiqc_data/multiqc_data.json' to '/data/multiqc_data'
[2019-11-19 10:51:10,019] multiqc                                            [DEBUG  ]  Moving data file from '/tmp/tmpf823c9b4/multiqc_data/multiqc_sources.txt' to '/data/multiqc_data'
[2019-11-19 10:51:10,150] multiqc                                            [INFO   ]  MultiQC complete
