[2019-11-19 09:04:20,228] multiqc                                            [DEBUG  ]  No MultiQC config found: /usr/lib/python3.6/site-packages/multiqc-1.7-py3.6.egg/multiqc_config.yaml
[2019-11-19 09:04:20,229] multiqc                                            [DEBUG  ]  No MultiQC config found: /root/.multiqc_config.yaml
[2019-11-19 09:04:20,229] multiqc                                            [DEBUG  ]  No MultiQC config found: multiqc_config.yaml
[2019-11-19 09:04:20,229] multiqc                                            [DEBUG  ]  Command used: /usr/bin/multiqc /data/HG00118.mapped.ILLUMINA.bwa.GBR.low_coverage.20101123_fastqc.zip -o /data
[2019-11-19 09:04:22,184] multiqc                                            [DEBUG  ]  Latest MultiQC version is v1.7
[2019-11-19 09:04:22,184] multiqc                                            [INFO   ]  This is MultiQC v1.7
[2019-11-19 09:04:22,185] multiqc                                            [DEBUG  ]  Command     : /usr/bin/multiqc /data/HG00118.mapped.ILLUMINA.bwa.GBR.low_coverage.20101123_fastqc.zip -o /data
[2019-11-19 09:04:22,185] multiqc                                            [DEBUG  ]  Working dir : /var/lib/toil/toil-9b56b740-ccba-4b13-b998-c6aabca34938-69d14ae953f0400cbe6f0dc87a7486c9/tmpM6wOL_/ac8023a2-c606-4b71-b5a8-be9afb5e125c/tuuzfZM
[2019-11-19 09:04:22,185] multiqc                                            [INFO   ]  Template    : default
[2019-11-19 09:04:22,185] multiqc                                            [INFO   ]  Searching '/data/HG00118.mapped.ILLUMINA.bwa.GBR.low_coverage.20101123_fastqc.zip'
[2019-11-19 09:04:22,185] multiqc                                            [DEBUG  ]  Analysing modules: custom_content, conpair, peddy, methylQA, phantompeakqualtools, qualimap, preseq, quast, qorts, rna_seqc, rsem, rseqc, busco, goleft_indexcov, disambiguate, supernova, deeptools, sargasso, verifybamid, mirtrace, happy, homer, macs2, theta2, snpeff, gatk, htseq, bcftools, featureCounts, dedup, damageprofiler, picard, prokka, samblaster, samtools, bamtools, jellyfish, vcftools, longranger, stacks, bbmap, bismark, biscuit, hicexplorer, hicup, hicpro, salmon, kallisto, slamdunk, star, hisat2, tophat, bowtie2, bowtie1, kat, leehom, adapterRemoval, clipandmerge, cutadapt, flexbar, trimmomatic, skewer, sortmerna, biobloomtools, fastq_screen, afterqc, fastp, fastqc, minionqc, clusterflow, bcl2fastq, interop, flash
[2019-11-19 09:04:22,185] multiqc                                            [DEBUG  ]  Using temporary directory for creating report: /tmp/tmporzakzh0
[2019-11-19 09:04:22,895] multiqc                                            [DEBUG  ]  No samples found: custom_content
[2019-11-19 09:04:22,899] multiqc                                            [DEBUG  ]  No samples found: conpair
[2019-11-19 09:04:22,904] multiqc                                            [DEBUG  ]  No samples found: peddy
[2019-11-19 09:04:22,908] multiqc                                            [DEBUG  ]  No samples found: methylQA
[2019-11-19 09:04:22,912] multiqc                                            [DEBUG  ]  No samples found: phantompeakqualtools
[2019-11-19 09:04:22,918] multiqc                                            [DEBUG  ]  No samples found: qualimap
[2019-11-19 09:04:22,922] multiqc                                            [DEBUG  ]  No samples found: preseq
[2019-11-19 09:04:22,927] multiqc                                            [DEBUG  ]  No samples found: quast
[2019-11-19 09:04:22,931] multiqc                                            [DEBUG  ]  No samples found: qorts
[2019-11-19 09:04:22,935] multiqc                                            [DEBUG  ]  No samples found: rna_seqc
[2019-11-19 09:04:22,940] multiqc                                            [DEBUG  ]  No samples found: rsem
[2019-11-19 09:04:22,948] multiqc                                            [DEBUG  ]  No samples found: rseqc
[2019-11-19 09:04:22,953] multiqc                                            [DEBUG  ]  No samples found: busco
[2019-11-19 09:04:22,957] multiqc                                            [DEBUG  ]  No samples found: goleft_indexcov
[2019-11-19 09:04:22,961] multiqc                                            [DEBUG  ]  No samples found: disambiguate
[2019-11-19 09:04:22,965] multiqc                                            [DEBUG  ]  No samples found: supernova
[2019-11-19 09:04:22,974] multiqc                                            [DEBUG  ]  No samples found: deeptools
[2019-11-19 09:04:22,978] multiqc                                            [DEBUG  ]  No samples found: sargasso
[2019-11-19 09:04:22,982] multiqc                                            [DEBUG  ]  No samples found: verifybamid
[2019-11-19 09:04:22,986] multiqc                                            [DEBUG  ]  No samples found: mirtrace
[2019-11-19 09:04:22,991] multiqc                                            [DEBUG  ]  No samples found: happy
[2019-11-19 09:04:22,996] multiqc                                            [DEBUG  ]  No samples found: homer
[2019-11-19 09:04:23,000] multiqc                                            [DEBUG  ]  No samples found: macs2
[2019-11-19 09:04:23,005] multiqc                                            [DEBUG  ]  No samples found: theta2
[2019-11-19 09:04:23,009] multiqc                                            [DEBUG  ]  No samples found: snpeff
[2019-11-19 09:04:23,016] multiqc                                            [DEBUG  ]  No samples found: gatk
[2019-11-19 09:04:23,021] multiqc                                            [DEBUG  ]  No samples found: htseq
[2019-11-19 09:04:23,027] multiqc                                            [DEBUG  ]  No samples found: bcftools
[2019-11-19 09:04:23,033] multiqc                                            [DEBUG  ]  No samples found: featureCounts
[2019-11-19 09:04:23,037] multiqc                                            [DEBUG  ]  No samples found: dedup
[2019-11-19 09:04:23,041] multiqc                                            [DEBUG  ]  No samples found: damageprofiler
[2019-11-19 09:04:23,052] multiqc                                            [DEBUG  ]  No samples found: picard
[2019-11-19 09:04:23,057] multiqc                                            [DEBUG  ]  No samples found: prokka
[2019-11-19 09:04:23,061] multiqc                                            [DEBUG  ]  No samples found: samblaster
[2019-11-19 09:04:23,067] multiqc                                            [DEBUG  ]  No samples found: samtools
[2019-11-19 09:04:23,072] multiqc                                            [DEBUG  ]  No samples found: bamtools
[2019-11-19 09:04:23,076] multiqc                                            [DEBUG  ]  No samples found: jellyfish
[2019-11-19 09:04:23,082] multiqc                                            [DEBUG  ]  No samples found: vcftools
[2019-11-19 09:04:23,086] multiqc                                            [DEBUG  ]  No samples found: longranger
[2019-11-19 09:04:23,091] multiqc                                            [DEBUG  ]  No samples found: stacks
[2019-11-19 09:04:23,101] multiqc                                            [DEBUG  ]  No samples found: bbmap
[2019-11-19 09:04:23,106] multiqc                                            [DEBUG  ]  No samples found: bismark
[2019-11-19 09:04:23,111] multiqc                                            [DEBUG  ]  No samples found: biscuit
[2019-11-19 09:04:23,115] multiqc                                            [DEBUG  ]  No samples found: hicexplorer
[2019-11-19 09:04:23,119] multiqc                                            [DEBUG  ]  No samples found: hicup
[2019-11-19 09:04:23,124] multiqc                                            [DEBUG  ]  No samples found: hicpro
[2019-11-19 09:04:23,128] multiqc                                            [DEBUG  ]  No samples found: salmon
[2019-11-19 09:04:23,132] multiqc                                            [DEBUG  ]  No samples found: kallisto
[2019-11-19 09:04:23,136] multiqc                                            [DEBUG  ]  No samples found: slamdunk
[2019-11-19 09:04:23,141] multiqc                                            [DEBUG  ]  No samples found: star
[2019-11-19 09:04:23,147] multiqc                                            [DEBUG  ]  No samples found: hisat2
[2019-11-19 09:04:23,152] multiqc                                            [DEBUG  ]  No samples found: tophat
[2019-11-19 09:04:23,156] multiqc                                            [DEBUG  ]  No samples found: bowtie2
[2019-11-19 09:04:23,162] multiqc                                            [DEBUG  ]  No samples found: bowtie1
[2019-11-19 09:04:23,169] multiqc                                            [DEBUG  ]  No samples found: kat
[2019-11-19 09:04:23,173] multiqc                                            [DEBUG  ]  No samples found: leehom
[2019-11-19 09:04:23,177] multiqc                                            [DEBUG  ]  No samples found: adapterRemoval
[2019-11-19 09:04:23,181] multiqc                                            [DEBUG  ]  No samples found: clipandmerge
[2019-11-19 09:04:23,185] multiqc                                            [DEBUG  ]  No samples found: cutadapt
[2019-11-19 09:04:23,189] multiqc                                            [DEBUG  ]  No samples found: flexbar
[2019-11-19 09:04:23,194] multiqc                                            [DEBUG  ]  No samples found: trimmomatic
[2019-11-19 09:04:23,198] multiqc                                            [DEBUG  ]  No samples found: skewer
[2019-11-19 09:04:23,202] multiqc                                            [DEBUG  ]  No samples found: sortmerna
[2019-11-19 09:04:23,206] multiqc                                            [DEBUG  ]  No samples found: biobloomtools
[2019-11-19 09:04:23,210] multiqc                                            [DEBUG  ]  No samples found: fastq_screen
[2019-11-19 09:04:23,214] multiqc                                            [DEBUG  ]  No samples found: afterqc
[2019-11-19 09:04:23,219] multiqc                                            [DEBUG  ]  No samples found: fastp
[2019-11-19 09:04:23,226] multiqc.modules.fastqc.fastqc                      [INFO   ]  Found 1 reports
[2019-11-19 09:04:23,280] multiqc                                            [DEBUG  ]  No samples found: minionqc
[2019-11-19 09:04:23,286] multiqc                                            [DEBUG  ]  No samples found: clusterflow
[2019-11-19 09:04:23,290] multiqc                                            [DEBUG  ]  No samples found: bcl2fastq
[2019-11-19 09:04:23,294] multiqc                                            [DEBUG  ]  No samples found: interop
[2019-11-19 09:04:23,299] multiqc                                            [DEBUG  ]  No samples found: flash
[2019-11-19 09:04:23,302] multiqc                                            [INFO   ]  Compressing plot data
[2019-11-19 09:04:23,329] multiqc                                            [INFO   ]  Report      : ../../../../../../../data/multiqc_report.html
[2019-11-19 09:04:23,330] multiqc                                            [INFO   ]  Data        : ../../../../../../../data/multiqc_data
[2019-11-19 09:04:23,330] multiqc                                            [DEBUG  ]  Moving data file from '/tmp/tmporzakzh0/multiqc_data/multiqc_general_stats.txt' to '/data/multiqc_data'
[2019-11-19 09:04:23,330] multiqc                                            [DEBUG  ]  Moving data file from '/tmp/tmporzakzh0/multiqc_data/multiqc_fastqc.txt' to '/data/multiqc_data'
[2019-11-19 09:04:23,330] multiqc                                            [DEBUG  ]  Moving data file from '/tmp/tmporzakzh0/multiqc_data/multiqc_data.json' to '/data/multiqc_data'
[2019-11-19 09:04:23,331] multiqc                                            [DEBUG  ]  Moving data file from '/tmp/tmporzakzh0/multiqc_data/multiqc_sources.txt' to '/data/multiqc_data'
[2019-11-19 09:04:23,461] multiqc                                            [INFO   ]  MultiQC complete
