[2019-11-19 13:21:21,912] multiqc                                            [DEBUG  ]  No MultiQC config found: /usr/lib/python3.6/site-packages/multiqc-1.7-py3.6.egg/multiqc_config.yaml
[2019-11-19 13:21:21,912] multiqc                                            [DEBUG  ]  No MultiQC config found: /root/.multiqc_config.yaml
[2019-11-19 13:21:21,912] multiqc                                            [DEBUG  ]  No MultiQC config found: multiqc_config.yaml
[2019-11-19 13:21:21,912] multiqc                                            [DEBUG  ]  Command used: /usr/bin/multiqc /data/HG00174.mapped.ILLUMINA.bwa.FIN.low_coverage.20101123_fastqc.zip -o /data
[2019-11-19 13:21:23,565] multiqc                                            [DEBUG  ]  Latest MultiQC version is v1.7
[2019-11-19 13:21:23,565] multiqc                                            [INFO   ]  This is MultiQC v1.7
[2019-11-19 13:21:23,565] multiqc                                            [DEBUG  ]  Command     : /usr/bin/multiqc /data/HG00174.mapped.ILLUMINA.bwa.FIN.low_coverage.20101123_fastqc.zip -o /data
[2019-11-19 13:21:23,565] multiqc                                            [DEBUG  ]  Working dir : /var/lib/toil/toil-9b56b740-ccba-4b13-b998-c6aabca34938-69d14ae953f0400cbe6f0dc87a7486c9/tmppH2w8N/2f6362c1-e123-4d86-9213-8353e07da6bd/td254aQ
[2019-11-19 13:21:23,565] multiqc                                            [INFO   ]  Template    : default
[2019-11-19 13:21:23,566] multiqc                                            [INFO   ]  Searching '/data/HG00174.mapped.ILLUMINA.bwa.FIN.low_coverage.20101123_fastqc.zip'
[2019-11-19 13:21:23,566] multiqc                                            [DEBUG  ]  Analysing modules: custom_content, conpair, peddy, methylQA, phantompeakqualtools, qualimap, preseq, quast, qorts, rna_seqc, rsem, rseqc, busco, goleft_indexcov, disambiguate, supernova, deeptools, sargasso, verifybamid, mirtrace, happy, homer, macs2, theta2, snpeff, gatk, htseq, bcftools, featureCounts, dedup, damageprofiler, picard, prokka, samblaster, samtools, bamtools, jellyfish, vcftools, longranger, stacks, bbmap, bismark, biscuit, hicexplorer, hicup, hicpro, salmon, kallisto, slamdunk, star, hisat2, tophat, bowtie2, bowtie1, kat, leehom, adapterRemoval, clipandmerge, cutadapt, flexbar, trimmomatic, skewer, sortmerna, biobloomtools, fastq_screen, afterqc, fastp, fastqc, minionqc, clusterflow, bcl2fastq, interop, flash
[2019-11-19 13:21:23,566] multiqc                                            [DEBUG  ]  Using temporary directory for creating report: /tmp/tmp704by6qg
[2019-11-19 13:21:24,294] multiqc                                            [DEBUG  ]  No samples found: custom_content
[2019-11-19 13:21:24,298] multiqc                                            [DEBUG  ]  No samples found: conpair
[2019-11-19 13:21:24,303] multiqc                                            [DEBUG  ]  No samples found: peddy
[2019-11-19 13:21:24,307] multiqc                                            [DEBUG  ]  No samples found: methylQA
[2019-11-19 13:21:24,311] multiqc                                            [DEBUG  ]  No samples found: phantompeakqualtools
[2019-11-19 13:21:24,317] multiqc                                            [DEBUG  ]  No samples found: qualimap
[2019-11-19 13:21:24,322] multiqc                                            [DEBUG  ]  No samples found: preseq
[2019-11-19 13:21:24,326] multiqc                                            [DEBUG  ]  No samples found: quast
[2019-11-19 13:21:24,330] multiqc                                            [DEBUG  ]  No samples found: qorts
[2019-11-19 13:21:24,335] multiqc                                            [DEBUG  ]  No samples found: rna_seqc
[2019-11-19 13:21:24,339] multiqc                                            [DEBUG  ]  No samples found: rsem
[2019-11-19 13:21:24,348] multiqc                                            [DEBUG  ]  No samples found: rseqc
[2019-11-19 13:21:24,352] multiqc                                            [DEBUG  ]  No samples found: busco
[2019-11-19 13:21:24,357] multiqc                                            [DEBUG  ]  No samples found: goleft_indexcov
[2019-11-19 13:21:24,361] multiqc                                            [DEBUG  ]  No samples found: disambiguate
[2019-11-19 13:21:24,365] multiqc                                            [DEBUG  ]  No samples found: supernova
[2019-11-19 13:21:24,376] multiqc                                            [DEBUG  ]  No samples found: deeptools
[2019-11-19 13:21:24,380] multiqc                                            [DEBUG  ]  No samples found: sargasso
[2019-11-19 13:21:24,385] multiqc                                            [DEBUG  ]  No samples found: verifybamid
[2019-11-19 13:21:24,389] multiqc                                            [DEBUG  ]  No samples found: mirtrace
[2019-11-19 13:21:24,394] multiqc                                            [DEBUG  ]  No samples found: happy
[2019-11-19 13:21:24,400] multiqc                                            [DEBUG  ]  No samples found: homer
[2019-11-19 13:21:24,405] multiqc                                            [DEBUG  ]  No samples found: macs2
[2019-11-19 13:21:24,409] multiqc                                            [DEBUG  ]  No samples found: theta2
[2019-11-19 13:21:24,413] multiqc                                            [DEBUG  ]  No samples found: snpeff
[2019-11-19 13:21:24,419] multiqc                                            [DEBUG  ]  No samples found: gatk
[2019-11-19 13:21:24,423] multiqc                                            [DEBUG  ]  No samples found: htseq
[2019-11-19 13:21:24,429] multiqc                                            [DEBUG  ]  No samples found: bcftools
[2019-11-19 13:21:24,433] multiqc                                            [DEBUG  ]  No samples found: featureCounts
[2019-11-19 13:21:24,437] multiqc                                            [DEBUG  ]  No samples found: dedup
[2019-11-19 13:21:24,442] multiqc                                            [DEBUG  ]  No samples found: damageprofiler
[2019-11-19 13:21:24,453] multiqc                                            [DEBUG  ]  No samples found: picard
[2019-11-19 13:21:24,457] multiqc                                            [DEBUG  ]  No samples found: prokka
[2019-11-19 13:21:24,462] multiqc                                            [DEBUG  ]  No samples found: samblaster
[2019-11-19 13:21:24,468] multiqc                                            [DEBUG  ]  No samples found: samtools
[2019-11-19 13:21:24,473] multiqc                                            [DEBUG  ]  No samples found: bamtools
[2019-11-19 13:21:24,477] multiqc                                            [DEBUG  ]  No samples found: jellyfish
[2019-11-19 13:21:24,483] multiqc                                            [DEBUG  ]  No samples found: vcftools
[2019-11-19 13:21:24,487] multiqc                                            [DEBUG  ]  No samples found: longranger
[2019-11-19 13:21:24,492] multiqc                                            [DEBUG  ]  No samples found: stacks
[2019-11-19 13:21:24,502] multiqc                                            [DEBUG  ]  No samples found: bbmap
[2019-11-19 13:21:24,507] multiqc                                            [DEBUG  ]  No samples found: bismark
[2019-11-19 13:21:24,513] multiqc                                            [DEBUG  ]  No samples found: biscuit
[2019-11-19 13:21:24,517] multiqc                                            [DEBUG  ]  No samples found: hicexplorer
[2019-11-19 13:21:24,521] multiqc                                            [DEBUG  ]  No samples found: hicup
[2019-11-19 13:21:24,526] multiqc                                            [DEBUG  ]  No samples found: hicpro
[2019-11-19 13:21:24,530] multiqc                                            [DEBUG  ]  No samples found: salmon
[2019-11-19 13:21:24,535] multiqc                                            [DEBUG  ]  No samples found: kallisto
[2019-11-19 13:21:24,540] multiqc                                            [DEBUG  ]  No samples found: slamdunk
[2019-11-19 13:21:24,545] multiqc                                            [DEBUG  ]  No samples found: star
[2019-11-19 13:21:24,549] multiqc                                            [DEBUG  ]  No samples found: hisat2
[2019-11-19 13:21:24,553] multiqc                                            [DEBUG  ]  No samples found: tophat
[2019-11-19 13:21:24,557] multiqc                                            [DEBUG  ]  No samples found: bowtie2
[2019-11-19 13:21:24,562] multiqc                                            [DEBUG  ]  No samples found: bowtie1
[2019-11-19 13:21:24,567] multiqc                                            [DEBUG  ]  No samples found: kat
[2019-11-19 13:21:24,571] multiqc                                            [DEBUG  ]  No samples found: leehom
[2019-11-19 13:21:24,576] multiqc                                            [DEBUG  ]  No samples found: adapterRemoval
[2019-11-19 13:21:24,580] multiqc                                            [DEBUG  ]  No samples found: clipandmerge
[2019-11-19 13:21:24,584] multiqc                                            [DEBUG  ]  No samples found: cutadapt
[2019-11-19 13:21:24,588] multiqc                                            [DEBUG  ]  No samples found: flexbar
[2019-11-19 13:21:24,592] multiqc                                            [DEBUG  ]  No samples found: trimmomatic
[2019-11-19 13:21:24,596] multiqc                                            [DEBUG  ]  No samples found: skewer
[2019-11-19 13:21:24,601] multiqc                                            [DEBUG  ]  No samples found: sortmerna
[2019-11-19 13:21:24,605] multiqc                                            [DEBUG  ]  No samples found: biobloomtools
[2019-11-19 13:21:24,609] multiqc                                            [DEBUG  ]  No samples found: fastq_screen
[2019-11-19 13:21:24,613] multiqc                                            [DEBUG  ]  No samples found: afterqc
[2019-11-19 13:21:24,617] multiqc                                            [DEBUG  ]  No samples found: fastp
[2019-11-19 13:21:24,626] multiqc.modules.fastqc.fastqc                      [INFO   ]  Found 1 reports
[2019-11-19 13:21:24,682] multiqc                                            [DEBUG  ]  No samples found: minionqc
[2019-11-19 13:21:24,686] multiqc                                            [DEBUG  ]  No samples found: clusterflow
[2019-11-19 13:21:24,691] multiqc                                            [DEBUG  ]  No samples found: bcl2fastq
[2019-11-19 13:21:24,695] multiqc                                            [DEBUG  ]  No samples found: interop
[2019-11-19 13:21:24,699] multiqc                                            [DEBUG  ]  No samples found: flash
[2019-11-19 13:21:24,703] multiqc                                            [INFO   ]  Compressing plot data
[2019-11-19 13:21:24,733] multiqc                                            [INFO   ]  Report      : ../../../../../../../data/multiqc_report.html
[2019-11-19 13:21:24,733] multiqc                                            [INFO   ]  Data        : ../../../../../../../data/multiqc_data
[2019-11-19 13:21:24,733] multiqc                                            [DEBUG  ]  Moving data file from '/tmp/tmp704by6qg/multiqc_data/multiqc_general_stats.txt' to '/data/multiqc_data'
[2019-11-19 13:21:24,734] multiqc                                            [DEBUG  ]  Moving data file from '/tmp/tmp704by6qg/multiqc_data/multiqc_fastqc.txt' to '/data/multiqc_data'
[2019-11-19 13:21:24,734] multiqc                                            [DEBUG  ]  Moving data file from '/tmp/tmp704by6qg/multiqc_data/multiqc_data.json' to '/data/multiqc_data'
[2019-11-19 13:21:24,734] multiqc                                            [DEBUG  ]  Moving data file from '/tmp/tmp704by6qg/multiqc_data/multiqc_sources.txt' to '/data/multiqc_data'
[2019-11-19 13:21:24,868] multiqc                                            [INFO   ]  MultiQC complete
