[2019-11-19 11:24:02,734] multiqc                                            [DEBUG  ]  No MultiQC config found: /usr/lib/python3.6/site-packages/multiqc-1.7-py3.6.egg/multiqc_config.yaml
[2019-11-19 11:24:02,734] multiqc                                            [DEBUG  ]  No MultiQC config found: /root/.multiqc_config.yaml
[2019-11-19 11:24:02,734] multiqc                                            [DEBUG  ]  No MultiQC config found: multiqc_config.yaml
[2019-11-19 11:24:02,734] multiqc                                            [DEBUG  ]  Command used: /usr/bin/multiqc /data/HG00130.unmapped.SOLID.bfast.GBR.low_coverage.20101123_fastqc.zip -o /data
[2019-11-19 11:24:04,826] multiqc                                            [DEBUG  ]  Latest MultiQC version is v1.7
[2019-11-19 11:24:04,826] multiqc                                            [INFO   ]  This is MultiQC v1.7
[2019-11-19 11:24:04,827] multiqc                                            [DEBUG  ]  Command     : /usr/bin/multiqc /data/HG00130.unmapped.SOLID.bfast.GBR.low_coverage.20101123_fastqc.zip -o /data
[2019-11-19 11:24:04,827] multiqc                                            [DEBUG  ]  Working dir : /var/lib/toil/toil-9b56b740-ccba-4b13-b998-c6aabca34938-69d14ae953f0400cbe6f0dc87a7486c9/tmpsu3XcP/fadb6e2a-5839-4d94-8faa-9b77a7ae1b0c/tE0QRRm
[2019-11-19 11:24:04,827] multiqc                                            [INFO   ]  Template    : default
[2019-11-19 11:24:04,827] multiqc                                            [INFO   ]  Searching '/data/HG00130.unmapped.SOLID.bfast.GBR.low_coverage.20101123_fastqc.zip'
[2019-11-19 11:24:04,827] multiqc                                            [DEBUG  ]  Analysing modules: custom_content, conpair, peddy, methylQA, phantompeakqualtools, qualimap, preseq, quast, qorts, rna_seqc, rsem, rseqc, busco, goleft_indexcov, disambiguate, supernova, deeptools, sargasso, verifybamid, mirtrace, happy, homer, macs2, theta2, snpeff, gatk, htseq, bcftools, featureCounts, dedup, damageprofiler, picard, prokka, samblaster, samtools, bamtools, jellyfish, vcftools, longranger, stacks, bbmap, bismark, biscuit, hicexplorer, hicup, hicpro, salmon, kallisto, slamdunk, star, hisat2, tophat, bowtie2, bowtie1, kat, leehom, adapterRemoval, clipandmerge, cutadapt, flexbar, trimmomatic, skewer, sortmerna, biobloomtools, fastq_screen, afterqc, fastp, fastqc, minionqc, clusterflow, bcl2fastq, interop, flash
[2019-11-19 11:24:04,827] multiqc                                            [DEBUG  ]  Using temporary directory for creating report: /tmp/tmprkdgyigx
[2019-11-19 11:24:05,530] multiqc                                            [DEBUG  ]  No samples found: custom_content
[2019-11-19 11:24:05,534] multiqc                                            [DEBUG  ]  No samples found: conpair
[2019-11-19 11:24:05,538] multiqc                                            [DEBUG  ]  No samples found: peddy
[2019-11-19 11:24:05,542] multiqc                                            [DEBUG  ]  No samples found: methylQA
[2019-11-19 11:24:05,547] multiqc                                            [DEBUG  ]  No samples found: phantompeakqualtools
[2019-11-19 11:24:05,553] multiqc                                            [DEBUG  ]  No samples found: qualimap
[2019-11-19 11:24:05,558] multiqc                                            [DEBUG  ]  No samples found: preseq
[2019-11-19 11:24:05,562] multiqc                                            [DEBUG  ]  No samples found: quast
[2019-11-19 11:24:05,567] multiqc                                            [DEBUG  ]  No samples found: qorts
[2019-11-19 11:24:05,571] multiqc                                            [DEBUG  ]  No samples found: rna_seqc
[2019-11-19 11:24:05,576] multiqc                                            [DEBUG  ]  No samples found: rsem
[2019-11-19 11:24:05,586] multiqc                                            [DEBUG  ]  No samples found: rseqc
[2019-11-19 11:24:05,590] multiqc                                            [DEBUG  ]  No samples found: busco
[2019-11-19 11:24:05,594] multiqc                                            [DEBUG  ]  No samples found: goleft_indexcov
[2019-11-19 11:24:05,598] multiqc                                            [DEBUG  ]  No samples found: disambiguate
[2019-11-19 11:24:05,603] multiqc                                            [DEBUG  ]  No samples found: supernova
[2019-11-19 11:24:05,612] multiqc                                            [DEBUG  ]  No samples found: deeptools
[2019-11-19 11:24:05,616] multiqc                                            [DEBUG  ]  No samples found: sargasso
[2019-11-19 11:24:05,620] multiqc                                            [DEBUG  ]  No samples found: verifybamid
[2019-11-19 11:24:05,624] multiqc                                            [DEBUG  ]  No samples found: mirtrace
[2019-11-19 11:24:05,628] multiqc                                            [DEBUG  ]  No samples found: happy
[2019-11-19 11:24:05,634] multiqc                                            [DEBUG  ]  No samples found: homer
[2019-11-19 11:24:05,638] multiqc                                            [DEBUG  ]  No samples found: macs2
[2019-11-19 11:24:05,642] multiqc                                            [DEBUG  ]  No samples found: theta2
[2019-11-19 11:24:05,646] multiqc                                            [DEBUG  ]  No samples found: snpeff
[2019-11-19 11:24:05,653] multiqc                                            [DEBUG  ]  No samples found: gatk
[2019-11-19 11:24:05,657] multiqc                                            [DEBUG  ]  No samples found: htseq
[2019-11-19 11:24:05,662] multiqc                                            [DEBUG  ]  No samples found: bcftools
[2019-11-19 11:24:05,666] multiqc                                            [DEBUG  ]  No samples found: featureCounts
[2019-11-19 11:24:05,670] multiqc                                            [DEBUG  ]  No samples found: dedup
[2019-11-19 11:24:05,674] multiqc                                            [DEBUG  ]  No samples found: damageprofiler
[2019-11-19 11:24:05,686] multiqc                                            [DEBUG  ]  No samples found: picard
[2019-11-19 11:24:05,690] multiqc                                            [DEBUG  ]  No samples found: prokka
[2019-11-19 11:24:05,694] multiqc                                            [DEBUG  ]  No samples found: samblaster
[2019-11-19 11:24:05,701] multiqc                                            [DEBUG  ]  No samples found: samtools
[2019-11-19 11:24:05,706] multiqc                                            [DEBUG  ]  No samples found: bamtools
[2019-11-19 11:24:05,711] multiqc                                            [DEBUG  ]  No samples found: jellyfish
[2019-11-19 11:24:05,718] multiqc                                            [DEBUG  ]  No samples found: vcftools
[2019-11-19 11:24:05,722] multiqc                                            [DEBUG  ]  No samples found: longranger
[2019-11-19 11:24:05,726] multiqc                                            [DEBUG  ]  No samples found: stacks
[2019-11-19 11:24:05,737] multiqc                                            [DEBUG  ]  No samples found: bbmap
[2019-11-19 11:24:05,741] multiqc                                            [DEBUG  ]  No samples found: bismark
[2019-11-19 11:24:05,747] multiqc                                            [DEBUG  ]  No samples found: biscuit
[2019-11-19 11:24:05,751] multiqc                                            [DEBUG  ]  No samples found: hicexplorer
[2019-11-19 11:24:05,756] multiqc                                            [DEBUG  ]  No samples found: hicup
[2019-11-19 11:24:05,760] multiqc                                            [DEBUG  ]  No samples found: hicpro
[2019-11-19 11:24:05,764] multiqc                                            [DEBUG  ]  No samples found: salmon
[2019-11-19 11:24:05,768] multiqc                                            [DEBUG  ]  No samples found: kallisto
[2019-11-19 11:24:05,773] multiqc                                            [DEBUG  ]  No samples found: slamdunk
[2019-11-19 11:24:05,777] multiqc                                            [DEBUG  ]  No samples found: star
[2019-11-19 11:24:05,781] multiqc                                            [DEBUG  ]  No samples found: hisat2
[2019-11-19 11:24:05,786] multiqc                                            [DEBUG  ]  No samples found: tophat
[2019-11-19 11:24:05,790] multiqc                                            [DEBUG  ]  No samples found: bowtie2
[2019-11-19 11:24:05,794] multiqc                                            [DEBUG  ]  No samples found: bowtie1
[2019-11-19 11:24:05,798] multiqc                                            [DEBUG  ]  No samples found: kat
[2019-11-19 11:24:05,802] multiqc                                            [DEBUG  ]  No samples found: leehom
[2019-11-19 11:24:05,806] multiqc                                            [DEBUG  ]  No samples found: adapterRemoval
[2019-11-19 11:24:05,810] multiqc                                            [DEBUG  ]  No samples found: clipandmerge
[2019-11-19 11:24:05,814] multiqc                                            [DEBUG  ]  No samples found: cutadapt
[2019-11-19 11:24:05,819] multiqc                                            [DEBUG  ]  No samples found: flexbar
[2019-11-19 11:24:05,823] multiqc                                            [DEBUG  ]  No samples found: trimmomatic
[2019-11-19 11:24:05,828] multiqc                                            [DEBUG  ]  No samples found: skewer
[2019-11-19 11:24:05,832] multiqc                                            [DEBUG  ]  No samples found: sortmerna
[2019-11-19 11:24:05,836] multiqc                                            [DEBUG  ]  No samples found: biobloomtools
[2019-11-19 11:24:05,840] multiqc                                            [DEBUG  ]  No samples found: fastq_screen
[2019-11-19 11:24:05,845] multiqc                                            [DEBUG  ]  No samples found: afterqc
[2019-11-19 11:24:05,849] multiqc                                            [DEBUG  ]  No samples found: fastp
[2019-11-19 11:24:05,858] multiqc.modules.fastqc.fastqc                      [INFO   ]  Found 1 reports
[2019-11-19 11:24:05,902] multiqc                                            [DEBUG  ]  No samples found: minionqc
[2019-11-19 11:24:05,906] multiqc                                            [DEBUG  ]  No samples found: clusterflow
[2019-11-19 11:24:05,910] multiqc                                            [DEBUG  ]  No samples found: bcl2fastq
[2019-11-19 11:24:05,914] multiqc                                            [DEBUG  ]  No samples found: interop
[2019-11-19 11:24:05,918] multiqc                                            [DEBUG  ]  No samples found: flash
[2019-11-19 11:24:05,921] multiqc                                            [INFO   ]  Compressing plot data
[2019-11-19 11:24:05,947] multiqc                                            [INFO   ]  Report      : ../../../../../../../data/multiqc_report.html
[2019-11-19 11:24:05,947] multiqc                                            [INFO   ]  Data        : ../../../../../../../data/multiqc_data
[2019-11-19 11:24:05,947] multiqc                                            [DEBUG  ]  Moving data file from '/tmp/tmprkdgyigx/multiqc_data/multiqc_general_stats.txt' to '/data/multiqc_data'
[2019-11-19 11:24:05,947] multiqc                                            [DEBUG  ]  Moving data file from '/tmp/tmprkdgyigx/multiqc_data/multiqc_fastqc.txt' to '/data/multiqc_data'
[2019-11-19 11:24:05,948] multiqc                                            [DEBUG  ]  Moving data file from '/tmp/tmprkdgyigx/multiqc_data/multiqc_data.json' to '/data/multiqc_data'
[2019-11-19 11:24:05,948] multiqc                                            [DEBUG  ]  Moving data file from '/tmp/tmprkdgyigx/multiqc_data/multiqc_sources.txt' to '/data/multiqc_data'
[2019-11-19 11:24:06,081] multiqc                                            [INFO   ]  MultiQC complete
