[2019-11-19 15:05:03,897] multiqc                                            [DEBUG  ]  No MultiQC config found: /usr/lib/python3.6/site-packages/multiqc-1.7-py3.6.egg/multiqc_config.yaml
[2019-11-19 15:05:03,897] multiqc                                            [DEBUG  ]  No MultiQC config found: /root/.multiqc_config.yaml
[2019-11-19 15:05:03,897] multiqc                                            [DEBUG  ]  No MultiQC config found: multiqc_config.yaml
[2019-11-19 15:05:03,897] multiqc                                            [DEBUG  ]  Command used: /usr/bin/multiqc /data/HG00254.unmapped.ILLUMINA.bwa.GBR.low_coverage.20101123_fastqc.zip -o /data
[2019-11-19 15:05:05,713] multiqc                                            [DEBUG  ]  Latest MultiQC version is v1.7
[2019-11-19 15:05:05,713] multiqc                                            [INFO   ]  This is MultiQC v1.7
[2019-11-19 15:05:05,713] multiqc                                            [DEBUG  ]  Command     : /usr/bin/multiqc /data/HG00254.unmapped.ILLUMINA.bwa.GBR.low_coverage.20101123_fastqc.zip -o /data
[2019-11-19 15:05:05,713] multiqc                                            [DEBUG  ]  Working dir : /var/lib/toil/toil-9b56b740-ccba-4b13-b998-c6aabca34938-69d14ae953f0400cbe6f0dc87a7486c9/tmp8lOf4u/86091e08-48b4-4639-9c33-1fe0d0b73202/tG2iaF3
[2019-11-19 15:05:05,713] multiqc                                            [INFO   ]  Template    : default
[2019-11-19 15:05:05,713] multiqc                                            [INFO   ]  Searching '/data/HG00254.unmapped.ILLUMINA.bwa.GBR.low_coverage.20101123_fastqc.zip'
[2019-11-19 15:05:05,714] multiqc                                            [DEBUG  ]  Analysing modules: custom_content, conpair, peddy, methylQA, phantompeakqualtools, qualimap, preseq, quast, qorts, rna_seqc, rsem, rseqc, busco, goleft_indexcov, disambiguate, supernova, deeptools, sargasso, verifybamid, mirtrace, happy, homer, macs2, theta2, snpeff, gatk, htseq, bcftools, featureCounts, dedup, damageprofiler, picard, prokka, samblaster, samtools, bamtools, jellyfish, vcftools, longranger, stacks, bbmap, bismark, biscuit, hicexplorer, hicup, hicpro, salmon, kallisto, slamdunk, star, hisat2, tophat, bowtie2, bowtie1, kat, leehom, adapterRemoval, clipandmerge, cutadapt, flexbar, trimmomatic, skewer, sortmerna, biobloomtools, fastq_screen, afterqc, fastp, fastqc, minionqc, clusterflow, bcl2fastq, interop, flash
[2019-11-19 15:05:05,714] multiqc                                            [DEBUG  ]  Using temporary directory for creating report: /tmp/tmp_nvgir53
[2019-11-19 15:05:06,348] multiqc                                            [DEBUG  ]  No samples found: custom_content
[2019-11-19 15:05:06,352] multiqc                                            [DEBUG  ]  No samples found: conpair
[2019-11-19 15:05:06,357] multiqc                                            [DEBUG  ]  No samples found: peddy
[2019-11-19 15:05:06,361] multiqc                                            [DEBUG  ]  No samples found: methylQA
[2019-11-19 15:05:06,367] multiqc                                            [DEBUG  ]  No samples found: phantompeakqualtools
[2019-11-19 15:05:06,372] multiqc                                            [DEBUG  ]  No samples found: qualimap
[2019-11-19 15:05:06,377] multiqc                                            [DEBUG  ]  No samples found: preseq
[2019-11-19 15:05:06,382] multiqc                                            [DEBUG  ]  No samples found: quast
[2019-11-19 15:05:06,386] multiqc                                            [DEBUG  ]  No samples found: qorts
[2019-11-19 15:05:06,390] multiqc                                            [DEBUG  ]  No samples found: rna_seqc
[2019-11-19 15:05:06,394] multiqc                                            [DEBUG  ]  No samples found: rsem
[2019-11-19 15:05:06,401] multiqc                                            [DEBUG  ]  No samples found: rseqc
[2019-11-19 15:05:06,405] multiqc                                            [DEBUG  ]  No samples found: busco
[2019-11-19 15:05:06,408] multiqc                                            [DEBUG  ]  No samples found: goleft_indexcov
[2019-11-19 15:05:06,413] multiqc                                            [DEBUG  ]  No samples found: disambiguate
[2019-11-19 15:05:06,417] multiqc                                            [DEBUG  ]  No samples found: supernova
[2019-11-19 15:05:06,425] multiqc                                            [DEBUG  ]  No samples found: deeptools
[2019-11-19 15:05:06,429] multiqc                                            [DEBUG  ]  No samples found: sargasso
[2019-11-19 15:05:06,433] multiqc                                            [DEBUG  ]  No samples found: verifybamid
[2019-11-19 15:05:06,436] multiqc                                            [DEBUG  ]  No samples found: mirtrace
[2019-11-19 15:05:06,440] multiqc                                            [DEBUG  ]  No samples found: happy
[2019-11-19 15:05:06,445] multiqc                                            [DEBUG  ]  No samples found: homer
[2019-11-19 15:05:06,448] multiqc                                            [DEBUG  ]  No samples found: macs2
[2019-11-19 15:05:06,452] multiqc                                            [DEBUG  ]  No samples found: theta2
[2019-11-19 15:05:06,456] multiqc                                            [DEBUG  ]  No samples found: snpeff
[2019-11-19 15:05:06,461] multiqc                                            [DEBUG  ]  No samples found: gatk
[2019-11-19 15:05:06,465] multiqc                                            [DEBUG  ]  No samples found: htseq
[2019-11-19 15:05:06,469] multiqc                                            [DEBUG  ]  No samples found: bcftools
[2019-11-19 15:05:06,472] multiqc                                            [DEBUG  ]  No samples found: featureCounts
[2019-11-19 15:05:06,476] multiqc                                            [DEBUG  ]  No samples found: dedup
[2019-11-19 15:05:06,480] multiqc                                            [DEBUG  ]  No samples found: damageprofiler
[2019-11-19 15:05:06,489] multiqc                                            [DEBUG  ]  No samples found: picard
[2019-11-19 15:05:06,493] multiqc                                            [DEBUG  ]  No samples found: prokka
[2019-11-19 15:05:06,497] multiqc                                            [DEBUG  ]  No samples found: samblaster
[2019-11-19 15:05:06,503] multiqc                                            [DEBUG  ]  No samples found: samtools
[2019-11-19 15:05:06,507] multiqc                                            [DEBUG  ]  No samples found: bamtools
[2019-11-19 15:05:06,512] multiqc                                            [DEBUG  ]  No samples found: jellyfish
[2019-11-19 15:05:06,518] multiqc                                            [DEBUG  ]  No samples found: vcftools
[2019-11-19 15:05:06,523] multiqc                                            [DEBUG  ]  No samples found: longranger
[2019-11-19 15:05:06,526] multiqc                                            [DEBUG  ]  No samples found: stacks
[2019-11-19 15:05:06,535] multiqc                                            [DEBUG  ]  No samples found: bbmap
[2019-11-19 15:05:06,539] multiqc                                            [DEBUG  ]  No samples found: bismark
[2019-11-19 15:05:06,544] multiqc                                            [DEBUG  ]  No samples found: biscuit
[2019-11-19 15:05:06,547] multiqc                                            [DEBUG  ]  No samples found: hicexplorer
[2019-11-19 15:05:06,552] multiqc                                            [DEBUG  ]  No samples found: hicup
[2019-11-19 15:05:06,556] multiqc                                            [DEBUG  ]  No samples found: hicpro
[2019-11-19 15:05:06,560] multiqc                                            [DEBUG  ]  No samples found: salmon
[2019-11-19 15:05:06,563] multiqc                                            [DEBUG  ]  No samples found: kallisto
[2019-11-19 15:05:06,567] multiqc                                            [DEBUG  ]  No samples found: slamdunk
[2019-11-19 15:05:06,571] multiqc                                            [DEBUG  ]  No samples found: star
[2019-11-19 15:05:06,574] multiqc                                            [DEBUG  ]  No samples found: hisat2
[2019-11-19 15:05:06,578] multiqc                                            [DEBUG  ]  No samples found: tophat
[2019-11-19 15:05:06,582] multiqc                                            [DEBUG  ]  No samples found: bowtie2
[2019-11-19 15:05:06,585] multiqc                                            [DEBUG  ]  No samples found: bowtie1
[2019-11-19 15:05:06,589] multiqc                                            [DEBUG  ]  No samples found: kat
[2019-11-19 15:05:06,593] multiqc                                            [DEBUG  ]  No samples found: leehom
[2019-11-19 15:05:06,596] multiqc                                            [DEBUG  ]  No samples found: adapterRemoval
[2019-11-19 15:05:06,600] multiqc                                            [DEBUG  ]  No samples found: clipandmerge
[2019-11-19 15:05:06,603] multiqc                                            [DEBUG  ]  No samples found: cutadapt
[2019-11-19 15:05:06,607] multiqc                                            [DEBUG  ]  No samples found: flexbar
[2019-11-19 15:05:06,611] multiqc                                            [DEBUG  ]  No samples found: trimmomatic
[2019-11-19 15:05:06,614] multiqc                                            [DEBUG  ]  No samples found: skewer
[2019-11-19 15:05:06,618] multiqc                                            [DEBUG  ]  No samples found: sortmerna
[2019-11-19 15:05:06,622] multiqc                                            [DEBUG  ]  No samples found: biobloomtools
[2019-11-19 15:05:06,625] multiqc                                            [DEBUG  ]  No samples found: fastq_screen
[2019-11-19 15:05:06,629] multiqc                                            [DEBUG  ]  No samples found: afterqc
[2019-11-19 15:05:06,633] multiqc                                            [DEBUG  ]  No samples found: fastp
[2019-11-19 15:05:06,640] multiqc.modules.fastqc.fastqc                      [INFO   ]  Found 1 reports
[2019-11-19 15:05:06,699] multiqc                                            [DEBUG  ]  No samples found: minionqc
[2019-11-19 15:05:06,703] multiqc                                            [DEBUG  ]  No samples found: clusterflow
[2019-11-19 15:05:06,706] multiqc                                            [DEBUG  ]  No samples found: bcl2fastq
[2019-11-19 15:05:06,710] multiqc                                            [DEBUG  ]  No samples found: interop
[2019-11-19 15:05:06,714] multiqc                                            [DEBUG  ]  No samples found: flash
[2019-11-19 15:05:06,717] multiqc                                            [INFO   ]  Compressing plot data
[2019-11-19 15:05:06,745] multiqc                                            [INFO   ]  Report      : ../../../../../../../data/multiqc_report.html
[2019-11-19 15:05:06,746] multiqc                                            [INFO   ]  Data        : ../../../../../../../data/multiqc_data
[2019-11-19 15:05:06,746] multiqc                                            [DEBUG  ]  Moving data file from '/tmp/tmp_nvgir53/multiqc_data/multiqc_general_stats.txt' to '/data/multiqc_data'
[2019-11-19 15:05:06,746] multiqc                                            [DEBUG  ]  Moving data file from '/tmp/tmp_nvgir53/multiqc_data/multiqc_fastqc.txt' to '/data/multiqc_data'
[2019-11-19 15:05:06,746] multiqc                                            [DEBUG  ]  Moving data file from '/tmp/tmp_nvgir53/multiqc_data/multiqc_data.json' to '/data/multiqc_data'
[2019-11-19 15:05:06,747] multiqc                                            [DEBUG  ]  Moving data file from '/tmp/tmp_nvgir53/multiqc_data/multiqc_sources.txt' to '/data/multiqc_data'
[2019-11-19 15:05:06,871] multiqc                                            [INFO   ]  MultiQC complete
