[2019-11-19 17:08:00,374] multiqc                                            [DEBUG  ]  No MultiQC config found: /usr/lib/python3.6/site-packages/multiqc-1.7-py3.6.egg/multiqc_config.yaml
[2019-11-19 17:08:00,374] multiqc                                            [DEBUG  ]  No MultiQC config found: /root/.multiqc_config.yaml
[2019-11-19 17:08:00,374] multiqc                                            [DEBUG  ]  No MultiQC config found: multiqc_config.yaml
[2019-11-19 17:08:00,374] multiqc                                            [DEBUG  ]  Command used: /usr/bin/multiqc /data/HG00251.mapped.ILLUMINA.bwa.GBR.low_coverage.20101123_fastqc.zip -o /data
[2019-11-19 17:08:02,350] multiqc                                            [DEBUG  ]  Latest MultiQC version is v1.7
[2019-11-19 17:08:02,350] multiqc                                            [INFO   ]  This is MultiQC v1.7
[2019-11-19 17:08:02,350] multiqc                                            [DEBUG  ]  Command     : /usr/bin/multiqc /data/HG00251.mapped.ILLUMINA.bwa.GBR.low_coverage.20101123_fastqc.zip -o /data
[2019-11-19 17:08:02,350] multiqc                                            [DEBUG  ]  Working dir : /var/lib/toil/toil-9b56b740-ccba-4b13-b998-c6aabca34938-69d14ae953f0400cbe6f0dc87a7486c9/tmp28ID1K/23d3ec0d-bf29-454f-900c-b24c3d6bf136/tNtLNpb
[2019-11-19 17:08:02,350] multiqc                                            [INFO   ]  Template    : default
[2019-11-19 17:08:02,350] multiqc                                            [INFO   ]  Searching '/data/HG00251.mapped.ILLUMINA.bwa.GBR.low_coverage.20101123_fastqc.zip'
[2019-11-19 17:08:02,351] multiqc                                            [DEBUG  ]  Analysing modules: custom_content, conpair, peddy, methylQA, phantompeakqualtools, qualimap, preseq, quast, qorts, rna_seqc, rsem, rseqc, busco, goleft_indexcov, disambiguate, supernova, deeptools, sargasso, verifybamid, mirtrace, happy, homer, macs2, theta2, snpeff, gatk, htseq, bcftools, featureCounts, dedup, damageprofiler, picard, prokka, samblaster, samtools, bamtools, jellyfish, vcftools, longranger, stacks, bbmap, bismark, biscuit, hicexplorer, hicup, hicpro, salmon, kallisto, slamdunk, star, hisat2, tophat, bowtie2, bowtie1, kat, leehom, adapterRemoval, clipandmerge, cutadapt, flexbar, trimmomatic, skewer, sortmerna, biobloomtools, fastq_screen, afterqc, fastp, fastqc, minionqc, clusterflow, bcl2fastq, interop, flash
[2019-11-19 17:08:02,351] multiqc                                            [DEBUG  ]  Using temporary directory for creating report: /tmp/tmpjn54cyj5
[2019-11-19 17:08:03,050] multiqc                                            [DEBUG  ]  No samples found: custom_content
[2019-11-19 17:08:03,054] multiqc                                            [DEBUG  ]  No samples found: conpair
[2019-11-19 17:08:03,059] multiqc                                            [DEBUG  ]  No samples found: peddy
[2019-11-19 17:08:03,063] multiqc                                            [DEBUG  ]  No samples found: methylQA
[2019-11-19 17:08:03,067] multiqc                                            [DEBUG  ]  No samples found: phantompeakqualtools
[2019-11-19 17:08:03,072] multiqc                                            [DEBUG  ]  No samples found: qualimap
[2019-11-19 17:08:03,077] multiqc                                            [DEBUG  ]  No samples found: preseq
[2019-11-19 17:08:03,081] multiqc                                            [DEBUG  ]  No samples found: quast
[2019-11-19 17:08:03,085] multiqc                                            [DEBUG  ]  No samples found: qorts
[2019-11-19 17:08:03,089] multiqc                                            [DEBUG  ]  No samples found: rna_seqc
[2019-11-19 17:08:03,094] multiqc                                            [DEBUG  ]  No samples found: rsem
[2019-11-19 17:08:03,104] multiqc                                            [DEBUG  ]  No samples found: rseqc
[2019-11-19 17:08:03,110] multiqc                                            [DEBUG  ]  No samples found: busco
[2019-11-19 17:08:03,115] multiqc                                            [DEBUG  ]  No samples found: goleft_indexcov
[2019-11-19 17:08:03,119] multiqc                                            [DEBUG  ]  No samples found: disambiguate
[2019-11-19 17:08:03,123] multiqc                                            [DEBUG  ]  No samples found: supernova
[2019-11-19 17:08:03,132] multiqc                                            [DEBUG  ]  No samples found: deeptools
[2019-11-19 17:08:03,136] multiqc                                            [DEBUG  ]  No samples found: sargasso
[2019-11-19 17:08:03,141] multiqc                                            [DEBUG  ]  No samples found: verifybamid
[2019-11-19 17:08:03,145] multiqc                                            [DEBUG  ]  No samples found: mirtrace
[2019-11-19 17:08:03,149] multiqc                                            [DEBUG  ]  No samples found: happy
[2019-11-19 17:08:03,154] multiqc                                            [DEBUG  ]  No samples found: homer
[2019-11-19 17:08:03,158] multiqc                                            [DEBUG  ]  No samples found: macs2
[2019-11-19 17:08:03,162] multiqc                                            [DEBUG  ]  No samples found: theta2
[2019-11-19 17:08:03,167] multiqc                                            [DEBUG  ]  No samples found: snpeff
[2019-11-19 17:08:03,172] multiqc                                            [DEBUG  ]  No samples found: gatk
[2019-11-19 17:08:03,176] multiqc                                            [DEBUG  ]  No samples found: htseq
[2019-11-19 17:08:03,181] multiqc                                            [DEBUG  ]  No samples found: bcftools
[2019-11-19 17:08:03,185] multiqc                                            [DEBUG  ]  No samples found: featureCounts
[2019-11-19 17:08:03,189] multiqc                                            [DEBUG  ]  No samples found: dedup
[2019-11-19 17:08:03,193] multiqc                                            [DEBUG  ]  No samples found: damageprofiler
[2019-11-19 17:08:03,204] multiqc                                            [DEBUG  ]  No samples found: picard
[2019-11-19 17:08:03,208] multiqc                                            [DEBUG  ]  No samples found: prokka
[2019-11-19 17:08:03,212] multiqc                                            [DEBUG  ]  No samples found: samblaster
[2019-11-19 17:08:03,219] multiqc                                            [DEBUG  ]  No samples found: samtools
[2019-11-19 17:08:03,223] multiqc                                            [DEBUG  ]  No samples found: bamtools
[2019-11-19 17:08:03,228] multiqc                                            [DEBUG  ]  No samples found: jellyfish
[2019-11-19 17:08:03,234] multiqc                                            [DEBUG  ]  No samples found: vcftools
[2019-11-19 17:08:03,239] multiqc                                            [DEBUG  ]  No samples found: longranger
[2019-11-19 17:08:03,244] multiqc                                            [DEBUG  ]  No samples found: stacks
[2019-11-19 17:08:03,255] multiqc                                            [DEBUG  ]  No samples found: bbmap
[2019-11-19 17:08:03,259] multiqc                                            [DEBUG  ]  No samples found: bismark
[2019-11-19 17:08:03,264] multiqc                                            [DEBUG  ]  No samples found: biscuit
[2019-11-19 17:08:03,268] multiqc                                            [DEBUG  ]  No samples found: hicexplorer
[2019-11-19 17:08:03,272] multiqc                                            [DEBUG  ]  No samples found: hicup
[2019-11-19 17:08:03,277] multiqc                                            [DEBUG  ]  No samples found: hicpro
[2019-11-19 17:08:03,281] multiqc                                            [DEBUG  ]  No samples found: salmon
[2019-11-19 17:08:03,285] multiqc                                            [DEBUG  ]  No samples found: kallisto
[2019-11-19 17:08:03,290] multiqc                                            [DEBUG  ]  No samples found: slamdunk
[2019-11-19 17:08:03,294] multiqc                                            [DEBUG  ]  No samples found: star
[2019-11-19 17:08:03,298] multiqc                                            [DEBUG  ]  No samples found: hisat2
[2019-11-19 17:08:03,303] multiqc                                            [DEBUG  ]  No samples found: tophat
[2019-11-19 17:08:03,307] multiqc                                            [DEBUG  ]  No samples found: bowtie2
[2019-11-19 17:08:03,311] multiqc                                            [DEBUG  ]  No samples found: bowtie1
[2019-11-19 17:08:03,315] multiqc                                            [DEBUG  ]  No samples found: kat
[2019-11-19 17:08:03,319] multiqc                                            [DEBUG  ]  No samples found: leehom
[2019-11-19 17:08:03,323] multiqc                                            [DEBUG  ]  No samples found: adapterRemoval
[2019-11-19 17:08:03,327] multiqc                                            [DEBUG  ]  No samples found: clipandmerge
[2019-11-19 17:08:03,331] multiqc                                            [DEBUG  ]  No samples found: cutadapt
[2019-11-19 17:08:03,335] multiqc                                            [DEBUG  ]  No samples found: flexbar
[2019-11-19 17:08:03,339] multiqc                                            [DEBUG  ]  No samples found: trimmomatic
[2019-11-19 17:08:03,344] multiqc                                            [DEBUG  ]  No samples found: skewer
[2019-11-19 17:08:03,348] multiqc                                            [DEBUG  ]  No samples found: sortmerna
[2019-11-19 17:08:03,352] multiqc                                            [DEBUG  ]  No samples found: biobloomtools
[2019-11-19 17:08:03,356] multiqc                                            [DEBUG  ]  No samples found: fastq_screen
[2019-11-19 17:08:03,360] multiqc                                            [DEBUG  ]  No samples found: afterqc
[2019-11-19 17:08:03,364] multiqc                                            [DEBUG  ]  No samples found: fastp
[2019-11-19 17:08:03,373] multiqc.modules.fastqc.fastqc                      [INFO   ]  Found 1 reports
[2019-11-19 17:08:03,429] multiqc                                            [DEBUG  ]  No samples found: minionqc
[2019-11-19 17:08:03,434] multiqc                                            [DEBUG  ]  No samples found: clusterflow
[2019-11-19 17:08:03,438] multiqc                                            [DEBUG  ]  No samples found: bcl2fastq
[2019-11-19 17:08:03,442] multiqc                                            [DEBUG  ]  No samples found: interop
[2019-11-19 17:08:03,446] multiqc                                            [DEBUG  ]  No samples found: flash
[2019-11-19 17:08:03,449] multiqc                                            [INFO   ]  Compressing plot data
[2019-11-19 17:08:03,479] multiqc                                            [INFO   ]  Report      : ../../../../../../../data/multiqc_report.html
[2019-11-19 17:08:03,479] multiqc                                            [INFO   ]  Data        : ../../../../../../../data/multiqc_data
[2019-11-19 17:08:03,479] multiqc                                            [DEBUG  ]  Moving data file from '/tmp/tmpjn54cyj5/multiqc_data/multiqc_general_stats.txt' to '/data/multiqc_data'
[2019-11-19 17:08:03,480] multiqc                                            [DEBUG  ]  Moving data file from '/tmp/tmpjn54cyj5/multiqc_data/multiqc_fastqc.txt' to '/data/multiqc_data'
[2019-11-19 17:08:03,480] multiqc                                            [DEBUG  ]  Moving data file from '/tmp/tmpjn54cyj5/multiqc_data/multiqc_data.json' to '/data/multiqc_data'
[2019-11-19 17:08:03,480] multiqc                                            [DEBUG  ]  Moving data file from '/tmp/tmpjn54cyj5/multiqc_data/multiqc_sources.txt' to '/data/multiqc_data'
[2019-11-19 17:08:03,611] multiqc                                            [INFO   ]  MultiQC complete
