[2019-11-19 12:11:27,916] multiqc                                            [DEBUG  ]  No MultiQC config found: /usr/lib/python3.6/site-packages/multiqc-1.7-py3.6.egg/multiqc_config.yaml
[2019-11-19 12:11:27,916] multiqc                                            [DEBUG  ]  No MultiQC config found: /root/.multiqc_config.yaml
[2019-11-19 12:11:27,916] multiqc                                            [DEBUG  ]  No MultiQC config found: multiqc_config.yaml
[2019-11-19 12:11:27,916] multiqc                                            [DEBUG  ]  Command used: /usr/bin/multiqc /data/HG00139.mapped.ILLUMINA.bwa.GBR.low_coverage.20101123_fastqc.zip -o /data
[2019-11-19 12:11:29,868] multiqc                                            [DEBUG  ]  Latest MultiQC version is v1.7
[2019-11-19 12:11:29,868] multiqc                                            [INFO   ]  This is MultiQC v1.7
[2019-11-19 12:11:29,869] multiqc                                            [DEBUG  ]  Command     : /usr/bin/multiqc /data/HG00139.mapped.ILLUMINA.bwa.GBR.low_coverage.20101123_fastqc.zip -o /data
[2019-11-19 12:11:29,869] multiqc                                            [DEBUG  ]  Working dir : /var/lib/toil/toil-9b56b740-ccba-4b13-b998-c6aabca34938-69d14ae953f0400cbe6f0dc87a7486c9/tmpWrMzo8/7ef19444-3a65-46a4-8ef3-dc6dbc6c0899/t_ZRCBQ
[2019-11-19 12:11:29,869] multiqc                                            [INFO   ]  Template    : default
[2019-11-19 12:11:29,869] multiqc                                            [INFO   ]  Searching '/data/HG00139.mapped.ILLUMINA.bwa.GBR.low_coverage.20101123_fastqc.zip'
[2019-11-19 12:11:29,869] multiqc                                            [DEBUG  ]  Analysing modules: custom_content, conpair, peddy, methylQA, phantompeakqualtools, qualimap, preseq, quast, qorts, rna_seqc, rsem, rseqc, busco, goleft_indexcov, disambiguate, supernova, deeptools, sargasso, verifybamid, mirtrace, happy, homer, macs2, theta2, snpeff, gatk, htseq, bcftools, featureCounts, dedup, damageprofiler, picard, prokka, samblaster, samtools, bamtools, jellyfish, vcftools, longranger, stacks, bbmap, bismark, biscuit, hicexplorer, hicup, hicpro, salmon, kallisto, slamdunk, star, hisat2, tophat, bowtie2, bowtie1, kat, leehom, adapterRemoval, clipandmerge, cutadapt, flexbar, trimmomatic, skewer, sortmerna, biobloomtools, fastq_screen, afterqc, fastp, fastqc, minionqc, clusterflow, bcl2fastq, interop, flash
[2019-11-19 12:11:29,870] multiqc                                            [DEBUG  ]  Using temporary directory for creating report: /tmp/tmpmhakv0w1
[2019-11-19 12:11:30,666] multiqc                                            [DEBUG  ]  No samples found: custom_content
[2019-11-19 12:11:30,671] multiqc                                            [DEBUG  ]  No samples found: conpair
[2019-11-19 12:11:30,675] multiqc                                            [DEBUG  ]  No samples found: peddy
[2019-11-19 12:11:30,681] multiqc                                            [DEBUG  ]  No samples found: methylQA
[2019-11-19 12:11:30,686] multiqc                                            [DEBUG  ]  No samples found: phantompeakqualtools
[2019-11-19 12:11:30,691] multiqc                                            [DEBUG  ]  No samples found: qualimap
[2019-11-19 12:11:30,696] multiqc                                            [DEBUG  ]  No samples found: preseq
[2019-11-19 12:11:30,701] multiqc                                            [DEBUG  ]  No samples found: quast
[2019-11-19 12:11:30,705] multiqc                                            [DEBUG  ]  No samples found: qorts
[2019-11-19 12:11:30,711] multiqc                                            [DEBUG  ]  No samples found: rna_seqc
[2019-11-19 12:11:30,715] multiqc                                            [DEBUG  ]  No samples found: rsem
[2019-11-19 12:11:30,724] multiqc                                            [DEBUG  ]  No samples found: rseqc
[2019-11-19 12:11:30,729] multiqc                                            [DEBUG  ]  No samples found: busco
[2019-11-19 12:11:30,733] multiqc                                            [DEBUG  ]  No samples found: goleft_indexcov
[2019-11-19 12:11:30,738] multiqc                                            [DEBUG  ]  No samples found: disambiguate
[2019-11-19 12:11:30,743] multiqc                                            [DEBUG  ]  No samples found: supernova
[2019-11-19 12:11:30,752] multiqc                                            [DEBUG  ]  No samples found: deeptools
[2019-11-19 12:11:30,757] multiqc                                            [DEBUG  ]  No samples found: sargasso
[2019-11-19 12:11:30,761] multiqc                                            [DEBUG  ]  No samples found: verifybamid
[2019-11-19 12:11:30,766] multiqc                                            [DEBUG  ]  No samples found: mirtrace
[2019-11-19 12:11:30,770] multiqc                                            [DEBUG  ]  No samples found: happy
[2019-11-19 12:11:30,776] multiqc                                            [DEBUG  ]  No samples found: homer
[2019-11-19 12:11:30,780] multiqc                                            [DEBUG  ]  No samples found: macs2
[2019-11-19 12:11:30,785] multiqc                                            [DEBUG  ]  No samples found: theta2
[2019-11-19 12:11:30,789] multiqc                                            [DEBUG  ]  No samples found: snpeff
[2019-11-19 12:11:30,795] multiqc                                            [DEBUG  ]  No samples found: gatk
[2019-11-19 12:11:30,800] multiqc                                            [DEBUG  ]  No samples found: htseq
[2019-11-19 12:11:30,805] multiqc                                            [DEBUG  ]  No samples found: bcftools
[2019-11-19 12:11:30,809] multiqc                                            [DEBUG  ]  No samples found: featureCounts
[2019-11-19 12:11:30,814] multiqc                                            [DEBUG  ]  No samples found: dedup
[2019-11-19 12:11:30,818] multiqc                                            [DEBUG  ]  No samples found: damageprofiler
[2019-11-19 12:11:30,832] multiqc                                            [DEBUG  ]  No samples found: picard
[2019-11-19 12:11:30,836] multiqc                                            [DEBUG  ]  No samples found: prokka
[2019-11-19 12:11:30,841] multiqc                                            [DEBUG  ]  No samples found: samblaster
[2019-11-19 12:11:30,848] multiqc                                            [DEBUG  ]  No samples found: samtools
[2019-11-19 12:11:30,853] multiqc                                            [DEBUG  ]  No samples found: bamtools
[2019-11-19 12:11:30,857] multiqc                                            [DEBUG  ]  No samples found: jellyfish
[2019-11-19 12:11:30,863] multiqc                                            [DEBUG  ]  No samples found: vcftools
[2019-11-19 12:11:30,867] multiqc                                            [DEBUG  ]  No samples found: longranger
[2019-11-19 12:11:30,872] multiqc                                            [DEBUG  ]  No samples found: stacks
[2019-11-19 12:11:30,883] multiqc                                            [DEBUG  ]  No samples found: bbmap
[2019-11-19 12:11:30,888] multiqc                                            [DEBUG  ]  No samples found: bismark
[2019-11-19 12:11:30,894] multiqc                                            [DEBUG  ]  No samples found: biscuit
[2019-11-19 12:11:30,899] multiqc                                            [DEBUG  ]  No samples found: hicexplorer
[2019-11-19 12:11:30,903] multiqc                                            [DEBUG  ]  No samples found: hicup
[2019-11-19 12:11:30,907] multiqc                                            [DEBUG  ]  No samples found: hicpro
[2019-11-19 12:11:30,912] multiqc                                            [DEBUG  ]  No samples found: salmon
[2019-11-19 12:11:30,916] multiqc                                            [DEBUG  ]  No samples found: kallisto
[2019-11-19 12:11:30,921] multiqc                                            [DEBUG  ]  No samples found: slamdunk
[2019-11-19 12:11:30,925] multiqc                                            [DEBUG  ]  No samples found: star
[2019-11-19 12:11:30,930] multiqc                                            [DEBUG  ]  No samples found: hisat2
[2019-11-19 12:11:30,934] multiqc                                            [DEBUG  ]  No samples found: tophat
[2019-11-19 12:11:30,939] multiqc                                            [DEBUG  ]  No samples found: bowtie2
[2019-11-19 12:11:30,944] multiqc                                            [DEBUG  ]  No samples found: bowtie1
[2019-11-19 12:11:30,948] multiqc                                            [DEBUG  ]  No samples found: kat
[2019-11-19 12:11:30,953] multiqc                                            [DEBUG  ]  No samples found: leehom
[2019-11-19 12:11:30,957] multiqc                                            [DEBUG  ]  No samples found: adapterRemoval
[2019-11-19 12:11:30,961] multiqc                                            [DEBUG  ]  No samples found: clipandmerge
[2019-11-19 12:11:30,966] multiqc                                            [DEBUG  ]  No samples found: cutadapt
[2019-11-19 12:11:30,971] multiqc                                            [DEBUG  ]  No samples found: flexbar
[2019-11-19 12:11:30,975] multiqc                                            [DEBUG  ]  No samples found: trimmomatic
[2019-11-19 12:11:30,980] multiqc                                            [DEBUG  ]  No samples found: skewer
[2019-11-19 12:11:30,985] multiqc                                            [DEBUG  ]  No samples found: sortmerna
[2019-11-19 12:11:30,990] multiqc                                            [DEBUG  ]  No samples found: biobloomtools
[2019-11-19 12:11:30,995] multiqc                                            [DEBUG  ]  No samples found: fastq_screen
[2019-11-19 12:11:30,999] multiqc                                            [DEBUG  ]  No samples found: afterqc
[2019-11-19 12:11:31,004] multiqc                                            [DEBUG  ]  No samples found: fastp
[2019-11-19 12:11:31,013] multiqc.modules.fastqc.fastqc                      [INFO   ]  Found 1 reports
[2019-11-19 12:11:31,068] multiqc                                            [DEBUG  ]  No samples found: minionqc
[2019-11-19 12:11:31,072] multiqc                                            [DEBUG  ]  No samples found: clusterflow
[2019-11-19 12:11:31,077] multiqc                                            [DEBUG  ]  No samples found: bcl2fastq
[2019-11-19 12:11:31,082] multiqc                                            [DEBUG  ]  No samples found: interop
[2019-11-19 12:11:31,086] multiqc                                            [DEBUG  ]  No samples found: flash
[2019-11-19 12:11:31,089] multiqc                                            [INFO   ]  Compressing plot data
[2019-11-19 12:11:31,120] multiqc                                            [INFO   ]  Report      : ../../../../../../../data/multiqc_report.html
[2019-11-19 12:11:31,120] multiqc                                            [INFO   ]  Data        : ../../../../../../../data/multiqc_data
[2019-11-19 12:11:31,120] multiqc                                            [DEBUG  ]  Moving data file from '/tmp/tmpmhakv0w1/multiqc_data/multiqc_general_stats.txt' to '/data/multiqc_data'
[2019-11-19 12:11:31,121] multiqc                                            [DEBUG  ]  Moving data file from '/tmp/tmpmhakv0w1/multiqc_data/multiqc_fastqc.txt' to '/data/multiqc_data'
[2019-11-19 12:11:31,121] multiqc                                            [DEBUG  ]  Moving data file from '/tmp/tmpmhakv0w1/multiqc_data/multiqc_data.json' to '/data/multiqc_data'
[2019-11-19 12:11:31,121] multiqc                                            [DEBUG  ]  Moving data file from '/tmp/tmpmhakv0w1/multiqc_data/multiqc_sources.txt' to '/data/multiqc_data'
[2019-11-19 12:11:31,256] multiqc                                            [INFO   ]  MultiQC complete
