[2019-11-19 10:57:30,807] multiqc                                            [DEBUG  ]  No MultiQC config found: /usr/lib/python3.6/site-packages/multiqc-1.7-py3.6.egg/multiqc_config.yaml
[2019-11-19 10:57:30,807] multiqc                                            [DEBUG  ]  No MultiQC config found: /root/.multiqc_config.yaml
[2019-11-19 10:57:30,807] multiqc                                            [DEBUG  ]  No MultiQC config found: multiqc_config.yaml
[2019-11-19 10:57:30,807] multiqc                                            [DEBUG  ]  Command used: /usr/bin/multiqc /data/HG00129.unmapped.SOLID.bfast.GBR.low_coverage.20101123_fastqc.zip -o /data
[2019-11-19 10:57:32,959] multiqc                                            [DEBUG  ]  Latest MultiQC version is v1.7
[2019-11-19 10:57:32,959] multiqc                                            [INFO   ]  This is MultiQC v1.7
[2019-11-19 10:57:32,960] multiqc                                            [DEBUG  ]  Command     : /usr/bin/multiqc /data/HG00129.unmapped.SOLID.bfast.GBR.low_coverage.20101123_fastqc.zip -o /data
[2019-11-19 10:57:32,960] multiqc                                            [DEBUG  ]  Working dir : /var/lib/toil/toil-9b56b740-ccba-4b13-b998-c6aabca34938-69d14ae953f0400cbe6f0dc87a7486c9/tmp11ans_/3fc49bec-eb8b-4a55-8f3a-3e58b2509eb7/th55MrL
[2019-11-19 10:57:32,960] multiqc                                            [INFO   ]  Template    : default
[2019-11-19 10:57:32,960] multiqc                                            [INFO   ]  Searching '/data/HG00129.unmapped.SOLID.bfast.GBR.low_coverage.20101123_fastqc.zip'
[2019-11-19 10:57:32,960] multiqc                                            [DEBUG  ]  Analysing modules: custom_content, conpair, peddy, methylQA, phantompeakqualtools, qualimap, preseq, quast, qorts, rna_seqc, rsem, rseqc, busco, goleft_indexcov, disambiguate, supernova, deeptools, sargasso, verifybamid, mirtrace, happy, homer, macs2, theta2, snpeff, gatk, htseq, bcftools, featureCounts, dedup, damageprofiler, picard, prokka, samblaster, samtools, bamtools, jellyfish, vcftools, longranger, stacks, bbmap, bismark, biscuit, hicexplorer, hicup, hicpro, salmon, kallisto, slamdunk, star, hisat2, tophat, bowtie2, bowtie1, kat, leehom, adapterRemoval, clipandmerge, cutadapt, flexbar, trimmomatic, skewer, sortmerna, biobloomtools, fastq_screen, afterqc, fastp, fastqc, minionqc, clusterflow, bcl2fastq, interop, flash
[2019-11-19 10:57:32,960] multiqc                                            [DEBUG  ]  Using temporary directory for creating report: /tmp/tmpc85m_lia
[2019-11-19 10:57:33,680] multiqc                                            [DEBUG  ]  No samples found: custom_content
[2019-11-19 10:57:33,686] multiqc                                            [DEBUG  ]  No samples found: conpair
[2019-11-19 10:57:33,691] multiqc                                            [DEBUG  ]  No samples found: peddy
[2019-11-19 10:57:33,695] multiqc                                            [DEBUG  ]  No samples found: methylQA
[2019-11-19 10:57:33,699] multiqc                                            [DEBUG  ]  No samples found: phantompeakqualtools
[2019-11-19 10:57:33,705] multiqc                                            [DEBUG  ]  No samples found: qualimap
[2019-11-19 10:57:33,710] multiqc                                            [DEBUG  ]  No samples found: preseq
[2019-11-19 10:57:33,714] multiqc                                            [DEBUG  ]  No samples found: quast
[2019-11-19 10:57:33,719] multiqc                                            [DEBUG  ]  No samples found: qorts
[2019-11-19 10:57:33,723] multiqc                                            [DEBUG  ]  No samples found: rna_seqc
[2019-11-19 10:57:33,728] multiqc                                            [DEBUG  ]  No samples found: rsem
[2019-11-19 10:57:33,737] multiqc                                            [DEBUG  ]  No samples found: rseqc
[2019-11-19 10:57:33,741] multiqc                                            [DEBUG  ]  No samples found: busco
[2019-11-19 10:57:33,745] multiqc                                            [DEBUG  ]  No samples found: goleft_indexcov
[2019-11-19 10:57:33,749] multiqc                                            [DEBUG  ]  No samples found: disambiguate
[2019-11-19 10:57:33,754] multiqc                                            [DEBUG  ]  No samples found: supernova
[2019-11-19 10:57:33,764] multiqc                                            [DEBUG  ]  No samples found: deeptools
[2019-11-19 10:57:33,768] multiqc                                            [DEBUG  ]  No samples found: sargasso
[2019-11-19 10:57:33,782] multiqc                                            [DEBUG  ]  No samples found: verifybamid
[2019-11-19 10:57:33,787] multiqc                                            [DEBUG  ]  No samples found: mirtrace
[2019-11-19 10:57:33,791] multiqc                                            [DEBUG  ]  No samples found: happy
[2019-11-19 10:57:33,796] multiqc                                            [DEBUG  ]  No samples found: homer
[2019-11-19 10:57:33,800] multiqc                                            [DEBUG  ]  No samples found: macs2
[2019-11-19 10:57:33,807] multiqc                                            [DEBUG  ]  No samples found: theta2
[2019-11-19 10:57:33,811] multiqc                                            [DEBUG  ]  No samples found: snpeff
[2019-11-19 10:57:33,818] multiqc                                            [DEBUG  ]  No samples found: gatk
[2019-11-19 10:57:33,823] multiqc                                            [DEBUG  ]  No samples found: htseq
[2019-11-19 10:57:33,828] multiqc                                            [DEBUG  ]  No samples found: bcftools
[2019-11-19 10:57:33,832] multiqc                                            [DEBUG  ]  No samples found: featureCounts
[2019-11-19 10:57:33,836] multiqc                                            [DEBUG  ]  No samples found: dedup
[2019-11-19 10:57:33,841] multiqc                                            [DEBUG  ]  No samples found: damageprofiler
[2019-11-19 10:57:33,853] multiqc                                            [DEBUG  ]  No samples found: picard
[2019-11-19 10:57:33,858] multiqc                                            [DEBUG  ]  No samples found: prokka
[2019-11-19 10:57:33,862] multiqc                                            [DEBUG  ]  No samples found: samblaster
[2019-11-19 10:57:33,870] multiqc                                            [DEBUG  ]  No samples found: samtools
[2019-11-19 10:57:33,875] multiqc                                            [DEBUG  ]  No samples found: bamtools
[2019-11-19 10:57:33,879] multiqc                                            [DEBUG  ]  No samples found: jellyfish
[2019-11-19 10:57:33,886] multiqc                                            [DEBUG  ]  No samples found: vcftools
[2019-11-19 10:57:33,891] multiqc                                            [DEBUG  ]  No samples found: longranger
[2019-11-19 10:57:33,895] multiqc                                            [DEBUG  ]  No samples found: stacks
[2019-11-19 10:57:33,906] multiqc                                            [DEBUG  ]  No samples found: bbmap
[2019-11-19 10:57:33,911] multiqc                                            [DEBUG  ]  No samples found: bismark
[2019-11-19 10:57:33,916] multiqc                                            [DEBUG  ]  No samples found: biscuit
[2019-11-19 10:57:33,921] multiqc                                            [DEBUG  ]  No samples found: hicexplorer
[2019-11-19 10:57:33,925] multiqc                                            [DEBUG  ]  No samples found: hicup
[2019-11-19 10:57:33,930] multiqc                                            [DEBUG  ]  No samples found: hicpro
[2019-11-19 10:57:33,934] multiqc                                            [DEBUG  ]  No samples found: salmon
[2019-11-19 10:57:33,938] multiqc                                            [DEBUG  ]  No samples found: kallisto
[2019-11-19 10:57:33,945] multiqc                                            [DEBUG  ]  No samples found: slamdunk
[2019-11-19 10:57:33,949] multiqc                                            [DEBUG  ]  No samples found: star
[2019-11-19 10:57:33,954] multiqc                                            [DEBUG  ]  No samples found: hisat2
[2019-11-19 10:57:33,960] multiqc                                            [DEBUG  ]  No samples found: tophat
[2019-11-19 10:57:33,965] multiqc                                            [DEBUG  ]  No samples found: bowtie2
[2019-11-19 10:57:33,969] multiqc                                            [DEBUG  ]  No samples found: bowtie1
[2019-11-19 10:57:33,973] multiqc                                            [DEBUG  ]  No samples found: kat
[2019-11-19 10:57:33,977] multiqc                                            [DEBUG  ]  No samples found: leehom
[2019-11-19 10:57:33,981] multiqc                                            [DEBUG  ]  No samples found: adapterRemoval
[2019-11-19 10:57:33,985] multiqc                                            [DEBUG  ]  No samples found: clipandmerge
[2019-11-19 10:57:33,989] multiqc                                            [DEBUG  ]  No samples found: cutadapt
[2019-11-19 10:57:33,993] multiqc                                            [DEBUG  ]  No samples found: flexbar
[2019-11-19 10:57:33,998] multiqc                                            [DEBUG  ]  No samples found: trimmomatic
[2019-11-19 10:57:34,002] multiqc                                            [DEBUG  ]  No samples found: skewer
[2019-11-19 10:57:34,006] multiqc                                            [DEBUG  ]  No samples found: sortmerna
[2019-11-19 10:57:34,011] multiqc                                            [DEBUG  ]  No samples found: biobloomtools
[2019-11-19 10:57:34,016] multiqc                                            [DEBUG  ]  No samples found: fastq_screen
[2019-11-19 10:57:34,020] multiqc                                            [DEBUG  ]  No samples found: afterqc
[2019-11-19 10:57:34,024] multiqc                                            [DEBUG  ]  No samples found: fastp
[2019-11-19 10:57:34,032] multiqc.modules.fastqc.fastqc                      [INFO   ]  Found 1 reports
[2019-11-19 10:57:34,079] multiqc                                            [DEBUG  ]  No samples found: minionqc
[2019-11-19 10:57:34,084] multiqc                                            [DEBUG  ]  No samples found: clusterflow
[2019-11-19 10:57:34,088] multiqc                                            [DEBUG  ]  No samples found: bcl2fastq
[2019-11-19 10:57:34,093] multiqc                                            [DEBUG  ]  No samples found: interop
[2019-11-19 10:57:34,100] multiqc                                            [DEBUG  ]  No samples found: flash
[2019-11-19 10:57:34,103] multiqc                                            [INFO   ]  Compressing plot data
[2019-11-19 10:57:34,129] multiqc                                            [INFO   ]  Report      : ../../../../../../../data/multiqc_report.html
[2019-11-19 10:57:34,129] multiqc                                            [INFO   ]  Data        : ../../../../../../../data/multiqc_data
[2019-11-19 10:57:34,129] multiqc                                            [DEBUG  ]  Moving data file from '/tmp/tmpc85m_lia/multiqc_data/multiqc_general_stats.txt' to '/data/multiqc_data'
[2019-11-19 10:57:34,129] multiqc                                            [DEBUG  ]  Moving data file from '/tmp/tmpc85m_lia/multiqc_data/multiqc_fastqc.txt' to '/data/multiqc_data'
[2019-11-19 10:57:34,130] multiqc                                            [DEBUG  ]  Moving data file from '/tmp/tmpc85m_lia/multiqc_data/multiqc_data.json' to '/data/multiqc_data'
[2019-11-19 10:57:34,130] multiqc                                            [DEBUG  ]  Moving data file from '/tmp/tmpc85m_lia/multiqc_data/multiqc_sources.txt' to '/data/multiqc_data'
[2019-11-19 10:57:34,265] multiqc                                            [INFO   ]  MultiQC complete
