[2019-11-19 13:19:08,614] multiqc                                            [DEBUG  ]  No MultiQC config found: /usr/lib/python3.6/site-packages/multiqc-1.7-py3.6.egg/multiqc_config.yaml
[2019-11-19 13:19:08,614] multiqc                                            [DEBUG  ]  No MultiQC config found: /root/.multiqc_config.yaml
[2019-11-19 13:19:08,614] multiqc                                            [DEBUG  ]  No MultiQC config found: multiqc_config.yaml
[2019-11-19 13:19:08,614] multiqc                                            [DEBUG  ]  Command used: /usr/bin/multiqc /data/HG00173.mapped.ILLUMINA.bwa.FIN.low_coverage.20101123_fastqc.zip -o /data
[2019-11-19 13:19:10,698] multiqc                                            [DEBUG  ]  Latest MultiQC version is v1.7
[2019-11-19 13:19:10,698] multiqc                                            [INFO   ]  This is MultiQC v1.7
[2019-11-19 13:19:10,698] multiqc                                            [DEBUG  ]  Command     : /usr/bin/multiqc /data/HG00173.mapped.ILLUMINA.bwa.FIN.low_coverage.20101123_fastqc.zip -o /data
[2019-11-19 13:19:10,698] multiqc                                            [DEBUG  ]  Working dir : /var/lib/toil/toil-9b56b740-ccba-4b13-b998-c6aabca34938-69d14ae953f0400cbe6f0dc87a7486c9/tmpRMAyJt/0f02813f-5310-4886-85d4-b37bce6ab8dd/tbdkBGv
[2019-11-19 13:19:10,698] multiqc                                            [INFO   ]  Template    : default
[2019-11-19 13:19:10,698] multiqc                                            [INFO   ]  Searching '/data/HG00173.mapped.ILLUMINA.bwa.FIN.low_coverage.20101123_fastqc.zip'
[2019-11-19 13:19:10,699] multiqc                                            [DEBUG  ]  Analysing modules: custom_content, conpair, peddy, methylQA, phantompeakqualtools, qualimap, preseq, quast, qorts, rna_seqc, rsem, rseqc, busco, goleft_indexcov, disambiguate, supernova, deeptools, sargasso, verifybamid, mirtrace, happy, homer, macs2, theta2, snpeff, gatk, htseq, bcftools, featureCounts, dedup, damageprofiler, picard, prokka, samblaster, samtools, bamtools, jellyfish, vcftools, longranger, stacks, bbmap, bismark, biscuit, hicexplorer, hicup, hicpro, salmon, kallisto, slamdunk, star, hisat2, tophat, bowtie2, bowtie1, kat, leehom, adapterRemoval, clipandmerge, cutadapt, flexbar, trimmomatic, skewer, sortmerna, biobloomtools, fastq_screen, afterqc, fastp, fastqc, minionqc, clusterflow, bcl2fastq, interop, flash
[2019-11-19 13:19:10,699] multiqc                                            [DEBUG  ]  Using temporary directory for creating report: /tmp/tmpv2ba911n
[2019-11-19 13:19:11,440] multiqc                                            [DEBUG  ]  No samples found: custom_content
[2019-11-19 13:19:11,446] multiqc                                            [DEBUG  ]  No samples found: conpair
[2019-11-19 13:19:11,450] multiqc                                            [DEBUG  ]  No samples found: peddy
[2019-11-19 13:19:11,455] multiqc                                            [DEBUG  ]  No samples found: methylQA
[2019-11-19 13:19:11,459] multiqc                                            [DEBUG  ]  No samples found: phantompeakqualtools
[2019-11-19 13:19:11,467] multiqc                                            [DEBUG  ]  No samples found: qualimap
[2019-11-19 13:19:11,471] multiqc                                            [DEBUG  ]  No samples found: preseq
[2019-11-19 13:19:11,476] multiqc                                            [DEBUG  ]  No samples found: quast
[2019-11-19 13:19:11,480] multiqc                                            [DEBUG  ]  No samples found: qorts
[2019-11-19 13:19:11,485] multiqc                                            [DEBUG  ]  No samples found: rna_seqc
[2019-11-19 13:19:11,489] multiqc                                            [DEBUG  ]  No samples found: rsem
[2019-11-19 13:19:11,498] multiqc                                            [DEBUG  ]  No samples found: rseqc
[2019-11-19 13:19:11,504] multiqc                                            [DEBUG  ]  No samples found: busco
[2019-11-19 13:19:11,508] multiqc                                            [DEBUG  ]  No samples found: goleft_indexcov
[2019-11-19 13:19:11,513] multiqc                                            [DEBUG  ]  No samples found: disambiguate
[2019-11-19 13:19:11,518] multiqc                                            [DEBUG  ]  No samples found: supernova
[2019-11-19 13:19:11,528] multiqc                                            [DEBUG  ]  No samples found: deeptools
[2019-11-19 13:19:11,532] multiqc                                            [DEBUG  ]  No samples found: sargasso
[2019-11-19 13:19:11,536] multiqc                                            [DEBUG  ]  No samples found: verifybamid
[2019-11-19 13:19:11,541] multiqc                                            [DEBUG  ]  No samples found: mirtrace
[2019-11-19 13:19:11,545] multiqc                                            [DEBUG  ]  No samples found: happy
[2019-11-19 13:19:11,552] multiqc                                            [DEBUG  ]  No samples found: homer
[2019-11-19 13:19:11,556] multiqc                                            [DEBUG  ]  No samples found: macs2
[2019-11-19 13:19:11,561] multiqc                                            [DEBUG  ]  No samples found: theta2
[2019-11-19 13:19:11,565] multiqc                                            [DEBUG  ]  No samples found: snpeff
[2019-11-19 13:19:11,571] multiqc                                            [DEBUG  ]  No samples found: gatk
[2019-11-19 13:19:11,576] multiqc                                            [DEBUG  ]  No samples found: htseq
[2019-11-19 13:19:11,582] multiqc                                            [DEBUG  ]  No samples found: bcftools
[2019-11-19 13:19:11,587] multiqc                                            [DEBUG  ]  No samples found: featureCounts
[2019-11-19 13:19:11,592] multiqc                                            [DEBUG  ]  No samples found: dedup
[2019-11-19 13:19:11,596] multiqc                                            [DEBUG  ]  No samples found: damageprofiler
[2019-11-19 13:19:11,609] multiqc                                            [DEBUG  ]  No samples found: picard
[2019-11-19 13:19:11,613] multiqc                                            [DEBUG  ]  No samples found: prokka
[2019-11-19 13:19:11,617] multiqc                                            [DEBUG  ]  No samples found: samblaster
[2019-11-19 13:19:11,623] multiqc                                            [DEBUG  ]  No samples found: samtools
[2019-11-19 13:19:11,628] multiqc                                            [DEBUG  ]  No samples found: bamtools
[2019-11-19 13:19:11,633] multiqc                                            [DEBUG  ]  No samples found: jellyfish
[2019-11-19 13:19:11,639] multiqc                                            [DEBUG  ]  No samples found: vcftools
[2019-11-19 13:19:11,644] multiqc                                            [DEBUG  ]  No samples found: longranger
[2019-11-19 13:19:11,648] multiqc                                            [DEBUG  ]  No samples found: stacks
[2019-11-19 13:19:11,659] multiqc                                            [DEBUG  ]  No samples found: bbmap
[2019-11-19 13:19:11,664] multiqc                                            [DEBUG  ]  No samples found: bismark
[2019-11-19 13:19:11,670] multiqc                                            [DEBUG  ]  No samples found: biscuit
[2019-11-19 13:19:11,674] multiqc                                            [DEBUG  ]  No samples found: hicexplorer
[2019-11-19 13:19:11,678] multiqc                                            [DEBUG  ]  No samples found: hicup
[2019-11-19 13:19:11,683] multiqc                                            [DEBUG  ]  No samples found: hicpro
[2019-11-19 13:19:11,687] multiqc                                            [DEBUG  ]  No samples found: salmon
[2019-11-19 13:19:11,691] multiqc                                            [DEBUG  ]  No samples found: kallisto
[2019-11-19 13:19:11,696] multiqc                                            [DEBUG  ]  No samples found: slamdunk
[2019-11-19 13:19:11,701] multiqc                                            [DEBUG  ]  No samples found: star
[2019-11-19 13:19:11,706] multiqc                                            [DEBUG  ]  No samples found: hisat2
[2019-11-19 13:19:11,710] multiqc                                            [DEBUG  ]  No samples found: tophat
[2019-11-19 13:19:11,716] multiqc                                            [DEBUG  ]  No samples found: bowtie2
[2019-11-19 13:19:11,721] multiqc                                            [DEBUG  ]  No samples found: bowtie1
[2019-11-19 13:19:11,725] multiqc                                            [DEBUG  ]  No samples found: kat
[2019-11-19 13:19:11,730] multiqc                                            [DEBUG  ]  No samples found: leehom
[2019-11-19 13:19:11,734] multiqc                                            [DEBUG  ]  No samples found: adapterRemoval
[2019-11-19 13:19:11,739] multiqc                                            [DEBUG  ]  No samples found: clipandmerge
[2019-11-19 13:19:11,744] multiqc                                            [DEBUG  ]  No samples found: cutadapt
[2019-11-19 13:19:11,748] multiqc                                            [DEBUG  ]  No samples found: flexbar
[2019-11-19 13:19:11,752] multiqc                                            [DEBUG  ]  No samples found: trimmomatic
[2019-11-19 13:19:11,756] multiqc                                            [DEBUG  ]  No samples found: skewer
[2019-11-19 13:19:11,760] multiqc                                            [DEBUG  ]  No samples found: sortmerna
[2019-11-19 13:19:11,765] multiqc                                            [DEBUG  ]  No samples found: biobloomtools
[2019-11-19 13:19:11,769] multiqc                                            [DEBUG  ]  No samples found: fastq_screen
[2019-11-19 13:19:11,773] multiqc                                            [DEBUG  ]  No samples found: afterqc
[2019-11-19 13:19:11,778] multiqc                                            [DEBUG  ]  No samples found: fastp
[2019-11-19 13:19:11,786] multiqc.modules.fastqc.fastqc                      [INFO   ]  Found 1 reports
[2019-11-19 13:19:11,842] multiqc                                            [DEBUG  ]  No samples found: minionqc
[2019-11-19 13:19:11,846] multiqc                                            [DEBUG  ]  No samples found: clusterflow
[2019-11-19 13:19:11,852] multiqc                                            [DEBUG  ]  No samples found: bcl2fastq
[2019-11-19 13:19:11,857] multiqc                                            [DEBUG  ]  No samples found: interop
[2019-11-19 13:19:11,862] multiqc                                            [DEBUG  ]  No samples found: flash
[2019-11-19 13:19:11,865] multiqc                                            [INFO   ]  Compressing plot data
[2019-11-19 13:19:11,894] multiqc                                            [INFO   ]  Report      : ../../../../../../../data/multiqc_report.html
[2019-11-19 13:19:11,895] multiqc                                            [INFO   ]  Data        : ../../../../../../../data/multiqc_data
[2019-11-19 13:19:11,895] multiqc                                            [DEBUG  ]  Moving data file from '/tmp/tmpv2ba911n/multiqc_data/multiqc_general_stats.txt' to '/data/multiqc_data'
[2019-11-19 13:19:11,895] multiqc                                            [DEBUG  ]  Moving data file from '/tmp/tmpv2ba911n/multiqc_data/multiqc_fastqc.txt' to '/data/multiqc_data'
[2019-11-19 13:19:11,895] multiqc                                            [DEBUG  ]  Moving data file from '/tmp/tmpv2ba911n/multiqc_data/multiqc_data.json' to '/data/multiqc_data'
[2019-11-19 13:19:11,896] multiqc                                            [DEBUG  ]  Moving data file from '/tmp/tmpv2ba911n/multiqc_data/multiqc_sources.txt' to '/data/multiqc_data'
[2019-11-19 13:19:12,035] multiqc                                            [INFO   ]  MultiQC complete
