[2019-11-19 12:54:52,799] multiqc                                            [DEBUG  ]  No MultiQC config found: /usr/lib/python3.6/site-packages/multiqc-1.7-py3.6.egg/multiqc_config.yaml
[2019-11-19 12:54:52,799] multiqc                                            [DEBUG  ]  No MultiQC config found: /root/.multiqc_config.yaml
[2019-11-19 12:54:52,799] multiqc                                            [DEBUG  ]  No MultiQC config found: multiqc_config.yaml
[2019-11-19 12:54:52,799] multiqc                                            [DEBUG  ]  Command used: /usr/bin/multiqc /data/HG00179.unmapped.ILLUMINA.bwa.FIN.low_coverage.20101123_fastqc.zip -o /data
[2019-11-19 12:54:54,483] multiqc                                            [DEBUG  ]  Latest MultiQC version is v1.7
[2019-11-19 12:54:54,483] multiqc                                            [INFO   ]  This is MultiQC v1.7
[2019-11-19 12:54:54,483] multiqc                                            [DEBUG  ]  Command     : /usr/bin/multiqc /data/HG00179.unmapped.ILLUMINA.bwa.FIN.low_coverage.20101123_fastqc.zip -o /data
[2019-11-19 12:54:54,484] multiqc                                            [DEBUG  ]  Working dir : /var/lib/toil/toil-9b56b740-ccba-4b13-b998-c6aabca34938-69d14ae953f0400cbe6f0dc87a7486c9/tmpz9vQZb/34d68608-7037-4599-b4c8-0f3db90d811b/twjzPPm
[2019-11-19 12:54:54,484] multiqc                                            [INFO   ]  Template    : default
[2019-11-19 12:54:54,484] multiqc                                            [INFO   ]  Searching '/data/HG00179.unmapped.ILLUMINA.bwa.FIN.low_coverage.20101123_fastqc.zip'
[2019-11-19 12:54:54,484] multiqc                                            [DEBUG  ]  Analysing modules: custom_content, conpair, peddy, methylQA, phantompeakqualtools, qualimap, preseq, quast, qorts, rna_seqc, rsem, rseqc, busco, goleft_indexcov, disambiguate, supernova, deeptools, sargasso, verifybamid, mirtrace, happy, homer, macs2, theta2, snpeff, gatk, htseq, bcftools, featureCounts, dedup, damageprofiler, picard, prokka, samblaster, samtools, bamtools, jellyfish, vcftools, longranger, stacks, bbmap, bismark, biscuit, hicexplorer, hicup, hicpro, salmon, kallisto, slamdunk, star, hisat2, tophat, bowtie2, bowtie1, kat, leehom, adapterRemoval, clipandmerge, cutadapt, flexbar, trimmomatic, skewer, sortmerna, biobloomtools, fastq_screen, afterqc, fastp, fastqc, minionqc, clusterflow, bcl2fastq, interop, flash
[2019-11-19 12:54:54,484] multiqc                                            [DEBUG  ]  Using temporary directory for creating report: /tmp/tmpx5uf0ffl
[2019-11-19 12:54:55,133] multiqc                                            [DEBUG  ]  No samples found: custom_content
[2019-11-19 12:54:55,137] multiqc                                            [DEBUG  ]  No samples found: conpair
[2019-11-19 12:54:55,141] multiqc                                            [DEBUG  ]  No samples found: peddy
[2019-11-19 12:54:55,145] multiqc                                            [DEBUG  ]  No samples found: methylQA
[2019-11-19 12:54:55,148] multiqc                                            [DEBUG  ]  No samples found: phantompeakqualtools
[2019-11-19 12:54:55,154] multiqc                                            [DEBUG  ]  No samples found: qualimap
[2019-11-19 12:54:55,159] multiqc                                            [DEBUG  ]  No samples found: preseq
[2019-11-19 12:54:55,163] multiqc                                            [DEBUG  ]  No samples found: quast
[2019-11-19 12:54:55,167] multiqc                                            [DEBUG  ]  No samples found: qorts
[2019-11-19 12:54:55,171] multiqc                                            [DEBUG  ]  No samples found: rna_seqc
[2019-11-19 12:54:55,175] multiqc                                            [DEBUG  ]  No samples found: rsem
[2019-11-19 12:54:55,183] multiqc                                            [DEBUG  ]  No samples found: rseqc
[2019-11-19 12:54:55,187] multiqc                                            [DEBUG  ]  No samples found: busco
[2019-11-19 12:54:55,191] multiqc                                            [DEBUG  ]  No samples found: goleft_indexcov
[2019-11-19 12:54:55,196] multiqc                                            [DEBUG  ]  No samples found: disambiguate
[2019-11-19 12:54:55,199] multiqc                                            [DEBUG  ]  No samples found: supernova
[2019-11-19 12:54:55,207] multiqc                                            [DEBUG  ]  No samples found: deeptools
[2019-11-19 12:54:55,210] multiqc                                            [DEBUG  ]  No samples found: sargasso
[2019-11-19 12:54:55,214] multiqc                                            [DEBUG  ]  No samples found: verifybamid
[2019-11-19 12:54:55,218] multiqc                                            [DEBUG  ]  No samples found: mirtrace
[2019-11-19 12:54:55,222] multiqc                                            [DEBUG  ]  No samples found: happy
[2019-11-19 12:54:55,227] multiqc                                            [DEBUG  ]  No samples found: homer
[2019-11-19 12:54:55,231] multiqc                                            [DEBUG  ]  No samples found: macs2
[2019-11-19 12:54:55,234] multiqc                                            [DEBUG  ]  No samples found: theta2
[2019-11-19 12:54:55,238] multiqc                                            [DEBUG  ]  No samples found: snpeff
[2019-11-19 12:54:55,244] multiqc                                            [DEBUG  ]  No samples found: gatk
[2019-11-19 12:54:55,247] multiqc                                            [DEBUG  ]  No samples found: htseq
[2019-11-19 12:54:55,252] multiqc                                            [DEBUG  ]  No samples found: bcftools
[2019-11-19 12:54:55,256] multiqc                                            [DEBUG  ]  No samples found: featureCounts
[2019-11-19 12:54:55,260] multiqc                                            [DEBUG  ]  No samples found: dedup
[2019-11-19 12:54:55,265] multiqc                                            [DEBUG  ]  No samples found: damageprofiler
[2019-11-19 12:54:55,282] multiqc                                            [DEBUG  ]  No samples found: picard
[2019-11-19 12:54:55,286] multiqc                                            [DEBUG  ]  No samples found: prokka
[2019-11-19 12:54:55,290] multiqc                                            [DEBUG  ]  No samples found: samblaster
[2019-11-19 12:54:55,298] multiqc                                            [DEBUG  ]  No samples found: samtools
[2019-11-19 12:54:55,302] multiqc                                            [DEBUG  ]  No samples found: bamtools
[2019-11-19 12:54:55,306] multiqc                                            [DEBUG  ]  No samples found: jellyfish
[2019-11-19 12:54:55,311] multiqc                                            [DEBUG  ]  No samples found: vcftools
[2019-11-19 12:54:55,314] multiqc                                            [DEBUG  ]  No samples found: longranger
[2019-11-19 12:54:55,318] multiqc                                            [DEBUG  ]  No samples found: stacks
[2019-11-19 12:54:55,327] multiqc                                            [DEBUG  ]  No samples found: bbmap
[2019-11-19 12:54:55,332] multiqc                                            [DEBUG  ]  No samples found: bismark
[2019-11-19 12:54:55,337] multiqc                                            [DEBUG  ]  No samples found: biscuit
[2019-11-19 12:54:55,341] multiqc                                            [DEBUG  ]  No samples found: hicexplorer
[2019-11-19 12:54:55,345] multiqc                                            [DEBUG  ]  No samples found: hicup
[2019-11-19 12:54:55,349] multiqc                                            [DEBUG  ]  No samples found: hicpro
[2019-11-19 12:54:55,352] multiqc                                            [DEBUG  ]  No samples found: salmon
[2019-11-19 12:54:55,356] multiqc                                            [DEBUG  ]  No samples found: kallisto
[2019-11-19 12:54:55,360] multiqc                                            [DEBUG  ]  No samples found: slamdunk
[2019-11-19 12:54:55,363] multiqc                                            [DEBUG  ]  No samples found: star
[2019-11-19 12:54:55,367] multiqc                                            [DEBUG  ]  No samples found: hisat2
[2019-11-19 12:54:55,371] multiqc                                            [DEBUG  ]  No samples found: tophat
[2019-11-19 12:54:55,374] multiqc                                            [DEBUG  ]  No samples found: bowtie2
[2019-11-19 12:54:55,378] multiqc                                            [DEBUG  ]  No samples found: bowtie1
[2019-11-19 12:54:55,382] multiqc                                            [DEBUG  ]  No samples found: kat
[2019-11-19 12:54:55,385] multiqc                                            [DEBUG  ]  No samples found: leehom
[2019-11-19 12:54:55,389] multiqc                                            [DEBUG  ]  No samples found: adapterRemoval
[2019-11-19 12:54:55,393] multiqc                                            [DEBUG  ]  No samples found: clipandmerge
[2019-11-19 12:54:55,397] multiqc                                            [DEBUG  ]  No samples found: cutadapt
[2019-11-19 12:54:55,401] multiqc                                            [DEBUG  ]  No samples found: flexbar
[2019-11-19 12:54:55,404] multiqc                                            [DEBUG  ]  No samples found: trimmomatic
[2019-11-19 12:54:55,409] multiqc                                            [DEBUG  ]  No samples found: skewer
[2019-11-19 12:54:55,413] multiqc                                            [DEBUG  ]  No samples found: sortmerna
[2019-11-19 12:54:55,418] multiqc                                            [DEBUG  ]  No samples found: biobloomtools
[2019-11-19 12:54:55,422] multiqc                                            [DEBUG  ]  No samples found: fastq_screen
[2019-11-19 12:54:55,427] multiqc                                            [DEBUG  ]  No samples found: afterqc
[2019-11-19 12:54:55,433] multiqc                                            [DEBUG  ]  No samples found: fastp
[2019-11-19 12:54:55,441] multiqc.modules.fastqc.fastqc                      [INFO   ]  Found 1 reports
[2019-11-19 12:54:55,492] multiqc                                            [DEBUG  ]  No samples found: minionqc
[2019-11-19 12:54:55,496] multiqc                                            [DEBUG  ]  No samples found: clusterflow
[2019-11-19 12:54:55,500] multiqc                                            [DEBUG  ]  No samples found: bcl2fastq
[2019-11-19 12:54:55,504] multiqc                                            [DEBUG  ]  No samples found: interop
[2019-11-19 12:54:55,508] multiqc                                            [DEBUG  ]  No samples found: flash
[2019-11-19 12:54:55,511] multiqc                                            [INFO   ]  Compressing plot data
[2019-11-19 12:54:55,542] multiqc                                            [INFO   ]  Report      : ../../../../../../../data/multiqc_report.html
[2019-11-19 12:54:55,543] multiqc                                            [INFO   ]  Data        : ../../../../../../../data/multiqc_data
[2019-11-19 12:54:55,543] multiqc                                            [DEBUG  ]  Moving data file from '/tmp/tmpx5uf0ffl/multiqc_data/multiqc_general_stats.txt' to '/data/multiqc_data'
[2019-11-19 12:54:55,543] multiqc                                            [DEBUG  ]  Moving data file from '/tmp/tmpx5uf0ffl/multiqc_data/multiqc_fastqc.txt' to '/data/multiqc_data'
[2019-11-19 12:54:55,544] multiqc                                            [DEBUG  ]  Moving data file from '/tmp/tmpx5uf0ffl/multiqc_data/multiqc_data.json' to '/data/multiqc_data'
[2019-11-19 12:54:55,545] multiqc                                            [DEBUG  ]  Moving data file from '/tmp/tmpx5uf0ffl/multiqc_data/multiqc_sources.txt' to '/data/multiqc_data'
[2019-11-19 12:54:55,673] multiqc                                            [INFO   ]  MultiQC complete
