[2019-11-19 12:53:45,651] multiqc                                            [DEBUG  ]  No MultiQC config found: /usr/lib/python3.6/site-packages/multiqc-1.7-py3.6.egg/multiqc_config.yaml
[2019-11-19 12:53:45,651] multiqc                                            [DEBUG  ]  No MultiQC config found: /root/.multiqc_config.yaml
[2019-11-19 12:53:45,651] multiqc                                            [DEBUG  ]  No MultiQC config found: multiqc_config.yaml
[2019-11-19 12:53:45,651] multiqc                                            [DEBUG  ]  Command used: /usr/bin/multiqc /data/HG00180.unmapped.ILLUMINA.bwa.FIN.low_coverage.20101123_fastqc.zip -o /data
[2019-11-19 12:53:47,319] multiqc                                            [DEBUG  ]  Latest MultiQC version is v1.7
[2019-11-19 12:53:47,319] multiqc                                            [INFO   ]  This is MultiQC v1.7
[2019-11-19 12:53:47,319] multiqc                                            [DEBUG  ]  Command     : /usr/bin/multiqc /data/HG00180.unmapped.ILLUMINA.bwa.FIN.low_coverage.20101123_fastqc.zip -o /data
[2019-11-19 12:53:47,319] multiqc                                            [DEBUG  ]  Working dir : /var/lib/toil/toil-9b56b740-ccba-4b13-b998-c6aabca34938-69d14ae953f0400cbe6f0dc87a7486c9/tmpLqZ26Z/86484eb4-1a32-4034-b468-1b678ab877ec/t1YV4Xo
[2019-11-19 12:53:47,319] multiqc                                            [INFO   ]  Template    : default
[2019-11-19 12:53:47,319] multiqc                                            [INFO   ]  Searching '/data/HG00180.unmapped.ILLUMINA.bwa.FIN.low_coverage.20101123_fastqc.zip'
[2019-11-19 12:53:47,319] multiqc                                            [DEBUG  ]  Analysing modules: custom_content, conpair, peddy, methylQA, phantompeakqualtools, qualimap, preseq, quast, qorts, rna_seqc, rsem, rseqc, busco, goleft_indexcov, disambiguate, supernova, deeptools, sargasso, verifybamid, mirtrace, happy, homer, macs2, theta2, snpeff, gatk, htseq, bcftools, featureCounts, dedup, damageprofiler, picard, prokka, samblaster, samtools, bamtools, jellyfish, vcftools, longranger, stacks, bbmap, bismark, biscuit, hicexplorer, hicup, hicpro, salmon, kallisto, slamdunk, star, hisat2, tophat, bowtie2, bowtie1, kat, leehom, adapterRemoval, clipandmerge, cutadapt, flexbar, trimmomatic, skewer, sortmerna, biobloomtools, fastq_screen, afterqc, fastp, fastqc, minionqc, clusterflow, bcl2fastq, interop, flash
[2019-11-19 12:53:47,320] multiqc                                            [DEBUG  ]  Using temporary directory for creating report: /tmp/tmp7mptx41e
[2019-11-19 12:53:47,947] multiqc                                            [DEBUG  ]  No samples found: custom_content
[2019-11-19 12:53:47,951] multiqc                                            [DEBUG  ]  No samples found: conpair
[2019-11-19 12:53:47,955] multiqc                                            [DEBUG  ]  No samples found: peddy
[2019-11-19 12:53:47,959] multiqc                                            [DEBUG  ]  No samples found: methylQA
[2019-11-19 12:53:47,963] multiqc                                            [DEBUG  ]  No samples found: phantompeakqualtools
[2019-11-19 12:53:47,968] multiqc                                            [DEBUG  ]  No samples found: qualimap
[2019-11-19 12:53:47,972] multiqc                                            [DEBUG  ]  No samples found: preseq
[2019-11-19 12:53:47,976] multiqc                                            [DEBUG  ]  No samples found: quast
[2019-11-19 12:53:47,980] multiqc                                            [DEBUG  ]  No samples found: qorts
[2019-11-19 12:53:47,984] multiqc                                            [DEBUG  ]  No samples found: rna_seqc
[2019-11-19 12:53:47,988] multiqc                                            [DEBUG  ]  No samples found: rsem
[2019-11-19 12:53:47,995] multiqc                                            [DEBUG  ]  No samples found: rseqc
[2019-11-19 12:53:47,999] multiqc                                            [DEBUG  ]  No samples found: busco
[2019-11-19 12:53:48,002] multiqc                                            [DEBUG  ]  No samples found: goleft_indexcov
[2019-11-19 12:53:48,006] multiqc                                            [DEBUG  ]  No samples found: disambiguate
[2019-11-19 12:53:48,010] multiqc                                            [DEBUG  ]  No samples found: supernova
[2019-11-19 12:53:48,018] multiqc                                            [DEBUG  ]  No samples found: deeptools
[2019-11-19 12:53:48,022] multiqc                                            [DEBUG  ]  No samples found: sargasso
[2019-11-19 12:53:48,026] multiqc                                            [DEBUG  ]  No samples found: verifybamid
[2019-11-19 12:53:48,030] multiqc                                            [DEBUG  ]  No samples found: mirtrace
[2019-11-19 12:53:48,034] multiqc                                            [DEBUG  ]  No samples found: happy
[2019-11-19 12:53:48,039] multiqc                                            [DEBUG  ]  No samples found: homer
[2019-11-19 12:53:48,042] multiqc                                            [DEBUG  ]  No samples found: macs2
[2019-11-19 12:53:48,046] multiqc                                            [DEBUG  ]  No samples found: theta2
[2019-11-19 12:53:48,050] multiqc                                            [DEBUG  ]  No samples found: snpeff
[2019-11-19 12:53:48,055] multiqc                                            [DEBUG  ]  No samples found: gatk
[2019-11-19 12:53:48,059] multiqc                                            [DEBUG  ]  No samples found: htseq
[2019-11-19 12:53:48,063] multiqc                                            [DEBUG  ]  No samples found: bcftools
[2019-11-19 12:53:48,067] multiqc                                            [DEBUG  ]  No samples found: featureCounts
[2019-11-19 12:53:48,071] multiqc                                            [DEBUG  ]  No samples found: dedup
[2019-11-19 12:53:48,075] multiqc                                            [DEBUG  ]  No samples found: damageprofiler
[2019-11-19 12:53:48,086] multiqc                                            [DEBUG  ]  No samples found: picard
[2019-11-19 12:53:48,090] multiqc                                            [DEBUG  ]  No samples found: prokka
[2019-11-19 12:53:48,094] multiqc                                            [DEBUG  ]  No samples found: samblaster
[2019-11-19 12:53:48,099] multiqc                                            [DEBUG  ]  No samples found: samtools
[2019-11-19 12:53:48,104] multiqc                                            [DEBUG  ]  No samples found: bamtools
[2019-11-19 12:53:48,108] multiqc                                            [DEBUG  ]  No samples found: jellyfish
[2019-11-19 12:53:48,113] multiqc                                            [DEBUG  ]  No samples found: vcftools
[2019-11-19 12:53:48,117] multiqc                                            [DEBUG  ]  No samples found: longranger
[2019-11-19 12:53:48,122] multiqc                                            [DEBUG  ]  No samples found: stacks
[2019-11-19 12:53:48,130] multiqc                                            [DEBUG  ]  No samples found: bbmap
[2019-11-19 12:53:48,134] multiqc                                            [DEBUG  ]  No samples found: bismark
[2019-11-19 12:53:48,139] multiqc                                            [DEBUG  ]  No samples found: biscuit
[2019-11-19 12:53:48,142] multiqc                                            [DEBUG  ]  No samples found: hicexplorer
[2019-11-19 12:53:48,146] multiqc                                            [DEBUG  ]  No samples found: hicup
[2019-11-19 12:53:48,150] multiqc                                            [DEBUG  ]  No samples found: hicpro
[2019-11-19 12:53:48,153] multiqc                                            [DEBUG  ]  No samples found: salmon
[2019-11-19 12:53:48,157] multiqc                                            [DEBUG  ]  No samples found: kallisto
[2019-11-19 12:53:48,161] multiqc                                            [DEBUG  ]  No samples found: slamdunk
[2019-11-19 12:53:48,165] multiqc                                            [DEBUG  ]  No samples found: star
[2019-11-19 12:53:48,169] multiqc                                            [DEBUG  ]  No samples found: hisat2
[2019-11-19 12:53:48,172] multiqc                                            [DEBUG  ]  No samples found: tophat
[2019-11-19 12:53:48,176] multiqc                                            [DEBUG  ]  No samples found: bowtie2
[2019-11-19 12:53:48,180] multiqc                                            [DEBUG  ]  No samples found: bowtie1
[2019-11-19 12:53:48,183] multiqc                                            [DEBUG  ]  No samples found: kat
[2019-11-19 12:53:48,187] multiqc                                            [DEBUG  ]  No samples found: leehom
[2019-11-19 12:53:48,191] multiqc                                            [DEBUG  ]  No samples found: adapterRemoval
[2019-11-19 12:53:48,195] multiqc                                            [DEBUG  ]  No samples found: clipandmerge
[2019-11-19 12:53:48,198] multiqc                                            [DEBUG  ]  No samples found: cutadapt
[2019-11-19 12:53:48,202] multiqc                                            [DEBUG  ]  No samples found: flexbar
[2019-11-19 12:53:48,206] multiqc                                            [DEBUG  ]  No samples found: trimmomatic
[2019-11-19 12:53:48,210] multiqc                                            [DEBUG  ]  No samples found: skewer
[2019-11-19 12:53:48,214] multiqc                                            [DEBUG  ]  No samples found: sortmerna
[2019-11-19 12:53:48,217] multiqc                                            [DEBUG  ]  No samples found: biobloomtools
[2019-11-19 12:53:48,221] multiqc                                            [DEBUG  ]  No samples found: fastq_screen
[2019-11-19 12:53:48,225] multiqc                                            [DEBUG  ]  No samples found: afterqc
[2019-11-19 12:53:48,229] multiqc                                            [DEBUG  ]  No samples found: fastp
[2019-11-19 12:53:48,236] multiqc.modules.fastqc.fastqc                      [INFO   ]  Found 1 reports
[2019-11-19 12:53:48,287] multiqc                                            [DEBUG  ]  No samples found: minionqc
[2019-11-19 12:53:48,291] multiqc                                            [DEBUG  ]  No samples found: clusterflow
[2019-11-19 12:53:48,294] multiqc                                            [DEBUG  ]  No samples found: bcl2fastq
[2019-11-19 12:53:48,298] multiqc                                            [DEBUG  ]  No samples found: interop
[2019-11-19 12:53:48,302] multiqc                                            [DEBUG  ]  No samples found: flash
[2019-11-19 12:53:48,304] multiqc                                            [INFO   ]  Compressing plot data
[2019-11-19 12:53:48,338] multiqc                                            [INFO   ]  Report      : ../../../../../../../data/multiqc_report.html
[2019-11-19 12:53:48,338] multiqc                                            [INFO   ]  Data        : ../../../../../../../data/multiqc_data
[2019-11-19 12:53:48,338] multiqc                                            [DEBUG  ]  Moving data file from '/tmp/tmp7mptx41e/multiqc_data/multiqc_general_stats.txt' to '/data/multiqc_data'
[2019-11-19 12:53:48,338] multiqc                                            [DEBUG  ]  Moving data file from '/tmp/tmp7mptx41e/multiqc_data/multiqc_fastqc.txt' to '/data/multiqc_data'
[2019-11-19 12:53:48,339] multiqc                                            [DEBUG  ]  Moving data file from '/tmp/tmp7mptx41e/multiqc_data/multiqc_data.json' to '/data/multiqc_data'
[2019-11-19 12:53:48,339] multiqc                                            [DEBUG  ]  Moving data file from '/tmp/tmp7mptx41e/multiqc_data/multiqc_sources.txt' to '/data/multiqc_data'
[2019-11-19 12:53:48,461] multiqc                                            [INFO   ]  MultiQC complete
