[2019-11-19 14:40:20,605] multiqc                                            [DEBUG  ]  No MultiQC config found: /usr/lib/python3.6/site-packages/multiqc-1.7-py3.6.egg/multiqc_config.yaml
[2019-11-19 14:40:20,605] multiqc                                            [DEBUG  ]  No MultiQC config found: /root/.multiqc_config.yaml
[2019-11-19 14:40:20,605] multiqc                                            [DEBUG  ]  No MultiQC config found: multiqc_config.yaml
[2019-11-19 14:40:20,605] multiqc                                            [DEBUG  ]  Command used: /usr/bin/multiqc /data/HG00236.mapped.ILLUMINA.bwa.GBR.low_coverage.20101123_fastqc.zip -o /data
[2019-11-19 14:40:22,331] multiqc                                            [DEBUG  ]  Latest MultiQC version is v1.7
[2019-11-19 14:40:22,332] multiqc                                            [INFO   ]  This is MultiQC v1.7
[2019-11-19 14:40:22,332] multiqc                                            [DEBUG  ]  Command     : /usr/bin/multiqc /data/HG00236.mapped.ILLUMINA.bwa.GBR.low_coverage.20101123_fastqc.zip -o /data
[2019-11-19 14:40:22,332] multiqc                                            [DEBUG  ]  Working dir : /var/lib/toil/toil-9b56b740-ccba-4b13-b998-c6aabca34938-69d14ae953f0400cbe6f0dc87a7486c9/tmpHzgXze/b88f1563-a53a-4ff3-b4a1-aed7e3f75371/tXorOi_
[2019-11-19 14:40:22,332] multiqc                                            [INFO   ]  Template    : default
[2019-11-19 14:40:22,332] multiqc                                            [INFO   ]  Searching '/data/HG00236.mapped.ILLUMINA.bwa.GBR.low_coverage.20101123_fastqc.zip'
[2019-11-19 14:40:22,332] multiqc                                            [DEBUG  ]  Analysing modules: custom_content, conpair, peddy, methylQA, phantompeakqualtools, qualimap, preseq, quast, qorts, rna_seqc, rsem, rseqc, busco, goleft_indexcov, disambiguate, supernova, deeptools, sargasso, verifybamid, mirtrace, happy, homer, macs2, theta2, snpeff, gatk, htseq, bcftools, featureCounts, dedup, damageprofiler, picard, prokka, samblaster, samtools, bamtools, jellyfish, vcftools, longranger, stacks, bbmap, bismark, biscuit, hicexplorer, hicup, hicpro, salmon, kallisto, slamdunk, star, hisat2, tophat, bowtie2, bowtie1, kat, leehom, adapterRemoval, clipandmerge, cutadapt, flexbar, trimmomatic, skewer, sortmerna, biobloomtools, fastq_screen, afterqc, fastp, fastqc, minionqc, clusterflow, bcl2fastq, interop, flash
[2019-11-19 14:40:22,332] multiqc                                            [DEBUG  ]  Using temporary directory for creating report: /tmp/tmppesif413
[2019-11-19 14:40:23,043] multiqc                                            [DEBUG  ]  No samples found: custom_content
[2019-11-19 14:40:23,049] multiqc                                            [DEBUG  ]  No samples found: conpair
[2019-11-19 14:40:23,055] multiqc                                            [DEBUG  ]  No samples found: peddy
[2019-11-19 14:40:23,061] multiqc                                            [DEBUG  ]  No samples found: methylQA
[2019-11-19 14:40:23,067] multiqc                                            [DEBUG  ]  No samples found: phantompeakqualtools
[2019-11-19 14:40:23,075] multiqc                                            [DEBUG  ]  No samples found: qualimap
[2019-11-19 14:40:23,081] multiqc                                            [DEBUG  ]  No samples found: preseq
[2019-11-19 14:40:23,088] multiqc                                            [DEBUG  ]  No samples found: quast
[2019-11-19 14:40:23,094] multiqc                                            [DEBUG  ]  No samples found: qorts
[2019-11-19 14:40:23,100] multiqc                                            [DEBUG  ]  No samples found: rna_seqc
[2019-11-19 14:40:23,106] multiqc                                            [DEBUG  ]  No samples found: rsem
[2019-11-19 14:40:23,118] multiqc                                            [DEBUG  ]  No samples found: rseqc
[2019-11-19 14:40:23,124] multiqc                                            [DEBUG  ]  No samples found: busco
[2019-11-19 14:40:23,128] multiqc                                            [DEBUG  ]  No samples found: goleft_indexcov
[2019-11-19 14:40:23,132] multiqc                                            [DEBUG  ]  No samples found: disambiguate
[2019-11-19 14:40:23,137] multiqc                                            [DEBUG  ]  No samples found: supernova
[2019-11-19 14:40:23,145] multiqc                                            [DEBUG  ]  No samples found: deeptools
[2019-11-19 14:40:23,150] multiqc                                            [DEBUG  ]  No samples found: sargasso
[2019-11-19 14:40:23,154] multiqc                                            [DEBUG  ]  No samples found: verifybamid
[2019-11-19 14:40:23,158] multiqc                                            [DEBUG  ]  No samples found: mirtrace
[2019-11-19 14:40:23,163] multiqc                                            [DEBUG  ]  No samples found: happy
[2019-11-19 14:40:23,168] multiqc                                            [DEBUG  ]  No samples found: homer
[2019-11-19 14:40:23,172] multiqc                                            [DEBUG  ]  No samples found: macs2
[2019-11-19 14:40:23,177] multiqc                                            [DEBUG  ]  No samples found: theta2
[2019-11-19 14:40:23,181] multiqc                                            [DEBUG  ]  No samples found: snpeff
[2019-11-19 14:40:23,187] multiqc                                            [DEBUG  ]  No samples found: gatk
[2019-11-19 14:40:23,191] multiqc                                            [DEBUG  ]  No samples found: htseq
[2019-11-19 14:40:23,196] multiqc                                            [DEBUG  ]  No samples found: bcftools
[2019-11-19 14:40:23,200] multiqc                                            [DEBUG  ]  No samples found: featureCounts
[2019-11-19 14:40:23,204] multiqc                                            [DEBUG  ]  No samples found: dedup
[2019-11-19 14:40:23,208] multiqc                                            [DEBUG  ]  No samples found: damageprofiler
[2019-11-19 14:40:23,220] multiqc                                            [DEBUG  ]  No samples found: picard
[2019-11-19 14:40:23,224] multiqc                                            [DEBUG  ]  No samples found: prokka
[2019-11-19 14:40:23,228] multiqc                                            [DEBUG  ]  No samples found: samblaster
[2019-11-19 14:40:23,235] multiqc                                            [DEBUG  ]  No samples found: samtools
[2019-11-19 14:40:23,240] multiqc                                            [DEBUG  ]  No samples found: bamtools
[2019-11-19 14:40:23,244] multiqc                                            [DEBUG  ]  No samples found: jellyfish
[2019-11-19 14:40:23,250] multiqc                                            [DEBUG  ]  No samples found: vcftools
[2019-11-19 14:40:23,254] multiqc                                            [DEBUG  ]  No samples found: longranger
[2019-11-19 14:40:23,259] multiqc                                            [DEBUG  ]  No samples found: stacks
[2019-11-19 14:40:23,269] multiqc                                            [DEBUG  ]  No samples found: bbmap
[2019-11-19 14:40:23,274] multiqc                                            [DEBUG  ]  No samples found: bismark
[2019-11-19 14:40:23,279] multiqc                                            [DEBUG  ]  No samples found: biscuit
[2019-11-19 14:40:23,283] multiqc                                            [DEBUG  ]  No samples found: hicexplorer
[2019-11-19 14:40:23,288] multiqc                                            [DEBUG  ]  No samples found: hicup
[2019-11-19 14:40:23,293] multiqc                                            [DEBUG  ]  No samples found: hicpro
[2019-11-19 14:40:23,297] multiqc                                            [DEBUG  ]  No samples found: salmon
[2019-11-19 14:40:23,301] multiqc                                            [DEBUG  ]  No samples found: kallisto
[2019-11-19 14:40:23,306] multiqc                                            [DEBUG  ]  No samples found: slamdunk
[2019-11-19 14:40:23,310] multiqc                                            [DEBUG  ]  No samples found: star
[2019-11-19 14:40:23,314] multiqc                                            [DEBUG  ]  No samples found: hisat2
[2019-11-19 14:40:23,319] multiqc                                            [DEBUG  ]  No samples found: tophat
[2019-11-19 14:40:23,323] multiqc                                            [DEBUG  ]  No samples found: bowtie2
[2019-11-19 14:40:23,327] multiqc                                            [DEBUG  ]  No samples found: bowtie1
[2019-11-19 14:40:23,332] multiqc                                            [DEBUG  ]  No samples found: kat
[2019-11-19 14:40:23,336] multiqc                                            [DEBUG  ]  No samples found: leehom
[2019-11-19 14:40:23,343] multiqc                                            [DEBUG  ]  No samples found: adapterRemoval
[2019-11-19 14:40:23,349] multiqc                                            [DEBUG  ]  No samples found: clipandmerge
[2019-11-19 14:40:23,355] multiqc                                            [DEBUG  ]  No samples found: cutadapt
[2019-11-19 14:40:23,359] multiqc                                            [DEBUG  ]  No samples found: flexbar
[2019-11-19 14:40:23,364] multiqc                                            [DEBUG  ]  No samples found: trimmomatic
[2019-11-19 14:40:23,368] multiqc                                            [DEBUG  ]  No samples found: skewer
[2019-11-19 14:40:23,372] multiqc                                            [DEBUG  ]  No samples found: sortmerna
[2019-11-19 14:40:23,376] multiqc                                            [DEBUG  ]  No samples found: biobloomtools
[2019-11-19 14:40:23,381] multiqc                                            [DEBUG  ]  No samples found: fastq_screen
[2019-11-19 14:40:23,385] multiqc                                            [DEBUG  ]  No samples found: afterqc
[2019-11-19 14:40:23,389] multiqc                                            [DEBUG  ]  No samples found: fastp
[2019-11-19 14:40:23,397] multiqc.modules.fastqc.fastqc                      [INFO   ]  Found 1 reports
[2019-11-19 14:40:23,464] multiqc                                            [DEBUG  ]  No samples found: minionqc
[2019-11-19 14:40:23,469] multiqc                                            [DEBUG  ]  No samples found: clusterflow
[2019-11-19 14:40:23,474] multiqc                                            [DEBUG  ]  No samples found: bcl2fastq
[2019-11-19 14:40:23,478] multiqc                                            [DEBUG  ]  No samples found: interop
[2019-11-19 14:40:23,482] multiqc                                            [DEBUG  ]  No samples found: flash
[2019-11-19 14:40:23,485] multiqc                                            [INFO   ]  Compressing plot data
[2019-11-19 14:40:23,514] multiqc                                            [INFO   ]  Report      : ../../../../../../../data/multiqc_report.html
[2019-11-19 14:40:23,514] multiqc                                            [INFO   ]  Data        : ../../../../../../../data/multiqc_data
[2019-11-19 14:40:23,515] multiqc                                            [DEBUG  ]  Moving data file from '/tmp/tmppesif413/multiqc_data/multiqc_general_stats.txt' to '/data/multiqc_data'
[2019-11-19 14:40:23,515] multiqc                                            [DEBUG  ]  Moving data file from '/tmp/tmppesif413/multiqc_data/multiqc_fastqc.txt' to '/data/multiqc_data'
[2019-11-19 14:40:23,515] multiqc                                            [DEBUG  ]  Moving data file from '/tmp/tmppesif413/multiqc_data/multiqc_data.json' to '/data/multiqc_data'
[2019-11-19 14:40:23,516] multiqc                                            [DEBUG  ]  Moving data file from '/tmp/tmppesif413/multiqc_data/multiqc_sources.txt' to '/data/multiqc_data'
[2019-11-19 14:40:23,651] multiqc                                            [INFO   ]  MultiQC complete
