[2019-11-19 14:59:48,524] multiqc                                            [DEBUG  ]  No MultiQC config found: /usr/lib/python3.6/site-packages/multiqc-1.7-py3.6.egg/multiqc_config.yaml
[2019-11-19 14:59:48,524] multiqc                                            [DEBUG  ]  No MultiQC config found: /root/.multiqc_config.yaml
[2019-11-19 14:59:48,524] multiqc                                            [DEBUG  ]  No MultiQC config found: multiqc_config.yaml
[2019-11-19 14:59:48,524] multiqc                                            [DEBUG  ]  Command used: /usr/bin/multiqc /data/HG00250.unmapped.ILLUMINA.bwa.GBR.low_coverage.20101123_fastqc.zip -o /data
[2019-11-19 14:59:50,483] multiqc                                            [DEBUG  ]  Latest MultiQC version is v1.7
[2019-11-19 14:59:50,483] multiqc                                            [INFO   ]  This is MultiQC v1.7
[2019-11-19 14:59:50,483] multiqc                                            [DEBUG  ]  Command     : /usr/bin/multiqc /data/HG00250.unmapped.ILLUMINA.bwa.GBR.low_coverage.20101123_fastqc.zip -o /data
[2019-11-19 14:59:50,483] multiqc                                            [DEBUG  ]  Working dir : /var/lib/toil/toil-9b56b740-ccba-4b13-b998-c6aabca34938-69d14ae953f0400cbe6f0dc87a7486c9/tmpRJrkN7/3a9aa698-f932-4bc6-999f-78189f9350c5/tvGhrym
[2019-11-19 14:59:50,483] multiqc                                            [INFO   ]  Template    : default
[2019-11-19 14:59:50,483] multiqc                                            [INFO   ]  Searching '/data/HG00250.unmapped.ILLUMINA.bwa.GBR.low_coverage.20101123_fastqc.zip'
[2019-11-19 14:59:50,484] multiqc                                            [DEBUG  ]  Analysing modules: custom_content, conpair, peddy, methylQA, phantompeakqualtools, qualimap, preseq, quast, qorts, rna_seqc, rsem, rseqc, busco, goleft_indexcov, disambiguate, supernova, deeptools, sargasso, verifybamid, mirtrace, happy, homer, macs2, theta2, snpeff, gatk, htseq, bcftools, featureCounts, dedup, damageprofiler, picard, prokka, samblaster, samtools, bamtools, jellyfish, vcftools, longranger, stacks, bbmap, bismark, biscuit, hicexplorer, hicup, hicpro, salmon, kallisto, slamdunk, star, hisat2, tophat, bowtie2, bowtie1, kat, leehom, adapterRemoval, clipandmerge, cutadapt, flexbar, trimmomatic, skewer, sortmerna, biobloomtools, fastq_screen, afterqc, fastp, fastqc, minionqc, clusterflow, bcl2fastq, interop, flash
[2019-11-19 14:59:50,484] multiqc                                            [DEBUG  ]  Using temporary directory for creating report: /tmp/tmprqd4w8a9
[2019-11-19 14:59:51,207] multiqc                                            [DEBUG  ]  No samples found: custom_content
[2019-11-19 14:59:51,213] multiqc                                            [DEBUG  ]  No samples found: conpair
[2019-11-19 14:59:51,218] multiqc                                            [DEBUG  ]  No samples found: peddy
[2019-11-19 14:59:51,223] multiqc                                            [DEBUG  ]  No samples found: methylQA
[2019-11-19 14:59:51,228] multiqc                                            [DEBUG  ]  No samples found: phantompeakqualtools
[2019-11-19 14:59:51,235] multiqc                                            [DEBUG  ]  No samples found: qualimap
[2019-11-19 14:59:51,239] multiqc                                            [DEBUG  ]  No samples found: preseq
[2019-11-19 14:59:51,244] multiqc                                            [DEBUG  ]  No samples found: quast
[2019-11-19 14:59:51,249] multiqc                                            [DEBUG  ]  No samples found: qorts
[2019-11-19 14:59:51,253] multiqc                                            [DEBUG  ]  No samples found: rna_seqc
[2019-11-19 14:59:51,257] multiqc                                            [DEBUG  ]  No samples found: rsem
[2019-11-19 14:59:51,265] multiqc                                            [DEBUG  ]  No samples found: rseqc
[2019-11-19 14:59:51,270] multiqc                                            [DEBUG  ]  No samples found: busco
[2019-11-19 14:59:51,274] multiqc                                            [DEBUG  ]  No samples found: goleft_indexcov
[2019-11-19 14:59:51,278] multiqc                                            [DEBUG  ]  No samples found: disambiguate
[2019-11-19 14:59:51,283] multiqc                                            [DEBUG  ]  No samples found: supernova
[2019-11-19 14:59:51,292] multiqc                                            [DEBUG  ]  No samples found: deeptools
[2019-11-19 14:59:51,297] multiqc                                            [DEBUG  ]  No samples found: sargasso
[2019-11-19 14:59:51,301] multiqc                                            [DEBUG  ]  No samples found: verifybamid
[2019-11-19 14:59:51,305] multiqc                                            [DEBUG  ]  No samples found: mirtrace
[2019-11-19 14:59:51,309] multiqc                                            [DEBUG  ]  No samples found: happy
[2019-11-19 14:59:51,315] multiqc                                            [DEBUG  ]  No samples found: homer
[2019-11-19 14:59:51,319] multiqc                                            [DEBUG  ]  No samples found: macs2
[2019-11-19 14:59:51,323] multiqc                                            [DEBUG  ]  No samples found: theta2
[2019-11-19 14:59:51,328] multiqc                                            [DEBUG  ]  No samples found: snpeff
[2019-11-19 14:59:51,334] multiqc                                            [DEBUG  ]  No samples found: gatk
[2019-11-19 14:59:51,338] multiqc                                            [DEBUG  ]  No samples found: htseq
[2019-11-19 14:59:51,343] multiqc                                            [DEBUG  ]  No samples found: bcftools
[2019-11-19 14:59:51,347] multiqc                                            [DEBUG  ]  No samples found: featureCounts
[2019-11-19 14:59:51,352] multiqc                                            [DEBUG  ]  No samples found: dedup
[2019-11-19 14:59:51,357] multiqc                                            [DEBUG  ]  No samples found: damageprofiler
[2019-11-19 14:59:51,371] multiqc                                            [DEBUG  ]  No samples found: picard
[2019-11-19 14:59:51,375] multiqc                                            [DEBUG  ]  No samples found: prokka
[2019-11-19 14:59:51,380] multiqc                                            [DEBUG  ]  No samples found: samblaster
[2019-11-19 14:59:51,387] multiqc                                            [DEBUG  ]  No samples found: samtools
[2019-11-19 14:59:51,392] multiqc                                            [DEBUG  ]  No samples found: bamtools
[2019-11-19 14:59:51,396] multiqc                                            [DEBUG  ]  No samples found: jellyfish
[2019-11-19 14:59:51,402] multiqc                                            [DEBUG  ]  No samples found: vcftools
[2019-11-19 14:59:51,407] multiqc                                            [DEBUG  ]  No samples found: longranger
[2019-11-19 14:59:51,411] multiqc                                            [DEBUG  ]  No samples found: stacks
[2019-11-19 14:59:51,422] multiqc                                            [DEBUG  ]  No samples found: bbmap
[2019-11-19 14:59:51,426] multiqc                                            [DEBUG  ]  No samples found: bismark
[2019-11-19 14:59:51,432] multiqc                                            [DEBUG  ]  No samples found: biscuit
[2019-11-19 14:59:51,436] multiqc                                            [DEBUG  ]  No samples found: hicexplorer
[2019-11-19 14:59:51,440] multiqc                                            [DEBUG  ]  No samples found: hicup
[2019-11-19 14:59:51,444] multiqc                                            [DEBUG  ]  No samples found: hicpro
[2019-11-19 14:59:51,449] multiqc                                            [DEBUG  ]  No samples found: salmon
[2019-11-19 14:59:51,453] multiqc                                            [DEBUG  ]  No samples found: kallisto
[2019-11-19 14:59:51,457] multiqc                                            [DEBUG  ]  No samples found: slamdunk
[2019-11-19 14:59:51,462] multiqc                                            [DEBUG  ]  No samples found: star
[2019-11-19 14:59:51,466] multiqc                                            [DEBUG  ]  No samples found: hisat2
[2019-11-19 14:59:51,471] multiqc                                            [DEBUG  ]  No samples found: tophat
[2019-11-19 14:59:51,475] multiqc                                            [DEBUG  ]  No samples found: bowtie2
[2019-11-19 14:59:51,479] multiqc                                            [DEBUG  ]  No samples found: bowtie1
[2019-11-19 14:59:51,483] multiqc                                            [DEBUG  ]  No samples found: kat
[2019-11-19 14:59:51,487] multiqc                                            [DEBUG  ]  No samples found: leehom
[2019-11-19 14:59:51,493] multiqc                                            [DEBUG  ]  No samples found: adapterRemoval
[2019-11-19 14:59:51,498] multiqc                                            [DEBUG  ]  No samples found: clipandmerge
[2019-11-19 14:59:51,503] multiqc                                            [DEBUG  ]  No samples found: cutadapt
[2019-11-19 14:59:51,508] multiqc                                            [DEBUG  ]  No samples found: flexbar
[2019-11-19 14:59:51,513] multiqc                                            [DEBUG  ]  No samples found: trimmomatic
[2019-11-19 14:59:51,517] multiqc                                            [DEBUG  ]  No samples found: skewer
[2019-11-19 14:59:51,522] multiqc                                            [DEBUG  ]  No samples found: sortmerna
[2019-11-19 14:59:51,526] multiqc                                            [DEBUG  ]  No samples found: biobloomtools
[2019-11-19 14:59:51,530] multiqc                                            [DEBUG  ]  No samples found: fastq_screen
[2019-11-19 14:59:51,535] multiqc                                            [DEBUG  ]  No samples found: afterqc
[2019-11-19 14:59:51,539] multiqc                                            [DEBUG  ]  No samples found: fastp
[2019-11-19 14:59:51,547] multiqc.modules.fastqc.fastqc                      [INFO   ]  Found 1 reports
[2019-11-19 14:59:51,601] multiqc                                            [DEBUG  ]  No samples found: minionqc
[2019-11-19 14:59:51,606] multiqc                                            [DEBUG  ]  No samples found: clusterflow
[2019-11-19 14:59:51,610] multiqc                                            [DEBUG  ]  No samples found: bcl2fastq
[2019-11-19 14:59:51,614] multiqc                                            [DEBUG  ]  No samples found: interop
[2019-11-19 14:59:51,618] multiqc                                            [DEBUG  ]  No samples found: flash
[2019-11-19 14:59:51,621] multiqc                                            [INFO   ]  Compressing plot data
[2019-11-19 14:59:51,658] multiqc                                            [INFO   ]  Report      : ../../../../../../../data/multiqc_report.html
[2019-11-19 14:59:51,658] multiqc                                            [INFO   ]  Data        : ../../../../../../../data/multiqc_data
[2019-11-19 14:59:51,659] multiqc                                            [DEBUG  ]  Moving data file from '/tmp/tmprqd4w8a9/multiqc_data/multiqc_general_stats.txt' to '/data/multiqc_data'
[2019-11-19 14:59:51,659] multiqc                                            [DEBUG  ]  Moving data file from '/tmp/tmprqd4w8a9/multiqc_data/multiqc_fastqc.txt' to '/data/multiqc_data'
[2019-11-19 14:59:51,659] multiqc                                            [DEBUG  ]  Moving data file from '/tmp/tmprqd4w8a9/multiqc_data/multiqc_data.json' to '/data/multiqc_data'
[2019-11-19 14:59:51,659] multiqc                                            [DEBUG  ]  Moving data file from '/tmp/tmprqd4w8a9/multiqc_data/multiqc_sources.txt' to '/data/multiqc_data'
[2019-11-19 14:59:51,795] multiqc                                            [INFO   ]  MultiQC complete
