[2019-11-19 07:13:55,893] multiqc                                            [DEBUG  ]  No MultiQC config found: /usr/lib/python3.6/site-packages/multiqc-1.7-py3.6.egg/multiqc_config.yaml
[2019-11-19 07:13:55,893] multiqc                                            [DEBUG  ]  No MultiQC config found: /root/.multiqc_config.yaml
[2019-11-19 07:13:55,893] multiqc                                            [DEBUG  ]  No MultiQC config found: multiqc_config.yaml
[2019-11-19 07:13:55,893] multiqc                                            [DEBUG  ]  Command used: /usr/bin/multiqc /data/HG00109.unmapped.SOLID.bfast.GBR.low_coverage.20101123_fastqc.zip -o /data
[2019-11-19 07:13:57,668] multiqc                                            [DEBUG  ]  Latest MultiQC version is v1.7
[2019-11-19 07:13:57,668] multiqc                                            [INFO   ]  This is MultiQC v1.7
[2019-11-19 07:13:57,668] multiqc                                            [DEBUG  ]  Command     : /usr/bin/multiqc /data/HG00109.unmapped.SOLID.bfast.GBR.low_coverage.20101123_fastqc.zip -o /data
[2019-11-19 07:13:57,668] multiqc                                            [DEBUG  ]  Working dir : /var/lib/toil/toil-9b56b740-ccba-4b13-b998-c6aabca34938-69d14ae953f0400cbe6f0dc87a7486c9/tmpThEDNh/cb64ad99-261e-41cf-8330-261b6a26f1b9/t7CimFM
[2019-11-19 07:13:57,668] multiqc                                            [INFO   ]  Template    : default
[2019-11-19 07:13:57,668] multiqc                                            [INFO   ]  Searching '/data/HG00109.unmapped.SOLID.bfast.GBR.low_coverage.20101123_fastqc.zip'
[2019-11-19 07:13:57,669] multiqc                                            [DEBUG  ]  Analysing modules: custom_content, conpair, peddy, methylQA, phantompeakqualtools, qualimap, preseq, quast, qorts, rna_seqc, rsem, rseqc, busco, goleft_indexcov, disambiguate, supernova, deeptools, sargasso, verifybamid, mirtrace, happy, homer, macs2, theta2, snpeff, gatk, htseq, bcftools, featureCounts, dedup, damageprofiler, picard, prokka, samblaster, samtools, bamtools, jellyfish, vcftools, longranger, stacks, bbmap, bismark, biscuit, hicexplorer, hicup, hicpro, salmon, kallisto, slamdunk, star, hisat2, tophat, bowtie2, bowtie1, kat, leehom, adapterRemoval, clipandmerge, cutadapt, flexbar, trimmomatic, skewer, sortmerna, biobloomtools, fastq_screen, afterqc, fastp, fastqc, minionqc, clusterflow, bcl2fastq, interop, flash
[2019-11-19 07:13:57,669] multiqc                                            [DEBUG  ]  Using temporary directory for creating report: /tmp/tmpt0701m4d
[2019-11-19 07:13:58,376] multiqc                                            [DEBUG  ]  No samples found: custom_content
[2019-11-19 07:13:58,380] multiqc                                            [DEBUG  ]  No samples found: conpair
[2019-11-19 07:13:58,385] multiqc                                            [DEBUG  ]  No samples found: peddy
[2019-11-19 07:13:58,389] multiqc                                            [DEBUG  ]  No samples found: methylQA
[2019-11-19 07:13:58,393] multiqc                                            [DEBUG  ]  No samples found: phantompeakqualtools
[2019-11-19 07:13:58,398] multiqc                                            [DEBUG  ]  No samples found: qualimap
[2019-11-19 07:13:58,402] multiqc                                            [DEBUG  ]  No samples found: preseq
[2019-11-19 07:13:58,407] multiqc                                            [DEBUG  ]  No samples found: quast
[2019-11-19 07:13:58,411] multiqc                                            [DEBUG  ]  No samples found: qorts
[2019-11-19 07:13:58,415] multiqc                                            [DEBUG  ]  No samples found: rna_seqc
[2019-11-19 07:13:58,419] multiqc                                            [DEBUG  ]  No samples found: rsem
[2019-11-19 07:13:58,428] multiqc                                            [DEBUG  ]  No samples found: rseqc
[2019-11-19 07:13:58,432] multiqc                                            [DEBUG  ]  No samples found: busco
[2019-11-19 07:13:58,436] multiqc                                            [DEBUG  ]  No samples found: goleft_indexcov
[2019-11-19 07:13:58,440] multiqc                                            [DEBUG  ]  No samples found: disambiguate
[2019-11-19 07:13:58,445] multiqc                                            [DEBUG  ]  No samples found: supernova
[2019-11-19 07:13:58,454] multiqc                                            [DEBUG  ]  No samples found: deeptools
[2019-11-19 07:13:58,458] multiqc                                            [DEBUG  ]  No samples found: sargasso
[2019-11-19 07:13:58,462] multiqc                                            [DEBUG  ]  No samples found: verifybamid
[2019-11-19 07:13:58,466] multiqc                                            [DEBUG  ]  No samples found: mirtrace
[2019-11-19 07:13:58,470] multiqc                                            [DEBUG  ]  No samples found: happy
[2019-11-19 07:13:58,475] multiqc                                            [DEBUG  ]  No samples found: homer
[2019-11-19 07:13:58,479] multiqc                                            [DEBUG  ]  No samples found: macs2
[2019-11-19 07:13:58,483] multiqc                                            [DEBUG  ]  No samples found: theta2
[2019-11-19 07:13:58,487] multiqc                                            [DEBUG  ]  No samples found: snpeff
[2019-11-19 07:13:58,492] multiqc                                            [DEBUG  ]  No samples found: gatk
[2019-11-19 07:13:58,496] multiqc                                            [DEBUG  ]  No samples found: htseq
[2019-11-19 07:13:58,501] multiqc                                            [DEBUG  ]  No samples found: bcftools
[2019-11-19 07:13:58,507] multiqc                                            [DEBUG  ]  No samples found: featureCounts
[2019-11-19 07:13:58,512] multiqc                                            [DEBUG  ]  No samples found: dedup
[2019-11-19 07:13:58,517] multiqc                                            [DEBUG  ]  No samples found: damageprofiler
[2019-11-19 07:13:58,528] multiqc                                            [DEBUG  ]  No samples found: picard
[2019-11-19 07:13:58,532] multiqc                                            [DEBUG  ]  No samples found: prokka
[2019-11-19 07:13:58,537] multiqc                                            [DEBUG  ]  No samples found: samblaster
[2019-11-19 07:13:58,543] multiqc                                            [DEBUG  ]  No samples found: samtools
[2019-11-19 07:13:58,548] multiqc                                            [DEBUG  ]  No samples found: bamtools
[2019-11-19 07:13:58,552] multiqc                                            [DEBUG  ]  No samples found: jellyfish
[2019-11-19 07:13:58,559] multiqc                                            [DEBUG  ]  No samples found: vcftools
[2019-11-19 07:13:58,563] multiqc                                            [DEBUG  ]  No samples found: longranger
[2019-11-19 07:13:58,567] multiqc                                            [DEBUG  ]  No samples found: stacks
[2019-11-19 07:13:58,577] multiqc                                            [DEBUG  ]  No samples found: bbmap
[2019-11-19 07:13:58,581] multiqc                                            [DEBUG  ]  No samples found: bismark
[2019-11-19 07:13:58,587] multiqc                                            [DEBUG  ]  No samples found: biscuit
[2019-11-19 07:13:58,590] multiqc                                            [DEBUG  ]  No samples found: hicexplorer
[2019-11-19 07:13:58,594] multiqc                                            [DEBUG  ]  No samples found: hicup
[2019-11-19 07:13:58,598] multiqc                                            [DEBUG  ]  No samples found: hicpro
[2019-11-19 07:13:58,602] multiqc                                            [DEBUG  ]  No samples found: salmon
[2019-11-19 07:13:58,606] multiqc                                            [DEBUG  ]  No samples found: kallisto
[2019-11-19 07:13:58,611] multiqc                                            [DEBUG  ]  No samples found: slamdunk
[2019-11-19 07:13:58,615] multiqc                                            [DEBUG  ]  No samples found: star
[2019-11-19 07:13:58,619] multiqc                                            [DEBUG  ]  No samples found: hisat2
[2019-11-19 07:13:58,623] multiqc                                            [DEBUG  ]  No samples found: tophat
[2019-11-19 07:13:58,627] multiqc                                            [DEBUG  ]  No samples found: bowtie2
[2019-11-19 07:13:58,631] multiqc                                            [DEBUG  ]  No samples found: bowtie1
[2019-11-19 07:13:58,635] multiqc                                            [DEBUG  ]  No samples found: kat
[2019-11-19 07:13:58,640] multiqc                                            [DEBUG  ]  No samples found: leehom
[2019-11-19 07:13:58,645] multiqc                                            [DEBUG  ]  No samples found: adapterRemoval
[2019-11-19 07:13:58,651] multiqc                                            [DEBUG  ]  No samples found: clipandmerge
[2019-11-19 07:13:58,655] multiqc                                            [DEBUG  ]  No samples found: cutadapt
[2019-11-19 07:13:58,659] multiqc                                            [DEBUG  ]  No samples found: flexbar
[2019-11-19 07:13:58,664] multiqc                                            [DEBUG  ]  No samples found: trimmomatic
[2019-11-19 07:13:58,668] multiqc                                            [DEBUG  ]  No samples found: skewer
[2019-11-19 07:13:58,672] multiqc                                            [DEBUG  ]  No samples found: sortmerna
[2019-11-19 07:13:58,676] multiqc                                            [DEBUG  ]  No samples found: biobloomtools
[2019-11-19 07:13:58,680] multiqc                                            [DEBUG  ]  No samples found: fastq_screen
[2019-11-19 07:13:58,684] multiqc                                            [DEBUG  ]  No samples found: afterqc
[2019-11-19 07:13:58,689] multiqc                                            [DEBUG  ]  No samples found: fastp
[2019-11-19 07:13:58,697] multiqc.modules.fastqc.fastqc                      [INFO   ]  Found 1 reports
[2019-11-19 07:13:58,740] multiqc                                            [DEBUG  ]  No samples found: minionqc
[2019-11-19 07:13:58,744] multiqc                                            [DEBUG  ]  No samples found: clusterflow
[2019-11-19 07:13:58,748] multiqc                                            [DEBUG  ]  No samples found: bcl2fastq
[2019-11-19 07:13:58,752] multiqc                                            [DEBUG  ]  No samples found: interop
[2019-11-19 07:13:58,757] multiqc                                            [DEBUG  ]  No samples found: flash
[2019-11-19 07:13:58,760] multiqc                                            [INFO   ]  Compressing plot data
[2019-11-19 07:13:58,787] multiqc                                            [INFO   ]  Report      : ../../../../../../../data/multiqc_report.html
[2019-11-19 07:13:58,787] multiqc                                            [INFO   ]  Data        : ../../../../../../../data/multiqc_data
[2019-11-19 07:13:58,787] multiqc                                            [DEBUG  ]  Moving data file from '/tmp/tmpt0701m4d/multiqc_data/multiqc_general_stats.txt' to '/data/multiqc_data'
[2019-11-19 07:13:58,788] multiqc                                            [DEBUG  ]  Moving data file from '/tmp/tmpt0701m4d/multiqc_data/multiqc_fastqc.txt' to '/data/multiqc_data'
[2019-11-19 07:13:58,788] multiqc                                            [DEBUG  ]  Moving data file from '/tmp/tmpt0701m4d/multiqc_data/multiqc_data.json' to '/data/multiqc_data'
[2019-11-19 07:13:58,788] multiqc                                            [DEBUG  ]  Moving data file from '/tmp/tmpt0701m4d/multiqc_data/multiqc_sources.txt' to '/data/multiqc_data'
[2019-11-19 07:13:58,919] multiqc                                            [INFO   ]  MultiQC complete
