[2019-11-19 10:18:20,939] multiqc                                            [DEBUG  ]  No MultiQC config found: /usr/lib/python3.6/site-packages/multiqc-1.7-py3.6.egg/multiqc_config.yaml
[2019-11-19 10:18:20,939] multiqc                                            [DEBUG  ]  No MultiQC config found: /root/.multiqc_config.yaml
[2019-11-19 10:18:20,939] multiqc                                            [DEBUG  ]  No MultiQC config found: multiqc_config.yaml
[2019-11-19 10:18:20,939] multiqc                                            [DEBUG  ]  Command used: /usr/bin/multiqc /data/HG00126.mapped.ILLUMINA.bwa.GBR.low_coverage.20101123_fastqc.zip -o /data
[2019-11-19 10:18:22,661] multiqc                                            [DEBUG  ]  Latest MultiQC version is v1.7
[2019-11-19 10:18:22,661] multiqc                                            [INFO   ]  This is MultiQC v1.7
[2019-11-19 10:18:22,662] multiqc                                            [DEBUG  ]  Command     : /usr/bin/multiqc /data/HG00126.mapped.ILLUMINA.bwa.GBR.low_coverage.20101123_fastqc.zip -o /data
[2019-11-19 10:18:22,662] multiqc                                            [DEBUG  ]  Working dir : /var/lib/toil/toil-9b56b740-ccba-4b13-b998-c6aabca34938-69d14ae953f0400cbe6f0dc87a7486c9/tmpBltqWE/a6229803-a58b-4de2-bda5-cbe4fd592138/tBDfjBZ
[2019-11-19 10:18:22,662] multiqc                                            [INFO   ]  Template    : default
[2019-11-19 10:18:22,662] multiqc                                            [INFO   ]  Searching '/data/HG00126.mapped.ILLUMINA.bwa.GBR.low_coverage.20101123_fastqc.zip'
[2019-11-19 10:18:22,662] multiqc                                            [DEBUG  ]  Analysing modules: custom_content, conpair, peddy, methylQA, phantompeakqualtools, qualimap, preseq, quast, qorts, rna_seqc, rsem, rseqc, busco, goleft_indexcov, disambiguate, supernova, deeptools, sargasso, verifybamid, mirtrace, happy, homer, macs2, theta2, snpeff, gatk, htseq, bcftools, featureCounts, dedup, damageprofiler, picard, prokka, samblaster, samtools, bamtools, jellyfish, vcftools, longranger, stacks, bbmap, bismark, biscuit, hicexplorer, hicup, hicpro, salmon, kallisto, slamdunk, star, hisat2, tophat, bowtie2, bowtie1, kat, leehom, adapterRemoval, clipandmerge, cutadapt, flexbar, trimmomatic, skewer, sortmerna, biobloomtools, fastq_screen, afterqc, fastp, fastqc, minionqc, clusterflow, bcl2fastq, interop, flash
[2019-11-19 10:18:22,663] multiqc                                            [DEBUG  ]  Using temporary directory for creating report: /tmp/tmpwd3lcxpn
[2019-11-19 10:18:23,276] multiqc                                            [DEBUG  ]  No samples found: custom_content
[2019-11-19 10:18:23,279] multiqc                                            [DEBUG  ]  No samples found: conpair
[2019-11-19 10:18:23,283] multiqc                                            [DEBUG  ]  No samples found: peddy
[2019-11-19 10:18:23,287] multiqc                                            [DEBUG  ]  No samples found: methylQA
[2019-11-19 10:18:23,291] multiqc                                            [DEBUG  ]  No samples found: phantompeakqualtools
[2019-11-19 10:18:23,298] multiqc                                            [DEBUG  ]  No samples found: qualimap
[2019-11-19 10:18:23,304] multiqc                                            [DEBUG  ]  No samples found: preseq
[2019-11-19 10:18:23,309] multiqc                                            [DEBUG  ]  No samples found: quast
[2019-11-19 10:18:23,313] multiqc                                            [DEBUG  ]  No samples found: qorts
[2019-11-19 10:18:23,317] multiqc                                            [DEBUG  ]  No samples found: rna_seqc
[2019-11-19 10:18:23,321] multiqc                                            [DEBUG  ]  No samples found: rsem
[2019-11-19 10:18:23,329] multiqc                                            [DEBUG  ]  No samples found: rseqc
[2019-11-19 10:18:23,333] multiqc                                            [DEBUG  ]  No samples found: busco
[2019-11-19 10:18:23,338] multiqc                                            [DEBUG  ]  No samples found: goleft_indexcov
[2019-11-19 10:18:23,342] multiqc                                            [DEBUG  ]  No samples found: disambiguate
[2019-11-19 10:18:23,346] multiqc                                            [DEBUG  ]  No samples found: supernova
[2019-11-19 10:18:23,355] multiqc                                            [DEBUG  ]  No samples found: deeptools
[2019-11-19 10:18:23,358] multiqc                                            [DEBUG  ]  No samples found: sargasso
[2019-11-19 10:18:23,362] multiqc                                            [DEBUG  ]  No samples found: verifybamid
[2019-11-19 10:18:23,366] multiqc                                            [DEBUG  ]  No samples found: mirtrace
[2019-11-19 10:18:23,369] multiqc                                            [DEBUG  ]  No samples found: happy
[2019-11-19 10:18:23,374] multiqc                                            [DEBUG  ]  No samples found: homer
[2019-11-19 10:18:23,378] multiqc                                            [DEBUG  ]  No samples found: macs2
[2019-11-19 10:18:23,381] multiqc                                            [DEBUG  ]  No samples found: theta2
[2019-11-19 10:18:23,385] multiqc                                            [DEBUG  ]  No samples found: snpeff
[2019-11-19 10:18:23,390] multiqc                                            [DEBUG  ]  No samples found: gatk
[2019-11-19 10:18:23,393] multiqc                                            [DEBUG  ]  No samples found: htseq
[2019-11-19 10:18:23,397] multiqc                                            [DEBUG  ]  No samples found: bcftools
[2019-11-19 10:18:23,401] multiqc                                            [DEBUG  ]  No samples found: featureCounts
[2019-11-19 10:18:23,405] multiqc                                            [DEBUG  ]  No samples found: dedup
[2019-11-19 10:18:23,408] multiqc                                            [DEBUG  ]  No samples found: damageprofiler
[2019-11-19 10:18:23,417] multiqc                                            [DEBUG  ]  No samples found: picard
[2019-11-19 10:18:23,421] multiqc                                            [DEBUG  ]  No samples found: prokka
[2019-11-19 10:18:23,424] multiqc                                            [DEBUG  ]  No samples found: samblaster
[2019-11-19 10:18:23,430] multiqc                                            [DEBUG  ]  No samples found: samtools
[2019-11-19 10:18:23,434] multiqc                                            [DEBUG  ]  No samples found: bamtools
[2019-11-19 10:18:23,438] multiqc                                            [DEBUG  ]  No samples found: jellyfish
[2019-11-19 10:18:23,443] multiqc                                            [DEBUG  ]  No samples found: vcftools
[2019-11-19 10:18:23,447] multiqc                                            [DEBUG  ]  No samples found: longranger
[2019-11-19 10:18:23,450] multiqc                                            [DEBUG  ]  No samples found: stacks
[2019-11-19 10:18:23,459] multiqc                                            [DEBUG  ]  No samples found: bbmap
[2019-11-19 10:18:23,463] multiqc                                            [DEBUG  ]  No samples found: bismark
[2019-11-19 10:18:23,469] multiqc                                            [DEBUG  ]  No samples found: biscuit
[2019-11-19 10:18:23,474] multiqc                                            [DEBUG  ]  No samples found: hicexplorer
[2019-11-19 10:18:23,478] multiqc                                            [DEBUG  ]  No samples found: hicup
[2019-11-19 10:18:23,481] multiqc                                            [DEBUG  ]  No samples found: hicpro
[2019-11-19 10:18:23,486] multiqc                                            [DEBUG  ]  No samples found: salmon
[2019-11-19 10:18:23,491] multiqc                                            [DEBUG  ]  No samples found: kallisto
[2019-11-19 10:18:23,495] multiqc                                            [DEBUG  ]  No samples found: slamdunk
[2019-11-19 10:18:23,499] multiqc                                            [DEBUG  ]  No samples found: star
[2019-11-19 10:18:23,502] multiqc                                            [DEBUG  ]  No samples found: hisat2
[2019-11-19 10:18:23,506] multiqc                                            [DEBUG  ]  No samples found: tophat
[2019-11-19 10:18:23,510] multiqc                                            [DEBUG  ]  No samples found: bowtie2
[2019-11-19 10:18:23,513] multiqc                                            [DEBUG  ]  No samples found: bowtie1
[2019-11-19 10:18:23,517] multiqc                                            [DEBUG  ]  No samples found: kat
[2019-11-19 10:18:23,521] multiqc                                            [DEBUG  ]  No samples found: leehom
[2019-11-19 10:18:23,524] multiqc                                            [DEBUG  ]  No samples found: adapterRemoval
[2019-11-19 10:18:23,528] multiqc                                            [DEBUG  ]  No samples found: clipandmerge
[2019-11-19 10:18:23,531] multiqc                                            [DEBUG  ]  No samples found: cutadapt
[2019-11-19 10:18:23,535] multiqc                                            [DEBUG  ]  No samples found: flexbar
[2019-11-19 10:18:23,539] multiqc                                            [DEBUG  ]  No samples found: trimmomatic
[2019-11-19 10:18:23,542] multiqc                                            [DEBUG  ]  No samples found: skewer
[2019-11-19 10:18:23,546] multiqc                                            [DEBUG  ]  No samples found: sortmerna
[2019-11-19 10:18:23,550] multiqc                                            [DEBUG  ]  No samples found: biobloomtools
[2019-11-19 10:18:23,553] multiqc                                            [DEBUG  ]  No samples found: fastq_screen
[2019-11-19 10:18:23,557] multiqc                                            [DEBUG  ]  No samples found: afterqc
[2019-11-19 10:18:23,561] multiqc                                            [DEBUG  ]  No samples found: fastp
[2019-11-19 10:18:23,568] multiqc.modules.fastqc.fastqc                      [INFO   ]  Found 1 reports
[2019-11-19 10:18:23,623] multiqc                                            [DEBUG  ]  No samples found: minionqc
[2019-11-19 10:18:23,627] multiqc                                            [DEBUG  ]  No samples found: clusterflow
[2019-11-19 10:18:23,632] multiqc                                            [DEBUG  ]  No samples found: bcl2fastq
[2019-11-19 10:18:23,636] multiqc                                            [DEBUG  ]  No samples found: interop
[2019-11-19 10:18:23,639] multiqc                                            [DEBUG  ]  No samples found: flash
[2019-11-19 10:18:23,642] multiqc                                            [INFO   ]  Compressing plot data
[2019-11-19 10:18:23,669] multiqc                                            [INFO   ]  Report      : ../../../../../../../data/multiqc_report.html
[2019-11-19 10:18:23,669] multiqc                                            [INFO   ]  Data        : ../../../../../../../data/multiqc_data
[2019-11-19 10:18:23,670] multiqc                                            [DEBUG  ]  Moving data file from '/tmp/tmpwd3lcxpn/multiqc_data/multiqc_general_stats.txt' to '/data/multiqc_data'
[2019-11-19 10:18:23,670] multiqc                                            [DEBUG  ]  Moving data file from '/tmp/tmpwd3lcxpn/multiqc_data/multiqc_fastqc.txt' to '/data/multiqc_data'
[2019-11-19 10:18:23,670] multiqc                                            [DEBUG  ]  Moving data file from '/tmp/tmpwd3lcxpn/multiqc_data/multiqc_data.json' to '/data/multiqc_data'
[2019-11-19 10:18:23,670] multiqc                                            [DEBUG  ]  Moving data file from '/tmp/tmpwd3lcxpn/multiqc_data/multiqc_sources.txt' to '/data/multiqc_data'
[2019-11-19 10:18:23,787] multiqc                                            [INFO   ]  MultiQC complete
