[2019-11-19 09:43:20,620] multiqc                                            [DEBUG  ]  No MultiQC config found: /usr/lib/python3.6/site-packages/multiqc-1.7-py3.6.egg/multiqc_config.yaml
[2019-11-19 09:43:20,620] multiqc                                            [DEBUG  ]  No MultiQC config found: /root/.multiqc_config.yaml
[2019-11-19 09:43:20,620] multiqc                                            [DEBUG  ]  No MultiQC config found: multiqc_config.yaml
[2019-11-19 09:43:20,620] multiqc                                            [DEBUG  ]  Command used: /usr/bin/multiqc /data/HG00125.unmapped.ILLUMINA.bwa.GBR.low_coverage.20101123_fastqc.zip -o /data
[2019-11-19 09:43:22,286] multiqc                                            [DEBUG  ]  Latest MultiQC version is v1.7
[2019-11-19 09:43:22,287] multiqc                                            [INFO   ]  This is MultiQC v1.7
[2019-11-19 09:43:22,287] multiqc                                            [DEBUG  ]  Command     : /usr/bin/multiqc /data/HG00125.unmapped.ILLUMINA.bwa.GBR.low_coverage.20101123_fastqc.zip -o /data
[2019-11-19 09:43:22,287] multiqc                                            [DEBUG  ]  Working dir : /var/lib/toil/toil-9b56b740-ccba-4b13-b998-c6aabca34938-69d14ae953f0400cbe6f0dc87a7486c9/tmptsclmd/4430c213-82a3-4b34-83fd-c73bf28318e6/tNl7VQH
[2019-11-19 09:43:22,287] multiqc                                            [INFO   ]  Template    : default
[2019-11-19 09:43:22,287] multiqc                                            [INFO   ]  Searching '/data/HG00125.unmapped.ILLUMINA.bwa.GBR.low_coverage.20101123_fastqc.zip'
[2019-11-19 09:43:22,287] multiqc                                            [DEBUG  ]  Analysing modules: custom_content, conpair, peddy, methylQA, phantompeakqualtools, qualimap, preseq, quast, qorts, rna_seqc, rsem, rseqc, busco, goleft_indexcov, disambiguate, supernova, deeptools, sargasso, verifybamid, mirtrace, happy, homer, macs2, theta2, snpeff, gatk, htseq, bcftools, featureCounts, dedup, damageprofiler, picard, prokka, samblaster, samtools, bamtools, jellyfish, vcftools, longranger, stacks, bbmap, bismark, biscuit, hicexplorer, hicup, hicpro, salmon, kallisto, slamdunk, star, hisat2, tophat, bowtie2, bowtie1, kat, leehom, adapterRemoval, clipandmerge, cutadapt, flexbar, trimmomatic, skewer, sortmerna, biobloomtools, fastq_screen, afterqc, fastp, fastqc, minionqc, clusterflow, bcl2fastq, interop, flash
[2019-11-19 09:43:22,287] multiqc                                            [DEBUG  ]  Using temporary directory for creating report: /tmp/tmpz89yk78x
[2019-11-19 09:43:22,927] multiqc                                            [DEBUG  ]  No samples found: custom_content
[2019-11-19 09:43:22,931] multiqc                                            [DEBUG  ]  No samples found: conpair
[2019-11-19 09:43:22,934] multiqc                                            [DEBUG  ]  No samples found: peddy
[2019-11-19 09:43:22,938] multiqc                                            [DEBUG  ]  No samples found: methylQA
[2019-11-19 09:43:22,941] multiqc                                            [DEBUG  ]  No samples found: phantompeakqualtools
[2019-11-19 09:43:22,946] multiqc                                            [DEBUG  ]  No samples found: qualimap
[2019-11-19 09:43:22,949] multiqc                                            [DEBUG  ]  No samples found: preseq
[2019-11-19 09:43:22,953] multiqc                                            [DEBUG  ]  No samples found: quast
[2019-11-19 09:43:22,957] multiqc                                            [DEBUG  ]  No samples found: qorts
[2019-11-19 09:43:22,960] multiqc                                            [DEBUG  ]  No samples found: rna_seqc
[2019-11-19 09:43:22,964] multiqc                                            [DEBUG  ]  No samples found: rsem
[2019-11-19 09:43:22,971] multiqc                                            [DEBUG  ]  No samples found: rseqc
[2019-11-19 09:43:22,975] multiqc                                            [DEBUG  ]  No samples found: busco
[2019-11-19 09:43:22,978] multiqc                                            [DEBUG  ]  No samples found: goleft_indexcov
[2019-11-19 09:43:22,982] multiqc                                            [DEBUG  ]  No samples found: disambiguate
[2019-11-19 09:43:22,985] multiqc                                            [DEBUG  ]  No samples found: supernova
[2019-11-19 09:43:22,992] multiqc                                            [DEBUG  ]  No samples found: deeptools
[2019-11-19 09:43:22,995] multiqc                                            [DEBUG  ]  No samples found: sargasso
[2019-11-19 09:43:22,999] multiqc                                            [DEBUG  ]  No samples found: verifybamid
[2019-11-19 09:43:23,002] multiqc                                            [DEBUG  ]  No samples found: mirtrace
[2019-11-19 09:43:23,005] multiqc                                            [DEBUG  ]  No samples found: happy
[2019-11-19 09:43:23,010] multiqc                                            [DEBUG  ]  No samples found: homer
[2019-11-19 09:43:23,013] multiqc                                            [DEBUG  ]  No samples found: macs2
[2019-11-19 09:43:23,016] multiqc                                            [DEBUG  ]  No samples found: theta2
[2019-11-19 09:43:23,020] multiqc                                            [DEBUG  ]  No samples found: snpeff
[2019-11-19 09:43:23,025] multiqc                                            [DEBUG  ]  No samples found: gatk
[2019-11-19 09:43:23,028] multiqc                                            [DEBUG  ]  No samples found: htseq
[2019-11-19 09:43:23,033] multiqc                                            [DEBUG  ]  No samples found: bcftools
[2019-11-19 09:43:23,036] multiqc                                            [DEBUG  ]  No samples found: featureCounts
[2019-11-19 09:43:23,039] multiqc                                            [DEBUG  ]  No samples found: dedup
[2019-11-19 09:43:23,043] multiqc                                            [DEBUG  ]  No samples found: damageprofiler
[2019-11-19 09:43:23,052] multiqc                                            [DEBUG  ]  No samples found: picard
[2019-11-19 09:43:23,056] multiqc                                            [DEBUG  ]  No samples found: prokka
[2019-11-19 09:43:23,059] multiqc                                            [DEBUG  ]  No samples found: samblaster
[2019-11-19 09:43:23,065] multiqc                                            [DEBUG  ]  No samples found: samtools
[2019-11-19 09:43:23,069] multiqc                                            [DEBUG  ]  No samples found: bamtools
[2019-11-19 09:43:23,073] multiqc                                            [DEBUG  ]  No samples found: jellyfish
[2019-11-19 09:43:23,077] multiqc                                            [DEBUG  ]  No samples found: vcftools
[2019-11-19 09:43:23,081] multiqc                                            [DEBUG  ]  No samples found: longranger
[2019-11-19 09:43:23,084] multiqc                                            [DEBUG  ]  No samples found: stacks
[2019-11-19 09:43:23,093] multiqc                                            [DEBUG  ]  No samples found: bbmap
[2019-11-19 09:43:23,097] multiqc                                            [DEBUG  ]  No samples found: bismark
[2019-11-19 09:43:23,102] multiqc                                            [DEBUG  ]  No samples found: biscuit
[2019-11-19 09:43:23,105] multiqc                                            [DEBUG  ]  No samples found: hicexplorer
[2019-11-19 09:43:23,109] multiqc                                            [DEBUG  ]  No samples found: hicup
[2019-11-19 09:43:23,112] multiqc                                            [DEBUG  ]  No samples found: hicpro
[2019-11-19 09:43:23,116] multiqc                                            [DEBUG  ]  No samples found: salmon
[2019-11-19 09:43:23,119] multiqc                                            [DEBUG  ]  No samples found: kallisto
[2019-11-19 09:43:23,123] multiqc                                            [DEBUG  ]  No samples found: slamdunk
[2019-11-19 09:43:23,126] multiqc                                            [DEBUG  ]  No samples found: star
[2019-11-19 09:43:23,130] multiqc                                            [DEBUG  ]  No samples found: hisat2
[2019-11-19 09:43:23,133] multiqc                                            [DEBUG  ]  No samples found: tophat
[2019-11-19 09:43:23,136] multiqc                                            [DEBUG  ]  No samples found: bowtie2
[2019-11-19 09:43:23,139] multiqc                                            [DEBUG  ]  No samples found: bowtie1
[2019-11-19 09:43:23,143] multiqc                                            [DEBUG  ]  No samples found: kat
[2019-11-19 09:43:23,146] multiqc                                            [DEBUG  ]  No samples found: leehom
[2019-11-19 09:43:23,149] multiqc                                            [DEBUG  ]  No samples found: adapterRemoval
[2019-11-19 09:43:23,153] multiqc                                            [DEBUG  ]  No samples found: clipandmerge
[2019-11-19 09:43:23,156] multiqc                                            [DEBUG  ]  No samples found: cutadapt
[2019-11-19 09:43:23,159] multiqc                                            [DEBUG  ]  No samples found: flexbar
[2019-11-19 09:43:23,163] multiqc                                            [DEBUG  ]  No samples found: trimmomatic
[2019-11-19 09:43:23,166] multiqc                                            [DEBUG  ]  No samples found: skewer
[2019-11-19 09:43:23,169] multiqc                                            [DEBUG  ]  No samples found: sortmerna
[2019-11-19 09:43:23,172] multiqc                                            [DEBUG  ]  No samples found: biobloomtools
[2019-11-19 09:43:23,176] multiqc                                            [DEBUG  ]  No samples found: fastq_screen
[2019-11-19 09:43:23,179] multiqc                                            [DEBUG  ]  No samples found: afterqc
[2019-11-19 09:43:23,182] multiqc                                            [DEBUG  ]  No samples found: fastp
[2019-11-19 09:43:23,189] multiqc.modules.fastqc.fastqc                      [INFO   ]  Found 1 reports
[2019-11-19 09:43:23,238] multiqc                                            [DEBUG  ]  No samples found: minionqc
[2019-11-19 09:43:23,241] multiqc                                            [DEBUG  ]  No samples found: clusterflow
[2019-11-19 09:43:23,245] multiqc                                            [DEBUG  ]  No samples found: bcl2fastq
[2019-11-19 09:43:23,248] multiqc                                            [DEBUG  ]  No samples found: interop
[2019-11-19 09:43:23,252] multiqc                                            [DEBUG  ]  No samples found: flash
[2019-11-19 09:43:23,254] multiqc                                            [INFO   ]  Compressing plot data
[2019-11-19 09:43:23,281] multiqc                                            [INFO   ]  Report      : ../../../../../../../data/multiqc_report.html
[2019-11-19 09:43:23,281] multiqc                                            [INFO   ]  Data        : ../../../../../../../data/multiqc_data
[2019-11-19 09:43:23,282] multiqc                                            [DEBUG  ]  Moving data file from '/tmp/tmpz89yk78x/multiqc_data/multiqc_general_stats.txt' to '/data/multiqc_data'
[2019-11-19 09:43:23,282] multiqc                                            [DEBUG  ]  Moving data file from '/tmp/tmpz89yk78x/multiqc_data/multiqc_fastqc.txt' to '/data/multiqc_data'
[2019-11-19 09:43:23,282] multiqc                                            [DEBUG  ]  Moving data file from '/tmp/tmpz89yk78x/multiqc_data/multiqc_data.json' to '/data/multiqc_data'
[2019-11-19 09:43:23,282] multiqc                                            [DEBUG  ]  Moving data file from '/tmp/tmpz89yk78x/multiqc_data/multiqc_sources.txt' to '/data/multiqc_data'
[2019-11-19 09:43:23,402] multiqc                                            [INFO   ]  MultiQC complete
