[2019-11-19 08:03:03,494] multiqc                                            [DEBUG  ]  No MultiQC config found: /usr/lib/python3.6/site-packages/multiqc-1.7-py3.6.egg/multiqc_config.yaml
[2019-11-19 08:03:03,494] multiqc                                            [DEBUG  ]  No MultiQC config found: /root/.multiqc_config.yaml
[2019-11-19 08:03:03,494] multiqc                                            [DEBUG  ]  No MultiQC config found: multiqc_config.yaml
[2019-11-19 08:03:03,494] multiqc                                            [DEBUG  ]  Command used: /usr/bin/multiqc /data/HG00119.unmapped.ILLUMINA.bwa.GBR.low_coverage.20101123_fastqc.zip -o /data
[2019-11-19 08:03:05,201] multiqc                                            [DEBUG  ]  Latest MultiQC version is v1.7
[2019-11-19 08:03:05,201] multiqc                                            [INFO   ]  This is MultiQC v1.7
[2019-11-19 08:03:05,201] multiqc                                            [DEBUG  ]  Command     : /usr/bin/multiqc /data/HG00119.unmapped.ILLUMINA.bwa.GBR.low_coverage.20101123_fastqc.zip -o /data
[2019-11-19 08:03:05,201] multiqc                                            [DEBUG  ]  Working dir : /var/lib/toil/toil-9b56b740-ccba-4b13-b998-c6aabca34938-69d14ae953f0400cbe6f0dc87a7486c9/tmpGzxxCL/2eea1e75-621c-42a9-b69b-0e19b589e4e8/tjlQwt_
[2019-11-19 08:03:05,201] multiqc                                            [INFO   ]  Template    : default
[2019-11-19 08:03:05,201] multiqc                                            [INFO   ]  Searching '/data/HG00119.unmapped.ILLUMINA.bwa.GBR.low_coverage.20101123_fastqc.zip'
[2019-11-19 08:03:05,202] multiqc                                            [DEBUG  ]  Analysing modules: custom_content, conpair, peddy, methylQA, phantompeakqualtools, qualimap, preseq, quast, qorts, rna_seqc, rsem, rseqc, busco, goleft_indexcov, disambiguate, supernova, deeptools, sargasso, verifybamid, mirtrace, happy, homer, macs2, theta2, snpeff, gatk, htseq, bcftools, featureCounts, dedup, damageprofiler, picard, prokka, samblaster, samtools, bamtools, jellyfish, vcftools, longranger, stacks, bbmap, bismark, biscuit, hicexplorer, hicup, hicpro, salmon, kallisto, slamdunk, star, hisat2, tophat, bowtie2, bowtie1, kat, leehom, adapterRemoval, clipandmerge, cutadapt, flexbar, trimmomatic, skewer, sortmerna, biobloomtools, fastq_screen, afterqc, fastp, fastqc, minionqc, clusterflow, bcl2fastq, interop, flash
[2019-11-19 08:03:05,202] multiqc                                            [DEBUG  ]  Using temporary directory for creating report: /tmp/tmpu9w89t8f
[2019-11-19 08:03:05,930] multiqc                                            [DEBUG  ]  No samples found: custom_content
[2019-11-19 08:03:05,934] multiqc                                            [DEBUG  ]  No samples found: conpair
[2019-11-19 08:03:05,939] multiqc                                            [DEBUG  ]  No samples found: peddy
[2019-11-19 08:03:05,944] multiqc                                            [DEBUG  ]  No samples found: methylQA
[2019-11-19 08:03:05,948] multiqc                                            [DEBUG  ]  No samples found: phantompeakqualtools
[2019-11-19 08:03:05,954] multiqc                                            [DEBUG  ]  No samples found: qualimap
[2019-11-19 08:03:05,958] multiqc                                            [DEBUG  ]  No samples found: preseq
[2019-11-19 08:03:05,963] multiqc                                            [DEBUG  ]  No samples found: quast
[2019-11-19 08:03:05,967] multiqc                                            [DEBUG  ]  No samples found: qorts
[2019-11-19 08:03:05,971] multiqc                                            [DEBUG  ]  No samples found: rna_seqc
[2019-11-19 08:03:05,976] multiqc                                            [DEBUG  ]  No samples found: rsem
[2019-11-19 08:03:05,984] multiqc                                            [DEBUG  ]  No samples found: rseqc
[2019-11-19 08:03:05,989] multiqc                                            [DEBUG  ]  No samples found: busco
[2019-11-19 08:03:05,993] multiqc                                            [DEBUG  ]  No samples found: goleft_indexcov
[2019-11-19 08:03:05,997] multiqc                                            [DEBUG  ]  No samples found: disambiguate
[2019-11-19 08:03:06,002] multiqc                                            [DEBUG  ]  No samples found: supernova
[2019-11-19 08:03:06,011] multiqc                                            [DEBUG  ]  No samples found: deeptools
[2019-11-19 08:03:06,015] multiqc                                            [DEBUG  ]  No samples found: sargasso
[2019-11-19 08:03:06,020] multiqc                                            [DEBUG  ]  No samples found: verifybamid
[2019-11-19 08:03:06,026] multiqc                                            [DEBUG  ]  No samples found: mirtrace
[2019-11-19 08:03:06,033] multiqc                                            [DEBUG  ]  No samples found: happy
[2019-11-19 08:03:06,041] multiqc                                            [DEBUG  ]  No samples found: homer
[2019-11-19 08:03:06,048] multiqc                                            [DEBUG  ]  No samples found: macs2
[2019-11-19 08:03:06,054] multiqc                                            [DEBUG  ]  No samples found: theta2
[2019-11-19 08:03:06,061] multiqc                                            [DEBUG  ]  No samples found: snpeff
[2019-11-19 08:03:06,070] multiqc                                            [DEBUG  ]  No samples found: gatk
[2019-11-19 08:03:06,076] multiqc                                            [DEBUG  ]  No samples found: htseq
[2019-11-19 08:03:06,083] multiqc                                            [DEBUG  ]  No samples found: bcftools
[2019-11-19 08:03:06,089] multiqc                                            [DEBUG  ]  No samples found: featureCounts
[2019-11-19 08:03:06,096] multiqc                                            [DEBUG  ]  No samples found: dedup
[2019-11-19 08:03:06,102] multiqc                                            [DEBUG  ]  No samples found: damageprofiler
[2019-11-19 08:03:06,118] multiqc                                            [DEBUG  ]  No samples found: picard
[2019-11-19 08:03:06,125] multiqc                                            [DEBUG  ]  No samples found: prokka
[2019-11-19 08:03:06,131] multiqc                                            [DEBUG  ]  No samples found: samblaster
[2019-11-19 08:03:06,140] multiqc                                            [DEBUG  ]  No samples found: samtools
[2019-11-19 08:03:06,147] multiqc                                            [DEBUG  ]  No samples found: bamtools
[2019-11-19 08:03:06,154] multiqc                                            [DEBUG  ]  No samples found: jellyfish
[2019-11-19 08:03:06,163] multiqc                                            [DEBUG  ]  No samples found: vcftools
[2019-11-19 08:03:06,169] multiqc                                            [DEBUG  ]  No samples found: longranger
[2019-11-19 08:03:06,176] multiqc                                            [DEBUG  ]  No samples found: stacks
[2019-11-19 08:03:06,190] multiqc                                            [DEBUG  ]  No samples found: bbmap
[2019-11-19 08:03:06,197] multiqc                                            [DEBUG  ]  No samples found: bismark
[2019-11-19 08:03:06,205] multiqc                                            [DEBUG  ]  No samples found: biscuit
[2019-11-19 08:03:06,211] multiqc                                            [DEBUG  ]  No samples found: hicexplorer
[2019-11-19 08:03:06,218] multiqc                                            [DEBUG  ]  No samples found: hicup
[2019-11-19 08:03:06,224] multiqc                                            [DEBUG  ]  No samples found: hicpro
[2019-11-19 08:03:06,231] multiqc                                            [DEBUG  ]  No samples found: salmon
[2019-11-19 08:03:06,237] multiqc                                            [DEBUG  ]  No samples found: kallisto
[2019-11-19 08:03:06,244] multiqc                                            [DEBUG  ]  No samples found: slamdunk
[2019-11-19 08:03:06,250] multiqc                                            [DEBUG  ]  No samples found: star
[2019-11-19 08:03:06,257] multiqc                                            [DEBUG  ]  No samples found: hisat2
[2019-11-19 08:03:06,263] multiqc                                            [DEBUG  ]  No samples found: tophat
[2019-11-19 08:03:06,267] multiqc                                            [DEBUG  ]  No samples found: bowtie2
[2019-11-19 08:03:06,271] multiqc                                            [DEBUG  ]  No samples found: bowtie1
[2019-11-19 08:03:06,275] multiqc                                            [DEBUG  ]  No samples found: kat
[2019-11-19 08:03:06,279] multiqc                                            [DEBUG  ]  No samples found: leehom
[2019-11-19 08:03:06,283] multiqc                                            [DEBUG  ]  No samples found: adapterRemoval
[2019-11-19 08:03:06,287] multiqc                                            [DEBUG  ]  No samples found: clipandmerge
[2019-11-19 08:03:06,291] multiqc                                            [DEBUG  ]  No samples found: cutadapt
[2019-11-19 08:03:06,296] multiqc                                            [DEBUG  ]  No samples found: flexbar
[2019-11-19 08:03:06,300] multiqc                                            [DEBUG  ]  No samples found: trimmomatic
[2019-11-19 08:03:06,304] multiqc                                            [DEBUG  ]  No samples found: skewer
[2019-11-19 08:03:06,309] multiqc                                            [DEBUG  ]  No samples found: sortmerna
[2019-11-19 08:03:06,313] multiqc                                            [DEBUG  ]  No samples found: biobloomtools
[2019-11-19 08:03:06,317] multiqc                                            [DEBUG  ]  No samples found: fastq_screen
[2019-11-19 08:03:06,321] multiqc                                            [DEBUG  ]  No samples found: afterqc
[2019-11-19 08:03:06,325] multiqc                                            [DEBUG  ]  No samples found: fastp
[2019-11-19 08:03:06,332] multiqc.modules.fastqc.fastqc                      [INFO   ]  Found 1 reports
[2019-11-19 08:03:06,390] multiqc                                            [DEBUG  ]  No samples found: minionqc
[2019-11-19 08:03:06,394] multiqc                                            [DEBUG  ]  No samples found: clusterflow
[2019-11-19 08:03:06,399] multiqc                                            [DEBUG  ]  No samples found: bcl2fastq
[2019-11-19 08:03:06,403] multiqc                                            [DEBUG  ]  No samples found: interop
[2019-11-19 08:03:06,407] multiqc                                            [DEBUG  ]  No samples found: flash
[2019-11-19 08:03:06,409] multiqc                                            [INFO   ]  Compressing plot data
[2019-11-19 08:03:06,435] multiqc                                            [INFO   ]  Report      : ../../../../../../../data/multiqc_report.html
[2019-11-19 08:03:06,435] multiqc                                            [INFO   ]  Data        : ../../../../../../../data/multiqc_data
[2019-11-19 08:03:06,435] multiqc                                            [DEBUG  ]  Moving data file from '/tmp/tmpu9w89t8f/multiqc_data/multiqc_general_stats.txt' to '/data/multiqc_data'
[2019-11-19 08:03:06,435] multiqc                                            [DEBUG  ]  Moving data file from '/tmp/tmpu9w89t8f/multiqc_data/multiqc_fastqc.txt' to '/data/multiqc_data'
[2019-11-19 08:03:06,436] multiqc                                            [DEBUG  ]  Moving data file from '/tmp/tmpu9w89t8f/multiqc_data/multiqc_data.json' to '/data/multiqc_data'
[2019-11-19 08:03:06,436] multiqc                                            [DEBUG  ]  Moving data file from '/tmp/tmpu9w89t8f/multiqc_data/multiqc_sources.txt' to '/data/multiqc_data'
[2019-11-19 08:03:06,562] multiqc                                            [INFO   ]  MultiQC complete
