[2019-11-19 14:24:33,676] multiqc                                            [DEBUG  ]  No MultiQC config found: /usr/lib/python3.6/site-packages/multiqc-1.7-py3.6.egg/multiqc_config.yaml
[2019-11-19 14:24:33,676] multiqc                                            [DEBUG  ]  No MultiQC config found: /root/.multiqc_config.yaml
[2019-11-19 14:24:33,676] multiqc                                            [DEBUG  ]  No MultiQC config found: multiqc_config.yaml
[2019-11-19 14:24:33,676] multiqc                                            [DEBUG  ]  Command used: /usr/bin/multiqc /data/HG00243.unmapped.ILLUMINA.bwa.GBR.low_coverage.20101123_fastqc.zip -o /data
[2019-11-19 14:24:35,495] multiqc                                            [DEBUG  ]  Latest MultiQC version is v1.7
[2019-11-19 14:24:35,495] multiqc                                            [INFO   ]  This is MultiQC v1.7
[2019-11-19 14:24:35,496] multiqc                                            [DEBUG  ]  Command     : /usr/bin/multiqc /data/HG00243.unmapped.ILLUMINA.bwa.GBR.low_coverage.20101123_fastqc.zip -o /data
[2019-11-19 14:24:35,496] multiqc                                            [DEBUG  ]  Working dir : /var/lib/toil/toil-9b56b740-ccba-4b13-b998-c6aabca34938-69d14ae953f0400cbe6f0dc87a7486c9/tmp2UBWC_/b5ff76c4-e9dd-4490-aaeb-efd31c307361/tb_ZvUY
[2019-11-19 14:24:35,496] multiqc                                            [INFO   ]  Template    : default
[2019-11-19 14:24:35,496] multiqc                                            [INFO   ]  Searching '/data/HG00243.unmapped.ILLUMINA.bwa.GBR.low_coverage.20101123_fastqc.zip'
[2019-11-19 14:24:35,496] multiqc                                            [DEBUG  ]  Analysing modules: custom_content, conpair, peddy, methylQA, phantompeakqualtools, qualimap, preseq, quast, qorts, rna_seqc, rsem, rseqc, busco, goleft_indexcov, disambiguate, supernova, deeptools, sargasso, verifybamid, mirtrace, happy, homer, macs2, theta2, snpeff, gatk, htseq, bcftools, featureCounts, dedup, damageprofiler, picard, prokka, samblaster, samtools, bamtools, jellyfish, vcftools, longranger, stacks, bbmap, bismark, biscuit, hicexplorer, hicup, hicpro, salmon, kallisto, slamdunk, star, hisat2, tophat, bowtie2, bowtie1, kat, leehom, adapterRemoval, clipandmerge, cutadapt, flexbar, trimmomatic, skewer, sortmerna, biobloomtools, fastq_screen, afterqc, fastp, fastqc, minionqc, clusterflow, bcl2fastq, interop, flash
[2019-11-19 14:24:35,496] multiqc                                            [DEBUG  ]  Using temporary directory for creating report: /tmp/tmp67p2aksj
[2019-11-19 14:24:36,221] multiqc                                            [DEBUG  ]  No samples found: custom_content
[2019-11-19 14:24:36,225] multiqc                                            [DEBUG  ]  No samples found: conpair
[2019-11-19 14:24:36,230] multiqc                                            [DEBUG  ]  No samples found: peddy
[2019-11-19 14:24:36,234] multiqc                                            [DEBUG  ]  No samples found: methylQA
[2019-11-19 14:24:36,238] multiqc                                            [DEBUG  ]  No samples found: phantompeakqualtools
[2019-11-19 14:24:36,244] multiqc                                            [DEBUG  ]  No samples found: qualimap
[2019-11-19 14:24:36,248] multiqc                                            [DEBUG  ]  No samples found: preseq
[2019-11-19 14:24:36,253] multiqc                                            [DEBUG  ]  No samples found: quast
[2019-11-19 14:24:36,257] multiqc                                            [DEBUG  ]  No samples found: qorts
[2019-11-19 14:24:36,262] multiqc                                            [DEBUG  ]  No samples found: rna_seqc
[2019-11-19 14:24:36,266] multiqc                                            [DEBUG  ]  No samples found: rsem
[2019-11-19 14:24:36,276] multiqc                                            [DEBUG  ]  No samples found: rseqc
[2019-11-19 14:24:36,282] multiqc                                            [DEBUG  ]  No samples found: busco
[2019-11-19 14:24:36,287] multiqc                                            [DEBUG  ]  No samples found: goleft_indexcov
[2019-11-19 14:24:36,291] multiqc                                            [DEBUG  ]  No samples found: disambiguate
[2019-11-19 14:24:36,296] multiqc                                            [DEBUG  ]  No samples found: supernova
[2019-11-19 14:24:36,306] multiqc                                            [DEBUG  ]  No samples found: deeptools
[2019-11-19 14:24:36,310] multiqc                                            [DEBUG  ]  No samples found: sargasso
[2019-11-19 14:24:36,316] multiqc                                            [DEBUG  ]  No samples found: verifybamid
[2019-11-19 14:24:36,320] multiqc                                            [DEBUG  ]  No samples found: mirtrace
[2019-11-19 14:24:36,324] multiqc                                            [DEBUG  ]  No samples found: happy
[2019-11-19 14:24:36,330] multiqc                                            [DEBUG  ]  No samples found: homer
[2019-11-19 14:24:36,334] multiqc                                            [DEBUG  ]  No samples found: macs2
[2019-11-19 14:24:36,338] multiqc                                            [DEBUG  ]  No samples found: theta2
[2019-11-19 14:24:36,342] multiqc                                            [DEBUG  ]  No samples found: snpeff
[2019-11-19 14:24:36,349] multiqc                                            [DEBUG  ]  No samples found: gatk
[2019-11-19 14:24:36,353] multiqc                                            [DEBUG  ]  No samples found: htseq
[2019-11-19 14:24:36,357] multiqc                                            [DEBUG  ]  No samples found: bcftools
[2019-11-19 14:24:36,361] multiqc                                            [DEBUG  ]  No samples found: featureCounts
[2019-11-19 14:24:36,365] multiqc                                            [DEBUG  ]  No samples found: dedup
[2019-11-19 14:24:36,370] multiqc                                            [DEBUG  ]  No samples found: damageprofiler
[2019-11-19 14:24:36,382] multiqc                                            [DEBUG  ]  No samples found: picard
[2019-11-19 14:24:36,386] multiqc                                            [DEBUG  ]  No samples found: prokka
[2019-11-19 14:24:36,390] multiqc                                            [DEBUG  ]  No samples found: samblaster
[2019-11-19 14:24:36,399] multiqc                                            [DEBUG  ]  No samples found: samtools
[2019-11-19 14:24:36,404] multiqc                                            [DEBUG  ]  No samples found: bamtools
[2019-11-19 14:24:36,408] multiqc                                            [DEBUG  ]  No samples found: jellyfish
[2019-11-19 14:24:36,415] multiqc                                            [DEBUG  ]  No samples found: vcftools
[2019-11-19 14:24:36,422] multiqc                                            [DEBUG  ]  No samples found: longranger
[2019-11-19 14:24:36,427] multiqc                                            [DEBUG  ]  No samples found: stacks
[2019-11-19 14:24:36,437] multiqc                                            [DEBUG  ]  No samples found: bbmap
[2019-11-19 14:24:36,442] multiqc                                            [DEBUG  ]  No samples found: bismark
[2019-11-19 14:24:36,448] multiqc                                            [DEBUG  ]  No samples found: biscuit
[2019-11-19 14:24:36,453] multiqc                                            [DEBUG  ]  No samples found: hicexplorer
[2019-11-19 14:24:36,457] multiqc                                            [DEBUG  ]  No samples found: hicup
[2019-11-19 14:24:36,462] multiqc                                            [DEBUG  ]  No samples found: hicpro
[2019-11-19 14:24:36,466] multiqc                                            [DEBUG  ]  No samples found: salmon
[2019-11-19 14:24:36,470] multiqc                                            [DEBUG  ]  No samples found: kallisto
[2019-11-19 14:24:36,474] multiqc                                            [DEBUG  ]  No samples found: slamdunk
[2019-11-19 14:24:36,479] multiqc                                            [DEBUG  ]  No samples found: star
[2019-11-19 14:24:36,483] multiqc                                            [DEBUG  ]  No samples found: hisat2
[2019-11-19 14:24:36,487] multiqc                                            [DEBUG  ]  No samples found: tophat
[2019-11-19 14:24:36,491] multiqc                                            [DEBUG  ]  No samples found: bowtie2
[2019-11-19 14:24:36,495] multiqc                                            [DEBUG  ]  No samples found: bowtie1
[2019-11-19 14:24:36,499] multiqc                                            [DEBUG  ]  No samples found: kat
[2019-11-19 14:24:36,503] multiqc                                            [DEBUG  ]  No samples found: leehom
[2019-11-19 14:24:36,508] multiqc                                            [DEBUG  ]  No samples found: adapterRemoval
[2019-11-19 14:24:36,512] multiqc                                            [DEBUG  ]  No samples found: clipandmerge
[2019-11-19 14:24:36,516] multiqc                                            [DEBUG  ]  No samples found: cutadapt
[2019-11-19 14:24:36,520] multiqc                                            [DEBUG  ]  No samples found: flexbar
[2019-11-19 14:24:36,524] multiqc                                            [DEBUG  ]  No samples found: trimmomatic
[2019-11-19 14:24:36,529] multiqc                                            [DEBUG  ]  No samples found: skewer
[2019-11-19 14:24:36,533] multiqc                                            [DEBUG  ]  No samples found: sortmerna
[2019-11-19 14:24:36,539] multiqc                                            [DEBUG  ]  No samples found: biobloomtools
[2019-11-19 14:24:36,546] multiqc                                            [DEBUG  ]  No samples found: fastq_screen
[2019-11-19 14:24:36,552] multiqc                                            [DEBUG  ]  No samples found: afterqc
[2019-11-19 14:24:36,559] multiqc                                            [DEBUG  ]  No samples found: fastp
[2019-11-19 14:24:36,569] multiqc.modules.fastqc.fastqc                      [INFO   ]  Found 1 reports
[2019-11-19 14:24:36,622] multiqc                                            [DEBUG  ]  No samples found: minionqc
[2019-11-19 14:24:36,627] multiqc                                            [DEBUG  ]  No samples found: clusterflow
[2019-11-19 14:24:36,631] multiqc                                            [DEBUG  ]  No samples found: bcl2fastq
[2019-11-19 14:24:36,635] multiqc                                            [DEBUG  ]  No samples found: interop
[2019-11-19 14:24:36,639] multiqc                                            [DEBUG  ]  No samples found: flash
[2019-11-19 14:24:36,642] multiqc                                            [INFO   ]  Compressing plot data
[2019-11-19 14:24:36,668] multiqc                                            [INFO   ]  Report      : ../../../../../../../data/multiqc_report.html
[2019-11-19 14:24:36,668] multiqc                                            [INFO   ]  Data        : ../../../../../../../data/multiqc_data
[2019-11-19 14:24:36,669] multiqc                                            [DEBUG  ]  Moving data file from '/tmp/tmp67p2aksj/multiqc_data/multiqc_general_stats.txt' to '/data/multiqc_data'
[2019-11-19 14:24:36,669] multiqc                                            [DEBUG  ]  Moving data file from '/tmp/tmp67p2aksj/multiqc_data/multiqc_fastqc.txt' to '/data/multiqc_data'
[2019-11-19 14:24:36,669] multiqc                                            [DEBUG  ]  Moving data file from '/tmp/tmp67p2aksj/multiqc_data/multiqc_data.json' to '/data/multiqc_data'
[2019-11-19 14:24:36,670] multiqc                                            [DEBUG  ]  Moving data file from '/tmp/tmp67p2aksj/multiqc_data/multiqc_sources.txt' to '/data/multiqc_data'
[2019-11-19 14:24:36,800] multiqc                                            [INFO   ]  MultiQC complete
