[2019-11-19 18:09:10,687] multiqc                                            [DEBUG  ]  No MultiQC config found: /usr/lib/python3.6/site-packages/multiqc-1.7-py3.6.egg/multiqc_config.yaml
[2019-11-19 18:09:10,687] multiqc                                            [DEBUG  ]  No MultiQC config found: /root/.multiqc_config.yaml
[2019-11-19 18:09:10,687] multiqc                                            [DEBUG  ]  No MultiQC config found: multiqc_config.yaml
[2019-11-19 18:09:10,688] multiqc                                            [DEBUG  ]  Command used: /usr/bin/multiqc /data/HG00240.mapped.SOLID.bfast.GBR.low_coverage.20101123_fastqc.zip -o /data
[2019-11-19 18:09:12,465] multiqc                                            [DEBUG  ]  Latest MultiQC version is v1.7
[2019-11-19 18:09:12,465] multiqc                                            [INFO   ]  This is MultiQC v1.7
[2019-11-19 18:09:12,465] multiqc                                            [DEBUG  ]  Command     : /usr/bin/multiqc /data/HG00240.mapped.SOLID.bfast.GBR.low_coverage.20101123_fastqc.zip -o /data
[2019-11-19 18:09:12,465] multiqc                                            [DEBUG  ]  Working dir : /var/lib/toil/toil-9b56b740-ccba-4b13-b998-c6aabca34938-69d14ae953f0400cbe6f0dc87a7486c9/tmpsNhGoK/ae0a00be-5b00-4931-8c0d-c600f9a7c752/tpO6Sp9
[2019-11-19 18:09:12,465] multiqc                                            [INFO   ]  Template    : default
[2019-11-19 18:09:12,465] multiqc                                            [INFO   ]  Searching '/data/HG00240.mapped.SOLID.bfast.GBR.low_coverage.20101123_fastqc.zip'
[2019-11-19 18:09:12,466] multiqc                                            [DEBUG  ]  Analysing modules: custom_content, conpair, peddy, methylQA, phantompeakqualtools, qualimap, preseq, quast, qorts, rna_seqc, rsem, rseqc, busco, goleft_indexcov, disambiguate, supernova, deeptools, sargasso, verifybamid, mirtrace, happy, homer, macs2, theta2, snpeff, gatk, htseq, bcftools, featureCounts, dedup, damageprofiler, picard, prokka, samblaster, samtools, bamtools, jellyfish, vcftools, longranger, stacks, bbmap, bismark, biscuit, hicexplorer, hicup, hicpro, salmon, kallisto, slamdunk, star, hisat2, tophat, bowtie2, bowtie1, kat, leehom, adapterRemoval, clipandmerge, cutadapt, flexbar, trimmomatic, skewer, sortmerna, biobloomtools, fastq_screen, afterqc, fastp, fastqc, minionqc, clusterflow, bcl2fastq, interop, flash
[2019-11-19 18:09:12,466] multiqc                                            [DEBUG  ]  Using temporary directory for creating report: /tmp/tmp4rvox7l0
[2019-11-19 18:09:13,119] multiqc                                            [DEBUG  ]  No samples found: custom_content
[2019-11-19 18:09:13,123] multiqc                                            [DEBUG  ]  No samples found: conpair
[2019-11-19 18:09:13,128] multiqc                                            [DEBUG  ]  No samples found: peddy
[2019-11-19 18:09:13,132] multiqc                                            [DEBUG  ]  No samples found: methylQA
[2019-11-19 18:09:13,135] multiqc                                            [DEBUG  ]  No samples found: phantompeakqualtools
[2019-11-19 18:09:13,141] multiqc                                            [DEBUG  ]  No samples found: qualimap
[2019-11-19 18:09:13,145] multiqc                                            [DEBUG  ]  No samples found: preseq
[2019-11-19 18:09:13,149] multiqc                                            [DEBUG  ]  No samples found: quast
[2019-11-19 18:09:13,153] multiqc                                            [DEBUG  ]  No samples found: qorts
[2019-11-19 18:09:13,157] multiqc                                            [DEBUG  ]  No samples found: rna_seqc
[2019-11-19 18:09:13,161] multiqc                                            [DEBUG  ]  No samples found: rsem
[2019-11-19 18:09:13,170] multiqc                                            [DEBUG  ]  No samples found: rseqc
[2019-11-19 18:09:13,174] multiqc                                            [DEBUG  ]  No samples found: busco
[2019-11-19 18:09:13,178] multiqc                                            [DEBUG  ]  No samples found: goleft_indexcov
[2019-11-19 18:09:13,182] multiqc                                            [DEBUG  ]  No samples found: disambiguate
[2019-11-19 18:09:13,186] multiqc                                            [DEBUG  ]  No samples found: supernova
[2019-11-19 18:09:13,194] multiqc                                            [DEBUG  ]  No samples found: deeptools
[2019-11-19 18:09:13,198] multiqc                                            [DEBUG  ]  No samples found: sargasso
[2019-11-19 18:09:13,202] multiqc                                            [DEBUG  ]  No samples found: verifybamid
[2019-11-19 18:09:13,206] multiqc                                            [DEBUG  ]  No samples found: mirtrace
[2019-11-19 18:09:13,210] multiqc                                            [DEBUG  ]  No samples found: happy
[2019-11-19 18:09:13,216] multiqc                                            [DEBUG  ]  No samples found: homer
[2019-11-19 18:09:13,220] multiqc                                            [DEBUG  ]  No samples found: macs2
[2019-11-19 18:09:13,224] multiqc                                            [DEBUG  ]  No samples found: theta2
[2019-11-19 18:09:13,228] multiqc                                            [DEBUG  ]  No samples found: snpeff
[2019-11-19 18:09:13,233] multiqc                                            [DEBUG  ]  No samples found: gatk
[2019-11-19 18:09:13,237] multiqc                                            [DEBUG  ]  No samples found: htseq
[2019-11-19 18:09:13,242] multiqc                                            [DEBUG  ]  No samples found: bcftools
[2019-11-19 18:09:13,246] multiqc                                            [DEBUG  ]  No samples found: featureCounts
[2019-11-19 18:09:13,250] multiqc                                            [DEBUG  ]  No samples found: dedup
[2019-11-19 18:09:13,255] multiqc                                            [DEBUG  ]  No samples found: damageprofiler
[2019-11-19 18:09:13,266] multiqc                                            [DEBUG  ]  No samples found: picard
[2019-11-19 18:09:13,269] multiqc                                            [DEBUG  ]  No samples found: prokka
[2019-11-19 18:09:13,273] multiqc                                            [DEBUG  ]  No samples found: samblaster
[2019-11-19 18:09:13,279] multiqc                                            [DEBUG  ]  No samples found: samtools
[2019-11-19 18:09:13,284] multiqc                                            [DEBUG  ]  No samples found: bamtools
[2019-11-19 18:09:13,288] multiqc                                            [DEBUG  ]  No samples found: jellyfish
[2019-11-19 18:09:13,293] multiqc                                            [DEBUG  ]  No samples found: vcftools
[2019-11-19 18:09:13,298] multiqc                                            [DEBUG  ]  No samples found: longranger
[2019-11-19 18:09:13,302] multiqc                                            [DEBUG  ]  No samples found: stacks
[2019-11-19 18:09:13,311] multiqc                                            [DEBUG  ]  No samples found: bbmap
[2019-11-19 18:09:13,315] multiqc                                            [DEBUG  ]  No samples found: bismark
[2019-11-19 18:09:13,320] multiqc                                            [DEBUG  ]  No samples found: biscuit
[2019-11-19 18:09:13,324] multiqc                                            [DEBUG  ]  No samples found: hicexplorer
[2019-11-19 18:09:13,328] multiqc                                            [DEBUG  ]  No samples found: hicup
[2019-11-19 18:09:13,332] multiqc                                            [DEBUG  ]  No samples found: hicpro
[2019-11-19 18:09:13,336] multiqc                                            [DEBUG  ]  No samples found: salmon
[2019-11-19 18:09:13,340] multiqc                                            [DEBUG  ]  No samples found: kallisto
[2019-11-19 18:09:13,345] multiqc                                            [DEBUG  ]  No samples found: slamdunk
[2019-11-19 18:09:13,349] multiqc                                            [DEBUG  ]  No samples found: star
[2019-11-19 18:09:13,352] multiqc                                            [DEBUG  ]  No samples found: hisat2
[2019-11-19 18:09:13,356] multiqc                                            [DEBUG  ]  No samples found: tophat
[2019-11-19 18:09:13,360] multiqc                                            [DEBUG  ]  No samples found: bowtie2
[2019-11-19 18:09:13,364] multiqc                                            [DEBUG  ]  No samples found: bowtie1
[2019-11-19 18:09:13,368] multiqc                                            [DEBUG  ]  No samples found: kat
[2019-11-19 18:09:13,372] multiqc                                            [DEBUG  ]  No samples found: leehom
[2019-11-19 18:09:13,376] multiqc                                            [DEBUG  ]  No samples found: adapterRemoval
[2019-11-19 18:09:13,380] multiqc                                            [DEBUG  ]  No samples found: clipandmerge
[2019-11-19 18:09:13,384] multiqc                                            [DEBUG  ]  No samples found: cutadapt
[2019-11-19 18:09:13,388] multiqc                                            [DEBUG  ]  No samples found: flexbar
[2019-11-19 18:09:13,392] multiqc                                            [DEBUG  ]  No samples found: trimmomatic
[2019-11-19 18:09:13,396] multiqc                                            [DEBUG  ]  No samples found: skewer
[2019-11-19 18:09:13,400] multiqc                                            [DEBUG  ]  No samples found: sortmerna
[2019-11-19 18:09:13,404] multiqc                                            [DEBUG  ]  No samples found: biobloomtools
[2019-11-19 18:09:13,408] multiqc                                            [DEBUG  ]  No samples found: fastq_screen
[2019-11-19 18:09:13,412] multiqc                                            [DEBUG  ]  No samples found: afterqc
[2019-11-19 18:09:13,416] multiqc                                            [DEBUG  ]  No samples found: fastp
[2019-11-19 18:09:13,423] multiqc.modules.fastqc.fastqc                      [INFO   ]  Found 1 reports
[2019-11-19 18:09:13,464] multiqc                                            [DEBUG  ]  No samples found: minionqc
[2019-11-19 18:09:13,469] multiqc                                            [DEBUG  ]  No samples found: clusterflow
[2019-11-19 18:09:13,473] multiqc                                            [DEBUG  ]  No samples found: bcl2fastq
[2019-11-19 18:09:13,477] multiqc                                            [DEBUG  ]  No samples found: interop
[2019-11-19 18:09:13,481] multiqc                                            [DEBUG  ]  No samples found: flash
[2019-11-19 18:09:13,483] multiqc                                            [INFO   ]  Compressing plot data
[2019-11-19 18:09:13,510] multiqc                                            [INFO   ]  Report      : ../../../../../../../data/multiqc_report.html
[2019-11-19 18:09:13,511] multiqc                                            [INFO   ]  Data        : ../../../../../../../data/multiqc_data
[2019-11-19 18:09:13,511] multiqc                                            [DEBUG  ]  Moving data file from '/tmp/tmp4rvox7l0/multiqc_data/multiqc_general_stats.txt' to '/data/multiqc_data'
[2019-11-19 18:09:13,511] multiqc                                            [DEBUG  ]  Moving data file from '/tmp/tmp4rvox7l0/multiqc_data/multiqc_fastqc.txt' to '/data/multiqc_data'
[2019-11-19 18:09:13,511] multiqc                                            [DEBUG  ]  Moving data file from '/tmp/tmp4rvox7l0/multiqc_data/multiqc_data.json' to '/data/multiqc_data'
[2019-11-19 18:09:13,512] multiqc                                            [DEBUG  ]  Moving data file from '/tmp/tmp4rvox7l0/multiqc_data/multiqc_sources.txt' to '/data/multiqc_data'
[2019-11-19 18:09:13,635] multiqc                                            [INFO   ]  MultiQC complete
