[2019-11-19 06:07:22,396] multiqc                                            [DEBUG  ]  No MultiQC config found: /usr/lib/python3.6/site-packages/multiqc-1.7-py3.6.egg/multiqc_config.yaml
[2019-11-19 06:07:22,397] multiqc                                            [DEBUG  ]  No MultiQC config found: /root/.multiqc_config.yaml
[2019-11-19 06:07:22,397] multiqc                                            [DEBUG  ]  No MultiQC config found: multiqc_config.yaml
[2019-11-19 06:07:22,397] multiqc                                            [DEBUG  ]  Command used: /usr/bin/multiqc /data/HG00106.unmapped.ILLUMINA.bwa.GBR.low_coverage.20101123_fastqc.zip -o /data
[2019-11-19 06:07:24,244] multiqc                                            [DEBUG  ]  Latest MultiQC version is v1.7
[2019-11-19 06:07:24,244] multiqc                                            [INFO   ]  This is MultiQC v1.7
[2019-11-19 06:07:24,244] multiqc                                            [DEBUG  ]  Command     : /usr/bin/multiqc /data/HG00106.unmapped.ILLUMINA.bwa.GBR.low_coverage.20101123_fastqc.zip -o /data
[2019-11-19 06:07:24,244] multiqc                                            [DEBUG  ]  Working dir : /var/lib/toil/toil-9b56b740-ccba-4b13-b998-c6aabca34938-69d14ae953f0400cbe6f0dc87a7486c9/tmp8bOi30/d59f02c9-b476-4221-b763-e948c9e9fd53/tcA5cue
[2019-11-19 06:07:24,244] multiqc                                            [INFO   ]  Template    : default
[2019-11-19 06:07:24,244] multiqc                                            [INFO   ]  Searching '/data/HG00106.unmapped.ILLUMINA.bwa.GBR.low_coverage.20101123_fastqc.zip'
[2019-11-19 06:07:24,244] multiqc                                            [DEBUG  ]  Analysing modules: custom_content, conpair, peddy, methylQA, phantompeakqualtools, qualimap, preseq, quast, qorts, rna_seqc, rsem, rseqc, busco, goleft_indexcov, disambiguate, supernova, deeptools, sargasso, verifybamid, mirtrace, happy, homer, macs2, theta2, snpeff, gatk, htseq, bcftools, featureCounts, dedup, damageprofiler, picard, prokka, samblaster, samtools, bamtools, jellyfish, vcftools, longranger, stacks, bbmap, bismark, biscuit, hicexplorer, hicup, hicpro, salmon, kallisto, slamdunk, star, hisat2, tophat, bowtie2, bowtie1, kat, leehom, adapterRemoval, clipandmerge, cutadapt, flexbar, trimmomatic, skewer, sortmerna, biobloomtools, fastq_screen, afterqc, fastp, fastqc, minionqc, clusterflow, bcl2fastq, interop, flash
[2019-11-19 06:07:24,245] multiqc                                            [DEBUG  ]  Using temporary directory for creating report: /tmp/tmpb0i2900b
[2019-11-19 06:07:24,913] multiqc                                            [DEBUG  ]  No samples found: custom_content
[2019-11-19 06:07:24,917] multiqc                                            [DEBUG  ]  No samples found: conpair
[2019-11-19 06:07:24,921] multiqc                                            [DEBUG  ]  No samples found: peddy
[2019-11-19 06:07:24,924] multiqc                                            [DEBUG  ]  No samples found: methylQA
[2019-11-19 06:07:24,928] multiqc                                            [DEBUG  ]  No samples found: phantompeakqualtools
[2019-11-19 06:07:24,933] multiqc                                            [DEBUG  ]  No samples found: qualimap
[2019-11-19 06:07:24,937] multiqc                                            [DEBUG  ]  No samples found: preseq
[2019-11-19 06:07:24,943] multiqc                                            [DEBUG  ]  No samples found: quast
[2019-11-19 06:07:24,947] multiqc                                            [DEBUG  ]  No samples found: qorts
[2019-11-19 06:07:24,950] multiqc                                            [DEBUG  ]  No samples found: rna_seqc
[2019-11-19 06:07:24,958] multiqc                                            [DEBUG  ]  No samples found: rsem
[2019-11-19 06:07:24,967] multiqc                                            [DEBUG  ]  No samples found: rseqc
[2019-11-19 06:07:24,971] multiqc                                            [DEBUG  ]  No samples found: busco
[2019-11-19 06:07:24,974] multiqc                                            [DEBUG  ]  No samples found: goleft_indexcov
[2019-11-19 06:07:24,978] multiqc                                            [DEBUG  ]  No samples found: disambiguate
[2019-11-19 06:07:24,982] multiqc                                            [DEBUG  ]  No samples found: supernova
[2019-11-19 06:07:24,990] multiqc                                            [DEBUG  ]  No samples found: deeptools
[2019-11-19 06:07:24,993] multiqc                                            [DEBUG  ]  No samples found: sargasso
[2019-11-19 06:07:24,997] multiqc                                            [DEBUG  ]  No samples found: verifybamid
[2019-11-19 06:07:25,001] multiqc                                            [DEBUG  ]  No samples found: mirtrace
[2019-11-19 06:07:25,004] multiqc                                            [DEBUG  ]  No samples found: happy
[2019-11-19 06:07:25,009] multiqc                                            [DEBUG  ]  No samples found: homer
[2019-11-19 06:07:25,013] multiqc                                            [DEBUG  ]  No samples found: macs2
[2019-11-19 06:07:25,017] multiqc                                            [DEBUG  ]  No samples found: theta2
[2019-11-19 06:07:25,020] multiqc                                            [DEBUG  ]  No samples found: snpeff
[2019-11-19 06:07:25,027] multiqc                                            [DEBUG  ]  No samples found: gatk
[2019-11-19 06:07:25,031] multiqc                                            [DEBUG  ]  No samples found: htseq
[2019-11-19 06:07:25,035] multiqc                                            [DEBUG  ]  No samples found: bcftools
[2019-11-19 06:07:25,038] multiqc                                            [DEBUG  ]  No samples found: featureCounts
[2019-11-19 06:07:25,042] multiqc                                            [DEBUG  ]  No samples found: dedup
[2019-11-19 06:07:25,045] multiqc                                            [DEBUG  ]  No samples found: damageprofiler
[2019-11-19 06:07:25,056] multiqc                                            [DEBUG  ]  No samples found: picard
[2019-11-19 06:07:25,060] multiqc                                            [DEBUG  ]  No samples found: prokka
[2019-11-19 06:07:25,063] multiqc                                            [DEBUG  ]  No samples found: samblaster
[2019-11-19 06:07:25,070] multiqc                                            [DEBUG  ]  No samples found: samtools
[2019-11-19 06:07:25,074] multiqc                                            [DEBUG  ]  No samples found: bamtools
[2019-11-19 06:07:25,077] multiqc                                            [DEBUG  ]  No samples found: jellyfish
[2019-11-19 06:07:25,083] multiqc                                            [DEBUG  ]  No samples found: vcftools
[2019-11-19 06:07:25,087] multiqc                                            [DEBUG  ]  No samples found: longranger
[2019-11-19 06:07:25,091] multiqc                                            [DEBUG  ]  No samples found: stacks
[2019-11-19 06:07:25,100] multiqc                                            [DEBUG  ]  No samples found: bbmap
[2019-11-19 06:07:25,104] multiqc                                            [DEBUG  ]  No samples found: bismark
[2019-11-19 06:07:25,109] multiqc                                            [DEBUG  ]  No samples found: biscuit
[2019-11-19 06:07:25,113] multiqc                                            [DEBUG  ]  No samples found: hicexplorer
[2019-11-19 06:07:25,117] multiqc                                            [DEBUG  ]  No samples found: hicup
[2019-11-19 06:07:25,121] multiqc                                            [DEBUG  ]  No samples found: hicpro
[2019-11-19 06:07:25,125] multiqc                                            [DEBUG  ]  No samples found: salmon
[2019-11-19 06:07:25,129] multiqc                                            [DEBUG  ]  No samples found: kallisto
[2019-11-19 06:07:25,133] multiqc                                            [DEBUG  ]  No samples found: slamdunk
[2019-11-19 06:07:25,136] multiqc                                            [DEBUG  ]  No samples found: star
[2019-11-19 06:07:25,140] multiqc                                            [DEBUG  ]  No samples found: hisat2
[2019-11-19 06:07:25,143] multiqc                                            [DEBUG  ]  No samples found: tophat
[2019-11-19 06:07:25,147] multiqc                                            [DEBUG  ]  No samples found: bowtie2
[2019-11-19 06:07:25,151] multiqc                                            [DEBUG  ]  No samples found: bowtie1
[2019-11-19 06:07:25,155] multiqc                                            [DEBUG  ]  No samples found: kat
[2019-11-19 06:07:25,158] multiqc                                            [DEBUG  ]  No samples found: leehom
[2019-11-19 06:07:25,162] multiqc                                            [DEBUG  ]  No samples found: adapterRemoval
[2019-11-19 06:07:25,166] multiqc                                            [DEBUG  ]  No samples found: clipandmerge
[2019-11-19 06:07:25,169] multiqc                                            [DEBUG  ]  No samples found: cutadapt
[2019-11-19 06:07:25,173] multiqc                                            [DEBUG  ]  No samples found: flexbar
[2019-11-19 06:07:25,176] multiqc                                            [DEBUG  ]  No samples found: trimmomatic
[2019-11-19 06:07:25,180] multiqc                                            [DEBUG  ]  No samples found: skewer
[2019-11-19 06:07:25,184] multiqc                                            [DEBUG  ]  No samples found: sortmerna
[2019-11-19 06:07:25,187] multiqc                                            [DEBUG  ]  No samples found: biobloomtools
[2019-11-19 06:07:25,191] multiqc                                            [DEBUG  ]  No samples found: fastq_screen
[2019-11-19 06:07:25,194] multiqc                                            [DEBUG  ]  No samples found: afterqc
[2019-11-19 06:07:25,198] multiqc                                            [DEBUG  ]  No samples found: fastp
[2019-11-19 06:07:25,205] multiqc.modules.fastqc.fastqc                      [INFO   ]  Found 1 reports
[2019-11-19 06:07:25,257] multiqc                                            [DEBUG  ]  No samples found: minionqc
[2019-11-19 06:07:25,261] multiqc                                            [DEBUG  ]  No samples found: clusterflow
[2019-11-19 06:07:25,265] multiqc                                            [DEBUG  ]  No samples found: bcl2fastq
[2019-11-19 06:07:25,269] multiqc                                            [DEBUG  ]  No samples found: interop
[2019-11-19 06:07:25,272] multiqc                                            [DEBUG  ]  No samples found: flash
[2019-11-19 06:07:25,275] multiqc                                            [INFO   ]  Compressing plot data
[2019-11-19 06:07:25,308] multiqc                                            [INFO   ]  Report      : ../../../../../../../data/multiqc_report.html
[2019-11-19 06:07:25,308] multiqc                                            [INFO   ]  Data        : ../../../../../../../data/multiqc_data
[2019-11-19 06:07:25,308] multiqc                                            [DEBUG  ]  Moving data file from '/tmp/tmpb0i2900b/multiqc_data/multiqc_general_stats.txt' to '/data/multiqc_data'
[2019-11-19 06:07:25,309] multiqc                                            [DEBUG  ]  Moving data file from '/tmp/tmpb0i2900b/multiqc_data/multiqc_fastqc.txt' to '/data/multiqc_data'
[2019-11-19 06:07:25,309] multiqc                                            [DEBUG  ]  Moving data file from '/tmp/tmpb0i2900b/multiqc_data/multiqc_data.json' to '/data/multiqc_data'
[2019-11-19 06:07:25,309] multiqc                                            [DEBUG  ]  Moving data file from '/tmp/tmpb0i2900b/multiqc_data/multiqc_sources.txt' to '/data/multiqc_data'
[2019-11-19 06:07:25,444] multiqc                                            [INFO   ]  MultiQC complete
