[2019-11-19 09:27:39,831] multiqc                                            [DEBUG  ]  No MultiQC config found: /usr/lib/python3.6/site-packages/multiqc-1.7-py3.6.egg/multiqc_config.yaml
[2019-11-19 09:27:39,831] multiqc                                            [DEBUG  ]  No MultiQC config found: /root/.multiqc_config.yaml
[2019-11-19 09:27:39,831] multiqc                                            [DEBUG  ]  No MultiQC config found: multiqc_config.yaml
[2019-11-19 09:27:39,831] multiqc                                            [DEBUG  ]  Command used: /usr/bin/multiqc /data/HG00109.mapped.SOLID.bfast.GBR.low_coverage.20101123_fastqc.zip -o /data
[2019-11-19 09:27:41,856] multiqc                                            [DEBUG  ]  Latest MultiQC version is v1.7
[2019-11-19 09:27:41,856] multiqc                                            [INFO   ]  This is MultiQC v1.7
[2019-11-19 09:27:41,857] multiqc                                            [DEBUG  ]  Command     : /usr/bin/multiqc /data/HG00109.mapped.SOLID.bfast.GBR.low_coverage.20101123_fastqc.zip -o /data
[2019-11-19 09:27:41,857] multiqc                                            [DEBUG  ]  Working dir : /var/lib/toil/toil-9b56b740-ccba-4b13-b998-c6aabca34938-69d14ae953f0400cbe6f0dc87a7486c9/tmpYXQvbf/589da184-e363-41a6-a0cd-8ea64d02c572/tZf4qSh
[2019-11-19 09:27:41,857] multiqc                                            [INFO   ]  Template    : default
[2019-11-19 09:27:41,857] multiqc                                            [INFO   ]  Searching '/data/HG00109.mapped.SOLID.bfast.GBR.low_coverage.20101123_fastqc.zip'
[2019-11-19 09:27:41,857] multiqc                                            [DEBUG  ]  Analysing modules: custom_content, conpair, peddy, methylQA, phantompeakqualtools, qualimap, preseq, quast, qorts, rna_seqc, rsem, rseqc, busco, goleft_indexcov, disambiguate, supernova, deeptools, sargasso, verifybamid, mirtrace, happy, homer, macs2, theta2, snpeff, gatk, htseq, bcftools, featureCounts, dedup, damageprofiler, picard, prokka, samblaster, samtools, bamtools, jellyfish, vcftools, longranger, stacks, bbmap, bismark, biscuit, hicexplorer, hicup, hicpro, salmon, kallisto, slamdunk, star, hisat2, tophat, bowtie2, bowtie1, kat, leehom, adapterRemoval, clipandmerge, cutadapt, flexbar, trimmomatic, skewer, sortmerna, biobloomtools, fastq_screen, afterqc, fastp, fastqc, minionqc, clusterflow, bcl2fastq, interop, flash
[2019-11-19 09:27:41,857] multiqc                                            [DEBUG  ]  Using temporary directory for creating report: /tmp/tmplowxy6m7
[2019-11-19 09:27:42,534] multiqc                                            [DEBUG  ]  No samples found: custom_content
[2019-11-19 09:27:42,538] multiqc                                            [DEBUG  ]  No samples found: conpair
[2019-11-19 09:27:42,543] multiqc                                            [DEBUG  ]  No samples found: peddy
[2019-11-19 09:27:42,547] multiqc                                            [DEBUG  ]  No samples found: methylQA
[2019-11-19 09:27:42,551] multiqc                                            [DEBUG  ]  No samples found: phantompeakqualtools
[2019-11-19 09:27:42,556] multiqc                                            [DEBUG  ]  No samples found: qualimap
[2019-11-19 09:27:42,560] multiqc                                            [DEBUG  ]  No samples found: preseq
[2019-11-19 09:27:42,564] multiqc                                            [DEBUG  ]  No samples found: quast
[2019-11-19 09:27:42,569] multiqc                                            [DEBUG  ]  No samples found: qorts
[2019-11-19 09:27:42,573] multiqc                                            [DEBUG  ]  No samples found: rna_seqc
[2019-11-19 09:27:42,577] multiqc                                            [DEBUG  ]  No samples found: rsem
[2019-11-19 09:27:42,586] multiqc                                            [DEBUG  ]  No samples found: rseqc
[2019-11-19 09:27:42,590] multiqc                                            [DEBUG  ]  No samples found: busco
[2019-11-19 09:27:42,594] multiqc                                            [DEBUG  ]  No samples found: goleft_indexcov
[2019-11-19 09:27:42,598] multiqc                                            [DEBUG  ]  No samples found: disambiguate
[2019-11-19 09:27:42,602] multiqc                                            [DEBUG  ]  No samples found: supernova
[2019-11-19 09:27:42,611] multiqc                                            [DEBUG  ]  No samples found: deeptools
[2019-11-19 09:27:42,615] multiqc                                            [DEBUG  ]  No samples found: sargasso
[2019-11-19 09:27:42,620] multiqc                                            [DEBUG  ]  No samples found: verifybamid
[2019-11-19 09:27:42,624] multiqc                                            [DEBUG  ]  No samples found: mirtrace
[2019-11-19 09:27:42,628] multiqc                                            [DEBUG  ]  No samples found: happy
[2019-11-19 09:27:42,633] multiqc                                            [DEBUG  ]  No samples found: homer
[2019-11-19 09:27:42,637] multiqc                                            [DEBUG  ]  No samples found: macs2
[2019-11-19 09:27:42,641] multiqc                                            [DEBUG  ]  No samples found: theta2
[2019-11-19 09:27:42,645] multiqc                                            [DEBUG  ]  No samples found: snpeff
[2019-11-19 09:27:42,651] multiqc                                            [DEBUG  ]  No samples found: gatk
[2019-11-19 09:27:42,655] multiqc                                            [DEBUG  ]  No samples found: htseq
[2019-11-19 09:27:42,660] multiqc                                            [DEBUG  ]  No samples found: bcftools
[2019-11-19 09:27:42,664] multiqc                                            [DEBUG  ]  No samples found: featureCounts
[2019-11-19 09:27:42,668] multiqc                                            [DEBUG  ]  No samples found: dedup
[2019-11-19 09:27:42,672] multiqc                                            [DEBUG  ]  No samples found: damageprofiler
[2019-11-19 09:27:42,683] multiqc                                            [DEBUG  ]  No samples found: picard
[2019-11-19 09:27:42,687] multiqc                                            [DEBUG  ]  No samples found: prokka
[2019-11-19 09:27:42,692] multiqc                                            [DEBUG  ]  No samples found: samblaster
[2019-11-19 09:27:42,698] multiqc                                            [DEBUG  ]  No samples found: samtools
[2019-11-19 09:27:42,702] multiqc                                            [DEBUG  ]  No samples found: bamtools
[2019-11-19 09:27:42,707] multiqc                                            [DEBUG  ]  No samples found: jellyfish
[2019-11-19 09:27:42,713] multiqc                                            [DEBUG  ]  No samples found: vcftools
[2019-11-19 09:27:42,717] multiqc                                            [DEBUG  ]  No samples found: longranger
[2019-11-19 09:27:42,721] multiqc                                            [DEBUG  ]  No samples found: stacks
[2019-11-19 09:27:42,730] multiqc                                            [DEBUG  ]  No samples found: bbmap
[2019-11-19 09:27:42,735] multiqc                                            [DEBUG  ]  No samples found: bismark
[2019-11-19 09:27:42,740] multiqc                                            [DEBUG  ]  No samples found: biscuit
[2019-11-19 09:27:42,744] multiqc                                            [DEBUG  ]  No samples found: hicexplorer
[2019-11-19 09:27:42,748] multiqc                                            [DEBUG  ]  No samples found: hicup
[2019-11-19 09:27:42,752] multiqc                                            [DEBUG  ]  No samples found: hicpro
[2019-11-19 09:27:42,756] multiqc                                            [DEBUG  ]  No samples found: salmon
[2019-11-19 09:27:42,760] multiqc                                            [DEBUG  ]  No samples found: kallisto
[2019-11-19 09:27:42,765] multiqc                                            [DEBUG  ]  No samples found: slamdunk
[2019-11-19 09:27:42,769] multiqc                                            [DEBUG  ]  No samples found: star
[2019-11-19 09:27:42,773] multiqc                                            [DEBUG  ]  No samples found: hisat2
[2019-11-19 09:27:42,778] multiqc                                            [DEBUG  ]  No samples found: tophat
[2019-11-19 09:27:42,783] multiqc                                            [DEBUG  ]  No samples found: bowtie2
[2019-11-19 09:27:42,787] multiqc                                            [DEBUG  ]  No samples found: bowtie1
[2019-11-19 09:27:42,791] multiqc                                            [DEBUG  ]  No samples found: kat
[2019-11-19 09:27:42,795] multiqc                                            [DEBUG  ]  No samples found: leehom
[2019-11-19 09:27:42,799] multiqc                                            [DEBUG  ]  No samples found: adapterRemoval
[2019-11-19 09:27:42,803] multiqc                                            [DEBUG  ]  No samples found: clipandmerge
[2019-11-19 09:27:42,807] multiqc                                            [DEBUG  ]  No samples found: cutadapt
[2019-11-19 09:27:42,811] multiqc                                            [DEBUG  ]  No samples found: flexbar
[2019-11-19 09:27:42,815] multiqc                                            [DEBUG  ]  No samples found: trimmomatic
[2019-11-19 09:27:42,819] multiqc                                            [DEBUG  ]  No samples found: skewer
[2019-11-19 09:27:42,823] multiqc                                            [DEBUG  ]  No samples found: sortmerna
[2019-11-19 09:27:42,827] multiqc                                            [DEBUG  ]  No samples found: biobloomtools
[2019-11-19 09:27:42,831] multiqc                                            [DEBUG  ]  No samples found: fastq_screen
[2019-11-19 09:27:42,835] multiqc                                            [DEBUG  ]  No samples found: afterqc
[2019-11-19 09:27:42,839] multiqc                                            [DEBUG  ]  No samples found: fastp
[2019-11-19 09:27:42,846] multiqc.modules.fastqc.fastqc                      [INFO   ]  Found 1 reports
[2019-11-19 09:27:42,889] multiqc                                            [DEBUG  ]  No samples found: minionqc
[2019-11-19 09:27:42,893] multiqc                                            [DEBUG  ]  No samples found: clusterflow
[2019-11-19 09:27:42,898] multiqc                                            [DEBUG  ]  No samples found: bcl2fastq
[2019-11-19 09:27:42,902] multiqc                                            [DEBUG  ]  No samples found: interop
[2019-11-19 09:27:42,906] multiqc                                            [DEBUG  ]  No samples found: flash
[2019-11-19 09:27:42,909] multiqc                                            [INFO   ]  Compressing plot data
[2019-11-19 09:27:42,936] multiqc                                            [INFO   ]  Report      : ../../../../../../../data/multiqc_report.html
[2019-11-19 09:27:42,936] multiqc                                            [INFO   ]  Data        : ../../../../../../../data/multiqc_data
[2019-11-19 09:27:42,937] multiqc                                            [DEBUG  ]  Moving data file from '/tmp/tmplowxy6m7/multiqc_data/multiqc_general_stats.txt' to '/data/multiqc_data'
[2019-11-19 09:27:42,937] multiqc                                            [DEBUG  ]  Moving data file from '/tmp/tmplowxy6m7/multiqc_data/multiqc_fastqc.txt' to '/data/multiqc_data'
[2019-11-19 09:27:42,937] multiqc                                            [DEBUG  ]  Moving data file from '/tmp/tmplowxy6m7/multiqc_data/multiqc_data.json' to '/data/multiqc_data'
[2019-11-19 09:27:42,938] multiqc                                            [DEBUG  ]  Moving data file from '/tmp/tmplowxy6m7/multiqc_data/multiqc_sources.txt' to '/data/multiqc_data'
[2019-11-19 09:27:43,062] multiqc                                            [INFO   ]  MultiQC complete
