[2019-11-19 13:18:00,281] multiqc                                            [DEBUG  ]  No MultiQC config found: /usr/lib/python3.6/site-packages/multiqc-1.7-py3.6.egg/multiqc_config.yaml
[2019-11-19 13:18:00,281] multiqc                                            [DEBUG  ]  No MultiQC config found: /root/.multiqc_config.yaml
[2019-11-19 13:18:00,281] multiqc                                            [DEBUG  ]  No MultiQC config found: multiqc_config.yaml
[2019-11-19 13:18:00,281] multiqc                                            [DEBUG  ]  Command used: /usr/bin/multiqc /data/HG00187.unmapped.ILLUMINA.bwa.FIN.low_coverage.20101123_fastqc.zip -o /data
[2019-11-19 13:18:02,130] multiqc                                            [DEBUG  ]  Latest MultiQC version is v1.7
[2019-11-19 13:18:02,130] multiqc                                            [INFO   ]  This is MultiQC v1.7
[2019-11-19 13:18:02,130] multiqc                                            [DEBUG  ]  Command     : /usr/bin/multiqc /data/HG00187.unmapped.ILLUMINA.bwa.FIN.low_coverage.20101123_fastqc.zip -o /data
[2019-11-19 13:18:02,130] multiqc                                            [DEBUG  ]  Working dir : /var/lib/toil/toil-9b56b740-ccba-4b13-b998-c6aabca34938-69d14ae953f0400cbe6f0dc87a7486c9/tmp33GItC/001a1fa5-21a1-4922-830b-17601b3c6ada/tZZKlZQ
[2019-11-19 13:18:02,130] multiqc                                            [INFO   ]  Template    : default
[2019-11-19 13:18:02,130] multiqc                                            [INFO   ]  Searching '/data/HG00187.unmapped.ILLUMINA.bwa.FIN.low_coverage.20101123_fastqc.zip'
[2019-11-19 13:18:02,131] multiqc                                            [DEBUG  ]  Analysing modules: custom_content, conpair, peddy, methylQA, phantompeakqualtools, qualimap, preseq, quast, qorts, rna_seqc, rsem, rseqc, busco, goleft_indexcov, disambiguate, supernova, deeptools, sargasso, verifybamid, mirtrace, happy, homer, macs2, theta2, snpeff, gatk, htseq, bcftools, featureCounts, dedup, damageprofiler, picard, prokka, samblaster, samtools, bamtools, jellyfish, vcftools, longranger, stacks, bbmap, bismark, biscuit, hicexplorer, hicup, hicpro, salmon, kallisto, slamdunk, star, hisat2, tophat, bowtie2, bowtie1, kat, leehom, adapterRemoval, clipandmerge, cutadapt, flexbar, trimmomatic, skewer, sortmerna, biobloomtools, fastq_screen, afterqc, fastp, fastqc, minionqc, clusterflow, bcl2fastq, interop, flash
[2019-11-19 13:18:02,131] multiqc                                            [DEBUG  ]  Using temporary directory for creating report: /tmp/tmpjfgqll0d
[2019-11-19 13:18:03,089] multiqc                                            [DEBUG  ]  No samples found: custom_content
[2019-11-19 13:18:03,096] multiqc                                            [DEBUG  ]  No samples found: conpair
[2019-11-19 13:18:03,103] multiqc                                            [DEBUG  ]  No samples found: peddy
[2019-11-19 13:18:03,109] multiqc                                            [DEBUG  ]  No samples found: methylQA
[2019-11-19 13:18:03,116] multiqc                                            [DEBUG  ]  No samples found: phantompeakqualtools
[2019-11-19 13:18:03,123] multiqc                                            [DEBUG  ]  No samples found: qualimap
[2019-11-19 13:18:03,130] multiqc                                            [DEBUG  ]  No samples found: preseq
[2019-11-19 13:18:03,136] multiqc                                            [DEBUG  ]  No samples found: quast
[2019-11-19 13:18:03,143] multiqc                                            [DEBUG  ]  No samples found: qorts
[2019-11-19 13:18:03,149] multiqc                                            [DEBUG  ]  No samples found: rna_seqc
[2019-11-19 13:18:03,156] multiqc                                            [DEBUG  ]  No samples found: rsem
[2019-11-19 13:18:03,168] multiqc                                            [DEBUG  ]  No samples found: rseqc
[2019-11-19 13:18:03,175] multiqc                                            [DEBUG  ]  No samples found: busco
[2019-11-19 13:18:03,181] multiqc                                            [DEBUG  ]  No samples found: goleft_indexcov
[2019-11-19 13:18:03,188] multiqc                                            [DEBUG  ]  No samples found: disambiguate
[2019-11-19 13:18:03,194] multiqc                                            [DEBUG  ]  No samples found: supernova
[2019-11-19 13:18:03,206] multiqc                                            [DEBUG  ]  No samples found: deeptools
[2019-11-19 13:18:03,212] multiqc                                            [DEBUG  ]  No samples found: sargasso
[2019-11-19 13:18:03,218] multiqc                                            [DEBUG  ]  No samples found: verifybamid
[2019-11-19 13:18:03,225] multiqc                                            [DEBUG  ]  No samples found: mirtrace
[2019-11-19 13:18:03,232] multiqc                                            [DEBUG  ]  No samples found: happy
[2019-11-19 13:18:03,241] multiqc                                            [DEBUG  ]  No samples found: homer
[2019-11-19 13:18:03,247] multiqc                                            [DEBUG  ]  No samples found: macs2
[2019-11-19 13:18:03,253] multiqc                                            [DEBUG  ]  No samples found: theta2
[2019-11-19 13:18:03,260] multiqc                                            [DEBUG  ]  No samples found: snpeff
[2019-11-19 13:18:03,268] multiqc                                            [DEBUG  ]  No samples found: gatk
[2019-11-19 13:18:03,275] multiqc                                            [DEBUG  ]  No samples found: htseq
[2019-11-19 13:18:03,282] multiqc                                            [DEBUG  ]  No samples found: bcftools
[2019-11-19 13:18:03,288] multiqc                                            [DEBUG  ]  No samples found: featureCounts
[2019-11-19 13:18:03,294] multiqc                                            [DEBUG  ]  No samples found: dedup
[2019-11-19 13:18:03,301] multiqc                                            [DEBUG  ]  No samples found: damageprofiler
[2019-11-19 13:18:03,315] multiqc                                            [DEBUG  ]  No samples found: picard
[2019-11-19 13:18:03,321] multiqc                                            [DEBUG  ]  No samples found: prokka
[2019-11-19 13:18:03,328] multiqc                                            [DEBUG  ]  No samples found: samblaster
[2019-11-19 13:18:03,337] multiqc                                            [DEBUG  ]  No samples found: samtools
[2019-11-19 13:18:03,344] multiqc                                            [DEBUG  ]  No samples found: bamtools
[2019-11-19 13:18:03,350] multiqc                                            [DEBUG  ]  No samples found: jellyfish
[2019-11-19 13:18:03,359] multiqc                                            [DEBUG  ]  No samples found: vcftools
[2019-11-19 13:18:03,365] multiqc                                            [DEBUG  ]  No samples found: longranger
[2019-11-19 13:18:03,372] multiqc                                            [DEBUG  ]  No samples found: stacks
[2019-11-19 13:18:03,385] multiqc                                            [DEBUG  ]  No samples found: bbmap
[2019-11-19 13:18:03,392] multiqc                                            [DEBUG  ]  No samples found: bismark
[2019-11-19 13:18:03,400] multiqc                                            [DEBUG  ]  No samples found: biscuit
[2019-11-19 13:18:03,406] multiqc                                            [DEBUG  ]  No samples found: hicexplorer
[2019-11-19 13:18:03,413] multiqc                                            [DEBUG  ]  No samples found: hicup
[2019-11-19 13:18:03,420] multiqc                                            [DEBUG  ]  No samples found: hicpro
[2019-11-19 13:18:03,426] multiqc                                            [DEBUG  ]  No samples found: salmon
[2019-11-19 13:18:03,433] multiqc                                            [DEBUG  ]  No samples found: kallisto
[2019-11-19 13:18:03,439] multiqc                                            [DEBUG  ]  No samples found: slamdunk
[2019-11-19 13:18:03,446] multiqc                                            [DEBUG  ]  No samples found: star
[2019-11-19 13:18:03,452] multiqc                                            [DEBUG  ]  No samples found: hisat2
[2019-11-19 13:18:03,459] multiqc                                            [DEBUG  ]  No samples found: tophat
[2019-11-19 13:18:03,465] multiqc                                            [DEBUG  ]  No samples found: bowtie2
[2019-11-19 13:18:03,472] multiqc                                            [DEBUG  ]  No samples found: bowtie1
[2019-11-19 13:18:03,478] multiqc                                            [DEBUG  ]  No samples found: kat
[2019-11-19 13:18:03,485] multiqc                                            [DEBUG  ]  No samples found: leehom
[2019-11-19 13:18:03,491] multiqc                                            [DEBUG  ]  No samples found: adapterRemoval
[2019-11-19 13:18:03,498] multiqc                                            [DEBUG  ]  No samples found: clipandmerge
[2019-11-19 13:18:03,504] multiqc                                            [DEBUG  ]  No samples found: cutadapt
[2019-11-19 13:18:03,511] multiqc                                            [DEBUG  ]  No samples found: flexbar
[2019-11-19 13:18:03,517] multiqc                                            [DEBUG  ]  No samples found: trimmomatic
[2019-11-19 13:18:03,523] multiqc                                            [DEBUG  ]  No samples found: skewer
[2019-11-19 13:18:03,530] multiqc                                            [DEBUG  ]  No samples found: sortmerna
[2019-11-19 13:18:03,536] multiqc                                            [DEBUG  ]  No samples found: biobloomtools
[2019-11-19 13:18:03,543] multiqc                                            [DEBUG  ]  No samples found: fastq_screen
[2019-11-19 13:18:03,549] multiqc                                            [DEBUG  ]  No samples found: afterqc
[2019-11-19 13:18:03,555] multiqc                                            [DEBUG  ]  No samples found: fastp
[2019-11-19 13:18:03,568] multiqc.modules.fastqc.fastqc                      [INFO   ]  Found 1 reports
[2019-11-19 13:18:03,666] multiqc                                            [DEBUG  ]  No samples found: minionqc
[2019-11-19 13:18:03,673] multiqc                                            [DEBUG  ]  No samples found: clusterflow
[2019-11-19 13:18:03,680] multiqc                                            [DEBUG  ]  No samples found: bcl2fastq
[2019-11-19 13:18:03,687] multiqc                                            [DEBUG  ]  No samples found: interop
[2019-11-19 13:18:03,694] multiqc                                            [DEBUG  ]  No samples found: flash
[2019-11-19 13:18:03,699] multiqc                                            [INFO   ]  Compressing plot data
[2019-11-19 13:18:03,758] multiqc                                            [INFO   ]  Report      : ../../../../../../../data/multiqc_report.html
[2019-11-19 13:18:03,758] multiqc                                            [INFO   ]  Data        : ../../../../../../../data/multiqc_data
[2019-11-19 13:18:03,758] multiqc                                            [DEBUG  ]  Moving data file from '/tmp/tmpjfgqll0d/multiqc_data/multiqc_general_stats.txt' to '/data/multiqc_data'
[2019-11-19 13:18:03,759] multiqc                                            [DEBUG  ]  Moving data file from '/tmp/tmpjfgqll0d/multiqc_data/multiqc_fastqc.txt' to '/data/multiqc_data'
[2019-11-19 13:18:03,759] multiqc                                            [DEBUG  ]  Moving data file from '/tmp/tmpjfgqll0d/multiqc_data/multiqc_data.json' to '/data/multiqc_data'
[2019-11-19 13:18:03,760] multiqc                                            [DEBUG  ]  Moving data file from '/tmp/tmpjfgqll0d/multiqc_data/multiqc_sources.txt' to '/data/multiqc_data'
[2019-11-19 13:18:03,962] multiqc                                            [INFO   ]  MultiQC complete
