[2019-11-19 10:02:14,272] multiqc                                            [DEBUG  ]  No MultiQC config found: /usr/lib/python3.6/site-packages/multiqc-1.7-py3.6.egg/multiqc_config.yaml
[2019-11-19 10:02:14,272] multiqc                                            [DEBUG  ]  No MultiQC config found: /root/.multiqc_config.yaml
[2019-11-19 10:02:14,272] multiqc                                            [DEBUG  ]  No MultiQC config found: multiqc_config.yaml
[2019-11-19 10:02:14,272] multiqc                                            [DEBUG  ]  Command used: /usr/bin/multiqc /data/HG00104.mapped.SOLID.bfast.GBR.low_coverage.20101123_fastqc.zip -o /data
[2019-11-19 10:02:15,946] multiqc                                            [DEBUG  ]  Latest MultiQC version is v1.7
[2019-11-19 10:02:15,946] multiqc                                            [INFO   ]  This is MultiQC v1.7
[2019-11-19 10:02:15,947] multiqc                                            [DEBUG  ]  Command     : /usr/bin/multiqc /data/HG00104.mapped.SOLID.bfast.GBR.low_coverage.20101123_fastqc.zip -o /data
[2019-11-19 10:02:15,947] multiqc                                            [DEBUG  ]  Working dir : /var/lib/toil/toil-9b56b740-ccba-4b13-b998-c6aabca34938-69d14ae953f0400cbe6f0dc87a7486c9/tmpY4cJaj/b6fb5126-33ae-440f-8e06-2f7224a71a78/tLlV3gT
[2019-11-19 10:02:15,947] multiqc                                            [INFO   ]  Template    : default
[2019-11-19 10:02:15,947] multiqc                                            [INFO   ]  Searching '/data/HG00104.mapped.SOLID.bfast.GBR.low_coverage.20101123_fastqc.zip'
[2019-11-19 10:02:15,947] multiqc                                            [DEBUG  ]  Analysing modules: custom_content, conpair, peddy, methylQA, phantompeakqualtools, qualimap, preseq, quast, qorts, rna_seqc, rsem, rseqc, busco, goleft_indexcov, disambiguate, supernova, deeptools, sargasso, verifybamid, mirtrace, happy, homer, macs2, theta2, snpeff, gatk, htseq, bcftools, featureCounts, dedup, damageprofiler, picard, prokka, samblaster, samtools, bamtools, jellyfish, vcftools, longranger, stacks, bbmap, bismark, biscuit, hicexplorer, hicup, hicpro, salmon, kallisto, slamdunk, star, hisat2, tophat, bowtie2, bowtie1, kat, leehom, adapterRemoval, clipandmerge, cutadapt, flexbar, trimmomatic, skewer, sortmerna, biobloomtools, fastq_screen, afterqc, fastp, fastqc, minionqc, clusterflow, bcl2fastq, interop, flash
[2019-11-19 10:02:15,947] multiqc                                            [DEBUG  ]  Using temporary directory for creating report: /tmp/tmp60b3nbdd
[2019-11-19 10:02:16,686] multiqc                                            [DEBUG  ]  No samples found: custom_content
[2019-11-19 10:02:16,692] multiqc                                            [DEBUG  ]  No samples found: conpair
[2019-11-19 10:02:16,697] multiqc                                            [DEBUG  ]  No samples found: peddy
[2019-11-19 10:02:16,701] multiqc                                            [DEBUG  ]  No samples found: methylQA
[2019-11-19 10:02:16,706] multiqc                                            [DEBUG  ]  No samples found: phantompeakqualtools
[2019-11-19 10:02:16,712] multiqc                                            [DEBUG  ]  No samples found: qualimap
[2019-11-19 10:02:16,727] multiqc                                            [DEBUG  ]  No samples found: preseq
[2019-11-19 10:02:16,732] multiqc                                            [DEBUG  ]  No samples found: quast
[2019-11-19 10:02:16,737] multiqc                                            [DEBUG  ]  No samples found: qorts
[2019-11-19 10:02:16,742] multiqc                                            [DEBUG  ]  No samples found: rna_seqc
[2019-11-19 10:02:16,746] multiqc                                            [DEBUG  ]  No samples found: rsem
[2019-11-19 10:02:16,757] multiqc                                            [DEBUG  ]  No samples found: rseqc
[2019-11-19 10:02:16,761] multiqc                                            [DEBUG  ]  No samples found: busco
[2019-11-19 10:02:16,766] multiqc                                            [DEBUG  ]  No samples found: goleft_indexcov
[2019-11-19 10:02:16,772] multiqc                                            [DEBUG  ]  No samples found: disambiguate
[2019-11-19 10:02:16,777] multiqc                                            [DEBUG  ]  No samples found: supernova
[2019-11-19 10:02:16,792] multiqc                                            [DEBUG  ]  No samples found: deeptools
[2019-11-19 10:02:16,797] multiqc                                            [DEBUG  ]  No samples found: sargasso
[2019-11-19 10:02:16,802] multiqc                                            [DEBUG  ]  No samples found: verifybamid
[2019-11-19 10:02:16,808] multiqc                                            [DEBUG  ]  No samples found: mirtrace
[2019-11-19 10:02:16,814] multiqc                                            [DEBUG  ]  No samples found: happy
[2019-11-19 10:02:16,821] multiqc                                            [DEBUG  ]  No samples found: homer
[2019-11-19 10:02:16,827] multiqc                                            [DEBUG  ]  No samples found: macs2
[2019-11-19 10:02:16,838] multiqc                                            [DEBUG  ]  No samples found: theta2
[2019-11-19 10:02:16,846] multiqc                                            [DEBUG  ]  No samples found: snpeff
[2019-11-19 10:02:16,854] multiqc                                            [DEBUG  ]  No samples found: gatk
[2019-11-19 10:02:16,859] multiqc                                            [DEBUG  ]  No samples found: htseq
[2019-11-19 10:02:16,864] multiqc                                            [DEBUG  ]  No samples found: bcftools
[2019-11-19 10:02:16,869] multiqc                                            [DEBUG  ]  No samples found: featureCounts
[2019-11-19 10:02:16,875] multiqc                                            [DEBUG  ]  No samples found: dedup
[2019-11-19 10:02:16,881] multiqc                                            [DEBUG  ]  No samples found: damageprofiler
[2019-11-19 10:02:16,901] multiqc                                            [DEBUG  ]  No samples found: picard
[2019-11-19 10:02:16,907] multiqc                                            [DEBUG  ]  No samples found: prokka
[2019-11-19 10:02:16,912] multiqc                                            [DEBUG  ]  No samples found: samblaster
[2019-11-19 10:02:16,921] multiqc                                            [DEBUG  ]  No samples found: samtools
[2019-11-19 10:02:16,927] multiqc                                            [DEBUG  ]  No samples found: bamtools
[2019-11-19 10:02:16,933] multiqc                                            [DEBUG  ]  No samples found: jellyfish
[2019-11-19 10:02:16,943] multiqc                                            [DEBUG  ]  No samples found: vcftools
[2019-11-19 10:02:16,948] multiqc                                            [DEBUG  ]  No samples found: longranger
[2019-11-19 10:02:16,954] multiqc                                            [DEBUG  ]  No samples found: stacks
[2019-11-19 10:02:16,972] multiqc                                            [DEBUG  ]  No samples found: bbmap
[2019-11-19 10:02:16,977] multiqc                                            [DEBUG  ]  No samples found: bismark
[2019-11-19 10:02:16,982] multiqc                                            [DEBUG  ]  No samples found: biscuit
[2019-11-19 10:02:16,987] multiqc                                            [DEBUG  ]  No samples found: hicexplorer
[2019-11-19 10:02:16,991] multiqc                                            [DEBUG  ]  No samples found: hicup
[2019-11-19 10:02:16,996] multiqc                                            [DEBUG  ]  No samples found: hicpro
[2019-11-19 10:02:17,000] multiqc                                            [DEBUG  ]  No samples found: salmon
[2019-11-19 10:02:17,004] multiqc                                            [DEBUG  ]  No samples found: kallisto
[2019-11-19 10:02:17,009] multiqc                                            [DEBUG  ]  No samples found: slamdunk
[2019-11-19 10:02:17,013] multiqc                                            [DEBUG  ]  No samples found: star
[2019-11-19 10:02:17,017] multiqc                                            [DEBUG  ]  No samples found: hisat2
[2019-11-19 10:02:17,022] multiqc                                            [DEBUG  ]  No samples found: tophat
[2019-11-19 10:02:17,026] multiqc                                            [DEBUG  ]  No samples found: bowtie2
[2019-11-19 10:02:17,030] multiqc                                            [DEBUG  ]  No samples found: bowtie1
[2019-11-19 10:02:17,035] multiqc                                            [DEBUG  ]  No samples found: kat
[2019-11-19 10:02:17,038] multiqc                                            [DEBUG  ]  No samples found: leehom
[2019-11-19 10:02:17,043] multiqc                                            [DEBUG  ]  No samples found: adapterRemoval
[2019-11-19 10:02:17,047] multiqc                                            [DEBUG  ]  No samples found: clipandmerge
[2019-11-19 10:02:17,051] multiqc                                            [DEBUG  ]  No samples found: cutadapt
[2019-11-19 10:02:17,055] multiqc                                            [DEBUG  ]  No samples found: flexbar
[2019-11-19 10:02:17,061] multiqc                                            [DEBUG  ]  No samples found: trimmomatic
[2019-11-19 10:02:17,065] multiqc                                            [DEBUG  ]  No samples found: skewer
[2019-11-19 10:02:17,070] multiqc                                            [DEBUG  ]  No samples found: sortmerna
[2019-11-19 10:02:17,074] multiqc                                            [DEBUG  ]  No samples found: biobloomtools
[2019-11-19 10:02:17,080] multiqc                                            [DEBUG  ]  No samples found: fastq_screen
[2019-11-19 10:02:17,084] multiqc                                            [DEBUG  ]  No samples found: afterqc
[2019-11-19 10:02:17,089] multiqc                                            [DEBUG  ]  No samples found: fastp
[2019-11-19 10:02:17,097] multiqc.modules.fastqc.fastqc                      [INFO   ]  Found 1 reports
[2019-11-19 10:02:17,144] multiqc                                            [DEBUG  ]  No samples found: minionqc
[2019-11-19 10:02:17,148] multiqc                                            [DEBUG  ]  No samples found: clusterflow
[2019-11-19 10:02:17,152] multiqc                                            [DEBUG  ]  No samples found: bcl2fastq
[2019-11-19 10:02:17,157] multiqc                                            [DEBUG  ]  No samples found: interop
[2019-11-19 10:02:17,161] multiqc                                            [DEBUG  ]  No samples found: flash
[2019-11-19 10:02:17,164] multiqc                                            [INFO   ]  Compressing plot data
[2019-11-19 10:02:17,195] multiqc                                            [INFO   ]  Report      : ../../../../../../../data/multiqc_report.html
[2019-11-19 10:02:17,195] multiqc                                            [INFO   ]  Data        : ../../../../../../../data/multiqc_data
[2019-11-19 10:02:17,195] multiqc                                            [DEBUG  ]  Moving data file from '/tmp/tmp60b3nbdd/multiqc_data/multiqc_general_stats.txt' to '/data/multiqc_data'
[2019-11-19 10:02:17,195] multiqc                                            [DEBUG  ]  Moving data file from '/tmp/tmp60b3nbdd/multiqc_data/multiqc_fastqc.txt' to '/data/multiqc_data'
[2019-11-19 10:02:17,195] multiqc                                            [DEBUG  ]  Moving data file from '/tmp/tmp60b3nbdd/multiqc_data/multiqc_data.json' to '/data/multiqc_data'
[2019-11-19 10:02:17,196] multiqc                                            [DEBUG  ]  Moving data file from '/tmp/tmp60b3nbdd/multiqc_data/multiqc_sources.txt' to '/data/multiqc_data'
[2019-11-19 10:02:17,336] multiqc                                            [INFO   ]  MultiQC complete
