[2019-11-19 09:51:53,660] multiqc                                            [DEBUG  ]  No MultiQC config found: /usr/lib/python3.6/site-packages/multiqc-1.7-py3.6.egg/multiqc_config.yaml
[2019-11-19 09:51:53,661] multiqc                                            [DEBUG  ]  No MultiQC config found: /root/.multiqc_config.yaml
[2019-11-19 09:51:53,661] multiqc                                            [DEBUG  ]  No MultiQC config found: multiqc_config.yaml
[2019-11-19 09:51:53,661] multiqc                                            [DEBUG  ]  Command used: /usr/bin/multiqc /data/HG00121.unmapped.SOLID.bfast.GBR.low_coverage.20101123_fastqc.zip -o /data
[2019-11-19 09:51:55,679] multiqc                                            [DEBUG  ]  Latest MultiQC version is v1.7
[2019-11-19 09:51:55,679] multiqc                                            [INFO   ]  This is MultiQC v1.7
[2019-11-19 09:51:55,679] multiqc                                            [DEBUG  ]  Command     : /usr/bin/multiqc /data/HG00121.unmapped.SOLID.bfast.GBR.low_coverage.20101123_fastqc.zip -o /data
[2019-11-19 09:51:55,679] multiqc                                            [DEBUG  ]  Working dir : /var/lib/toil/toil-9b56b740-ccba-4b13-b998-c6aabca34938-69d14ae953f0400cbe6f0dc87a7486c9/tmpVNloO5/f88ca9a6-96e4-4177-8a18-1e6db87e52bd/ta1SxAa
[2019-11-19 09:51:55,679] multiqc                                            [INFO   ]  Template    : default
[2019-11-19 09:51:55,679] multiqc                                            [INFO   ]  Searching '/data/HG00121.unmapped.SOLID.bfast.GBR.low_coverage.20101123_fastqc.zip'
[2019-11-19 09:51:55,680] multiqc                                            [DEBUG  ]  Analysing modules: custom_content, conpair, peddy, methylQA, phantompeakqualtools, qualimap, preseq, quast, qorts, rna_seqc, rsem, rseqc, busco, goleft_indexcov, disambiguate, supernova, deeptools, sargasso, verifybamid, mirtrace, happy, homer, macs2, theta2, snpeff, gatk, htseq, bcftools, featureCounts, dedup, damageprofiler, picard, prokka, samblaster, samtools, bamtools, jellyfish, vcftools, longranger, stacks, bbmap, bismark, biscuit, hicexplorer, hicup, hicpro, salmon, kallisto, slamdunk, star, hisat2, tophat, bowtie2, bowtie1, kat, leehom, adapterRemoval, clipandmerge, cutadapt, flexbar, trimmomatic, skewer, sortmerna, biobloomtools, fastq_screen, afterqc, fastp, fastqc, minionqc, clusterflow, bcl2fastq, interop, flash
[2019-11-19 09:51:55,680] multiqc                                            [DEBUG  ]  Using temporary directory for creating report: /tmp/tmptllaufft
[2019-11-19 09:51:56,427] multiqc                                            [DEBUG  ]  No samples found: custom_content
[2019-11-19 09:51:56,433] multiqc                                            [DEBUG  ]  No samples found: conpair
[2019-11-19 09:51:56,440] multiqc                                            [DEBUG  ]  No samples found: peddy
[2019-11-19 09:51:56,446] multiqc                                            [DEBUG  ]  No samples found: methylQA
[2019-11-19 09:51:56,452] multiqc                                            [DEBUG  ]  No samples found: phantompeakqualtools
[2019-11-19 09:51:56,462] multiqc                                            [DEBUG  ]  No samples found: qualimap
[2019-11-19 09:51:56,466] multiqc                                            [DEBUG  ]  No samples found: preseq
[2019-11-19 09:51:56,471] multiqc                                            [DEBUG  ]  No samples found: quast
[2019-11-19 09:51:56,478] multiqc                                            [DEBUG  ]  No samples found: qorts
[2019-11-19 09:51:56,482] multiqc                                            [DEBUG  ]  No samples found: rna_seqc
[2019-11-19 09:51:56,486] multiqc                                            [DEBUG  ]  No samples found: rsem
[2019-11-19 09:51:56,495] multiqc                                            [DEBUG  ]  No samples found: rseqc
[2019-11-19 09:51:56,499] multiqc                                            [DEBUG  ]  No samples found: busco
[2019-11-19 09:51:56,504] multiqc                                            [DEBUG  ]  No samples found: goleft_indexcov
[2019-11-19 09:51:56,508] multiqc                                            [DEBUG  ]  No samples found: disambiguate
[2019-11-19 09:51:56,513] multiqc                                            [DEBUG  ]  No samples found: supernova
[2019-11-19 09:51:56,525] multiqc                                            [DEBUG  ]  No samples found: deeptools
[2019-11-19 09:51:56,530] multiqc                                            [DEBUG  ]  No samples found: sargasso
[2019-11-19 09:51:56,535] multiqc                                            [DEBUG  ]  No samples found: verifybamid
[2019-11-19 09:51:56,540] multiqc                                            [DEBUG  ]  No samples found: mirtrace
[2019-11-19 09:51:56,545] multiqc                                            [DEBUG  ]  No samples found: happy
[2019-11-19 09:51:56,552] multiqc                                            [DEBUG  ]  No samples found: homer
[2019-11-19 09:51:56,556] multiqc                                            [DEBUG  ]  No samples found: macs2
[2019-11-19 09:51:56,562] multiqc                                            [DEBUG  ]  No samples found: theta2
[2019-11-19 09:51:56,567] multiqc                                            [DEBUG  ]  No samples found: snpeff
[2019-11-19 09:51:56,573] multiqc                                            [DEBUG  ]  No samples found: gatk
[2019-11-19 09:51:56,577] multiqc                                            [DEBUG  ]  No samples found: htseq
[2019-11-19 09:51:56,581] multiqc                                            [DEBUG  ]  No samples found: bcftools
[2019-11-19 09:51:56,586] multiqc                                            [DEBUG  ]  No samples found: featureCounts
[2019-11-19 09:51:56,590] multiqc                                            [DEBUG  ]  No samples found: dedup
[2019-11-19 09:51:56,594] multiqc                                            [DEBUG  ]  No samples found: damageprofiler
[2019-11-19 09:51:56,607] multiqc                                            [DEBUG  ]  No samples found: picard
[2019-11-19 09:51:56,611] multiqc                                            [DEBUG  ]  No samples found: prokka
[2019-11-19 09:51:56,615] multiqc                                            [DEBUG  ]  No samples found: samblaster
[2019-11-19 09:51:56,622] multiqc                                            [DEBUG  ]  No samples found: samtools
[2019-11-19 09:51:56,627] multiqc                                            [DEBUG  ]  No samples found: bamtools
[2019-11-19 09:51:56,631] multiqc                                            [DEBUG  ]  No samples found: jellyfish
[2019-11-19 09:51:56,638] multiqc                                            [DEBUG  ]  No samples found: vcftools
[2019-11-19 09:51:56,643] multiqc                                            [DEBUG  ]  No samples found: longranger
[2019-11-19 09:51:56,649] multiqc                                            [DEBUG  ]  No samples found: stacks
[2019-11-19 09:51:56,660] multiqc                                            [DEBUG  ]  No samples found: bbmap
[2019-11-19 09:51:56,664] multiqc                                            [DEBUG  ]  No samples found: bismark
[2019-11-19 09:51:56,670] multiqc                                            [DEBUG  ]  No samples found: biscuit
[2019-11-19 09:51:56,674] multiqc                                            [DEBUG  ]  No samples found: hicexplorer
[2019-11-19 09:51:56,679] multiqc                                            [DEBUG  ]  No samples found: hicup
[2019-11-19 09:51:56,683] multiqc                                            [DEBUG  ]  No samples found: hicpro
[2019-11-19 09:51:56,688] multiqc                                            [DEBUG  ]  No samples found: salmon
[2019-11-19 09:51:56,692] multiqc                                            [DEBUG  ]  No samples found: kallisto
[2019-11-19 09:51:56,697] multiqc                                            [DEBUG  ]  No samples found: slamdunk
[2019-11-19 09:51:56,702] multiqc                                            [DEBUG  ]  No samples found: star
[2019-11-19 09:51:56,706] multiqc                                            [DEBUG  ]  No samples found: hisat2
[2019-11-19 09:51:56,713] multiqc                                            [DEBUG  ]  No samples found: tophat
[2019-11-19 09:51:56,717] multiqc                                            [DEBUG  ]  No samples found: bowtie2
[2019-11-19 09:51:56,721] multiqc                                            [DEBUG  ]  No samples found: bowtie1
[2019-11-19 09:51:56,725] multiqc                                            [DEBUG  ]  No samples found: kat
[2019-11-19 09:51:56,731] multiqc                                            [DEBUG  ]  No samples found: leehom
[2019-11-19 09:51:56,735] multiqc                                            [DEBUG  ]  No samples found: adapterRemoval
[2019-11-19 09:51:56,739] multiqc                                            [DEBUG  ]  No samples found: clipandmerge
[2019-11-19 09:51:56,743] multiqc                                            [DEBUG  ]  No samples found: cutadapt
[2019-11-19 09:51:56,747] multiqc                                            [DEBUG  ]  No samples found: flexbar
[2019-11-19 09:51:56,751] multiqc                                            [DEBUG  ]  No samples found: trimmomatic
[2019-11-19 09:51:56,756] multiqc                                            [DEBUG  ]  No samples found: skewer
[2019-11-19 09:51:56,762] multiqc                                            [DEBUG  ]  No samples found: sortmerna
[2019-11-19 09:51:56,766] multiqc                                            [DEBUG  ]  No samples found: biobloomtools
[2019-11-19 09:51:56,770] multiqc                                            [DEBUG  ]  No samples found: fastq_screen
[2019-11-19 09:51:56,774] multiqc                                            [DEBUG  ]  No samples found: afterqc
[2019-11-19 09:51:56,779] multiqc                                            [DEBUG  ]  No samples found: fastp
[2019-11-19 09:51:56,786] multiqc.modules.fastqc.fastqc                      [INFO   ]  Found 1 reports
[2019-11-19 09:51:56,834] multiqc                                            [DEBUG  ]  No samples found: minionqc
[2019-11-19 09:51:56,840] multiqc                                            [DEBUG  ]  No samples found: clusterflow
[2019-11-19 09:51:56,845] multiqc                                            [DEBUG  ]  No samples found: bcl2fastq
[2019-11-19 09:51:56,849] multiqc                                            [DEBUG  ]  No samples found: interop
[2019-11-19 09:51:56,854] multiqc                                            [DEBUG  ]  No samples found: flash
[2019-11-19 09:51:56,856] multiqc                                            [INFO   ]  Compressing plot data
[2019-11-19 09:51:56,882] multiqc                                            [INFO   ]  Report      : ../../../../../../../data/multiqc_report.html
[2019-11-19 09:51:56,882] multiqc                                            [INFO   ]  Data        : ../../../../../../../data/multiqc_data
[2019-11-19 09:51:56,883] multiqc                                            [DEBUG  ]  Moving data file from '/tmp/tmptllaufft/multiqc_data/multiqc_general_stats.txt' to '/data/multiqc_data'
[2019-11-19 09:51:56,883] multiqc                                            [DEBUG  ]  Moving data file from '/tmp/tmptllaufft/multiqc_data/multiqc_fastqc.txt' to '/data/multiqc_data'
[2019-11-19 09:51:56,883] multiqc                                            [DEBUG  ]  Moving data file from '/tmp/tmptllaufft/multiqc_data/multiqc_data.json' to '/data/multiqc_data'
[2019-11-19 09:51:56,884] multiqc                                            [DEBUG  ]  Moving data file from '/tmp/tmptllaufft/multiqc_data/multiqc_sources.txt' to '/data/multiqc_data'
[2019-11-19 09:51:57,023] multiqc                                            [INFO   ]  MultiQC complete
