[2019-11-19 07:05:11,293] multiqc                                            [DEBUG  ]  No MultiQC config found: /usr/lib/python3.6/site-packages/multiqc-1.7-py3.6.egg/multiqc_config.yaml
[2019-11-19 07:05:11,293] multiqc                                            [DEBUG  ]  No MultiQC config found: /root/.multiqc_config.yaml
[2019-11-19 07:05:11,293] multiqc                                            [DEBUG  ]  No MultiQC config found: multiqc_config.yaml
[2019-11-19 07:05:11,293] multiqc                                            [DEBUG  ]  Command used: /usr/bin/multiqc /data/HG00108.mapped.ILLUMINA.bwa.GBR.low_coverage.20101123_fastqc.zip -o /data
[2019-11-19 07:05:13,350] multiqc                                            [DEBUG  ]  Latest MultiQC version is v1.7
[2019-11-19 07:05:13,350] multiqc                                            [INFO   ]  This is MultiQC v1.7
[2019-11-19 07:05:13,351] multiqc                                            [DEBUG  ]  Command     : /usr/bin/multiqc /data/HG00108.mapped.ILLUMINA.bwa.GBR.low_coverage.20101123_fastqc.zip -o /data
[2019-11-19 07:05:13,351] multiqc                                            [DEBUG  ]  Working dir : /var/lib/toil/toil-9b56b740-ccba-4b13-b998-c6aabca34938-69d14ae953f0400cbe6f0dc87a7486c9/tmp_cK_BT/887b4842-3c6c-4f64-b86d-100a1b59f08e/tPe1Hig
[2019-11-19 07:05:13,351] multiqc                                            [INFO   ]  Template    : default
[2019-11-19 07:05:13,351] multiqc                                            [INFO   ]  Searching '/data/HG00108.mapped.ILLUMINA.bwa.GBR.low_coverage.20101123_fastqc.zip'
[2019-11-19 07:05:13,351] multiqc                                            [DEBUG  ]  Analysing modules: custom_content, conpair, peddy, methylQA, phantompeakqualtools, qualimap, preseq, quast, qorts, rna_seqc, rsem, rseqc, busco, goleft_indexcov, disambiguate, supernova, deeptools, sargasso, verifybamid, mirtrace, happy, homer, macs2, theta2, snpeff, gatk, htseq, bcftools, featureCounts, dedup, damageprofiler, picard, prokka, samblaster, samtools, bamtools, jellyfish, vcftools, longranger, stacks, bbmap, bismark, biscuit, hicexplorer, hicup, hicpro, salmon, kallisto, slamdunk, star, hisat2, tophat, bowtie2, bowtie1, kat, leehom, adapterRemoval, clipandmerge, cutadapt, flexbar, trimmomatic, skewer, sortmerna, biobloomtools, fastq_screen, afterqc, fastp, fastqc, minionqc, clusterflow, bcl2fastq, interop, flash
[2019-11-19 07:05:13,352] multiqc                                            [DEBUG  ]  Using temporary directory for creating report: /tmp/tmpj_d_6n0d
[2019-11-19 07:05:14,071] multiqc                                            [DEBUG  ]  No samples found: custom_content
[2019-11-19 07:05:14,076] multiqc                                            [DEBUG  ]  No samples found: conpair
[2019-11-19 07:05:14,080] multiqc                                            [DEBUG  ]  No samples found: peddy
[2019-11-19 07:05:14,085] multiqc                                            [DEBUG  ]  No samples found: methylQA
[2019-11-19 07:05:14,089] multiqc                                            [DEBUG  ]  No samples found: phantompeakqualtools
[2019-11-19 07:05:14,095] multiqc                                            [DEBUG  ]  No samples found: qualimap
[2019-11-19 07:05:14,099] multiqc                                            [DEBUG  ]  No samples found: preseq
[2019-11-19 07:05:14,104] multiqc                                            [DEBUG  ]  No samples found: quast
[2019-11-19 07:05:14,108] multiqc                                            [DEBUG  ]  No samples found: qorts
[2019-11-19 07:05:14,112] multiqc                                            [DEBUG  ]  No samples found: rna_seqc
[2019-11-19 07:05:14,116] multiqc                                            [DEBUG  ]  No samples found: rsem
[2019-11-19 07:05:14,125] multiqc                                            [DEBUG  ]  No samples found: rseqc
[2019-11-19 07:05:14,130] multiqc                                            [DEBUG  ]  No samples found: busco
[2019-11-19 07:05:14,134] multiqc                                            [DEBUG  ]  No samples found: goleft_indexcov
[2019-11-19 07:05:14,139] multiqc                                            [DEBUG  ]  No samples found: disambiguate
[2019-11-19 07:05:14,143] multiqc                                            [DEBUG  ]  No samples found: supernova
[2019-11-19 07:05:14,152] multiqc                                            [DEBUG  ]  No samples found: deeptools
[2019-11-19 07:05:14,156] multiqc                                            [DEBUG  ]  No samples found: sargasso
[2019-11-19 07:05:14,160] multiqc                                            [DEBUG  ]  No samples found: verifybamid
[2019-11-19 07:05:14,164] multiqc                                            [DEBUG  ]  No samples found: mirtrace
[2019-11-19 07:05:14,169] multiqc                                            [DEBUG  ]  No samples found: happy
[2019-11-19 07:05:14,174] multiqc                                            [DEBUG  ]  No samples found: homer
[2019-11-19 07:05:14,179] multiqc                                            [DEBUG  ]  No samples found: macs2
[2019-11-19 07:05:14,183] multiqc                                            [DEBUG  ]  No samples found: theta2
[2019-11-19 07:05:14,187] multiqc                                            [DEBUG  ]  No samples found: snpeff
[2019-11-19 07:05:14,193] multiqc                                            [DEBUG  ]  No samples found: gatk
[2019-11-19 07:05:14,197] multiqc                                            [DEBUG  ]  No samples found: htseq
[2019-11-19 07:05:14,202] multiqc                                            [DEBUG  ]  No samples found: bcftools
[2019-11-19 07:05:14,206] multiqc                                            [DEBUG  ]  No samples found: featureCounts
[2019-11-19 07:05:14,210] multiqc                                            [DEBUG  ]  No samples found: dedup
[2019-11-19 07:05:14,215] multiqc                                            [DEBUG  ]  No samples found: damageprofiler
[2019-11-19 07:05:14,226] multiqc                                            [DEBUG  ]  No samples found: picard
[2019-11-19 07:05:14,230] multiqc                                            [DEBUG  ]  No samples found: prokka
[2019-11-19 07:05:14,234] multiqc                                            [DEBUG  ]  No samples found: samblaster
[2019-11-19 07:05:14,241] multiqc                                            [DEBUG  ]  No samples found: samtools
[2019-11-19 07:05:14,246] multiqc                                            [DEBUG  ]  No samples found: bamtools
[2019-11-19 07:05:14,250] multiqc                                            [DEBUG  ]  No samples found: jellyfish
[2019-11-19 07:05:14,257] multiqc                                            [DEBUG  ]  No samples found: vcftools
[2019-11-19 07:05:14,262] multiqc                                            [DEBUG  ]  No samples found: longranger
[2019-11-19 07:05:14,267] multiqc                                            [DEBUG  ]  No samples found: stacks
[2019-11-19 07:05:14,279] multiqc                                            [DEBUG  ]  No samples found: bbmap
[2019-11-19 07:05:14,283] multiqc                                            [DEBUG  ]  No samples found: bismark
[2019-11-19 07:05:14,289] multiqc                                            [DEBUG  ]  No samples found: biscuit
[2019-11-19 07:05:14,293] multiqc                                            [DEBUG  ]  No samples found: hicexplorer
[2019-11-19 07:05:14,297] multiqc                                            [DEBUG  ]  No samples found: hicup
[2019-11-19 07:05:14,302] multiqc                                            [DEBUG  ]  No samples found: hicpro
[2019-11-19 07:05:14,306] multiqc                                            [DEBUG  ]  No samples found: salmon
[2019-11-19 07:05:14,310] multiqc                                            [DEBUG  ]  No samples found: kallisto
[2019-11-19 07:05:14,315] multiqc                                            [DEBUG  ]  No samples found: slamdunk
[2019-11-19 07:05:14,319] multiqc                                            [DEBUG  ]  No samples found: star
[2019-11-19 07:05:14,323] multiqc                                            [DEBUG  ]  No samples found: hisat2
[2019-11-19 07:05:14,327] multiqc                                            [DEBUG  ]  No samples found: tophat
[2019-11-19 07:05:14,332] multiqc                                            [DEBUG  ]  No samples found: bowtie2
[2019-11-19 07:05:14,336] multiqc                                            [DEBUG  ]  No samples found: bowtie1
[2019-11-19 07:05:14,340] multiqc                                            [DEBUG  ]  No samples found: kat
[2019-11-19 07:05:14,345] multiqc                                            [DEBUG  ]  No samples found: leehom
[2019-11-19 07:05:14,351] multiqc                                            [DEBUG  ]  No samples found: adapterRemoval
[2019-11-19 07:05:14,355] multiqc                                            [DEBUG  ]  No samples found: clipandmerge
[2019-11-19 07:05:14,359] multiqc                                            [DEBUG  ]  No samples found: cutadapt
[2019-11-19 07:05:14,364] multiqc                                            [DEBUG  ]  No samples found: flexbar
[2019-11-19 07:05:14,368] multiqc                                            [DEBUG  ]  No samples found: trimmomatic
[2019-11-19 07:05:14,372] multiqc                                            [DEBUG  ]  No samples found: skewer
[2019-11-19 07:05:14,376] multiqc                                            [DEBUG  ]  No samples found: sortmerna
[2019-11-19 07:05:14,380] multiqc                                            [DEBUG  ]  No samples found: biobloomtools
[2019-11-19 07:05:14,384] multiqc                                            [DEBUG  ]  No samples found: fastq_screen
[2019-11-19 07:05:14,388] multiqc                                            [DEBUG  ]  No samples found: afterqc
[2019-11-19 07:05:14,393] multiqc                                            [DEBUG  ]  No samples found: fastp
[2019-11-19 07:05:14,400] multiqc.modules.fastqc.fastqc                      [INFO   ]  Found 1 reports
[2019-11-19 07:05:14,447] multiqc                                            [DEBUG  ]  No samples found: minionqc
[2019-11-19 07:05:14,452] multiqc                                            [DEBUG  ]  No samples found: clusterflow
[2019-11-19 07:05:14,456] multiqc                                            [DEBUG  ]  No samples found: bcl2fastq
[2019-11-19 07:05:14,461] multiqc                                            [DEBUG  ]  No samples found: interop
[2019-11-19 07:05:14,466] multiqc                                            [DEBUG  ]  No samples found: flash
[2019-11-19 07:05:14,469] multiqc                                            [INFO   ]  Compressing plot data
[2019-11-19 07:05:14,496] multiqc                                            [INFO   ]  Report      : ../../../../../../../data/multiqc_report.html
[2019-11-19 07:05:14,496] multiqc                                            [INFO   ]  Data        : ../../../../../../../data/multiqc_data
[2019-11-19 07:05:14,496] multiqc                                            [DEBUG  ]  Moving data file from '/tmp/tmpj_d_6n0d/multiqc_data/multiqc_general_stats.txt' to '/data/multiqc_data'
[2019-11-19 07:05:14,496] multiqc                                            [DEBUG  ]  Moving data file from '/tmp/tmpj_d_6n0d/multiqc_data/multiqc_fastqc.txt' to '/data/multiqc_data'
[2019-11-19 07:05:14,497] multiqc                                            [DEBUG  ]  Moving data file from '/tmp/tmpj_d_6n0d/multiqc_data/multiqc_data.json' to '/data/multiqc_data'
[2019-11-19 07:05:14,497] multiqc                                            [DEBUG  ]  Moving data file from '/tmp/tmpj_d_6n0d/multiqc_data/multiqc_sources.txt' to '/data/multiqc_data'
[2019-11-19 07:05:14,634] multiqc                                            [INFO   ]  MultiQC complete
