[2019-11-19 13:25:44,457] multiqc                                            [DEBUG  ]  No MultiQC config found: /usr/lib/python3.6/site-packages/multiqc-1.7-py3.6.egg/multiqc_config.yaml
[2019-11-19 13:25:44,457] multiqc                                            [DEBUG  ]  No MultiQC config found: /root/.multiqc_config.yaml
[2019-11-19 13:25:44,457] multiqc                                            [DEBUG  ]  No MultiQC config found: multiqc_config.yaml
[2019-11-19 13:25:44,457] multiqc                                            [DEBUG  ]  Command used: /usr/bin/multiqc /data/HG00189.unmapped.ILLUMINA.bwa.FIN.low_coverage.20101123_fastqc.zip -o /data
[2019-11-19 13:25:46,115] multiqc                                            [DEBUG  ]  Latest MultiQC version is v1.7
[2019-11-19 13:25:46,116] multiqc                                            [INFO   ]  This is MultiQC v1.7
[2019-11-19 13:25:46,116] multiqc                                            [DEBUG  ]  Command     : /usr/bin/multiqc /data/HG00189.unmapped.ILLUMINA.bwa.FIN.low_coverage.20101123_fastqc.zip -o /data
[2019-11-19 13:25:46,116] multiqc                                            [DEBUG  ]  Working dir : /var/lib/toil/toil-9b56b740-ccba-4b13-b998-c6aabca34938-69d14ae953f0400cbe6f0dc87a7486c9/tmpzNklDG/82fb53d9-44bb-4738-9753-51712819bbfb/to9L2XA
[2019-11-19 13:25:46,116] multiqc                                            [INFO   ]  Template    : default
[2019-11-19 13:25:46,116] multiqc                                            [INFO   ]  Searching '/data/HG00189.unmapped.ILLUMINA.bwa.FIN.low_coverage.20101123_fastqc.zip'
[2019-11-19 13:25:46,117] multiqc                                            [DEBUG  ]  Analysing modules: custom_content, conpair, peddy, methylQA, phantompeakqualtools, qualimap, preseq, quast, qorts, rna_seqc, rsem, rseqc, busco, goleft_indexcov, disambiguate, supernova, deeptools, sargasso, verifybamid, mirtrace, happy, homer, macs2, theta2, snpeff, gatk, htseq, bcftools, featureCounts, dedup, damageprofiler, picard, prokka, samblaster, samtools, bamtools, jellyfish, vcftools, longranger, stacks, bbmap, bismark, biscuit, hicexplorer, hicup, hicpro, salmon, kallisto, slamdunk, star, hisat2, tophat, bowtie2, bowtie1, kat, leehom, adapterRemoval, clipandmerge, cutadapt, flexbar, trimmomatic, skewer, sortmerna, biobloomtools, fastq_screen, afterqc, fastp, fastqc, minionqc, clusterflow, bcl2fastq, interop, flash
[2019-11-19 13:25:46,117] multiqc                                            [DEBUG  ]  Using temporary directory for creating report: /tmp/tmpgb1dcmbq
[2019-11-19 13:25:46,777] multiqc                                            [DEBUG  ]  No samples found: custom_content
[2019-11-19 13:25:46,782] multiqc                                            [DEBUG  ]  No samples found: conpair
[2019-11-19 13:25:46,785] multiqc                                            [DEBUG  ]  No samples found: peddy
[2019-11-19 13:25:46,789] multiqc                                            [DEBUG  ]  No samples found: methylQA
[2019-11-19 13:25:46,793] multiqc                                            [DEBUG  ]  No samples found: phantompeakqualtools
[2019-11-19 13:25:46,798] multiqc                                            [DEBUG  ]  No samples found: qualimap
[2019-11-19 13:25:46,802] multiqc                                            [DEBUG  ]  No samples found: preseq
[2019-11-19 13:25:46,806] multiqc                                            [DEBUG  ]  No samples found: quast
[2019-11-19 13:25:46,809] multiqc                                            [DEBUG  ]  No samples found: qorts
[2019-11-19 13:25:46,813] multiqc                                            [DEBUG  ]  No samples found: rna_seqc
[2019-11-19 13:25:46,817] multiqc                                            [DEBUG  ]  No samples found: rsem
[2019-11-19 13:25:46,826] multiqc                                            [DEBUG  ]  No samples found: rseqc
[2019-11-19 13:25:46,829] multiqc                                            [DEBUG  ]  No samples found: busco
[2019-11-19 13:25:46,833] multiqc                                            [DEBUG  ]  No samples found: goleft_indexcov
[2019-11-19 13:25:46,837] multiqc                                            [DEBUG  ]  No samples found: disambiguate
[2019-11-19 13:25:46,841] multiqc                                            [DEBUG  ]  No samples found: supernova
[2019-11-19 13:25:46,848] multiqc                                            [DEBUG  ]  No samples found: deeptools
[2019-11-19 13:25:46,852] multiqc                                            [DEBUG  ]  No samples found: sargasso
[2019-11-19 13:25:46,856] multiqc                                            [DEBUG  ]  No samples found: verifybamid
[2019-11-19 13:25:46,860] multiqc                                            [DEBUG  ]  No samples found: mirtrace
[2019-11-19 13:25:46,864] multiqc                                            [DEBUG  ]  No samples found: happy
[2019-11-19 13:25:46,869] multiqc                                            [DEBUG  ]  No samples found: homer
[2019-11-19 13:25:46,873] multiqc                                            [DEBUG  ]  No samples found: macs2
[2019-11-19 13:25:46,876] multiqc                                            [DEBUG  ]  No samples found: theta2
[2019-11-19 13:25:46,880] multiqc                                            [DEBUG  ]  No samples found: snpeff
[2019-11-19 13:25:46,886] multiqc                                            [DEBUG  ]  No samples found: gatk
[2019-11-19 13:25:46,889] multiqc                                            [DEBUG  ]  No samples found: htseq
[2019-11-19 13:25:46,894] multiqc                                            [DEBUG  ]  No samples found: bcftools
[2019-11-19 13:25:46,898] multiqc                                            [DEBUG  ]  No samples found: featureCounts
[2019-11-19 13:25:46,902] multiqc                                            [DEBUG  ]  No samples found: dedup
[2019-11-19 13:25:46,905] multiqc                                            [DEBUG  ]  No samples found: damageprofiler
[2019-11-19 13:25:46,915] multiqc                                            [DEBUG  ]  No samples found: picard
[2019-11-19 13:25:46,919] multiqc                                            [DEBUG  ]  No samples found: prokka
[2019-11-19 13:25:46,923] multiqc                                            [DEBUG  ]  No samples found: samblaster
[2019-11-19 13:25:46,929] multiqc                                            [DEBUG  ]  No samples found: samtools
[2019-11-19 13:25:46,933] multiqc                                            [DEBUG  ]  No samples found: bamtools
[2019-11-19 13:25:46,937] multiqc                                            [DEBUG  ]  No samples found: jellyfish
[2019-11-19 13:25:46,942] multiqc                                            [DEBUG  ]  No samples found: vcftools
[2019-11-19 13:25:46,946] multiqc                                            [DEBUG  ]  No samples found: longranger
[2019-11-19 13:25:46,950] multiqc                                            [DEBUG  ]  No samples found: stacks
[2019-11-19 13:25:46,963] multiqc                                            [DEBUG  ]  No samples found: bbmap
[2019-11-19 13:25:46,970] multiqc                                            [DEBUG  ]  No samples found: bismark
[2019-11-19 13:25:46,977] multiqc                                            [DEBUG  ]  No samples found: biscuit
[2019-11-19 13:25:46,981] multiqc                                            [DEBUG  ]  No samples found: hicexplorer
[2019-11-19 13:25:46,985] multiqc                                            [DEBUG  ]  No samples found: hicup
[2019-11-19 13:25:46,989] multiqc                                            [DEBUG  ]  No samples found: hicpro
[2019-11-19 13:25:46,994] multiqc                                            [DEBUG  ]  No samples found: salmon
[2019-11-19 13:25:47,000] multiqc                                            [DEBUG  ]  No samples found: kallisto
[2019-11-19 13:25:47,003] multiqc                                            [DEBUG  ]  No samples found: slamdunk
[2019-11-19 13:25:47,007] multiqc                                            [DEBUG  ]  No samples found: star
[2019-11-19 13:25:47,011] multiqc                                            [DEBUG  ]  No samples found: hisat2
[2019-11-19 13:25:47,016] multiqc                                            [DEBUG  ]  No samples found: tophat
[2019-11-19 13:25:47,021] multiqc                                            [DEBUG  ]  No samples found: bowtie2
[2019-11-19 13:25:47,025] multiqc                                            [DEBUG  ]  No samples found: bowtie1
[2019-11-19 13:25:47,028] multiqc                                            [DEBUG  ]  No samples found: kat
[2019-11-19 13:25:47,032] multiqc                                            [DEBUG  ]  No samples found: leehom
[2019-11-19 13:25:47,036] multiqc                                            [DEBUG  ]  No samples found: adapterRemoval
[2019-11-19 13:25:47,040] multiqc                                            [DEBUG  ]  No samples found: clipandmerge
[2019-11-19 13:25:47,043] multiqc                                            [DEBUG  ]  No samples found: cutadapt
[2019-11-19 13:25:47,047] multiqc                                            [DEBUG  ]  No samples found: flexbar
[2019-11-19 13:25:47,051] multiqc                                            [DEBUG  ]  No samples found: trimmomatic
[2019-11-19 13:25:47,054] multiqc                                            [DEBUG  ]  No samples found: skewer
[2019-11-19 13:25:47,058] multiqc                                            [DEBUG  ]  No samples found: sortmerna
[2019-11-19 13:25:47,062] multiqc                                            [DEBUG  ]  No samples found: biobloomtools
[2019-11-19 13:25:47,065] multiqc                                            [DEBUG  ]  No samples found: fastq_screen
[2019-11-19 13:25:47,070] multiqc                                            [DEBUG  ]  No samples found: afterqc
[2019-11-19 13:25:47,074] multiqc                                            [DEBUG  ]  No samples found: fastp
[2019-11-19 13:25:47,081] multiqc.modules.fastqc.fastqc                      [INFO   ]  Found 1 reports
[2019-11-19 13:25:47,133] multiqc                                            [DEBUG  ]  No samples found: minionqc
[2019-11-19 13:25:47,139] multiqc                                            [DEBUG  ]  No samples found: clusterflow
[2019-11-19 13:25:47,143] multiqc                                            [DEBUG  ]  No samples found: bcl2fastq
[2019-11-19 13:25:47,147] multiqc                                            [DEBUG  ]  No samples found: interop
[2019-11-19 13:25:47,153] multiqc                                            [DEBUG  ]  No samples found: flash
[2019-11-19 13:25:47,156] multiqc                                            [INFO   ]  Compressing plot data
[2019-11-19 13:25:47,186] multiqc                                            [INFO   ]  Report      : ../../../../../../../data/multiqc_report.html
[2019-11-19 13:25:47,187] multiqc                                            [INFO   ]  Data        : ../../../../../../../data/multiqc_data
[2019-11-19 13:25:47,187] multiqc                                            [DEBUG  ]  Moving data file from '/tmp/tmpgb1dcmbq/multiqc_data/multiqc_general_stats.txt' to '/data/multiqc_data'
[2019-11-19 13:25:47,187] multiqc                                            [DEBUG  ]  Moving data file from '/tmp/tmpgb1dcmbq/multiqc_data/multiqc_fastqc.txt' to '/data/multiqc_data'
[2019-11-19 13:25:47,187] multiqc                                            [DEBUG  ]  Moving data file from '/tmp/tmpgb1dcmbq/multiqc_data/multiqc_data.json' to '/data/multiqc_data'
[2019-11-19 13:25:47,188] multiqc                                            [DEBUG  ]  Moving data file from '/tmp/tmpgb1dcmbq/multiqc_data/multiqc_sources.txt' to '/data/multiqc_data'
[2019-11-19 13:25:47,315] multiqc                                            [INFO   ]  MultiQC complete
