[2019-11-19 12:15:38,435] multiqc                                            [DEBUG  ]  No MultiQC config found: /usr/lib/python3.6/site-packages/multiqc-1.7-py3.6.egg/multiqc_config.yaml
[2019-11-19 12:15:38,435] multiqc                                            [DEBUG  ]  No MultiQC config found: /root/.multiqc_config.yaml
[2019-11-19 12:15:38,435] multiqc                                            [DEBUG  ]  No MultiQC config found: multiqc_config.yaml
[2019-11-19 12:15:38,435] multiqc                                            [DEBUG  ]  Command used: /usr/bin/multiqc /data/HG00113.mapped.SOLID.bfast.GBR.low_coverage.20101123_fastqc.zip -o /data
[2019-11-19 12:15:40,091] multiqc                                            [DEBUG  ]  Latest MultiQC version is v1.7
[2019-11-19 12:15:40,091] multiqc                                            [INFO   ]  This is MultiQC v1.7
[2019-11-19 12:15:40,091] multiqc                                            [DEBUG  ]  Command     : /usr/bin/multiqc /data/HG00113.mapped.SOLID.bfast.GBR.low_coverage.20101123_fastqc.zip -o /data
[2019-11-19 12:15:40,091] multiqc                                            [DEBUG  ]  Working dir : /var/lib/toil/toil-9b56b740-ccba-4b13-b998-c6aabca34938-69d14ae953f0400cbe6f0dc87a7486c9/tmpjV5tjP/cea48e80-8232-4306-9e8a-629a3b8abbec/t7XVAIm
[2019-11-19 12:15:40,091] multiqc                                            [INFO   ]  Template    : default
[2019-11-19 12:15:40,091] multiqc                                            [INFO   ]  Searching '/data/HG00113.mapped.SOLID.bfast.GBR.low_coverage.20101123_fastqc.zip'
[2019-11-19 12:15:40,092] multiqc                                            [DEBUG  ]  Analysing modules: custom_content, conpair, peddy, methylQA, phantompeakqualtools, qualimap, preseq, quast, qorts, rna_seqc, rsem, rseqc, busco, goleft_indexcov, disambiguate, supernova, deeptools, sargasso, verifybamid, mirtrace, happy, homer, macs2, theta2, snpeff, gatk, htseq, bcftools, featureCounts, dedup, damageprofiler, picard, prokka, samblaster, samtools, bamtools, jellyfish, vcftools, longranger, stacks, bbmap, bismark, biscuit, hicexplorer, hicup, hicpro, salmon, kallisto, slamdunk, star, hisat2, tophat, bowtie2, bowtie1, kat, leehom, adapterRemoval, clipandmerge, cutadapt, flexbar, trimmomatic, skewer, sortmerna, biobloomtools, fastq_screen, afterqc, fastp, fastqc, minionqc, clusterflow, bcl2fastq, interop, flash
[2019-11-19 12:15:40,092] multiqc                                            [DEBUG  ]  Using temporary directory for creating report: /tmp/tmp5ivgeh37
[2019-11-19 12:15:40,728] multiqc                                            [DEBUG  ]  No samples found: custom_content
[2019-11-19 12:15:40,732] multiqc                                            [DEBUG  ]  No samples found: conpair
[2019-11-19 12:15:40,736] multiqc                                            [DEBUG  ]  No samples found: peddy
[2019-11-19 12:15:40,740] multiqc                                            [DEBUG  ]  No samples found: methylQA
[2019-11-19 12:15:40,744] multiqc                                            [DEBUG  ]  No samples found: phantompeakqualtools
[2019-11-19 12:15:40,748] multiqc                                            [DEBUG  ]  No samples found: qualimap
[2019-11-19 12:15:40,752] multiqc                                            [DEBUG  ]  No samples found: preseq
[2019-11-19 12:15:40,756] multiqc                                            [DEBUG  ]  No samples found: quast
[2019-11-19 12:15:40,760] multiqc                                            [DEBUG  ]  No samples found: qorts
[2019-11-19 12:15:40,763] multiqc                                            [DEBUG  ]  No samples found: rna_seqc
[2019-11-19 12:15:40,767] multiqc                                            [DEBUG  ]  No samples found: rsem
[2019-11-19 12:15:40,775] multiqc                                            [DEBUG  ]  No samples found: rseqc
[2019-11-19 12:15:40,779] multiqc                                            [DEBUG  ]  No samples found: busco
[2019-11-19 12:15:40,783] multiqc                                            [DEBUG  ]  No samples found: goleft_indexcov
[2019-11-19 12:15:40,787] multiqc                                            [DEBUG  ]  No samples found: disambiguate
[2019-11-19 12:15:40,791] multiqc                                            [DEBUG  ]  No samples found: supernova
[2019-11-19 12:15:40,798] multiqc                                            [DEBUG  ]  No samples found: deeptools
[2019-11-19 12:15:40,802] multiqc                                            [DEBUG  ]  No samples found: sargasso
[2019-11-19 12:15:40,806] multiqc                                            [DEBUG  ]  No samples found: verifybamid
[2019-11-19 12:15:40,810] multiqc                                            [DEBUG  ]  No samples found: mirtrace
[2019-11-19 12:15:40,814] multiqc                                            [DEBUG  ]  No samples found: happy
[2019-11-19 12:15:40,819] multiqc                                            [DEBUG  ]  No samples found: homer
[2019-11-19 12:15:40,823] multiqc                                            [DEBUG  ]  No samples found: macs2
[2019-11-19 12:15:40,826] multiqc                                            [DEBUG  ]  No samples found: theta2
[2019-11-19 12:15:40,831] multiqc                                            [DEBUG  ]  No samples found: snpeff
[2019-11-19 12:15:40,838] multiqc                                            [DEBUG  ]  No samples found: gatk
[2019-11-19 12:15:40,843] multiqc                                            [DEBUG  ]  No samples found: htseq
[2019-11-19 12:15:40,848] multiqc                                            [DEBUG  ]  No samples found: bcftools
[2019-11-19 12:15:40,853] multiqc                                            [DEBUG  ]  No samples found: featureCounts
[2019-11-19 12:15:40,857] multiqc                                            [DEBUG  ]  No samples found: dedup
[2019-11-19 12:15:40,861] multiqc                                            [DEBUG  ]  No samples found: damageprofiler
[2019-11-19 12:15:40,870] multiqc                                            [DEBUG  ]  No samples found: picard
[2019-11-19 12:15:40,874] multiqc                                            [DEBUG  ]  No samples found: prokka
[2019-11-19 12:15:40,878] multiqc                                            [DEBUG  ]  No samples found: samblaster
[2019-11-19 12:15:40,884] multiqc                                            [DEBUG  ]  No samples found: samtools
[2019-11-19 12:15:40,888] multiqc                                            [DEBUG  ]  No samples found: bamtools
[2019-11-19 12:15:40,892] multiqc                                            [DEBUG  ]  No samples found: jellyfish
[2019-11-19 12:15:40,897] multiqc                                            [DEBUG  ]  No samples found: vcftools
[2019-11-19 12:15:40,901] multiqc                                            [DEBUG  ]  No samples found: longranger
[2019-11-19 12:15:40,905] multiqc                                            [DEBUG  ]  No samples found: stacks
[2019-11-19 12:15:40,914] multiqc                                            [DEBUG  ]  No samples found: bbmap
[2019-11-19 12:15:40,918] multiqc                                            [DEBUG  ]  No samples found: bismark
[2019-11-19 12:15:40,923] multiqc                                            [DEBUG  ]  No samples found: biscuit
[2019-11-19 12:15:40,927] multiqc                                            [DEBUG  ]  No samples found: hicexplorer
[2019-11-19 12:15:40,931] multiqc                                            [DEBUG  ]  No samples found: hicup
[2019-11-19 12:15:40,935] multiqc                                            [DEBUG  ]  No samples found: hicpro
[2019-11-19 12:15:40,939] multiqc                                            [DEBUG  ]  No samples found: salmon
[2019-11-19 12:15:40,943] multiqc                                            [DEBUG  ]  No samples found: kallisto
[2019-11-19 12:15:40,947] multiqc                                            [DEBUG  ]  No samples found: slamdunk
[2019-11-19 12:15:40,951] multiqc                                            [DEBUG  ]  No samples found: star
[2019-11-19 12:15:40,955] multiqc                                            [DEBUG  ]  No samples found: hisat2
[2019-11-19 12:15:40,959] multiqc                                            [DEBUG  ]  No samples found: tophat
[2019-11-19 12:15:40,963] multiqc                                            [DEBUG  ]  No samples found: bowtie2
[2019-11-19 12:15:40,968] multiqc                                            [DEBUG  ]  No samples found: bowtie1
[2019-11-19 12:15:40,973] multiqc                                            [DEBUG  ]  No samples found: kat
[2019-11-19 12:15:40,977] multiqc                                            [DEBUG  ]  No samples found: leehom
[2019-11-19 12:15:40,982] multiqc                                            [DEBUG  ]  No samples found: adapterRemoval
[2019-11-19 12:15:40,986] multiqc                                            [DEBUG  ]  No samples found: clipandmerge
[2019-11-19 12:15:40,990] multiqc                                            [DEBUG  ]  No samples found: cutadapt
[2019-11-19 12:15:40,994] multiqc                                            [DEBUG  ]  No samples found: flexbar
[2019-11-19 12:15:40,997] multiqc                                            [DEBUG  ]  No samples found: trimmomatic
[2019-11-19 12:15:41,001] multiqc                                            [DEBUG  ]  No samples found: skewer
[2019-11-19 12:15:41,005] multiqc                                            [DEBUG  ]  No samples found: sortmerna
[2019-11-19 12:15:41,009] multiqc                                            [DEBUG  ]  No samples found: biobloomtools
[2019-11-19 12:15:41,013] multiqc                                            [DEBUG  ]  No samples found: fastq_screen
[2019-11-19 12:15:41,017] multiqc                                            [DEBUG  ]  No samples found: afterqc
[2019-11-19 12:15:41,021] multiqc                                            [DEBUG  ]  No samples found: fastp
[2019-11-19 12:15:41,028] multiqc.modules.fastqc.fastqc                      [INFO   ]  Found 1 reports
[2019-11-19 12:15:41,069] multiqc                                            [DEBUG  ]  No samples found: minionqc
[2019-11-19 12:15:41,074] multiqc                                            [DEBUG  ]  No samples found: clusterflow
[2019-11-19 12:15:41,078] multiqc                                            [DEBUG  ]  No samples found: bcl2fastq
[2019-11-19 12:15:41,082] multiqc                                            [DEBUG  ]  No samples found: interop
[2019-11-19 12:15:41,086] multiqc                                            [DEBUG  ]  No samples found: flash
[2019-11-19 12:15:41,088] multiqc                                            [INFO   ]  Compressing plot data
[2019-11-19 12:15:41,121] multiqc                                            [INFO   ]  Report      : ../../../../../../../data/multiqc_report.html
[2019-11-19 12:15:41,121] multiqc                                            [INFO   ]  Data        : ../../../../../../../data/multiqc_data
[2019-11-19 12:15:41,121] multiqc                                            [DEBUG  ]  Moving data file from '/tmp/tmp5ivgeh37/multiqc_data/multiqc_general_stats.txt' to '/data/multiqc_data'
[2019-11-19 12:15:41,122] multiqc                                            [DEBUG  ]  Moving data file from '/tmp/tmp5ivgeh37/multiqc_data/multiqc_fastqc.txt' to '/data/multiqc_data'
[2019-11-19 12:15:41,122] multiqc                                            [DEBUG  ]  Moving data file from '/tmp/tmp5ivgeh37/multiqc_data/multiqc_data.json' to '/data/multiqc_data'
[2019-11-19 12:15:41,122] multiqc                                            [DEBUG  ]  Moving data file from '/tmp/tmp5ivgeh37/multiqc_data/multiqc_sources.txt' to '/data/multiqc_data'
[2019-11-19 12:15:41,246] multiqc                                            [INFO   ]  MultiQC complete
