[2019-11-19 11:02:08,270] multiqc                                            [DEBUG  ]  No MultiQC config found: /usr/lib/python3.6/site-packages/multiqc-1.7-py3.6.egg/multiqc_config.yaml
[2019-11-19 11:02:08,270] multiqc                                            [DEBUG  ]  No MultiQC config found: /root/.multiqc_config.yaml
[2019-11-19 11:02:08,271] multiqc                                            [DEBUG  ]  No MultiQC config found: multiqc_config.yaml
[2019-11-19 11:02:08,271] multiqc                                            [DEBUG  ]  Command used: /usr/bin/multiqc /data/HG00131.mapped.ILLUMINA.bwa.GBR.low_coverage.20101123_fastqc.zip -o /data
[2019-11-19 11:02:10,058] multiqc                                            [DEBUG  ]  Latest MultiQC version is v1.7
[2019-11-19 11:02:10,058] multiqc                                            [INFO   ]  This is MultiQC v1.7
[2019-11-19 11:02:10,058] multiqc                                            [DEBUG  ]  Command     : /usr/bin/multiqc /data/HG00131.mapped.ILLUMINA.bwa.GBR.low_coverage.20101123_fastqc.zip -o /data
[2019-11-19 11:02:10,058] multiqc                                            [DEBUG  ]  Working dir : /var/lib/toil/toil-9b56b740-ccba-4b13-b998-c6aabca34938-69d14ae953f0400cbe6f0dc87a7486c9/tmpqv0MFw/225c709f-7cd7-41f6-b3d4-4facde7488e9/tqgLSPo
[2019-11-19 11:02:10,058] multiqc                                            [INFO   ]  Template    : default
[2019-11-19 11:02:10,059] multiqc                                            [INFO   ]  Searching '/data/HG00131.mapped.ILLUMINA.bwa.GBR.low_coverage.20101123_fastqc.zip'
[2019-11-19 11:02:10,059] multiqc                                            [DEBUG  ]  Analysing modules: custom_content, conpair, peddy, methylQA, phantompeakqualtools, qualimap, preseq, quast, qorts, rna_seqc, rsem, rseqc, busco, goleft_indexcov, disambiguate, supernova, deeptools, sargasso, verifybamid, mirtrace, happy, homer, macs2, theta2, snpeff, gatk, htseq, bcftools, featureCounts, dedup, damageprofiler, picard, prokka, samblaster, samtools, bamtools, jellyfish, vcftools, longranger, stacks, bbmap, bismark, biscuit, hicexplorer, hicup, hicpro, salmon, kallisto, slamdunk, star, hisat2, tophat, bowtie2, bowtie1, kat, leehom, adapterRemoval, clipandmerge, cutadapt, flexbar, trimmomatic, skewer, sortmerna, biobloomtools, fastq_screen, afterqc, fastp, fastqc, minionqc, clusterflow, bcl2fastq, interop, flash
[2019-11-19 11:02:10,059] multiqc                                            [DEBUG  ]  Using temporary directory for creating report: /tmp/tmpf861it2s
[2019-11-19 11:02:10,745] multiqc                                            [DEBUG  ]  No samples found: custom_content
[2019-11-19 11:02:10,749] multiqc                                            [DEBUG  ]  No samples found: conpair
[2019-11-19 11:02:10,753] multiqc                                            [DEBUG  ]  No samples found: peddy
[2019-11-19 11:02:10,756] multiqc                                            [DEBUG  ]  No samples found: methylQA
[2019-11-19 11:02:10,760] multiqc                                            [DEBUG  ]  No samples found: phantompeakqualtools
[2019-11-19 11:02:10,764] multiqc                                            [DEBUG  ]  No samples found: qualimap
[2019-11-19 11:02:10,768] multiqc                                            [DEBUG  ]  No samples found: preseq
[2019-11-19 11:02:10,772] multiqc                                            [DEBUG  ]  No samples found: quast
[2019-11-19 11:02:10,775] multiqc                                            [DEBUG  ]  No samples found: qorts
[2019-11-19 11:02:10,779] multiqc                                            [DEBUG  ]  No samples found: rna_seqc
[2019-11-19 11:02:10,783] multiqc                                            [DEBUG  ]  No samples found: rsem
[2019-11-19 11:02:10,790] multiqc                                            [DEBUG  ]  No samples found: rseqc
[2019-11-19 11:02:10,794] multiqc                                            [DEBUG  ]  No samples found: busco
[2019-11-19 11:02:10,797] multiqc                                            [DEBUG  ]  No samples found: goleft_indexcov
[2019-11-19 11:02:10,801] multiqc                                            [DEBUG  ]  No samples found: disambiguate
[2019-11-19 11:02:10,805] multiqc                                            [DEBUG  ]  No samples found: supernova
[2019-11-19 11:02:10,812] multiqc                                            [DEBUG  ]  No samples found: deeptools
[2019-11-19 11:02:10,816] multiqc                                            [DEBUG  ]  No samples found: sargasso
[2019-11-19 11:02:10,820] multiqc                                            [DEBUG  ]  No samples found: verifybamid
[2019-11-19 11:02:10,824] multiqc                                            [DEBUG  ]  No samples found: mirtrace
[2019-11-19 11:02:10,827] multiqc                                            [DEBUG  ]  No samples found: happy
[2019-11-19 11:02:10,832] multiqc                                            [DEBUG  ]  No samples found: homer
[2019-11-19 11:02:10,836] multiqc                                            [DEBUG  ]  No samples found: macs2
[2019-11-19 11:02:10,839] multiqc                                            [DEBUG  ]  No samples found: theta2
[2019-11-19 11:02:10,843] multiqc                                            [DEBUG  ]  No samples found: snpeff
[2019-11-19 11:02:10,848] multiqc                                            [DEBUG  ]  No samples found: gatk
[2019-11-19 11:02:10,851] multiqc                                            [DEBUG  ]  No samples found: htseq
[2019-11-19 11:02:10,856] multiqc                                            [DEBUG  ]  No samples found: bcftools
[2019-11-19 11:02:10,859] multiqc                                            [DEBUG  ]  No samples found: featureCounts
[2019-11-19 11:02:10,863] multiqc                                            [DEBUG  ]  No samples found: dedup
[2019-11-19 11:02:10,867] multiqc                                            [DEBUG  ]  No samples found: damageprofiler
[2019-11-19 11:02:10,876] multiqc                                            [DEBUG  ]  No samples found: picard
[2019-11-19 11:02:10,880] multiqc                                            [DEBUG  ]  No samples found: prokka
[2019-11-19 11:02:10,883] multiqc                                            [DEBUG  ]  No samples found: samblaster
[2019-11-19 11:02:10,889] multiqc                                            [DEBUG  ]  No samples found: samtools
[2019-11-19 11:02:10,893] multiqc                                            [DEBUG  ]  No samples found: bamtools
[2019-11-19 11:02:10,896] multiqc                                            [DEBUG  ]  No samples found: jellyfish
[2019-11-19 11:02:10,901] multiqc                                            [DEBUG  ]  No samples found: vcftools
[2019-11-19 11:02:10,905] multiqc                                            [DEBUG  ]  No samples found: longranger
[2019-11-19 11:02:10,909] multiqc                                            [DEBUG  ]  No samples found: stacks
[2019-11-19 11:02:10,917] multiqc                                            [DEBUG  ]  No samples found: bbmap
[2019-11-19 11:02:10,921] multiqc                                            [DEBUG  ]  No samples found: bismark
[2019-11-19 11:02:10,926] multiqc                                            [DEBUG  ]  No samples found: biscuit
[2019-11-19 11:02:10,930] multiqc                                            [DEBUG  ]  No samples found: hicexplorer
[2019-11-19 11:02:10,933] multiqc                                            [DEBUG  ]  No samples found: hicup
[2019-11-19 11:02:10,937] multiqc                                            [DEBUG  ]  No samples found: hicpro
[2019-11-19 11:02:10,941] multiqc                                            [DEBUG  ]  No samples found: salmon
[2019-11-19 11:02:10,944] multiqc                                            [DEBUG  ]  No samples found: kallisto
[2019-11-19 11:02:10,948] multiqc                                            [DEBUG  ]  No samples found: slamdunk
[2019-11-19 11:02:10,952] multiqc                                            [DEBUG  ]  No samples found: star
[2019-11-19 11:02:10,956] multiqc                                            [DEBUG  ]  No samples found: hisat2
[2019-11-19 11:02:10,959] multiqc                                            [DEBUG  ]  No samples found: tophat
[2019-11-19 11:02:10,963] multiqc                                            [DEBUG  ]  No samples found: bowtie2
[2019-11-19 11:02:10,967] multiqc                                            [DEBUG  ]  No samples found: bowtie1
[2019-11-19 11:02:10,971] multiqc                                            [DEBUG  ]  No samples found: kat
[2019-11-19 11:02:10,974] multiqc                                            [DEBUG  ]  No samples found: leehom
[2019-11-19 11:02:10,978] multiqc                                            [DEBUG  ]  No samples found: adapterRemoval
[2019-11-19 11:02:10,982] multiqc                                            [DEBUG  ]  No samples found: clipandmerge
[2019-11-19 11:02:10,986] multiqc                                            [DEBUG  ]  No samples found: cutadapt
[2019-11-19 11:02:10,990] multiqc                                            [DEBUG  ]  No samples found: flexbar
[2019-11-19 11:02:10,993] multiqc                                            [DEBUG  ]  No samples found: trimmomatic
[2019-11-19 11:02:10,997] multiqc                                            [DEBUG  ]  No samples found: skewer
[2019-11-19 11:02:11,001] multiqc                                            [DEBUG  ]  No samples found: sortmerna
[2019-11-19 11:02:11,005] multiqc                                            [DEBUG  ]  No samples found: biobloomtools
[2019-11-19 11:02:11,008] multiqc                                            [DEBUG  ]  No samples found: fastq_screen
[2019-11-19 11:02:11,012] multiqc                                            [DEBUG  ]  No samples found: afterqc
[2019-11-19 11:02:11,016] multiqc                                            [DEBUG  ]  No samples found: fastp
[2019-11-19 11:02:11,024] multiqc.modules.fastqc.fastqc                      [INFO   ]  Found 1 reports
[2019-11-19 11:02:11,085] multiqc                                            [DEBUG  ]  No samples found: minionqc
[2019-11-19 11:02:11,089] multiqc                                            [DEBUG  ]  No samples found: clusterflow
[2019-11-19 11:02:11,094] multiqc                                            [DEBUG  ]  No samples found: bcl2fastq
[2019-11-19 11:02:11,098] multiqc                                            [DEBUG  ]  No samples found: interop
[2019-11-19 11:02:11,101] multiqc                                            [DEBUG  ]  No samples found: flash
[2019-11-19 11:02:11,104] multiqc                                            [INFO   ]  Compressing plot data
[2019-11-19 11:02:11,131] multiqc                                            [INFO   ]  Report      : ../../../../../../../data/multiqc_report.html
[2019-11-19 11:02:11,132] multiqc                                            [INFO   ]  Data        : ../../../../../../../data/multiqc_data
[2019-11-19 11:02:11,132] multiqc                                            [DEBUG  ]  Moving data file from '/tmp/tmpf861it2s/multiqc_data/multiqc_general_stats.txt' to '/data/multiqc_data'
[2019-11-19 11:02:11,132] multiqc                                            [DEBUG  ]  Moving data file from '/tmp/tmpf861it2s/multiqc_data/multiqc_fastqc.txt' to '/data/multiqc_data'
[2019-11-19 11:02:11,132] multiqc                                            [DEBUG  ]  Moving data file from '/tmp/tmpf861it2s/multiqc_data/multiqc_data.json' to '/data/multiqc_data'
[2019-11-19 11:02:11,133] multiqc                                            [DEBUG  ]  Moving data file from '/tmp/tmpf861it2s/multiqc_data/multiqc_sources.txt' to '/data/multiqc_data'
[2019-11-19 11:02:11,254] multiqc                                            [INFO   ]  MultiQC complete
