[2019-11-19 09:32:37,783] multiqc                                            [DEBUG  ]  No MultiQC config found: /usr/lib/python3.6/site-packages/multiqc-1.7-py3.6.egg/multiqc_config.yaml
[2019-11-19 09:32:37,783] multiqc                                            [DEBUG  ]  No MultiQC config found: /root/.multiqc_config.yaml
[2019-11-19 09:32:37,783] multiqc                                            [DEBUG  ]  No MultiQC config found: multiqc_config.yaml
[2019-11-19 09:32:37,783] multiqc                                            [DEBUG  ]  Command used: /usr/bin/multiqc /data/HG00097.mapped.SOLID.bfast.GBR.low_coverage.20101123_fastqc.zip -o /data
[2019-11-19 09:32:39,764] multiqc                                            [DEBUG  ]  Latest MultiQC version is v1.7
[2019-11-19 09:32:39,765] multiqc                                            [INFO   ]  This is MultiQC v1.7
[2019-11-19 09:32:39,765] multiqc                                            [DEBUG  ]  Command     : /usr/bin/multiqc /data/HG00097.mapped.SOLID.bfast.GBR.low_coverage.20101123_fastqc.zip -o /data
[2019-11-19 09:32:39,765] multiqc                                            [DEBUG  ]  Working dir : /var/lib/toil/toil-9b56b740-ccba-4b13-b998-c6aabca34938-69d14ae953f0400cbe6f0dc87a7486c9/tmp3LLOza/3c3a94c4-81b1-4d82-9c17-3cec016e92f0/tgOWr6a
[2019-11-19 09:32:39,765] multiqc                                            [INFO   ]  Template    : default
[2019-11-19 09:32:39,765] multiqc                                            [INFO   ]  Searching '/data/HG00097.mapped.SOLID.bfast.GBR.low_coverage.20101123_fastqc.zip'
[2019-11-19 09:32:39,765] multiqc                                            [DEBUG  ]  Analysing modules: custom_content, conpair, peddy, methylQA, phantompeakqualtools, qualimap, preseq, quast, qorts, rna_seqc, rsem, rseqc, busco, goleft_indexcov, disambiguate, supernova, deeptools, sargasso, verifybamid, mirtrace, happy, homer, macs2, theta2, snpeff, gatk, htseq, bcftools, featureCounts, dedup, damageprofiler, picard, prokka, samblaster, samtools, bamtools, jellyfish, vcftools, longranger, stacks, bbmap, bismark, biscuit, hicexplorer, hicup, hicpro, salmon, kallisto, slamdunk, star, hisat2, tophat, bowtie2, bowtie1, kat, leehom, adapterRemoval, clipandmerge, cutadapt, flexbar, trimmomatic, skewer, sortmerna, biobloomtools, fastq_screen, afterqc, fastp, fastqc, minionqc, clusterflow, bcl2fastq, interop, flash
[2019-11-19 09:32:39,765] multiqc                                            [DEBUG  ]  Using temporary directory for creating report: /tmp/tmpxitytm3v
[2019-11-19 09:32:40,490] multiqc                                            [DEBUG  ]  No samples found: custom_content
[2019-11-19 09:32:40,494] multiqc                                            [DEBUG  ]  No samples found: conpair
[2019-11-19 09:32:40,501] multiqc                                            [DEBUG  ]  No samples found: peddy
[2019-11-19 09:32:40,505] multiqc                                            [DEBUG  ]  No samples found: methylQA
[2019-11-19 09:32:40,509] multiqc                                            [DEBUG  ]  No samples found: phantompeakqualtools
[2019-11-19 09:32:40,515] multiqc                                            [DEBUG  ]  No samples found: qualimap
[2019-11-19 09:32:40,520] multiqc                                            [DEBUG  ]  No samples found: preseq
[2019-11-19 09:32:40,524] multiqc                                            [DEBUG  ]  No samples found: quast
[2019-11-19 09:32:40,529] multiqc                                            [DEBUG  ]  No samples found: qorts
[2019-11-19 09:32:40,533] multiqc                                            [DEBUG  ]  No samples found: rna_seqc
[2019-11-19 09:32:40,538] multiqc                                            [DEBUG  ]  No samples found: rsem
[2019-11-19 09:32:40,546] multiqc                                            [DEBUG  ]  No samples found: rseqc
[2019-11-19 09:32:40,550] multiqc                                            [DEBUG  ]  No samples found: busco
[2019-11-19 09:32:40,554] multiqc                                            [DEBUG  ]  No samples found: goleft_indexcov
[2019-11-19 09:32:40,559] multiqc                                            [DEBUG  ]  No samples found: disambiguate
[2019-11-19 09:32:40,563] multiqc                                            [DEBUG  ]  No samples found: supernova
[2019-11-19 09:32:40,573] multiqc                                            [DEBUG  ]  No samples found: deeptools
[2019-11-19 09:32:40,577] multiqc                                            [DEBUG  ]  No samples found: sargasso
[2019-11-19 09:32:40,581] multiqc                                            [DEBUG  ]  No samples found: verifybamid
[2019-11-19 09:32:40,586] multiqc                                            [DEBUG  ]  No samples found: mirtrace
[2019-11-19 09:32:40,590] multiqc                                            [DEBUG  ]  No samples found: happy
[2019-11-19 09:32:40,595] multiqc                                            [DEBUG  ]  No samples found: homer
[2019-11-19 09:32:40,599] multiqc                                            [DEBUG  ]  No samples found: macs2
[2019-11-19 09:32:40,606] multiqc                                            [DEBUG  ]  No samples found: theta2
[2019-11-19 09:32:40,610] multiqc                                            [DEBUG  ]  No samples found: snpeff
[2019-11-19 09:32:40,616] multiqc                                            [DEBUG  ]  No samples found: gatk
[2019-11-19 09:32:40,620] multiqc                                            [DEBUG  ]  No samples found: htseq
[2019-11-19 09:32:40,625] multiqc                                            [DEBUG  ]  No samples found: bcftools
[2019-11-19 09:32:40,629] multiqc                                            [DEBUG  ]  No samples found: featureCounts
[2019-11-19 09:32:40,633] multiqc                                            [DEBUG  ]  No samples found: dedup
[2019-11-19 09:32:40,638] multiqc                                            [DEBUG  ]  No samples found: damageprofiler
[2019-11-19 09:32:40,650] multiqc                                            [DEBUG  ]  No samples found: picard
[2019-11-19 09:32:40,655] multiqc                                            [DEBUG  ]  No samples found: prokka
[2019-11-19 09:32:40,659] multiqc                                            [DEBUG  ]  No samples found: samblaster
[2019-11-19 09:32:40,665] multiqc                                            [DEBUG  ]  No samples found: samtools
[2019-11-19 09:32:40,670] multiqc                                            [DEBUG  ]  No samples found: bamtools
[2019-11-19 09:32:40,674] multiqc                                            [DEBUG  ]  No samples found: jellyfish
[2019-11-19 09:32:40,681] multiqc                                            [DEBUG  ]  No samples found: vcftools
[2019-11-19 09:32:40,685] multiqc                                            [DEBUG  ]  No samples found: longranger
[2019-11-19 09:32:40,690] multiqc                                            [DEBUG  ]  No samples found: stacks
[2019-11-19 09:32:40,701] multiqc                                            [DEBUG  ]  No samples found: bbmap
[2019-11-19 09:32:40,705] multiqc                                            [DEBUG  ]  No samples found: bismark
[2019-11-19 09:32:40,710] multiqc                                            [DEBUG  ]  No samples found: biscuit
[2019-11-19 09:32:40,714] multiqc                                            [DEBUG  ]  No samples found: hicexplorer
[2019-11-19 09:32:40,718] multiqc                                            [DEBUG  ]  No samples found: hicup
[2019-11-19 09:32:40,723] multiqc                                            [DEBUG  ]  No samples found: hicpro
[2019-11-19 09:32:40,728] multiqc                                            [DEBUG  ]  No samples found: salmon
[2019-11-19 09:32:40,732] multiqc                                            [DEBUG  ]  No samples found: kallisto
[2019-11-19 09:32:40,737] multiqc                                            [DEBUG  ]  No samples found: slamdunk
[2019-11-19 09:32:40,741] multiqc                                            [DEBUG  ]  No samples found: star
[2019-11-19 09:32:40,745] multiqc                                            [DEBUG  ]  No samples found: hisat2
[2019-11-19 09:32:40,749] multiqc                                            [DEBUG  ]  No samples found: tophat
[2019-11-19 09:32:40,753] multiqc                                            [DEBUG  ]  No samples found: bowtie2
[2019-11-19 09:32:40,757] multiqc                                            [DEBUG  ]  No samples found: bowtie1
[2019-11-19 09:32:40,761] multiqc                                            [DEBUG  ]  No samples found: kat
[2019-11-19 09:32:40,765] multiqc                                            [DEBUG  ]  No samples found: leehom
[2019-11-19 09:32:40,770] multiqc                                            [DEBUG  ]  No samples found: adapterRemoval
[2019-11-19 09:32:40,774] multiqc                                            [DEBUG  ]  No samples found: clipandmerge
[2019-11-19 09:32:40,778] multiqc                                            [DEBUG  ]  No samples found: cutadapt
[2019-11-19 09:32:40,782] multiqc                                            [DEBUG  ]  No samples found: flexbar
[2019-11-19 09:32:40,786] multiqc                                            [DEBUG  ]  No samples found: trimmomatic
[2019-11-19 09:32:40,791] multiqc                                            [DEBUG  ]  No samples found: skewer
[2019-11-19 09:32:40,795] multiqc                                            [DEBUG  ]  No samples found: sortmerna
[2019-11-19 09:32:40,799] multiqc                                            [DEBUG  ]  No samples found: biobloomtools
[2019-11-19 09:32:40,803] multiqc                                            [DEBUG  ]  No samples found: fastq_screen
[2019-11-19 09:32:40,807] multiqc                                            [DEBUG  ]  No samples found: afterqc
[2019-11-19 09:32:40,811] multiqc                                            [DEBUG  ]  No samples found: fastp
[2019-11-19 09:32:40,820] multiqc.modules.fastqc.fastqc                      [INFO   ]  Found 1 reports
[2019-11-19 09:32:40,864] multiqc                                            [DEBUG  ]  No samples found: minionqc
[2019-11-19 09:32:40,868] multiqc                                            [DEBUG  ]  No samples found: clusterflow
[2019-11-19 09:32:40,873] multiqc                                            [DEBUG  ]  No samples found: bcl2fastq
[2019-11-19 09:32:40,877] multiqc                                            [DEBUG  ]  No samples found: interop
[2019-11-19 09:32:40,881] multiqc                                            [DEBUG  ]  No samples found: flash
[2019-11-19 09:32:40,884] multiqc                                            [INFO   ]  Compressing plot data
[2019-11-19 09:32:40,912] multiqc                                            [INFO   ]  Report      : ../../../../../../../data/multiqc_report.html
[2019-11-19 09:32:40,912] multiqc                                            [INFO   ]  Data        : ../../../../../../../data/multiqc_data
[2019-11-19 09:32:40,912] multiqc                                            [DEBUG  ]  Moving data file from '/tmp/tmpxitytm3v/multiqc_data/multiqc_general_stats.txt' to '/data/multiqc_data'
[2019-11-19 09:32:40,913] multiqc                                            [DEBUG  ]  Moving data file from '/tmp/tmpxitytm3v/multiqc_data/multiqc_fastqc.txt' to '/data/multiqc_data'
[2019-11-19 09:32:40,913] multiqc                                            [DEBUG  ]  Moving data file from '/tmp/tmpxitytm3v/multiqc_data/multiqc_data.json' to '/data/multiqc_data'
[2019-11-19 09:32:40,913] multiqc                                            [DEBUG  ]  Moving data file from '/tmp/tmpxitytm3v/multiqc_data/multiqc_sources.txt' to '/data/multiqc_data'
[2019-11-19 09:32:41,044] multiqc                                            [INFO   ]  MultiQC complete
