[2019-11-19 13:30:41,253] multiqc                                            [DEBUG  ]  No MultiQC config found: /usr/lib/python3.6/site-packages/multiqc-1.7-py3.6.egg/multiqc_config.yaml
[2019-11-19 13:30:41,253] multiqc                                            [DEBUG  ]  No MultiQC config found: /root/.multiqc_config.yaml
[2019-11-19 13:30:41,253] multiqc                                            [DEBUG  ]  No MultiQC config found: multiqc_config.yaml
[2019-11-19 13:30:41,254] multiqc                                            [DEBUG  ]  Command used: /usr/bin/multiqc /data/HG00233.unmapped.ILLUMINA.bwa.GBR.low_coverage.20101123_fastqc.zip -o /data
[2019-11-19 13:30:42,963] multiqc                                            [DEBUG  ]  Latest MultiQC version is v1.7
[2019-11-19 13:30:42,963] multiqc                                            [INFO   ]  This is MultiQC v1.7
[2019-11-19 13:30:42,963] multiqc                                            [DEBUG  ]  Command     : /usr/bin/multiqc /data/HG00233.unmapped.ILLUMINA.bwa.GBR.low_coverage.20101123_fastqc.zip -o /data
[2019-11-19 13:30:42,963] multiqc                                            [DEBUG  ]  Working dir : /var/lib/toil/toil-9b56b740-ccba-4b13-b998-c6aabca34938-69d14ae953f0400cbe6f0dc87a7486c9/tmpaeZoSy/e53c531c-da4c-4c7e-85f1-68ce0a112af2/tftqSJ5
[2019-11-19 13:30:42,963] multiqc                                            [INFO   ]  Template    : default
[2019-11-19 13:30:42,963] multiqc                                            [INFO   ]  Searching '/data/HG00233.unmapped.ILLUMINA.bwa.GBR.low_coverage.20101123_fastqc.zip'
[2019-11-19 13:30:42,964] multiqc                                            [DEBUG  ]  Analysing modules: custom_content, conpair, peddy, methylQA, phantompeakqualtools, qualimap, preseq, quast, qorts, rna_seqc, rsem, rseqc, busco, goleft_indexcov, disambiguate, supernova, deeptools, sargasso, verifybamid, mirtrace, happy, homer, macs2, theta2, snpeff, gatk, htseq, bcftools, featureCounts, dedup, damageprofiler, picard, prokka, samblaster, samtools, bamtools, jellyfish, vcftools, longranger, stacks, bbmap, bismark, biscuit, hicexplorer, hicup, hicpro, salmon, kallisto, slamdunk, star, hisat2, tophat, bowtie2, bowtie1, kat, leehom, adapterRemoval, clipandmerge, cutadapt, flexbar, trimmomatic, skewer, sortmerna, biobloomtools, fastq_screen, afterqc, fastp, fastqc, minionqc, clusterflow, bcl2fastq, interop, flash
[2019-11-19 13:30:42,964] multiqc                                            [DEBUG  ]  Using temporary directory for creating report: /tmp/tmprxd5hkax
[2019-11-19 13:30:43,653] multiqc                                            [DEBUG  ]  No samples found: custom_content
[2019-11-19 13:30:43,658] multiqc                                            [DEBUG  ]  No samples found: conpair
[2019-11-19 13:30:43,662] multiqc                                            [DEBUG  ]  No samples found: peddy
[2019-11-19 13:30:43,667] multiqc                                            [DEBUG  ]  No samples found: methylQA
[2019-11-19 13:30:43,671] multiqc                                            [DEBUG  ]  No samples found: phantompeakqualtools
[2019-11-19 13:30:43,677] multiqc                                            [DEBUG  ]  No samples found: qualimap
[2019-11-19 13:30:43,681] multiqc                                            [DEBUG  ]  No samples found: preseq
[2019-11-19 13:30:43,685] multiqc                                            [DEBUG  ]  No samples found: quast
[2019-11-19 13:30:43,690] multiqc                                            [DEBUG  ]  No samples found: qorts
[2019-11-19 13:30:43,694] multiqc                                            [DEBUG  ]  No samples found: rna_seqc
[2019-11-19 13:30:43,698] multiqc                                            [DEBUG  ]  No samples found: rsem
[2019-11-19 13:30:43,706] multiqc                                            [DEBUG  ]  No samples found: rseqc
[2019-11-19 13:30:43,710] multiqc                                            [DEBUG  ]  No samples found: busco
[2019-11-19 13:30:43,714] multiqc                                            [DEBUG  ]  No samples found: goleft_indexcov
[2019-11-19 13:30:43,718] multiqc                                            [DEBUG  ]  No samples found: disambiguate
[2019-11-19 13:30:43,723] multiqc                                            [DEBUG  ]  No samples found: supernova
[2019-11-19 13:30:43,732] multiqc                                            [DEBUG  ]  No samples found: deeptools
[2019-11-19 13:30:43,736] multiqc                                            [DEBUG  ]  No samples found: sargasso
[2019-11-19 13:30:43,740] multiqc                                            [DEBUG  ]  No samples found: verifybamid
[2019-11-19 13:30:43,744] multiqc                                            [DEBUG  ]  No samples found: mirtrace
[2019-11-19 13:30:43,748] multiqc                                            [DEBUG  ]  No samples found: happy
[2019-11-19 13:30:43,753] multiqc                                            [DEBUG  ]  No samples found: homer
[2019-11-19 13:30:43,757] multiqc                                            [DEBUG  ]  No samples found: macs2
[2019-11-19 13:30:43,761] multiqc                                            [DEBUG  ]  No samples found: theta2
[2019-11-19 13:30:43,766] multiqc                                            [DEBUG  ]  No samples found: snpeff
[2019-11-19 13:30:43,771] multiqc                                            [DEBUG  ]  No samples found: gatk
[2019-11-19 13:30:43,775] multiqc                                            [DEBUG  ]  No samples found: htseq
[2019-11-19 13:30:43,780] multiqc                                            [DEBUG  ]  No samples found: bcftools
[2019-11-19 13:30:43,784] multiqc                                            [DEBUG  ]  No samples found: featureCounts
[2019-11-19 13:30:43,788] multiqc                                            [DEBUG  ]  No samples found: dedup
[2019-11-19 13:30:43,793] multiqc                                            [DEBUG  ]  No samples found: damageprofiler
[2019-11-19 13:30:43,806] multiqc                                            [DEBUG  ]  No samples found: picard
[2019-11-19 13:30:43,812] multiqc                                            [DEBUG  ]  No samples found: prokka
[2019-11-19 13:30:43,816] multiqc                                            [DEBUG  ]  No samples found: samblaster
[2019-11-19 13:30:43,822] multiqc                                            [DEBUG  ]  No samples found: samtools
[2019-11-19 13:30:43,826] multiqc                                            [DEBUG  ]  No samples found: bamtools
[2019-11-19 13:30:43,830] multiqc                                            [DEBUG  ]  No samples found: jellyfish
[2019-11-19 13:30:43,836] multiqc                                            [DEBUG  ]  No samples found: vcftools
[2019-11-19 13:30:43,841] multiqc                                            [DEBUG  ]  No samples found: longranger
[2019-11-19 13:30:43,845] multiqc                                            [DEBUG  ]  No samples found: stacks
[2019-11-19 13:30:43,854] multiqc                                            [DEBUG  ]  No samples found: bbmap
[2019-11-19 13:30:43,859] multiqc                                            [DEBUG  ]  No samples found: bismark
[2019-11-19 13:30:43,866] multiqc                                            [DEBUG  ]  No samples found: biscuit
[2019-11-19 13:30:43,873] multiqc                                            [DEBUG  ]  No samples found: hicexplorer
[2019-11-19 13:30:43,879] multiqc                                            [DEBUG  ]  No samples found: hicup
[2019-11-19 13:30:43,886] multiqc                                            [DEBUG  ]  No samples found: hicpro
[2019-11-19 13:30:43,893] multiqc                                            [DEBUG  ]  No samples found: salmon
[2019-11-19 13:30:43,899] multiqc                                            [DEBUG  ]  No samples found: kallisto
[2019-11-19 13:30:43,906] multiqc                                            [DEBUG  ]  No samples found: slamdunk
[2019-11-19 13:30:43,912] multiqc                                            [DEBUG  ]  No samples found: star
[2019-11-19 13:30:43,918] multiqc                                            [DEBUG  ]  No samples found: hisat2
[2019-11-19 13:30:43,925] multiqc                                            [DEBUG  ]  No samples found: tophat
[2019-11-19 13:30:43,930] multiqc                                            [DEBUG  ]  No samples found: bowtie2
[2019-11-19 13:30:43,935] multiqc                                            [DEBUG  ]  No samples found: bowtie1
[2019-11-19 13:30:43,945] multiqc                                            [DEBUG  ]  No samples found: kat
[2019-11-19 13:30:43,952] multiqc                                            [DEBUG  ]  No samples found: leehom
[2019-11-19 13:30:43,956] multiqc                                            [DEBUG  ]  No samples found: adapterRemoval
[2019-11-19 13:30:43,960] multiqc                                            [DEBUG  ]  No samples found: clipandmerge
[2019-11-19 13:30:43,964] multiqc                                            [DEBUG  ]  No samples found: cutadapt
[2019-11-19 13:30:43,968] multiqc                                            [DEBUG  ]  No samples found: flexbar
[2019-11-19 13:30:43,972] multiqc                                            [DEBUG  ]  No samples found: trimmomatic
[2019-11-19 13:30:43,976] multiqc                                            [DEBUG  ]  No samples found: skewer
[2019-11-19 13:30:43,980] multiqc                                            [DEBUG  ]  No samples found: sortmerna
[2019-11-19 13:30:43,984] multiqc                                            [DEBUG  ]  No samples found: biobloomtools
[2019-11-19 13:30:43,988] multiqc                                            [DEBUG  ]  No samples found: fastq_screen
[2019-11-19 13:30:43,992] multiqc                                            [DEBUG  ]  No samples found: afterqc
[2019-11-19 13:30:43,997] multiqc                                            [DEBUG  ]  No samples found: fastp
[2019-11-19 13:30:44,004] multiqc.modules.fastqc.fastqc                      [INFO   ]  Found 1 reports
[2019-11-19 13:30:44,054] multiqc                                            [DEBUG  ]  No samples found: minionqc
[2019-11-19 13:30:44,058] multiqc                                            [DEBUG  ]  No samples found: clusterflow
[2019-11-19 13:30:44,062] multiqc                                            [DEBUG  ]  No samples found: bcl2fastq
[2019-11-19 13:30:44,066] multiqc                                            [DEBUG  ]  No samples found: interop
[2019-11-19 13:30:44,071] multiqc                                            [DEBUG  ]  No samples found: flash
[2019-11-19 13:30:44,075] multiqc                                            [INFO   ]  Compressing plot data
[2019-11-19 13:30:44,109] multiqc                                            [INFO   ]  Report      : ../../../../../../../data/multiqc_report.html
[2019-11-19 13:30:44,109] multiqc                                            [INFO   ]  Data        : ../../../../../../../data/multiqc_data
[2019-11-19 13:30:44,109] multiqc                                            [DEBUG  ]  Moving data file from '/tmp/tmprxd5hkax/multiqc_data/multiqc_general_stats.txt' to '/data/multiqc_data'
[2019-11-19 13:30:44,110] multiqc                                            [DEBUG  ]  Moving data file from '/tmp/tmprxd5hkax/multiqc_data/multiqc_fastqc.txt' to '/data/multiqc_data'
[2019-11-19 13:30:44,110] multiqc                                            [DEBUG  ]  Moving data file from '/tmp/tmprxd5hkax/multiqc_data/multiqc_data.json' to '/data/multiqc_data'
[2019-11-19 13:30:44,110] multiqc                                            [DEBUG  ]  Moving data file from '/tmp/tmprxd5hkax/multiqc_data/multiqc_sources.txt' to '/data/multiqc_data'
[2019-11-19 13:30:44,248] multiqc                                            [INFO   ]  MultiQC complete
