[2019-11-19 11:31:10,719] multiqc                                            [DEBUG  ]  No MultiQC config found: /usr/lib/python3.6/site-packages/multiqc-1.7-py3.6.egg/multiqc_config.yaml
[2019-11-19 11:31:10,719] multiqc                                            [DEBUG  ]  No MultiQC config found: /root/.multiqc_config.yaml
[2019-11-19 11:31:10,719] multiqc                                            [DEBUG  ]  No MultiQC config found: multiqc_config.yaml
[2019-11-19 11:31:10,719] multiqc                                            [DEBUG  ]  Command used: /usr/bin/multiqc /data/HG00137.mapped.ILLUMINA.bwa.GBR.low_coverage.20101123_fastqc.zip -o /data
[2019-11-19 11:31:12,778] multiqc                                            [DEBUG  ]  Latest MultiQC version is v1.7
[2019-11-19 11:31:12,778] multiqc                                            [INFO   ]  This is MultiQC v1.7
[2019-11-19 11:31:12,779] multiqc                                            [DEBUG  ]  Command     : /usr/bin/multiqc /data/HG00137.mapped.ILLUMINA.bwa.GBR.low_coverage.20101123_fastqc.zip -o /data
[2019-11-19 11:31:12,779] multiqc                                            [DEBUG  ]  Working dir : /var/lib/toil/toil-9b56b740-ccba-4b13-b998-c6aabca34938-69d14ae953f0400cbe6f0dc87a7486c9/tmpLBPJhM/3b1514ae-a4f8-450e-ad3e-7e34831d3f01/tHfsnbQ
[2019-11-19 11:31:12,779] multiqc                                            [INFO   ]  Template    : default
[2019-11-19 11:31:12,779] multiqc                                            [INFO   ]  Searching '/data/HG00137.mapped.ILLUMINA.bwa.GBR.low_coverage.20101123_fastqc.zip'
[2019-11-19 11:31:12,779] multiqc                                            [DEBUG  ]  Analysing modules: custom_content, conpair, peddy, methylQA, phantompeakqualtools, qualimap, preseq, quast, qorts, rna_seqc, rsem, rseqc, busco, goleft_indexcov, disambiguate, supernova, deeptools, sargasso, verifybamid, mirtrace, happy, homer, macs2, theta2, snpeff, gatk, htseq, bcftools, featureCounts, dedup, damageprofiler, picard, prokka, samblaster, samtools, bamtools, jellyfish, vcftools, longranger, stacks, bbmap, bismark, biscuit, hicexplorer, hicup, hicpro, salmon, kallisto, slamdunk, star, hisat2, tophat, bowtie2, bowtie1, kat, leehom, adapterRemoval, clipandmerge, cutadapt, flexbar, trimmomatic, skewer, sortmerna, biobloomtools, fastq_screen, afterqc, fastp, fastqc, minionqc, clusterflow, bcl2fastq, interop, flash
[2019-11-19 11:31:12,779] multiqc                                            [DEBUG  ]  Using temporary directory for creating report: /tmp/tmpn41tjayc
[2019-11-19 11:31:13,537] multiqc                                            [DEBUG  ]  No samples found: custom_content
[2019-11-19 11:31:13,545] multiqc                                            [DEBUG  ]  No samples found: conpair
[2019-11-19 11:31:13,556] multiqc                                            [DEBUG  ]  No samples found: peddy
[2019-11-19 11:31:13,560] multiqc                                            [DEBUG  ]  No samples found: methylQA
[2019-11-19 11:31:13,565] multiqc                                            [DEBUG  ]  No samples found: phantompeakqualtools
[2019-11-19 11:31:13,572] multiqc                                            [DEBUG  ]  No samples found: qualimap
[2019-11-19 11:31:13,576] multiqc                                            [DEBUG  ]  No samples found: preseq
[2019-11-19 11:31:13,582] multiqc                                            [DEBUG  ]  No samples found: quast
[2019-11-19 11:31:13,586] multiqc                                            [DEBUG  ]  No samples found: qorts
[2019-11-19 11:31:13,591] multiqc                                            [DEBUG  ]  No samples found: rna_seqc
[2019-11-19 11:31:13,595] multiqc                                            [DEBUG  ]  No samples found: rsem
[2019-11-19 11:31:13,604] multiqc                                            [DEBUG  ]  No samples found: rseqc
[2019-11-19 11:31:13,608] multiqc                                            [DEBUG  ]  No samples found: busco
[2019-11-19 11:31:13,612] multiqc                                            [DEBUG  ]  No samples found: goleft_indexcov
[2019-11-19 11:31:13,617] multiqc                                            [DEBUG  ]  No samples found: disambiguate
[2019-11-19 11:31:13,621] multiqc                                            [DEBUG  ]  No samples found: supernova
[2019-11-19 11:31:13,631] multiqc                                            [DEBUG  ]  No samples found: deeptools
[2019-11-19 11:31:13,635] multiqc                                            [DEBUG  ]  No samples found: sargasso
[2019-11-19 11:31:13,640] multiqc                                            [DEBUG  ]  No samples found: verifybamid
[2019-11-19 11:31:13,644] multiqc                                            [DEBUG  ]  No samples found: mirtrace
[2019-11-19 11:31:13,648] multiqc                                            [DEBUG  ]  No samples found: happy
[2019-11-19 11:31:13,653] multiqc                                            [DEBUG  ]  No samples found: homer
[2019-11-19 11:31:13,658] multiqc                                            [DEBUG  ]  No samples found: macs2
[2019-11-19 11:31:13,663] multiqc                                            [DEBUG  ]  No samples found: theta2
[2019-11-19 11:31:13,668] multiqc                                            [DEBUG  ]  No samples found: snpeff
[2019-11-19 11:31:13,676] multiqc                                            [DEBUG  ]  No samples found: gatk
[2019-11-19 11:31:13,683] multiqc                                            [DEBUG  ]  No samples found: htseq
[2019-11-19 11:31:13,689] multiqc                                            [DEBUG  ]  No samples found: bcftools
[2019-11-19 11:31:13,693] multiqc                                            [DEBUG  ]  No samples found: featureCounts
[2019-11-19 11:31:13,698] multiqc                                            [DEBUG  ]  No samples found: dedup
[2019-11-19 11:31:13,702] multiqc                                            [DEBUG  ]  No samples found: damageprofiler
[2019-11-19 11:31:13,716] multiqc                                            [DEBUG  ]  No samples found: picard
[2019-11-19 11:31:13,722] multiqc                                            [DEBUG  ]  No samples found: prokka
[2019-11-19 11:31:13,726] multiqc                                            [DEBUG  ]  No samples found: samblaster
[2019-11-19 11:31:13,732] multiqc                                            [DEBUG  ]  No samples found: samtools
[2019-11-19 11:31:13,737] multiqc                                            [DEBUG  ]  No samples found: bamtools
[2019-11-19 11:31:13,741] multiqc                                            [DEBUG  ]  No samples found: jellyfish
[2019-11-19 11:31:13,765] multiqc                                            [DEBUG  ]  No samples found: vcftools
[2019-11-19 11:31:13,769] multiqc                                            [DEBUG  ]  No samples found: longranger
[2019-11-19 11:31:13,774] multiqc                                            [DEBUG  ]  No samples found: stacks
[2019-11-19 11:31:13,784] multiqc                                            [DEBUG  ]  No samples found: bbmap
[2019-11-19 11:31:13,788] multiqc                                            [DEBUG  ]  No samples found: bismark
[2019-11-19 11:31:13,794] multiqc                                            [DEBUG  ]  No samples found: biscuit
[2019-11-19 11:31:13,798] multiqc                                            [DEBUG  ]  No samples found: hicexplorer
[2019-11-19 11:31:13,802] multiqc                                            [DEBUG  ]  No samples found: hicup
[2019-11-19 11:31:13,807] multiqc                                            [DEBUG  ]  No samples found: hicpro
[2019-11-19 11:31:13,812] multiqc                                            [DEBUG  ]  No samples found: salmon
[2019-11-19 11:31:13,819] multiqc                                            [DEBUG  ]  No samples found: kallisto
[2019-11-19 11:31:13,826] multiqc                                            [DEBUG  ]  No samples found: slamdunk
[2019-11-19 11:31:13,831] multiqc                                            [DEBUG  ]  No samples found: star
[2019-11-19 11:31:13,835] multiqc                                            [DEBUG  ]  No samples found: hisat2
[2019-11-19 11:31:13,841] multiqc                                            [DEBUG  ]  No samples found: tophat
[2019-11-19 11:31:13,845] multiqc                                            [DEBUG  ]  No samples found: bowtie2
[2019-11-19 11:31:13,850] multiqc                                            [DEBUG  ]  No samples found: bowtie1
[2019-11-19 11:31:13,854] multiqc                                            [DEBUG  ]  No samples found: kat
[2019-11-19 11:31:13,859] multiqc                                            [DEBUG  ]  No samples found: leehom
[2019-11-19 11:31:13,863] multiqc                                            [DEBUG  ]  No samples found: adapterRemoval
[2019-11-19 11:31:13,867] multiqc                                            [DEBUG  ]  No samples found: clipandmerge
[2019-11-19 11:31:13,871] multiqc                                            [DEBUG  ]  No samples found: cutadapt
[2019-11-19 11:31:13,876] multiqc                                            [DEBUG  ]  No samples found: flexbar
[2019-11-19 11:31:13,880] multiqc                                            [DEBUG  ]  No samples found: trimmomatic
[2019-11-19 11:31:13,885] multiqc                                            [DEBUG  ]  No samples found: skewer
[2019-11-19 11:31:13,889] multiqc                                            [DEBUG  ]  No samples found: sortmerna
[2019-11-19 11:31:13,893] multiqc                                            [DEBUG  ]  No samples found: biobloomtools
[2019-11-19 11:31:13,897] multiqc                                            [DEBUG  ]  No samples found: fastq_screen
[2019-11-19 11:31:13,901] multiqc                                            [DEBUG  ]  No samples found: afterqc
[2019-11-19 11:31:13,906] multiqc                                            [DEBUG  ]  No samples found: fastp
[2019-11-19 11:31:13,914] multiqc.modules.fastqc.fastqc                      [INFO   ]  Found 1 reports
[2019-11-19 11:31:13,973] multiqc                                            [DEBUG  ]  No samples found: minionqc
[2019-11-19 11:31:13,978] multiqc                                            [DEBUG  ]  No samples found: clusterflow
[2019-11-19 11:31:13,983] multiqc                                            [DEBUG  ]  No samples found: bcl2fastq
[2019-11-19 11:31:13,987] multiqc                                            [DEBUG  ]  No samples found: interop
[2019-11-19 11:31:13,992] multiqc                                            [DEBUG  ]  No samples found: flash
[2019-11-19 11:31:13,995] multiqc                                            [INFO   ]  Compressing plot data
[2019-11-19 11:31:14,023] multiqc                                            [INFO   ]  Report      : ../../../../../../../data/multiqc_report.html
[2019-11-19 11:31:14,023] multiqc                                            [INFO   ]  Data        : ../../../../../../../data/multiqc_data
[2019-11-19 11:31:14,023] multiqc                                            [DEBUG  ]  Moving data file from '/tmp/tmpn41tjayc/multiqc_data/multiqc_general_stats.txt' to '/data/multiqc_data'
[2019-11-19 11:31:14,024] multiqc                                            [DEBUG  ]  Moving data file from '/tmp/tmpn41tjayc/multiqc_data/multiqc_fastqc.txt' to '/data/multiqc_data'
[2019-11-19 11:31:14,024] multiqc                                            [DEBUG  ]  Moving data file from '/tmp/tmpn41tjayc/multiqc_data/multiqc_data.json' to '/data/multiqc_data'
[2019-11-19 11:31:14,024] multiqc                                            [DEBUG  ]  Moving data file from '/tmp/tmpn41tjayc/multiqc_data/multiqc_sources.txt' to '/data/multiqc_data'
[2019-11-19 11:31:14,161] multiqc                                            [INFO   ]  MultiQC complete
