[2019-11-19 14:29:10,250] multiqc                                            [DEBUG  ]  No MultiQC config found: /usr/lib/python3.6/site-packages/multiqc-1.7-py3.6.egg/multiqc_config.yaml
[2019-11-19 14:29:10,251] multiqc                                            [DEBUG  ]  No MultiQC config found: /root/.multiqc_config.yaml
[2019-11-19 14:29:10,251] multiqc                                            [DEBUG  ]  No MultiQC config found: multiqc_config.yaml
[2019-11-19 14:29:10,251] multiqc                                            [DEBUG  ]  Command used: /usr/bin/multiqc /data/HG00135.mapped.SOLID.bfast.GBR.low_coverage.20101123_fastqc.zip -o /data
[2019-11-19 14:29:12,080] multiqc                                            [DEBUG  ]  Latest MultiQC version is v1.7
[2019-11-19 14:29:12,080] multiqc                                            [INFO   ]  This is MultiQC v1.7
[2019-11-19 14:29:12,080] multiqc                                            [DEBUG  ]  Command     : /usr/bin/multiqc /data/HG00135.mapped.SOLID.bfast.GBR.low_coverage.20101123_fastqc.zip -o /data
[2019-11-19 14:29:12,080] multiqc                                            [DEBUG  ]  Working dir : /var/lib/toil/toil-9b56b740-ccba-4b13-b998-c6aabca34938-69d14ae953f0400cbe6f0dc87a7486c9/tmpLEAC9z/f853d416-8dc0-440a-9ec1-c85a082d6dcf/tTVF8I4
[2019-11-19 14:29:12,080] multiqc                                            [INFO   ]  Template    : default
[2019-11-19 14:29:12,080] multiqc                                            [INFO   ]  Searching '/data/HG00135.mapped.SOLID.bfast.GBR.low_coverage.20101123_fastqc.zip'
[2019-11-19 14:29:12,081] multiqc                                            [DEBUG  ]  Analysing modules: custom_content, conpair, peddy, methylQA, phantompeakqualtools, qualimap, preseq, quast, qorts, rna_seqc, rsem, rseqc, busco, goleft_indexcov, disambiguate, supernova, deeptools, sargasso, verifybamid, mirtrace, happy, homer, macs2, theta2, snpeff, gatk, htseq, bcftools, featureCounts, dedup, damageprofiler, picard, prokka, samblaster, samtools, bamtools, jellyfish, vcftools, longranger, stacks, bbmap, bismark, biscuit, hicexplorer, hicup, hicpro, salmon, kallisto, slamdunk, star, hisat2, tophat, bowtie2, bowtie1, kat, leehom, adapterRemoval, clipandmerge, cutadapt, flexbar, trimmomatic, skewer, sortmerna, biobloomtools, fastq_screen, afterqc, fastp, fastqc, minionqc, clusterflow, bcl2fastq, interop, flash
[2019-11-19 14:29:12,081] multiqc                                            [DEBUG  ]  Using temporary directory for creating report: /tmp/tmp7f7n8z_d
[2019-11-19 14:29:12,801] multiqc                                            [DEBUG  ]  No samples found: custom_content
[2019-11-19 14:29:12,805] multiqc                                            [DEBUG  ]  No samples found: conpair
[2019-11-19 14:29:12,811] multiqc                                            [DEBUG  ]  No samples found: peddy
[2019-11-19 14:29:12,815] multiqc                                            [DEBUG  ]  No samples found: methylQA
[2019-11-19 14:29:12,820] multiqc                                            [DEBUG  ]  No samples found: phantompeakqualtools
[2019-11-19 14:29:12,828] multiqc                                            [DEBUG  ]  No samples found: qualimap
[2019-11-19 14:29:12,834] multiqc                                            [DEBUG  ]  No samples found: preseq
[2019-11-19 14:29:12,839] multiqc                                            [DEBUG  ]  No samples found: quast
[2019-11-19 14:29:12,844] multiqc                                            [DEBUG  ]  No samples found: qorts
[2019-11-19 14:29:12,849] multiqc                                            [DEBUG  ]  No samples found: rna_seqc
[2019-11-19 14:29:12,853] multiqc                                            [DEBUG  ]  No samples found: rsem
[2019-11-19 14:29:12,863] multiqc                                            [DEBUG  ]  No samples found: rseqc
[2019-11-19 14:29:12,867] multiqc                                            [DEBUG  ]  No samples found: busco
[2019-11-19 14:29:12,871] multiqc                                            [DEBUG  ]  No samples found: goleft_indexcov
[2019-11-19 14:29:12,876] multiqc                                            [DEBUG  ]  No samples found: disambiguate
[2019-11-19 14:29:12,881] multiqc                                            [DEBUG  ]  No samples found: supernova
[2019-11-19 14:29:12,891] multiqc                                            [DEBUG  ]  No samples found: deeptools
[2019-11-19 14:29:12,896] multiqc                                            [DEBUG  ]  No samples found: sargasso
[2019-11-19 14:29:12,900] multiqc                                            [DEBUG  ]  No samples found: verifybamid
[2019-11-19 14:29:12,904] multiqc                                            [DEBUG  ]  No samples found: mirtrace
[2019-11-19 14:29:12,909] multiqc                                            [DEBUG  ]  No samples found: happy
[2019-11-19 14:29:12,914] multiqc                                            [DEBUG  ]  No samples found: homer
[2019-11-19 14:29:12,919] multiqc                                            [DEBUG  ]  No samples found: macs2
[2019-11-19 14:29:12,924] multiqc                                            [DEBUG  ]  No samples found: theta2
[2019-11-19 14:29:12,928] multiqc                                            [DEBUG  ]  No samples found: snpeff
[2019-11-19 14:29:12,935] multiqc                                            [DEBUG  ]  No samples found: gatk
[2019-11-19 14:29:12,939] multiqc                                            [DEBUG  ]  No samples found: htseq
[2019-11-19 14:29:12,944] multiqc                                            [DEBUG  ]  No samples found: bcftools
[2019-11-19 14:29:12,948] multiqc                                            [DEBUG  ]  No samples found: featureCounts
[2019-11-19 14:29:12,952] multiqc                                            [DEBUG  ]  No samples found: dedup
[2019-11-19 14:29:12,957] multiqc                                            [DEBUG  ]  No samples found: damageprofiler
[2019-11-19 14:29:12,968] multiqc                                            [DEBUG  ]  No samples found: picard
[2019-11-19 14:29:12,973] multiqc                                            [DEBUG  ]  No samples found: prokka
[2019-11-19 14:29:12,977] multiqc                                            [DEBUG  ]  No samples found: samblaster
[2019-11-19 14:29:12,984] multiqc                                            [DEBUG  ]  No samples found: samtools
[2019-11-19 14:29:12,989] multiqc                                            [DEBUG  ]  No samples found: bamtools
[2019-11-19 14:29:12,993] multiqc                                            [DEBUG  ]  No samples found: jellyfish
[2019-11-19 14:29:13,000] multiqc                                            [DEBUG  ]  No samples found: vcftools
[2019-11-19 14:29:13,004] multiqc                                            [DEBUG  ]  No samples found: longranger
[2019-11-19 14:29:13,009] multiqc                                            [DEBUG  ]  No samples found: stacks
[2019-11-19 14:29:13,019] multiqc                                            [DEBUG  ]  No samples found: bbmap
[2019-11-19 14:29:13,024] multiqc                                            [DEBUG  ]  No samples found: bismark
[2019-11-19 14:29:13,030] multiqc                                            [DEBUG  ]  No samples found: biscuit
[2019-11-19 14:29:13,034] multiqc                                            [DEBUG  ]  No samples found: hicexplorer
[2019-11-19 14:29:13,039] multiqc                                            [DEBUG  ]  No samples found: hicup
[2019-11-19 14:29:13,043] multiqc                                            [DEBUG  ]  No samples found: hicpro
[2019-11-19 14:29:13,047] multiqc                                            [DEBUG  ]  No samples found: salmon
[2019-11-19 14:29:13,052] multiqc                                            [DEBUG  ]  No samples found: kallisto
[2019-11-19 14:29:13,058] multiqc                                            [DEBUG  ]  No samples found: slamdunk
[2019-11-19 14:29:13,062] multiqc                                            [DEBUG  ]  No samples found: star
[2019-11-19 14:29:13,067] multiqc                                            [DEBUG  ]  No samples found: hisat2
[2019-11-19 14:29:13,072] multiqc                                            [DEBUG  ]  No samples found: tophat
[2019-11-19 14:29:13,076] multiqc                                            [DEBUG  ]  No samples found: bowtie2
[2019-11-19 14:29:13,081] multiqc                                            [DEBUG  ]  No samples found: bowtie1
[2019-11-19 14:29:13,085] multiqc                                            [DEBUG  ]  No samples found: kat
[2019-11-19 14:29:13,089] multiqc                                            [DEBUG  ]  No samples found: leehom
[2019-11-19 14:29:13,093] multiqc                                            [DEBUG  ]  No samples found: adapterRemoval
[2019-11-19 14:29:13,099] multiqc                                            [DEBUG  ]  No samples found: clipandmerge
[2019-11-19 14:29:13,105] multiqc                                            [DEBUG  ]  No samples found: cutadapt
[2019-11-19 14:29:13,112] multiqc                                            [DEBUG  ]  No samples found: flexbar
[2019-11-19 14:29:13,116] multiqc                                            [DEBUG  ]  No samples found: trimmomatic
[2019-11-19 14:29:13,121] multiqc                                            [DEBUG  ]  No samples found: skewer
[2019-11-19 14:29:13,125] multiqc                                            [DEBUG  ]  No samples found: sortmerna
[2019-11-19 14:29:13,129] multiqc                                            [DEBUG  ]  No samples found: biobloomtools
[2019-11-19 14:29:13,134] multiqc                                            [DEBUG  ]  No samples found: fastq_screen
[2019-11-19 14:29:13,138] multiqc                                            [DEBUG  ]  No samples found: afterqc
[2019-11-19 14:29:13,143] multiqc                                            [DEBUG  ]  No samples found: fastp
[2019-11-19 14:29:13,150] multiqc.modules.fastqc.fastqc                      [INFO   ]  Found 1 reports
[2019-11-19 14:29:13,196] multiqc                                            [DEBUG  ]  No samples found: minionqc
[2019-11-19 14:29:13,201] multiqc                                            [DEBUG  ]  No samples found: clusterflow
[2019-11-19 14:29:13,206] multiqc                                            [DEBUG  ]  No samples found: bcl2fastq
[2019-11-19 14:29:13,211] multiqc                                            [DEBUG  ]  No samples found: interop
[2019-11-19 14:29:13,215] multiqc                                            [DEBUG  ]  No samples found: flash
[2019-11-19 14:29:13,218] multiqc                                            [INFO   ]  Compressing plot data
[2019-11-19 14:29:13,246] multiqc                                            [INFO   ]  Report      : ../../../../../../../data/multiqc_report.html
[2019-11-19 14:29:13,246] multiqc                                            [INFO   ]  Data        : ../../../../../../../data/multiqc_data
[2019-11-19 14:29:13,246] multiqc                                            [DEBUG  ]  Moving data file from '/tmp/tmp7f7n8z_d/multiqc_data/multiqc_general_stats.txt' to '/data/multiqc_data'
[2019-11-19 14:29:13,246] multiqc                                            [DEBUG  ]  Moving data file from '/tmp/tmp7f7n8z_d/multiqc_data/multiqc_fastqc.txt' to '/data/multiqc_data'
[2019-11-19 14:29:13,247] multiqc                                            [DEBUG  ]  Moving data file from '/tmp/tmp7f7n8z_d/multiqc_data/multiqc_data.json' to '/data/multiqc_data'
[2019-11-19 14:29:13,247] multiqc                                            [DEBUG  ]  Moving data file from '/tmp/tmp7f7n8z_d/multiqc_data/multiqc_sources.txt' to '/data/multiqc_data'
[2019-11-19 14:29:13,383] multiqc                                            [INFO   ]  MultiQC complete
