[2019-11-19 14:21:45,565] multiqc                                            [DEBUG  ]  No MultiQC config found: /usr/lib/python3.6/site-packages/multiqc-1.7-py3.6.egg/multiqc_config.yaml
[2019-11-19 14:21:45,565] multiqc                                            [DEBUG  ]  No MultiQC config found: /root/.multiqc_config.yaml
[2019-11-19 14:21:45,565] multiqc                                            [DEBUG  ]  No MultiQC config found: multiqc_config.yaml
[2019-11-19 14:21:45,565] multiqc                                            [DEBUG  ]  Command used: /usr/bin/multiqc /data/HG00160.mapped.ILLUMINA.bwa.GBR.low_coverage.20101123_fastqc.zip -o /data
[2019-11-19 14:21:47,534] multiqc                                            [DEBUG  ]  Latest MultiQC version is v1.7
[2019-11-19 14:21:47,534] multiqc                                            [INFO   ]  This is MultiQC v1.7
[2019-11-19 14:21:47,534] multiqc                                            [DEBUG  ]  Command     : /usr/bin/multiqc /data/HG00160.mapped.ILLUMINA.bwa.GBR.low_coverage.20101123_fastqc.zip -o /data
[2019-11-19 14:21:47,534] multiqc                                            [DEBUG  ]  Working dir : /var/lib/toil/toil-9b56b740-ccba-4b13-b998-c6aabca34938-69d14ae953f0400cbe6f0dc87a7486c9/tmpVw8ogd/5045246b-981e-4ce0-a0ef-07cadafbc6c0/t9rSh0c
[2019-11-19 14:21:47,534] multiqc                                            [INFO   ]  Template    : default
[2019-11-19 14:21:47,534] multiqc                                            [INFO   ]  Searching '/data/HG00160.mapped.ILLUMINA.bwa.GBR.low_coverage.20101123_fastqc.zip'
[2019-11-19 14:21:47,535] multiqc                                            [DEBUG  ]  Analysing modules: custom_content, conpair, peddy, methylQA, phantompeakqualtools, qualimap, preseq, quast, qorts, rna_seqc, rsem, rseqc, busco, goleft_indexcov, disambiguate, supernova, deeptools, sargasso, verifybamid, mirtrace, happy, homer, macs2, theta2, snpeff, gatk, htseq, bcftools, featureCounts, dedup, damageprofiler, picard, prokka, samblaster, samtools, bamtools, jellyfish, vcftools, longranger, stacks, bbmap, bismark, biscuit, hicexplorer, hicup, hicpro, salmon, kallisto, slamdunk, star, hisat2, tophat, bowtie2, bowtie1, kat, leehom, adapterRemoval, clipandmerge, cutadapt, flexbar, trimmomatic, skewer, sortmerna, biobloomtools, fastq_screen, afterqc, fastp, fastqc, minionqc, clusterflow, bcl2fastq, interop, flash
[2019-11-19 14:21:47,535] multiqc                                            [DEBUG  ]  Using temporary directory for creating report: /tmp/tmpvzohus89
[2019-11-19 14:21:48,551] multiqc                                            [DEBUG  ]  No samples found: custom_content
[2019-11-19 14:21:48,558] multiqc                                            [DEBUG  ]  No samples found: conpair
[2019-11-19 14:21:48,565] multiqc                                            [DEBUG  ]  No samples found: peddy
[2019-11-19 14:21:48,571] multiqc                                            [DEBUG  ]  No samples found: methylQA
[2019-11-19 14:21:48,578] multiqc                                            [DEBUG  ]  No samples found: phantompeakqualtools
[2019-11-19 14:21:48,586] multiqc                                            [DEBUG  ]  No samples found: qualimap
[2019-11-19 14:21:48,592] multiqc                                            [DEBUG  ]  No samples found: preseq
[2019-11-19 14:21:48,599] multiqc                                            [DEBUG  ]  No samples found: quast
[2019-11-19 14:21:48,605] multiqc                                            [DEBUG  ]  No samples found: qorts
[2019-11-19 14:21:48,612] multiqc                                            [DEBUG  ]  No samples found: rna_seqc
[2019-11-19 14:21:48,618] multiqc                                            [DEBUG  ]  No samples found: rsem
[2019-11-19 14:21:48,631] multiqc                                            [DEBUG  ]  No samples found: rseqc
[2019-11-19 14:21:48,637] multiqc                                            [DEBUG  ]  No samples found: busco
[2019-11-19 14:21:48,644] multiqc                                            [DEBUG  ]  No samples found: goleft_indexcov
[2019-11-19 14:21:48,650] multiqc                                            [DEBUG  ]  No samples found: disambiguate
[2019-11-19 14:21:48,656] multiqc                                            [DEBUG  ]  No samples found: supernova
[2019-11-19 14:21:48,669] multiqc                                            [DEBUG  ]  No samples found: deeptools
[2019-11-19 14:21:48,675] multiqc                                            [DEBUG  ]  No samples found: sargasso
[2019-11-19 14:21:48,681] multiqc                                            [DEBUG  ]  No samples found: verifybamid
[2019-11-19 14:21:48,688] multiqc                                            [DEBUG  ]  No samples found: mirtrace
[2019-11-19 14:21:48,694] multiqc                                            [DEBUG  ]  No samples found: happy
[2019-11-19 14:21:48,703] multiqc                                            [DEBUG  ]  No samples found: homer
[2019-11-19 14:21:48,709] multiqc                                            [DEBUG  ]  No samples found: macs2
[2019-11-19 14:21:48,715] multiqc                                            [DEBUG  ]  No samples found: theta2
[2019-11-19 14:21:48,722] multiqc                                            [DEBUG  ]  No samples found: snpeff
[2019-11-19 14:21:48,730] multiqc                                            [DEBUG  ]  No samples found: gatk
[2019-11-19 14:21:48,736] multiqc                                            [DEBUG  ]  No samples found: htseq
[2019-11-19 14:21:48,743] multiqc                                            [DEBUG  ]  No samples found: bcftools
[2019-11-19 14:21:48,750] multiqc                                            [DEBUG  ]  No samples found: featureCounts
[2019-11-19 14:21:48,756] multiqc                                            [DEBUG  ]  No samples found: dedup
[2019-11-19 14:21:48,762] multiqc                                            [DEBUG  ]  No samples found: damageprofiler
[2019-11-19 14:21:48,778] multiqc                                            [DEBUG  ]  No samples found: picard
[2019-11-19 14:21:48,784] multiqc                                            [DEBUG  ]  No samples found: prokka
[2019-11-19 14:21:48,791] multiqc                                            [DEBUG  ]  No samples found: samblaster
[2019-11-19 14:21:48,800] multiqc                                            [DEBUG  ]  No samples found: samtools
[2019-11-19 14:21:48,807] multiqc                                            [DEBUG  ]  No samples found: bamtools
[2019-11-19 14:21:48,813] multiqc                                            [DEBUG  ]  No samples found: jellyfish
[2019-11-19 14:21:48,822] multiqc                                            [DEBUG  ]  No samples found: vcftools
[2019-11-19 14:21:48,829] multiqc                                            [DEBUG  ]  No samples found: longranger
[2019-11-19 14:21:48,835] multiqc                                            [DEBUG  ]  No samples found: stacks
[2019-11-19 14:21:48,849] multiqc                                            [DEBUG  ]  No samples found: bbmap
[2019-11-19 14:21:48,855] multiqc                                            [DEBUG  ]  No samples found: bismark
[2019-11-19 14:21:48,863] multiqc                                            [DEBUG  ]  No samples found: biscuit
[2019-11-19 14:21:48,870] multiqc                                            [DEBUG  ]  No samples found: hicexplorer
[2019-11-19 14:21:48,876] multiqc                                            [DEBUG  ]  No samples found: hicup
[2019-11-19 14:21:48,883] multiqc                                            [DEBUG  ]  No samples found: hicpro
[2019-11-19 14:21:48,889] multiqc                                            [DEBUG  ]  No samples found: salmon
[2019-11-19 14:21:48,895] multiqc                                            [DEBUG  ]  No samples found: kallisto
[2019-11-19 14:21:48,902] multiqc                                            [DEBUG  ]  No samples found: slamdunk
[2019-11-19 14:21:48,909] multiqc                                            [DEBUG  ]  No samples found: star
[2019-11-19 14:21:48,915] multiqc                                            [DEBUG  ]  No samples found: hisat2
[2019-11-19 14:21:48,921] multiqc                                            [DEBUG  ]  No samples found: tophat
[2019-11-19 14:21:48,928] multiqc                                            [DEBUG  ]  No samples found: bowtie2
[2019-11-19 14:21:48,934] multiqc                                            [DEBUG  ]  No samples found: bowtie1
[2019-11-19 14:21:48,941] multiqc                                            [DEBUG  ]  No samples found: kat
[2019-11-19 14:21:48,947] multiqc                                            [DEBUG  ]  No samples found: leehom
[2019-11-19 14:21:48,953] multiqc                                            [DEBUG  ]  No samples found: adapterRemoval
[2019-11-19 14:21:48,959] multiqc                                            [DEBUG  ]  No samples found: clipandmerge
[2019-11-19 14:21:48,965] multiqc                                            [DEBUG  ]  No samples found: cutadapt
[2019-11-19 14:21:48,972] multiqc                                            [DEBUG  ]  No samples found: flexbar
[2019-11-19 14:21:48,978] multiqc                                            [DEBUG  ]  No samples found: trimmomatic
[2019-11-19 14:21:48,984] multiqc                                            [DEBUG  ]  No samples found: skewer
[2019-11-19 14:21:48,991] multiqc                                            [DEBUG  ]  No samples found: sortmerna
[2019-11-19 14:21:48,997] multiqc                                            [DEBUG  ]  No samples found: biobloomtools
[2019-11-19 14:21:49,003] multiqc                                            [DEBUG  ]  No samples found: fastq_screen
[2019-11-19 14:21:49,009] multiqc                                            [DEBUG  ]  No samples found: afterqc
[2019-11-19 14:21:49,016] multiqc                                            [DEBUG  ]  No samples found: fastp
[2019-11-19 14:21:49,028] multiqc.modules.fastqc.fastqc                      [INFO   ]  Found 1 reports
[2019-11-19 14:21:49,113] multiqc                                            [DEBUG  ]  No samples found: minionqc
[2019-11-19 14:21:49,120] multiqc                                            [DEBUG  ]  No samples found: clusterflow
[2019-11-19 14:21:49,127] multiqc                                            [DEBUG  ]  No samples found: bcl2fastq
[2019-11-19 14:21:49,133] multiqc                                            [DEBUG  ]  No samples found: interop
[2019-11-19 14:21:49,139] multiqc                                            [DEBUG  ]  No samples found: flash
[2019-11-19 14:21:49,144] multiqc                                            [INFO   ]  Compressing plot data
[2019-11-19 14:21:49,196] multiqc                                            [INFO   ]  Report      : ../../../../../../../data/multiqc_report.html
[2019-11-19 14:21:49,196] multiqc                                            [INFO   ]  Data        : ../../../../../../../data/multiqc_data
[2019-11-19 14:21:49,196] multiqc                                            [DEBUG  ]  Moving data file from '/tmp/tmpvzohus89/multiqc_data/multiqc_general_stats.txt' to '/data/multiqc_data'
[2019-11-19 14:21:49,197] multiqc                                            [DEBUG  ]  Moving data file from '/tmp/tmpvzohus89/multiqc_data/multiqc_fastqc.txt' to '/data/multiqc_data'
[2019-11-19 14:21:49,197] multiqc                                            [DEBUG  ]  Moving data file from '/tmp/tmpvzohus89/multiqc_data/multiqc_data.json' to '/data/multiqc_data'
[2019-11-19 14:21:49,198] multiqc                                            [DEBUG  ]  Moving data file from '/tmp/tmpvzohus89/multiqc_data/multiqc_sources.txt' to '/data/multiqc_data'
[2019-11-19 14:21:49,402] multiqc                                            [INFO   ]  MultiQC complete
