[2019-11-19 11:49:00,623] multiqc                                            [DEBUG  ]  No MultiQC config found: /usr/lib/python3.6/site-packages/multiqc-1.7-py3.6.egg/multiqc_config.yaml
[2019-11-19 11:49:00,624] multiqc                                            [DEBUG  ]  No MultiQC config found: /root/.multiqc_config.yaml
[2019-11-19 11:49:00,624] multiqc                                            [DEBUG  ]  No MultiQC config found: multiqc_config.yaml
[2019-11-19 11:49:00,624] multiqc                                            [DEBUG  ]  Command used: /usr/bin/multiqc /data/HG00134.unmapped.SOLID.bfast.GBR.low_coverage.20101123_fastqc.zip -o /data
[2019-11-19 11:49:02,667] multiqc                                            [DEBUG  ]  Latest MultiQC version is v1.7
[2019-11-19 11:49:02,667] multiqc                                            [INFO   ]  This is MultiQC v1.7
[2019-11-19 11:49:02,667] multiqc                                            [DEBUG  ]  Command     : /usr/bin/multiqc /data/HG00134.unmapped.SOLID.bfast.GBR.low_coverage.20101123_fastqc.zip -o /data
[2019-11-19 11:49:02,667] multiqc                                            [DEBUG  ]  Working dir : /var/lib/toil/toil-9b56b740-ccba-4b13-b998-c6aabca34938-69d14ae953f0400cbe6f0dc87a7486c9/tmp8RlXA_/d0dbe2a4-d8d1-46a5-894c-118e5f13cb56/tPA_mIQ
[2019-11-19 11:49:02,667] multiqc                                            [INFO   ]  Template    : default
[2019-11-19 11:49:02,667] multiqc                                            [INFO   ]  Searching '/data/HG00134.unmapped.SOLID.bfast.GBR.low_coverage.20101123_fastqc.zip'
[2019-11-19 11:49:02,668] multiqc                                            [DEBUG  ]  Analysing modules: custom_content, conpair, peddy, methylQA, phantompeakqualtools, qualimap, preseq, quast, qorts, rna_seqc, rsem, rseqc, busco, goleft_indexcov, disambiguate, supernova, deeptools, sargasso, verifybamid, mirtrace, happy, homer, macs2, theta2, snpeff, gatk, htseq, bcftools, featureCounts, dedup, damageprofiler, picard, prokka, samblaster, samtools, bamtools, jellyfish, vcftools, longranger, stacks, bbmap, bismark, biscuit, hicexplorer, hicup, hicpro, salmon, kallisto, slamdunk, star, hisat2, tophat, bowtie2, bowtie1, kat, leehom, adapterRemoval, clipandmerge, cutadapt, flexbar, trimmomatic, skewer, sortmerna, biobloomtools, fastq_screen, afterqc, fastp, fastqc, minionqc, clusterflow, bcl2fastq, interop, flash
[2019-11-19 11:49:02,668] multiqc                                            [DEBUG  ]  Using temporary directory for creating report: /tmp/tmp14ojcamb
[2019-11-19 11:49:03,415] multiqc                                            [DEBUG  ]  No samples found: custom_content
[2019-11-19 11:49:03,421] multiqc                                            [DEBUG  ]  No samples found: conpair
[2019-11-19 11:49:03,427] multiqc                                            [DEBUG  ]  No samples found: peddy
[2019-11-19 11:49:03,432] multiqc                                            [DEBUG  ]  No samples found: methylQA
[2019-11-19 11:49:03,436] multiqc                                            [DEBUG  ]  No samples found: phantompeakqualtools
[2019-11-19 11:49:03,442] multiqc                                            [DEBUG  ]  No samples found: qualimap
[2019-11-19 11:49:03,447] multiqc                                            [DEBUG  ]  No samples found: preseq
[2019-11-19 11:49:03,453] multiqc                                            [DEBUG  ]  No samples found: quast
[2019-11-19 11:49:03,457] multiqc                                            [DEBUG  ]  No samples found: qorts
[2019-11-19 11:49:03,462] multiqc                                            [DEBUG  ]  No samples found: rna_seqc
[2019-11-19 11:49:03,466] multiqc                                            [DEBUG  ]  No samples found: rsem
[2019-11-19 11:49:03,476] multiqc                                            [DEBUG  ]  No samples found: rseqc
[2019-11-19 11:49:03,480] multiqc                                            [DEBUG  ]  No samples found: busco
[2019-11-19 11:49:03,484] multiqc                                            [DEBUG  ]  No samples found: goleft_indexcov
[2019-11-19 11:49:03,489] multiqc                                            [DEBUG  ]  No samples found: disambiguate
[2019-11-19 11:49:03,493] multiqc                                            [DEBUG  ]  No samples found: supernova
[2019-11-19 11:49:03,502] multiqc                                            [DEBUG  ]  No samples found: deeptools
[2019-11-19 11:49:03,507] multiqc                                            [DEBUG  ]  No samples found: sargasso
[2019-11-19 11:49:03,511] multiqc                                            [DEBUG  ]  No samples found: verifybamid
[2019-11-19 11:49:03,515] multiqc                                            [DEBUG  ]  No samples found: mirtrace
[2019-11-19 11:49:03,520] multiqc                                            [DEBUG  ]  No samples found: happy
[2019-11-19 11:49:03,526] multiqc                                            [DEBUG  ]  No samples found: homer
[2019-11-19 11:49:03,530] multiqc                                            [DEBUG  ]  No samples found: macs2
[2019-11-19 11:49:03,534] multiqc                                            [DEBUG  ]  No samples found: theta2
[2019-11-19 11:49:03,539] multiqc                                            [DEBUG  ]  No samples found: snpeff
[2019-11-19 11:49:03,545] multiqc                                            [DEBUG  ]  No samples found: gatk
[2019-11-19 11:49:03,550] multiqc                                            [DEBUG  ]  No samples found: htseq
[2019-11-19 11:49:03,555] multiqc                                            [DEBUG  ]  No samples found: bcftools
[2019-11-19 11:49:03,560] multiqc                                            [DEBUG  ]  No samples found: featureCounts
[2019-11-19 11:49:03,564] multiqc                                            [DEBUG  ]  No samples found: dedup
[2019-11-19 11:49:03,568] multiqc                                            [DEBUG  ]  No samples found: damageprofiler
[2019-11-19 11:49:03,581] multiqc                                            [DEBUG  ]  No samples found: picard
[2019-11-19 11:49:03,586] multiqc                                            [DEBUG  ]  No samples found: prokka
[2019-11-19 11:49:03,590] multiqc                                            [DEBUG  ]  No samples found: samblaster
[2019-11-19 11:49:03,599] multiqc                                            [DEBUG  ]  No samples found: samtools
[2019-11-19 11:49:03,604] multiqc                                            [DEBUG  ]  No samples found: bamtools
[2019-11-19 11:49:03,608] multiqc                                            [DEBUG  ]  No samples found: jellyfish
[2019-11-19 11:49:03,614] multiqc                                            [DEBUG  ]  No samples found: vcftools
[2019-11-19 11:49:03,619] multiqc                                            [DEBUG  ]  No samples found: longranger
[2019-11-19 11:49:03,623] multiqc                                            [DEBUG  ]  No samples found: stacks
[2019-11-19 11:49:03,633] multiqc                                            [DEBUG  ]  No samples found: bbmap
[2019-11-19 11:49:03,637] multiqc                                            [DEBUG  ]  No samples found: bismark
[2019-11-19 11:49:03,643] multiqc                                            [DEBUG  ]  No samples found: biscuit
[2019-11-19 11:49:03,647] multiqc                                            [DEBUG  ]  No samples found: hicexplorer
[2019-11-19 11:49:03,651] multiqc                                            [DEBUG  ]  No samples found: hicup
[2019-11-19 11:49:03,655] multiqc                                            [DEBUG  ]  No samples found: hicpro
[2019-11-19 11:49:03,660] multiqc                                            [DEBUG  ]  No samples found: salmon
[2019-11-19 11:49:03,664] multiqc                                            [DEBUG  ]  No samples found: kallisto
[2019-11-19 11:49:03,669] multiqc                                            [DEBUG  ]  No samples found: slamdunk
[2019-11-19 11:49:03,673] multiqc                                            [DEBUG  ]  No samples found: star
[2019-11-19 11:49:03,678] multiqc                                            [DEBUG  ]  No samples found: hisat2
[2019-11-19 11:49:03,682] multiqc                                            [DEBUG  ]  No samples found: tophat
[2019-11-19 11:49:03,687] multiqc                                            [DEBUG  ]  No samples found: bowtie2
[2019-11-19 11:49:03,692] multiqc                                            [DEBUG  ]  No samples found: bowtie1
[2019-11-19 11:49:03,697] multiqc                                            [DEBUG  ]  No samples found: kat
[2019-11-19 11:49:03,702] multiqc                                            [DEBUG  ]  No samples found: leehom
[2019-11-19 11:49:03,706] multiqc                                            [DEBUG  ]  No samples found: adapterRemoval
[2019-11-19 11:49:03,711] multiqc                                            [DEBUG  ]  No samples found: clipandmerge
[2019-11-19 11:49:03,715] multiqc                                            [DEBUG  ]  No samples found: cutadapt
[2019-11-19 11:49:03,719] multiqc                                            [DEBUG  ]  No samples found: flexbar
[2019-11-19 11:49:03,723] multiqc                                            [DEBUG  ]  No samples found: trimmomatic
[2019-11-19 11:49:03,728] multiqc                                            [DEBUG  ]  No samples found: skewer
[2019-11-19 11:49:03,733] multiqc                                            [DEBUG  ]  No samples found: sortmerna
[2019-11-19 11:49:03,737] multiqc                                            [DEBUG  ]  No samples found: biobloomtools
[2019-11-19 11:49:03,741] multiqc                                            [DEBUG  ]  No samples found: fastq_screen
[2019-11-19 11:49:03,745] multiqc                                            [DEBUG  ]  No samples found: afterqc
[2019-11-19 11:49:03,750] multiqc                                            [DEBUG  ]  No samples found: fastp
[2019-11-19 11:49:03,757] multiqc.modules.fastqc.fastqc                      [INFO   ]  Found 1 reports
[2019-11-19 11:49:03,801] multiqc                                            [DEBUG  ]  No samples found: minionqc
[2019-11-19 11:49:03,806] multiqc                                            [DEBUG  ]  No samples found: clusterflow
[2019-11-19 11:49:03,810] multiqc                                            [DEBUG  ]  No samples found: bcl2fastq
[2019-11-19 11:49:03,815] multiqc                                            [DEBUG  ]  No samples found: interop
[2019-11-19 11:49:03,819] multiqc                                            [DEBUG  ]  No samples found: flash
[2019-11-19 11:49:03,822] multiqc                                            [INFO   ]  Compressing plot data
[2019-11-19 11:49:03,851] multiqc                                            [INFO   ]  Report      : ../../../../../../../data/multiqc_report.html
[2019-11-19 11:49:03,851] multiqc                                            [INFO   ]  Data        : ../../../../../../../data/multiqc_data
[2019-11-19 11:49:03,851] multiqc                                            [DEBUG  ]  Moving data file from '/tmp/tmp14ojcamb/multiqc_data/multiqc_general_stats.txt' to '/data/multiqc_data'
[2019-11-19 11:49:03,852] multiqc                                            [DEBUG  ]  Moving data file from '/tmp/tmp14ojcamb/multiqc_data/multiqc_fastqc.txt' to '/data/multiqc_data'
[2019-11-19 11:49:03,852] multiqc                                            [DEBUG  ]  Moving data file from '/tmp/tmp14ojcamb/multiqc_data/multiqc_data.json' to '/data/multiqc_data'
[2019-11-19 11:49:03,852] multiqc                                            [DEBUG  ]  Moving data file from '/tmp/tmp14ojcamb/multiqc_data/multiqc_sources.txt' to '/data/multiqc_data'
[2019-11-19 11:49:03,990] multiqc                                            [INFO   ]  MultiQC complete
