[2019-11-19 06:45:36,396] multiqc                                            [DEBUG  ]  No MultiQC config found: /usr/lib/python3.6/site-packages/multiqc-1.7-py3.6.egg/multiqc_config.yaml
[2019-11-19 06:45:36,396] multiqc                                            [DEBUG  ]  No MultiQC config found: /root/.multiqc_config.yaml
[2019-11-19 06:45:36,396] multiqc                                            [DEBUG  ]  No MultiQC config found: multiqc_config.yaml
[2019-11-19 06:45:36,396] multiqc                                            [DEBUG  ]  Command used: /usr/bin/multiqc /data/HG00096.mapped.ILLUMINA.bwa.GBR.low_coverage.20101123_fastqc.zip -o /data
[2019-11-19 06:45:38,353] multiqc                                            [DEBUG  ]  Latest MultiQC version is v1.7
[2019-11-19 06:45:38,353] multiqc                                            [INFO   ]  This is MultiQC v1.7
[2019-11-19 06:45:38,353] multiqc                                            [DEBUG  ]  Command     : /usr/bin/multiqc /data/HG00096.mapped.ILLUMINA.bwa.GBR.low_coverage.20101123_fastqc.zip -o /data
[2019-11-19 06:45:38,353] multiqc                                            [DEBUG  ]  Working dir : /var/lib/toil/toil-9b56b740-ccba-4b13-b998-c6aabca34938-69d14ae953f0400cbe6f0dc87a7486c9/tmpH1r6k8/3e7ff31e-04c4-4443-a9b0-bc2b0b0721db/tJoceJw
[2019-11-19 06:45:38,354] multiqc                                            [INFO   ]  Template    : default
[2019-11-19 06:45:38,354] multiqc                                            [INFO   ]  Searching '/data/HG00096.mapped.ILLUMINA.bwa.GBR.low_coverage.20101123_fastqc.zip'
[2019-11-19 06:45:38,354] multiqc                                            [DEBUG  ]  Analysing modules: custom_content, conpair, peddy, methylQA, phantompeakqualtools, qualimap, preseq, quast, qorts, rna_seqc, rsem, rseqc, busco, goleft_indexcov, disambiguate, supernova, deeptools, sargasso, verifybamid, mirtrace, happy, homer, macs2, theta2, snpeff, gatk, htseq, bcftools, featureCounts, dedup, damageprofiler, picard, prokka, samblaster, samtools, bamtools, jellyfish, vcftools, longranger, stacks, bbmap, bismark, biscuit, hicexplorer, hicup, hicpro, salmon, kallisto, slamdunk, star, hisat2, tophat, bowtie2, bowtie1, kat, leehom, adapterRemoval, clipandmerge, cutadapt, flexbar, trimmomatic, skewer, sortmerna, biobloomtools, fastq_screen, afterqc, fastp, fastqc, minionqc, clusterflow, bcl2fastq, interop, flash
[2019-11-19 06:45:38,354] multiqc                                            [DEBUG  ]  Using temporary directory for creating report: /tmp/tmptqpjy5xj
[2019-11-19 06:45:38,952] multiqc                                            [DEBUG  ]  No samples found: custom_content
[2019-11-19 06:45:38,956] multiqc                                            [DEBUG  ]  No samples found: conpair
[2019-11-19 06:45:38,959] multiqc                                            [DEBUG  ]  No samples found: peddy
[2019-11-19 06:45:38,963] multiqc                                            [DEBUG  ]  No samples found: methylQA
[2019-11-19 06:45:38,966] multiqc                                            [DEBUG  ]  No samples found: phantompeakqualtools
[2019-11-19 06:45:38,970] multiqc                                            [DEBUG  ]  No samples found: qualimap
[2019-11-19 06:45:38,974] multiqc                                            [DEBUG  ]  No samples found: preseq
[2019-11-19 06:45:38,977] multiqc                                            [DEBUG  ]  No samples found: quast
[2019-11-19 06:45:38,981] multiqc                                            [DEBUG  ]  No samples found: qorts
[2019-11-19 06:45:38,984] multiqc                                            [DEBUG  ]  No samples found: rna_seqc
[2019-11-19 06:45:38,987] multiqc                                            [DEBUG  ]  No samples found: rsem
[2019-11-19 06:45:38,994] multiqc                                            [DEBUG  ]  No samples found: rseqc
[2019-11-19 06:45:38,998] multiqc                                            [DEBUG  ]  No samples found: busco
[2019-11-19 06:45:39,001] multiqc                                            [DEBUG  ]  No samples found: goleft_indexcov
[2019-11-19 06:45:39,004] multiqc                                            [DEBUG  ]  No samples found: disambiguate
[2019-11-19 06:45:39,008] multiqc                                            [DEBUG  ]  No samples found: supernova
[2019-11-19 06:45:39,015] multiqc                                            [DEBUG  ]  No samples found: deeptools
[2019-11-19 06:45:39,018] multiqc                                            [DEBUG  ]  No samples found: sargasso
[2019-11-19 06:45:39,022] multiqc                                            [DEBUG  ]  No samples found: verifybamid
[2019-11-19 06:45:39,025] multiqc                                            [DEBUG  ]  No samples found: mirtrace
[2019-11-19 06:45:39,029] multiqc                                            [DEBUG  ]  No samples found: happy
[2019-11-19 06:45:39,033] multiqc                                            [DEBUG  ]  No samples found: homer
[2019-11-19 06:45:39,036] multiqc                                            [DEBUG  ]  No samples found: macs2
[2019-11-19 06:45:39,040] multiqc                                            [DEBUG  ]  No samples found: theta2
[2019-11-19 06:45:39,043] multiqc                                            [DEBUG  ]  No samples found: snpeff
[2019-11-19 06:45:39,048] multiqc                                            [DEBUG  ]  No samples found: gatk
[2019-11-19 06:45:39,051] multiqc                                            [DEBUG  ]  No samples found: htseq
[2019-11-19 06:45:39,055] multiqc                                            [DEBUG  ]  No samples found: bcftools
[2019-11-19 06:45:39,058] multiqc                                            [DEBUG  ]  No samples found: featureCounts
[2019-11-19 06:45:39,062] multiqc                                            [DEBUG  ]  No samples found: dedup
[2019-11-19 06:45:39,065] multiqc                                            [DEBUG  ]  No samples found: damageprofiler
[2019-11-19 06:45:39,074] multiqc                                            [DEBUG  ]  No samples found: picard
[2019-11-19 06:45:39,077] multiqc                                            [DEBUG  ]  No samples found: prokka
[2019-11-19 06:45:39,081] multiqc                                            [DEBUG  ]  No samples found: samblaster
[2019-11-19 06:45:39,086] multiqc                                            [DEBUG  ]  No samples found: samtools
[2019-11-19 06:45:39,090] multiqc                                            [DEBUG  ]  No samples found: bamtools
[2019-11-19 06:45:39,093] multiqc                                            [DEBUG  ]  No samples found: jellyfish
[2019-11-19 06:45:39,098] multiqc                                            [DEBUG  ]  No samples found: vcftools
[2019-11-19 06:45:39,101] multiqc                                            [DEBUG  ]  No samples found: longranger
[2019-11-19 06:45:39,105] multiqc                                            [DEBUG  ]  No samples found: stacks
[2019-11-19 06:45:39,112] multiqc                                            [DEBUG  ]  No samples found: bbmap
[2019-11-19 06:45:39,116] multiqc                                            [DEBUG  ]  No samples found: bismark
[2019-11-19 06:45:39,120] multiqc                                            [DEBUG  ]  No samples found: biscuit
[2019-11-19 06:45:39,124] multiqc                                            [DEBUG  ]  No samples found: hicexplorer
[2019-11-19 06:45:39,129] multiqc                                            [DEBUG  ]  No samples found: hicup
[2019-11-19 06:45:39,134] multiqc                                            [DEBUG  ]  No samples found: hicpro
[2019-11-19 06:45:39,137] multiqc                                            [DEBUG  ]  No samples found: salmon
[2019-11-19 06:45:39,141] multiqc                                            [DEBUG  ]  No samples found: kallisto
[2019-11-19 06:45:39,144] multiqc                                            [DEBUG  ]  No samples found: slamdunk
[2019-11-19 06:45:39,148] multiqc                                            [DEBUG  ]  No samples found: star
[2019-11-19 06:45:39,151] multiqc                                            [DEBUG  ]  No samples found: hisat2
[2019-11-19 06:45:39,154] multiqc                                            [DEBUG  ]  No samples found: tophat
[2019-11-19 06:45:39,157] multiqc                                            [DEBUG  ]  No samples found: bowtie2
[2019-11-19 06:45:39,161] multiqc                                            [DEBUG  ]  No samples found: bowtie1
[2019-11-19 06:45:39,164] multiqc                                            [DEBUG  ]  No samples found: kat
[2019-11-19 06:45:39,167] multiqc                                            [DEBUG  ]  No samples found: leehom
[2019-11-19 06:45:39,171] multiqc                                            [DEBUG  ]  No samples found: adapterRemoval
[2019-11-19 06:45:39,174] multiqc                                            [DEBUG  ]  No samples found: clipandmerge
[2019-11-19 06:45:39,177] multiqc                                            [DEBUG  ]  No samples found: cutadapt
[2019-11-19 06:45:39,181] multiqc                                            [DEBUG  ]  No samples found: flexbar
[2019-11-19 06:45:39,184] multiqc                                            [DEBUG  ]  No samples found: trimmomatic
[2019-11-19 06:45:39,187] multiqc                                            [DEBUG  ]  No samples found: skewer
[2019-11-19 06:45:39,191] multiqc                                            [DEBUG  ]  No samples found: sortmerna
[2019-11-19 06:45:39,194] multiqc                                            [DEBUG  ]  No samples found: biobloomtools
[2019-11-19 06:45:39,197] multiqc                                            [DEBUG  ]  No samples found: fastq_screen
[2019-11-19 06:45:39,201] multiqc                                            [DEBUG  ]  No samples found: afterqc
[2019-11-19 06:45:39,204] multiqc                                            [DEBUG  ]  No samples found: fastp
[2019-11-19 06:45:39,211] multiqc.modules.fastqc.fastqc                      [INFO   ]  Found 1 reports
[2019-11-19 06:45:39,259] multiqc                                            [DEBUG  ]  No samples found: minionqc
[2019-11-19 06:45:39,262] multiqc                                            [DEBUG  ]  No samples found: clusterflow
[2019-11-19 06:45:39,266] multiqc                                            [DEBUG  ]  No samples found: bcl2fastq
[2019-11-19 06:45:39,269] multiqc                                            [DEBUG  ]  No samples found: interop
[2019-11-19 06:45:39,273] multiqc                                            [DEBUG  ]  No samples found: flash
[2019-11-19 06:45:39,275] multiqc                                            [INFO   ]  Compressing plot data
[2019-11-19 06:45:39,302] multiqc                                            [INFO   ]  Report      : ../../../../../../../data/multiqc_report.html
[2019-11-19 06:45:39,302] multiqc                                            [INFO   ]  Data        : ../../../../../../../data/multiqc_data
[2019-11-19 06:45:39,303] multiqc                                            [DEBUG  ]  Moving data file from '/tmp/tmptqpjy5xj/multiqc_data/multiqc_general_stats.txt' to '/data/multiqc_data'
[2019-11-19 06:45:39,303] multiqc                                            [DEBUG  ]  Moving data file from '/tmp/tmptqpjy5xj/multiqc_data/multiqc_fastqc.txt' to '/data/multiqc_data'
[2019-11-19 06:45:39,303] multiqc                                            [DEBUG  ]  Moving data file from '/tmp/tmptqpjy5xj/multiqc_data/multiqc_data.json' to '/data/multiqc_data'
[2019-11-19 06:45:39,303] multiqc                                            [DEBUG  ]  Moving data file from '/tmp/tmptqpjy5xj/multiqc_data/multiqc_sources.txt' to '/data/multiqc_data'
[2019-11-19 06:45:39,427] multiqc                                            [INFO   ]  MultiQC complete
