[2019-11-19 14:52:32,238] multiqc                                            [DEBUG  ]  No MultiQC config found: /usr/lib/python3.6/site-packages/multiqc-1.7-py3.6.egg/multiqc_config.yaml
[2019-11-19 14:52:32,238] multiqc                                            [DEBUG  ]  No MultiQC config found: /root/.multiqc_config.yaml
[2019-11-19 14:52:32,238] multiqc                                            [DEBUG  ]  No MultiQC config found: multiqc_config.yaml
[2019-11-19 14:52:32,238] multiqc                                            [DEBUG  ]  Command used: /usr/bin/multiqc /data/HG00239.mapped.ILLUMINA.bwa.GBR.low_coverage.20101123_fastqc.zip -o /data
[2019-11-19 14:52:33,912] multiqc                                            [DEBUG  ]  Latest MultiQC version is v1.7
[2019-11-19 14:52:33,912] multiqc                                            [INFO   ]  This is MultiQC v1.7
[2019-11-19 14:52:33,912] multiqc                                            [DEBUG  ]  Command     : /usr/bin/multiqc /data/HG00239.mapped.ILLUMINA.bwa.GBR.low_coverage.20101123_fastqc.zip -o /data
[2019-11-19 14:52:33,912] multiqc                                            [DEBUG  ]  Working dir : /var/lib/toil/toil-9b56b740-ccba-4b13-b998-c6aabca34938-69d14ae953f0400cbe6f0dc87a7486c9/tmpk9zclv/842cc2c8-33fb-4390-a9f6-1c5fb7e2ebe9/tvokOuH
[2019-11-19 14:52:33,912] multiqc                                            [INFO   ]  Template    : default
[2019-11-19 14:52:33,912] multiqc                                            [INFO   ]  Searching '/data/HG00239.mapped.ILLUMINA.bwa.GBR.low_coverage.20101123_fastqc.zip'
[2019-11-19 14:52:33,913] multiqc                                            [DEBUG  ]  Analysing modules: custom_content, conpair, peddy, methylQA, phantompeakqualtools, qualimap, preseq, quast, qorts, rna_seqc, rsem, rseqc, busco, goleft_indexcov, disambiguate, supernova, deeptools, sargasso, verifybamid, mirtrace, happy, homer, macs2, theta2, snpeff, gatk, htseq, bcftools, featureCounts, dedup, damageprofiler, picard, prokka, samblaster, samtools, bamtools, jellyfish, vcftools, longranger, stacks, bbmap, bismark, biscuit, hicexplorer, hicup, hicpro, salmon, kallisto, slamdunk, star, hisat2, tophat, bowtie2, bowtie1, kat, leehom, adapterRemoval, clipandmerge, cutadapt, flexbar, trimmomatic, skewer, sortmerna, biobloomtools, fastq_screen, afterqc, fastp, fastqc, minionqc, clusterflow, bcl2fastq, interop, flash
[2019-11-19 14:52:33,913] multiqc                                            [DEBUG  ]  Using temporary directory for creating report: /tmp/tmppe4dlxh_
[2019-11-19 14:52:34,604] multiqc                                            [DEBUG  ]  No samples found: custom_content
[2019-11-19 14:52:34,609] multiqc                                            [DEBUG  ]  No samples found: conpair
[2019-11-19 14:52:34,614] multiqc                                            [DEBUG  ]  No samples found: peddy
[2019-11-19 14:52:34,619] multiqc                                            [DEBUG  ]  No samples found: methylQA
[2019-11-19 14:52:34,623] multiqc                                            [DEBUG  ]  No samples found: phantompeakqualtools
[2019-11-19 14:52:34,628] multiqc                                            [DEBUG  ]  No samples found: qualimap
[2019-11-19 14:52:34,633] multiqc                                            [DEBUG  ]  No samples found: preseq
[2019-11-19 14:52:34,637] multiqc                                            [DEBUG  ]  No samples found: quast
[2019-11-19 14:52:34,641] multiqc                                            [DEBUG  ]  No samples found: qorts
[2019-11-19 14:52:34,645] multiqc                                            [DEBUG  ]  No samples found: rna_seqc
[2019-11-19 14:52:34,649] multiqc                                            [DEBUG  ]  No samples found: rsem
[2019-11-19 14:52:34,657] multiqc                                            [DEBUG  ]  No samples found: rseqc
[2019-11-19 14:52:34,661] multiqc                                            [DEBUG  ]  No samples found: busco
[2019-11-19 14:52:34,666] multiqc                                            [DEBUG  ]  No samples found: goleft_indexcov
[2019-11-19 14:52:34,670] multiqc                                            [DEBUG  ]  No samples found: disambiguate
[2019-11-19 14:52:34,674] multiqc                                            [DEBUG  ]  No samples found: supernova
[2019-11-19 14:52:34,683] multiqc                                            [DEBUG  ]  No samples found: deeptools
[2019-11-19 14:52:34,687] multiqc                                            [DEBUG  ]  No samples found: sargasso
[2019-11-19 14:52:34,691] multiqc                                            [DEBUG  ]  No samples found: verifybamid
[2019-11-19 14:52:34,696] multiqc                                            [DEBUG  ]  No samples found: mirtrace
[2019-11-19 14:52:34,701] multiqc                                            [DEBUG  ]  No samples found: happy
[2019-11-19 14:52:34,707] multiqc                                            [DEBUG  ]  No samples found: homer
[2019-11-19 14:52:34,711] multiqc                                            [DEBUG  ]  No samples found: macs2
[2019-11-19 14:52:34,715] multiqc                                            [DEBUG  ]  No samples found: theta2
[2019-11-19 14:52:34,719] multiqc                                            [DEBUG  ]  No samples found: snpeff
[2019-11-19 14:52:34,725] multiqc                                            [DEBUG  ]  No samples found: gatk
[2019-11-19 14:52:34,730] multiqc                                            [DEBUG  ]  No samples found: htseq
[2019-11-19 14:52:34,735] multiqc                                            [DEBUG  ]  No samples found: bcftools
[2019-11-19 14:52:34,739] multiqc                                            [DEBUG  ]  No samples found: featureCounts
[2019-11-19 14:52:34,744] multiqc                                            [DEBUG  ]  No samples found: dedup
[2019-11-19 14:52:34,748] multiqc                                            [DEBUG  ]  No samples found: damageprofiler
[2019-11-19 14:52:34,760] multiqc                                            [DEBUG  ]  No samples found: picard
[2019-11-19 14:52:34,764] multiqc                                            [DEBUG  ]  No samples found: prokka
[2019-11-19 14:52:34,768] multiqc                                            [DEBUG  ]  No samples found: samblaster
[2019-11-19 14:52:34,775] multiqc                                            [DEBUG  ]  No samples found: samtools
[2019-11-19 14:52:34,780] multiqc                                            [DEBUG  ]  No samples found: bamtools
[2019-11-19 14:52:34,784] multiqc                                            [DEBUG  ]  No samples found: jellyfish
[2019-11-19 14:52:34,790] multiqc                                            [DEBUG  ]  No samples found: vcftools
[2019-11-19 14:52:34,794] multiqc                                            [DEBUG  ]  No samples found: longranger
[2019-11-19 14:52:34,799] multiqc                                            [DEBUG  ]  No samples found: stacks
[2019-11-19 14:52:34,809] multiqc                                            [DEBUG  ]  No samples found: bbmap
[2019-11-19 14:52:34,813] multiqc                                            [DEBUG  ]  No samples found: bismark
[2019-11-19 14:52:34,819] multiqc                                            [DEBUG  ]  No samples found: biscuit
[2019-11-19 14:52:34,823] multiqc                                            [DEBUG  ]  No samples found: hicexplorer
[2019-11-19 14:52:34,828] multiqc                                            [DEBUG  ]  No samples found: hicup
[2019-11-19 14:52:34,832] multiqc                                            [DEBUG  ]  No samples found: hicpro
[2019-11-19 14:52:34,836] multiqc                                            [DEBUG  ]  No samples found: salmon
[2019-11-19 14:52:34,841] multiqc                                            [DEBUG  ]  No samples found: kallisto
[2019-11-19 14:52:34,845] multiqc                                            [DEBUG  ]  No samples found: slamdunk
[2019-11-19 14:52:34,850] multiqc                                            [DEBUG  ]  No samples found: star
[2019-11-19 14:52:34,854] multiqc                                            [DEBUG  ]  No samples found: hisat2
[2019-11-19 14:52:34,858] multiqc                                            [DEBUG  ]  No samples found: tophat
[2019-11-19 14:52:34,863] multiqc                                            [DEBUG  ]  No samples found: bowtie2
[2019-11-19 14:52:34,868] multiqc                                            [DEBUG  ]  No samples found: bowtie1
[2019-11-19 14:52:34,872] multiqc                                            [DEBUG  ]  No samples found: kat
[2019-11-19 14:52:34,877] multiqc                                            [DEBUG  ]  No samples found: leehom
[2019-11-19 14:52:34,881] multiqc                                            [DEBUG  ]  No samples found: adapterRemoval
[2019-11-19 14:52:34,886] multiqc                                            [DEBUG  ]  No samples found: clipandmerge
[2019-11-19 14:52:34,890] multiqc                                            [DEBUG  ]  No samples found: cutadapt
[2019-11-19 14:52:34,894] multiqc                                            [DEBUG  ]  No samples found: flexbar
[2019-11-19 14:52:34,898] multiqc                                            [DEBUG  ]  No samples found: trimmomatic
[2019-11-19 14:52:34,903] multiqc                                            [DEBUG  ]  No samples found: skewer
[2019-11-19 14:52:34,907] multiqc                                            [DEBUG  ]  No samples found: sortmerna
[2019-11-19 14:52:34,911] multiqc                                            [DEBUG  ]  No samples found: biobloomtools
[2019-11-19 14:52:34,915] multiqc                                            [DEBUG  ]  No samples found: fastq_screen
[2019-11-19 14:52:34,920] multiqc                                            [DEBUG  ]  No samples found: afterqc
[2019-11-19 14:52:34,924] multiqc                                            [DEBUG  ]  No samples found: fastp
[2019-11-19 14:52:34,932] multiqc.modules.fastqc.fastqc                      [INFO   ]  Found 1 reports
[2019-11-19 14:52:34,985] multiqc                                            [DEBUG  ]  No samples found: minionqc
[2019-11-19 14:52:34,989] multiqc                                            [DEBUG  ]  No samples found: clusterflow
[2019-11-19 14:52:34,993] multiqc                                            [DEBUG  ]  No samples found: bcl2fastq
[2019-11-19 14:52:34,998] multiqc                                            [DEBUG  ]  No samples found: interop
[2019-11-19 14:52:35,002] multiqc                                            [DEBUG  ]  No samples found: flash
[2019-11-19 14:52:35,005] multiqc                                            [INFO   ]  Compressing plot data
[2019-11-19 14:52:35,038] multiqc                                            [INFO   ]  Report      : ../../../../../../../data/multiqc_report.html
[2019-11-19 14:52:35,038] multiqc                                            [INFO   ]  Data        : ../../../../../../../data/multiqc_data
[2019-11-19 14:52:35,039] multiqc                                            [DEBUG  ]  Moving data file from '/tmp/tmppe4dlxh_/multiqc_data/multiqc_general_stats.txt' to '/data/multiqc_data'
[2019-11-19 14:52:35,039] multiqc                                            [DEBUG  ]  Moving data file from '/tmp/tmppe4dlxh_/multiqc_data/multiqc_fastqc.txt' to '/data/multiqc_data'
[2019-11-19 14:52:35,039] multiqc                                            [DEBUG  ]  Moving data file from '/tmp/tmppe4dlxh_/multiqc_data/multiqc_data.json' to '/data/multiqc_data'
[2019-11-19 14:52:35,040] multiqc                                            [DEBUG  ]  Moving data file from '/tmp/tmppe4dlxh_/multiqc_data/multiqc_sources.txt' to '/data/multiqc_data'
[2019-11-19 14:52:35,169] multiqc                                            [INFO   ]  MultiQC complete
