[2019-11-19 12:10:32,844] multiqc                                            [DEBUG  ]  No MultiQC config found: /usr/lib/python3.6/site-packages/multiqc-1.7-py3.6.egg/multiqc_config.yaml
[2019-11-19 12:10:32,844] multiqc                                            [DEBUG  ]  No MultiQC config found: /root/.multiqc_config.yaml
[2019-11-19 12:10:32,844] multiqc                                            [DEBUG  ]  No MultiQC config found: multiqc_config.yaml
[2019-11-19 12:10:32,844] multiqc                                            [DEBUG  ]  Command used: /usr/bin/multiqc /data/HG00149.mapped.ILLUMINA.bwa.GBR.low_coverage.20101123_fastqc.zip -o /data
[2019-11-19 12:10:34,893] multiqc                                            [DEBUG  ]  Latest MultiQC version is v1.7
[2019-11-19 12:10:34,894] multiqc                                            [INFO   ]  This is MultiQC v1.7
[2019-11-19 12:10:34,894] multiqc                                            [DEBUG  ]  Command     : /usr/bin/multiqc /data/HG00149.mapped.ILLUMINA.bwa.GBR.low_coverage.20101123_fastqc.zip -o /data
[2019-11-19 12:10:34,894] multiqc                                            [DEBUG  ]  Working dir : /var/lib/toil/toil-9b56b740-ccba-4b13-b998-c6aabca34938-69d14ae953f0400cbe6f0dc87a7486c9/tmppUG5Yj/f3469fc6-83ba-4b5a-8fa8-cd4730670714/tLzujhp
[2019-11-19 12:10:34,894] multiqc                                            [INFO   ]  Template    : default
[2019-11-19 12:10:34,894] multiqc                                            [INFO   ]  Searching '/data/HG00149.mapped.ILLUMINA.bwa.GBR.low_coverage.20101123_fastqc.zip'
[2019-11-19 12:10:34,894] multiqc                                            [DEBUG  ]  Analysing modules: custom_content, conpair, peddy, methylQA, phantompeakqualtools, qualimap, preseq, quast, qorts, rna_seqc, rsem, rseqc, busco, goleft_indexcov, disambiguate, supernova, deeptools, sargasso, verifybamid, mirtrace, happy, homer, macs2, theta2, snpeff, gatk, htseq, bcftools, featureCounts, dedup, damageprofiler, picard, prokka, samblaster, samtools, bamtools, jellyfish, vcftools, longranger, stacks, bbmap, bismark, biscuit, hicexplorer, hicup, hicpro, salmon, kallisto, slamdunk, star, hisat2, tophat, bowtie2, bowtie1, kat, leehom, adapterRemoval, clipandmerge, cutadapt, flexbar, trimmomatic, skewer, sortmerna, biobloomtools, fastq_screen, afterqc, fastp, fastqc, minionqc, clusterflow, bcl2fastq, interop, flash
[2019-11-19 12:10:34,895] multiqc                                            [DEBUG  ]  Using temporary directory for creating report: /tmp/tmpmhc0t7dc
[2019-11-19 12:10:35,631] multiqc                                            [DEBUG  ]  No samples found: custom_content
[2019-11-19 12:10:35,637] multiqc                                            [DEBUG  ]  No samples found: conpair
[2019-11-19 12:10:35,643] multiqc                                            [DEBUG  ]  No samples found: peddy
[2019-11-19 12:10:35,648] multiqc                                            [DEBUG  ]  No samples found: methylQA
[2019-11-19 12:10:35,652] multiqc                                            [DEBUG  ]  No samples found: phantompeakqualtools
[2019-11-19 12:10:35,659] multiqc                                            [DEBUG  ]  No samples found: qualimap
[2019-11-19 12:10:35,664] multiqc                                            [DEBUG  ]  No samples found: preseq
[2019-11-19 12:10:35,669] multiqc                                            [DEBUG  ]  No samples found: quast
[2019-11-19 12:10:35,674] multiqc                                            [DEBUG  ]  No samples found: qorts
[2019-11-19 12:10:35,679] multiqc                                            [DEBUG  ]  No samples found: rna_seqc
[2019-11-19 12:10:35,683] multiqc                                            [DEBUG  ]  No samples found: rsem
[2019-11-19 12:10:35,693] multiqc                                            [DEBUG  ]  No samples found: rseqc
[2019-11-19 12:10:35,698] multiqc                                            [DEBUG  ]  No samples found: busco
[2019-11-19 12:10:35,702] multiqc                                            [DEBUG  ]  No samples found: goleft_indexcov
[2019-11-19 12:10:35,706] multiqc                                            [DEBUG  ]  No samples found: disambiguate
[2019-11-19 12:10:35,710] multiqc                                            [DEBUG  ]  No samples found: supernova
[2019-11-19 12:10:35,719] multiqc                                            [DEBUG  ]  No samples found: deeptools
[2019-11-19 12:10:35,724] multiqc                                            [DEBUG  ]  No samples found: sargasso
[2019-11-19 12:10:35,728] multiqc                                            [DEBUG  ]  No samples found: verifybamid
[2019-11-19 12:10:35,732] multiqc                                            [DEBUG  ]  No samples found: mirtrace
[2019-11-19 12:10:35,737] multiqc                                            [DEBUG  ]  No samples found: happy
[2019-11-19 12:10:35,742] multiqc                                            [DEBUG  ]  No samples found: homer
[2019-11-19 12:10:35,746] multiqc                                            [DEBUG  ]  No samples found: macs2
[2019-11-19 12:10:35,750] multiqc                                            [DEBUG  ]  No samples found: theta2
[2019-11-19 12:10:35,754] multiqc                                            [DEBUG  ]  No samples found: snpeff
[2019-11-19 12:10:35,761] multiqc                                            [DEBUG  ]  No samples found: gatk
[2019-11-19 12:10:35,767] multiqc                                            [DEBUG  ]  No samples found: htseq
[2019-11-19 12:10:35,772] multiqc                                            [DEBUG  ]  No samples found: bcftools
[2019-11-19 12:10:35,776] multiqc                                            [DEBUG  ]  No samples found: featureCounts
[2019-11-19 12:10:35,780] multiqc                                            [DEBUG  ]  No samples found: dedup
[2019-11-19 12:10:35,784] multiqc                                            [DEBUG  ]  No samples found: damageprofiler
[2019-11-19 12:10:35,796] multiqc                                            [DEBUG  ]  No samples found: picard
[2019-11-19 12:10:35,801] multiqc                                            [DEBUG  ]  No samples found: prokka
[2019-11-19 12:10:35,805] multiqc                                            [DEBUG  ]  No samples found: samblaster
[2019-11-19 12:10:35,811] multiqc                                            [DEBUG  ]  No samples found: samtools
[2019-11-19 12:10:35,816] multiqc                                            [DEBUG  ]  No samples found: bamtools
[2019-11-19 12:10:35,820] multiqc                                            [DEBUG  ]  No samples found: jellyfish
[2019-11-19 12:10:35,826] multiqc                                            [DEBUG  ]  No samples found: vcftools
[2019-11-19 12:10:35,831] multiqc                                            [DEBUG  ]  No samples found: longranger
[2019-11-19 12:10:35,835] multiqc                                            [DEBUG  ]  No samples found: stacks
[2019-11-19 12:10:35,846] multiqc                                            [DEBUG  ]  No samples found: bbmap
[2019-11-19 12:10:35,850] multiqc                                            [DEBUG  ]  No samples found: bismark
[2019-11-19 12:10:35,856] multiqc                                            [DEBUG  ]  No samples found: biscuit
[2019-11-19 12:10:35,860] multiqc                                            [DEBUG  ]  No samples found: hicexplorer
[2019-11-19 12:10:35,864] multiqc                                            [DEBUG  ]  No samples found: hicup
[2019-11-19 12:10:35,869] multiqc                                            [DEBUG  ]  No samples found: hicpro
[2019-11-19 12:10:35,873] multiqc                                            [DEBUG  ]  No samples found: salmon
[2019-11-19 12:10:35,877] multiqc                                            [DEBUG  ]  No samples found: kallisto
[2019-11-19 12:10:35,882] multiqc                                            [DEBUG  ]  No samples found: slamdunk
[2019-11-19 12:10:35,886] multiqc                                            [DEBUG  ]  No samples found: star
[2019-11-19 12:10:35,890] multiqc                                            [DEBUG  ]  No samples found: hisat2
[2019-11-19 12:10:35,894] multiqc                                            [DEBUG  ]  No samples found: tophat
[2019-11-19 12:10:35,899] multiqc                                            [DEBUG  ]  No samples found: bowtie2
[2019-11-19 12:10:35,905] multiqc                                            [DEBUG  ]  No samples found: bowtie1
[2019-11-19 12:10:35,910] multiqc                                            [DEBUG  ]  No samples found: kat
[2019-11-19 12:10:35,914] multiqc                                            [DEBUG  ]  No samples found: leehom
[2019-11-19 12:10:35,918] multiqc                                            [DEBUG  ]  No samples found: adapterRemoval
[2019-11-19 12:10:35,922] multiqc                                            [DEBUG  ]  No samples found: clipandmerge
[2019-11-19 12:10:35,927] multiqc                                            [DEBUG  ]  No samples found: cutadapt
[2019-11-19 12:10:35,931] multiqc                                            [DEBUG  ]  No samples found: flexbar
[2019-11-19 12:10:35,935] multiqc                                            [DEBUG  ]  No samples found: trimmomatic
[2019-11-19 12:10:35,940] multiqc                                            [DEBUG  ]  No samples found: skewer
[2019-11-19 12:10:35,944] multiqc                                            [DEBUG  ]  No samples found: sortmerna
[2019-11-19 12:10:35,948] multiqc                                            [DEBUG  ]  No samples found: biobloomtools
[2019-11-19 12:10:35,952] multiqc                                            [DEBUG  ]  No samples found: fastq_screen
[2019-11-19 12:10:35,957] multiqc                                            [DEBUG  ]  No samples found: afterqc
[2019-11-19 12:10:35,961] multiqc                                            [DEBUG  ]  No samples found: fastp
[2019-11-19 12:10:35,971] multiqc.modules.fastqc.fastqc                      [INFO   ]  Found 1 reports
[2019-11-19 12:10:36,026] multiqc                                            [DEBUG  ]  No samples found: minionqc
[2019-11-19 12:10:36,031] multiqc                                            [DEBUG  ]  No samples found: clusterflow
[2019-11-19 12:10:36,036] multiqc                                            [DEBUG  ]  No samples found: bcl2fastq
[2019-11-19 12:10:36,044] multiqc                                            [DEBUG  ]  No samples found: interop
[2019-11-19 12:10:36,050] multiqc                                            [DEBUG  ]  No samples found: flash
[2019-11-19 12:10:36,053] multiqc                                            [INFO   ]  Compressing plot data
[2019-11-19 12:10:36,086] multiqc                                            [INFO   ]  Report      : ../../../../../../../data/multiqc_report.html
[2019-11-19 12:10:36,086] multiqc                                            [INFO   ]  Data        : ../../../../../../../data/multiqc_data
[2019-11-19 12:10:36,086] multiqc                                            [DEBUG  ]  Moving data file from '/tmp/tmpmhc0t7dc/multiqc_data/multiqc_general_stats.txt' to '/data/multiqc_data'
[2019-11-19 12:10:36,087] multiqc                                            [DEBUG  ]  Moving data file from '/tmp/tmpmhc0t7dc/multiqc_data/multiqc_fastqc.txt' to '/data/multiqc_data'
[2019-11-19 12:10:36,087] multiqc                                            [DEBUG  ]  Moving data file from '/tmp/tmpmhc0t7dc/multiqc_data/multiqc_data.json' to '/data/multiqc_data'
[2019-11-19 12:10:36,087] multiqc                                            [DEBUG  ]  Moving data file from '/tmp/tmpmhc0t7dc/multiqc_data/multiqc_sources.txt' to '/data/multiqc_data'
[2019-11-19 12:10:36,227] multiqc                                            [INFO   ]  MultiQC complete
