[2019-11-19 07:04:48,482] multiqc                                            [DEBUG  ]  No MultiQC config found: /usr/lib/python3.6/site-packages/multiqc-1.7-py3.6.egg/multiqc_config.yaml
[2019-11-19 07:04:48,483] multiqc                                            [DEBUG  ]  No MultiQC config found: /root/.multiqc_config.yaml
[2019-11-19 07:04:48,483] multiqc                                            [DEBUG  ]  No MultiQC config found: multiqc_config.yaml
[2019-11-19 07:04:48,483] multiqc                                            [DEBUG  ]  Command used: /usr/bin/multiqc /data/HG00110.unmapped.SOLID.bfast.GBR.low_coverage.20101123_fastqc.zip -o /data
[2019-11-19 07:04:50,268] multiqc                                            [DEBUG  ]  Latest MultiQC version is v1.7
[2019-11-19 07:04:50,268] multiqc                                            [INFO   ]  This is MultiQC v1.7
[2019-11-19 07:04:50,268] multiqc                                            [DEBUG  ]  Command     : /usr/bin/multiqc /data/HG00110.unmapped.SOLID.bfast.GBR.low_coverage.20101123_fastqc.zip -o /data
[2019-11-19 07:04:50,268] multiqc                                            [DEBUG  ]  Working dir : /var/lib/toil/toil-9b56b740-ccba-4b13-b998-c6aabca34938-69d14ae953f0400cbe6f0dc87a7486c9/tmpYZWTf9/43d4a536-8feb-44e0-a2d0-fa93e8b74ce7/tb6aRxw
[2019-11-19 07:04:50,268] multiqc                                            [INFO   ]  Template    : default
[2019-11-19 07:04:50,268] multiqc                                            [INFO   ]  Searching '/data/HG00110.unmapped.SOLID.bfast.GBR.low_coverage.20101123_fastqc.zip'
[2019-11-19 07:04:50,269] multiqc                                            [DEBUG  ]  Analysing modules: custom_content, conpair, peddy, methylQA, phantompeakqualtools, qualimap, preseq, quast, qorts, rna_seqc, rsem, rseqc, busco, goleft_indexcov, disambiguate, supernova, deeptools, sargasso, verifybamid, mirtrace, happy, homer, macs2, theta2, snpeff, gatk, htseq, bcftools, featureCounts, dedup, damageprofiler, picard, prokka, samblaster, samtools, bamtools, jellyfish, vcftools, longranger, stacks, bbmap, bismark, biscuit, hicexplorer, hicup, hicpro, salmon, kallisto, slamdunk, star, hisat2, tophat, bowtie2, bowtie1, kat, leehom, adapterRemoval, clipandmerge, cutadapt, flexbar, trimmomatic, skewer, sortmerna, biobloomtools, fastq_screen, afterqc, fastp, fastqc, minionqc, clusterflow, bcl2fastq, interop, flash
[2019-11-19 07:04:50,269] multiqc                                            [DEBUG  ]  Using temporary directory for creating report: /tmp/tmp4_ve4b3s
[2019-11-19 07:04:50,970] multiqc                                            [DEBUG  ]  No samples found: custom_content
[2019-11-19 07:04:50,975] multiqc                                            [DEBUG  ]  No samples found: conpair
[2019-11-19 07:04:50,980] multiqc                                            [DEBUG  ]  No samples found: peddy
[2019-11-19 07:04:50,984] multiqc                                            [DEBUG  ]  No samples found: methylQA
[2019-11-19 07:04:50,988] multiqc                                            [DEBUG  ]  No samples found: phantompeakqualtools
[2019-11-19 07:04:50,993] multiqc                                            [DEBUG  ]  No samples found: qualimap
[2019-11-19 07:04:50,998] multiqc                                            [DEBUG  ]  No samples found: preseq
[2019-11-19 07:04:51,002] multiqc                                            [DEBUG  ]  No samples found: quast
[2019-11-19 07:04:51,006] multiqc                                            [DEBUG  ]  No samples found: qorts
[2019-11-19 07:04:51,011] multiqc                                            [DEBUG  ]  No samples found: rna_seqc
[2019-11-19 07:04:51,015] multiqc                                            [DEBUG  ]  No samples found: rsem
[2019-11-19 07:04:51,024] multiqc                                            [DEBUG  ]  No samples found: rseqc
[2019-11-19 07:04:51,029] multiqc                                            [DEBUG  ]  No samples found: busco
[2019-11-19 07:04:51,033] multiqc                                            [DEBUG  ]  No samples found: goleft_indexcov
[2019-11-19 07:04:51,037] multiqc                                            [DEBUG  ]  No samples found: disambiguate
[2019-11-19 07:04:51,042] multiqc                                            [DEBUG  ]  No samples found: supernova
[2019-11-19 07:04:51,051] multiqc                                            [DEBUG  ]  No samples found: deeptools
[2019-11-19 07:04:51,055] multiqc                                            [DEBUG  ]  No samples found: sargasso
[2019-11-19 07:04:51,060] multiqc                                            [DEBUG  ]  No samples found: verifybamid
[2019-11-19 07:04:51,064] multiqc                                            [DEBUG  ]  No samples found: mirtrace
[2019-11-19 07:04:51,068] multiqc                                            [DEBUG  ]  No samples found: happy
[2019-11-19 07:04:51,074] multiqc                                            [DEBUG  ]  No samples found: homer
[2019-11-19 07:04:51,078] multiqc                                            [DEBUG  ]  No samples found: macs2
[2019-11-19 07:04:51,082] multiqc                                            [DEBUG  ]  No samples found: theta2
[2019-11-19 07:04:51,086] multiqc                                            [DEBUG  ]  No samples found: snpeff
[2019-11-19 07:04:51,093] multiqc                                            [DEBUG  ]  No samples found: gatk
[2019-11-19 07:04:51,097] multiqc                                            [DEBUG  ]  No samples found: htseq
[2019-11-19 07:04:51,102] multiqc                                            [DEBUG  ]  No samples found: bcftools
[2019-11-19 07:04:51,106] multiqc                                            [DEBUG  ]  No samples found: featureCounts
[2019-11-19 07:04:51,111] multiqc                                            [DEBUG  ]  No samples found: dedup
[2019-11-19 07:04:51,115] multiqc                                            [DEBUG  ]  No samples found: damageprofiler
[2019-11-19 07:04:51,126] multiqc                                            [DEBUG  ]  No samples found: picard
[2019-11-19 07:04:51,131] multiqc                                            [DEBUG  ]  No samples found: prokka
[2019-11-19 07:04:51,135] multiqc                                            [DEBUG  ]  No samples found: samblaster
[2019-11-19 07:04:51,141] multiqc                                            [DEBUG  ]  No samples found: samtools
[2019-11-19 07:04:51,146] multiqc                                            [DEBUG  ]  No samples found: bamtools
[2019-11-19 07:04:51,150] multiqc                                            [DEBUG  ]  No samples found: jellyfish
[2019-11-19 07:04:51,156] multiqc                                            [DEBUG  ]  No samples found: vcftools
[2019-11-19 07:04:51,160] multiqc                                            [DEBUG  ]  No samples found: longranger
[2019-11-19 07:04:51,165] multiqc                                            [DEBUG  ]  No samples found: stacks
[2019-11-19 07:04:51,175] multiqc                                            [DEBUG  ]  No samples found: bbmap
[2019-11-19 07:04:51,179] multiqc                                            [DEBUG  ]  No samples found: bismark
[2019-11-19 07:04:51,185] multiqc                                            [DEBUG  ]  No samples found: biscuit
[2019-11-19 07:04:51,189] multiqc                                            [DEBUG  ]  No samples found: hicexplorer
[2019-11-19 07:04:51,193] multiqc                                            [DEBUG  ]  No samples found: hicup
[2019-11-19 07:04:51,197] multiqc                                            [DEBUG  ]  No samples found: hicpro
[2019-11-19 07:04:51,201] multiqc                                            [DEBUG  ]  No samples found: salmon
[2019-11-19 07:04:51,206] multiqc                                            [DEBUG  ]  No samples found: kallisto
[2019-11-19 07:04:51,210] multiqc                                            [DEBUG  ]  No samples found: slamdunk
[2019-11-19 07:04:51,214] multiqc                                            [DEBUG  ]  No samples found: star
[2019-11-19 07:04:51,219] multiqc                                            [DEBUG  ]  No samples found: hisat2
[2019-11-19 07:04:51,223] multiqc                                            [DEBUG  ]  No samples found: tophat
[2019-11-19 07:04:51,227] multiqc                                            [DEBUG  ]  No samples found: bowtie2
[2019-11-19 07:04:51,232] multiqc                                            [DEBUG  ]  No samples found: bowtie1
[2019-11-19 07:04:51,236] multiqc                                            [DEBUG  ]  No samples found: kat
[2019-11-19 07:04:51,240] multiqc                                            [DEBUG  ]  No samples found: leehom
[2019-11-19 07:04:51,244] multiqc                                            [DEBUG  ]  No samples found: adapterRemoval
[2019-11-19 07:04:51,249] multiqc                                            [DEBUG  ]  No samples found: clipandmerge
[2019-11-19 07:04:51,253] multiqc                                            [DEBUG  ]  No samples found: cutadapt
[2019-11-19 07:04:51,257] multiqc                                            [DEBUG  ]  No samples found: flexbar
[2019-11-19 07:04:51,261] multiqc                                            [DEBUG  ]  No samples found: trimmomatic
[2019-11-19 07:04:51,265] multiqc                                            [DEBUG  ]  No samples found: skewer
[2019-11-19 07:04:51,270] multiqc                                            [DEBUG  ]  No samples found: sortmerna
[2019-11-19 07:04:51,274] multiqc                                            [DEBUG  ]  No samples found: biobloomtools
[2019-11-19 07:04:51,278] multiqc                                            [DEBUG  ]  No samples found: fastq_screen
[2019-11-19 07:04:51,282] multiqc                                            [DEBUG  ]  No samples found: afterqc
[2019-11-19 07:04:51,286] multiqc                                            [DEBUG  ]  No samples found: fastp
[2019-11-19 07:04:51,294] multiqc.modules.fastqc.fastqc                      [INFO   ]  Found 1 reports
[2019-11-19 07:04:51,338] multiqc                                            [DEBUG  ]  No samples found: minionqc
[2019-11-19 07:04:51,343] multiqc                                            [DEBUG  ]  No samples found: clusterflow
[2019-11-19 07:04:51,348] multiqc                                            [DEBUG  ]  No samples found: bcl2fastq
[2019-11-19 07:04:51,352] multiqc                                            [DEBUG  ]  No samples found: interop
[2019-11-19 07:04:51,357] multiqc                                            [DEBUG  ]  No samples found: flash
[2019-11-19 07:04:51,360] multiqc                                            [INFO   ]  Compressing plot data
[2019-11-19 07:04:51,388] multiqc                                            [INFO   ]  Report      : ../../../../../../../data/multiqc_report.html
[2019-11-19 07:04:51,388] multiqc                                            [INFO   ]  Data        : ../../../../../../../data/multiqc_data
[2019-11-19 07:04:51,388] multiqc                                            [DEBUG  ]  Moving data file from '/tmp/tmp4_ve4b3s/multiqc_data/multiqc_general_stats.txt' to '/data/multiqc_data'
[2019-11-19 07:04:51,389] multiqc                                            [DEBUG  ]  Moving data file from '/tmp/tmp4_ve4b3s/multiqc_data/multiqc_fastqc.txt' to '/data/multiqc_data'
[2019-11-19 07:04:51,389] multiqc                                            [DEBUG  ]  Moving data file from '/tmp/tmp4_ve4b3s/multiqc_data/multiqc_data.json' to '/data/multiqc_data'
[2019-11-19 07:04:51,389] multiqc                                            [DEBUG  ]  Moving data file from '/tmp/tmp4_ve4b3s/multiqc_data/multiqc_sources.txt' to '/data/multiqc_data'
[2019-11-19 07:04:51,524] multiqc                                            [INFO   ]  MultiQC complete
