[2019-11-19 14:53:46,838] multiqc                                            [DEBUG  ]  No MultiQC config found: /usr/lib/python3.6/site-packages/multiqc-1.7-py3.6.egg/multiqc_config.yaml
[2019-11-19 14:53:46,838] multiqc                                            [DEBUG  ]  No MultiQC config found: /root/.multiqc_config.yaml
[2019-11-19 14:53:46,838] multiqc                                            [DEBUG  ]  No MultiQC config found: multiqc_config.yaml
[2019-11-19 14:53:46,838] multiqc                                            [DEBUG  ]  Command used: /usr/bin/multiqc /data/HG00235.unmapped.SOLID.bfast.GBR.low_coverage.20101123_fastqc.zip -o /data
[2019-11-19 14:53:48,498] multiqc                                            [DEBUG  ]  Latest MultiQC version is v1.7
[2019-11-19 14:53:48,498] multiqc                                            [INFO   ]  This is MultiQC v1.7
[2019-11-19 14:53:48,498] multiqc                                            [DEBUG  ]  Command     : /usr/bin/multiqc /data/HG00235.unmapped.SOLID.bfast.GBR.low_coverage.20101123_fastqc.zip -o /data
[2019-11-19 14:53:48,498] multiqc                                            [DEBUG  ]  Working dir : /var/lib/toil/toil-9b56b740-ccba-4b13-b998-c6aabca34938-69d14ae953f0400cbe6f0dc87a7486c9/tmpE7E9gE/18288e6b-1ea9-4255-bb63-917d7a3f468c/tMwyMDX
[2019-11-19 14:53:48,498] multiqc                                            [INFO   ]  Template    : default
[2019-11-19 14:53:48,499] multiqc                                            [INFO   ]  Searching '/data/HG00235.unmapped.SOLID.bfast.GBR.low_coverage.20101123_fastqc.zip'
[2019-11-19 14:53:48,499] multiqc                                            [DEBUG  ]  Analysing modules: custom_content, conpair, peddy, methylQA, phantompeakqualtools, qualimap, preseq, quast, qorts, rna_seqc, rsem, rseqc, busco, goleft_indexcov, disambiguate, supernova, deeptools, sargasso, verifybamid, mirtrace, happy, homer, macs2, theta2, snpeff, gatk, htseq, bcftools, featureCounts, dedup, damageprofiler, picard, prokka, samblaster, samtools, bamtools, jellyfish, vcftools, longranger, stacks, bbmap, bismark, biscuit, hicexplorer, hicup, hicpro, salmon, kallisto, slamdunk, star, hisat2, tophat, bowtie2, bowtie1, kat, leehom, adapterRemoval, clipandmerge, cutadapt, flexbar, trimmomatic, skewer, sortmerna, biobloomtools, fastq_screen, afterqc, fastp, fastqc, minionqc, clusterflow, bcl2fastq, interop, flash
[2019-11-19 14:53:48,499] multiqc                                            [DEBUG  ]  Using temporary directory for creating report: /tmp/tmprj08qe0i
[2019-11-19 14:53:49,099] multiqc                                            [DEBUG  ]  No samples found: custom_content
[2019-11-19 14:53:49,102] multiqc                                            [DEBUG  ]  No samples found: conpair
[2019-11-19 14:53:49,106] multiqc                                            [DEBUG  ]  No samples found: peddy
[2019-11-19 14:53:49,110] multiqc                                            [DEBUG  ]  No samples found: methylQA
[2019-11-19 14:53:49,113] multiqc                                            [DEBUG  ]  No samples found: phantompeakqualtools
[2019-11-19 14:53:49,118] multiqc                                            [DEBUG  ]  No samples found: qualimap
[2019-11-19 14:53:49,122] multiqc                                            [DEBUG  ]  No samples found: preseq
[2019-11-19 14:53:49,125] multiqc                                            [DEBUG  ]  No samples found: quast
[2019-11-19 14:53:49,129] multiqc                                            [DEBUG  ]  No samples found: qorts
[2019-11-19 14:53:49,133] multiqc                                            [DEBUG  ]  No samples found: rna_seqc
[2019-11-19 14:53:49,136] multiqc                                            [DEBUG  ]  No samples found: rsem
[2019-11-19 14:53:49,143] multiqc                                            [DEBUG  ]  No samples found: rseqc
[2019-11-19 14:53:49,147] multiqc                                            [DEBUG  ]  No samples found: busco
[2019-11-19 14:53:49,151] multiqc                                            [DEBUG  ]  No samples found: goleft_indexcov
[2019-11-19 14:53:49,154] multiqc                                            [DEBUG  ]  No samples found: disambiguate
[2019-11-19 14:53:49,158] multiqc                                            [DEBUG  ]  No samples found: supernova
[2019-11-19 14:53:49,165] multiqc                                            [DEBUG  ]  No samples found: deeptools
[2019-11-19 14:53:49,169] multiqc                                            [DEBUG  ]  No samples found: sargasso
[2019-11-19 14:53:49,173] multiqc                                            [DEBUG  ]  No samples found: verifybamid
[2019-11-19 14:53:49,178] multiqc                                            [DEBUG  ]  No samples found: mirtrace
[2019-11-19 14:53:49,182] multiqc                                            [DEBUG  ]  No samples found: happy
[2019-11-19 14:53:49,186] multiqc                                            [DEBUG  ]  No samples found: homer
[2019-11-19 14:53:49,190] multiqc                                            [DEBUG  ]  No samples found: macs2
[2019-11-19 14:53:49,194] multiqc                                            [DEBUG  ]  No samples found: theta2
[2019-11-19 14:53:49,197] multiqc                                            [DEBUG  ]  No samples found: snpeff
[2019-11-19 14:53:49,202] multiqc                                            [DEBUG  ]  No samples found: gatk
[2019-11-19 14:53:49,206] multiqc                                            [DEBUG  ]  No samples found: htseq
[2019-11-19 14:53:49,210] multiqc                                            [DEBUG  ]  No samples found: bcftools
[2019-11-19 14:53:49,213] multiqc                                            [DEBUG  ]  No samples found: featureCounts
[2019-11-19 14:53:49,217] multiqc                                            [DEBUG  ]  No samples found: dedup
[2019-11-19 14:53:49,221] multiqc                                            [DEBUG  ]  No samples found: damageprofiler
[2019-11-19 14:53:49,230] multiqc                                            [DEBUG  ]  No samples found: picard
[2019-11-19 14:53:49,233] multiqc                                            [DEBUG  ]  No samples found: prokka
[2019-11-19 14:53:49,237] multiqc                                            [DEBUG  ]  No samples found: samblaster
[2019-11-19 14:53:49,242] multiqc                                            [DEBUG  ]  No samples found: samtools
[2019-11-19 14:53:49,246] multiqc                                            [DEBUG  ]  No samples found: bamtools
[2019-11-19 14:53:49,250] multiqc                                            [DEBUG  ]  No samples found: jellyfish
[2019-11-19 14:53:49,255] multiqc                                            [DEBUG  ]  No samples found: vcftools
[2019-11-19 14:53:49,259] multiqc                                            [DEBUG  ]  No samples found: longranger
[2019-11-19 14:53:49,262] multiqc                                            [DEBUG  ]  No samples found: stacks
[2019-11-19 14:53:49,270] multiqc                                            [DEBUG  ]  No samples found: bbmap
[2019-11-19 14:53:49,274] multiqc                                            [DEBUG  ]  No samples found: bismark
[2019-11-19 14:53:49,279] multiqc                                            [DEBUG  ]  No samples found: biscuit
[2019-11-19 14:53:49,282] multiqc                                            [DEBUG  ]  No samples found: hicexplorer
[2019-11-19 14:53:49,286] multiqc                                            [DEBUG  ]  No samples found: hicup
[2019-11-19 14:53:49,290] multiqc                                            [DEBUG  ]  No samples found: hicpro
[2019-11-19 14:53:49,293] multiqc                                            [DEBUG  ]  No samples found: salmon
[2019-11-19 14:53:49,297] multiqc                                            [DEBUG  ]  No samples found: kallisto
[2019-11-19 14:53:49,301] multiqc                                            [DEBUG  ]  No samples found: slamdunk
[2019-11-19 14:53:49,304] multiqc                                            [DEBUG  ]  No samples found: star
[2019-11-19 14:53:49,308] multiqc                                            [DEBUG  ]  No samples found: hisat2
[2019-11-19 14:53:49,313] multiqc                                            [DEBUG  ]  No samples found: tophat
[2019-11-19 14:53:49,317] multiqc                                            [DEBUG  ]  No samples found: bowtie2
[2019-11-19 14:53:49,321] multiqc                                            [DEBUG  ]  No samples found: bowtie1
[2019-11-19 14:53:49,324] multiqc                                            [DEBUG  ]  No samples found: kat
[2019-11-19 14:53:49,328] multiqc                                            [DEBUG  ]  No samples found: leehom
[2019-11-19 14:53:49,332] multiqc                                            [DEBUG  ]  No samples found: adapterRemoval
[2019-11-19 14:53:49,335] multiqc                                            [DEBUG  ]  No samples found: clipandmerge
[2019-11-19 14:53:49,339] multiqc                                            [DEBUG  ]  No samples found: cutadapt
[2019-11-19 14:53:49,342] multiqc                                            [DEBUG  ]  No samples found: flexbar
[2019-11-19 14:53:49,346] multiqc                                            [DEBUG  ]  No samples found: trimmomatic
[2019-11-19 14:53:49,349] multiqc                                            [DEBUG  ]  No samples found: skewer
[2019-11-19 14:53:49,353] multiqc                                            [DEBUG  ]  No samples found: sortmerna
[2019-11-19 14:53:49,357] multiqc                                            [DEBUG  ]  No samples found: biobloomtools
[2019-11-19 14:53:49,360] multiqc                                            [DEBUG  ]  No samples found: fastq_screen
[2019-11-19 14:53:49,364] multiqc                                            [DEBUG  ]  No samples found: afterqc
[2019-11-19 14:53:49,367] multiqc                                            [DEBUG  ]  No samples found: fastp
[2019-11-19 14:53:49,377] multiqc.modules.fastqc.fastqc                      [INFO   ]  Found 1 reports
[2019-11-19 14:53:49,425] multiqc                                            [DEBUG  ]  No samples found: minionqc
[2019-11-19 14:53:49,429] multiqc                                            [DEBUG  ]  No samples found: clusterflow
[2019-11-19 14:53:49,433] multiqc                                            [DEBUG  ]  No samples found: bcl2fastq
[2019-11-19 14:53:49,436] multiqc                                            [DEBUG  ]  No samples found: interop
[2019-11-19 14:53:49,440] multiqc                                            [DEBUG  ]  No samples found: flash
[2019-11-19 14:53:49,442] multiqc                                            [INFO   ]  Compressing plot data
[2019-11-19 14:53:49,470] multiqc                                            [INFO   ]  Report      : ../../../../../../../data/multiqc_report.html
[2019-11-19 14:53:49,471] multiqc                                            [INFO   ]  Data        : ../../../../../../../data/multiqc_data
[2019-11-19 14:53:49,471] multiqc                                            [DEBUG  ]  Moving data file from '/tmp/tmprj08qe0i/multiqc_data/multiqc_general_stats.txt' to '/data/multiqc_data'
[2019-11-19 14:53:49,471] multiqc                                            [DEBUG  ]  Moving data file from '/tmp/tmprj08qe0i/multiqc_data/multiqc_fastqc.txt' to '/data/multiqc_data'
[2019-11-19 14:53:49,471] multiqc                                            [DEBUG  ]  Moving data file from '/tmp/tmprj08qe0i/multiqc_data/multiqc_data.json' to '/data/multiqc_data'
[2019-11-19 14:53:49,472] multiqc                                            [DEBUG  ]  Moving data file from '/tmp/tmprj08qe0i/multiqc_data/multiqc_sources.txt' to '/data/multiqc_data'
[2019-11-19 14:53:49,593] multiqc                                            [INFO   ]  MultiQC complete
