[2019-11-19 14:48:58,329] multiqc                                            [DEBUG  ]  No MultiQC config found: /usr/lib/python3.6/site-packages/multiqc-1.7-py3.6.egg/multiqc_config.yaml
[2019-11-19 14:48:58,329] multiqc                                            [DEBUG  ]  No MultiQC config found: /root/.multiqc_config.yaml
[2019-11-19 14:48:58,329] multiqc                                            [DEBUG  ]  No MultiQC config found: multiqc_config.yaml
[2019-11-19 14:48:58,329] multiqc                                            [DEBUG  ]  Command used: /usr/bin/multiqc /data/HG00231.mapped.ILLUMINA.bwa.GBR.low_coverage.20101123_fastqc.zip -o /data
[2019-11-19 14:49:00,431] multiqc                                            [DEBUG  ]  Latest MultiQC version is v1.7
[2019-11-19 14:49:00,431] multiqc                                            [INFO   ]  This is MultiQC v1.7
[2019-11-19 14:49:00,432] multiqc                                            [DEBUG  ]  Command     : /usr/bin/multiqc /data/HG00231.mapped.ILLUMINA.bwa.GBR.low_coverage.20101123_fastqc.zip -o /data
[2019-11-19 14:49:00,432] multiqc                                            [DEBUG  ]  Working dir : /var/lib/toil/toil-9b56b740-ccba-4b13-b998-c6aabca34938-69d14ae953f0400cbe6f0dc87a7486c9/tmptvZTle/514673c8-50e2-4f6b-bb8d-d19621bfacce/tThiNYY
[2019-11-19 14:49:00,432] multiqc                                            [INFO   ]  Template    : default
[2019-11-19 14:49:00,432] multiqc                                            [INFO   ]  Searching '/data/HG00231.mapped.ILLUMINA.bwa.GBR.low_coverage.20101123_fastqc.zip'
[2019-11-19 14:49:00,432] multiqc                                            [DEBUG  ]  Analysing modules: custom_content, conpair, peddy, methylQA, phantompeakqualtools, qualimap, preseq, quast, qorts, rna_seqc, rsem, rseqc, busco, goleft_indexcov, disambiguate, supernova, deeptools, sargasso, verifybamid, mirtrace, happy, homer, macs2, theta2, snpeff, gatk, htseq, bcftools, featureCounts, dedup, damageprofiler, picard, prokka, samblaster, samtools, bamtools, jellyfish, vcftools, longranger, stacks, bbmap, bismark, biscuit, hicexplorer, hicup, hicpro, salmon, kallisto, slamdunk, star, hisat2, tophat, bowtie2, bowtie1, kat, leehom, adapterRemoval, clipandmerge, cutadapt, flexbar, trimmomatic, skewer, sortmerna, biobloomtools, fastq_screen, afterqc, fastp, fastqc, minionqc, clusterflow, bcl2fastq, interop, flash
[2019-11-19 14:49:00,433] multiqc                                            [DEBUG  ]  Using temporary directory for creating report: /tmp/tmpga3gxb1q
[2019-11-19 14:49:01,441] multiqc                                            [DEBUG  ]  No samples found: custom_content
[2019-11-19 14:49:01,448] multiqc                                            [DEBUG  ]  No samples found: conpair
[2019-11-19 14:49:01,454] multiqc                                            [DEBUG  ]  No samples found: peddy
[2019-11-19 14:49:01,460] multiqc                                            [DEBUG  ]  No samples found: methylQA
[2019-11-19 14:49:01,467] multiqc                                            [DEBUG  ]  No samples found: phantompeakqualtools
[2019-11-19 14:49:01,474] multiqc                                            [DEBUG  ]  No samples found: qualimap
[2019-11-19 14:49:01,481] multiqc                                            [DEBUG  ]  No samples found: preseq
[2019-11-19 14:49:01,487] multiqc                                            [DEBUG  ]  No samples found: quast
[2019-11-19 14:49:01,493] multiqc                                            [DEBUG  ]  No samples found: qorts
[2019-11-19 14:49:01,500] multiqc                                            [DEBUG  ]  No samples found: rna_seqc
[2019-11-19 14:49:01,506] multiqc                                            [DEBUG  ]  No samples found: rsem
[2019-11-19 14:49:01,518] multiqc                                            [DEBUG  ]  No samples found: rseqc
[2019-11-19 14:49:01,524] multiqc                                            [DEBUG  ]  No samples found: busco
[2019-11-19 14:49:01,530] multiqc                                            [DEBUG  ]  No samples found: goleft_indexcov
[2019-11-19 14:49:01,536] multiqc                                            [DEBUG  ]  No samples found: disambiguate
[2019-11-19 14:49:01,543] multiqc                                            [DEBUG  ]  No samples found: supernova
[2019-11-19 14:49:01,556] multiqc                                            [DEBUG  ]  No samples found: deeptools
[2019-11-19 14:49:01,562] multiqc                                            [DEBUG  ]  No samples found: sargasso
[2019-11-19 14:49:01,568] multiqc                                            [DEBUG  ]  No samples found: verifybamid
[2019-11-19 14:49:01,574] multiqc                                            [DEBUG  ]  No samples found: mirtrace
[2019-11-19 14:49:01,580] multiqc                                            [DEBUG  ]  No samples found: happy
[2019-11-19 14:49:01,588] multiqc                                            [DEBUG  ]  No samples found: homer
[2019-11-19 14:49:01,594] multiqc                                            [DEBUG  ]  No samples found: macs2
[2019-11-19 14:49:01,600] multiqc                                            [DEBUG  ]  No samples found: theta2
[2019-11-19 14:49:01,607] multiqc                                            [DEBUG  ]  No samples found: snpeff
[2019-11-19 14:49:01,615] multiqc                                            [DEBUG  ]  No samples found: gatk
[2019-11-19 14:49:01,621] multiqc                                            [DEBUG  ]  No samples found: htseq
[2019-11-19 14:49:01,628] multiqc                                            [DEBUG  ]  No samples found: bcftools
[2019-11-19 14:49:01,634] multiqc                                            [DEBUG  ]  No samples found: featureCounts
[2019-11-19 14:49:01,640] multiqc                                            [DEBUG  ]  No samples found: dedup
[2019-11-19 14:49:01,647] multiqc                                            [DEBUG  ]  No samples found: damageprofiler
[2019-11-19 14:49:01,663] multiqc                                            [DEBUG  ]  No samples found: picard
[2019-11-19 14:49:01,669] multiqc                                            [DEBUG  ]  No samples found: prokka
[2019-11-19 14:49:01,675] multiqc                                            [DEBUG  ]  No samples found: samblaster
[2019-11-19 14:49:01,684] multiqc                                            [DEBUG  ]  No samples found: samtools
[2019-11-19 14:49:01,691] multiqc                                            [DEBUG  ]  No samples found: bamtools
[2019-11-19 14:49:01,697] multiqc                                            [DEBUG  ]  No samples found: jellyfish
[2019-11-19 14:49:01,706] multiqc                                            [DEBUG  ]  No samples found: vcftools
[2019-11-19 14:49:01,712] multiqc                                            [DEBUG  ]  No samples found: longranger
[2019-11-19 14:49:01,719] multiqc                                            [DEBUG  ]  No samples found: stacks
[2019-11-19 14:49:01,733] multiqc                                            [DEBUG  ]  No samples found: bbmap
[2019-11-19 14:49:01,739] multiqc                                            [DEBUG  ]  No samples found: bismark
[2019-11-19 14:49:01,747] multiqc                                            [DEBUG  ]  No samples found: biscuit
[2019-11-19 14:49:01,753] multiqc                                            [DEBUG  ]  No samples found: hicexplorer
[2019-11-19 14:49:01,760] multiqc                                            [DEBUG  ]  No samples found: hicup
[2019-11-19 14:49:01,766] multiqc                                            [DEBUG  ]  No samples found: hicpro
[2019-11-19 14:49:01,772] multiqc                                            [DEBUG  ]  No samples found: salmon
[2019-11-19 14:49:01,778] multiqc                                            [DEBUG  ]  No samples found: kallisto
[2019-11-19 14:49:01,785] multiqc                                            [DEBUG  ]  No samples found: slamdunk
[2019-11-19 14:49:01,791] multiqc                                            [DEBUG  ]  No samples found: star
[2019-11-19 14:49:01,798] multiqc                                            [DEBUG  ]  No samples found: hisat2
[2019-11-19 14:49:01,804] multiqc                                            [DEBUG  ]  No samples found: tophat
[2019-11-19 14:49:01,810] multiqc                                            [DEBUG  ]  No samples found: bowtie2
[2019-11-19 14:49:01,816] multiqc                                            [DEBUG  ]  No samples found: bowtie1
[2019-11-19 14:49:01,823] multiqc                                            [DEBUG  ]  No samples found: kat
[2019-11-19 14:49:01,829] multiqc                                            [DEBUG  ]  No samples found: leehom
[2019-11-19 14:49:01,835] multiqc                                            [DEBUG  ]  No samples found: adapterRemoval
[2019-11-19 14:49:01,841] multiqc                                            [DEBUG  ]  No samples found: clipandmerge
[2019-11-19 14:49:01,847] multiqc                                            [DEBUG  ]  No samples found: cutadapt
[2019-11-19 14:49:01,853] multiqc                                            [DEBUG  ]  No samples found: flexbar
[2019-11-19 14:49:01,860] multiqc                                            [DEBUG  ]  No samples found: trimmomatic
[2019-11-19 14:49:01,866] multiqc                                            [DEBUG  ]  No samples found: skewer
[2019-11-19 14:49:01,872] multiqc                                            [DEBUG  ]  No samples found: sortmerna
[2019-11-19 14:49:01,878] multiqc                                            [DEBUG  ]  No samples found: biobloomtools
[2019-11-19 14:49:01,885] multiqc                                            [DEBUG  ]  No samples found: fastq_screen
[2019-11-19 14:49:01,891] multiqc                                            [DEBUG  ]  No samples found: afterqc
[2019-11-19 14:49:01,897] multiqc                                            [DEBUG  ]  No samples found: fastp
[2019-11-19 14:49:01,909] multiqc.modules.fastqc.fastqc                      [INFO   ]  Found 1 reports
[2019-11-19 14:49:01,999] multiqc                                            [DEBUG  ]  No samples found: minionqc
[2019-11-19 14:49:02,005] multiqc                                            [DEBUG  ]  No samples found: clusterflow
[2019-11-19 14:49:02,011] multiqc                                            [DEBUG  ]  No samples found: bcl2fastq
[2019-11-19 14:49:02,018] multiqc                                            [DEBUG  ]  No samples found: interop
[2019-11-19 14:49:02,025] multiqc                                            [DEBUG  ]  No samples found: flash
[2019-11-19 14:49:02,029] multiqc                                            [INFO   ]  Compressing plot data
[2019-11-19 14:49:02,078] multiqc                                            [INFO   ]  Report      : ../../../../../../../data/multiqc_report.html
[2019-11-19 14:49:02,078] multiqc                                            [INFO   ]  Data        : ../../../../../../../data/multiqc_data
[2019-11-19 14:49:02,079] multiqc                                            [DEBUG  ]  Moving data file from '/tmp/tmpga3gxb1q/multiqc_data/multiqc_general_stats.txt' to '/data/multiqc_data'
[2019-11-19 14:49:02,079] multiqc                                            [DEBUG  ]  Moving data file from '/tmp/tmpga3gxb1q/multiqc_data/multiqc_fastqc.txt' to '/data/multiqc_data'
[2019-11-19 14:49:02,080] multiqc                                            [DEBUG  ]  Moving data file from '/tmp/tmpga3gxb1q/multiqc_data/multiqc_data.json' to '/data/multiqc_data'
[2019-11-19 14:49:02,080] multiqc                                            [DEBUG  ]  Moving data file from '/tmp/tmpga3gxb1q/multiqc_data/multiqc_sources.txt' to '/data/multiqc_data'
[2019-11-19 14:49:02,283] multiqc                                            [INFO   ]  MultiQC complete
