[2019-11-19 12:13:40,886] multiqc                                            [DEBUG  ]  No MultiQC config found: /usr/lib/python3.6/site-packages/multiqc-1.7-py3.6.egg/multiqc_config.yaml
[2019-11-19 12:13:40,886] multiqc                                            [DEBUG  ]  No MultiQC config found: /root/.multiqc_config.yaml
[2019-11-19 12:13:40,886] multiqc                                            [DEBUG  ]  No MultiQC config found: multiqc_config.yaml
[2019-11-19 12:13:40,886] multiqc                                            [DEBUG  ]  Command used: /usr/bin/multiqc /data/HG00158.unmapped.ILLUMINA.bwa.GBR.low_coverage.20101123_fastqc.zip -o /data
[2019-11-19 12:13:42,669] multiqc                                            [DEBUG  ]  Latest MultiQC version is v1.7
[2019-11-19 12:13:42,669] multiqc                                            [INFO   ]  This is MultiQC v1.7
[2019-11-19 12:13:42,670] multiqc                                            [DEBUG  ]  Command     : /usr/bin/multiqc /data/HG00158.unmapped.ILLUMINA.bwa.GBR.low_coverage.20101123_fastqc.zip -o /data
[2019-11-19 12:13:42,670] multiqc                                            [DEBUG  ]  Working dir : /var/lib/toil/toil-9b56b740-ccba-4b13-b998-c6aabca34938-69d14ae953f0400cbe6f0dc87a7486c9/tmpy3PaRV/8576f41c-e414-4992-89be-0de42f9fbc64/tX0hpTW
[2019-11-19 12:13:42,670] multiqc                                            [INFO   ]  Template    : default
[2019-11-19 12:13:42,670] multiqc                                            [INFO   ]  Searching '/data/HG00158.unmapped.ILLUMINA.bwa.GBR.low_coverage.20101123_fastqc.zip'
[2019-11-19 12:13:42,670] multiqc                                            [DEBUG  ]  Analysing modules: custom_content, conpair, peddy, methylQA, phantompeakqualtools, qualimap, preseq, quast, qorts, rna_seqc, rsem, rseqc, busco, goleft_indexcov, disambiguate, supernova, deeptools, sargasso, verifybamid, mirtrace, happy, homer, macs2, theta2, snpeff, gatk, htseq, bcftools, featureCounts, dedup, damageprofiler, picard, prokka, samblaster, samtools, bamtools, jellyfish, vcftools, longranger, stacks, bbmap, bismark, biscuit, hicexplorer, hicup, hicpro, salmon, kallisto, slamdunk, star, hisat2, tophat, bowtie2, bowtie1, kat, leehom, adapterRemoval, clipandmerge, cutadapt, flexbar, trimmomatic, skewer, sortmerna, biobloomtools, fastq_screen, afterqc, fastp, fastqc, minionqc, clusterflow, bcl2fastq, interop, flash
[2019-11-19 12:13:42,670] multiqc                                            [DEBUG  ]  Using temporary directory for creating report: /tmp/tmpipo9tmko
[2019-11-19 12:13:43,378] multiqc                                            [DEBUG  ]  No samples found: custom_content
[2019-11-19 12:13:43,383] multiqc                                            [DEBUG  ]  No samples found: conpair
[2019-11-19 12:13:43,387] multiqc                                            [DEBUG  ]  No samples found: peddy
[2019-11-19 12:13:43,391] multiqc                                            [DEBUG  ]  No samples found: methylQA
[2019-11-19 12:13:43,395] multiqc                                            [DEBUG  ]  No samples found: phantompeakqualtools
[2019-11-19 12:13:43,401] multiqc                                            [DEBUG  ]  No samples found: qualimap
[2019-11-19 12:13:43,406] multiqc                                            [DEBUG  ]  No samples found: preseq
[2019-11-19 12:13:43,410] multiqc                                            [DEBUG  ]  No samples found: quast
[2019-11-19 12:13:43,414] multiqc                                            [DEBUG  ]  No samples found: qorts
[2019-11-19 12:13:43,419] multiqc                                            [DEBUG  ]  No samples found: rna_seqc
[2019-11-19 12:13:43,423] multiqc                                            [DEBUG  ]  No samples found: rsem
[2019-11-19 12:13:43,431] multiqc                                            [DEBUG  ]  No samples found: rseqc
[2019-11-19 12:13:43,435] multiqc                                            [DEBUG  ]  No samples found: busco
[2019-11-19 12:13:43,439] multiqc                                            [DEBUG  ]  No samples found: goleft_indexcov
[2019-11-19 12:13:43,444] multiqc                                            [DEBUG  ]  No samples found: disambiguate
[2019-11-19 12:13:43,448] multiqc                                            [DEBUG  ]  No samples found: supernova
[2019-11-19 12:13:43,458] multiqc                                            [DEBUG  ]  No samples found: deeptools
[2019-11-19 12:13:43,462] multiqc                                            [DEBUG  ]  No samples found: sargasso
[2019-11-19 12:13:43,466] multiqc                                            [DEBUG  ]  No samples found: verifybamid
[2019-11-19 12:13:43,470] multiqc                                            [DEBUG  ]  No samples found: mirtrace
[2019-11-19 12:13:43,474] multiqc                                            [DEBUG  ]  No samples found: happy
[2019-11-19 12:13:43,480] multiqc                                            [DEBUG  ]  No samples found: homer
[2019-11-19 12:13:43,484] multiqc                                            [DEBUG  ]  No samples found: macs2
[2019-11-19 12:13:43,489] multiqc                                            [DEBUG  ]  No samples found: theta2
[2019-11-19 12:13:43,494] multiqc                                            [DEBUG  ]  No samples found: snpeff
[2019-11-19 12:13:43,501] multiqc                                            [DEBUG  ]  No samples found: gatk
[2019-11-19 12:13:43,505] multiqc                                            [DEBUG  ]  No samples found: htseq
[2019-11-19 12:13:43,509] multiqc                                            [DEBUG  ]  No samples found: bcftools
[2019-11-19 12:13:43,513] multiqc                                            [DEBUG  ]  No samples found: featureCounts
[2019-11-19 12:13:43,517] multiqc                                            [DEBUG  ]  No samples found: dedup
[2019-11-19 12:13:43,522] multiqc                                            [DEBUG  ]  No samples found: damageprofiler
[2019-11-19 12:13:43,539] multiqc                                            [DEBUG  ]  No samples found: picard
[2019-11-19 12:13:43,547] multiqc                                            [DEBUG  ]  No samples found: prokka
[2019-11-19 12:13:43,552] multiqc                                            [DEBUG  ]  No samples found: samblaster
[2019-11-19 12:13:43,558] multiqc                                            [DEBUG  ]  No samples found: samtools
[2019-11-19 12:13:43,563] multiqc                                            [DEBUG  ]  No samples found: bamtools
[2019-11-19 12:13:43,567] multiqc                                            [DEBUG  ]  No samples found: jellyfish
[2019-11-19 12:13:43,576] multiqc                                            [DEBUG  ]  No samples found: vcftools
[2019-11-19 12:13:43,580] multiqc                                            [DEBUG  ]  No samples found: longranger
[2019-11-19 12:13:43,585] multiqc                                            [DEBUG  ]  No samples found: stacks
[2019-11-19 12:13:43,596] multiqc                                            [DEBUG  ]  No samples found: bbmap
[2019-11-19 12:13:43,600] multiqc                                            [DEBUG  ]  No samples found: bismark
[2019-11-19 12:13:43,605] multiqc                                            [DEBUG  ]  No samples found: biscuit
[2019-11-19 12:13:43,609] multiqc                                            [DEBUG  ]  No samples found: hicexplorer
[2019-11-19 12:13:43,613] multiqc                                            [DEBUG  ]  No samples found: hicup
[2019-11-19 12:13:43,618] multiqc                                            [DEBUG  ]  No samples found: hicpro
[2019-11-19 12:13:43,623] multiqc                                            [DEBUG  ]  No samples found: salmon
[2019-11-19 12:13:43,631] multiqc                                            [DEBUG  ]  No samples found: kallisto
[2019-11-19 12:13:43,638] multiqc                                            [DEBUG  ]  No samples found: slamdunk
[2019-11-19 12:13:43,644] multiqc                                            [DEBUG  ]  No samples found: star
[2019-11-19 12:13:43,648] multiqc                                            [DEBUG  ]  No samples found: hisat2
[2019-11-19 12:13:43,653] multiqc                                            [DEBUG  ]  No samples found: tophat
[2019-11-19 12:13:43,657] multiqc                                            [DEBUG  ]  No samples found: bowtie2
[2019-11-19 12:13:43,661] multiqc                                            [DEBUG  ]  No samples found: bowtie1
[2019-11-19 12:13:43,665] multiqc                                            [DEBUG  ]  No samples found: kat
[2019-11-19 12:13:43,669] multiqc                                            [DEBUG  ]  No samples found: leehom
[2019-11-19 12:13:43,673] multiqc                                            [DEBUG  ]  No samples found: adapterRemoval
[2019-11-19 12:13:43,677] multiqc                                            [DEBUG  ]  No samples found: clipandmerge
[2019-11-19 12:13:43,681] multiqc                                            [DEBUG  ]  No samples found: cutadapt
[2019-11-19 12:13:43,686] multiqc                                            [DEBUG  ]  No samples found: flexbar
[2019-11-19 12:13:43,690] multiqc                                            [DEBUG  ]  No samples found: trimmomatic
[2019-11-19 12:13:43,694] multiqc                                            [DEBUG  ]  No samples found: skewer
[2019-11-19 12:13:43,698] multiqc                                            [DEBUG  ]  No samples found: sortmerna
[2019-11-19 12:13:43,702] multiqc                                            [DEBUG  ]  No samples found: biobloomtools
[2019-11-19 12:13:43,707] multiqc                                            [DEBUG  ]  No samples found: fastq_screen
[2019-11-19 12:13:43,711] multiqc                                            [DEBUG  ]  No samples found: afterqc
[2019-11-19 12:13:43,715] multiqc                                            [DEBUG  ]  No samples found: fastp
[2019-11-19 12:13:43,723] multiqc.modules.fastqc.fastqc                      [INFO   ]  Found 1 reports
[2019-11-19 12:13:43,792] multiqc                                            [DEBUG  ]  No samples found: minionqc
[2019-11-19 12:13:43,796] multiqc                                            [DEBUG  ]  No samples found: clusterflow
[2019-11-19 12:13:43,801] multiqc                                            [DEBUG  ]  No samples found: bcl2fastq
[2019-11-19 12:13:43,805] multiqc                                            [DEBUG  ]  No samples found: interop
[2019-11-19 12:13:43,809] multiqc                                            [DEBUG  ]  No samples found: flash
[2019-11-19 12:13:43,812] multiqc                                            [INFO   ]  Compressing plot data
[2019-11-19 12:13:43,843] multiqc                                            [INFO   ]  Report      : ../../../../../../../data/multiqc_report.html
[2019-11-19 12:13:43,843] multiqc                                            [INFO   ]  Data        : ../../../../../../../data/multiqc_data
[2019-11-19 12:13:43,843] multiqc                                            [DEBUG  ]  Moving data file from '/tmp/tmpipo9tmko/multiqc_data/multiqc_general_stats.txt' to '/data/multiqc_data'
[2019-11-19 12:13:43,843] multiqc                                            [DEBUG  ]  Moving data file from '/tmp/tmpipo9tmko/multiqc_data/multiqc_fastqc.txt' to '/data/multiqc_data'
[2019-11-19 12:13:43,844] multiqc                                            [DEBUG  ]  Moving data file from '/tmp/tmpipo9tmko/multiqc_data/multiqc_data.json' to '/data/multiqc_data'
[2019-11-19 12:13:43,844] multiqc                                            [DEBUG  ]  Moving data file from '/tmp/tmpipo9tmko/multiqc_data/multiqc_sources.txt' to '/data/multiqc_data'
[2019-11-19 12:13:43,984] multiqc                                            [INFO   ]  MultiQC complete
