[2019-11-19 12:51:59,954] multiqc                                            [DEBUG  ]  No MultiQC config found: /usr/lib/python3.6/site-packages/multiqc-1.7-py3.6.egg/multiqc_config.yaml
[2019-11-19 12:51:59,954] multiqc                                            [DEBUG  ]  No MultiQC config found: /root/.multiqc_config.yaml
[2019-11-19 12:51:59,954] multiqc                                            [DEBUG  ]  No MultiQC config found: multiqc_config.yaml
[2019-11-19 12:51:59,954] multiqc                                            [DEBUG  ]  Command used: /usr/bin/multiqc /data/HG00152.mapped.ILLUMINA.bwa.GBR.low_coverage.20101123_fastqc.zip -o /data
[2019-11-19 12:52:01,947] multiqc                                            [DEBUG  ]  Latest MultiQC version is v1.7
[2019-11-19 12:52:01,948] multiqc                                            [INFO   ]  This is MultiQC v1.7
[2019-11-19 12:52:01,948] multiqc                                            [DEBUG  ]  Command     : /usr/bin/multiqc /data/HG00152.mapped.ILLUMINA.bwa.GBR.low_coverage.20101123_fastqc.zip -o /data
[2019-11-19 12:52:01,948] multiqc                                            [DEBUG  ]  Working dir : /var/lib/toil/toil-9b56b740-ccba-4b13-b998-c6aabca34938-69d14ae953f0400cbe6f0dc87a7486c9/tmpFYMcTp/72865844-1117-4981-b559-c7027eaf53a7/tIp32yy
[2019-11-19 12:52:01,948] multiqc                                            [INFO   ]  Template    : default
[2019-11-19 12:52:01,948] multiqc                                            [INFO   ]  Searching '/data/HG00152.mapped.ILLUMINA.bwa.GBR.low_coverage.20101123_fastqc.zip'
[2019-11-19 12:52:01,948] multiqc                                            [DEBUG  ]  Analysing modules: custom_content, conpair, peddy, methylQA, phantompeakqualtools, qualimap, preseq, quast, qorts, rna_seqc, rsem, rseqc, busco, goleft_indexcov, disambiguate, supernova, deeptools, sargasso, verifybamid, mirtrace, happy, homer, macs2, theta2, snpeff, gatk, htseq, bcftools, featureCounts, dedup, damageprofiler, picard, prokka, samblaster, samtools, bamtools, jellyfish, vcftools, longranger, stacks, bbmap, bismark, biscuit, hicexplorer, hicup, hicpro, salmon, kallisto, slamdunk, star, hisat2, tophat, bowtie2, bowtie1, kat, leehom, adapterRemoval, clipandmerge, cutadapt, flexbar, trimmomatic, skewer, sortmerna, biobloomtools, fastq_screen, afterqc, fastp, fastqc, minionqc, clusterflow, bcl2fastq, interop, flash
[2019-11-19 12:52:01,948] multiqc                                            [DEBUG  ]  Using temporary directory for creating report: /tmp/tmp6391kvyt
[2019-11-19 12:52:02,701] multiqc                                            [DEBUG  ]  No samples found: custom_content
[2019-11-19 12:52:02,706] multiqc                                            [DEBUG  ]  No samples found: conpair
[2019-11-19 12:52:02,711] multiqc                                            [DEBUG  ]  No samples found: peddy
[2019-11-19 12:52:02,715] multiqc                                            [DEBUG  ]  No samples found: methylQA
[2019-11-19 12:52:02,719] multiqc                                            [DEBUG  ]  No samples found: phantompeakqualtools
[2019-11-19 12:52:02,727] multiqc                                            [DEBUG  ]  No samples found: qualimap
[2019-11-19 12:52:02,732] multiqc                                            [DEBUG  ]  No samples found: preseq
[2019-11-19 12:52:02,737] multiqc                                            [DEBUG  ]  No samples found: quast
[2019-11-19 12:52:02,742] multiqc                                            [DEBUG  ]  No samples found: qorts
[2019-11-19 12:52:02,748] multiqc                                            [DEBUG  ]  No samples found: rna_seqc
[2019-11-19 12:52:02,752] multiqc                                            [DEBUG  ]  No samples found: rsem
[2019-11-19 12:52:02,762] multiqc                                            [DEBUG  ]  No samples found: rseqc
[2019-11-19 12:52:02,766] multiqc                                            [DEBUG  ]  No samples found: busco
[2019-11-19 12:52:02,771] multiqc                                            [DEBUG  ]  No samples found: goleft_indexcov
[2019-11-19 12:52:02,775] multiqc                                            [DEBUG  ]  No samples found: disambiguate
[2019-11-19 12:52:02,780] multiqc                                            [DEBUG  ]  No samples found: supernova
[2019-11-19 12:52:02,789] multiqc                                            [DEBUG  ]  No samples found: deeptools
[2019-11-19 12:52:02,794] multiqc                                            [DEBUG  ]  No samples found: sargasso
[2019-11-19 12:52:02,800] multiqc                                            [DEBUG  ]  No samples found: verifybamid
[2019-11-19 12:52:02,806] multiqc                                            [DEBUG  ]  No samples found: mirtrace
[2019-11-19 12:52:02,810] multiqc                                            [DEBUG  ]  No samples found: happy
[2019-11-19 12:52:02,816] multiqc                                            [DEBUG  ]  No samples found: homer
[2019-11-19 12:52:02,820] multiqc                                            [DEBUG  ]  No samples found: macs2
[2019-11-19 12:52:02,827] multiqc                                            [DEBUG  ]  No samples found: theta2
[2019-11-19 12:52:02,831] multiqc                                            [DEBUG  ]  No samples found: snpeff
[2019-11-19 12:52:02,837] multiqc                                            [DEBUG  ]  No samples found: gatk
[2019-11-19 12:52:02,841] multiqc                                            [DEBUG  ]  No samples found: htseq
[2019-11-19 12:52:02,846] multiqc                                            [DEBUG  ]  No samples found: bcftools
[2019-11-19 12:52:02,850] multiqc                                            [DEBUG  ]  No samples found: featureCounts
[2019-11-19 12:52:02,854] multiqc                                            [DEBUG  ]  No samples found: dedup
[2019-11-19 12:52:02,858] multiqc                                            [DEBUG  ]  No samples found: damageprofiler
[2019-11-19 12:52:02,871] multiqc                                            [DEBUG  ]  No samples found: picard
[2019-11-19 12:52:02,875] multiqc                                            [DEBUG  ]  No samples found: prokka
[2019-11-19 12:52:02,879] multiqc                                            [DEBUG  ]  No samples found: samblaster
[2019-11-19 12:52:02,885] multiqc                                            [DEBUG  ]  No samples found: samtools
[2019-11-19 12:52:02,890] multiqc                                            [DEBUG  ]  No samples found: bamtools
[2019-11-19 12:52:02,894] multiqc                                            [DEBUG  ]  No samples found: jellyfish
[2019-11-19 12:52:02,901] multiqc                                            [DEBUG  ]  No samples found: vcftools
[2019-11-19 12:52:02,905] multiqc                                            [DEBUG  ]  No samples found: longranger
[2019-11-19 12:52:02,909] multiqc                                            [DEBUG  ]  No samples found: stacks
[2019-11-19 12:52:02,919] multiqc                                            [DEBUG  ]  No samples found: bbmap
[2019-11-19 12:52:02,924] multiqc                                            [DEBUG  ]  No samples found: bismark
[2019-11-19 12:52:02,929] multiqc                                            [DEBUG  ]  No samples found: biscuit
[2019-11-19 12:52:02,933] multiqc                                            [DEBUG  ]  No samples found: hicexplorer
[2019-11-19 12:52:02,937] multiqc                                            [DEBUG  ]  No samples found: hicup
[2019-11-19 12:52:02,941] multiqc                                            [DEBUG  ]  No samples found: hicpro
[2019-11-19 12:52:02,945] multiqc                                            [DEBUG  ]  No samples found: salmon
[2019-11-19 12:52:02,949] multiqc                                            [DEBUG  ]  No samples found: kallisto
[2019-11-19 12:52:02,953] multiqc                                            [DEBUG  ]  No samples found: slamdunk
[2019-11-19 12:52:02,958] multiqc                                            [DEBUG  ]  No samples found: star
[2019-11-19 12:52:02,962] multiqc                                            [DEBUG  ]  No samples found: hisat2
[2019-11-19 12:52:02,966] multiqc                                            [DEBUG  ]  No samples found: tophat
[2019-11-19 12:52:02,970] multiqc                                            [DEBUG  ]  No samples found: bowtie2
[2019-11-19 12:52:02,974] multiqc                                            [DEBUG  ]  No samples found: bowtie1
[2019-11-19 12:52:02,978] multiqc                                            [DEBUG  ]  No samples found: kat
[2019-11-19 12:52:02,982] multiqc                                            [DEBUG  ]  No samples found: leehom
[2019-11-19 12:52:02,986] multiqc                                            [DEBUG  ]  No samples found: adapterRemoval
[2019-11-19 12:52:02,990] multiqc                                            [DEBUG  ]  No samples found: clipandmerge
[2019-11-19 12:52:02,994] multiqc                                            [DEBUG  ]  No samples found: cutadapt
[2019-11-19 12:52:02,998] multiqc                                            [DEBUG  ]  No samples found: flexbar
[2019-11-19 12:52:03,003] multiqc                                            [DEBUG  ]  No samples found: trimmomatic
[2019-11-19 12:52:03,007] multiqc                                            [DEBUG  ]  No samples found: skewer
[2019-11-19 12:52:03,011] multiqc                                            [DEBUG  ]  No samples found: sortmerna
[2019-11-19 12:52:03,015] multiqc                                            [DEBUG  ]  No samples found: biobloomtools
[2019-11-19 12:52:03,019] multiqc                                            [DEBUG  ]  No samples found: fastq_screen
[2019-11-19 12:52:03,024] multiqc                                            [DEBUG  ]  No samples found: afterqc
[2019-11-19 12:52:03,029] multiqc                                            [DEBUG  ]  No samples found: fastp
[2019-11-19 12:52:03,037] multiqc.modules.fastqc.fastqc                      [INFO   ]  Found 1 reports
[2019-11-19 12:52:03,091] multiqc                                            [DEBUG  ]  No samples found: minionqc
[2019-11-19 12:52:03,096] multiqc                                            [DEBUG  ]  No samples found: clusterflow
[2019-11-19 12:52:03,100] multiqc                                            [DEBUG  ]  No samples found: bcl2fastq
[2019-11-19 12:52:03,104] multiqc                                            [DEBUG  ]  No samples found: interop
[2019-11-19 12:52:03,108] multiqc                                            [DEBUG  ]  No samples found: flash
[2019-11-19 12:52:03,111] multiqc                                            [INFO   ]  Compressing plot data
[2019-11-19 12:52:03,138] multiqc                                            [INFO   ]  Report      : ../../../../../../../data/multiqc_report.html
[2019-11-19 12:52:03,138] multiqc                                            [INFO   ]  Data        : ../../../../../../../data/multiqc_data
[2019-11-19 12:52:03,138] multiqc                                            [DEBUG  ]  Moving data file from '/tmp/tmp6391kvyt/multiqc_data/multiqc_general_stats.txt' to '/data/multiqc_data'
[2019-11-19 12:52:03,139] multiqc                                            [DEBUG  ]  Moving data file from '/tmp/tmp6391kvyt/multiqc_data/multiqc_fastqc.txt' to '/data/multiqc_data'
[2019-11-19 12:52:03,139] multiqc                                            [DEBUG  ]  Moving data file from '/tmp/tmp6391kvyt/multiqc_data/multiqc_data.json' to '/data/multiqc_data'
[2019-11-19 12:52:03,140] multiqc                                            [DEBUG  ]  Moving data file from '/tmp/tmp6391kvyt/multiqc_data/multiqc_sources.txt' to '/data/multiqc_data'
[2019-11-19 12:52:03,267] multiqc                                            [INFO   ]  MultiQC complete
