[2019-11-19 09:51:47,026] multiqc                                            [DEBUG  ]  No MultiQC config found: /usr/lib/python3.6/site-packages/multiqc-1.7-py3.6.egg/multiqc_config.yaml
[2019-11-19 09:51:47,026] multiqc                                            [DEBUG  ]  No MultiQC config found: /root/.multiqc_config.yaml
[2019-11-19 09:51:47,026] multiqc                                            [DEBUG  ]  No MultiQC config found: multiqc_config.yaml
[2019-11-19 09:51:47,026] multiqc                                            [DEBUG  ]  Command used: /usr/bin/multiqc /data/HG00116.mapped.ILLUMINA.bwa.GBR.low_coverage.20101123_fastqc.zip -o /data
[2019-11-19 09:51:49,125] multiqc                                            [DEBUG  ]  Latest MultiQC version is v1.7
[2019-11-19 09:51:49,125] multiqc                                            [INFO   ]  This is MultiQC v1.7
[2019-11-19 09:51:49,125] multiqc                                            [DEBUG  ]  Command     : /usr/bin/multiqc /data/HG00116.mapped.ILLUMINA.bwa.GBR.low_coverage.20101123_fastqc.zip -o /data
[2019-11-19 09:51:49,125] multiqc                                            [DEBUG  ]  Working dir : /var/lib/toil/toil-9b56b740-ccba-4b13-b998-c6aabca34938-69d14ae953f0400cbe6f0dc87a7486c9/tmp3hhYo8/aaf22eee-cf2f-496e-8a28-c9031a9820be/tHTNWJW
[2019-11-19 09:51:49,125] multiqc                                            [INFO   ]  Template    : default
[2019-11-19 09:51:49,126] multiqc                                            [INFO   ]  Searching '/data/HG00116.mapped.ILLUMINA.bwa.GBR.low_coverage.20101123_fastqc.zip'
[2019-11-19 09:51:49,126] multiqc                                            [DEBUG  ]  Analysing modules: custom_content, conpair, peddy, methylQA, phantompeakqualtools, qualimap, preseq, quast, qorts, rna_seqc, rsem, rseqc, busco, goleft_indexcov, disambiguate, supernova, deeptools, sargasso, verifybamid, mirtrace, happy, homer, macs2, theta2, snpeff, gatk, htseq, bcftools, featureCounts, dedup, damageprofiler, picard, prokka, samblaster, samtools, bamtools, jellyfish, vcftools, longranger, stacks, bbmap, bismark, biscuit, hicexplorer, hicup, hicpro, salmon, kallisto, slamdunk, star, hisat2, tophat, bowtie2, bowtie1, kat, leehom, adapterRemoval, clipandmerge, cutadapt, flexbar, trimmomatic, skewer, sortmerna, biobloomtools, fastq_screen, afterqc, fastp, fastqc, minionqc, clusterflow, bcl2fastq, interop, flash
[2019-11-19 09:51:49,126] multiqc                                            [DEBUG  ]  Using temporary directory for creating report: /tmp/tmpu3953pk3
[2019-11-19 09:51:49,853] multiqc                                            [DEBUG  ]  No samples found: custom_content
[2019-11-19 09:51:49,858] multiqc                                            [DEBUG  ]  No samples found: conpair
[2019-11-19 09:51:49,862] multiqc                                            [DEBUG  ]  No samples found: peddy
[2019-11-19 09:51:49,866] multiqc                                            [DEBUG  ]  No samples found: methylQA
[2019-11-19 09:51:49,870] multiqc                                            [DEBUG  ]  No samples found: phantompeakqualtools
[2019-11-19 09:51:49,877] multiqc                                            [DEBUG  ]  No samples found: qualimap
[2019-11-19 09:51:49,881] multiqc                                            [DEBUG  ]  No samples found: preseq
[2019-11-19 09:51:49,886] multiqc                                            [DEBUG  ]  No samples found: quast
[2019-11-19 09:51:49,891] multiqc                                            [DEBUG  ]  No samples found: qorts
[2019-11-19 09:51:49,895] multiqc                                            [DEBUG  ]  No samples found: rna_seqc
[2019-11-19 09:51:49,900] multiqc                                            [DEBUG  ]  No samples found: rsem
[2019-11-19 09:51:49,909] multiqc                                            [DEBUG  ]  No samples found: rseqc
[2019-11-19 09:51:49,914] multiqc                                            [DEBUG  ]  No samples found: busco
[2019-11-19 09:51:49,918] multiqc                                            [DEBUG  ]  No samples found: goleft_indexcov
[2019-11-19 09:51:49,923] multiqc                                            [DEBUG  ]  No samples found: disambiguate
[2019-11-19 09:51:49,928] multiqc                                            [DEBUG  ]  No samples found: supernova
[2019-11-19 09:51:49,937] multiqc                                            [DEBUG  ]  No samples found: deeptools
[2019-11-19 09:51:49,942] multiqc                                            [DEBUG  ]  No samples found: sargasso
[2019-11-19 09:51:49,946] multiqc                                            [DEBUG  ]  No samples found: verifybamid
[2019-11-19 09:51:49,951] multiqc                                            [DEBUG  ]  No samples found: mirtrace
[2019-11-19 09:51:49,957] multiqc                                            [DEBUG  ]  No samples found: happy
[2019-11-19 09:51:49,963] multiqc                                            [DEBUG  ]  No samples found: homer
[2019-11-19 09:51:49,967] multiqc                                            [DEBUG  ]  No samples found: macs2
[2019-11-19 09:51:49,972] multiqc                                            [DEBUG  ]  No samples found: theta2
[2019-11-19 09:51:49,976] multiqc                                            [DEBUG  ]  No samples found: snpeff
[2019-11-19 09:51:49,982] multiqc                                            [DEBUG  ]  No samples found: gatk
[2019-11-19 09:51:49,986] multiqc                                            [DEBUG  ]  No samples found: htseq
[2019-11-19 09:51:49,991] multiqc                                            [DEBUG  ]  No samples found: bcftools
[2019-11-19 09:51:49,995] multiqc                                            [DEBUG  ]  No samples found: featureCounts
[2019-11-19 09:51:49,999] multiqc                                            [DEBUG  ]  No samples found: dedup
[2019-11-19 09:51:50,004] multiqc                                            [DEBUG  ]  No samples found: damageprofiler
[2019-11-19 09:51:50,016] multiqc                                            [DEBUG  ]  No samples found: picard
[2019-11-19 09:51:50,022] multiqc                                            [DEBUG  ]  No samples found: prokka
[2019-11-19 09:51:50,026] multiqc                                            [DEBUG  ]  No samples found: samblaster
[2019-11-19 09:51:50,033] multiqc                                            [DEBUG  ]  No samples found: samtools
[2019-11-19 09:51:50,038] multiqc                                            [DEBUG  ]  No samples found: bamtools
[2019-11-19 09:51:50,042] multiqc                                            [DEBUG  ]  No samples found: jellyfish
[2019-11-19 09:51:50,049] multiqc                                            [DEBUG  ]  No samples found: vcftools
[2019-11-19 09:51:50,053] multiqc                                            [DEBUG  ]  No samples found: longranger
[2019-11-19 09:51:50,058] multiqc                                            [DEBUG  ]  No samples found: stacks
[2019-11-19 09:51:50,069] multiqc                                            [DEBUG  ]  No samples found: bbmap
[2019-11-19 09:51:50,073] multiqc                                            [DEBUG  ]  No samples found: bismark
[2019-11-19 09:51:50,079] multiqc                                            [DEBUG  ]  No samples found: biscuit
[2019-11-19 09:51:50,083] multiqc                                            [DEBUG  ]  No samples found: hicexplorer
[2019-11-19 09:51:50,088] multiqc                                            [DEBUG  ]  No samples found: hicup
[2019-11-19 09:51:50,093] multiqc                                            [DEBUG  ]  No samples found: hicpro
[2019-11-19 09:51:50,097] multiqc                                            [DEBUG  ]  No samples found: salmon
[2019-11-19 09:51:50,102] multiqc                                            [DEBUG  ]  No samples found: kallisto
[2019-11-19 09:51:50,107] multiqc                                            [DEBUG  ]  No samples found: slamdunk
[2019-11-19 09:51:50,111] multiqc                                            [DEBUG  ]  No samples found: star
[2019-11-19 09:51:50,115] multiqc                                            [DEBUG  ]  No samples found: hisat2
[2019-11-19 09:51:50,120] multiqc                                            [DEBUG  ]  No samples found: tophat
[2019-11-19 09:51:50,124] multiqc                                            [DEBUG  ]  No samples found: bowtie2
[2019-11-19 09:51:50,128] multiqc                                            [DEBUG  ]  No samples found: bowtie1
[2019-11-19 09:51:50,132] multiqc                                            [DEBUG  ]  No samples found: kat
[2019-11-19 09:51:50,137] multiqc                                            [DEBUG  ]  No samples found: leehom
[2019-11-19 09:51:50,141] multiqc                                            [DEBUG  ]  No samples found: adapterRemoval
[2019-11-19 09:51:50,146] multiqc                                            [DEBUG  ]  No samples found: clipandmerge
[2019-11-19 09:51:50,150] multiqc                                            [DEBUG  ]  No samples found: cutadapt
[2019-11-19 09:51:50,155] multiqc                                            [DEBUG  ]  No samples found: flexbar
[2019-11-19 09:51:50,160] multiqc                                            [DEBUG  ]  No samples found: trimmomatic
[2019-11-19 09:51:50,164] multiqc                                            [DEBUG  ]  No samples found: skewer
[2019-11-19 09:51:50,169] multiqc                                            [DEBUG  ]  No samples found: sortmerna
[2019-11-19 09:51:50,174] multiqc                                            [DEBUG  ]  No samples found: biobloomtools
[2019-11-19 09:51:50,178] multiqc                                            [DEBUG  ]  No samples found: fastq_screen
[2019-11-19 09:51:50,183] multiqc                                            [DEBUG  ]  No samples found: afterqc
[2019-11-19 09:51:50,187] multiqc                                            [DEBUG  ]  No samples found: fastp
[2019-11-19 09:51:50,195] multiqc.modules.fastqc.fastqc                      [INFO   ]  Found 1 reports
[2019-11-19 09:51:50,261] multiqc                                            [DEBUG  ]  No samples found: minionqc
[2019-11-19 09:51:50,266] multiqc                                            [DEBUG  ]  No samples found: clusterflow
[2019-11-19 09:51:50,270] multiqc                                            [DEBUG  ]  No samples found: bcl2fastq
[2019-11-19 09:51:50,274] multiqc                                            [DEBUG  ]  No samples found: interop
[2019-11-19 09:51:50,279] multiqc                                            [DEBUG  ]  No samples found: flash
[2019-11-19 09:51:50,282] multiqc                                            [INFO   ]  Compressing plot data
[2019-11-19 09:51:50,313] multiqc                                            [INFO   ]  Report      : ../../../../../../../data/multiqc_report.html
[2019-11-19 09:51:50,313] multiqc                                            [INFO   ]  Data        : ../../../../../../../data/multiqc_data
[2019-11-19 09:51:50,313] multiqc                                            [DEBUG  ]  Moving data file from '/tmp/tmpu3953pk3/multiqc_data/multiqc_general_stats.txt' to '/data/multiqc_data'
[2019-11-19 09:51:50,314] multiqc                                            [DEBUG  ]  Moving data file from '/tmp/tmpu3953pk3/multiqc_data/multiqc_fastqc.txt' to '/data/multiqc_data'
[2019-11-19 09:51:50,314] multiqc                                            [DEBUG  ]  Moving data file from '/tmp/tmpu3953pk3/multiqc_data/multiqc_data.json' to '/data/multiqc_data'
[2019-11-19 09:51:50,314] multiqc                                            [DEBUG  ]  Moving data file from '/tmp/tmpu3953pk3/multiqc_data/multiqc_sources.txt' to '/data/multiqc_data'
[2019-11-19 09:51:50,453] multiqc                                            [INFO   ]  MultiQC complete
