[2019-11-19 15:56:43,005] multiqc                                            [DEBUG  ]  No MultiQC config found: /usr/lib/python3.6/site-packages/multiqc-1.7-py3.6.egg/multiqc_config.yaml
[2019-11-19 15:56:43,005] multiqc                                            [DEBUG  ]  No MultiQC config found: /root/.multiqc_config.yaml
[2019-11-19 15:56:43,005] multiqc                                            [DEBUG  ]  No MultiQC config found: multiqc_config.yaml
[2019-11-19 15:56:43,006] multiqc                                            [DEBUG  ]  Command used: /usr/bin/multiqc /data/HG00249.mapped.ILLUMINA.bwa.GBR.low_coverage.20101123_fastqc.zip -o /data
[2019-11-19 15:56:44,724] multiqc                                            [DEBUG  ]  Latest MultiQC version is v1.7
[2019-11-19 15:56:44,724] multiqc                                            [INFO   ]  This is MultiQC v1.7
[2019-11-19 15:56:44,725] multiqc                                            [DEBUG  ]  Command     : /usr/bin/multiqc /data/HG00249.mapped.ILLUMINA.bwa.GBR.low_coverage.20101123_fastqc.zip -o /data
[2019-11-19 15:56:44,725] multiqc                                            [DEBUG  ]  Working dir : /var/lib/toil/toil-9b56b740-ccba-4b13-b998-c6aabca34938-69d14ae953f0400cbe6f0dc87a7486c9/tmpa04FWF/295cbad7-0ec9-4110-8cbe-642ba50e7ee5/tF3nSDB
[2019-11-19 15:56:44,725] multiqc                                            [INFO   ]  Template    : default
[2019-11-19 15:56:44,725] multiqc                                            [INFO   ]  Searching '/data/HG00249.mapped.ILLUMINA.bwa.GBR.low_coverage.20101123_fastqc.zip'
[2019-11-19 15:56:44,725] multiqc                                            [DEBUG  ]  Analysing modules: custom_content, conpair, peddy, methylQA, phantompeakqualtools, qualimap, preseq, quast, qorts, rna_seqc, rsem, rseqc, busco, goleft_indexcov, disambiguate, supernova, deeptools, sargasso, verifybamid, mirtrace, happy, homer, macs2, theta2, snpeff, gatk, htseq, bcftools, featureCounts, dedup, damageprofiler, picard, prokka, samblaster, samtools, bamtools, jellyfish, vcftools, longranger, stacks, bbmap, bismark, biscuit, hicexplorer, hicup, hicpro, salmon, kallisto, slamdunk, star, hisat2, tophat, bowtie2, bowtie1, kat, leehom, adapterRemoval, clipandmerge, cutadapt, flexbar, trimmomatic, skewer, sortmerna, biobloomtools, fastq_screen, afterqc, fastp, fastqc, minionqc, clusterflow, bcl2fastq, interop, flash
[2019-11-19 15:56:44,725] multiqc                                            [DEBUG  ]  Using temporary directory for creating report: /tmp/tmpttgdpor5
[2019-11-19 15:56:45,466] multiqc                                            [DEBUG  ]  No samples found: custom_content
[2019-11-19 15:56:45,472] multiqc                                            [DEBUG  ]  No samples found: conpair
[2019-11-19 15:56:45,476] multiqc                                            [DEBUG  ]  No samples found: peddy
[2019-11-19 15:56:45,481] multiqc                                            [DEBUG  ]  No samples found: methylQA
[2019-11-19 15:56:45,485] multiqc                                            [DEBUG  ]  No samples found: phantompeakqualtools
[2019-11-19 15:56:45,490] multiqc                                            [DEBUG  ]  No samples found: qualimap
[2019-11-19 15:56:45,495] multiqc                                            [DEBUG  ]  No samples found: preseq
[2019-11-19 15:56:45,502] multiqc                                            [DEBUG  ]  No samples found: quast
[2019-11-19 15:56:45,507] multiqc                                            [DEBUG  ]  No samples found: qorts
[2019-11-19 15:56:45,511] multiqc                                            [DEBUG  ]  No samples found: rna_seqc
[2019-11-19 15:56:45,515] multiqc                                            [DEBUG  ]  No samples found: rsem
[2019-11-19 15:56:45,525] multiqc                                            [DEBUG  ]  No samples found: rseqc
[2019-11-19 15:56:45,529] multiqc                                            [DEBUG  ]  No samples found: busco
[2019-11-19 15:56:45,533] multiqc                                            [DEBUG  ]  No samples found: goleft_indexcov
[2019-11-19 15:56:45,538] multiqc                                            [DEBUG  ]  No samples found: disambiguate
[2019-11-19 15:56:45,542] multiqc                                            [DEBUG  ]  No samples found: supernova
[2019-11-19 15:56:45,551] multiqc                                            [DEBUG  ]  No samples found: deeptools
[2019-11-19 15:56:45,559] multiqc                                            [DEBUG  ]  No samples found: sargasso
[2019-11-19 15:56:45,564] multiqc                                            [DEBUG  ]  No samples found: verifybamid
[2019-11-19 15:56:45,568] multiqc                                            [DEBUG  ]  No samples found: mirtrace
[2019-11-19 15:56:45,573] multiqc                                            [DEBUG  ]  No samples found: happy
[2019-11-19 15:56:45,580] multiqc                                            [DEBUG  ]  No samples found: homer
[2019-11-19 15:56:45,584] multiqc                                            [DEBUG  ]  No samples found: macs2
[2019-11-19 15:56:45,588] multiqc                                            [DEBUG  ]  No samples found: theta2
[2019-11-19 15:56:45,592] multiqc                                            [DEBUG  ]  No samples found: snpeff
[2019-11-19 15:56:45,598] multiqc                                            [DEBUG  ]  No samples found: gatk
[2019-11-19 15:56:45,602] multiqc                                            [DEBUG  ]  No samples found: htseq
[2019-11-19 15:56:45,607] multiqc                                            [DEBUG  ]  No samples found: bcftools
[2019-11-19 15:56:45,611] multiqc                                            [DEBUG  ]  No samples found: featureCounts
[2019-11-19 15:56:45,615] multiqc                                            [DEBUG  ]  No samples found: dedup
[2019-11-19 15:56:45,619] multiqc                                            [DEBUG  ]  No samples found: damageprofiler
[2019-11-19 15:56:45,631] multiqc                                            [DEBUG  ]  No samples found: picard
[2019-11-19 15:56:45,635] multiqc                                            [DEBUG  ]  No samples found: prokka
[2019-11-19 15:56:45,640] multiqc                                            [DEBUG  ]  No samples found: samblaster
[2019-11-19 15:56:45,647] multiqc                                            [DEBUG  ]  No samples found: samtools
[2019-11-19 15:56:45,651] multiqc                                            [DEBUG  ]  No samples found: bamtools
[2019-11-19 15:56:45,655] multiqc                                            [DEBUG  ]  No samples found: jellyfish
[2019-11-19 15:56:45,662] multiqc                                            [DEBUG  ]  No samples found: vcftools
[2019-11-19 15:56:45,666] multiqc                                            [DEBUG  ]  No samples found: longranger
[2019-11-19 15:56:45,671] multiqc                                            [DEBUG  ]  No samples found: stacks
[2019-11-19 15:56:45,681] multiqc                                            [DEBUG  ]  No samples found: bbmap
[2019-11-19 15:56:45,685] multiqc                                            [DEBUG  ]  No samples found: bismark
[2019-11-19 15:56:45,691] multiqc                                            [DEBUG  ]  No samples found: biscuit
[2019-11-19 15:56:45,695] multiqc                                            [DEBUG  ]  No samples found: hicexplorer
[2019-11-19 15:56:45,699] multiqc                                            [DEBUG  ]  No samples found: hicup
[2019-11-19 15:56:45,704] multiqc                                            [DEBUG  ]  No samples found: hicpro
[2019-11-19 15:56:45,708] multiqc                                            [DEBUG  ]  No samples found: salmon
[2019-11-19 15:56:45,712] multiqc                                            [DEBUG  ]  No samples found: kallisto
[2019-11-19 15:56:45,718] multiqc                                            [DEBUG  ]  No samples found: slamdunk
[2019-11-19 15:56:45,723] multiqc                                            [DEBUG  ]  No samples found: star
[2019-11-19 15:56:45,727] multiqc                                            [DEBUG  ]  No samples found: hisat2
[2019-11-19 15:56:45,731] multiqc                                            [DEBUG  ]  No samples found: tophat
[2019-11-19 15:56:45,735] multiqc                                            [DEBUG  ]  No samples found: bowtie2
[2019-11-19 15:56:45,739] multiqc                                            [DEBUG  ]  No samples found: bowtie1
[2019-11-19 15:56:45,743] multiqc                                            [DEBUG  ]  No samples found: kat
[2019-11-19 15:56:45,747] multiqc                                            [DEBUG  ]  No samples found: leehom
[2019-11-19 15:56:45,752] multiqc                                            [DEBUG  ]  No samples found: adapterRemoval
[2019-11-19 15:56:45,756] multiqc                                            [DEBUG  ]  No samples found: clipandmerge
[2019-11-19 15:56:45,760] multiqc                                            [DEBUG  ]  No samples found: cutadapt
[2019-11-19 15:56:45,764] multiqc                                            [DEBUG  ]  No samples found: flexbar
[2019-11-19 15:56:45,768] multiqc                                            [DEBUG  ]  No samples found: trimmomatic
[2019-11-19 15:56:45,772] multiqc                                            [DEBUG  ]  No samples found: skewer
[2019-11-19 15:56:45,777] multiqc                                            [DEBUG  ]  No samples found: sortmerna
[2019-11-19 15:56:45,781] multiqc                                            [DEBUG  ]  No samples found: biobloomtools
[2019-11-19 15:56:45,785] multiqc                                            [DEBUG  ]  No samples found: fastq_screen
[2019-11-19 15:56:45,789] multiqc                                            [DEBUG  ]  No samples found: afterqc
[2019-11-19 15:56:45,793] multiqc                                            [DEBUG  ]  No samples found: fastp
[2019-11-19 15:56:45,801] multiqc.modules.fastqc.fastqc                      [INFO   ]  Found 1 reports
[2019-11-19 15:56:45,863] multiqc                                            [DEBUG  ]  No samples found: minionqc
[2019-11-19 15:56:45,867] multiqc                                            [DEBUG  ]  No samples found: clusterflow
[2019-11-19 15:56:45,872] multiqc                                            [DEBUG  ]  No samples found: bcl2fastq
[2019-11-19 15:56:45,876] multiqc                                            [DEBUG  ]  No samples found: interop
[2019-11-19 15:56:45,880] multiqc                                            [DEBUG  ]  No samples found: flash
[2019-11-19 15:56:45,883] multiqc                                            [INFO   ]  Compressing plot data
[2019-11-19 15:56:45,909] multiqc                                            [INFO   ]  Report      : ../../../../../../../data/multiqc_report.html
[2019-11-19 15:56:45,909] multiqc                                            [INFO   ]  Data        : ../../../../../../../data/multiqc_data
[2019-11-19 15:56:45,910] multiqc                                            [DEBUG  ]  Moving data file from '/tmp/tmpttgdpor5/multiqc_data/multiqc_general_stats.txt' to '/data/multiqc_data'
[2019-11-19 15:56:45,910] multiqc                                            [DEBUG  ]  Moving data file from '/tmp/tmpttgdpor5/multiqc_data/multiqc_fastqc.txt' to '/data/multiqc_data'
[2019-11-19 15:56:45,910] multiqc                                            [DEBUG  ]  Moving data file from '/tmp/tmpttgdpor5/multiqc_data/multiqc_data.json' to '/data/multiqc_data'
[2019-11-19 15:56:45,911] multiqc                                            [DEBUG  ]  Moving data file from '/tmp/tmpttgdpor5/multiqc_data/multiqc_sources.txt' to '/data/multiqc_data'
[2019-11-19 15:56:46,038] multiqc                                            [INFO   ]  MultiQC complete
