[2019-11-19 13:51:26,368] multiqc                                            [DEBUG  ]  No MultiQC config found: /usr/lib/python3.6/site-packages/multiqc-1.7-py3.6.egg/multiqc_config.yaml
[2019-11-19 13:51:26,368] multiqc                                            [DEBUG  ]  No MultiQC config found: /root/.multiqc_config.yaml
[2019-11-19 13:51:26,369] multiqc                                            [DEBUG  ]  No MultiQC config found: multiqc_config.yaml
[2019-11-19 13:51:26,369] multiqc                                            [DEBUG  ]  Command used: /usr/bin/multiqc /data/HG00183.mapped.ILLUMINA.bwa.FIN.low_coverage.20101123_fastqc.zip -o /data
[2019-11-19 13:51:28,114] multiqc                                            [DEBUG  ]  Latest MultiQC version is v1.7
[2019-11-19 13:51:28,114] multiqc                                            [INFO   ]  This is MultiQC v1.7
[2019-11-19 13:51:28,114] multiqc                                            [DEBUG  ]  Command     : /usr/bin/multiqc /data/HG00183.mapped.ILLUMINA.bwa.FIN.low_coverage.20101123_fastqc.zip -o /data
[2019-11-19 13:51:28,114] multiqc                                            [DEBUG  ]  Working dir : /var/lib/toil/toil-9b56b740-ccba-4b13-b998-c6aabca34938-69d14ae953f0400cbe6f0dc87a7486c9/tmpUu1qCb/a23ec5bb-35f3-4a66-8861-89511dec64c3/tjxOFBi
[2019-11-19 13:51:28,114] multiqc                                            [INFO   ]  Template    : default
[2019-11-19 13:51:28,114] multiqc                                            [INFO   ]  Searching '/data/HG00183.mapped.ILLUMINA.bwa.FIN.low_coverage.20101123_fastqc.zip'
[2019-11-19 13:51:28,115] multiqc                                            [DEBUG  ]  Analysing modules: custom_content, conpair, peddy, methylQA, phantompeakqualtools, qualimap, preseq, quast, qorts, rna_seqc, rsem, rseqc, busco, goleft_indexcov, disambiguate, supernova, deeptools, sargasso, verifybamid, mirtrace, happy, homer, macs2, theta2, snpeff, gatk, htseq, bcftools, featureCounts, dedup, damageprofiler, picard, prokka, samblaster, samtools, bamtools, jellyfish, vcftools, longranger, stacks, bbmap, bismark, biscuit, hicexplorer, hicup, hicpro, salmon, kallisto, slamdunk, star, hisat2, tophat, bowtie2, bowtie1, kat, leehom, adapterRemoval, clipandmerge, cutadapt, flexbar, trimmomatic, skewer, sortmerna, biobloomtools, fastq_screen, afterqc, fastp, fastqc, minionqc, clusterflow, bcl2fastq, interop, flash
[2019-11-19 13:51:28,115] multiqc                                            [DEBUG  ]  Using temporary directory for creating report: /tmp/tmpj3i44q4b
[2019-11-19 13:51:29,147] multiqc                                            [DEBUG  ]  No samples found: custom_content
[2019-11-19 13:51:29,154] multiqc                                            [DEBUG  ]  No samples found: conpair
[2019-11-19 13:51:29,160] multiqc                                            [DEBUG  ]  No samples found: peddy
[2019-11-19 13:51:29,166] multiqc                                            [DEBUG  ]  No samples found: methylQA
[2019-11-19 13:51:29,173] multiqc                                            [DEBUG  ]  No samples found: phantompeakqualtools
[2019-11-19 13:51:29,184] multiqc                                            [DEBUG  ]  No samples found: qualimap
[2019-11-19 13:51:29,198] multiqc                                            [DEBUG  ]  No samples found: preseq
[2019-11-19 13:51:29,204] multiqc                                            [DEBUG  ]  No samples found: quast
[2019-11-19 13:51:29,212] multiqc                                            [DEBUG  ]  No samples found: qorts
[2019-11-19 13:51:29,219] multiqc                                            [DEBUG  ]  No samples found: rna_seqc
[2019-11-19 13:51:29,225] multiqc                                            [DEBUG  ]  No samples found: rsem
[2019-11-19 13:51:29,237] multiqc                                            [DEBUG  ]  No samples found: rseqc
[2019-11-19 13:51:29,244] multiqc                                            [DEBUG  ]  No samples found: busco
[2019-11-19 13:51:29,250] multiqc                                            [DEBUG  ]  No samples found: goleft_indexcov
[2019-11-19 13:51:29,256] multiqc                                            [DEBUG  ]  No samples found: disambiguate
[2019-11-19 13:51:29,263] multiqc                                            [DEBUG  ]  No samples found: supernova
[2019-11-19 13:51:29,276] multiqc                                            [DEBUG  ]  No samples found: deeptools
[2019-11-19 13:51:29,283] multiqc                                            [DEBUG  ]  No samples found: sargasso
[2019-11-19 13:51:29,289] multiqc                                            [DEBUG  ]  No samples found: verifybamid
[2019-11-19 13:51:29,296] multiqc                                            [DEBUG  ]  No samples found: mirtrace
[2019-11-19 13:51:29,302] multiqc                                            [DEBUG  ]  No samples found: happy
[2019-11-19 13:51:29,310] multiqc                                            [DEBUG  ]  No samples found: homer
[2019-11-19 13:51:29,316] multiqc                                            [DEBUG  ]  No samples found: macs2
[2019-11-19 13:51:29,323] multiqc                                            [DEBUG  ]  No samples found: theta2
[2019-11-19 13:51:29,329] multiqc                                            [DEBUG  ]  No samples found: snpeff
[2019-11-19 13:51:29,338] multiqc                                            [DEBUG  ]  No samples found: gatk
[2019-11-19 13:51:29,344] multiqc                                            [DEBUG  ]  No samples found: htseq
[2019-11-19 13:51:29,350] multiqc                                            [DEBUG  ]  No samples found: bcftools
[2019-11-19 13:51:29,356] multiqc                                            [DEBUG  ]  No samples found: featureCounts
[2019-11-19 13:51:29,363] multiqc                                            [DEBUG  ]  No samples found: dedup
[2019-11-19 13:51:29,369] multiqc                                            [DEBUG  ]  No samples found: damageprofiler
[2019-11-19 13:51:29,386] multiqc                                            [DEBUG  ]  No samples found: picard
[2019-11-19 13:51:29,393] multiqc                                            [DEBUG  ]  No samples found: prokka
[2019-11-19 13:51:29,399] multiqc                                            [DEBUG  ]  No samples found: samblaster
[2019-11-19 13:51:29,408] multiqc                                            [DEBUG  ]  No samples found: samtools
[2019-11-19 13:51:29,415] multiqc                                            [DEBUG  ]  No samples found: bamtools
[2019-11-19 13:51:29,421] multiqc                                            [DEBUG  ]  No samples found: jellyfish
[2019-11-19 13:51:29,431] multiqc                                            [DEBUG  ]  No samples found: vcftools
[2019-11-19 13:51:29,437] multiqc                                            [DEBUG  ]  No samples found: longranger
[2019-11-19 13:51:29,443] multiqc                                            [DEBUG  ]  No samples found: stacks
[2019-11-19 13:51:29,458] multiqc                                            [DEBUG  ]  No samples found: bbmap
[2019-11-19 13:51:29,465] multiqc                                            [DEBUG  ]  No samples found: bismark
[2019-11-19 13:51:29,473] multiqc                                            [DEBUG  ]  No samples found: biscuit
[2019-11-19 13:51:29,479] multiqc                                            [DEBUG  ]  No samples found: hicexplorer
[2019-11-19 13:51:29,485] multiqc                                            [DEBUG  ]  No samples found: hicup
[2019-11-19 13:51:29,491] multiqc                                            [DEBUG  ]  No samples found: hicpro
[2019-11-19 13:51:29,498] multiqc                                            [DEBUG  ]  No samples found: salmon
[2019-11-19 13:51:29,504] multiqc                                            [DEBUG  ]  No samples found: kallisto
[2019-11-19 13:51:29,511] multiqc                                            [DEBUG  ]  No samples found: slamdunk
[2019-11-19 13:51:29,517] multiqc                                            [DEBUG  ]  No samples found: star
[2019-11-19 13:51:29,523] multiqc                                            [DEBUG  ]  No samples found: hisat2
[2019-11-19 13:51:29,530] multiqc                                            [DEBUG  ]  No samples found: tophat
[2019-11-19 13:51:29,536] multiqc                                            [DEBUG  ]  No samples found: bowtie2
[2019-11-19 13:51:29,542] multiqc                                            [DEBUG  ]  No samples found: bowtie1
[2019-11-19 13:51:29,548] multiqc                                            [DEBUG  ]  No samples found: kat
[2019-11-19 13:51:29,554] multiqc                                            [DEBUG  ]  No samples found: leehom
[2019-11-19 13:51:29,561] multiqc                                            [DEBUG  ]  No samples found: adapterRemoval
[2019-11-19 13:51:29,567] multiqc                                            [DEBUG  ]  No samples found: clipandmerge
[2019-11-19 13:51:29,573] multiqc                                            [DEBUG  ]  No samples found: cutadapt
[2019-11-19 13:51:29,579] multiqc                                            [DEBUG  ]  No samples found: flexbar
[2019-11-19 13:51:29,586] multiqc                                            [DEBUG  ]  No samples found: trimmomatic
[2019-11-19 13:51:29,592] multiqc                                            [DEBUG  ]  No samples found: skewer
[2019-11-19 13:51:29,599] multiqc                                            [DEBUG  ]  No samples found: sortmerna
[2019-11-19 13:51:29,605] multiqc                                            [DEBUG  ]  No samples found: biobloomtools
[2019-11-19 13:51:29,612] multiqc                                            [DEBUG  ]  No samples found: fastq_screen
[2019-11-19 13:51:29,618] multiqc                                            [DEBUG  ]  No samples found: afterqc
[2019-11-19 13:51:29,625] multiqc                                            [DEBUG  ]  No samples found: fastp
[2019-11-19 13:51:29,637] multiqc.modules.fastqc.fastqc                      [INFO   ]  Found 1 reports
[2019-11-19 13:51:29,726] multiqc                                            [DEBUG  ]  No samples found: minionqc
[2019-11-19 13:51:29,733] multiqc                                            [DEBUG  ]  No samples found: clusterflow
[2019-11-19 13:51:29,739] multiqc                                            [DEBUG  ]  No samples found: bcl2fastq
[2019-11-19 13:51:29,746] multiqc                                            [DEBUG  ]  No samples found: interop
[2019-11-19 13:51:29,752] multiqc                                            [DEBUG  ]  No samples found: flash
[2019-11-19 13:51:29,756] multiqc                                            [INFO   ]  Compressing plot data
[2019-11-19 13:51:29,806] multiqc                                            [INFO   ]  Report      : ../../../../../../../data/multiqc_report.html
[2019-11-19 13:51:29,806] multiqc                                            [INFO   ]  Data        : ../../../../../../../data/multiqc_data
[2019-11-19 13:51:29,806] multiqc                                            [DEBUG  ]  Moving data file from '/tmp/tmpj3i44q4b/multiqc_data/multiqc_general_stats.txt' to '/data/multiqc_data'
[2019-11-19 13:51:29,807] multiqc                                            [DEBUG  ]  Moving data file from '/tmp/tmpj3i44q4b/multiqc_data/multiqc_fastqc.txt' to '/data/multiqc_data'
[2019-11-19 13:51:29,807] multiqc                                            [DEBUG  ]  Moving data file from '/tmp/tmpj3i44q4b/multiqc_data/multiqc_data.json' to '/data/multiqc_data'
[2019-11-19 13:51:29,808] multiqc                                            [DEBUG  ]  Moving data file from '/tmp/tmpj3i44q4b/multiqc_data/multiqc_sources.txt' to '/data/multiqc_data'
[2019-11-19 13:51:30,019] multiqc                                            [INFO   ]  MultiQC complete
