[2019-11-19 13:16:21,892] multiqc                                            [DEBUG  ]  No MultiQC config found: /usr/lib/python3.6/site-packages/multiqc-1.7-py3.6.egg/multiqc_config.yaml
[2019-11-19 13:16:21,892] multiqc                                            [DEBUG  ]  No MultiQC config found: /root/.multiqc_config.yaml
[2019-11-19 13:16:21,892] multiqc                                            [DEBUG  ]  No MultiQC config found: multiqc_config.yaml
[2019-11-19 13:16:21,892] multiqc                                            [DEBUG  ]  Command used: /usr/bin/multiqc /data/HG00154.mapped.ILLUMINA.bwa.GBR.low_coverage.20101123_fastqc.zip -o /data
[2019-11-19 13:16:23,562] multiqc                                            [DEBUG  ]  Latest MultiQC version is v1.7
[2019-11-19 13:16:23,562] multiqc                                            [INFO   ]  This is MultiQC v1.7
[2019-11-19 13:16:23,563] multiqc                                            [DEBUG  ]  Command     : /usr/bin/multiqc /data/HG00154.mapped.ILLUMINA.bwa.GBR.low_coverage.20101123_fastqc.zip -o /data
[2019-11-19 13:16:23,563] multiqc                                            [DEBUG  ]  Working dir : /var/lib/toil/toil-9b56b740-ccba-4b13-b998-c6aabca34938-69d14ae953f0400cbe6f0dc87a7486c9/tmp2cmA_J/deb203fe-7d9a-451f-b6a4-ddd5bb64c5d0/t4gCq9X
[2019-11-19 13:16:23,563] multiqc                                            [INFO   ]  Template    : default
[2019-11-19 13:16:23,563] multiqc                                            [INFO   ]  Searching '/data/HG00154.mapped.ILLUMINA.bwa.GBR.low_coverage.20101123_fastqc.zip'
[2019-11-19 13:16:23,563] multiqc                                            [DEBUG  ]  Analysing modules: custom_content, conpair, peddy, methylQA, phantompeakqualtools, qualimap, preseq, quast, qorts, rna_seqc, rsem, rseqc, busco, goleft_indexcov, disambiguate, supernova, deeptools, sargasso, verifybamid, mirtrace, happy, homer, macs2, theta2, snpeff, gatk, htseq, bcftools, featureCounts, dedup, damageprofiler, picard, prokka, samblaster, samtools, bamtools, jellyfish, vcftools, longranger, stacks, bbmap, bismark, biscuit, hicexplorer, hicup, hicpro, salmon, kallisto, slamdunk, star, hisat2, tophat, bowtie2, bowtie1, kat, leehom, adapterRemoval, clipandmerge, cutadapt, flexbar, trimmomatic, skewer, sortmerna, biobloomtools, fastq_screen, afterqc, fastp, fastqc, minionqc, clusterflow, bcl2fastq, interop, flash
[2019-11-19 13:16:23,564] multiqc                                            [DEBUG  ]  Using temporary directory for creating report: /tmp/tmp3bjl48h8
[2019-11-19 13:16:24,591] multiqc                                            [DEBUG  ]  No samples found: custom_content
[2019-11-19 13:16:24,597] multiqc                                            [DEBUG  ]  No samples found: conpair
[2019-11-19 13:16:24,604] multiqc                                            [DEBUG  ]  No samples found: peddy
[2019-11-19 13:16:24,610] multiqc                                            [DEBUG  ]  No samples found: methylQA
[2019-11-19 13:16:24,617] multiqc                                            [DEBUG  ]  No samples found: phantompeakqualtools
[2019-11-19 13:16:24,625] multiqc                                            [DEBUG  ]  No samples found: qualimap
[2019-11-19 13:16:24,632] multiqc                                            [DEBUG  ]  No samples found: preseq
[2019-11-19 13:16:24,638] multiqc                                            [DEBUG  ]  No samples found: quast
[2019-11-19 13:16:24,645] multiqc                                            [DEBUG  ]  No samples found: qorts
[2019-11-19 13:16:24,652] multiqc                                            [DEBUG  ]  No samples found: rna_seqc
[2019-11-19 13:16:24,658] multiqc                                            [DEBUG  ]  No samples found: rsem
[2019-11-19 13:16:24,670] multiqc                                            [DEBUG  ]  No samples found: rseqc
[2019-11-19 13:16:24,676] multiqc                                            [DEBUG  ]  No samples found: busco
[2019-11-19 13:16:24,682] multiqc                                            [DEBUG  ]  No samples found: goleft_indexcov
[2019-11-19 13:16:24,689] multiqc                                            [DEBUG  ]  No samples found: disambiguate
[2019-11-19 13:16:24,695] multiqc                                            [DEBUG  ]  No samples found: supernova
[2019-11-19 13:16:24,708] multiqc                                            [DEBUG  ]  No samples found: deeptools
[2019-11-19 13:16:24,715] multiqc                                            [DEBUG  ]  No samples found: sargasso
[2019-11-19 13:16:24,721] multiqc                                            [DEBUG  ]  No samples found: verifybamid
[2019-11-19 13:16:24,728] multiqc                                            [DEBUG  ]  No samples found: mirtrace
[2019-11-19 13:16:24,734] multiqc                                            [DEBUG  ]  No samples found: happy
[2019-11-19 13:16:24,742] multiqc                                            [DEBUG  ]  No samples found: homer
[2019-11-19 13:16:24,749] multiqc                                            [DEBUG  ]  No samples found: macs2
[2019-11-19 13:16:24,756] multiqc                                            [DEBUG  ]  No samples found: theta2
[2019-11-19 13:16:24,763] multiqc                                            [DEBUG  ]  No samples found: snpeff
[2019-11-19 13:16:24,772] multiqc                                            [DEBUG  ]  No samples found: gatk
[2019-11-19 13:16:24,779] multiqc                                            [DEBUG  ]  No samples found: htseq
[2019-11-19 13:16:24,786] multiqc                                            [DEBUG  ]  No samples found: bcftools
[2019-11-19 13:16:24,793] multiqc                                            [DEBUG  ]  No samples found: featureCounts
[2019-11-19 13:16:24,800] multiqc                                            [DEBUG  ]  No samples found: dedup
[2019-11-19 13:16:24,807] multiqc                                            [DEBUG  ]  No samples found: damageprofiler
[2019-11-19 13:16:24,824] multiqc                                            [DEBUG  ]  No samples found: picard
[2019-11-19 13:16:24,834] multiqc                                            [DEBUG  ]  No samples found: prokka
[2019-11-19 13:16:24,841] multiqc                                            [DEBUG  ]  No samples found: samblaster
[2019-11-19 13:16:24,853] multiqc                                            [DEBUG  ]  No samples found: samtools
[2019-11-19 13:16:24,860] multiqc                                            [DEBUG  ]  No samples found: bamtools
[2019-11-19 13:16:24,867] multiqc                                            [DEBUG  ]  No samples found: jellyfish
[2019-11-19 13:16:24,877] multiqc                                            [DEBUG  ]  No samples found: vcftools
[2019-11-19 13:16:24,884] multiqc                                            [DEBUG  ]  No samples found: longranger
[2019-11-19 13:16:24,891] multiqc                                            [DEBUG  ]  No samples found: stacks
[2019-11-19 13:16:24,909] multiqc                                            [DEBUG  ]  No samples found: bbmap
[2019-11-19 13:16:24,917] multiqc                                            [DEBUG  ]  No samples found: bismark
[2019-11-19 13:16:24,925] multiqc                                            [DEBUG  ]  No samples found: biscuit
[2019-11-19 13:16:24,932] multiqc                                            [DEBUG  ]  No samples found: hicexplorer
[2019-11-19 13:16:24,939] multiqc                                            [DEBUG  ]  No samples found: hicup
[2019-11-19 13:16:24,945] multiqc                                            [DEBUG  ]  No samples found: hicpro
[2019-11-19 13:16:24,952] multiqc                                            [DEBUG  ]  No samples found: salmon
[2019-11-19 13:16:24,959] multiqc                                            [DEBUG  ]  No samples found: kallisto
[2019-11-19 13:16:24,966] multiqc                                            [DEBUG  ]  No samples found: slamdunk
[2019-11-19 13:16:24,973] multiqc                                            [DEBUG  ]  No samples found: star
[2019-11-19 13:16:24,979] multiqc                                            [DEBUG  ]  No samples found: hisat2
[2019-11-19 13:16:24,986] multiqc                                            [DEBUG  ]  No samples found: tophat
[2019-11-19 13:16:24,993] multiqc                                            [DEBUG  ]  No samples found: bowtie2
[2019-11-19 13:16:25,000] multiqc                                            [DEBUG  ]  No samples found: bowtie1
[2019-11-19 13:16:25,006] multiqc                                            [DEBUG  ]  No samples found: kat
[2019-11-19 13:16:25,013] multiqc                                            [DEBUG  ]  No samples found: leehom
[2019-11-19 13:16:25,020] multiqc                                            [DEBUG  ]  No samples found: adapterRemoval
[2019-11-19 13:16:25,027] multiqc                                            [DEBUG  ]  No samples found: clipandmerge
[2019-11-19 13:16:25,033] multiqc                                            [DEBUG  ]  No samples found: cutadapt
[2019-11-19 13:16:25,040] multiqc                                            [DEBUG  ]  No samples found: flexbar
[2019-11-19 13:16:25,047] multiqc                                            [DEBUG  ]  No samples found: trimmomatic
[2019-11-19 13:16:25,054] multiqc                                            [DEBUG  ]  No samples found: skewer
[2019-11-19 13:16:25,061] multiqc                                            [DEBUG  ]  No samples found: sortmerna
[2019-11-19 13:16:25,068] multiqc                                            [DEBUG  ]  No samples found: biobloomtools
[2019-11-19 13:16:25,075] multiqc                                            [DEBUG  ]  No samples found: fastq_screen
[2019-11-19 13:16:25,082] multiqc                                            [DEBUG  ]  No samples found: afterqc
[2019-11-19 13:16:25,089] multiqc                                            [DEBUG  ]  No samples found: fastp
[2019-11-19 13:16:25,101] multiqc.modules.fastqc.fastqc                      [INFO   ]  Found 1 reports
[2019-11-19 13:16:25,218] multiqc                                            [DEBUG  ]  No samples found: minionqc
[2019-11-19 13:16:25,225] multiqc                                            [DEBUG  ]  No samples found: clusterflow
[2019-11-19 13:16:25,232] multiqc                                            [DEBUG  ]  No samples found: bcl2fastq
[2019-11-19 13:16:25,239] multiqc                                            [DEBUG  ]  No samples found: interop
[2019-11-19 13:16:25,245] multiqc                                            [DEBUG  ]  No samples found: flash
[2019-11-19 13:16:25,250] multiqc                                            [INFO   ]  Compressing plot data
[2019-11-19 13:16:25,300] multiqc                                            [INFO   ]  Report      : ../../../../../../../data/multiqc_report.html
[2019-11-19 13:16:25,300] multiqc                                            [INFO   ]  Data        : ../../../../../../../data/multiqc_data
[2019-11-19 13:16:25,301] multiqc                                            [DEBUG  ]  Moving data file from '/tmp/tmp3bjl48h8/multiqc_data/multiqc_general_stats.txt' to '/data/multiqc_data'
[2019-11-19 13:16:25,301] multiqc                                            [DEBUG  ]  Moving data file from '/tmp/tmp3bjl48h8/multiqc_data/multiqc_fastqc.txt' to '/data/multiqc_data'
[2019-11-19 13:16:25,302] multiqc                                            [DEBUG  ]  Moving data file from '/tmp/tmp3bjl48h8/multiqc_data/multiqc_data.json' to '/data/multiqc_data'
[2019-11-19 13:16:25,302] multiqc                                            [DEBUG  ]  Moving data file from '/tmp/tmp3bjl48h8/multiqc_data/multiqc_sources.txt' to '/data/multiqc_data'
[2019-11-19 13:16:25,518] multiqc                                            [INFO   ]  MultiQC complete
