[2019-11-19 12:07:47,129] multiqc                                            [DEBUG  ]  No MultiQC config found: /usr/lib/python3.6/site-packages/multiqc-1.7-py3.6.egg/multiqc_config.yaml
[2019-11-19 12:07:47,130] multiqc                                            [DEBUG  ]  No MultiQC config found: /root/.multiqc_config.yaml
[2019-11-19 12:07:47,130] multiqc                                            [DEBUG  ]  No MultiQC config found: multiqc_config.yaml
[2019-11-19 12:07:47,130] multiqc                                            [DEBUG  ]  Command used: /usr/bin/multiqc /data/HG00143.mapped.ILLUMINA.bwa.GBR.low_coverage.20101123_fastqc.zip -o /data
[2019-11-19 12:07:48,790] multiqc                                            [DEBUG  ]  Latest MultiQC version is v1.7
[2019-11-19 12:07:48,790] multiqc                                            [INFO   ]  This is MultiQC v1.7
[2019-11-19 12:07:48,790] multiqc                                            [DEBUG  ]  Command     : /usr/bin/multiqc /data/HG00143.mapped.ILLUMINA.bwa.GBR.low_coverage.20101123_fastqc.zip -o /data
[2019-11-19 12:07:48,790] multiqc                                            [DEBUG  ]  Working dir : /var/lib/toil/toil-9b56b740-ccba-4b13-b998-c6aabca34938-69d14ae953f0400cbe6f0dc87a7486c9/tmpGnFikx/421d1a78-bd35-46c6-93ce-0a57a5f8865c/t4t9mRE
[2019-11-19 12:07:48,790] multiqc                                            [INFO   ]  Template    : default
[2019-11-19 12:07:48,790] multiqc                                            [INFO   ]  Searching '/data/HG00143.mapped.ILLUMINA.bwa.GBR.low_coverage.20101123_fastqc.zip'
[2019-11-19 12:07:48,791] multiqc                                            [DEBUG  ]  Analysing modules: custom_content, conpair, peddy, methylQA, phantompeakqualtools, qualimap, preseq, quast, qorts, rna_seqc, rsem, rseqc, busco, goleft_indexcov, disambiguate, supernova, deeptools, sargasso, verifybamid, mirtrace, happy, homer, macs2, theta2, snpeff, gatk, htseq, bcftools, featureCounts, dedup, damageprofiler, picard, prokka, samblaster, samtools, bamtools, jellyfish, vcftools, longranger, stacks, bbmap, bismark, biscuit, hicexplorer, hicup, hicpro, salmon, kallisto, slamdunk, star, hisat2, tophat, bowtie2, bowtie1, kat, leehom, adapterRemoval, clipandmerge, cutadapt, flexbar, trimmomatic, skewer, sortmerna, biobloomtools, fastq_screen, afterqc, fastp, fastqc, minionqc, clusterflow, bcl2fastq, interop, flash
[2019-11-19 12:07:48,791] multiqc                                            [DEBUG  ]  Using temporary directory for creating report: /tmp/tmpwqbimscw
[2019-11-19 12:07:49,534] multiqc                                            [DEBUG  ]  No samples found: custom_content
[2019-11-19 12:07:49,538] multiqc                                            [DEBUG  ]  No samples found: conpair
[2019-11-19 12:07:49,543] multiqc                                            [DEBUG  ]  No samples found: peddy
[2019-11-19 12:07:49,548] multiqc                                            [DEBUG  ]  No samples found: methylQA
[2019-11-19 12:07:49,555] multiqc                                            [DEBUG  ]  No samples found: phantompeakqualtools
[2019-11-19 12:07:49,563] multiqc                                            [DEBUG  ]  No samples found: qualimap
[2019-11-19 12:07:49,571] multiqc                                            [DEBUG  ]  No samples found: preseq
[2019-11-19 12:07:49,579] multiqc                                            [DEBUG  ]  No samples found: quast
[2019-11-19 12:07:49,586] multiqc                                            [DEBUG  ]  No samples found: qorts
[2019-11-19 12:07:49,594] multiqc                                            [DEBUG  ]  No samples found: rna_seqc
[2019-11-19 12:07:49,601] multiqc                                            [DEBUG  ]  No samples found: rsem
[2019-11-19 12:07:49,613] multiqc                                            [DEBUG  ]  No samples found: rseqc
[2019-11-19 12:07:49,617] multiqc                                            [DEBUG  ]  No samples found: busco
[2019-11-19 12:07:49,622] multiqc                                            [DEBUG  ]  No samples found: goleft_indexcov
[2019-11-19 12:07:49,626] multiqc                                            [DEBUG  ]  No samples found: disambiguate
[2019-11-19 12:07:49,631] multiqc                                            [DEBUG  ]  No samples found: supernova
[2019-11-19 12:07:49,641] multiqc                                            [DEBUG  ]  No samples found: deeptools
[2019-11-19 12:07:49,646] multiqc                                            [DEBUG  ]  No samples found: sargasso
[2019-11-19 12:07:49,653] multiqc                                            [DEBUG  ]  No samples found: verifybamid
[2019-11-19 12:07:49,657] multiqc                                            [DEBUG  ]  No samples found: mirtrace
[2019-11-19 12:07:49,661] multiqc                                            [DEBUG  ]  No samples found: happy
[2019-11-19 12:07:49,667] multiqc                                            [DEBUG  ]  No samples found: homer
[2019-11-19 12:07:49,671] multiqc                                            [DEBUG  ]  No samples found: macs2
[2019-11-19 12:07:49,675] multiqc                                            [DEBUG  ]  No samples found: theta2
[2019-11-19 12:07:49,680] multiqc                                            [DEBUG  ]  No samples found: snpeff
[2019-11-19 12:07:49,686] multiqc                                            [DEBUG  ]  No samples found: gatk
[2019-11-19 12:07:49,690] multiqc                                            [DEBUG  ]  No samples found: htseq
[2019-11-19 12:07:49,695] multiqc                                            [DEBUG  ]  No samples found: bcftools
[2019-11-19 12:07:49,699] multiqc                                            [DEBUG  ]  No samples found: featureCounts
[2019-11-19 12:07:49,703] multiqc                                            [DEBUG  ]  No samples found: dedup
[2019-11-19 12:07:49,707] multiqc                                            [DEBUG  ]  No samples found: damageprofiler
[2019-11-19 12:07:49,722] multiqc                                            [DEBUG  ]  No samples found: picard
[2019-11-19 12:07:49,727] multiqc                                            [DEBUG  ]  No samples found: prokka
[2019-11-19 12:07:49,731] multiqc                                            [DEBUG  ]  No samples found: samblaster
[2019-11-19 12:07:49,738] multiqc                                            [DEBUG  ]  No samples found: samtools
[2019-11-19 12:07:49,743] multiqc                                            [DEBUG  ]  No samples found: bamtools
[2019-11-19 12:07:49,748] multiqc                                            [DEBUG  ]  No samples found: jellyfish
[2019-11-19 12:07:49,758] multiqc                                            [DEBUG  ]  No samples found: vcftools
[2019-11-19 12:07:49,763] multiqc                                            [DEBUG  ]  No samples found: longranger
[2019-11-19 12:07:49,768] multiqc                                            [DEBUG  ]  No samples found: stacks
[2019-11-19 12:07:49,779] multiqc                                            [DEBUG  ]  No samples found: bbmap
[2019-11-19 12:07:49,784] multiqc                                            [DEBUG  ]  No samples found: bismark
[2019-11-19 12:07:49,789] multiqc                                            [DEBUG  ]  No samples found: biscuit
[2019-11-19 12:07:49,793] multiqc                                            [DEBUG  ]  No samples found: hicexplorer
[2019-11-19 12:07:49,797] multiqc                                            [DEBUG  ]  No samples found: hicup
[2019-11-19 12:07:49,802] multiqc                                            [DEBUG  ]  No samples found: hicpro
[2019-11-19 12:07:49,806] multiqc                                            [DEBUG  ]  No samples found: salmon
[2019-11-19 12:07:49,810] multiqc                                            [DEBUG  ]  No samples found: kallisto
[2019-11-19 12:07:49,815] multiqc                                            [DEBUG  ]  No samples found: slamdunk
[2019-11-19 12:07:49,819] multiqc                                            [DEBUG  ]  No samples found: star
[2019-11-19 12:07:49,823] multiqc                                            [DEBUG  ]  No samples found: hisat2
[2019-11-19 12:07:49,828] multiqc                                            [DEBUG  ]  No samples found: tophat
[2019-11-19 12:07:49,832] multiqc                                            [DEBUG  ]  No samples found: bowtie2
[2019-11-19 12:07:49,837] multiqc                                            [DEBUG  ]  No samples found: bowtie1
[2019-11-19 12:07:49,841] multiqc                                            [DEBUG  ]  No samples found: kat
[2019-11-19 12:07:49,845] multiqc                                            [DEBUG  ]  No samples found: leehom
[2019-11-19 12:07:49,849] multiqc                                            [DEBUG  ]  No samples found: adapterRemoval
[2019-11-19 12:07:49,854] multiqc                                            [DEBUG  ]  No samples found: clipandmerge
[2019-11-19 12:07:49,858] multiqc                                            [DEBUG  ]  No samples found: cutadapt
[2019-11-19 12:07:49,862] multiqc                                            [DEBUG  ]  No samples found: flexbar
[2019-11-19 12:07:49,867] multiqc                                            [DEBUG  ]  No samples found: trimmomatic
[2019-11-19 12:07:49,871] multiqc                                            [DEBUG  ]  No samples found: skewer
[2019-11-19 12:07:49,876] multiqc                                            [DEBUG  ]  No samples found: sortmerna
[2019-11-19 12:07:49,880] multiqc                                            [DEBUG  ]  No samples found: biobloomtools
[2019-11-19 12:07:49,885] multiqc                                            [DEBUG  ]  No samples found: fastq_screen
[2019-11-19 12:07:49,889] multiqc                                            [DEBUG  ]  No samples found: afterqc
[2019-11-19 12:07:49,896] multiqc                                            [DEBUG  ]  No samples found: fastp
[2019-11-19 12:07:49,904] multiqc.modules.fastqc.fastqc                      [INFO   ]  Found 1 reports
[2019-11-19 12:07:49,961] multiqc                                            [DEBUG  ]  No samples found: minionqc
[2019-11-19 12:07:49,965] multiqc                                            [DEBUG  ]  No samples found: clusterflow
[2019-11-19 12:07:49,969] multiqc                                            [DEBUG  ]  No samples found: bcl2fastq
[2019-11-19 12:07:49,974] multiqc                                            [DEBUG  ]  No samples found: interop
[2019-11-19 12:07:49,978] multiqc                                            [DEBUG  ]  No samples found: flash
[2019-11-19 12:07:49,981] multiqc                                            [INFO   ]  Compressing plot data
[2019-11-19 12:07:50,010] multiqc                                            [INFO   ]  Report      : ../../../../../../../data/multiqc_report.html
[2019-11-19 12:07:50,010] multiqc                                            [INFO   ]  Data        : ../../../../../../../data/multiqc_data
[2019-11-19 12:07:50,010] multiqc                                            [DEBUG  ]  Moving data file from '/tmp/tmpwqbimscw/multiqc_data/multiqc_general_stats.txt' to '/data/multiqc_data'
[2019-11-19 12:07:50,010] multiqc                                            [DEBUG  ]  Moving data file from '/tmp/tmpwqbimscw/multiqc_data/multiqc_fastqc.txt' to '/data/multiqc_data'
[2019-11-19 12:07:50,010] multiqc                                            [DEBUG  ]  Moving data file from '/tmp/tmpwqbimscw/multiqc_data/multiqc_data.json' to '/data/multiqc_data'
[2019-11-19 12:07:50,011] multiqc                                            [DEBUG  ]  Moving data file from '/tmp/tmpwqbimscw/multiqc_data/multiqc_sources.txt' to '/data/multiqc_data'
[2019-11-19 12:07:50,147] multiqc                                            [INFO   ]  MultiQC complete
