[2019-11-19 06:47:55,768] multiqc                                            [DEBUG  ]  No MultiQC config found: /usr/lib/python3.6/site-packages/multiqc-1.7-py3.6.egg/multiqc_config.yaml
[2019-11-19 06:47:55,768] multiqc                                            [DEBUG  ]  No MultiQC config found: /root/.multiqc_config.yaml
[2019-11-19 06:47:55,768] multiqc                                            [DEBUG  ]  No MultiQC config found: multiqc_config.yaml
[2019-11-19 06:47:55,768] multiqc                                            [DEBUG  ]  Command used: /usr/bin/multiqc /data/HG00097.unmapped.SOLID.bfast.GBR.low_coverage.20101123_fastqc.zip -o /data
[2019-11-19 06:47:57,530] multiqc                                            [DEBUG  ]  Latest MultiQC version is v1.7
[2019-11-19 06:47:57,530] multiqc                                            [INFO   ]  This is MultiQC v1.7
[2019-11-19 06:47:57,531] multiqc                                            [DEBUG  ]  Command     : /usr/bin/multiqc /data/HG00097.unmapped.SOLID.bfast.GBR.low_coverage.20101123_fastqc.zip -o /data
[2019-11-19 06:47:57,531] multiqc                                            [DEBUG  ]  Working dir : /var/lib/toil/toil-9b56b740-ccba-4b13-b998-c6aabca34938-69d14ae953f0400cbe6f0dc87a7486c9/tmplRrQIT/cba67bee-0da5-45ef-a0cf-c0ebf2abcc1e/tk7Pz1Q
[2019-11-19 06:47:57,531] multiqc                                            [INFO   ]  Template    : default
[2019-11-19 06:47:57,531] multiqc                                            [INFO   ]  Searching '/data/HG00097.unmapped.SOLID.bfast.GBR.low_coverage.20101123_fastqc.zip'
[2019-11-19 06:47:57,531] multiqc                                            [DEBUG  ]  Analysing modules: custom_content, conpair, peddy, methylQA, phantompeakqualtools, qualimap, preseq, quast, qorts, rna_seqc, rsem, rseqc, busco, goleft_indexcov, disambiguate, supernova, deeptools, sargasso, verifybamid, mirtrace, happy, homer, macs2, theta2, snpeff, gatk, htseq, bcftools, featureCounts, dedup, damageprofiler, picard, prokka, samblaster, samtools, bamtools, jellyfish, vcftools, longranger, stacks, bbmap, bismark, biscuit, hicexplorer, hicup, hicpro, salmon, kallisto, slamdunk, star, hisat2, tophat, bowtie2, bowtie1, kat, leehom, adapterRemoval, clipandmerge, cutadapt, flexbar, trimmomatic, skewer, sortmerna, biobloomtools, fastq_screen, afterqc, fastp, fastqc, minionqc, clusterflow, bcl2fastq, interop, flash
[2019-11-19 06:47:57,531] multiqc                                            [DEBUG  ]  Using temporary directory for creating report: /tmp/tmp3hzz61bx
[2019-11-19 06:47:58,139] multiqc                                            [DEBUG  ]  No samples found: custom_content
[2019-11-19 06:47:58,144] multiqc                                            [DEBUG  ]  No samples found: conpair
[2019-11-19 06:47:58,148] multiqc                                            [DEBUG  ]  No samples found: peddy
[2019-11-19 06:47:58,151] multiqc                                            [DEBUG  ]  No samples found: methylQA
[2019-11-19 06:47:58,155] multiqc                                            [DEBUG  ]  No samples found: phantompeakqualtools
[2019-11-19 06:47:58,159] multiqc                                            [DEBUG  ]  No samples found: qualimap
[2019-11-19 06:47:58,163] multiqc                                            [DEBUG  ]  No samples found: preseq
[2019-11-19 06:47:58,166] multiqc                                            [DEBUG  ]  No samples found: quast
[2019-11-19 06:47:58,170] multiqc                                            [DEBUG  ]  No samples found: qorts
[2019-11-19 06:47:58,173] multiqc                                            [DEBUG  ]  No samples found: rna_seqc
[2019-11-19 06:47:58,177] multiqc                                            [DEBUG  ]  No samples found: rsem
[2019-11-19 06:47:58,185] multiqc                                            [DEBUG  ]  No samples found: rseqc
[2019-11-19 06:47:58,189] multiqc                                            [DEBUG  ]  No samples found: busco
[2019-11-19 06:47:58,192] multiqc                                            [DEBUG  ]  No samples found: goleft_indexcov
[2019-11-19 06:47:58,195] multiqc                                            [DEBUG  ]  No samples found: disambiguate
[2019-11-19 06:47:58,199] multiqc                                            [DEBUG  ]  No samples found: supernova
[2019-11-19 06:47:58,206] multiqc                                            [DEBUG  ]  No samples found: deeptools
[2019-11-19 06:47:58,209] multiqc                                            [DEBUG  ]  No samples found: sargasso
[2019-11-19 06:47:58,213] multiqc                                            [DEBUG  ]  No samples found: verifybamid
[2019-11-19 06:47:58,216] multiqc                                            [DEBUG  ]  No samples found: mirtrace
[2019-11-19 06:47:58,219] multiqc                                            [DEBUG  ]  No samples found: happy
[2019-11-19 06:47:58,224] multiqc                                            [DEBUG  ]  No samples found: homer
[2019-11-19 06:47:58,227] multiqc                                            [DEBUG  ]  No samples found: macs2
[2019-11-19 06:47:58,230] multiqc                                            [DEBUG  ]  No samples found: theta2
[2019-11-19 06:47:58,233] multiqc                                            [DEBUG  ]  No samples found: snpeff
[2019-11-19 06:47:58,238] multiqc                                            [DEBUG  ]  No samples found: gatk
[2019-11-19 06:47:58,241] multiqc                                            [DEBUG  ]  No samples found: htseq
[2019-11-19 06:47:58,245] multiqc                                            [DEBUG  ]  No samples found: bcftools
[2019-11-19 06:47:58,248] multiqc                                            [DEBUG  ]  No samples found: featureCounts
[2019-11-19 06:47:58,251] multiqc                                            [DEBUG  ]  No samples found: dedup
[2019-11-19 06:47:58,255] multiqc                                            [DEBUG  ]  No samples found: damageprofiler
[2019-11-19 06:47:58,264] multiqc                                            [DEBUG  ]  No samples found: picard
[2019-11-19 06:47:58,267] multiqc                                            [DEBUG  ]  No samples found: prokka
[2019-11-19 06:47:58,271] multiqc                                            [DEBUG  ]  No samples found: samblaster
[2019-11-19 06:47:58,277] multiqc                                            [DEBUG  ]  No samples found: samtools
[2019-11-19 06:47:58,281] multiqc                                            [DEBUG  ]  No samples found: bamtools
[2019-11-19 06:47:58,284] multiqc                                            [DEBUG  ]  No samples found: jellyfish
[2019-11-19 06:47:58,289] multiqc                                            [DEBUG  ]  No samples found: vcftools
[2019-11-19 06:47:58,292] multiqc                                            [DEBUG  ]  No samples found: longranger
[2019-11-19 06:47:58,296] multiqc                                            [DEBUG  ]  No samples found: stacks
[2019-11-19 06:47:58,303] multiqc                                            [DEBUG  ]  No samples found: bbmap
[2019-11-19 06:47:58,307] multiqc                                            [DEBUG  ]  No samples found: bismark
[2019-11-19 06:47:58,311] multiqc                                            [DEBUG  ]  No samples found: biscuit
[2019-11-19 06:47:58,315] multiqc                                            [DEBUG  ]  No samples found: hicexplorer
[2019-11-19 06:47:58,318] multiqc                                            [DEBUG  ]  No samples found: hicup
[2019-11-19 06:47:58,322] multiqc                                            [DEBUG  ]  No samples found: hicpro
[2019-11-19 06:47:58,325] multiqc                                            [DEBUG  ]  No samples found: salmon
[2019-11-19 06:47:58,329] multiqc                                            [DEBUG  ]  No samples found: kallisto
[2019-11-19 06:47:58,332] multiqc                                            [DEBUG  ]  No samples found: slamdunk
[2019-11-19 06:47:58,335] multiqc                                            [DEBUG  ]  No samples found: star
[2019-11-19 06:47:58,339] multiqc                                            [DEBUG  ]  No samples found: hisat2
[2019-11-19 06:47:58,342] multiqc                                            [DEBUG  ]  No samples found: tophat
[2019-11-19 06:47:58,345] multiqc                                            [DEBUG  ]  No samples found: bowtie2
[2019-11-19 06:47:58,348] multiqc                                            [DEBUG  ]  No samples found: bowtie1
[2019-11-19 06:47:58,352] multiqc                                            [DEBUG  ]  No samples found: kat
[2019-11-19 06:47:58,355] multiqc                                            [DEBUG  ]  No samples found: leehom
[2019-11-19 06:47:58,358] multiqc                                            [DEBUG  ]  No samples found: adapterRemoval
[2019-11-19 06:47:58,361] multiqc                                            [DEBUG  ]  No samples found: clipandmerge
[2019-11-19 06:47:58,365] multiqc                                            [DEBUG  ]  No samples found: cutadapt
[2019-11-19 06:47:58,368] multiqc                                            [DEBUG  ]  No samples found: flexbar
[2019-11-19 06:47:58,372] multiqc                                            [DEBUG  ]  No samples found: trimmomatic
[2019-11-19 06:47:58,375] multiqc                                            [DEBUG  ]  No samples found: skewer
[2019-11-19 06:47:58,378] multiqc                                            [DEBUG  ]  No samples found: sortmerna
[2019-11-19 06:47:58,381] multiqc                                            [DEBUG  ]  No samples found: biobloomtools
[2019-11-19 06:47:58,385] multiqc                                            [DEBUG  ]  No samples found: fastq_screen
[2019-11-19 06:47:58,388] multiqc                                            [DEBUG  ]  No samples found: afterqc
[2019-11-19 06:47:58,391] multiqc                                            [DEBUG  ]  No samples found: fastp
[2019-11-19 06:47:58,400] multiqc.modules.fastqc.fastqc                      [INFO   ]  Found 1 reports
[2019-11-19 06:47:58,446] multiqc                                            [DEBUG  ]  No samples found: minionqc
[2019-11-19 06:47:58,449] multiqc                                            [DEBUG  ]  No samples found: clusterflow
[2019-11-19 06:47:58,453] multiqc                                            [DEBUG  ]  No samples found: bcl2fastq
[2019-11-19 06:47:58,456] multiqc                                            [DEBUG  ]  No samples found: interop
[2019-11-19 06:47:58,460] multiqc                                            [DEBUG  ]  No samples found: flash
[2019-11-19 06:47:58,463] multiqc                                            [INFO   ]  Compressing plot data
[2019-11-19 06:47:58,490] multiqc                                            [INFO   ]  Report      : ../../../../../../../data/multiqc_report.html
[2019-11-19 06:47:58,490] multiqc                                            [INFO   ]  Data        : ../../../../../../../data/multiqc_data
[2019-11-19 06:47:58,490] multiqc                                            [DEBUG  ]  Moving data file from '/tmp/tmp3hzz61bx/multiqc_data/multiqc_general_stats.txt' to '/data/multiqc_data'
[2019-11-19 06:47:58,490] multiqc                                            [DEBUG  ]  Moving data file from '/tmp/tmp3hzz61bx/multiqc_data/multiqc_fastqc.txt' to '/data/multiqc_data'
[2019-11-19 06:47:58,491] multiqc                                            [DEBUG  ]  Moving data file from '/tmp/tmp3hzz61bx/multiqc_data/multiqc_data.json' to '/data/multiqc_data'
[2019-11-19 06:47:58,491] multiqc                                            [DEBUG  ]  Moving data file from '/tmp/tmp3hzz61bx/multiqc_data/multiqc_sources.txt' to '/data/multiqc_data'
[2019-11-19 06:47:58,611] multiqc                                            [INFO   ]  MultiQC complete
