[2019-11-19 14:36:09,752] multiqc                                            [DEBUG  ]  No MultiQC config found: /usr/lib/python3.6/site-packages/multiqc-1.7-py3.6.egg/multiqc_config.yaml
[2019-11-19 14:36:09,752] multiqc                                            [DEBUG  ]  No MultiQC config found: /root/.multiqc_config.yaml
[2019-11-19 14:36:09,753] multiqc                                            [DEBUG  ]  No MultiQC config found: multiqc_config.yaml
[2019-11-19 14:36:09,753] multiqc                                            [DEBUG  ]  Command used: /usr/bin/multiqc /data/HG00246.unmapped.ILLUMINA.bwa.GBR.low_coverage.20101123_fastqc.zip -o /data
[2019-11-19 14:36:11,414] multiqc                                            [DEBUG  ]  Latest MultiQC version is v1.7
[2019-11-19 14:36:11,414] multiqc                                            [INFO   ]  This is MultiQC v1.7
[2019-11-19 14:36:11,415] multiqc                                            [DEBUG  ]  Command     : /usr/bin/multiqc /data/HG00246.unmapped.ILLUMINA.bwa.GBR.low_coverage.20101123_fastqc.zip -o /data
[2019-11-19 14:36:11,415] multiqc                                            [DEBUG  ]  Working dir : /var/lib/toil/toil-9b56b740-ccba-4b13-b998-c6aabca34938-69d14ae953f0400cbe6f0dc87a7486c9/tmpfenS7Z/a1a86be9-46df-4a3d-8d0e-2c9fda690afc/tDxgxxe
[2019-11-19 14:36:11,415] multiqc                                            [INFO   ]  Template    : default
[2019-11-19 14:36:11,415] multiqc                                            [INFO   ]  Searching '/data/HG00246.unmapped.ILLUMINA.bwa.GBR.low_coverage.20101123_fastqc.zip'
[2019-11-19 14:36:11,415] multiqc                                            [DEBUG  ]  Analysing modules: custom_content, conpair, peddy, methylQA, phantompeakqualtools, qualimap, preseq, quast, qorts, rna_seqc, rsem, rseqc, busco, goleft_indexcov, disambiguate, supernova, deeptools, sargasso, verifybamid, mirtrace, happy, homer, macs2, theta2, snpeff, gatk, htseq, bcftools, featureCounts, dedup, damageprofiler, picard, prokka, samblaster, samtools, bamtools, jellyfish, vcftools, longranger, stacks, bbmap, bismark, biscuit, hicexplorer, hicup, hicpro, salmon, kallisto, slamdunk, star, hisat2, tophat, bowtie2, bowtie1, kat, leehom, adapterRemoval, clipandmerge, cutadapt, flexbar, trimmomatic, skewer, sortmerna, biobloomtools, fastq_screen, afterqc, fastp, fastqc, minionqc, clusterflow, bcl2fastq, interop, flash
[2019-11-19 14:36:11,415] multiqc                                            [DEBUG  ]  Using temporary directory for creating report: /tmp/tmpde7e1q1f
[2019-11-19 14:36:12,176] multiqc                                            [DEBUG  ]  No samples found: custom_content
[2019-11-19 14:36:12,181] multiqc                                            [DEBUG  ]  No samples found: conpair
[2019-11-19 14:36:12,186] multiqc                                            [DEBUG  ]  No samples found: peddy
[2019-11-19 14:36:12,189] multiqc                                            [DEBUG  ]  No samples found: methylQA
[2019-11-19 14:36:12,194] multiqc                                            [DEBUG  ]  No samples found: phantompeakqualtools
[2019-11-19 14:36:12,200] multiqc                                            [DEBUG  ]  No samples found: qualimap
[2019-11-19 14:36:12,204] multiqc                                            [DEBUG  ]  No samples found: preseq
[2019-11-19 14:36:12,209] multiqc                                            [DEBUG  ]  No samples found: quast
[2019-11-19 14:36:12,214] multiqc                                            [DEBUG  ]  No samples found: qorts
[2019-11-19 14:36:12,218] multiqc                                            [DEBUG  ]  No samples found: rna_seqc
[2019-11-19 14:36:12,224] multiqc                                            [DEBUG  ]  No samples found: rsem
[2019-11-19 14:36:12,233] multiqc                                            [DEBUG  ]  No samples found: rseqc
[2019-11-19 14:36:12,237] multiqc                                            [DEBUG  ]  No samples found: busco
[2019-11-19 14:36:12,241] multiqc                                            [DEBUG  ]  No samples found: goleft_indexcov
[2019-11-19 14:36:12,246] multiqc                                            [DEBUG  ]  No samples found: disambiguate
[2019-11-19 14:36:12,252] multiqc                                            [DEBUG  ]  No samples found: supernova
[2019-11-19 14:36:12,264] multiqc                                            [DEBUG  ]  No samples found: deeptools
[2019-11-19 14:36:12,270] multiqc                                            [DEBUG  ]  No samples found: sargasso
[2019-11-19 14:36:12,275] multiqc                                            [DEBUG  ]  No samples found: verifybamid
[2019-11-19 14:36:12,279] multiqc                                            [DEBUG  ]  No samples found: mirtrace
[2019-11-19 14:36:12,283] multiqc                                            [DEBUG  ]  No samples found: happy
[2019-11-19 14:36:12,289] multiqc                                            [DEBUG  ]  No samples found: homer
[2019-11-19 14:36:12,293] multiqc                                            [DEBUG  ]  No samples found: macs2
[2019-11-19 14:36:12,299] multiqc                                            [DEBUG  ]  No samples found: theta2
[2019-11-19 14:36:12,303] multiqc                                            [DEBUG  ]  No samples found: snpeff
[2019-11-19 14:36:12,310] multiqc                                            [DEBUG  ]  No samples found: gatk
[2019-11-19 14:36:12,314] multiqc                                            [DEBUG  ]  No samples found: htseq
[2019-11-19 14:36:12,318] multiqc                                            [DEBUG  ]  No samples found: bcftools
[2019-11-19 14:36:12,322] multiqc                                            [DEBUG  ]  No samples found: featureCounts
[2019-11-19 14:36:12,326] multiqc                                            [DEBUG  ]  No samples found: dedup
[2019-11-19 14:36:12,331] multiqc                                            [DEBUG  ]  No samples found: damageprofiler
[2019-11-19 14:36:12,343] multiqc                                            [DEBUG  ]  No samples found: picard
[2019-11-19 14:36:12,348] multiqc                                            [DEBUG  ]  No samples found: prokka
[2019-11-19 14:36:12,352] multiqc                                            [DEBUG  ]  No samples found: samblaster
[2019-11-19 14:36:12,360] multiqc                                            [DEBUG  ]  No samples found: samtools
[2019-11-19 14:36:12,365] multiqc                                            [DEBUG  ]  No samples found: bamtools
[2019-11-19 14:36:12,369] multiqc                                            [DEBUG  ]  No samples found: jellyfish
[2019-11-19 14:36:12,376] multiqc                                            [DEBUG  ]  No samples found: vcftools
[2019-11-19 14:36:12,381] multiqc                                            [DEBUG  ]  No samples found: longranger
[2019-11-19 14:36:12,386] multiqc                                            [DEBUG  ]  No samples found: stacks
[2019-11-19 14:36:12,399] multiqc                                            [DEBUG  ]  No samples found: bbmap
[2019-11-19 14:36:12,404] multiqc                                            [DEBUG  ]  No samples found: bismark
[2019-11-19 14:36:12,409] multiqc                                            [DEBUG  ]  No samples found: biscuit
[2019-11-19 14:36:12,413] multiqc                                            [DEBUG  ]  No samples found: hicexplorer
[2019-11-19 14:36:12,417] multiqc                                            [DEBUG  ]  No samples found: hicup
[2019-11-19 14:36:12,422] multiqc                                            [DEBUG  ]  No samples found: hicpro
[2019-11-19 14:36:12,426] multiqc                                            [DEBUG  ]  No samples found: salmon
[2019-11-19 14:36:12,430] multiqc                                            [DEBUG  ]  No samples found: kallisto
[2019-11-19 14:36:12,435] multiqc                                            [DEBUG  ]  No samples found: slamdunk
[2019-11-19 14:36:12,440] multiqc                                            [DEBUG  ]  No samples found: star
[2019-11-19 14:36:12,444] multiqc                                            [DEBUG  ]  No samples found: hisat2
[2019-11-19 14:36:12,449] multiqc                                            [DEBUG  ]  No samples found: tophat
[2019-11-19 14:36:12,454] multiqc                                            [DEBUG  ]  No samples found: bowtie2
[2019-11-19 14:36:12,458] multiqc                                            [DEBUG  ]  No samples found: bowtie1
[2019-11-19 14:36:12,462] multiqc                                            [DEBUG  ]  No samples found: kat
[2019-11-19 14:36:12,466] multiqc                                            [DEBUG  ]  No samples found: leehom
[2019-11-19 14:36:12,470] multiqc                                            [DEBUG  ]  No samples found: adapterRemoval
[2019-11-19 14:36:12,474] multiqc                                            [DEBUG  ]  No samples found: clipandmerge
[2019-11-19 14:36:12,478] multiqc                                            [DEBUG  ]  No samples found: cutadapt
[2019-11-19 14:36:12,483] multiqc                                            [DEBUG  ]  No samples found: flexbar
[2019-11-19 14:36:12,487] multiqc                                            [DEBUG  ]  No samples found: trimmomatic
[2019-11-19 14:36:12,491] multiqc                                            [DEBUG  ]  No samples found: skewer
[2019-11-19 14:36:12,496] multiqc                                            [DEBUG  ]  No samples found: sortmerna
[2019-11-19 14:36:12,501] multiqc                                            [DEBUG  ]  No samples found: biobloomtools
[2019-11-19 14:36:12,505] multiqc                                            [DEBUG  ]  No samples found: fastq_screen
[2019-11-19 14:36:12,509] multiqc                                            [DEBUG  ]  No samples found: afterqc
[2019-11-19 14:36:12,514] multiqc                                            [DEBUG  ]  No samples found: fastp
[2019-11-19 14:36:12,522] multiqc.modules.fastqc.fastqc                      [INFO   ]  Found 1 reports
[2019-11-19 14:36:12,595] multiqc                                            [DEBUG  ]  No samples found: minionqc
[2019-11-19 14:36:12,600] multiqc                                            [DEBUG  ]  No samples found: clusterflow
[2019-11-19 14:36:12,604] multiqc                                            [DEBUG  ]  No samples found: bcl2fastq
[2019-11-19 14:36:12,608] multiqc                                            [DEBUG  ]  No samples found: interop
[2019-11-19 14:36:12,613] multiqc                                            [DEBUG  ]  No samples found: flash
[2019-11-19 14:36:12,615] multiqc                                            [INFO   ]  Compressing plot data
[2019-11-19 14:36:12,642] multiqc                                            [INFO   ]  Report      : ../../../../../../../data/multiqc_report.html
[2019-11-19 14:36:12,642] multiqc                                            [INFO   ]  Data        : ../../../../../../../data/multiqc_data
[2019-11-19 14:36:12,642] multiqc                                            [DEBUG  ]  Moving data file from '/tmp/tmpde7e1q1f/multiqc_data/multiqc_general_stats.txt' to '/data/multiqc_data'
[2019-11-19 14:36:12,643] multiqc                                            [DEBUG  ]  Moving data file from '/tmp/tmpde7e1q1f/multiqc_data/multiqc_fastqc.txt' to '/data/multiqc_data'
[2019-11-19 14:36:12,643] multiqc                                            [DEBUG  ]  Moving data file from '/tmp/tmpde7e1q1f/multiqc_data/multiqc_data.json' to '/data/multiqc_data'
[2019-11-19 14:36:12,643] multiqc                                            [DEBUG  ]  Moving data file from '/tmp/tmpde7e1q1f/multiqc_data/multiqc_sources.txt' to '/data/multiqc_data'
[2019-11-19 14:36:12,778] multiqc                                            [INFO   ]  MultiQC complete
