[2019-11-19 12:34:18,946] multiqc                                            [DEBUG  ]  No MultiQC config found: /usr/lib/python3.6/site-packages/multiqc-1.7-py3.6.egg/multiqc_config.yaml
[2019-11-19 12:34:18,946] multiqc                                            [DEBUG  ]  No MultiQC config found: /root/.multiqc_config.yaml
[2019-11-19 12:34:18,946] multiqc                                            [DEBUG  ]  No MultiQC config found: multiqc_config.yaml
[2019-11-19 12:34:18,946] multiqc                                            [DEBUG  ]  Command used: /usr/bin/multiqc /data/HG00155.mapped.ILLUMINA.bwa.GBR.low_coverage.20101123_fastqc.zip -o /data
[2019-11-19 12:34:20,790] multiqc                                            [DEBUG  ]  Latest MultiQC version is v1.7
[2019-11-19 12:34:20,790] multiqc                                            [INFO   ]  This is MultiQC v1.7
[2019-11-19 12:34:20,790] multiqc                                            [DEBUG  ]  Command     : /usr/bin/multiqc /data/HG00155.mapped.ILLUMINA.bwa.GBR.low_coverage.20101123_fastqc.zip -o /data
[2019-11-19 12:34:20,790] multiqc                                            [DEBUG  ]  Working dir : /var/lib/toil/toil-9b56b740-ccba-4b13-b998-c6aabca34938-69d14ae953f0400cbe6f0dc87a7486c9/tmpFGP7C9/80d134d8-b881-45e7-a3c5-6010483e3238/tlb5cXq
[2019-11-19 12:34:20,790] multiqc                                            [INFO   ]  Template    : default
[2019-11-19 12:34:20,790] multiqc                                            [INFO   ]  Searching '/data/HG00155.mapped.ILLUMINA.bwa.GBR.low_coverage.20101123_fastqc.zip'
[2019-11-19 12:34:20,791] multiqc                                            [DEBUG  ]  Analysing modules: custom_content, conpair, peddy, methylQA, phantompeakqualtools, qualimap, preseq, quast, qorts, rna_seqc, rsem, rseqc, busco, goleft_indexcov, disambiguate, supernova, deeptools, sargasso, verifybamid, mirtrace, happy, homer, macs2, theta2, snpeff, gatk, htseq, bcftools, featureCounts, dedup, damageprofiler, picard, prokka, samblaster, samtools, bamtools, jellyfish, vcftools, longranger, stacks, bbmap, bismark, biscuit, hicexplorer, hicup, hicpro, salmon, kallisto, slamdunk, star, hisat2, tophat, bowtie2, bowtie1, kat, leehom, adapterRemoval, clipandmerge, cutadapt, flexbar, trimmomatic, skewer, sortmerna, biobloomtools, fastq_screen, afterqc, fastp, fastqc, minionqc, clusterflow, bcl2fastq, interop, flash
[2019-11-19 12:34:20,791] multiqc                                            [DEBUG  ]  Using temporary directory for creating report: /tmp/tmp4oljqdnk
[2019-11-19 12:34:21,526] multiqc                                            [DEBUG  ]  No samples found: custom_content
[2019-11-19 12:34:21,531] multiqc                                            [DEBUG  ]  No samples found: conpair
[2019-11-19 12:34:21,536] multiqc                                            [DEBUG  ]  No samples found: peddy
[2019-11-19 12:34:21,541] multiqc                                            [DEBUG  ]  No samples found: methylQA
[2019-11-19 12:34:21,545] multiqc                                            [DEBUG  ]  No samples found: phantompeakqualtools
[2019-11-19 12:34:21,554] multiqc                                            [DEBUG  ]  No samples found: qualimap
[2019-11-19 12:34:21,559] multiqc                                            [DEBUG  ]  No samples found: preseq
[2019-11-19 12:34:21,564] multiqc                                            [DEBUG  ]  No samples found: quast
[2019-11-19 12:34:21,568] multiqc                                            [DEBUG  ]  No samples found: qorts
[2019-11-19 12:34:21,573] multiqc                                            [DEBUG  ]  No samples found: rna_seqc
[2019-11-19 12:34:21,579] multiqc                                            [DEBUG  ]  No samples found: rsem
[2019-11-19 12:34:21,589] multiqc                                            [DEBUG  ]  No samples found: rseqc
[2019-11-19 12:34:21,593] multiqc                                            [DEBUG  ]  No samples found: busco
[2019-11-19 12:34:21,597] multiqc                                            [DEBUG  ]  No samples found: goleft_indexcov
[2019-11-19 12:34:21,601] multiqc                                            [DEBUG  ]  No samples found: disambiguate
[2019-11-19 12:34:21,606] multiqc                                            [DEBUG  ]  No samples found: supernova
[2019-11-19 12:34:21,615] multiqc                                            [DEBUG  ]  No samples found: deeptools
[2019-11-19 12:34:21,621] multiqc                                            [DEBUG  ]  No samples found: sargasso
[2019-11-19 12:34:21,626] multiqc                                            [DEBUG  ]  No samples found: verifybamid
[2019-11-19 12:34:21,630] multiqc                                            [DEBUG  ]  No samples found: mirtrace
[2019-11-19 12:34:21,634] multiqc                                            [DEBUG  ]  No samples found: happy
[2019-11-19 12:34:21,640] multiqc                                            [DEBUG  ]  No samples found: homer
[2019-11-19 12:34:21,644] multiqc                                            [DEBUG  ]  No samples found: macs2
[2019-11-19 12:34:21,649] multiqc                                            [DEBUG  ]  No samples found: theta2
[2019-11-19 12:34:21,653] multiqc                                            [DEBUG  ]  No samples found: snpeff
[2019-11-19 12:34:21,660] multiqc                                            [DEBUG  ]  No samples found: gatk
[2019-11-19 12:34:21,665] multiqc                                            [DEBUG  ]  No samples found: htseq
[2019-11-19 12:34:21,670] multiqc                                            [DEBUG  ]  No samples found: bcftools
[2019-11-19 12:34:21,675] multiqc                                            [DEBUG  ]  No samples found: featureCounts
[2019-11-19 12:34:21,679] multiqc                                            [DEBUG  ]  No samples found: dedup
[2019-11-19 12:34:21,684] multiqc                                            [DEBUG  ]  No samples found: damageprofiler
[2019-11-19 12:34:21,699] multiqc                                            [DEBUG  ]  No samples found: picard
[2019-11-19 12:34:21,704] multiqc                                            [DEBUG  ]  No samples found: prokka
[2019-11-19 12:34:21,709] multiqc                                            [DEBUG  ]  No samples found: samblaster
[2019-11-19 12:34:21,716] multiqc                                            [DEBUG  ]  No samples found: samtools
[2019-11-19 12:34:21,721] multiqc                                            [DEBUG  ]  No samples found: bamtools
[2019-11-19 12:34:21,725] multiqc                                            [DEBUG  ]  No samples found: jellyfish
[2019-11-19 12:34:21,732] multiqc                                            [DEBUG  ]  No samples found: vcftools
[2019-11-19 12:34:21,736] multiqc                                            [DEBUG  ]  No samples found: longranger
[2019-11-19 12:34:21,741] multiqc                                            [DEBUG  ]  No samples found: stacks
[2019-11-19 12:34:21,751] multiqc                                            [DEBUG  ]  No samples found: bbmap
[2019-11-19 12:34:21,756] multiqc                                            [DEBUG  ]  No samples found: bismark
[2019-11-19 12:34:21,761] multiqc                                            [DEBUG  ]  No samples found: biscuit
[2019-11-19 12:34:21,766] multiqc                                            [DEBUG  ]  No samples found: hicexplorer
[2019-11-19 12:34:21,770] multiqc                                            [DEBUG  ]  No samples found: hicup
[2019-11-19 12:34:21,775] multiqc                                            [DEBUG  ]  No samples found: hicpro
[2019-11-19 12:34:21,779] multiqc                                            [DEBUG  ]  No samples found: salmon
[2019-11-19 12:34:21,783] multiqc                                            [DEBUG  ]  No samples found: kallisto
[2019-11-19 12:34:21,788] multiqc                                            [DEBUG  ]  No samples found: slamdunk
[2019-11-19 12:34:21,793] multiqc                                            [DEBUG  ]  No samples found: star
[2019-11-19 12:34:21,797] multiqc                                            [DEBUG  ]  No samples found: hisat2
[2019-11-19 12:34:21,802] multiqc                                            [DEBUG  ]  No samples found: tophat
[2019-11-19 12:34:21,807] multiqc                                            [DEBUG  ]  No samples found: bowtie2
[2019-11-19 12:34:21,812] multiqc                                            [DEBUG  ]  No samples found: bowtie1
[2019-11-19 12:34:21,816] multiqc                                            [DEBUG  ]  No samples found: kat
[2019-11-19 12:34:21,820] multiqc                                            [DEBUG  ]  No samples found: leehom
[2019-11-19 12:34:21,825] multiqc                                            [DEBUG  ]  No samples found: adapterRemoval
[2019-11-19 12:34:21,830] multiqc                                            [DEBUG  ]  No samples found: clipandmerge
[2019-11-19 12:34:21,835] multiqc                                            [DEBUG  ]  No samples found: cutadapt
[2019-11-19 12:34:21,840] multiqc                                            [DEBUG  ]  No samples found: flexbar
[2019-11-19 12:34:21,844] multiqc                                            [DEBUG  ]  No samples found: trimmomatic
[2019-11-19 12:34:21,849] multiqc                                            [DEBUG  ]  No samples found: skewer
[2019-11-19 12:34:21,853] multiqc                                            [DEBUG  ]  No samples found: sortmerna
[2019-11-19 12:34:21,857] multiqc                                            [DEBUG  ]  No samples found: biobloomtools
[2019-11-19 12:34:21,862] multiqc                                            [DEBUG  ]  No samples found: fastq_screen
[2019-11-19 12:34:21,866] multiqc                                            [DEBUG  ]  No samples found: afterqc
[2019-11-19 12:34:21,870] multiqc                                            [DEBUG  ]  No samples found: fastp
[2019-11-19 12:34:21,878] multiqc.modules.fastqc.fastqc                      [INFO   ]  Found 1 reports
[2019-11-19 12:34:21,941] multiqc                                            [DEBUG  ]  No samples found: minionqc
[2019-11-19 12:34:21,945] multiqc                                            [DEBUG  ]  No samples found: clusterflow
[2019-11-19 12:34:21,951] multiqc                                            [DEBUG  ]  No samples found: bcl2fastq
[2019-11-19 12:34:21,955] multiqc                                            [DEBUG  ]  No samples found: interop
[2019-11-19 12:34:21,960] multiqc                                            [DEBUG  ]  No samples found: flash
[2019-11-19 12:34:21,963] multiqc                                            [INFO   ]  Compressing plot data
[2019-11-19 12:34:21,992] multiqc                                            [INFO   ]  Report      : ../../../../../../../data/multiqc_report.html
[2019-11-19 12:34:21,992] multiqc                                            [INFO   ]  Data        : ../../../../../../../data/multiqc_data
[2019-11-19 12:34:21,992] multiqc                                            [DEBUG  ]  Moving data file from '/tmp/tmp4oljqdnk/multiqc_data/multiqc_general_stats.txt' to '/data/multiqc_data'
[2019-11-19 12:34:21,992] multiqc                                            [DEBUG  ]  Moving data file from '/tmp/tmp4oljqdnk/multiqc_data/multiqc_fastqc.txt' to '/data/multiqc_data'
[2019-11-19 12:34:21,993] multiqc                                            [DEBUG  ]  Moving data file from '/tmp/tmp4oljqdnk/multiqc_data/multiqc_data.json' to '/data/multiqc_data'
[2019-11-19 12:34:21,993] multiqc                                            [DEBUG  ]  Moving data file from '/tmp/tmp4oljqdnk/multiqc_data/multiqc_sources.txt' to '/data/multiqc_data'
[2019-11-19 12:34:22,132] multiqc                                            [INFO   ]  MultiQC complete
