[2019-11-19 12:56:33,494] multiqc                                            [DEBUG  ]  No MultiQC config found: /usr/lib/python3.6/site-packages/multiqc-1.7-py3.6.egg/multiqc_config.yaml
[2019-11-19 12:56:33,494] multiqc                                            [DEBUG  ]  No MultiQC config found: /root/.multiqc_config.yaml
[2019-11-19 12:56:33,494] multiqc                                            [DEBUG  ]  No MultiQC config found: multiqc_config.yaml
[2019-11-19 12:56:33,494] multiqc                                            [DEBUG  ]  Command used: /usr/bin/multiqc /data/HG00182.unmapped.ILLUMINA.bwa.FIN.low_coverage.20101123_fastqc.zip -o /data
[2019-11-19 12:56:35,335] multiqc                                            [DEBUG  ]  Latest MultiQC version is v1.7
[2019-11-19 12:56:35,336] multiqc                                            [INFO   ]  This is MultiQC v1.7
[2019-11-19 12:56:35,336] multiqc                                            [DEBUG  ]  Command     : /usr/bin/multiqc /data/HG00182.unmapped.ILLUMINA.bwa.FIN.low_coverage.20101123_fastqc.zip -o /data
[2019-11-19 12:56:35,336] multiqc                                            [DEBUG  ]  Working dir : /var/lib/toil/toil-9b56b740-ccba-4b13-b998-c6aabca34938-69d14ae953f0400cbe6f0dc87a7486c9/tmpe2owBc/18a5cf54-0981-4baf-a4ad-0b562fc0850d/t0DJ_1w
[2019-11-19 12:56:35,336] multiqc                                            [INFO   ]  Template    : default
[2019-11-19 12:56:35,336] multiqc                                            [INFO   ]  Searching '/data/HG00182.unmapped.ILLUMINA.bwa.FIN.low_coverage.20101123_fastqc.zip'
[2019-11-19 12:56:35,336] multiqc                                            [DEBUG  ]  Analysing modules: custom_content, conpair, peddy, methylQA, phantompeakqualtools, qualimap, preseq, quast, qorts, rna_seqc, rsem, rseqc, busco, goleft_indexcov, disambiguate, supernova, deeptools, sargasso, verifybamid, mirtrace, happy, homer, macs2, theta2, snpeff, gatk, htseq, bcftools, featureCounts, dedup, damageprofiler, picard, prokka, samblaster, samtools, bamtools, jellyfish, vcftools, longranger, stacks, bbmap, bismark, biscuit, hicexplorer, hicup, hicpro, salmon, kallisto, slamdunk, star, hisat2, tophat, bowtie2, bowtie1, kat, leehom, adapterRemoval, clipandmerge, cutadapt, flexbar, trimmomatic, skewer, sortmerna, biobloomtools, fastq_screen, afterqc, fastp, fastqc, minionqc, clusterflow, bcl2fastq, interop, flash
[2019-11-19 12:56:35,336] multiqc                                            [DEBUG  ]  Using temporary directory for creating report: /tmp/tmpkvda38eu
[2019-11-19 12:56:36,060] multiqc                                            [DEBUG  ]  No samples found: custom_content
[2019-11-19 12:56:36,064] multiqc                                            [DEBUG  ]  No samples found: conpair
[2019-11-19 12:56:36,069] multiqc                                            [DEBUG  ]  No samples found: peddy
[2019-11-19 12:56:36,074] multiqc                                            [DEBUG  ]  No samples found: methylQA
[2019-11-19 12:56:36,078] multiqc                                            [DEBUG  ]  No samples found: phantompeakqualtools
[2019-11-19 12:56:36,084] multiqc                                            [DEBUG  ]  No samples found: qualimap
[2019-11-19 12:56:36,088] multiqc                                            [DEBUG  ]  No samples found: preseq
[2019-11-19 12:56:36,092] multiqc                                            [DEBUG  ]  No samples found: quast
[2019-11-19 12:56:36,097] multiqc                                            [DEBUG  ]  No samples found: qorts
[2019-11-19 12:56:36,101] multiqc                                            [DEBUG  ]  No samples found: rna_seqc
[2019-11-19 12:56:36,106] multiqc                                            [DEBUG  ]  No samples found: rsem
[2019-11-19 12:56:36,114] multiqc                                            [DEBUG  ]  No samples found: rseqc
[2019-11-19 12:56:36,118] multiqc                                            [DEBUG  ]  No samples found: busco
[2019-11-19 12:56:36,122] multiqc                                            [DEBUG  ]  No samples found: goleft_indexcov
[2019-11-19 12:56:36,126] multiqc                                            [DEBUG  ]  No samples found: disambiguate
[2019-11-19 12:56:36,131] multiqc                                            [DEBUG  ]  No samples found: supernova
[2019-11-19 12:56:36,145] multiqc                                            [DEBUG  ]  No samples found: deeptools
[2019-11-19 12:56:36,149] multiqc                                            [DEBUG  ]  No samples found: sargasso
[2019-11-19 12:56:36,153] multiqc                                            [DEBUG  ]  No samples found: verifybamid
[2019-11-19 12:56:36,158] multiqc                                            [DEBUG  ]  No samples found: mirtrace
[2019-11-19 12:56:36,162] multiqc                                            [DEBUG  ]  No samples found: happy
[2019-11-19 12:56:36,168] multiqc                                            [DEBUG  ]  No samples found: homer
[2019-11-19 12:56:36,172] multiqc                                            [DEBUG  ]  No samples found: macs2
[2019-11-19 12:56:36,176] multiqc                                            [DEBUG  ]  No samples found: theta2
[2019-11-19 12:56:36,180] multiqc                                            [DEBUG  ]  No samples found: snpeff
[2019-11-19 12:56:36,186] multiqc                                            [DEBUG  ]  No samples found: gatk
[2019-11-19 12:56:36,190] multiqc                                            [DEBUG  ]  No samples found: htseq
[2019-11-19 12:56:36,194] multiqc                                            [DEBUG  ]  No samples found: bcftools
[2019-11-19 12:56:36,198] multiqc                                            [DEBUG  ]  No samples found: featureCounts
[2019-11-19 12:56:36,202] multiqc                                            [DEBUG  ]  No samples found: dedup
[2019-11-19 12:56:36,206] multiqc                                            [DEBUG  ]  No samples found: damageprofiler
[2019-11-19 12:56:36,218] multiqc                                            [DEBUG  ]  No samples found: picard
[2019-11-19 12:56:36,223] multiqc                                            [DEBUG  ]  No samples found: prokka
[2019-11-19 12:56:36,227] multiqc                                            [DEBUG  ]  No samples found: samblaster
[2019-11-19 12:56:36,233] multiqc                                            [DEBUG  ]  No samples found: samtools
[2019-11-19 12:56:36,238] multiqc                                            [DEBUG  ]  No samples found: bamtools
[2019-11-19 12:56:36,242] multiqc                                            [DEBUG  ]  No samples found: jellyfish
[2019-11-19 12:56:36,249] multiqc                                            [DEBUG  ]  No samples found: vcftools
[2019-11-19 12:56:36,253] multiqc                                            [DEBUG  ]  No samples found: longranger
[2019-11-19 12:56:36,257] multiqc                                            [DEBUG  ]  No samples found: stacks
[2019-11-19 12:56:36,268] multiqc                                            [DEBUG  ]  No samples found: bbmap
[2019-11-19 12:56:36,273] multiqc                                            [DEBUG  ]  No samples found: bismark
[2019-11-19 12:56:36,278] multiqc                                            [DEBUG  ]  No samples found: biscuit
[2019-11-19 12:56:36,282] multiqc                                            [DEBUG  ]  No samples found: hicexplorer
[2019-11-19 12:56:36,286] multiqc                                            [DEBUG  ]  No samples found: hicup
[2019-11-19 12:56:36,290] multiqc                                            [DEBUG  ]  No samples found: hicpro
[2019-11-19 12:56:36,294] multiqc                                            [DEBUG  ]  No samples found: salmon
[2019-11-19 12:56:36,298] multiqc                                            [DEBUG  ]  No samples found: kallisto
[2019-11-19 12:56:36,303] multiqc                                            [DEBUG  ]  No samples found: slamdunk
[2019-11-19 12:56:36,308] multiqc                                            [DEBUG  ]  No samples found: star
[2019-11-19 12:56:36,312] multiqc                                            [DEBUG  ]  No samples found: hisat2
[2019-11-19 12:56:36,318] multiqc                                            [DEBUG  ]  No samples found: tophat
[2019-11-19 12:56:36,322] multiqc                                            [DEBUG  ]  No samples found: bowtie2
[2019-11-19 12:56:36,326] multiqc                                            [DEBUG  ]  No samples found: bowtie1
[2019-11-19 12:56:36,330] multiqc                                            [DEBUG  ]  No samples found: kat
[2019-11-19 12:56:36,334] multiqc                                            [DEBUG  ]  No samples found: leehom
[2019-11-19 12:56:36,338] multiqc                                            [DEBUG  ]  No samples found: adapterRemoval
[2019-11-19 12:56:36,342] multiqc                                            [DEBUG  ]  No samples found: clipandmerge
[2019-11-19 12:56:36,346] multiqc                                            [DEBUG  ]  No samples found: cutadapt
[2019-11-19 12:56:36,350] multiqc                                            [DEBUG  ]  No samples found: flexbar
[2019-11-19 12:56:36,355] multiqc                                            [DEBUG  ]  No samples found: trimmomatic
[2019-11-19 12:56:36,360] multiqc                                            [DEBUG  ]  No samples found: skewer
[2019-11-19 12:56:36,365] multiqc                                            [DEBUG  ]  No samples found: sortmerna
[2019-11-19 12:56:36,369] multiqc                                            [DEBUG  ]  No samples found: biobloomtools
[2019-11-19 12:56:36,373] multiqc                                            [DEBUG  ]  No samples found: fastq_screen
[2019-11-19 12:56:36,377] multiqc                                            [DEBUG  ]  No samples found: afterqc
[2019-11-19 12:56:36,382] multiqc                                            [DEBUG  ]  No samples found: fastp
[2019-11-19 12:56:36,391] multiqc.modules.fastqc.fastqc                      [INFO   ]  Found 1 reports
[2019-11-19 12:56:36,442] multiqc                                            [DEBUG  ]  No samples found: minionqc
[2019-11-19 12:56:36,446] multiqc                                            [DEBUG  ]  No samples found: clusterflow
[2019-11-19 12:56:36,450] multiqc                                            [DEBUG  ]  No samples found: bcl2fastq
[2019-11-19 12:56:36,455] multiqc                                            [DEBUG  ]  No samples found: interop
[2019-11-19 12:56:36,459] multiqc                                            [DEBUG  ]  No samples found: flash
[2019-11-19 12:56:36,462] multiqc                                            [INFO   ]  Compressing plot data
[2019-11-19 12:56:36,496] multiqc                                            [INFO   ]  Report      : ../../../../../../../data/multiqc_report.html
[2019-11-19 12:56:36,496] multiqc                                            [INFO   ]  Data        : ../../../../../../../data/multiqc_data
[2019-11-19 12:56:36,496] multiqc                                            [DEBUG  ]  Moving data file from '/tmp/tmpkvda38eu/multiqc_data/multiqc_general_stats.txt' to '/data/multiqc_data'
[2019-11-19 12:56:36,496] multiqc                                            [DEBUG  ]  Moving data file from '/tmp/tmpkvda38eu/multiqc_data/multiqc_fastqc.txt' to '/data/multiqc_data'
[2019-11-19 12:56:36,497] multiqc                                            [DEBUG  ]  Moving data file from '/tmp/tmpkvda38eu/multiqc_data/multiqc_data.json' to '/data/multiqc_data'
[2019-11-19 12:56:36,497] multiqc                                            [DEBUG  ]  Moving data file from '/tmp/tmpkvda38eu/multiqc_data/multiqc_sources.txt' to '/data/multiqc_data'
[2019-11-19 12:56:36,632] multiqc                                            [INFO   ]  MultiQC complete
