[2019-11-19 11:59:44,305] multiqc                                            [DEBUG  ]  No MultiQC config found: /usr/lib/python3.6/site-packages/multiqc-1.7-py3.6.egg/multiqc_config.yaml
[2019-11-19 11:59:44,306] multiqc                                            [DEBUG  ]  No MultiQC config found: /root/.multiqc_config.yaml
[2019-11-19 11:59:44,306] multiqc                                            [DEBUG  ]  No MultiQC config found: multiqc_config.yaml
[2019-11-19 11:59:44,306] multiqc                                            [DEBUG  ]  Command used: /usr/bin/multiqc /data/HG00155.unmapped.ILLUMINA.bwa.GBR.low_coverage.20101123_fastqc.zip -o /data
[2019-11-19 11:59:45,984] multiqc                                            [DEBUG  ]  Latest MultiQC version is v1.7
[2019-11-19 11:59:45,984] multiqc                                            [INFO   ]  This is MultiQC v1.7
[2019-11-19 11:59:45,984] multiqc                                            [DEBUG  ]  Command     : /usr/bin/multiqc /data/HG00155.unmapped.ILLUMINA.bwa.GBR.low_coverage.20101123_fastqc.zip -o /data
[2019-11-19 11:59:45,984] multiqc                                            [DEBUG  ]  Working dir : /var/lib/toil/toil-9b56b740-ccba-4b13-b998-c6aabca34938-69d14ae953f0400cbe6f0dc87a7486c9/tmpc8yASf/8c103ad1-9388-4ebd-8b95-fbbefaacb58f/tLqUAjU
[2019-11-19 11:59:45,984] multiqc                                            [INFO   ]  Template    : default
[2019-11-19 11:59:45,985] multiqc                                            [INFO   ]  Searching '/data/HG00155.unmapped.ILLUMINA.bwa.GBR.low_coverage.20101123_fastqc.zip'
[2019-11-19 11:59:45,985] multiqc                                            [DEBUG  ]  Analysing modules: custom_content, conpair, peddy, methylQA, phantompeakqualtools, qualimap, preseq, quast, qorts, rna_seqc, rsem, rseqc, busco, goleft_indexcov, disambiguate, supernova, deeptools, sargasso, verifybamid, mirtrace, happy, homer, macs2, theta2, snpeff, gatk, htseq, bcftools, featureCounts, dedup, damageprofiler, picard, prokka, samblaster, samtools, bamtools, jellyfish, vcftools, longranger, stacks, bbmap, bismark, biscuit, hicexplorer, hicup, hicpro, salmon, kallisto, slamdunk, star, hisat2, tophat, bowtie2, bowtie1, kat, leehom, adapterRemoval, clipandmerge, cutadapt, flexbar, trimmomatic, skewer, sortmerna, biobloomtools, fastq_screen, afterqc, fastp, fastqc, minionqc, clusterflow, bcl2fastq, interop, flash
[2019-11-19 11:59:45,985] multiqc                                            [DEBUG  ]  Using temporary directory for creating report: /tmp/tmprlab5bv7
[2019-11-19 11:59:46,594] multiqc                                            [DEBUG  ]  No samples found: custom_content
[2019-11-19 11:59:46,598] multiqc                                            [DEBUG  ]  No samples found: conpair
[2019-11-19 11:59:46,602] multiqc                                            [DEBUG  ]  No samples found: peddy
[2019-11-19 11:59:46,605] multiqc                                            [DEBUG  ]  No samples found: methylQA
[2019-11-19 11:59:46,609] multiqc                                            [DEBUG  ]  No samples found: phantompeakqualtools
[2019-11-19 11:59:46,613] multiqc                                            [DEBUG  ]  No samples found: qualimap
[2019-11-19 11:59:46,617] multiqc                                            [DEBUG  ]  No samples found: preseq
[2019-11-19 11:59:46,621] multiqc                                            [DEBUG  ]  No samples found: quast
[2019-11-19 11:59:46,625] multiqc                                            [DEBUG  ]  No samples found: qorts
[2019-11-19 11:59:46,628] multiqc                                            [DEBUG  ]  No samples found: rna_seqc
[2019-11-19 11:59:46,632] multiqc                                            [DEBUG  ]  No samples found: rsem
[2019-11-19 11:59:46,639] multiqc                                            [DEBUG  ]  No samples found: rseqc
[2019-11-19 11:59:46,642] multiqc                                            [DEBUG  ]  No samples found: busco
[2019-11-19 11:59:46,646] multiqc                                            [DEBUG  ]  No samples found: goleft_indexcov
[2019-11-19 11:59:46,650] multiqc                                            [DEBUG  ]  No samples found: disambiguate
[2019-11-19 11:59:46,653] multiqc                                            [DEBUG  ]  No samples found: supernova
[2019-11-19 11:59:46,661] multiqc                                            [DEBUG  ]  No samples found: deeptools
[2019-11-19 11:59:46,665] multiqc                                            [DEBUG  ]  No samples found: sargasso
[2019-11-19 11:59:46,668] multiqc                                            [DEBUG  ]  No samples found: verifybamid
[2019-11-19 11:59:46,672] multiqc                                            [DEBUG  ]  No samples found: mirtrace
[2019-11-19 11:59:46,676] multiqc                                            [DEBUG  ]  No samples found: happy
[2019-11-19 11:59:46,680] multiqc                                            [DEBUG  ]  No samples found: homer
[2019-11-19 11:59:46,684] multiqc                                            [DEBUG  ]  No samples found: macs2
[2019-11-19 11:59:46,688] multiqc                                            [DEBUG  ]  No samples found: theta2
[2019-11-19 11:59:46,693] multiqc                                            [DEBUG  ]  No samples found: snpeff
[2019-11-19 11:59:46,698] multiqc                                            [DEBUG  ]  No samples found: gatk
[2019-11-19 11:59:46,701] multiqc                                            [DEBUG  ]  No samples found: htseq
[2019-11-19 11:59:46,705] multiqc                                            [DEBUG  ]  No samples found: bcftools
[2019-11-19 11:59:46,709] multiqc                                            [DEBUG  ]  No samples found: featureCounts
[2019-11-19 11:59:46,713] multiqc                                            [DEBUG  ]  No samples found: dedup
[2019-11-19 11:59:46,716] multiqc                                            [DEBUG  ]  No samples found: damageprofiler
[2019-11-19 11:59:46,726] multiqc                                            [DEBUG  ]  No samples found: picard
[2019-11-19 11:59:46,729] multiqc                                            [DEBUG  ]  No samples found: prokka
[2019-11-19 11:59:46,733] multiqc                                            [DEBUG  ]  No samples found: samblaster
[2019-11-19 11:59:46,738] multiqc                                            [DEBUG  ]  No samples found: samtools
[2019-11-19 11:59:46,742] multiqc                                            [DEBUG  ]  No samples found: bamtools
[2019-11-19 11:59:46,746] multiqc                                            [DEBUG  ]  No samples found: jellyfish
[2019-11-19 11:59:46,751] multiqc                                            [DEBUG  ]  No samples found: vcftools
[2019-11-19 11:59:46,754] multiqc                                            [DEBUG  ]  No samples found: longranger
[2019-11-19 11:59:46,758] multiqc                                            [DEBUG  ]  No samples found: stacks
[2019-11-19 11:59:46,766] multiqc                                            [DEBUG  ]  No samples found: bbmap
[2019-11-19 11:59:46,770] multiqc                                            [DEBUG  ]  No samples found: bismark
[2019-11-19 11:59:46,775] multiqc                                            [DEBUG  ]  No samples found: biscuit
[2019-11-19 11:59:46,778] multiqc                                            [DEBUG  ]  No samples found: hicexplorer
[2019-11-19 11:59:46,782] multiqc                                            [DEBUG  ]  No samples found: hicup
[2019-11-19 11:59:46,786] multiqc                                            [DEBUG  ]  No samples found: hicpro
[2019-11-19 11:59:46,790] multiqc                                            [DEBUG  ]  No samples found: salmon
[2019-11-19 11:59:46,794] multiqc                                            [DEBUG  ]  No samples found: kallisto
[2019-11-19 11:59:46,799] multiqc                                            [DEBUG  ]  No samples found: slamdunk
[2019-11-19 11:59:46,803] multiqc                                            [DEBUG  ]  No samples found: star
[2019-11-19 11:59:46,806] multiqc                                            [DEBUG  ]  No samples found: hisat2
[2019-11-19 11:59:46,810] multiqc                                            [DEBUG  ]  No samples found: tophat
[2019-11-19 11:59:46,813] multiqc                                            [DEBUG  ]  No samples found: bowtie2
[2019-11-19 11:59:46,817] multiqc                                            [DEBUG  ]  No samples found: bowtie1
[2019-11-19 11:59:46,820] multiqc                                            [DEBUG  ]  No samples found: kat
[2019-11-19 11:59:46,824] multiqc                                            [DEBUG  ]  No samples found: leehom
[2019-11-19 11:59:46,827] multiqc                                            [DEBUG  ]  No samples found: adapterRemoval
[2019-11-19 11:59:46,831] multiqc                                            [DEBUG  ]  No samples found: clipandmerge
[2019-11-19 11:59:46,835] multiqc                                            [DEBUG  ]  No samples found: cutadapt
[2019-11-19 11:59:46,838] multiqc                                            [DEBUG  ]  No samples found: flexbar
[2019-11-19 11:59:46,842] multiqc                                            [DEBUG  ]  No samples found: trimmomatic
[2019-11-19 11:59:46,845] multiqc                                            [DEBUG  ]  No samples found: skewer
[2019-11-19 11:59:46,849] multiqc                                            [DEBUG  ]  No samples found: sortmerna
[2019-11-19 11:59:46,853] multiqc                                            [DEBUG  ]  No samples found: biobloomtools
[2019-11-19 11:59:46,856] multiqc                                            [DEBUG  ]  No samples found: fastq_screen
[2019-11-19 11:59:46,860] multiqc                                            [DEBUG  ]  No samples found: afterqc
[2019-11-19 11:59:46,864] multiqc                                            [DEBUG  ]  No samples found: fastp
[2019-11-19 11:59:46,871] multiqc.modules.fastqc.fastqc                      [INFO   ]  Found 1 reports
[2019-11-19 11:59:46,928] multiqc                                            [DEBUG  ]  No samples found: minionqc
[2019-11-19 11:59:46,933] multiqc                                            [DEBUG  ]  No samples found: clusterflow
[2019-11-19 11:59:46,937] multiqc                                            [DEBUG  ]  No samples found: bcl2fastq
[2019-11-19 11:59:46,942] multiqc                                            [DEBUG  ]  No samples found: interop
[2019-11-19 11:59:46,946] multiqc                                            [DEBUG  ]  No samples found: flash
[2019-11-19 11:59:46,948] multiqc                                            [INFO   ]  Compressing plot data
[2019-11-19 11:59:46,979] multiqc                                            [INFO   ]  Report      : ../../../../../../../data/multiqc_report.html
[2019-11-19 11:59:46,979] multiqc                                            [INFO   ]  Data        : ../../../../../../../data/multiqc_data
[2019-11-19 11:59:46,979] multiqc                                            [DEBUG  ]  Moving data file from '/tmp/tmprlab5bv7/multiqc_data/multiqc_general_stats.txt' to '/data/multiqc_data'
[2019-11-19 11:59:46,979] multiqc                                            [DEBUG  ]  Moving data file from '/tmp/tmprlab5bv7/multiqc_data/multiqc_fastqc.txt' to '/data/multiqc_data'
[2019-11-19 11:59:46,980] multiqc                                            [DEBUG  ]  Moving data file from '/tmp/tmprlab5bv7/multiqc_data/multiqc_data.json' to '/data/multiqc_data'
[2019-11-19 11:59:46,980] multiqc                                            [DEBUG  ]  Moving data file from '/tmp/tmprlab5bv7/multiqc_data/multiqc_sources.txt' to '/data/multiqc_data'
[2019-11-19 11:59:47,099] multiqc                                            [INFO   ]  MultiQC complete
