[2019-11-19 10:29:26,748] multiqc                                            [DEBUG  ]  No MultiQC config found: /usr/lib/python3.6/site-packages/multiqc-1.7-py3.6.egg/multiqc_config.yaml
[2019-11-19 10:29:26,748] multiqc                                            [DEBUG  ]  No MultiQC config found: /root/.multiqc_config.yaml
[2019-11-19 10:29:26,748] multiqc                                            [DEBUG  ]  No MultiQC config found: multiqc_config.yaml
[2019-11-19 10:29:26,748] multiqc                                            [DEBUG  ]  Command used: /usr/bin/multiqc /data/HG00127.mapped.ILLUMINA.bwa.GBR.low_coverage.20101123_fastqc.zip -o /data
[2019-11-19 10:29:30,249] multiqc                                            [DEBUG  ]  Latest MultiQC version is v1.7
[2019-11-19 10:29:30,249] multiqc                                            [INFO   ]  This is MultiQC v1.7
[2019-11-19 10:29:30,249] multiqc                                            [DEBUG  ]  Command     : /usr/bin/multiqc /data/HG00127.mapped.ILLUMINA.bwa.GBR.low_coverage.20101123_fastqc.zip -o /data
[2019-11-19 10:29:30,249] multiqc                                            [DEBUG  ]  Working dir : /var/lib/toil/toil-9b56b740-ccba-4b13-b998-c6aabca34938-69d14ae953f0400cbe6f0dc87a7486c9/tmpNltTYL/5b3acc8e-f434-465d-9c72-aa221d0a13c7/tWN_CrF
[2019-11-19 10:29:30,249] multiqc                                            [INFO   ]  Template    : default
[2019-11-19 10:29:30,249] multiqc                                            [INFO   ]  Searching '/data/HG00127.mapped.ILLUMINA.bwa.GBR.low_coverage.20101123_fastqc.zip'
[2019-11-19 10:29:30,250] multiqc                                            [DEBUG  ]  Analysing modules: custom_content, conpair, peddy, methylQA, phantompeakqualtools, qualimap, preseq, quast, qorts, rna_seqc, rsem, rseqc, busco, goleft_indexcov, disambiguate, supernova, deeptools, sargasso, verifybamid, mirtrace, happy, homer, macs2, theta2, snpeff, gatk, htseq, bcftools, featureCounts, dedup, damageprofiler, picard, prokka, samblaster, samtools, bamtools, jellyfish, vcftools, longranger, stacks, bbmap, bismark, biscuit, hicexplorer, hicup, hicpro, salmon, kallisto, slamdunk, star, hisat2, tophat, bowtie2, bowtie1, kat, leehom, adapterRemoval, clipandmerge, cutadapt, flexbar, trimmomatic, skewer, sortmerna, biobloomtools, fastq_screen, afterqc, fastp, fastqc, minionqc, clusterflow, bcl2fastq, interop, flash
[2019-11-19 10:29:30,250] multiqc                                            [DEBUG  ]  Using temporary directory for creating report: /tmp/tmpncn8raac
[2019-11-19 10:29:31,004] multiqc                                            [DEBUG  ]  No samples found: custom_content
[2019-11-19 10:29:31,009] multiqc                                            [DEBUG  ]  No samples found: conpair
[2019-11-19 10:29:31,014] multiqc                                            [DEBUG  ]  No samples found: peddy
[2019-11-19 10:29:31,018] multiqc                                            [DEBUG  ]  No samples found: methylQA
[2019-11-19 10:29:31,023] multiqc                                            [DEBUG  ]  No samples found: phantompeakqualtools
[2019-11-19 10:29:31,029] multiqc                                            [DEBUG  ]  No samples found: qualimap
[2019-11-19 10:29:31,033] multiqc                                            [DEBUG  ]  No samples found: preseq
[2019-11-19 10:29:31,038] multiqc                                            [DEBUG  ]  No samples found: quast
[2019-11-19 10:29:31,043] multiqc                                            [DEBUG  ]  No samples found: qorts
[2019-11-19 10:29:31,048] multiqc                                            [DEBUG  ]  No samples found: rna_seqc
[2019-11-19 10:29:31,053] multiqc                                            [DEBUG  ]  No samples found: rsem
[2019-11-19 10:29:31,062] multiqc                                            [DEBUG  ]  No samples found: rseqc
[2019-11-19 10:29:31,066] multiqc                                            [DEBUG  ]  No samples found: busco
[2019-11-19 10:29:31,071] multiqc                                            [DEBUG  ]  No samples found: goleft_indexcov
[2019-11-19 10:29:31,075] multiqc                                            [DEBUG  ]  No samples found: disambiguate
[2019-11-19 10:29:31,080] multiqc                                            [DEBUG  ]  No samples found: supernova
[2019-11-19 10:29:31,092] multiqc                                            [DEBUG  ]  No samples found: deeptools
[2019-11-19 10:29:31,099] multiqc                                            [DEBUG  ]  No samples found: sargasso
[2019-11-19 10:29:31,105] multiqc                                            [DEBUG  ]  No samples found: verifybamid
[2019-11-19 10:29:31,110] multiqc                                            [DEBUG  ]  No samples found: mirtrace
[2019-11-19 10:29:31,114] multiqc                                            [DEBUG  ]  No samples found: happy
[2019-11-19 10:29:31,120] multiqc                                            [DEBUG  ]  No samples found: homer
[2019-11-19 10:29:31,125] multiqc                                            [DEBUG  ]  No samples found: macs2
[2019-11-19 10:29:31,130] multiqc                                            [DEBUG  ]  No samples found: theta2
[2019-11-19 10:29:31,135] multiqc                                            [DEBUG  ]  No samples found: snpeff
[2019-11-19 10:29:31,141] multiqc                                            [DEBUG  ]  No samples found: gatk
[2019-11-19 10:29:31,146] multiqc                                            [DEBUG  ]  No samples found: htseq
[2019-11-19 10:29:31,151] multiqc                                            [DEBUG  ]  No samples found: bcftools
[2019-11-19 10:29:31,155] multiqc                                            [DEBUG  ]  No samples found: featureCounts
[2019-11-19 10:29:31,159] multiqc                                            [DEBUG  ]  No samples found: dedup
[2019-11-19 10:29:31,163] multiqc                                            [DEBUG  ]  No samples found: damageprofiler
[2019-11-19 10:29:31,175] multiqc                                            [DEBUG  ]  No samples found: picard
[2019-11-19 10:29:31,180] multiqc                                            [DEBUG  ]  No samples found: prokka
[2019-11-19 10:29:31,184] multiqc                                            [DEBUG  ]  No samples found: samblaster
[2019-11-19 10:29:31,193] multiqc                                            [DEBUG  ]  No samples found: samtools
[2019-11-19 10:29:31,197] multiqc                                            [DEBUG  ]  No samples found: bamtools
[2019-11-19 10:29:31,201] multiqc                                            [DEBUG  ]  No samples found: jellyfish
[2019-11-19 10:29:31,208] multiqc                                            [DEBUG  ]  No samples found: vcftools
[2019-11-19 10:29:31,212] multiqc                                            [DEBUG  ]  No samples found: longranger
[2019-11-19 10:29:31,219] multiqc                                            [DEBUG  ]  No samples found: stacks
[2019-11-19 10:29:31,229] multiqc                                            [DEBUG  ]  No samples found: bbmap
[2019-11-19 10:29:31,234] multiqc                                            [DEBUG  ]  No samples found: bismark
[2019-11-19 10:29:31,241] multiqc                                            [DEBUG  ]  No samples found: biscuit
[2019-11-19 10:29:31,246] multiqc                                            [DEBUG  ]  No samples found: hicexplorer
[2019-11-19 10:29:31,250] multiqc                                            [DEBUG  ]  No samples found: hicup
[2019-11-19 10:29:31,254] multiqc                                            [DEBUG  ]  No samples found: hicpro
[2019-11-19 10:29:31,259] multiqc                                            [DEBUG  ]  No samples found: salmon
[2019-11-19 10:29:31,263] multiqc                                            [DEBUG  ]  No samples found: kallisto
[2019-11-19 10:29:31,269] multiqc                                            [DEBUG  ]  No samples found: slamdunk
[2019-11-19 10:29:31,274] multiqc                                            [DEBUG  ]  No samples found: star
[2019-11-19 10:29:31,278] multiqc                                            [DEBUG  ]  No samples found: hisat2
[2019-11-19 10:29:31,282] multiqc                                            [DEBUG  ]  No samples found: tophat
[2019-11-19 10:29:31,287] multiqc                                            [DEBUG  ]  No samples found: bowtie2
[2019-11-19 10:29:31,291] multiqc                                            [DEBUG  ]  No samples found: bowtie1
[2019-11-19 10:29:31,295] multiqc                                            [DEBUG  ]  No samples found: kat
[2019-11-19 10:29:31,300] multiqc                                            [DEBUG  ]  No samples found: leehom
[2019-11-19 10:29:31,304] multiqc                                            [DEBUG  ]  No samples found: adapterRemoval
[2019-11-19 10:29:31,308] multiqc                                            [DEBUG  ]  No samples found: clipandmerge
[2019-11-19 10:29:31,312] multiqc                                            [DEBUG  ]  No samples found: cutadapt
[2019-11-19 10:29:31,316] multiqc                                            [DEBUG  ]  No samples found: flexbar
[2019-11-19 10:29:31,321] multiqc                                            [DEBUG  ]  No samples found: trimmomatic
[2019-11-19 10:29:31,325] multiqc                                            [DEBUG  ]  No samples found: skewer
[2019-11-19 10:29:31,329] multiqc                                            [DEBUG  ]  No samples found: sortmerna
[2019-11-19 10:29:31,334] multiqc                                            [DEBUG  ]  No samples found: biobloomtools
[2019-11-19 10:29:31,338] multiqc                                            [DEBUG  ]  No samples found: fastq_screen
[2019-11-19 10:29:31,342] multiqc                                            [DEBUG  ]  No samples found: afterqc
[2019-11-19 10:29:31,346] multiqc                                            [DEBUG  ]  No samples found: fastp
[2019-11-19 10:29:31,354] multiqc.modules.fastqc.fastqc                      [INFO   ]  Found 1 reports
[2019-11-19 10:29:31,404] multiqc                                            [DEBUG  ]  No samples found: minionqc
[2019-11-19 10:29:31,408] multiqc                                            [DEBUG  ]  No samples found: clusterflow
[2019-11-19 10:29:31,413] multiqc                                            [DEBUG  ]  No samples found: bcl2fastq
[2019-11-19 10:29:31,417] multiqc                                            [DEBUG  ]  No samples found: interop
[2019-11-19 10:29:31,422] multiqc                                            [DEBUG  ]  No samples found: flash
[2019-11-19 10:29:31,425] multiqc                                            [INFO   ]  Compressing plot data
[2019-11-19 10:29:31,457] multiqc                                            [INFO   ]  Report      : ../../../../../../../data/multiqc_report.html
[2019-11-19 10:29:31,457] multiqc                                            [INFO   ]  Data        : ../../../../../../../data/multiqc_data
[2019-11-19 10:29:31,457] multiqc                                            [DEBUG  ]  Moving data file from '/tmp/tmpncn8raac/multiqc_data/multiqc_general_stats.txt' to '/data/multiqc_data'
[2019-11-19 10:29:31,457] multiqc                                            [DEBUG  ]  Moving data file from '/tmp/tmpncn8raac/multiqc_data/multiqc_fastqc.txt' to '/data/multiqc_data'
[2019-11-19 10:29:31,458] multiqc                                            [DEBUG  ]  Moving data file from '/tmp/tmpncn8raac/multiqc_data/multiqc_data.json' to '/data/multiqc_data'
[2019-11-19 10:29:31,458] multiqc                                            [DEBUG  ]  Moving data file from '/tmp/tmpncn8raac/multiqc_data/multiqc_sources.txt' to '/data/multiqc_data'
[2019-11-19 10:29:31,639] multiqc                                            [INFO   ]  MultiQC complete
