[2019-11-19 14:22:54,984] multiqc                                            [DEBUG  ]  No MultiQC config found: /usr/lib/python3.6/site-packages/multiqc-1.7-py3.6.egg/multiqc_config.yaml
[2019-11-19 14:22:54,984] multiqc                                            [DEBUG  ]  No MultiQC config found: /root/.multiqc_config.yaml
[2019-11-19 14:22:54,984] multiqc                                            [DEBUG  ]  No MultiQC config found: multiqc_config.yaml
[2019-11-19 14:22:54,984] multiqc                                            [DEBUG  ]  Command used: /usr/bin/multiqc /data/HG00232.mapped.ILLUMINA.bwa.GBR.low_coverage.20101123_fastqc.zip -o /data
[2019-11-19 14:22:56,806] multiqc                                            [DEBUG  ]  Latest MultiQC version is v1.7
[2019-11-19 14:22:56,806] multiqc                                            [INFO   ]  This is MultiQC v1.7
[2019-11-19 14:22:56,806] multiqc                                            [DEBUG  ]  Command     : /usr/bin/multiqc /data/HG00232.mapped.ILLUMINA.bwa.GBR.low_coverage.20101123_fastqc.zip -o /data
[2019-11-19 14:22:56,806] multiqc                                            [DEBUG  ]  Working dir : /var/lib/toil/toil-9b56b740-ccba-4b13-b998-c6aabca34938-69d14ae953f0400cbe6f0dc87a7486c9/tmp2ofVAW/ce659251-cb55-4ddc-921d-ea9102089ea2/tTVhPLF
[2019-11-19 14:22:56,806] multiqc                                            [INFO   ]  Template    : default
[2019-11-19 14:22:56,806] multiqc                                            [INFO   ]  Searching '/data/HG00232.mapped.ILLUMINA.bwa.GBR.low_coverage.20101123_fastqc.zip'
[2019-11-19 14:22:56,807] multiqc                                            [DEBUG  ]  Analysing modules: custom_content, conpair, peddy, methylQA, phantompeakqualtools, qualimap, preseq, quast, qorts, rna_seqc, rsem, rseqc, busco, goleft_indexcov, disambiguate, supernova, deeptools, sargasso, verifybamid, mirtrace, happy, homer, macs2, theta2, snpeff, gatk, htseq, bcftools, featureCounts, dedup, damageprofiler, picard, prokka, samblaster, samtools, bamtools, jellyfish, vcftools, longranger, stacks, bbmap, bismark, biscuit, hicexplorer, hicup, hicpro, salmon, kallisto, slamdunk, star, hisat2, tophat, bowtie2, bowtie1, kat, leehom, adapterRemoval, clipandmerge, cutadapt, flexbar, trimmomatic, skewer, sortmerna, biobloomtools, fastq_screen, afterqc, fastp, fastqc, minionqc, clusterflow, bcl2fastq, interop, flash
[2019-11-19 14:22:56,807] multiqc                                            [DEBUG  ]  Using temporary directory for creating report: /tmp/tmphgzx8_tj
[2019-11-19 14:22:57,539] multiqc                                            [DEBUG  ]  No samples found: custom_content
[2019-11-19 14:22:57,543] multiqc                                            [DEBUG  ]  No samples found: conpair
[2019-11-19 14:22:57,549] multiqc                                            [DEBUG  ]  No samples found: peddy
[2019-11-19 14:22:57,553] multiqc                                            [DEBUG  ]  No samples found: methylQA
[2019-11-19 14:22:57,557] multiqc                                            [DEBUG  ]  No samples found: phantompeakqualtools
[2019-11-19 14:22:57,563] multiqc                                            [DEBUG  ]  No samples found: qualimap
[2019-11-19 14:22:57,568] multiqc                                            [DEBUG  ]  No samples found: preseq
[2019-11-19 14:22:57,574] multiqc                                            [DEBUG  ]  No samples found: quast
[2019-11-19 14:22:57,579] multiqc                                            [DEBUG  ]  No samples found: qorts
[2019-11-19 14:22:57,583] multiqc                                            [DEBUG  ]  No samples found: rna_seqc
[2019-11-19 14:22:57,587] multiqc                                            [DEBUG  ]  No samples found: rsem
[2019-11-19 14:22:57,595] multiqc                                            [DEBUG  ]  No samples found: rseqc
[2019-11-19 14:22:57,599] multiqc                                            [DEBUG  ]  No samples found: busco
[2019-11-19 14:22:57,604] multiqc                                            [DEBUG  ]  No samples found: goleft_indexcov
[2019-11-19 14:22:57,608] multiqc                                            [DEBUG  ]  No samples found: disambiguate
[2019-11-19 14:22:57,612] multiqc                                            [DEBUG  ]  No samples found: supernova
[2019-11-19 14:22:57,622] multiqc                                            [DEBUG  ]  No samples found: deeptools
[2019-11-19 14:22:57,626] multiqc                                            [DEBUG  ]  No samples found: sargasso
[2019-11-19 14:22:57,633] multiqc                                            [DEBUG  ]  No samples found: verifybamid
[2019-11-19 14:22:57,639] multiqc                                            [DEBUG  ]  No samples found: mirtrace
[2019-11-19 14:22:57,645] multiqc                                            [DEBUG  ]  No samples found: happy
[2019-11-19 14:22:57,653] multiqc                                            [DEBUG  ]  No samples found: homer
[2019-11-19 14:22:57,659] multiqc                                            [DEBUG  ]  No samples found: macs2
[2019-11-19 14:22:57,665] multiqc                                            [DEBUG  ]  No samples found: theta2
[2019-11-19 14:22:57,669] multiqc                                            [DEBUG  ]  No samples found: snpeff
[2019-11-19 14:22:57,675] multiqc                                            [DEBUG  ]  No samples found: gatk
[2019-11-19 14:22:57,679] multiqc                                            [DEBUG  ]  No samples found: htseq
[2019-11-19 14:22:57,684] multiqc                                            [DEBUG  ]  No samples found: bcftools
[2019-11-19 14:22:57,688] multiqc                                            [DEBUG  ]  No samples found: featureCounts
[2019-11-19 14:22:57,693] multiqc                                            [DEBUG  ]  No samples found: dedup
[2019-11-19 14:22:57,697] multiqc                                            [DEBUG  ]  No samples found: damageprofiler
[2019-11-19 14:22:57,709] multiqc                                            [DEBUG  ]  No samples found: picard
[2019-11-19 14:22:57,714] multiqc                                            [DEBUG  ]  No samples found: prokka
[2019-11-19 14:22:57,720] multiqc                                            [DEBUG  ]  No samples found: samblaster
[2019-11-19 14:22:57,738] multiqc                                            [DEBUG  ]  No samples found: samtools
[2019-11-19 14:22:57,743] multiqc                                            [DEBUG  ]  No samples found: bamtools
[2019-11-19 14:22:57,747] multiqc                                            [DEBUG  ]  No samples found: jellyfish
[2019-11-19 14:22:57,760] multiqc                                            [DEBUG  ]  No samples found: vcftools
[2019-11-19 14:22:57,764] multiqc                                            [DEBUG  ]  No samples found: longranger
[2019-11-19 14:22:57,770] multiqc                                            [DEBUG  ]  No samples found: stacks
[2019-11-19 14:22:57,783] multiqc                                            [DEBUG  ]  No samples found: bbmap
[2019-11-19 14:22:57,788] multiqc                                            [DEBUG  ]  No samples found: bismark
[2019-11-19 14:22:57,793] multiqc                                            [DEBUG  ]  No samples found: biscuit
[2019-11-19 14:22:57,797] multiqc                                            [DEBUG  ]  No samples found: hicexplorer
[2019-11-19 14:22:57,801] multiqc                                            [DEBUG  ]  No samples found: hicup
[2019-11-19 14:22:57,806] multiqc                                            [DEBUG  ]  No samples found: hicpro
[2019-11-19 14:22:57,810] multiqc                                            [DEBUG  ]  No samples found: salmon
[2019-11-19 14:22:57,814] multiqc                                            [DEBUG  ]  No samples found: kallisto
[2019-11-19 14:22:57,818] multiqc                                            [DEBUG  ]  No samples found: slamdunk
[2019-11-19 14:22:57,823] multiqc                                            [DEBUG  ]  No samples found: star
[2019-11-19 14:22:57,827] multiqc                                            [DEBUG  ]  No samples found: hisat2
[2019-11-19 14:22:57,832] multiqc                                            [DEBUG  ]  No samples found: tophat
[2019-11-19 14:22:57,836] multiqc                                            [DEBUG  ]  No samples found: bowtie2
[2019-11-19 14:22:57,840] multiqc                                            [DEBUG  ]  No samples found: bowtie1
[2019-11-19 14:22:57,844] multiqc                                            [DEBUG  ]  No samples found: kat
[2019-11-19 14:22:57,848] multiqc                                            [DEBUG  ]  No samples found: leehom
[2019-11-19 14:22:57,852] multiqc                                            [DEBUG  ]  No samples found: adapterRemoval
[2019-11-19 14:22:57,856] multiqc                                            [DEBUG  ]  No samples found: clipandmerge
[2019-11-19 14:22:57,861] multiqc                                            [DEBUG  ]  No samples found: cutadapt
[2019-11-19 14:22:57,865] multiqc                                            [DEBUG  ]  No samples found: flexbar
[2019-11-19 14:22:57,869] multiqc                                            [DEBUG  ]  No samples found: trimmomatic
[2019-11-19 14:22:57,874] multiqc                                            [DEBUG  ]  No samples found: skewer
[2019-11-19 14:22:57,878] multiqc                                            [DEBUG  ]  No samples found: sortmerna
[2019-11-19 14:22:57,882] multiqc                                            [DEBUG  ]  No samples found: biobloomtools
[2019-11-19 14:22:57,886] multiqc                                            [DEBUG  ]  No samples found: fastq_screen
[2019-11-19 14:22:57,891] multiqc                                            [DEBUG  ]  No samples found: afterqc
[2019-11-19 14:22:57,895] multiqc                                            [DEBUG  ]  No samples found: fastp
[2019-11-19 14:22:57,903] multiqc.modules.fastqc.fastqc                      [INFO   ]  Found 1 reports
[2019-11-19 14:22:57,969] multiqc                                            [DEBUG  ]  No samples found: minionqc
[2019-11-19 14:22:57,973] multiqc                                            [DEBUG  ]  No samples found: clusterflow
[2019-11-19 14:22:57,978] multiqc                                            [DEBUG  ]  No samples found: bcl2fastq
[2019-11-19 14:22:57,982] multiqc                                            [DEBUG  ]  No samples found: interop
[2019-11-19 14:22:57,987] multiqc                                            [DEBUG  ]  No samples found: flash
[2019-11-19 14:22:57,989] multiqc                                            [INFO   ]  Compressing plot data
[2019-11-19 14:22:58,016] multiqc                                            [INFO   ]  Report      : ../../../../../../../data/multiqc_report.html
[2019-11-19 14:22:58,016] multiqc                                            [INFO   ]  Data        : ../../../../../../../data/multiqc_data
[2019-11-19 14:22:58,016] multiqc                                            [DEBUG  ]  Moving data file from '/tmp/tmphgzx8_tj/multiqc_data/multiqc_general_stats.txt' to '/data/multiqc_data'
[2019-11-19 14:22:58,017] multiqc                                            [DEBUG  ]  Moving data file from '/tmp/tmphgzx8_tj/multiqc_data/multiqc_fastqc.txt' to '/data/multiqc_data'
[2019-11-19 14:22:58,017] multiqc                                            [DEBUG  ]  Moving data file from '/tmp/tmphgzx8_tj/multiqc_data/multiqc_data.json' to '/data/multiqc_data'
[2019-11-19 14:22:58,017] multiqc                                            [DEBUG  ]  Moving data file from '/tmp/tmphgzx8_tj/multiqc_data/multiqc_sources.txt' to '/data/multiqc_data'
[2019-11-19 14:22:58,150] multiqc                                            [INFO   ]  MultiQC complete
