[2019-11-19 13:54:39,751] multiqc                                            [DEBUG  ]  No MultiQC config found: /usr/lib/python3.6/site-packages/multiqc-1.7-py3.6.egg/multiqc_config.yaml
[2019-11-19 13:54:39,751] multiqc                                            [DEBUG  ]  No MultiQC config found: /root/.multiqc_config.yaml
[2019-11-19 13:54:39,751] multiqc                                            [DEBUG  ]  No MultiQC config found: multiqc_config.yaml
[2019-11-19 13:54:39,751] multiqc                                            [DEBUG  ]  Command used: /usr/bin/multiqc /data/HG00179.mapped.ILLUMINA.bwa.FIN.low_coverage.20101123_fastqc.zip -o /data
[2019-11-19 13:54:41,526] multiqc                                            [DEBUG  ]  Latest MultiQC version is v1.7
[2019-11-19 13:54:41,526] multiqc                                            [INFO   ]  This is MultiQC v1.7
[2019-11-19 13:54:41,526] multiqc                                            [DEBUG  ]  Command     : /usr/bin/multiqc /data/HG00179.mapped.ILLUMINA.bwa.FIN.low_coverage.20101123_fastqc.zip -o /data
[2019-11-19 13:54:41,526] multiqc                                            [DEBUG  ]  Working dir : /var/lib/toil/toil-9b56b740-ccba-4b13-b998-c6aabca34938-69d14ae953f0400cbe6f0dc87a7486c9/tmpz8xxRb/d05b0ba0-5179-4d8e-8a88-8c445a093198/tqQS5py
[2019-11-19 13:54:41,526] multiqc                                            [INFO   ]  Template    : default
[2019-11-19 13:54:41,526] multiqc                                            [INFO   ]  Searching '/data/HG00179.mapped.ILLUMINA.bwa.FIN.low_coverage.20101123_fastqc.zip'
[2019-11-19 13:54:41,526] multiqc                                            [DEBUG  ]  Analysing modules: custom_content, conpair, peddy, methylQA, phantompeakqualtools, qualimap, preseq, quast, qorts, rna_seqc, rsem, rseqc, busco, goleft_indexcov, disambiguate, supernova, deeptools, sargasso, verifybamid, mirtrace, happy, homer, macs2, theta2, snpeff, gatk, htseq, bcftools, featureCounts, dedup, damageprofiler, picard, prokka, samblaster, samtools, bamtools, jellyfish, vcftools, longranger, stacks, bbmap, bismark, biscuit, hicexplorer, hicup, hicpro, salmon, kallisto, slamdunk, star, hisat2, tophat, bowtie2, bowtie1, kat, leehom, adapterRemoval, clipandmerge, cutadapt, flexbar, trimmomatic, skewer, sortmerna, biobloomtools, fastq_screen, afterqc, fastp, fastqc, minionqc, clusterflow, bcl2fastq, interop, flash
[2019-11-19 13:54:41,527] multiqc                                            [DEBUG  ]  Using temporary directory for creating report: /tmp/tmpq2vozoof
[2019-11-19 13:54:42,206] multiqc                                            [DEBUG  ]  No samples found: custom_content
[2019-11-19 13:54:42,212] multiqc                                            [DEBUG  ]  No samples found: conpair
[2019-11-19 13:54:42,217] multiqc                                            [DEBUG  ]  No samples found: peddy
[2019-11-19 13:54:42,221] multiqc                                            [DEBUG  ]  No samples found: methylQA
[2019-11-19 13:54:42,225] multiqc                                            [DEBUG  ]  No samples found: phantompeakqualtools
[2019-11-19 13:54:42,230] multiqc                                            [DEBUG  ]  No samples found: qualimap
[2019-11-19 13:54:42,235] multiqc                                            [DEBUG  ]  No samples found: preseq
[2019-11-19 13:54:42,239] multiqc                                            [DEBUG  ]  No samples found: quast
[2019-11-19 13:54:42,243] multiqc                                            [DEBUG  ]  No samples found: qorts
[2019-11-19 13:54:42,247] multiqc                                            [DEBUG  ]  No samples found: rna_seqc
[2019-11-19 13:54:42,251] multiqc                                            [DEBUG  ]  No samples found: rsem
[2019-11-19 13:54:42,260] multiqc                                            [DEBUG  ]  No samples found: rseqc
[2019-11-19 13:54:42,264] multiqc                                            [DEBUG  ]  No samples found: busco
[2019-11-19 13:54:42,268] multiqc                                            [DEBUG  ]  No samples found: goleft_indexcov
[2019-11-19 13:54:42,272] multiqc                                            [DEBUG  ]  No samples found: disambiguate
[2019-11-19 13:54:42,277] multiqc                                            [DEBUG  ]  No samples found: supernova
[2019-11-19 13:54:42,286] multiqc                                            [DEBUG  ]  No samples found: deeptools
[2019-11-19 13:54:42,290] multiqc                                            [DEBUG  ]  No samples found: sargasso
[2019-11-19 13:54:42,294] multiqc                                            [DEBUG  ]  No samples found: verifybamid
[2019-11-19 13:54:42,298] multiqc                                            [DEBUG  ]  No samples found: mirtrace
[2019-11-19 13:54:42,303] multiqc                                            [DEBUG  ]  No samples found: happy
[2019-11-19 13:54:42,308] multiqc                                            [DEBUG  ]  No samples found: homer
[2019-11-19 13:54:42,312] multiqc                                            [DEBUG  ]  No samples found: macs2
[2019-11-19 13:54:42,316] multiqc                                            [DEBUG  ]  No samples found: theta2
[2019-11-19 13:54:42,320] multiqc                                            [DEBUG  ]  No samples found: snpeff
[2019-11-19 13:54:42,326] multiqc                                            [DEBUG  ]  No samples found: gatk
[2019-11-19 13:54:42,330] multiqc                                            [DEBUG  ]  No samples found: htseq
[2019-11-19 13:54:42,334] multiqc                                            [DEBUG  ]  No samples found: bcftools
[2019-11-19 13:54:42,338] multiqc                                            [DEBUG  ]  No samples found: featureCounts
[2019-11-19 13:54:42,342] multiqc                                            [DEBUG  ]  No samples found: dedup
[2019-11-19 13:54:42,347] multiqc                                            [DEBUG  ]  No samples found: damageprofiler
[2019-11-19 13:54:42,358] multiqc                                            [DEBUG  ]  No samples found: picard
[2019-11-19 13:54:42,362] multiqc                                            [DEBUG  ]  No samples found: prokka
[2019-11-19 13:54:42,366] multiqc                                            [DEBUG  ]  No samples found: samblaster
[2019-11-19 13:54:42,373] multiqc                                            [DEBUG  ]  No samples found: samtools
[2019-11-19 13:54:42,377] multiqc                                            [DEBUG  ]  No samples found: bamtools
[2019-11-19 13:54:42,381] multiqc                                            [DEBUG  ]  No samples found: jellyfish
[2019-11-19 13:54:42,388] multiqc                                            [DEBUG  ]  No samples found: vcftools
[2019-11-19 13:54:42,392] multiqc                                            [DEBUG  ]  No samples found: longranger
[2019-11-19 13:54:42,396] multiqc                                            [DEBUG  ]  No samples found: stacks
[2019-11-19 13:54:42,406] multiqc                                            [DEBUG  ]  No samples found: bbmap
[2019-11-19 13:54:42,410] multiqc                                            [DEBUG  ]  No samples found: bismark
[2019-11-19 13:54:42,416] multiqc                                            [DEBUG  ]  No samples found: biscuit
[2019-11-19 13:54:42,420] multiqc                                            [DEBUG  ]  No samples found: hicexplorer
[2019-11-19 13:54:42,424] multiqc                                            [DEBUG  ]  No samples found: hicup
[2019-11-19 13:54:42,428] multiqc                                            [DEBUG  ]  No samples found: hicpro
[2019-11-19 13:54:42,432] multiqc                                            [DEBUG  ]  No samples found: salmon
[2019-11-19 13:54:42,436] multiqc                                            [DEBUG  ]  No samples found: kallisto
[2019-11-19 13:54:42,440] multiqc                                            [DEBUG  ]  No samples found: slamdunk
[2019-11-19 13:54:42,444] multiqc                                            [DEBUG  ]  No samples found: star
[2019-11-19 13:54:42,448] multiqc                                            [DEBUG  ]  No samples found: hisat2
[2019-11-19 13:54:42,452] multiqc                                            [DEBUG  ]  No samples found: tophat
[2019-11-19 13:54:42,457] multiqc                                            [DEBUG  ]  No samples found: bowtie2
[2019-11-19 13:54:42,461] multiqc                                            [DEBUG  ]  No samples found: bowtie1
[2019-11-19 13:54:42,465] multiqc                                            [DEBUG  ]  No samples found: kat
[2019-11-19 13:54:42,469] multiqc                                            [DEBUG  ]  No samples found: leehom
[2019-11-19 13:54:42,473] multiqc                                            [DEBUG  ]  No samples found: adapterRemoval
[2019-11-19 13:54:42,476] multiqc                                            [DEBUG  ]  No samples found: clipandmerge
[2019-11-19 13:54:42,481] multiqc                                            [DEBUG  ]  No samples found: cutadapt
[2019-11-19 13:54:42,485] multiqc                                            [DEBUG  ]  No samples found: flexbar
[2019-11-19 13:54:42,489] multiqc                                            [DEBUG  ]  No samples found: trimmomatic
[2019-11-19 13:54:42,493] multiqc                                            [DEBUG  ]  No samples found: skewer
[2019-11-19 13:54:42,498] multiqc                                            [DEBUG  ]  No samples found: sortmerna
[2019-11-19 13:54:42,502] multiqc                                            [DEBUG  ]  No samples found: biobloomtools
[2019-11-19 13:54:42,506] multiqc                                            [DEBUG  ]  No samples found: fastq_screen
[2019-11-19 13:54:42,511] multiqc                                            [DEBUG  ]  No samples found: afterqc
[2019-11-19 13:54:42,515] multiqc                                            [DEBUG  ]  No samples found: fastp
[2019-11-19 13:54:42,524] multiqc.modules.fastqc.fastqc                      [INFO   ]  Found 1 reports
[2019-11-19 13:54:42,580] multiqc                                            [DEBUG  ]  No samples found: minionqc
[2019-11-19 13:54:42,584] multiqc                                            [DEBUG  ]  No samples found: clusterflow
[2019-11-19 13:54:42,588] multiqc                                            [DEBUG  ]  No samples found: bcl2fastq
[2019-11-19 13:54:42,593] multiqc                                            [DEBUG  ]  No samples found: interop
[2019-11-19 13:54:42,598] multiqc                                            [DEBUG  ]  No samples found: flash
[2019-11-19 13:54:42,600] multiqc                                            [INFO   ]  Compressing plot data
[2019-11-19 13:54:42,629] multiqc                                            [INFO   ]  Report      : ../../../../../../../data/multiqc_report.html
[2019-11-19 13:54:42,629] multiqc                                            [INFO   ]  Data        : ../../../../../../../data/multiqc_data
[2019-11-19 13:54:42,629] multiqc                                            [DEBUG  ]  Moving data file from '/tmp/tmpq2vozoof/multiqc_data/multiqc_general_stats.txt' to '/data/multiqc_data'
[2019-11-19 13:54:42,629] multiqc                                            [DEBUG  ]  Moving data file from '/tmp/tmpq2vozoof/multiqc_data/multiqc_fastqc.txt' to '/data/multiqc_data'
[2019-11-19 13:54:42,630] multiqc                                            [DEBUG  ]  Moving data file from '/tmp/tmpq2vozoof/multiqc_data/multiqc_data.json' to '/data/multiqc_data'
[2019-11-19 13:54:42,630] multiqc                                            [DEBUG  ]  Moving data file from '/tmp/tmpq2vozoof/multiqc_data/multiqc_sources.txt' to '/data/multiqc_data'
[2019-11-19 13:54:42,763] multiqc                                            [INFO   ]  MultiQC complete
