[2019-11-19 08:59:17,453] multiqc                                            [DEBUG  ]  No MultiQC config found: /usr/lib/python3.6/site-packages/multiqc-1.7-py3.6.egg/multiqc_config.yaml
[2019-11-19 08:59:17,453] multiqc                                            [DEBUG  ]  No MultiQC config found: /root/.multiqc_config.yaml
[2019-11-19 08:59:17,453] multiqc                                            [DEBUG  ]  No MultiQC config found: multiqc_config.yaml
[2019-11-19 08:59:17,453] multiqc                                            [DEBUG  ]  Command used: /usr/bin/multiqc /data/HG00113.unmapped.SOLID.bfast.GBR.low_coverage.20101123_fastqc.zip -o /data
[2019-11-19 08:59:19,418] multiqc                                            [DEBUG  ]  Latest MultiQC version is v1.7
[2019-11-19 08:59:19,418] multiqc                                            [INFO   ]  This is MultiQC v1.7
[2019-11-19 08:59:19,418] multiqc                                            [DEBUG  ]  Command     : /usr/bin/multiqc /data/HG00113.unmapped.SOLID.bfast.GBR.low_coverage.20101123_fastqc.zip -o /data
[2019-11-19 08:59:19,419] multiqc                                            [DEBUG  ]  Working dir : /var/lib/toil/toil-9b56b740-ccba-4b13-b998-c6aabca34938-69d14ae953f0400cbe6f0dc87a7486c9/tmpvmAYvW/806f3137-4cd6-4242-8d97-702db6bb31e1/t2BE1Ou
[2019-11-19 08:59:19,419] multiqc                                            [INFO   ]  Template    : default
[2019-11-19 08:59:19,419] multiqc                                            [INFO   ]  Searching '/data/HG00113.unmapped.SOLID.bfast.GBR.low_coverage.20101123_fastqc.zip'
[2019-11-19 08:59:19,419] multiqc                                            [DEBUG  ]  Analysing modules: custom_content, conpair, peddy, methylQA, phantompeakqualtools, qualimap, preseq, quast, qorts, rna_seqc, rsem, rseqc, busco, goleft_indexcov, disambiguate, supernova, deeptools, sargasso, verifybamid, mirtrace, happy, homer, macs2, theta2, snpeff, gatk, htseq, bcftools, featureCounts, dedup, damageprofiler, picard, prokka, samblaster, samtools, bamtools, jellyfish, vcftools, longranger, stacks, bbmap, bismark, biscuit, hicexplorer, hicup, hicpro, salmon, kallisto, slamdunk, star, hisat2, tophat, bowtie2, bowtie1, kat, leehom, adapterRemoval, clipandmerge, cutadapt, flexbar, trimmomatic, skewer, sortmerna, biobloomtools, fastq_screen, afterqc, fastp, fastqc, minionqc, clusterflow, bcl2fastq, interop, flash
[2019-11-19 08:59:19,419] multiqc                                            [DEBUG  ]  Using temporary directory for creating report: /tmp/tmpnxrqoxkz
[2019-11-19 08:59:20,146] multiqc                                            [DEBUG  ]  No samples found: custom_content
[2019-11-19 08:59:20,151] multiqc                                            [DEBUG  ]  No samples found: conpair
[2019-11-19 08:59:20,156] multiqc                                            [DEBUG  ]  No samples found: peddy
[2019-11-19 08:59:20,162] multiqc                                            [DEBUG  ]  No samples found: methylQA
[2019-11-19 08:59:20,167] multiqc                                            [DEBUG  ]  No samples found: phantompeakqualtools
[2019-11-19 08:59:20,175] multiqc                                            [DEBUG  ]  No samples found: qualimap
[2019-11-19 08:59:20,180] multiqc                                            [DEBUG  ]  No samples found: preseq
[2019-11-19 08:59:20,186] multiqc                                            [DEBUG  ]  No samples found: quast
[2019-11-19 08:59:20,191] multiqc                                            [DEBUG  ]  No samples found: qorts
[2019-11-19 08:59:20,195] multiqc                                            [DEBUG  ]  No samples found: rna_seqc
[2019-11-19 08:59:20,200] multiqc                                            [DEBUG  ]  No samples found: rsem
[2019-11-19 08:59:20,208] multiqc                                            [DEBUG  ]  No samples found: rseqc
[2019-11-19 08:59:20,212] multiqc                                            [DEBUG  ]  No samples found: busco
[2019-11-19 08:59:20,217] multiqc                                            [DEBUG  ]  No samples found: goleft_indexcov
[2019-11-19 08:59:20,221] multiqc                                            [DEBUG  ]  No samples found: disambiguate
[2019-11-19 08:59:20,225] multiqc                                            [DEBUG  ]  No samples found: supernova
[2019-11-19 08:59:20,234] multiqc                                            [DEBUG  ]  No samples found: deeptools
[2019-11-19 08:59:20,238] multiqc                                            [DEBUG  ]  No samples found: sargasso
[2019-11-19 08:59:20,242] multiqc                                            [DEBUG  ]  No samples found: verifybamid
[2019-11-19 08:59:20,246] multiqc                                            [DEBUG  ]  No samples found: mirtrace
[2019-11-19 08:59:20,251] multiqc                                            [DEBUG  ]  No samples found: happy
[2019-11-19 08:59:20,256] multiqc                                            [DEBUG  ]  No samples found: homer
[2019-11-19 08:59:20,260] multiqc                                            [DEBUG  ]  No samples found: macs2
[2019-11-19 08:59:20,264] multiqc                                            [DEBUG  ]  No samples found: theta2
[2019-11-19 08:59:20,268] multiqc                                            [DEBUG  ]  No samples found: snpeff
[2019-11-19 08:59:20,274] multiqc                                            [DEBUG  ]  No samples found: gatk
[2019-11-19 08:59:20,280] multiqc                                            [DEBUG  ]  No samples found: htseq
[2019-11-19 08:59:20,286] multiqc                                            [DEBUG  ]  No samples found: bcftools
[2019-11-19 08:59:20,290] multiqc                                            [DEBUG  ]  No samples found: featureCounts
[2019-11-19 08:59:20,295] multiqc                                            [DEBUG  ]  No samples found: dedup
[2019-11-19 08:59:20,299] multiqc                                            [DEBUG  ]  No samples found: damageprofiler
[2019-11-19 08:59:20,310] multiqc                                            [DEBUG  ]  No samples found: picard
[2019-11-19 08:59:20,315] multiqc                                            [DEBUG  ]  No samples found: prokka
[2019-11-19 08:59:20,319] multiqc                                            [DEBUG  ]  No samples found: samblaster
[2019-11-19 08:59:20,325] multiqc                                            [DEBUG  ]  No samples found: samtools
[2019-11-19 08:59:20,330] multiqc                                            [DEBUG  ]  No samples found: bamtools
[2019-11-19 08:59:20,334] multiqc                                            [DEBUG  ]  No samples found: jellyfish
[2019-11-19 08:59:20,340] multiqc                                            [DEBUG  ]  No samples found: vcftools
[2019-11-19 08:59:20,345] multiqc                                            [DEBUG  ]  No samples found: longranger
[2019-11-19 08:59:20,349] multiqc                                            [DEBUG  ]  No samples found: stacks
[2019-11-19 08:59:20,359] multiqc                                            [DEBUG  ]  No samples found: bbmap
[2019-11-19 08:59:20,364] multiqc                                            [DEBUG  ]  No samples found: bismark
[2019-11-19 08:59:20,369] multiqc                                            [DEBUG  ]  No samples found: biscuit
[2019-11-19 08:59:20,374] multiqc                                            [DEBUG  ]  No samples found: hicexplorer
[2019-11-19 08:59:20,378] multiqc                                            [DEBUG  ]  No samples found: hicup
[2019-11-19 08:59:20,382] multiqc                                            [DEBUG  ]  No samples found: hicpro
[2019-11-19 08:59:20,386] multiqc                                            [DEBUG  ]  No samples found: salmon
[2019-11-19 08:59:20,390] multiqc                                            [DEBUG  ]  No samples found: kallisto
[2019-11-19 08:59:20,395] multiqc                                            [DEBUG  ]  No samples found: slamdunk
[2019-11-19 08:59:20,399] multiqc                                            [DEBUG  ]  No samples found: star
[2019-11-19 08:59:20,403] multiqc                                            [DEBUG  ]  No samples found: hisat2
[2019-11-19 08:59:20,407] multiqc                                            [DEBUG  ]  No samples found: tophat
[2019-11-19 08:59:20,411] multiqc                                            [DEBUG  ]  No samples found: bowtie2
[2019-11-19 08:59:20,415] multiqc                                            [DEBUG  ]  No samples found: bowtie1
[2019-11-19 08:59:20,420] multiqc                                            [DEBUG  ]  No samples found: kat
[2019-11-19 08:59:20,424] multiqc                                            [DEBUG  ]  No samples found: leehom
[2019-11-19 08:59:20,428] multiqc                                            [DEBUG  ]  No samples found: adapterRemoval
[2019-11-19 08:59:20,432] multiqc                                            [DEBUG  ]  No samples found: clipandmerge
[2019-11-19 08:59:20,437] multiqc                                            [DEBUG  ]  No samples found: cutadapt
[2019-11-19 08:59:20,441] multiqc                                            [DEBUG  ]  No samples found: flexbar
[2019-11-19 08:59:20,445] multiqc                                            [DEBUG  ]  No samples found: trimmomatic
[2019-11-19 08:59:20,449] multiqc                                            [DEBUG  ]  No samples found: skewer
[2019-11-19 08:59:20,454] multiqc                                            [DEBUG  ]  No samples found: sortmerna
[2019-11-19 08:59:20,458] multiqc                                            [DEBUG  ]  No samples found: biobloomtools
[2019-11-19 08:59:20,462] multiqc                                            [DEBUG  ]  No samples found: fastq_screen
[2019-11-19 08:59:20,467] multiqc                                            [DEBUG  ]  No samples found: afterqc
[2019-11-19 08:59:20,471] multiqc                                            [DEBUG  ]  No samples found: fastp
[2019-11-19 08:59:20,478] multiqc.modules.fastqc.fastqc                      [INFO   ]  Found 1 reports
[2019-11-19 08:59:20,522] multiqc                                            [DEBUG  ]  No samples found: minionqc
[2019-11-19 08:59:20,527] multiqc                                            [DEBUG  ]  No samples found: clusterflow
[2019-11-19 08:59:20,531] multiqc                                            [DEBUG  ]  No samples found: bcl2fastq
[2019-11-19 08:59:20,535] multiqc                                            [DEBUG  ]  No samples found: interop
[2019-11-19 08:59:20,540] multiqc                                            [DEBUG  ]  No samples found: flash
[2019-11-19 08:59:20,543] multiqc                                            [INFO   ]  Compressing plot data
[2019-11-19 08:59:20,569] multiqc                                            [INFO   ]  Report      : ../../../../../../../data/multiqc_report.html
[2019-11-19 08:59:20,569] multiqc                                            [INFO   ]  Data        : ../../../../../../../data/multiqc_data
[2019-11-19 08:59:20,570] multiqc                                            [DEBUG  ]  Moving data file from '/tmp/tmpnxrqoxkz/multiqc_data/multiqc_general_stats.txt' to '/data/multiqc_data'
[2019-11-19 08:59:20,570] multiqc                                            [DEBUG  ]  Moving data file from '/tmp/tmpnxrqoxkz/multiqc_data/multiqc_fastqc.txt' to '/data/multiqc_data'
[2019-11-19 08:59:20,570] multiqc                                            [DEBUG  ]  Moving data file from '/tmp/tmpnxrqoxkz/multiqc_data/multiqc_data.json' to '/data/multiqc_data'
[2019-11-19 08:59:20,571] multiqc                                            [DEBUG  ]  Moving data file from '/tmp/tmpnxrqoxkz/multiqc_data/multiqc_sources.txt' to '/data/multiqc_data'
[2019-11-19 08:59:20,703] multiqc                                            [INFO   ]  MultiQC complete
