[2019-11-19 09:51:04,511] multiqc                                            [DEBUG  ]  No MultiQC config found: /usr/lib/python3.6/site-packages/multiqc-1.7-py3.6.egg/multiqc_config.yaml
[2019-11-19 09:51:04,511] multiqc                                            [DEBUG  ]  No MultiQC config found: /root/.multiqc_config.yaml
[2019-11-19 09:51:04,511] multiqc                                            [DEBUG  ]  No MultiQC config found: multiqc_config.yaml
[2019-11-19 09:51:04,511] multiqc                                            [DEBUG  ]  Command used: /usr/bin/multiqc /data/HG00099.mapped.SOLID.bfast.GBR.low_coverage.20101123_fastqc.zip -o /data
[2019-11-19 09:51:06,233] multiqc                                            [DEBUG  ]  Latest MultiQC version is v1.7
[2019-11-19 09:51:06,233] multiqc                                            [INFO   ]  This is MultiQC v1.7
[2019-11-19 09:51:06,233] multiqc                                            [DEBUG  ]  Command     : /usr/bin/multiqc /data/HG00099.mapped.SOLID.bfast.GBR.low_coverage.20101123_fastqc.zip -o /data
[2019-11-19 09:51:06,233] multiqc                                            [DEBUG  ]  Working dir : /var/lib/toil/toil-9b56b740-ccba-4b13-b998-c6aabca34938-69d14ae953f0400cbe6f0dc87a7486c9/tmppHBl_I/fe7e23b7-38d9-4af6-99d4-cd9ef6647384/tt4F3m3
[2019-11-19 09:51:06,233] multiqc                                            [INFO   ]  Template    : default
[2019-11-19 09:51:06,233] multiqc                                            [INFO   ]  Searching '/data/HG00099.mapped.SOLID.bfast.GBR.low_coverage.20101123_fastqc.zip'
[2019-11-19 09:51:06,234] multiqc                                            [DEBUG  ]  Analysing modules: custom_content, conpair, peddy, methylQA, phantompeakqualtools, qualimap, preseq, quast, qorts, rna_seqc, rsem, rseqc, busco, goleft_indexcov, disambiguate, supernova, deeptools, sargasso, verifybamid, mirtrace, happy, homer, macs2, theta2, snpeff, gatk, htseq, bcftools, featureCounts, dedup, damageprofiler, picard, prokka, samblaster, samtools, bamtools, jellyfish, vcftools, longranger, stacks, bbmap, bismark, biscuit, hicexplorer, hicup, hicpro, salmon, kallisto, slamdunk, star, hisat2, tophat, bowtie2, bowtie1, kat, leehom, adapterRemoval, clipandmerge, cutadapt, flexbar, trimmomatic, skewer, sortmerna, biobloomtools, fastq_screen, afterqc, fastp, fastqc, minionqc, clusterflow, bcl2fastq, interop, flash
[2019-11-19 09:51:06,234] multiqc                                            [DEBUG  ]  Using temporary directory for creating report: /tmp/tmpviuw2ang
[2019-11-19 09:51:06,996] multiqc                                            [DEBUG  ]  No samples found: custom_content
[2019-11-19 09:51:07,001] multiqc                                            [DEBUG  ]  No samples found: conpair
[2019-11-19 09:51:07,005] multiqc                                            [DEBUG  ]  No samples found: peddy
[2019-11-19 09:51:07,010] multiqc                                            [DEBUG  ]  No samples found: methylQA
[2019-11-19 09:51:07,014] multiqc                                            [DEBUG  ]  No samples found: phantompeakqualtools
[2019-11-19 09:51:07,020] multiqc                                            [DEBUG  ]  No samples found: qualimap
[2019-11-19 09:51:07,026] multiqc                                            [DEBUG  ]  No samples found: preseq
[2019-11-19 09:51:07,031] multiqc                                            [DEBUG  ]  No samples found: quast
[2019-11-19 09:51:07,035] multiqc                                            [DEBUG  ]  No samples found: qorts
[2019-11-19 09:51:07,040] multiqc                                            [DEBUG  ]  No samples found: rna_seqc
[2019-11-19 09:51:07,046] multiqc                                            [DEBUG  ]  No samples found: rsem
[2019-11-19 09:51:07,059] multiqc                                            [DEBUG  ]  No samples found: rseqc
[2019-11-19 09:51:07,066] multiqc                                            [DEBUG  ]  No samples found: busco
[2019-11-19 09:51:07,070] multiqc                                            [DEBUG  ]  No samples found: goleft_indexcov
[2019-11-19 09:51:07,074] multiqc                                            [DEBUG  ]  No samples found: disambiguate
[2019-11-19 09:51:07,079] multiqc                                            [DEBUG  ]  No samples found: supernova
[2019-11-19 09:51:07,088] multiqc                                            [DEBUG  ]  No samples found: deeptools
[2019-11-19 09:51:07,092] multiqc                                            [DEBUG  ]  No samples found: sargasso
[2019-11-19 09:51:07,096] multiqc                                            [DEBUG  ]  No samples found: verifybamid
[2019-11-19 09:51:07,100] multiqc                                            [DEBUG  ]  No samples found: mirtrace
[2019-11-19 09:51:07,105] multiqc                                            [DEBUG  ]  No samples found: happy
[2019-11-19 09:51:07,111] multiqc                                            [DEBUG  ]  No samples found: homer
[2019-11-19 09:51:07,115] multiqc                                            [DEBUG  ]  No samples found: macs2
[2019-11-19 09:51:07,119] multiqc                                            [DEBUG  ]  No samples found: theta2
[2019-11-19 09:51:07,124] multiqc                                            [DEBUG  ]  No samples found: snpeff
[2019-11-19 09:51:07,130] multiqc                                            [DEBUG  ]  No samples found: gatk
[2019-11-19 09:51:07,134] multiqc                                            [DEBUG  ]  No samples found: htseq
[2019-11-19 09:51:07,139] multiqc                                            [DEBUG  ]  No samples found: bcftools
[2019-11-19 09:51:07,143] multiqc                                            [DEBUG  ]  No samples found: featureCounts
[2019-11-19 09:51:07,147] multiqc                                            [DEBUG  ]  No samples found: dedup
[2019-11-19 09:51:07,151] multiqc                                            [DEBUG  ]  No samples found: damageprofiler
[2019-11-19 09:51:07,163] multiqc                                            [DEBUG  ]  No samples found: picard
[2019-11-19 09:51:07,167] multiqc                                            [DEBUG  ]  No samples found: prokka
[2019-11-19 09:51:07,172] multiqc                                            [DEBUG  ]  No samples found: samblaster
[2019-11-19 09:51:07,179] multiqc                                            [DEBUG  ]  No samples found: samtools
[2019-11-19 09:51:07,183] multiqc                                            [DEBUG  ]  No samples found: bamtools
[2019-11-19 09:51:07,187] multiqc                                            [DEBUG  ]  No samples found: jellyfish
[2019-11-19 09:51:07,194] multiqc                                            [DEBUG  ]  No samples found: vcftools
[2019-11-19 09:51:07,200] multiqc                                            [DEBUG  ]  No samples found: longranger
[2019-11-19 09:51:07,205] multiqc                                            [DEBUG  ]  No samples found: stacks
[2019-11-19 09:51:07,215] multiqc                                            [DEBUG  ]  No samples found: bbmap
[2019-11-19 09:51:07,220] multiqc                                            [DEBUG  ]  No samples found: bismark
[2019-11-19 09:51:07,226] multiqc                                            [DEBUG  ]  No samples found: biscuit
[2019-11-19 09:51:07,231] multiqc                                            [DEBUG  ]  No samples found: hicexplorer
[2019-11-19 09:51:07,235] multiqc                                            [DEBUG  ]  No samples found: hicup
[2019-11-19 09:51:07,239] multiqc                                            [DEBUG  ]  No samples found: hicpro
[2019-11-19 09:51:07,244] multiqc                                            [DEBUG  ]  No samples found: salmon
[2019-11-19 09:51:07,249] multiqc                                            [DEBUG  ]  No samples found: kallisto
[2019-11-19 09:51:07,264] multiqc                                            [DEBUG  ]  No samples found: slamdunk
[2019-11-19 09:51:07,268] multiqc                                            [DEBUG  ]  No samples found: star
[2019-11-19 09:51:07,272] multiqc                                            [DEBUG  ]  No samples found: hisat2
[2019-11-19 09:51:07,276] multiqc                                            [DEBUG  ]  No samples found: tophat
[2019-11-19 09:51:07,280] multiqc                                            [DEBUG  ]  No samples found: bowtie2
[2019-11-19 09:51:07,287] multiqc                                            [DEBUG  ]  No samples found: bowtie1
[2019-11-19 09:51:07,292] multiqc                                            [DEBUG  ]  No samples found: kat
[2019-11-19 09:51:07,298] multiqc                                            [DEBUG  ]  No samples found: leehom
[2019-11-19 09:51:07,302] multiqc                                            [DEBUG  ]  No samples found: adapterRemoval
[2019-11-19 09:51:07,307] multiqc                                            [DEBUG  ]  No samples found: clipandmerge
[2019-11-19 09:51:07,311] multiqc                                            [DEBUG  ]  No samples found: cutadapt
[2019-11-19 09:51:07,315] multiqc                                            [DEBUG  ]  No samples found: flexbar
[2019-11-19 09:51:07,319] multiqc                                            [DEBUG  ]  No samples found: trimmomatic
[2019-11-19 09:51:07,324] multiqc                                            [DEBUG  ]  No samples found: skewer
[2019-11-19 09:51:07,328] multiqc                                            [DEBUG  ]  No samples found: sortmerna
[2019-11-19 09:51:07,334] multiqc                                            [DEBUG  ]  No samples found: biobloomtools
[2019-11-19 09:51:07,339] multiqc                                            [DEBUG  ]  No samples found: fastq_screen
[2019-11-19 09:51:07,344] multiqc                                            [DEBUG  ]  No samples found: afterqc
[2019-11-19 09:51:07,348] multiqc                                            [DEBUG  ]  No samples found: fastp
[2019-11-19 09:51:07,355] multiqc.modules.fastqc.fastqc                      [INFO   ]  Found 1 reports
[2019-11-19 09:51:07,400] multiqc                                            [DEBUG  ]  No samples found: minionqc
[2019-11-19 09:51:07,404] multiqc                                            [DEBUG  ]  No samples found: clusterflow
[2019-11-19 09:51:07,408] multiqc                                            [DEBUG  ]  No samples found: bcl2fastq
[2019-11-19 09:51:07,413] multiqc                                            [DEBUG  ]  No samples found: interop
[2019-11-19 09:51:07,417] multiqc                                            [DEBUG  ]  No samples found: flash
[2019-11-19 09:51:07,420] multiqc                                            [INFO   ]  Compressing plot data
[2019-11-19 09:51:07,449] multiqc                                            [INFO   ]  Report      : ../../../../../../../data/multiqc_report.html
[2019-11-19 09:51:07,449] multiqc                                            [INFO   ]  Data        : ../../../../../../../data/multiqc_data
[2019-11-19 09:51:07,449] multiqc                                            [DEBUG  ]  Moving data file from '/tmp/tmpviuw2ang/multiqc_data/multiqc_general_stats.txt' to '/data/multiqc_data'
[2019-11-19 09:51:07,449] multiqc                                            [DEBUG  ]  Moving data file from '/tmp/tmpviuw2ang/multiqc_data/multiqc_fastqc.txt' to '/data/multiqc_data'
[2019-11-19 09:51:07,449] multiqc                                            [DEBUG  ]  Moving data file from '/tmp/tmpviuw2ang/multiqc_data/multiqc_data.json' to '/data/multiqc_data'
[2019-11-19 09:51:07,450] multiqc                                            [DEBUG  ]  Moving data file from '/tmp/tmpviuw2ang/multiqc_data/multiqc_sources.txt' to '/data/multiqc_data'
[2019-11-19 09:51:07,581] multiqc                                            [INFO   ]  MultiQC complete
