[2019-11-19 13:23:40,463] multiqc                                            [DEBUG  ]  No MultiQC config found: /usr/lib/python3.6/site-packages/multiqc-1.7-py3.6.egg/multiqc_config.yaml
[2019-11-19 13:23:40,463] multiqc                                            [DEBUG  ]  No MultiQC config found: /root/.multiqc_config.yaml
[2019-11-19 13:23:40,463] multiqc                                            [DEBUG  ]  No MultiQC config found: multiqc_config.yaml
[2019-11-19 13:23:40,463] multiqc                                            [DEBUG  ]  Command used: /usr/bin/multiqc /data/HG00176.mapped.ILLUMINA.bwa.FIN.low_coverage.20101123_fastqc.zip -o /data
[2019-11-19 13:23:42,285] multiqc                                            [DEBUG  ]  Latest MultiQC version is v1.7
[2019-11-19 13:23:42,285] multiqc                                            [INFO   ]  This is MultiQC v1.7
[2019-11-19 13:23:42,285] multiqc                                            [DEBUG  ]  Command     : /usr/bin/multiqc /data/HG00176.mapped.ILLUMINA.bwa.FIN.low_coverage.20101123_fastqc.zip -o /data
[2019-11-19 13:23:42,285] multiqc                                            [DEBUG  ]  Working dir : /var/lib/toil/toil-9b56b740-ccba-4b13-b998-c6aabca34938-69d14ae953f0400cbe6f0dc87a7486c9/tmpIUOQkH/8fc9ae84-7b3b-4ae0-ab0e-b1ab14934f65/tLC1rlC
[2019-11-19 13:23:42,285] multiqc                                            [INFO   ]  Template    : default
[2019-11-19 13:23:42,285] multiqc                                            [INFO   ]  Searching '/data/HG00176.mapped.ILLUMINA.bwa.FIN.low_coverage.20101123_fastqc.zip'
[2019-11-19 13:23:42,286] multiqc                                            [DEBUG  ]  Analysing modules: custom_content, conpair, peddy, methylQA, phantompeakqualtools, qualimap, preseq, quast, qorts, rna_seqc, rsem, rseqc, busco, goleft_indexcov, disambiguate, supernova, deeptools, sargasso, verifybamid, mirtrace, happy, homer, macs2, theta2, snpeff, gatk, htseq, bcftools, featureCounts, dedup, damageprofiler, picard, prokka, samblaster, samtools, bamtools, jellyfish, vcftools, longranger, stacks, bbmap, bismark, biscuit, hicexplorer, hicup, hicpro, salmon, kallisto, slamdunk, star, hisat2, tophat, bowtie2, bowtie1, kat, leehom, adapterRemoval, clipandmerge, cutadapt, flexbar, trimmomatic, skewer, sortmerna, biobloomtools, fastq_screen, afterqc, fastp, fastqc, minionqc, clusterflow, bcl2fastq, interop, flash
[2019-11-19 13:23:42,286] multiqc                                            [DEBUG  ]  Using temporary directory for creating report: /tmp/tmp_oytutr_
[2019-11-19 13:23:42,970] multiqc                                            [DEBUG  ]  No samples found: custom_content
[2019-11-19 13:23:42,975] multiqc                                            [DEBUG  ]  No samples found: conpair
[2019-11-19 13:23:42,980] multiqc                                            [DEBUG  ]  No samples found: peddy
[2019-11-19 13:23:42,985] multiqc                                            [DEBUG  ]  No samples found: methylQA
[2019-11-19 13:23:42,989] multiqc                                            [DEBUG  ]  No samples found: phantompeakqualtools
[2019-11-19 13:23:42,995] multiqc                                            [DEBUG  ]  No samples found: qualimap
[2019-11-19 13:23:42,999] multiqc                                            [DEBUG  ]  No samples found: preseq
[2019-11-19 13:23:43,003] multiqc                                            [DEBUG  ]  No samples found: quast
[2019-11-19 13:23:43,008] multiqc                                            [DEBUG  ]  No samples found: qorts
[2019-11-19 13:23:43,012] multiqc                                            [DEBUG  ]  No samples found: rna_seqc
[2019-11-19 13:23:43,016] multiqc                                            [DEBUG  ]  No samples found: rsem
[2019-11-19 13:23:43,025] multiqc                                            [DEBUG  ]  No samples found: rseqc
[2019-11-19 13:23:43,029] multiqc                                            [DEBUG  ]  No samples found: busco
[2019-11-19 13:23:43,033] multiqc                                            [DEBUG  ]  No samples found: goleft_indexcov
[2019-11-19 13:23:43,038] multiqc                                            [DEBUG  ]  No samples found: disambiguate
[2019-11-19 13:23:43,042] multiqc                                            [DEBUG  ]  No samples found: supernova
[2019-11-19 13:23:43,052] multiqc                                            [DEBUG  ]  No samples found: deeptools
[2019-11-19 13:23:43,056] multiqc                                            [DEBUG  ]  No samples found: sargasso
[2019-11-19 13:23:43,061] multiqc                                            [DEBUG  ]  No samples found: verifybamid
[2019-11-19 13:23:43,065] multiqc                                            [DEBUG  ]  No samples found: mirtrace
[2019-11-19 13:23:43,069] multiqc                                            [DEBUG  ]  No samples found: happy
[2019-11-19 13:23:43,075] multiqc                                            [DEBUG  ]  No samples found: homer
[2019-11-19 13:23:43,079] multiqc                                            [DEBUG  ]  No samples found: macs2
[2019-11-19 13:23:43,083] multiqc                                            [DEBUG  ]  No samples found: theta2
[2019-11-19 13:23:43,087] multiqc                                            [DEBUG  ]  No samples found: snpeff
[2019-11-19 13:23:43,092] multiqc                                            [DEBUG  ]  No samples found: gatk
[2019-11-19 13:23:43,096] multiqc                                            [DEBUG  ]  No samples found: htseq
[2019-11-19 13:23:43,101] multiqc                                            [DEBUG  ]  No samples found: bcftools
[2019-11-19 13:23:43,105] multiqc                                            [DEBUG  ]  No samples found: featureCounts
[2019-11-19 13:23:43,109] multiqc                                            [DEBUG  ]  No samples found: dedup
[2019-11-19 13:23:43,114] multiqc                                            [DEBUG  ]  No samples found: damageprofiler
[2019-11-19 13:23:43,127] multiqc                                            [DEBUG  ]  No samples found: picard
[2019-11-19 13:23:43,131] multiqc                                            [DEBUG  ]  No samples found: prokka
[2019-11-19 13:23:43,135] multiqc                                            [DEBUG  ]  No samples found: samblaster
[2019-11-19 13:23:43,141] multiqc                                            [DEBUG  ]  No samples found: samtools
[2019-11-19 13:23:43,145] multiqc                                            [DEBUG  ]  No samples found: bamtools
[2019-11-19 13:23:43,149] multiqc                                            [DEBUG  ]  No samples found: jellyfish
[2019-11-19 13:23:43,155] multiqc                                            [DEBUG  ]  No samples found: vcftools
[2019-11-19 13:23:43,159] multiqc                                            [DEBUG  ]  No samples found: longranger
[2019-11-19 13:23:43,163] multiqc                                            [DEBUG  ]  No samples found: stacks
[2019-11-19 13:23:43,173] multiqc                                            [DEBUG  ]  No samples found: bbmap
[2019-11-19 13:23:43,178] multiqc                                            [DEBUG  ]  No samples found: bismark
[2019-11-19 13:23:43,184] multiqc                                            [DEBUG  ]  No samples found: biscuit
[2019-11-19 13:23:43,189] multiqc                                            [DEBUG  ]  No samples found: hicexplorer
[2019-11-19 13:23:43,194] multiqc                                            [DEBUG  ]  No samples found: hicup
[2019-11-19 13:23:43,198] multiqc                                            [DEBUG  ]  No samples found: hicpro
[2019-11-19 13:23:43,202] multiqc                                            [DEBUG  ]  No samples found: salmon
[2019-11-19 13:23:43,207] multiqc                                            [DEBUG  ]  No samples found: kallisto
[2019-11-19 13:23:43,212] multiqc                                            [DEBUG  ]  No samples found: slamdunk
[2019-11-19 13:23:43,217] multiqc                                            [DEBUG  ]  No samples found: star
[2019-11-19 13:23:43,221] multiqc                                            [DEBUG  ]  No samples found: hisat2
[2019-11-19 13:23:43,225] multiqc                                            [DEBUG  ]  No samples found: tophat
[2019-11-19 13:23:43,229] multiqc                                            [DEBUG  ]  No samples found: bowtie2
[2019-11-19 13:23:43,233] multiqc                                            [DEBUG  ]  No samples found: bowtie1
[2019-11-19 13:23:43,237] multiqc                                            [DEBUG  ]  No samples found: kat
[2019-11-19 13:23:43,241] multiqc                                            [DEBUG  ]  No samples found: leehom
[2019-11-19 13:23:43,245] multiqc                                            [DEBUG  ]  No samples found: adapterRemoval
[2019-11-19 13:23:43,249] multiqc                                            [DEBUG  ]  No samples found: clipandmerge
[2019-11-19 13:23:43,253] multiqc                                            [DEBUG  ]  No samples found: cutadapt
[2019-11-19 13:23:43,258] multiqc                                            [DEBUG  ]  No samples found: flexbar
[2019-11-19 13:23:43,262] multiqc                                            [DEBUG  ]  No samples found: trimmomatic
[2019-11-19 13:23:43,266] multiqc                                            [DEBUG  ]  No samples found: skewer
[2019-11-19 13:23:43,270] multiqc                                            [DEBUG  ]  No samples found: sortmerna
[2019-11-19 13:23:43,274] multiqc                                            [DEBUG  ]  No samples found: biobloomtools
[2019-11-19 13:23:43,278] multiqc                                            [DEBUG  ]  No samples found: fastq_screen
[2019-11-19 13:23:43,282] multiqc                                            [DEBUG  ]  No samples found: afterqc
[2019-11-19 13:23:43,286] multiqc                                            [DEBUG  ]  No samples found: fastp
[2019-11-19 13:23:43,294] multiqc.modules.fastqc.fastqc                      [INFO   ]  Found 1 reports
[2019-11-19 13:23:43,349] multiqc                                            [DEBUG  ]  No samples found: minionqc
[2019-11-19 13:23:43,353] multiqc                                            [DEBUG  ]  No samples found: clusterflow
[2019-11-19 13:23:43,359] multiqc                                            [DEBUG  ]  No samples found: bcl2fastq
[2019-11-19 13:23:43,363] multiqc                                            [DEBUG  ]  No samples found: interop
[2019-11-19 13:23:43,367] multiqc                                            [DEBUG  ]  No samples found: flash
[2019-11-19 13:23:43,369] multiqc                                            [INFO   ]  Compressing plot data
[2019-11-19 13:23:43,400] multiqc                                            [INFO   ]  Report      : ../../../../../../../data/multiqc_report.html
[2019-11-19 13:23:43,400] multiqc                                            [INFO   ]  Data        : ../../../../../../../data/multiqc_data
[2019-11-19 13:23:43,400] multiqc                                            [DEBUG  ]  Moving data file from '/tmp/tmp_oytutr_/multiqc_data/multiqc_general_stats.txt' to '/data/multiqc_data'
[2019-11-19 13:23:43,400] multiqc                                            [DEBUG  ]  Moving data file from '/tmp/tmp_oytutr_/multiqc_data/multiqc_fastqc.txt' to '/data/multiqc_data'
[2019-11-19 13:23:43,401] multiqc                                            [DEBUG  ]  Moving data file from '/tmp/tmp_oytutr_/multiqc_data/multiqc_data.json' to '/data/multiqc_data'
[2019-11-19 13:23:43,401] multiqc                                            [DEBUG  ]  Moving data file from '/tmp/tmp_oytutr_/multiqc_data/multiqc_sources.txt' to '/data/multiqc_data'
[2019-11-19 13:23:43,531] multiqc                                            [INFO   ]  MultiQC complete
