[2019-11-19 14:08:28,474] multiqc                                            [DEBUG  ]  No MultiQC config found: /usr/lib/python3.6/site-packages/multiqc-1.7-py3.6.egg/multiqc_config.yaml
[2019-11-19 14:08:28,474] multiqc                                            [DEBUG  ]  No MultiQC config found: /root/.multiqc_config.yaml
[2019-11-19 14:08:28,475] multiqc                                            [DEBUG  ]  No MultiQC config found: multiqc_config.yaml
[2019-11-19 14:08:28,475] multiqc                                            [DEBUG  ]  Command used: /usr/bin/multiqc /data/HG00188.mapped.ILLUMINA.bwa.FIN.low_coverage.20101123_fastqc.zip -o /data
[2019-11-19 14:08:30,198] multiqc                                            [DEBUG  ]  Latest MultiQC version is v1.7
[2019-11-19 14:08:30,198] multiqc                                            [INFO   ]  This is MultiQC v1.7
[2019-11-19 14:08:30,199] multiqc                                            [DEBUG  ]  Command     : /usr/bin/multiqc /data/HG00188.mapped.ILLUMINA.bwa.FIN.low_coverage.20101123_fastqc.zip -o /data
[2019-11-19 14:08:30,199] multiqc                                            [DEBUG  ]  Working dir : /var/lib/toil/toil-9b56b740-ccba-4b13-b998-c6aabca34938-69d14ae953f0400cbe6f0dc87a7486c9/tmpvAI_MI/d33ab9fe-20ff-4f89-b852-39941fcd5de1/tVXjBFC
[2019-11-19 14:08:30,199] multiqc                                            [INFO   ]  Template    : default
[2019-11-19 14:08:30,199] multiqc                                            [INFO   ]  Searching '/data/HG00188.mapped.ILLUMINA.bwa.FIN.low_coverage.20101123_fastqc.zip'
[2019-11-19 14:08:30,199] multiqc                                            [DEBUG  ]  Analysing modules: custom_content, conpair, peddy, methylQA, phantompeakqualtools, qualimap, preseq, quast, qorts, rna_seqc, rsem, rseqc, busco, goleft_indexcov, disambiguate, supernova, deeptools, sargasso, verifybamid, mirtrace, happy, homer, macs2, theta2, snpeff, gatk, htseq, bcftools, featureCounts, dedup, damageprofiler, picard, prokka, samblaster, samtools, bamtools, jellyfish, vcftools, longranger, stacks, bbmap, bismark, biscuit, hicexplorer, hicup, hicpro, salmon, kallisto, slamdunk, star, hisat2, tophat, bowtie2, bowtie1, kat, leehom, adapterRemoval, clipandmerge, cutadapt, flexbar, trimmomatic, skewer, sortmerna, biobloomtools, fastq_screen, afterqc, fastp, fastqc, minionqc, clusterflow, bcl2fastq, interop, flash
[2019-11-19 14:08:30,199] multiqc                                            [DEBUG  ]  Using temporary directory for creating report: /tmp/tmpxcughvme
[2019-11-19 14:08:30,891] multiqc                                            [DEBUG  ]  No samples found: custom_content
[2019-11-19 14:08:30,895] multiqc                                            [DEBUG  ]  No samples found: conpair
[2019-11-19 14:08:30,900] multiqc                                            [DEBUG  ]  No samples found: peddy
[2019-11-19 14:08:30,904] multiqc                                            [DEBUG  ]  No samples found: methylQA
[2019-11-19 14:08:30,908] multiqc                                            [DEBUG  ]  No samples found: phantompeakqualtools
[2019-11-19 14:08:30,913] multiqc                                            [DEBUG  ]  No samples found: qualimap
[2019-11-19 14:08:30,918] multiqc                                            [DEBUG  ]  No samples found: preseq
[2019-11-19 14:08:30,922] multiqc                                            [DEBUG  ]  No samples found: quast
[2019-11-19 14:08:30,926] multiqc                                            [DEBUG  ]  No samples found: qorts
[2019-11-19 14:08:30,930] multiqc                                            [DEBUG  ]  No samples found: rna_seqc
[2019-11-19 14:08:30,935] multiqc                                            [DEBUG  ]  No samples found: rsem
[2019-11-19 14:08:30,943] multiqc                                            [DEBUG  ]  No samples found: rseqc
[2019-11-19 14:08:30,948] multiqc                                            [DEBUG  ]  No samples found: busco
[2019-11-19 14:08:30,952] multiqc                                            [DEBUG  ]  No samples found: goleft_indexcov
[2019-11-19 14:08:30,956] multiqc                                            [DEBUG  ]  No samples found: disambiguate
[2019-11-19 14:08:30,960] multiqc                                            [DEBUG  ]  No samples found: supernova
[2019-11-19 14:08:30,969] multiqc                                            [DEBUG  ]  No samples found: deeptools
[2019-11-19 14:08:30,973] multiqc                                            [DEBUG  ]  No samples found: sargasso
[2019-11-19 14:08:30,978] multiqc                                            [DEBUG  ]  No samples found: verifybamid
[2019-11-19 14:08:30,982] multiqc                                            [DEBUG  ]  No samples found: mirtrace
[2019-11-19 14:08:30,986] multiqc                                            [DEBUG  ]  No samples found: happy
[2019-11-19 14:08:30,991] multiqc                                            [DEBUG  ]  No samples found: homer
[2019-11-19 14:08:30,996] multiqc                                            [DEBUG  ]  No samples found: macs2
[2019-11-19 14:08:30,999] multiqc                                            [DEBUG  ]  No samples found: theta2
[2019-11-19 14:08:31,004] multiqc                                            [DEBUG  ]  No samples found: snpeff
[2019-11-19 14:08:31,009] multiqc                                            [DEBUG  ]  No samples found: gatk
[2019-11-19 14:08:31,013] multiqc                                            [DEBUG  ]  No samples found: htseq
[2019-11-19 14:08:31,017] multiqc                                            [DEBUG  ]  No samples found: bcftools
[2019-11-19 14:08:31,021] multiqc                                            [DEBUG  ]  No samples found: featureCounts
[2019-11-19 14:08:31,025] multiqc                                            [DEBUG  ]  No samples found: dedup
[2019-11-19 14:08:31,029] multiqc                                            [DEBUG  ]  No samples found: damageprofiler
[2019-11-19 14:08:31,041] multiqc                                            [DEBUG  ]  No samples found: picard
[2019-11-19 14:08:31,045] multiqc                                            [DEBUG  ]  No samples found: prokka
[2019-11-19 14:08:31,049] multiqc                                            [DEBUG  ]  No samples found: samblaster
[2019-11-19 14:08:31,055] multiqc                                            [DEBUG  ]  No samples found: samtools
[2019-11-19 14:08:31,060] multiqc                                            [DEBUG  ]  No samples found: bamtools
[2019-11-19 14:08:31,064] multiqc                                            [DEBUG  ]  No samples found: jellyfish
[2019-11-19 14:08:31,070] multiqc                                            [DEBUG  ]  No samples found: vcftools
[2019-11-19 14:08:31,075] multiqc                                            [DEBUG  ]  No samples found: longranger
[2019-11-19 14:08:31,079] multiqc                                            [DEBUG  ]  No samples found: stacks
[2019-11-19 14:08:31,088] multiqc                                            [DEBUG  ]  No samples found: bbmap
[2019-11-19 14:08:31,093] multiqc                                            [DEBUG  ]  No samples found: bismark
[2019-11-19 14:08:31,098] multiqc                                            [DEBUG  ]  No samples found: biscuit
[2019-11-19 14:08:31,102] multiqc                                            [DEBUG  ]  No samples found: hicexplorer
[2019-11-19 14:08:31,106] multiqc                                            [DEBUG  ]  No samples found: hicup
[2019-11-19 14:08:31,110] multiqc                                            [DEBUG  ]  No samples found: hicpro
[2019-11-19 14:08:31,114] multiqc                                            [DEBUG  ]  No samples found: salmon
[2019-11-19 14:08:31,118] multiqc                                            [DEBUG  ]  No samples found: kallisto
[2019-11-19 14:08:31,123] multiqc                                            [DEBUG  ]  No samples found: slamdunk
[2019-11-19 14:08:31,127] multiqc                                            [DEBUG  ]  No samples found: star
[2019-11-19 14:08:31,131] multiqc                                            [DEBUG  ]  No samples found: hisat2
[2019-11-19 14:08:31,135] multiqc                                            [DEBUG  ]  No samples found: tophat
[2019-11-19 14:08:31,140] multiqc                                            [DEBUG  ]  No samples found: bowtie2
[2019-11-19 14:08:31,144] multiqc                                            [DEBUG  ]  No samples found: bowtie1
[2019-11-19 14:08:31,148] multiqc                                            [DEBUG  ]  No samples found: kat
[2019-11-19 14:08:31,152] multiqc                                            [DEBUG  ]  No samples found: leehom
[2019-11-19 14:08:31,156] multiqc                                            [DEBUG  ]  No samples found: adapterRemoval
[2019-11-19 14:08:31,160] multiqc                                            [DEBUG  ]  No samples found: clipandmerge
[2019-11-19 14:08:31,164] multiqc                                            [DEBUG  ]  No samples found: cutadapt
[2019-11-19 14:08:31,168] multiqc                                            [DEBUG  ]  No samples found: flexbar
[2019-11-19 14:08:31,173] multiqc                                            [DEBUG  ]  No samples found: trimmomatic
[2019-11-19 14:08:31,177] multiqc                                            [DEBUG  ]  No samples found: skewer
[2019-11-19 14:08:31,181] multiqc                                            [DEBUG  ]  No samples found: sortmerna
[2019-11-19 14:08:31,185] multiqc                                            [DEBUG  ]  No samples found: biobloomtools
[2019-11-19 14:08:31,189] multiqc                                            [DEBUG  ]  No samples found: fastq_screen
[2019-11-19 14:08:31,194] multiqc                                            [DEBUG  ]  No samples found: afterqc
[2019-11-19 14:08:31,198] multiqc                                            [DEBUG  ]  No samples found: fastp
[2019-11-19 14:08:31,207] multiqc.modules.fastqc.fastqc                      [INFO   ]  Found 1 reports
[2019-11-19 14:08:31,267] multiqc                                            [DEBUG  ]  No samples found: minionqc
[2019-11-19 14:08:31,271] multiqc                                            [DEBUG  ]  No samples found: clusterflow
[2019-11-19 14:08:31,276] multiqc                                            [DEBUG  ]  No samples found: bcl2fastq
[2019-11-19 14:08:31,280] multiqc                                            [DEBUG  ]  No samples found: interop
[2019-11-19 14:08:31,284] multiqc                                            [DEBUG  ]  No samples found: flash
[2019-11-19 14:08:31,287] multiqc                                            [INFO   ]  Compressing plot data
[2019-11-19 14:08:31,315] multiqc                                            [INFO   ]  Report      : ../../../../../../../data/multiqc_report.html
[2019-11-19 14:08:31,315] multiqc                                            [INFO   ]  Data        : ../../../../../../../data/multiqc_data
[2019-11-19 14:08:31,315] multiqc                                            [DEBUG  ]  Moving data file from '/tmp/tmpxcughvme/multiqc_data/multiqc_general_stats.txt' to '/data/multiqc_data'
[2019-11-19 14:08:31,315] multiqc                                            [DEBUG  ]  Moving data file from '/tmp/tmpxcughvme/multiqc_data/multiqc_fastqc.txt' to '/data/multiqc_data'
[2019-11-19 14:08:31,315] multiqc                                            [DEBUG  ]  Moving data file from '/tmp/tmpxcughvme/multiqc_data/multiqc_data.json' to '/data/multiqc_data'
[2019-11-19 14:08:31,316] multiqc                                            [DEBUG  ]  Moving data file from '/tmp/tmpxcughvme/multiqc_data/multiqc_sources.txt' to '/data/multiqc_data'
[2019-11-19 14:08:31,451] multiqc                                            [INFO   ]  MultiQC complete
