[2019-11-19 10:21:53,009] multiqc                                            [DEBUG  ]  No MultiQC config found: /usr/lib/python3.6/site-packages/multiqc-1.7-py3.6.egg/multiqc_config.yaml
[2019-11-19 10:21:53,009] multiqc                                            [DEBUG  ]  No MultiQC config found: /root/.multiqc_config.yaml
[2019-11-19 10:21:53,009] multiqc                                            [DEBUG  ]  No MultiQC config found: multiqc_config.yaml
[2019-11-19 10:21:53,009] multiqc                                            [DEBUG  ]  Command used: /usr/bin/multiqc /data/HG00117.mapped.ILLUMINA.bwa.GBR.low_coverage.20101123_fastqc.zip -o /data
[2019-11-19 10:21:54,842] multiqc                                            [DEBUG  ]  Latest MultiQC version is v1.7
[2019-11-19 10:21:54,843] multiqc                                            [INFO   ]  This is MultiQC v1.7
[2019-11-19 10:21:54,843] multiqc                                            [DEBUG  ]  Command     : /usr/bin/multiqc /data/HG00117.mapped.ILLUMINA.bwa.GBR.low_coverage.20101123_fastqc.zip -o /data
[2019-11-19 10:21:54,843] multiqc                                            [DEBUG  ]  Working dir : /var/lib/toil/toil-9b56b740-ccba-4b13-b998-c6aabca34938-69d14ae953f0400cbe6f0dc87a7486c9/tmpr7Lnb1/e83da8b5-4c02-4ae9-a64d-58087d16ddcf/tfAg842
[2019-11-19 10:21:54,843] multiqc                                            [INFO   ]  Template    : default
[2019-11-19 10:21:54,843] multiqc                                            [INFO   ]  Searching '/data/HG00117.mapped.ILLUMINA.bwa.GBR.low_coverage.20101123_fastqc.zip'
[2019-11-19 10:21:54,843] multiqc                                            [DEBUG  ]  Analysing modules: custom_content, conpair, peddy, methylQA, phantompeakqualtools, qualimap, preseq, quast, qorts, rna_seqc, rsem, rseqc, busco, goleft_indexcov, disambiguate, supernova, deeptools, sargasso, verifybamid, mirtrace, happy, homer, macs2, theta2, snpeff, gatk, htseq, bcftools, featureCounts, dedup, damageprofiler, picard, prokka, samblaster, samtools, bamtools, jellyfish, vcftools, longranger, stacks, bbmap, bismark, biscuit, hicexplorer, hicup, hicpro, salmon, kallisto, slamdunk, star, hisat2, tophat, bowtie2, bowtie1, kat, leehom, adapterRemoval, clipandmerge, cutadapt, flexbar, trimmomatic, skewer, sortmerna, biobloomtools, fastq_screen, afterqc, fastp, fastqc, minionqc, clusterflow, bcl2fastq, interop, flash
[2019-11-19 10:21:54,843] multiqc                                            [DEBUG  ]  Using temporary directory for creating report: /tmp/tmpqwp6a702
[2019-11-19 10:21:55,548] multiqc                                            [DEBUG  ]  No samples found: custom_content
[2019-11-19 10:21:55,552] multiqc                                            [DEBUG  ]  No samples found: conpair
[2019-11-19 10:21:55,557] multiqc                                            [DEBUG  ]  No samples found: peddy
[2019-11-19 10:21:55,562] multiqc                                            [DEBUG  ]  No samples found: methylQA
[2019-11-19 10:21:55,566] multiqc                                            [DEBUG  ]  No samples found: phantompeakqualtools
[2019-11-19 10:21:55,572] multiqc                                            [DEBUG  ]  No samples found: qualimap
[2019-11-19 10:21:55,576] multiqc                                            [DEBUG  ]  No samples found: preseq
[2019-11-19 10:21:55,580] multiqc                                            [DEBUG  ]  No samples found: quast
[2019-11-19 10:21:55,584] multiqc                                            [DEBUG  ]  No samples found: qorts
[2019-11-19 10:21:55,589] multiqc                                            [DEBUG  ]  No samples found: rna_seqc
[2019-11-19 10:21:55,593] multiqc                                            [DEBUG  ]  No samples found: rsem
[2019-11-19 10:21:55,601] multiqc                                            [DEBUG  ]  No samples found: rseqc
[2019-11-19 10:21:55,606] multiqc                                            [DEBUG  ]  No samples found: busco
[2019-11-19 10:21:55,610] multiqc                                            [DEBUG  ]  No samples found: goleft_indexcov
[2019-11-19 10:21:55,614] multiqc                                            [DEBUG  ]  No samples found: disambiguate
[2019-11-19 10:21:55,619] multiqc                                            [DEBUG  ]  No samples found: supernova
[2019-11-19 10:21:55,628] multiqc                                            [DEBUG  ]  No samples found: deeptools
[2019-11-19 10:21:55,634] multiqc                                            [DEBUG  ]  No samples found: sargasso
[2019-11-19 10:21:55,640] multiqc                                            [DEBUG  ]  No samples found: verifybamid
[2019-11-19 10:21:55,646] multiqc                                            [DEBUG  ]  No samples found: mirtrace
[2019-11-19 10:21:55,652] multiqc                                            [DEBUG  ]  No samples found: happy
[2019-11-19 10:21:55,659] multiqc                                            [DEBUG  ]  No samples found: homer
[2019-11-19 10:21:55,663] multiqc                                            [DEBUG  ]  No samples found: macs2
[2019-11-19 10:21:55,667] multiqc                                            [DEBUG  ]  No samples found: theta2
[2019-11-19 10:21:55,672] multiqc                                            [DEBUG  ]  No samples found: snpeff
[2019-11-19 10:21:55,677] multiqc                                            [DEBUG  ]  No samples found: gatk
[2019-11-19 10:21:55,682] multiqc                                            [DEBUG  ]  No samples found: htseq
[2019-11-19 10:21:55,686] multiqc                                            [DEBUG  ]  No samples found: bcftools
[2019-11-19 10:21:55,690] multiqc                                            [DEBUG  ]  No samples found: featureCounts
[2019-11-19 10:21:55,695] multiqc                                            [DEBUG  ]  No samples found: dedup
[2019-11-19 10:21:55,699] multiqc                                            [DEBUG  ]  No samples found: damageprofiler
[2019-11-19 10:21:55,710] multiqc                                            [DEBUG  ]  No samples found: picard
[2019-11-19 10:21:55,715] multiqc                                            [DEBUG  ]  No samples found: prokka
[2019-11-19 10:21:55,719] multiqc                                            [DEBUG  ]  No samples found: samblaster
[2019-11-19 10:21:55,726] multiqc                                            [DEBUG  ]  No samples found: samtools
[2019-11-19 10:21:55,731] multiqc                                            [DEBUG  ]  No samples found: bamtools
[2019-11-19 10:21:55,735] multiqc                                            [DEBUG  ]  No samples found: jellyfish
[2019-11-19 10:21:55,742] multiqc                                            [DEBUG  ]  No samples found: vcftools
[2019-11-19 10:21:55,746] multiqc                                            [DEBUG  ]  No samples found: longranger
[2019-11-19 10:21:55,750] multiqc                                            [DEBUG  ]  No samples found: stacks
[2019-11-19 10:21:55,760] multiqc                                            [DEBUG  ]  No samples found: bbmap
[2019-11-19 10:21:55,766] multiqc                                            [DEBUG  ]  No samples found: bismark
[2019-11-19 10:21:55,772] multiqc                                            [DEBUG  ]  No samples found: biscuit
[2019-11-19 10:21:55,777] multiqc                                            [DEBUG  ]  No samples found: hicexplorer
[2019-11-19 10:21:55,783] multiqc                                            [DEBUG  ]  No samples found: hicup
[2019-11-19 10:21:55,789] multiqc                                            [DEBUG  ]  No samples found: hicpro
[2019-11-19 10:21:55,795] multiqc                                            [DEBUG  ]  No samples found: salmon
[2019-11-19 10:21:55,800] multiqc                                            [DEBUG  ]  No samples found: kallisto
[2019-11-19 10:21:55,805] multiqc                                            [DEBUG  ]  No samples found: slamdunk
[2019-11-19 10:21:55,810] multiqc                                            [DEBUG  ]  No samples found: star
[2019-11-19 10:21:55,814] multiqc                                            [DEBUG  ]  No samples found: hisat2
[2019-11-19 10:21:55,818] multiqc                                            [DEBUG  ]  No samples found: tophat
[2019-11-19 10:21:55,822] multiqc                                            [DEBUG  ]  No samples found: bowtie2
[2019-11-19 10:21:55,826] multiqc                                            [DEBUG  ]  No samples found: bowtie1
[2019-11-19 10:21:55,830] multiqc                                            [DEBUG  ]  No samples found: kat
[2019-11-19 10:21:55,834] multiqc                                            [DEBUG  ]  No samples found: leehom
[2019-11-19 10:21:55,839] multiqc                                            [DEBUG  ]  No samples found: adapterRemoval
[2019-11-19 10:21:55,843] multiqc                                            [DEBUG  ]  No samples found: clipandmerge
[2019-11-19 10:21:55,847] multiqc                                            [DEBUG  ]  No samples found: cutadapt
[2019-11-19 10:21:55,851] multiqc                                            [DEBUG  ]  No samples found: flexbar
[2019-11-19 10:21:55,856] multiqc                                            [DEBUG  ]  No samples found: trimmomatic
[2019-11-19 10:21:55,860] multiqc                                            [DEBUG  ]  No samples found: skewer
[2019-11-19 10:21:55,864] multiqc                                            [DEBUG  ]  No samples found: sortmerna
[2019-11-19 10:21:55,868] multiqc                                            [DEBUG  ]  No samples found: biobloomtools
[2019-11-19 10:21:55,872] multiqc                                            [DEBUG  ]  No samples found: fastq_screen
[2019-11-19 10:21:55,877] multiqc                                            [DEBUG  ]  No samples found: afterqc
[2019-11-19 10:21:55,881] multiqc                                            [DEBUG  ]  No samples found: fastp
[2019-11-19 10:21:55,888] multiqc.modules.fastqc.fastqc                      [INFO   ]  Found 1 reports
[2019-11-19 10:21:55,957] multiqc                                            [DEBUG  ]  No samples found: minionqc
[2019-11-19 10:21:55,962] multiqc                                            [DEBUG  ]  No samples found: clusterflow
[2019-11-19 10:21:55,966] multiqc                                            [DEBUG  ]  No samples found: bcl2fastq
[2019-11-19 10:21:55,970] multiqc                                            [DEBUG  ]  No samples found: interop
[2019-11-19 10:21:55,975] multiqc                                            [DEBUG  ]  No samples found: flash
[2019-11-19 10:21:55,977] multiqc                                            [INFO   ]  Compressing plot data
[2019-11-19 10:21:56,003] multiqc                                            [INFO   ]  Report      : ../../../../../../../data/multiqc_report.html
[2019-11-19 10:21:56,003] multiqc                                            [INFO   ]  Data        : ../../../../../../../data/multiqc_data
[2019-11-19 10:21:56,003] multiqc                                            [DEBUG  ]  Moving data file from '/tmp/tmpqwp6a702/multiqc_data/multiqc_general_stats.txt' to '/data/multiqc_data'
[2019-11-19 10:21:56,004] multiqc                                            [DEBUG  ]  Moving data file from '/tmp/tmpqwp6a702/multiqc_data/multiqc_fastqc.txt' to '/data/multiqc_data'
[2019-11-19 10:21:56,004] multiqc                                            [DEBUG  ]  Moving data file from '/tmp/tmpqwp6a702/multiqc_data/multiqc_data.json' to '/data/multiqc_data'
[2019-11-19 10:21:56,004] multiqc                                            [DEBUG  ]  Moving data file from '/tmp/tmpqwp6a702/multiqc_data/multiqc_sources.txt' to '/data/multiqc_data'
[2019-11-19 10:21:56,145] multiqc                                            [INFO   ]  MultiQC complete
