[2019-11-19 11:13:48,977] multiqc                                            [DEBUG  ]  No MultiQC config found: /usr/lib/python3.6/site-packages/multiqc-1.7-py3.6.egg/multiqc_config.yaml
[2019-11-19 11:13:48,977] multiqc                                            [DEBUG  ]  No MultiQC config found: /root/.multiqc_config.yaml
[2019-11-19 11:13:48,977] multiqc                                            [DEBUG  ]  No MultiQC config found: multiqc_config.yaml
[2019-11-19 11:13:48,977] multiqc                                            [DEBUG  ]  Command used: /usr/bin/multiqc /data/HG00143.unmapped.ILLUMINA.bwa.GBR.low_coverage.20101123_fastqc.zip -o /data
[2019-11-19 11:13:50,651] multiqc                                            [DEBUG  ]  Latest MultiQC version is v1.7
[2019-11-19 11:13:50,652] multiqc                                            [INFO   ]  This is MultiQC v1.7
[2019-11-19 11:13:50,652] multiqc                                            [DEBUG  ]  Command     : /usr/bin/multiqc /data/HG00143.unmapped.ILLUMINA.bwa.GBR.low_coverage.20101123_fastqc.zip -o /data
[2019-11-19 11:13:50,652] multiqc                                            [DEBUG  ]  Working dir : /var/lib/toil/toil-9b56b740-ccba-4b13-b998-c6aabca34938-69d14ae953f0400cbe6f0dc87a7486c9/tmphHhpJ6/e5508a77-896b-45b2-b43e-6cf56e47934d/tL5OnLa
[2019-11-19 11:13:50,652] multiqc                                            [INFO   ]  Template    : default
[2019-11-19 11:13:50,652] multiqc                                            [INFO   ]  Searching '/data/HG00143.unmapped.ILLUMINA.bwa.GBR.low_coverage.20101123_fastqc.zip'
[2019-11-19 11:13:50,652] multiqc                                            [DEBUG  ]  Analysing modules: custom_content, conpair, peddy, methylQA, phantompeakqualtools, qualimap, preseq, quast, qorts, rna_seqc, rsem, rseqc, busco, goleft_indexcov, disambiguate, supernova, deeptools, sargasso, verifybamid, mirtrace, happy, homer, macs2, theta2, snpeff, gatk, htseq, bcftools, featureCounts, dedup, damageprofiler, picard, prokka, samblaster, samtools, bamtools, jellyfish, vcftools, longranger, stacks, bbmap, bismark, biscuit, hicexplorer, hicup, hicpro, salmon, kallisto, slamdunk, star, hisat2, tophat, bowtie2, bowtie1, kat, leehom, adapterRemoval, clipandmerge, cutadapt, flexbar, trimmomatic, skewer, sortmerna, biobloomtools, fastq_screen, afterqc, fastp, fastqc, minionqc, clusterflow, bcl2fastq, interop, flash
[2019-11-19 11:13:50,652] multiqc                                            [DEBUG  ]  Using temporary directory for creating report: /tmp/tmpra_1e5yj
[2019-11-19 11:13:51,307] multiqc                                            [DEBUG  ]  No samples found: custom_content
[2019-11-19 11:13:51,311] multiqc                                            [DEBUG  ]  No samples found: conpair
[2019-11-19 11:13:51,314] multiqc                                            [DEBUG  ]  No samples found: peddy
[2019-11-19 11:13:51,318] multiqc                                            [DEBUG  ]  No samples found: methylQA
[2019-11-19 11:13:51,322] multiqc                                            [DEBUG  ]  No samples found: phantompeakqualtools
[2019-11-19 11:13:51,328] multiqc                                            [DEBUG  ]  No samples found: qualimap
[2019-11-19 11:13:51,331] multiqc                                            [DEBUG  ]  No samples found: preseq
[2019-11-19 11:13:51,335] multiqc                                            [DEBUG  ]  No samples found: quast
[2019-11-19 11:13:51,339] multiqc                                            [DEBUG  ]  No samples found: qorts
[2019-11-19 11:13:51,342] multiqc                                            [DEBUG  ]  No samples found: rna_seqc
[2019-11-19 11:13:51,346] multiqc                                            [DEBUG  ]  No samples found: rsem
[2019-11-19 11:13:51,354] multiqc                                            [DEBUG  ]  No samples found: rseqc
[2019-11-19 11:13:51,358] multiqc                                            [DEBUG  ]  No samples found: busco
[2019-11-19 11:13:51,361] multiqc                                            [DEBUG  ]  No samples found: goleft_indexcov
[2019-11-19 11:13:51,365] multiqc                                            [DEBUG  ]  No samples found: disambiguate
[2019-11-19 11:13:51,368] multiqc                                            [DEBUG  ]  No samples found: supernova
[2019-11-19 11:13:51,377] multiqc                                            [DEBUG  ]  No samples found: deeptools
[2019-11-19 11:13:51,380] multiqc                                            [DEBUG  ]  No samples found: sargasso
[2019-11-19 11:13:51,384] multiqc                                            [DEBUG  ]  No samples found: verifybamid
[2019-11-19 11:13:51,388] multiqc                                            [DEBUG  ]  No samples found: mirtrace
[2019-11-19 11:13:51,391] multiqc                                            [DEBUG  ]  No samples found: happy
[2019-11-19 11:13:51,395] multiqc                                            [DEBUG  ]  No samples found: homer
[2019-11-19 11:13:51,398] multiqc                                            [DEBUG  ]  No samples found: macs2
[2019-11-19 11:13:51,402] multiqc                                            [DEBUG  ]  No samples found: theta2
[2019-11-19 11:13:51,405] multiqc                                            [DEBUG  ]  No samples found: snpeff
[2019-11-19 11:13:51,410] multiqc                                            [DEBUG  ]  No samples found: gatk
[2019-11-19 11:13:51,414] multiqc                                            [DEBUG  ]  No samples found: htseq
[2019-11-19 11:13:51,418] multiqc                                            [DEBUG  ]  No samples found: bcftools
[2019-11-19 11:13:51,421] multiqc                                            [DEBUG  ]  No samples found: featureCounts
[2019-11-19 11:13:51,425] multiqc                                            [DEBUG  ]  No samples found: dedup
[2019-11-19 11:13:51,428] multiqc                                            [DEBUG  ]  No samples found: damageprofiler
[2019-11-19 11:13:51,440] multiqc                                            [DEBUG  ]  No samples found: picard
[2019-11-19 11:13:51,444] multiqc                                            [DEBUG  ]  No samples found: prokka
[2019-11-19 11:13:51,447] multiqc                                            [DEBUG  ]  No samples found: samblaster
[2019-11-19 11:13:51,453] multiqc                                            [DEBUG  ]  No samples found: samtools
[2019-11-19 11:13:51,456] multiqc                                            [DEBUG  ]  No samples found: bamtools
[2019-11-19 11:13:51,461] multiqc                                            [DEBUG  ]  No samples found: jellyfish
[2019-11-19 11:13:51,467] multiqc                                            [DEBUG  ]  No samples found: vcftools
[2019-11-19 11:13:51,471] multiqc                                            [DEBUG  ]  No samples found: longranger
[2019-11-19 11:13:51,476] multiqc                                            [DEBUG  ]  No samples found: stacks
[2019-11-19 11:13:51,484] multiqc                                            [DEBUG  ]  No samples found: bbmap
[2019-11-19 11:13:51,488] multiqc                                            [DEBUG  ]  No samples found: bismark
[2019-11-19 11:13:51,493] multiqc                                            [DEBUG  ]  No samples found: biscuit
[2019-11-19 11:13:51,496] multiqc                                            [DEBUG  ]  No samples found: hicexplorer
[2019-11-19 11:13:51,499] multiqc                                            [DEBUG  ]  No samples found: hicup
[2019-11-19 11:13:51,503] multiqc                                            [DEBUG  ]  No samples found: hicpro
[2019-11-19 11:13:51,506] multiqc                                            [DEBUG  ]  No samples found: salmon
[2019-11-19 11:13:51,509] multiqc                                            [DEBUG  ]  No samples found: kallisto
[2019-11-19 11:13:51,513] multiqc                                            [DEBUG  ]  No samples found: slamdunk
[2019-11-19 11:13:51,517] multiqc                                            [DEBUG  ]  No samples found: star
[2019-11-19 11:13:51,520] multiqc                                            [DEBUG  ]  No samples found: hisat2
[2019-11-19 11:13:51,523] multiqc                                            [DEBUG  ]  No samples found: tophat
[2019-11-19 11:13:51,527] multiqc                                            [DEBUG  ]  No samples found: bowtie2
[2019-11-19 11:13:51,530] multiqc                                            [DEBUG  ]  No samples found: bowtie1
[2019-11-19 11:13:51,534] multiqc                                            [DEBUG  ]  No samples found: kat
[2019-11-19 11:13:51,537] multiqc                                            [DEBUG  ]  No samples found: leehom
[2019-11-19 11:13:51,540] multiqc                                            [DEBUG  ]  No samples found: adapterRemoval
[2019-11-19 11:13:51,544] multiqc                                            [DEBUG  ]  No samples found: clipandmerge
[2019-11-19 11:13:51,547] multiqc                                            [DEBUG  ]  No samples found: cutadapt
[2019-11-19 11:13:51,550] multiqc                                            [DEBUG  ]  No samples found: flexbar
[2019-11-19 11:13:51,554] multiqc                                            [DEBUG  ]  No samples found: trimmomatic
[2019-11-19 11:13:51,557] multiqc                                            [DEBUG  ]  No samples found: skewer
[2019-11-19 11:13:51,561] multiqc                                            [DEBUG  ]  No samples found: sortmerna
[2019-11-19 11:13:51,564] multiqc                                            [DEBUG  ]  No samples found: biobloomtools
[2019-11-19 11:13:51,568] multiqc                                            [DEBUG  ]  No samples found: fastq_screen
[2019-11-19 11:13:51,573] multiqc                                            [DEBUG  ]  No samples found: afterqc
[2019-11-19 11:13:51,577] multiqc                                            [DEBUG  ]  No samples found: fastp
[2019-11-19 11:13:51,584] multiqc.modules.fastqc.fastqc                      [INFO   ]  Found 1 reports
[2019-11-19 11:13:51,640] multiqc                                            [DEBUG  ]  No samples found: minionqc
[2019-11-19 11:13:51,644] multiqc                                            [DEBUG  ]  No samples found: clusterflow
[2019-11-19 11:13:51,647] multiqc                                            [DEBUG  ]  No samples found: bcl2fastq
[2019-11-19 11:13:51,651] multiqc                                            [DEBUG  ]  No samples found: interop
[2019-11-19 11:13:51,655] multiqc                                            [DEBUG  ]  No samples found: flash
[2019-11-19 11:13:51,657] multiqc                                            [INFO   ]  Compressing plot data
[2019-11-19 11:13:51,687] multiqc                                            [INFO   ]  Report      : ../../../../../../../data/multiqc_report.html
[2019-11-19 11:13:51,687] multiqc                                            [INFO   ]  Data        : ../../../../../../../data/multiqc_data
[2019-11-19 11:13:51,688] multiqc                                            [DEBUG  ]  Moving data file from '/tmp/tmpra_1e5yj/multiqc_data/multiqc_general_stats.txt' to '/data/multiqc_data'
[2019-11-19 11:13:51,688] multiqc                                            [DEBUG  ]  Moving data file from '/tmp/tmpra_1e5yj/multiqc_data/multiqc_fastqc.txt' to '/data/multiqc_data'
[2019-11-19 11:13:51,688] multiqc                                            [DEBUG  ]  Moving data file from '/tmp/tmpra_1e5yj/multiqc_data/multiqc_data.json' to '/data/multiqc_data'
[2019-11-19 11:13:51,688] multiqc                                            [DEBUG  ]  Moving data file from '/tmp/tmpra_1e5yj/multiqc_data/multiqc_sources.txt' to '/data/multiqc_data'
[2019-11-19 11:13:51,813] multiqc                                            [INFO   ]  MultiQC complete
