[2019-11-19 06:04:37,695] multiqc                                            [DEBUG  ]  No MultiQC config found: /usr/lib/python3.6/site-packages/multiqc-1.7-py3.6.egg/multiqc_config.yaml
[2019-11-19 06:04:37,695] multiqc                                            [DEBUG  ]  No MultiQC config found: /root/.multiqc_config.yaml
[2019-11-19 06:04:37,695] multiqc                                            [DEBUG  ]  No MultiQC config found: multiqc_config.yaml
[2019-11-19 06:04:37,695] multiqc                                            [DEBUG  ]  Command used: /usr/bin/multiqc /data/HG00096.unmapped.ILLUMINA.bwa.GBR.low_coverage.20101123_fastqc.zip -o /data
[2019-11-19 06:04:40,070] multiqc                                            [DEBUG  ]  Latest MultiQC version is v1.7
[2019-11-19 06:04:40,070] multiqc                                            [INFO   ]  This is MultiQC v1.7
[2019-11-19 06:04:40,070] multiqc                                            [DEBUG  ]  Command     : /usr/bin/multiqc /data/HG00096.unmapped.ILLUMINA.bwa.GBR.low_coverage.20101123_fastqc.zip -o /data
[2019-11-19 06:04:40,070] multiqc                                            [DEBUG  ]  Working dir : /var/lib/toil/toil-9b56b740-ccba-4b13-b998-c6aabca34938-69d14ae953f0400cbe6f0dc87a7486c9/tmppPyZBF/8843d371-4fdd-45b1-a27a-48568cdbaaaf/tVS3heR
[2019-11-19 06:04:40,070] multiqc                                            [INFO   ]  Template    : default
[2019-11-19 06:04:40,070] multiqc                                            [INFO   ]  Searching '/data/HG00096.unmapped.ILLUMINA.bwa.GBR.low_coverage.20101123_fastqc.zip'
[2019-11-19 06:04:40,070] multiqc                                            [DEBUG  ]  Analysing modules: custom_content, conpair, peddy, methylQA, phantompeakqualtools, qualimap, preseq, quast, qorts, rna_seqc, rsem, rseqc, busco, goleft_indexcov, disambiguate, supernova, deeptools, sargasso, verifybamid, mirtrace, happy, homer, macs2, theta2, snpeff, gatk, htseq, bcftools, featureCounts, dedup, damageprofiler, picard, prokka, samblaster, samtools, bamtools, jellyfish, vcftools, longranger, stacks, bbmap, bismark, biscuit, hicexplorer, hicup, hicpro, salmon, kallisto, slamdunk, star, hisat2, tophat, bowtie2, bowtie1, kat, leehom, adapterRemoval, clipandmerge, cutadapt, flexbar, trimmomatic, skewer, sortmerna, biobloomtools, fastq_screen, afterqc, fastp, fastqc, minionqc, clusterflow, bcl2fastq, interop, flash
[2019-11-19 06:04:40,071] multiqc                                            [DEBUG  ]  Using temporary directory for creating report: /tmp/tmpuxq5hvsi
[2019-11-19 06:04:40,586] multiqc                                            [DEBUG  ]  No samples found: custom_content
[2019-11-19 06:04:40,589] multiqc                                            [DEBUG  ]  No samples found: conpair
[2019-11-19 06:04:40,593] multiqc                                            [DEBUG  ]  No samples found: peddy
[2019-11-19 06:04:40,595] multiqc                                            [DEBUG  ]  No samples found: methylQA
[2019-11-19 06:04:40,598] multiqc                                            [DEBUG  ]  No samples found: phantompeakqualtools
[2019-11-19 06:04:40,602] multiqc                                            [DEBUG  ]  No samples found: qualimap
[2019-11-19 06:04:40,605] multiqc                                            [DEBUG  ]  No samples found: preseq
[2019-11-19 06:04:40,608] multiqc                                            [DEBUG  ]  No samples found: quast
[2019-11-19 06:04:40,611] multiqc                                            [DEBUG  ]  No samples found: qorts
[2019-11-19 06:04:40,614] multiqc                                            [DEBUG  ]  No samples found: rna_seqc
[2019-11-19 06:04:40,617] multiqc                                            [DEBUG  ]  No samples found: rsem
[2019-11-19 06:04:40,622] multiqc                                            [DEBUG  ]  No samples found: rseqc
[2019-11-19 06:04:40,625] multiqc                                            [DEBUG  ]  No samples found: busco
[2019-11-19 06:04:40,628] multiqc                                            [DEBUG  ]  No samples found: goleft_indexcov
[2019-11-19 06:04:40,631] multiqc                                            [DEBUG  ]  No samples found: disambiguate
[2019-11-19 06:04:40,634] multiqc                                            [DEBUG  ]  No samples found: supernova
[2019-11-19 06:04:40,639] multiqc                                            [DEBUG  ]  No samples found: deeptools
[2019-11-19 06:04:40,642] multiqc                                            [DEBUG  ]  No samples found: sargasso
[2019-11-19 06:04:40,645] multiqc                                            [DEBUG  ]  No samples found: verifybamid
[2019-11-19 06:04:40,649] multiqc                                            [DEBUG  ]  No samples found: mirtrace
[2019-11-19 06:04:40,652] multiqc                                            [DEBUG  ]  No samples found: happy
[2019-11-19 06:04:40,655] multiqc                                            [DEBUG  ]  No samples found: homer
[2019-11-19 06:04:40,658] multiqc                                            [DEBUG  ]  No samples found: macs2
[2019-11-19 06:04:40,661] multiqc                                            [DEBUG  ]  No samples found: theta2
[2019-11-19 06:04:40,664] multiqc                                            [DEBUG  ]  No samples found: snpeff
[2019-11-19 06:04:40,668] multiqc                                            [DEBUG  ]  No samples found: gatk
[2019-11-19 06:04:40,671] multiqc                                            [DEBUG  ]  No samples found: htseq
[2019-11-19 06:04:40,675] multiqc                                            [DEBUG  ]  No samples found: bcftools
[2019-11-19 06:04:40,678] multiqc                                            [DEBUG  ]  No samples found: featureCounts
[2019-11-19 06:04:40,681] multiqc                                            [DEBUG  ]  No samples found: dedup
[2019-11-19 06:04:40,684] multiqc                                            [DEBUG  ]  No samples found: damageprofiler
[2019-11-19 06:04:40,690] multiqc                                            [DEBUG  ]  No samples found: picard
[2019-11-19 06:04:40,693] multiqc                                            [DEBUG  ]  No samples found: prokka
[2019-11-19 06:04:40,696] multiqc                                            [DEBUG  ]  No samples found: samblaster
[2019-11-19 06:04:40,700] multiqc                                            [DEBUG  ]  No samples found: samtools
[2019-11-19 06:04:40,703] multiqc                                            [DEBUG  ]  No samples found: bamtools
[2019-11-19 06:04:40,706] multiqc                                            [DEBUG  ]  No samples found: jellyfish
[2019-11-19 06:04:40,710] multiqc                                            [DEBUG  ]  No samples found: vcftools
[2019-11-19 06:04:40,713] multiqc                                            [DEBUG  ]  No samples found: longranger
[2019-11-19 06:04:40,716] multiqc                                            [DEBUG  ]  No samples found: stacks
[2019-11-19 06:04:40,721] multiqc                                            [DEBUG  ]  No samples found: bbmap
[2019-11-19 06:04:40,724] multiqc                                            [DEBUG  ]  No samples found: bismark
[2019-11-19 06:04:40,728] multiqc                                            [DEBUG  ]  No samples found: biscuit
[2019-11-19 06:04:40,731] multiqc                                            [DEBUG  ]  No samples found: hicexplorer
[2019-11-19 06:04:40,734] multiqc                                            [DEBUG  ]  No samples found: hicup
[2019-11-19 06:04:40,737] multiqc                                            [DEBUG  ]  No samples found: hicpro
[2019-11-19 06:04:40,740] multiqc                                            [DEBUG  ]  No samples found: salmon
[2019-11-19 06:04:40,743] multiqc                                            [DEBUG  ]  No samples found: kallisto
[2019-11-19 06:04:40,746] multiqc                                            [DEBUG  ]  No samples found: slamdunk
[2019-11-19 06:04:40,749] multiqc                                            [DEBUG  ]  No samples found: star
[2019-11-19 06:04:40,752] multiqc                                            [DEBUG  ]  No samples found: hisat2
[2019-11-19 06:04:40,755] multiqc                                            [DEBUG  ]  No samples found: tophat
[2019-11-19 06:04:40,758] multiqc                                            [DEBUG  ]  No samples found: bowtie2
[2019-11-19 06:04:40,761] multiqc                                            [DEBUG  ]  No samples found: bowtie1
[2019-11-19 06:04:40,764] multiqc                                            [DEBUG  ]  No samples found: kat
[2019-11-19 06:04:40,767] multiqc                                            [DEBUG  ]  No samples found: leehom
[2019-11-19 06:04:40,770] multiqc                                            [DEBUG  ]  No samples found: adapterRemoval
[2019-11-19 06:04:40,773] multiqc                                            [DEBUG  ]  No samples found: clipandmerge
[2019-11-19 06:04:40,776] multiqc                                            [DEBUG  ]  No samples found: cutadapt
[2019-11-19 06:04:40,779] multiqc                                            [DEBUG  ]  No samples found: flexbar
[2019-11-19 06:04:40,782] multiqc                                            [DEBUG  ]  No samples found: trimmomatic
[2019-11-19 06:04:40,785] multiqc                                            [DEBUG  ]  No samples found: skewer
[2019-11-19 06:04:40,789] multiqc                                            [DEBUG  ]  No samples found: sortmerna
[2019-11-19 06:04:40,792] multiqc                                            [DEBUG  ]  No samples found: biobloomtools
[2019-11-19 06:04:40,795] multiqc                                            [DEBUG  ]  No samples found: fastq_screen
[2019-11-19 06:04:40,798] multiqc                                            [DEBUG  ]  No samples found: afterqc
[2019-11-19 06:04:40,801] multiqc                                            [DEBUG  ]  No samples found: fastp
[2019-11-19 06:04:40,807] multiqc.modules.fastqc.fastqc                      [INFO   ]  Found 1 reports
[2019-11-19 06:04:40,855] multiqc                                            [DEBUG  ]  No samples found: minionqc
[2019-11-19 06:04:40,858] multiqc                                            [DEBUG  ]  No samples found: clusterflow
[2019-11-19 06:04:40,861] multiqc                                            [DEBUG  ]  No samples found: bcl2fastq
[2019-11-19 06:04:40,864] multiqc                                            [DEBUG  ]  No samples found: interop
[2019-11-19 06:04:40,867] multiqc                                            [DEBUG  ]  No samples found: flash
[2019-11-19 06:04:40,870] multiqc                                            [INFO   ]  Compressing plot data
[2019-11-19 06:04:40,900] multiqc                                            [INFO   ]  Report      : ../../../../../../../data/multiqc_report.html
[2019-11-19 06:04:40,900] multiqc                                            [INFO   ]  Data        : ../../../../../../../data/multiqc_data
[2019-11-19 06:04:40,900] multiqc                                            [DEBUG  ]  Moving data file from '/tmp/tmpuxq5hvsi/multiqc_data/multiqc_general_stats.txt' to '/data/multiqc_data'
[2019-11-19 06:04:40,901] multiqc                                            [DEBUG  ]  Moving data file from '/tmp/tmpuxq5hvsi/multiqc_data/multiqc_fastqc.txt' to '/data/multiqc_data'
[2019-11-19 06:04:40,901] multiqc                                            [DEBUG  ]  Moving data file from '/tmp/tmpuxq5hvsi/multiqc_data/multiqc_data.json' to '/data/multiqc_data'
[2019-11-19 06:04:40,901] multiqc                                            [DEBUG  ]  Moving data file from '/tmp/tmpuxq5hvsi/multiqc_data/multiqc_sources.txt' to '/data/multiqc_data'
[2019-11-19 06:04:41,010] multiqc                                            [INFO   ]  MultiQC complete
