[2019-11-19 06:28:25,745] multiqc                                            [DEBUG  ]  No MultiQC config found: /usr/lib/python3.6/site-packages/multiqc-1.7-py3.6.egg/multiqc_config.yaml
[2019-11-19 06:28:25,745] multiqc                                            [DEBUG  ]  No MultiQC config found: /root/.multiqc_config.yaml
[2019-11-19 06:28:25,745] multiqc                                            [DEBUG  ]  No MultiQC config found: multiqc_config.yaml
[2019-11-19 06:28:25,745] multiqc                                            [DEBUG  ]  Command used: /usr/bin/multiqc /data/HG00100.mapped.ILLUMINA.bwa.GBR.low_coverage.20101123_fastqc.zip -o /data
[2019-11-19 06:28:27,838] multiqc                                            [DEBUG  ]  Latest MultiQC version is v1.7
[2019-11-19 06:28:27,839] multiqc                                            [INFO   ]  This is MultiQC v1.7
[2019-11-19 06:28:27,839] multiqc                                            [DEBUG  ]  Command     : /usr/bin/multiqc /data/HG00100.mapped.ILLUMINA.bwa.GBR.low_coverage.20101123_fastqc.zip -o /data
[2019-11-19 06:28:27,839] multiqc                                            [DEBUG  ]  Working dir : /var/lib/toil/toil-9b56b740-ccba-4b13-b998-c6aabca34938-69d14ae953f0400cbe6f0dc87a7486c9/tmpAOqUnv/1d000102-1159-40a5-88c4-894a11b60024/thwJCAt
[2019-11-19 06:28:27,839] multiqc                                            [INFO   ]  Template    : default
[2019-11-19 06:28:27,839] multiqc                                            [INFO   ]  Searching '/data/HG00100.mapped.ILLUMINA.bwa.GBR.low_coverage.20101123_fastqc.zip'
[2019-11-19 06:28:27,839] multiqc                                            [DEBUG  ]  Analysing modules: custom_content, conpair, peddy, methylQA, phantompeakqualtools, qualimap, preseq, quast, qorts, rna_seqc, rsem, rseqc, busco, goleft_indexcov, disambiguate, supernova, deeptools, sargasso, verifybamid, mirtrace, happy, homer, macs2, theta2, snpeff, gatk, htseq, bcftools, featureCounts, dedup, damageprofiler, picard, prokka, samblaster, samtools, bamtools, jellyfish, vcftools, longranger, stacks, bbmap, bismark, biscuit, hicexplorer, hicup, hicpro, salmon, kallisto, slamdunk, star, hisat2, tophat, bowtie2, bowtie1, kat, leehom, adapterRemoval, clipandmerge, cutadapt, flexbar, trimmomatic, skewer, sortmerna, biobloomtools, fastq_screen, afterqc, fastp, fastqc, minionqc, clusterflow, bcl2fastq, interop, flash
[2019-11-19 06:28:27,839] multiqc                                            [DEBUG  ]  Using temporary directory for creating report: /tmp/tmpocidxjok
[2019-11-19 06:28:28,670] multiqc                                            [DEBUG  ]  No samples found: custom_content
[2019-11-19 06:28:28,675] multiqc                                            [DEBUG  ]  No samples found: conpair
[2019-11-19 06:28:28,681] multiqc                                            [DEBUG  ]  No samples found: peddy
[2019-11-19 06:28:28,686] multiqc                                            [DEBUG  ]  No samples found: methylQA
[2019-11-19 06:28:28,694] multiqc                                            [DEBUG  ]  No samples found: phantompeakqualtools
[2019-11-19 06:28:28,700] multiqc                                            [DEBUG  ]  No samples found: qualimap
[2019-11-19 06:28:28,711] multiqc                                            [DEBUG  ]  No samples found: preseq
[2019-11-19 06:28:28,717] multiqc                                            [DEBUG  ]  No samples found: quast
[2019-11-19 06:28:28,722] multiqc                                            [DEBUG  ]  No samples found: qorts
[2019-11-19 06:28:28,726] multiqc                                            [DEBUG  ]  No samples found: rna_seqc
[2019-11-19 06:28:28,730] multiqc                                            [DEBUG  ]  No samples found: rsem
[2019-11-19 06:28:28,739] multiqc                                            [DEBUG  ]  No samples found: rseqc
[2019-11-19 06:28:28,743] multiqc                                            [DEBUG  ]  No samples found: busco
[2019-11-19 06:28:28,747] multiqc                                            [DEBUG  ]  No samples found: goleft_indexcov
[2019-11-19 06:28:28,751] multiqc                                            [DEBUG  ]  No samples found: disambiguate
[2019-11-19 06:28:28,756] multiqc                                            [DEBUG  ]  No samples found: supernova
[2019-11-19 06:28:28,765] multiqc                                            [DEBUG  ]  No samples found: deeptools
[2019-11-19 06:28:28,769] multiqc                                            [DEBUG  ]  No samples found: sargasso
[2019-11-19 06:28:28,775] multiqc                                            [DEBUG  ]  No samples found: verifybamid
[2019-11-19 06:28:28,779] multiqc                                            [DEBUG  ]  No samples found: mirtrace
[2019-11-19 06:28:28,784] multiqc                                            [DEBUG  ]  No samples found: happy
[2019-11-19 06:28:28,789] multiqc                                            [DEBUG  ]  No samples found: homer
[2019-11-19 06:28:28,793] multiqc                                            [DEBUG  ]  No samples found: macs2
[2019-11-19 06:28:28,797] multiqc                                            [DEBUG  ]  No samples found: theta2
[2019-11-19 06:28:28,801] multiqc                                            [DEBUG  ]  No samples found: snpeff
[2019-11-19 06:28:28,808] multiqc                                            [DEBUG  ]  No samples found: gatk
[2019-11-19 06:28:28,812] multiqc                                            [DEBUG  ]  No samples found: htseq
[2019-11-19 06:28:28,818] multiqc                                            [DEBUG  ]  No samples found: bcftools
[2019-11-19 06:28:28,823] multiqc                                            [DEBUG  ]  No samples found: featureCounts
[2019-11-19 06:28:28,828] multiqc                                            [DEBUG  ]  No samples found: dedup
[2019-11-19 06:28:28,832] multiqc                                            [DEBUG  ]  No samples found: damageprofiler
[2019-11-19 06:28:28,844] multiqc                                            [DEBUG  ]  No samples found: picard
[2019-11-19 06:28:28,849] multiqc                                            [DEBUG  ]  No samples found: prokka
[2019-11-19 06:28:28,853] multiqc                                            [DEBUG  ]  No samples found: samblaster
[2019-11-19 06:28:28,859] multiqc                                            [DEBUG  ]  No samples found: samtools
[2019-11-19 06:28:28,864] multiqc                                            [DEBUG  ]  No samples found: bamtools
[2019-11-19 06:28:28,868] multiqc                                            [DEBUG  ]  No samples found: jellyfish
[2019-11-19 06:28:28,875] multiqc                                            [DEBUG  ]  No samples found: vcftools
[2019-11-19 06:28:28,879] multiqc                                            [DEBUG  ]  No samples found: longranger
[2019-11-19 06:28:28,883] multiqc                                            [DEBUG  ]  No samples found: stacks
[2019-11-19 06:28:28,894] multiqc                                            [DEBUG  ]  No samples found: bbmap
[2019-11-19 06:28:28,898] multiqc                                            [DEBUG  ]  No samples found: bismark
[2019-11-19 06:28:28,903] multiqc                                            [DEBUG  ]  No samples found: biscuit
[2019-11-19 06:28:28,908] multiqc                                            [DEBUG  ]  No samples found: hicexplorer
[2019-11-19 06:28:28,912] multiqc                                            [DEBUG  ]  No samples found: hicup
[2019-11-19 06:28:28,916] multiqc                                            [DEBUG  ]  No samples found: hicpro
[2019-11-19 06:28:28,921] multiqc                                            [DEBUG  ]  No samples found: salmon
[2019-11-19 06:28:28,925] multiqc                                            [DEBUG  ]  No samples found: kallisto
[2019-11-19 06:28:28,930] multiqc                                            [DEBUG  ]  No samples found: slamdunk
[2019-11-19 06:28:28,934] multiqc                                            [DEBUG  ]  No samples found: star
[2019-11-19 06:28:28,938] multiqc                                            [DEBUG  ]  No samples found: hisat2
[2019-11-19 06:28:28,943] multiqc                                            [DEBUG  ]  No samples found: tophat
[2019-11-19 06:28:28,947] multiqc                                            [DEBUG  ]  No samples found: bowtie2
[2019-11-19 06:28:28,950] multiqc                                            [DEBUG  ]  No samples found: bowtie1
[2019-11-19 06:28:28,954] multiqc                                            [DEBUG  ]  No samples found: kat
[2019-11-19 06:28:28,958] multiqc                                            [DEBUG  ]  No samples found: leehom
[2019-11-19 06:28:28,963] multiqc                                            [DEBUG  ]  No samples found: adapterRemoval
[2019-11-19 06:28:28,966] multiqc                                            [DEBUG  ]  No samples found: clipandmerge
[2019-11-19 06:28:28,971] multiqc                                            [DEBUG  ]  No samples found: cutadapt
[2019-11-19 06:28:28,975] multiqc                                            [DEBUG  ]  No samples found: flexbar
[2019-11-19 06:28:28,979] multiqc                                            [DEBUG  ]  No samples found: trimmomatic
[2019-11-19 06:28:28,983] multiqc                                            [DEBUG  ]  No samples found: skewer
[2019-11-19 06:28:28,987] multiqc                                            [DEBUG  ]  No samples found: sortmerna
[2019-11-19 06:28:28,991] multiqc                                            [DEBUG  ]  No samples found: biobloomtools
[2019-11-19 06:28:28,995] multiqc                                            [DEBUG  ]  No samples found: fastq_screen
[2019-11-19 06:28:28,999] multiqc                                            [DEBUG  ]  No samples found: afterqc
[2019-11-19 06:28:29,003] multiqc                                            [DEBUG  ]  No samples found: fastp
[2019-11-19 06:28:29,011] multiqc.modules.fastqc.fastqc                      [INFO   ]  Found 1 reports
[2019-11-19 06:28:29,065] multiqc                                            [DEBUG  ]  No samples found: minionqc
[2019-11-19 06:28:29,069] multiqc                                            [DEBUG  ]  No samples found: clusterflow
[2019-11-19 06:28:29,073] multiqc                                            [DEBUG  ]  No samples found: bcl2fastq
[2019-11-19 06:28:29,078] multiqc                                            [DEBUG  ]  No samples found: interop
[2019-11-19 06:28:29,082] multiqc                                            [DEBUG  ]  No samples found: flash
[2019-11-19 06:28:29,084] multiqc                                            [INFO   ]  Compressing plot data
[2019-11-19 06:28:29,110] multiqc                                            [INFO   ]  Report      : ../../../../../../../data/multiqc_report.html
[2019-11-19 06:28:29,110] multiqc                                            [INFO   ]  Data        : ../../../../../../../data/multiqc_data
[2019-11-19 06:28:29,111] multiqc                                            [DEBUG  ]  Moving data file from '/tmp/tmpocidxjok/multiqc_data/multiqc_general_stats.txt' to '/data/multiqc_data'
[2019-11-19 06:28:29,111] multiqc                                            [DEBUG  ]  Moving data file from '/tmp/tmpocidxjok/multiqc_data/multiqc_fastqc.txt' to '/data/multiqc_data'
[2019-11-19 06:28:29,111] multiqc                                            [DEBUG  ]  Moving data file from '/tmp/tmpocidxjok/multiqc_data/multiqc_data.json' to '/data/multiqc_data'
[2019-11-19 06:28:29,112] multiqc                                            [DEBUG  ]  Moving data file from '/tmp/tmpocidxjok/multiqc_data/multiqc_sources.txt' to '/data/multiqc_data'
[2019-11-19 06:28:29,247] multiqc                                            [INFO   ]  MultiQC complete
