[2019-11-19 09:06:05,100] multiqc                                            [DEBUG  ]  No MultiQC config found: /usr/lib/python3.6/site-packages/multiqc-1.7-py3.6.egg/multiqc_config.yaml
[2019-11-19 09:06:05,100] multiqc                                            [DEBUG  ]  No MultiQC config found: /root/.multiqc_config.yaml
[2019-11-19 09:06:05,100] multiqc                                            [DEBUG  ]  No MultiQC config found: multiqc_config.yaml
[2019-11-19 09:06:05,100] multiqc                                            [DEBUG  ]  Command used: /usr/bin/multiqc /data/HG00122.unmapped.ILLUMINA.bwa.GBR.low_coverage.20101123_fastqc.zip -o /data
[2019-11-19 09:06:06,939] multiqc                                            [DEBUG  ]  Latest MultiQC version is v1.7
[2019-11-19 09:06:06,939] multiqc                                            [INFO   ]  This is MultiQC v1.7
[2019-11-19 09:06:06,939] multiqc                                            [DEBUG  ]  Command     : /usr/bin/multiqc /data/HG00122.unmapped.ILLUMINA.bwa.GBR.low_coverage.20101123_fastqc.zip -o /data
[2019-11-19 09:06:06,939] multiqc                                            [DEBUG  ]  Working dir : /var/lib/toil/toil-9b56b740-ccba-4b13-b998-c6aabca34938-69d14ae953f0400cbe6f0dc87a7486c9/tmpokBrBv/f36dcb42-4251-4d88-8ed9-9454afb3e3e8/tSkZL0G
[2019-11-19 09:06:06,939] multiqc                                            [INFO   ]  Template    : default
[2019-11-19 09:06:06,939] multiqc                                            [INFO   ]  Searching '/data/HG00122.unmapped.ILLUMINA.bwa.GBR.low_coverage.20101123_fastqc.zip'
[2019-11-19 09:06:06,939] multiqc                                            [DEBUG  ]  Analysing modules: custom_content, conpair, peddy, methylQA, phantompeakqualtools, qualimap, preseq, quast, qorts, rna_seqc, rsem, rseqc, busco, goleft_indexcov, disambiguate, supernova, deeptools, sargasso, verifybamid, mirtrace, happy, homer, macs2, theta2, snpeff, gatk, htseq, bcftools, featureCounts, dedup, damageprofiler, picard, prokka, samblaster, samtools, bamtools, jellyfish, vcftools, longranger, stacks, bbmap, bismark, biscuit, hicexplorer, hicup, hicpro, salmon, kallisto, slamdunk, star, hisat2, tophat, bowtie2, bowtie1, kat, leehom, adapterRemoval, clipandmerge, cutadapt, flexbar, trimmomatic, skewer, sortmerna, biobloomtools, fastq_screen, afterqc, fastp, fastqc, minionqc, clusterflow, bcl2fastq, interop, flash
[2019-11-19 09:06:06,940] multiqc                                            [DEBUG  ]  Using temporary directory for creating report: /tmp/tmpvbc9fm5r
[2019-11-19 09:06:07,545] multiqc                                            [DEBUG  ]  No samples found: custom_content
[2019-11-19 09:06:07,548] multiqc                                            [DEBUG  ]  No samples found: conpair
[2019-11-19 09:06:07,552] multiqc                                            [DEBUG  ]  No samples found: peddy
[2019-11-19 09:06:07,555] multiqc                                            [DEBUG  ]  No samples found: methylQA
[2019-11-19 09:06:07,559] multiqc                                            [DEBUG  ]  No samples found: phantompeakqualtools
[2019-11-19 09:06:07,563] multiqc                                            [DEBUG  ]  No samples found: qualimap
[2019-11-19 09:06:07,567] multiqc                                            [DEBUG  ]  No samples found: preseq
[2019-11-19 09:06:07,570] multiqc                                            [DEBUG  ]  No samples found: quast
[2019-11-19 09:06:07,574] multiqc                                            [DEBUG  ]  No samples found: qorts
[2019-11-19 09:06:07,577] multiqc                                            [DEBUG  ]  No samples found: rna_seqc
[2019-11-19 09:06:07,581] multiqc                                            [DEBUG  ]  No samples found: rsem
[2019-11-19 09:06:07,587] multiqc                                            [DEBUG  ]  No samples found: rseqc
[2019-11-19 09:06:07,591] multiqc                                            [DEBUG  ]  No samples found: busco
[2019-11-19 09:06:07,594] multiqc                                            [DEBUG  ]  No samples found: goleft_indexcov
[2019-11-19 09:06:07,598] multiqc                                            [DEBUG  ]  No samples found: disambiguate
[2019-11-19 09:06:07,601] multiqc                                            [DEBUG  ]  No samples found: supernova
[2019-11-19 09:06:07,608] multiqc                                            [DEBUG  ]  No samples found: deeptools
[2019-11-19 09:06:07,612] multiqc                                            [DEBUG  ]  No samples found: sargasso
[2019-11-19 09:06:07,615] multiqc                                            [DEBUG  ]  No samples found: verifybamid
[2019-11-19 09:06:07,619] multiqc                                            [DEBUG  ]  No samples found: mirtrace
[2019-11-19 09:06:07,623] multiqc                                            [DEBUG  ]  No samples found: happy
[2019-11-19 09:06:07,627] multiqc                                            [DEBUG  ]  No samples found: homer
[2019-11-19 09:06:07,631] multiqc                                            [DEBUG  ]  No samples found: macs2
[2019-11-19 09:06:07,635] multiqc                                            [DEBUG  ]  No samples found: theta2
[2019-11-19 09:06:07,638] multiqc                                            [DEBUG  ]  No samples found: snpeff
[2019-11-19 09:06:07,643] multiqc                                            [DEBUG  ]  No samples found: gatk
[2019-11-19 09:06:07,648] multiqc                                            [DEBUG  ]  No samples found: htseq
[2019-11-19 09:06:07,652] multiqc                                            [DEBUG  ]  No samples found: bcftools
[2019-11-19 09:06:07,655] multiqc                                            [DEBUG  ]  No samples found: featureCounts
[2019-11-19 09:06:07,658] multiqc                                            [DEBUG  ]  No samples found: dedup
[2019-11-19 09:06:07,662] multiqc                                            [DEBUG  ]  No samples found: damageprofiler
[2019-11-19 09:06:07,671] multiqc                                            [DEBUG  ]  No samples found: picard
[2019-11-19 09:06:07,674] multiqc                                            [DEBUG  ]  No samples found: prokka
[2019-11-19 09:06:07,677] multiqc                                            [DEBUG  ]  No samples found: samblaster
[2019-11-19 09:06:07,683] multiqc                                            [DEBUG  ]  No samples found: samtools
[2019-11-19 09:06:07,686] multiqc                                            [DEBUG  ]  No samples found: bamtools
[2019-11-19 09:06:07,690] multiqc                                            [DEBUG  ]  No samples found: jellyfish
[2019-11-19 09:06:07,695] multiqc                                            [DEBUG  ]  No samples found: vcftools
[2019-11-19 09:06:07,698] multiqc                                            [DEBUG  ]  No samples found: longranger
[2019-11-19 09:06:07,702] multiqc                                            [DEBUG  ]  No samples found: stacks
[2019-11-19 09:06:07,709] multiqc                                            [DEBUG  ]  No samples found: bbmap
[2019-11-19 09:06:07,713] multiqc                                            [DEBUG  ]  No samples found: bismark
[2019-11-19 09:06:07,717] multiqc                                            [DEBUG  ]  No samples found: biscuit
[2019-11-19 09:06:07,721] multiqc                                            [DEBUG  ]  No samples found: hicexplorer
[2019-11-19 09:06:07,724] multiqc                                            [DEBUG  ]  No samples found: hicup
[2019-11-19 09:06:07,728] multiqc                                            [DEBUG  ]  No samples found: hicpro
[2019-11-19 09:06:07,731] multiqc                                            [DEBUG  ]  No samples found: salmon
[2019-11-19 09:06:07,735] multiqc                                            [DEBUG  ]  No samples found: kallisto
[2019-11-19 09:06:07,738] multiqc                                            [DEBUG  ]  No samples found: slamdunk
[2019-11-19 09:06:07,742] multiqc                                            [DEBUG  ]  No samples found: star
[2019-11-19 09:06:07,745] multiqc                                            [DEBUG  ]  No samples found: hisat2
[2019-11-19 09:06:07,748] multiqc                                            [DEBUG  ]  No samples found: tophat
[2019-11-19 09:06:07,752] multiqc                                            [DEBUG  ]  No samples found: bowtie2
[2019-11-19 09:06:07,756] multiqc                                            [DEBUG  ]  No samples found: bowtie1
[2019-11-19 09:06:07,760] multiqc                                            [DEBUG  ]  No samples found: kat
[2019-11-19 09:06:07,766] multiqc                                            [DEBUG  ]  No samples found: leehom
[2019-11-19 09:06:07,770] multiqc                                            [DEBUG  ]  No samples found: adapterRemoval
[2019-11-19 09:06:07,774] multiqc                                            [DEBUG  ]  No samples found: clipandmerge
[2019-11-19 09:06:07,777] multiqc                                            [DEBUG  ]  No samples found: cutadapt
[2019-11-19 09:06:07,781] multiqc                                            [DEBUG  ]  No samples found: flexbar
[2019-11-19 09:06:07,785] multiqc                                            [DEBUG  ]  No samples found: trimmomatic
[2019-11-19 09:06:07,788] multiqc                                            [DEBUG  ]  No samples found: skewer
[2019-11-19 09:06:07,791] multiqc                                            [DEBUG  ]  No samples found: sortmerna
[2019-11-19 09:06:07,795] multiqc                                            [DEBUG  ]  No samples found: biobloomtools
[2019-11-19 09:06:07,798] multiqc                                            [DEBUG  ]  No samples found: fastq_screen
[2019-11-19 09:06:07,801] multiqc                                            [DEBUG  ]  No samples found: afterqc
[2019-11-19 09:06:07,805] multiqc                                            [DEBUG  ]  No samples found: fastp
[2019-11-19 09:06:07,812] multiqc.modules.fastqc.fastqc                      [INFO   ]  Found 1 reports
[2019-11-19 09:06:07,863] multiqc                                            [DEBUG  ]  No samples found: minionqc
[2019-11-19 09:06:07,867] multiqc                                            [DEBUG  ]  No samples found: clusterflow
[2019-11-19 09:06:07,870] multiqc                                            [DEBUG  ]  No samples found: bcl2fastq
[2019-11-19 09:06:07,874] multiqc                                            [DEBUG  ]  No samples found: interop
[2019-11-19 09:06:07,877] multiqc                                            [DEBUG  ]  No samples found: flash
[2019-11-19 09:06:07,880] multiqc                                            [INFO   ]  Compressing plot data
[2019-11-19 09:06:07,913] multiqc                                            [INFO   ]  Report      : ../../../../../../../data/multiqc_report.html
[2019-11-19 09:06:07,913] multiqc                                            [INFO   ]  Data        : ../../../../../../../data/multiqc_data
[2019-11-19 09:06:07,913] multiqc                                            [DEBUG  ]  Moving data file from '/tmp/tmpvbc9fm5r/multiqc_data/multiqc_general_stats.txt' to '/data/multiqc_data'
[2019-11-19 09:06:07,913] multiqc                                            [DEBUG  ]  Moving data file from '/tmp/tmpvbc9fm5r/multiqc_data/multiqc_fastqc.txt' to '/data/multiqc_data'
[2019-11-19 09:06:07,914] multiqc                                            [DEBUG  ]  Moving data file from '/tmp/tmpvbc9fm5r/multiqc_data/multiqc_data.json' to '/data/multiqc_data'
[2019-11-19 09:06:07,914] multiqc                                            [DEBUG  ]  Moving data file from '/tmp/tmpvbc9fm5r/multiqc_data/multiqc_sources.txt' to '/data/multiqc_data'
[2019-11-19 09:06:08,032] multiqc                                            [INFO   ]  MultiQC complete
