[2019-11-19 14:24:47,909] multiqc                                            [DEBUG  ]  No MultiQC config found: /usr/lib/python3.6/site-packages/multiqc-1.7-py3.6.egg/multiqc_config.yaml
[2019-11-19 14:24:47,909] multiqc                                            [DEBUG  ]  No MultiQC config found: /root/.multiqc_config.yaml
[2019-11-19 14:24:47,909] multiqc                                            [DEBUG  ]  No MultiQC config found: multiqc_config.yaml
[2019-11-19 14:24:47,909] multiqc                                            [DEBUG  ]  Command used: /usr/bin/multiqc /data/HG00242.unmapped.ILLUMINA.bwa.GBR.low_coverage.20101123_fastqc.zip -o /data
[2019-11-19 14:24:49,573] multiqc                                            [DEBUG  ]  Latest MultiQC version is v1.7
[2019-11-19 14:24:49,573] multiqc                                            [INFO   ]  This is MultiQC v1.7
[2019-11-19 14:24:49,574] multiqc                                            [DEBUG  ]  Command     : /usr/bin/multiqc /data/HG00242.unmapped.ILLUMINA.bwa.GBR.low_coverage.20101123_fastqc.zip -o /data
[2019-11-19 14:24:49,574] multiqc                                            [DEBUG  ]  Working dir : /var/lib/toil/toil-9b56b740-ccba-4b13-b998-c6aabca34938-69d14ae953f0400cbe6f0dc87a7486c9/tmpT2zqgK/c605f865-5603-40a1-9502-a0285ef9679a/teQ_xRK
[2019-11-19 14:24:49,574] multiqc                                            [INFO   ]  Template    : default
[2019-11-19 14:24:49,574] multiqc                                            [INFO   ]  Searching '/data/HG00242.unmapped.ILLUMINA.bwa.GBR.low_coverage.20101123_fastqc.zip'
[2019-11-19 14:24:49,574] multiqc                                            [DEBUG  ]  Analysing modules: custom_content, conpair, peddy, methylQA, phantompeakqualtools, qualimap, preseq, quast, qorts, rna_seqc, rsem, rseqc, busco, goleft_indexcov, disambiguate, supernova, deeptools, sargasso, verifybamid, mirtrace, happy, homer, macs2, theta2, snpeff, gatk, htseq, bcftools, featureCounts, dedup, damageprofiler, picard, prokka, samblaster, samtools, bamtools, jellyfish, vcftools, longranger, stacks, bbmap, bismark, biscuit, hicexplorer, hicup, hicpro, salmon, kallisto, slamdunk, star, hisat2, tophat, bowtie2, bowtie1, kat, leehom, adapterRemoval, clipandmerge, cutadapt, flexbar, trimmomatic, skewer, sortmerna, biobloomtools, fastq_screen, afterqc, fastp, fastqc, minionqc, clusterflow, bcl2fastq, interop, flash
[2019-11-19 14:24:49,574] multiqc                                            [DEBUG  ]  Using temporary directory for creating report: /tmp/tmp9stqrch5
[2019-11-19 14:24:50,285] multiqc                                            [DEBUG  ]  No samples found: custom_content
[2019-11-19 14:24:50,290] multiqc                                            [DEBUG  ]  No samples found: conpair
[2019-11-19 14:24:50,295] multiqc                                            [DEBUG  ]  No samples found: peddy
[2019-11-19 14:24:50,299] multiqc                                            [DEBUG  ]  No samples found: methylQA
[2019-11-19 14:24:50,304] multiqc                                            [DEBUG  ]  No samples found: phantompeakqualtools
[2019-11-19 14:24:50,309] multiqc                                            [DEBUG  ]  No samples found: qualimap
[2019-11-19 14:24:50,313] multiqc                                            [DEBUG  ]  No samples found: preseq
[2019-11-19 14:24:50,318] multiqc                                            [DEBUG  ]  No samples found: quast
[2019-11-19 14:24:50,323] multiqc                                            [DEBUG  ]  No samples found: qorts
[2019-11-19 14:24:50,327] multiqc                                            [DEBUG  ]  No samples found: rna_seqc
[2019-11-19 14:24:50,331] multiqc                                            [DEBUG  ]  No samples found: rsem
[2019-11-19 14:24:50,341] multiqc                                            [DEBUG  ]  No samples found: rseqc
[2019-11-19 14:24:50,345] multiqc                                            [DEBUG  ]  No samples found: busco
[2019-11-19 14:24:50,349] multiqc                                            [DEBUG  ]  No samples found: goleft_indexcov
[2019-11-19 14:24:50,353] multiqc                                            [DEBUG  ]  No samples found: disambiguate
[2019-11-19 14:24:50,357] multiqc                                            [DEBUG  ]  No samples found: supernova
[2019-11-19 14:24:50,366] multiqc                                            [DEBUG  ]  No samples found: deeptools
[2019-11-19 14:24:50,370] multiqc                                            [DEBUG  ]  No samples found: sargasso
[2019-11-19 14:24:50,374] multiqc                                            [DEBUG  ]  No samples found: verifybamid
[2019-11-19 14:24:50,379] multiqc                                            [DEBUG  ]  No samples found: mirtrace
[2019-11-19 14:24:50,383] multiqc                                            [DEBUG  ]  No samples found: happy
[2019-11-19 14:24:50,389] multiqc                                            [DEBUG  ]  No samples found: homer
[2019-11-19 14:24:50,393] multiqc                                            [DEBUG  ]  No samples found: macs2
[2019-11-19 14:24:50,397] multiqc                                            [DEBUG  ]  No samples found: theta2
[2019-11-19 14:24:50,401] multiqc                                            [DEBUG  ]  No samples found: snpeff
[2019-11-19 14:24:50,407] multiqc                                            [DEBUG  ]  No samples found: gatk
[2019-11-19 14:24:50,411] multiqc                                            [DEBUG  ]  No samples found: htseq
[2019-11-19 14:24:50,416] multiqc                                            [DEBUG  ]  No samples found: bcftools
[2019-11-19 14:24:50,420] multiqc                                            [DEBUG  ]  No samples found: featureCounts
[2019-11-19 14:24:50,424] multiqc                                            [DEBUG  ]  No samples found: dedup
[2019-11-19 14:24:50,428] multiqc                                            [DEBUG  ]  No samples found: damageprofiler
[2019-11-19 14:24:50,439] multiqc                                            [DEBUG  ]  No samples found: picard
[2019-11-19 14:24:50,443] multiqc                                            [DEBUG  ]  No samples found: prokka
[2019-11-19 14:24:50,451] multiqc                                            [DEBUG  ]  No samples found: samblaster
[2019-11-19 14:24:50,459] multiqc                                            [DEBUG  ]  No samples found: samtools
[2019-11-19 14:24:50,464] multiqc                                            [DEBUG  ]  No samples found: bamtools
[2019-11-19 14:24:50,468] multiqc                                            [DEBUG  ]  No samples found: jellyfish
[2019-11-19 14:24:50,474] multiqc                                            [DEBUG  ]  No samples found: vcftools
[2019-11-19 14:24:50,479] multiqc                                            [DEBUG  ]  No samples found: longranger
[2019-11-19 14:24:50,484] multiqc                                            [DEBUG  ]  No samples found: stacks
[2019-11-19 14:24:50,495] multiqc                                            [DEBUG  ]  No samples found: bbmap
[2019-11-19 14:24:50,500] multiqc                                            [DEBUG  ]  No samples found: bismark
[2019-11-19 14:24:50,508] multiqc                                            [DEBUG  ]  No samples found: biscuit
[2019-11-19 14:24:50,515] multiqc                                            [DEBUG  ]  No samples found: hicexplorer
[2019-11-19 14:24:50,522] multiqc                                            [DEBUG  ]  No samples found: hicup
[2019-11-19 14:24:50,526] multiqc                                            [DEBUG  ]  No samples found: hicpro
[2019-11-19 14:24:50,531] multiqc                                            [DEBUG  ]  No samples found: salmon
[2019-11-19 14:24:50,535] multiqc                                            [DEBUG  ]  No samples found: kallisto
[2019-11-19 14:24:50,540] multiqc                                            [DEBUG  ]  No samples found: slamdunk
[2019-11-19 14:24:50,544] multiqc                                            [DEBUG  ]  No samples found: star
[2019-11-19 14:24:50,548] multiqc                                            [DEBUG  ]  No samples found: hisat2
[2019-11-19 14:24:50,553] multiqc                                            [DEBUG  ]  No samples found: tophat
[2019-11-19 14:24:50,557] multiqc                                            [DEBUG  ]  No samples found: bowtie2
[2019-11-19 14:24:50,561] multiqc                                            [DEBUG  ]  No samples found: bowtie1
[2019-11-19 14:24:50,566] multiqc                                            [DEBUG  ]  No samples found: kat
[2019-11-19 14:24:50,570] multiqc                                            [DEBUG  ]  No samples found: leehom
[2019-11-19 14:24:50,574] multiqc                                            [DEBUG  ]  No samples found: adapterRemoval
[2019-11-19 14:24:50,578] multiqc                                            [DEBUG  ]  No samples found: clipandmerge
[2019-11-19 14:24:50,582] multiqc                                            [DEBUG  ]  No samples found: cutadapt
[2019-11-19 14:24:50,586] multiqc                                            [DEBUG  ]  No samples found: flexbar
[2019-11-19 14:24:50,591] multiqc                                            [DEBUG  ]  No samples found: trimmomatic
[2019-11-19 14:24:50,595] multiqc                                            [DEBUG  ]  No samples found: skewer
[2019-11-19 14:24:50,599] multiqc                                            [DEBUG  ]  No samples found: sortmerna
[2019-11-19 14:24:50,604] multiqc                                            [DEBUG  ]  No samples found: biobloomtools
[2019-11-19 14:24:50,608] multiqc                                            [DEBUG  ]  No samples found: fastq_screen
[2019-11-19 14:24:50,612] multiqc                                            [DEBUG  ]  No samples found: afterqc
[2019-11-19 14:24:50,616] multiqc                                            [DEBUG  ]  No samples found: fastp
[2019-11-19 14:24:50,624] multiqc.modules.fastqc.fastqc                      [INFO   ]  Found 1 reports
[2019-11-19 14:24:50,677] multiqc                                            [DEBUG  ]  No samples found: minionqc
[2019-11-19 14:24:50,682] multiqc                                            [DEBUG  ]  No samples found: clusterflow
[2019-11-19 14:24:50,687] multiqc                                            [DEBUG  ]  No samples found: bcl2fastq
[2019-11-19 14:24:50,692] multiqc                                            [DEBUG  ]  No samples found: interop
[2019-11-19 14:24:50,696] multiqc                                            [DEBUG  ]  No samples found: flash
[2019-11-19 14:24:50,698] multiqc                                            [INFO   ]  Compressing plot data
[2019-11-19 14:24:50,731] multiqc                                            [INFO   ]  Report      : ../../../../../../../data/multiqc_report.html
[2019-11-19 14:24:50,731] multiqc                                            [INFO   ]  Data        : ../../../../../../../data/multiqc_data
[2019-11-19 14:24:50,731] multiqc                                            [DEBUG  ]  Moving data file from '/tmp/tmp9stqrch5/multiqc_data/multiqc_general_stats.txt' to '/data/multiqc_data'
[2019-11-19 14:24:50,732] multiqc                                            [DEBUG  ]  Moving data file from '/tmp/tmp9stqrch5/multiqc_data/multiqc_fastqc.txt' to '/data/multiqc_data'
[2019-11-19 14:24:50,732] multiqc                                            [DEBUG  ]  Moving data file from '/tmp/tmp9stqrch5/multiqc_data/multiqc_data.json' to '/data/multiqc_data'
[2019-11-19 14:24:50,732] multiqc                                            [DEBUG  ]  Moving data file from '/tmp/tmp9stqrch5/multiqc_data/multiqc_sources.txt' to '/data/multiqc_data'
[2019-11-19 14:24:50,866] multiqc                                            [INFO   ]  MultiQC complete
