[2019-11-19 07:57:21,091] multiqc                                            [DEBUG  ]  No MultiQC config found: /usr/lib/python3.6/site-packages/multiqc-1.7-py3.6.egg/multiqc_config.yaml
[2019-11-19 07:57:21,091] multiqc                                            [DEBUG  ]  No MultiQC config found: /root/.multiqc_config.yaml
[2019-11-19 07:57:21,091] multiqc                                            [DEBUG  ]  No MultiQC config found: multiqc_config.yaml
[2019-11-19 07:57:21,091] multiqc                                            [DEBUG  ]  Command used: /usr/bin/multiqc /data/HG00111.mapped.ILLUMINA.bwa.GBR.low_coverage.20101123_fastqc.zip -o /data
[2019-11-19 07:57:23,188] multiqc                                            [DEBUG  ]  Latest MultiQC version is v1.7
[2019-11-19 07:57:23,189] multiqc                                            [INFO   ]  This is MultiQC v1.7
[2019-11-19 07:57:23,189] multiqc                                            [DEBUG  ]  Command     : /usr/bin/multiqc /data/HG00111.mapped.ILLUMINA.bwa.GBR.low_coverage.20101123_fastqc.zip -o /data
[2019-11-19 07:57:23,189] multiqc                                            [DEBUG  ]  Working dir : /var/lib/toil/toil-9b56b740-ccba-4b13-b998-c6aabca34938-69d14ae953f0400cbe6f0dc87a7486c9/tmpJ_uQr1/2dd74c2b-f298-44e1-a2d9-d9546768df87/t8PLFwR
[2019-11-19 07:57:23,189] multiqc                                            [INFO   ]  Template    : default
[2019-11-19 07:57:23,189] multiqc                                            [INFO   ]  Searching '/data/HG00111.mapped.ILLUMINA.bwa.GBR.low_coverage.20101123_fastqc.zip'
[2019-11-19 07:57:23,189] multiqc                                            [DEBUG  ]  Analysing modules: custom_content, conpair, peddy, methylQA, phantompeakqualtools, qualimap, preseq, quast, qorts, rna_seqc, rsem, rseqc, busco, goleft_indexcov, disambiguate, supernova, deeptools, sargasso, verifybamid, mirtrace, happy, homer, macs2, theta2, snpeff, gatk, htseq, bcftools, featureCounts, dedup, damageprofiler, picard, prokka, samblaster, samtools, bamtools, jellyfish, vcftools, longranger, stacks, bbmap, bismark, biscuit, hicexplorer, hicup, hicpro, salmon, kallisto, slamdunk, star, hisat2, tophat, bowtie2, bowtie1, kat, leehom, adapterRemoval, clipandmerge, cutadapt, flexbar, trimmomatic, skewer, sortmerna, biobloomtools, fastq_screen, afterqc, fastp, fastqc, minionqc, clusterflow, bcl2fastq, interop, flash
[2019-11-19 07:57:23,189] multiqc                                            [DEBUG  ]  Using temporary directory for creating report: /tmp/tmp480mcn7d
[2019-11-19 07:57:23,875] multiqc                                            [DEBUG  ]  No samples found: custom_content
[2019-11-19 07:57:23,882] multiqc                                            [DEBUG  ]  No samples found: conpair
[2019-11-19 07:57:23,889] multiqc                                            [DEBUG  ]  No samples found: peddy
[2019-11-19 07:57:23,894] multiqc                                            [DEBUG  ]  No samples found: methylQA
[2019-11-19 07:57:23,898] multiqc                                            [DEBUG  ]  No samples found: phantompeakqualtools
[2019-11-19 07:57:23,904] multiqc                                            [DEBUG  ]  No samples found: qualimap
[2019-11-19 07:57:23,908] multiqc                                            [DEBUG  ]  No samples found: preseq
[2019-11-19 07:57:23,913] multiqc                                            [DEBUG  ]  No samples found: quast
[2019-11-19 07:57:23,917] multiqc                                            [DEBUG  ]  No samples found: qorts
[2019-11-19 07:57:23,921] multiqc                                            [DEBUG  ]  No samples found: rna_seqc
[2019-11-19 07:57:23,925] multiqc                                            [DEBUG  ]  No samples found: rsem
[2019-11-19 07:57:23,934] multiqc                                            [DEBUG  ]  No samples found: rseqc
[2019-11-19 07:57:23,938] multiqc                                            [DEBUG  ]  No samples found: busco
[2019-11-19 07:57:23,942] multiqc                                            [DEBUG  ]  No samples found: goleft_indexcov
[2019-11-19 07:57:23,946] multiqc                                            [DEBUG  ]  No samples found: disambiguate
[2019-11-19 07:57:23,951] multiqc                                            [DEBUG  ]  No samples found: supernova
[2019-11-19 07:57:23,959] multiqc                                            [DEBUG  ]  No samples found: deeptools
[2019-11-19 07:57:23,963] multiqc                                            [DEBUG  ]  No samples found: sargasso
[2019-11-19 07:57:23,968] multiqc                                            [DEBUG  ]  No samples found: verifybamid
[2019-11-19 07:57:23,972] multiqc                                            [DEBUG  ]  No samples found: mirtrace
[2019-11-19 07:57:23,976] multiqc                                            [DEBUG  ]  No samples found: happy
[2019-11-19 07:57:23,982] multiqc                                            [DEBUG  ]  No samples found: homer
[2019-11-19 07:57:23,986] multiqc                                            [DEBUG  ]  No samples found: macs2
[2019-11-19 07:57:23,990] multiqc                                            [DEBUG  ]  No samples found: theta2
[2019-11-19 07:57:23,994] multiqc                                            [DEBUG  ]  No samples found: snpeff
[2019-11-19 07:57:24,000] multiqc                                            [DEBUG  ]  No samples found: gatk
[2019-11-19 07:57:24,004] multiqc                                            [DEBUG  ]  No samples found: htseq
[2019-11-19 07:57:24,009] multiqc                                            [DEBUG  ]  No samples found: bcftools
[2019-11-19 07:57:24,013] multiqc                                            [DEBUG  ]  No samples found: featureCounts
[2019-11-19 07:57:24,017] multiqc                                            [DEBUG  ]  No samples found: dedup
[2019-11-19 07:57:24,021] multiqc                                            [DEBUG  ]  No samples found: damageprofiler
[2019-11-19 07:57:24,033] multiqc                                            [DEBUG  ]  No samples found: picard
[2019-11-19 07:57:24,037] multiqc                                            [DEBUG  ]  No samples found: prokka
[2019-11-19 07:57:24,041] multiqc                                            [DEBUG  ]  No samples found: samblaster
[2019-11-19 07:57:24,047] multiqc                                            [DEBUG  ]  No samples found: samtools
[2019-11-19 07:57:24,052] multiqc                                            [DEBUG  ]  No samples found: bamtools
[2019-11-19 07:57:24,056] multiqc                                            [DEBUG  ]  No samples found: jellyfish
[2019-11-19 07:57:24,062] multiqc                                            [DEBUG  ]  No samples found: vcftools
[2019-11-19 07:57:24,067] multiqc                                            [DEBUG  ]  No samples found: longranger
[2019-11-19 07:57:24,071] multiqc                                            [DEBUG  ]  No samples found: stacks
[2019-11-19 07:57:24,082] multiqc                                            [DEBUG  ]  No samples found: bbmap
[2019-11-19 07:57:24,087] multiqc                                            [DEBUG  ]  No samples found: bismark
[2019-11-19 07:57:24,092] multiqc                                            [DEBUG  ]  No samples found: biscuit
[2019-11-19 07:57:24,096] multiqc                                            [DEBUG  ]  No samples found: hicexplorer
[2019-11-19 07:57:24,102] multiqc                                            [DEBUG  ]  No samples found: hicup
[2019-11-19 07:57:24,109] multiqc                                            [DEBUG  ]  No samples found: hicpro
[2019-11-19 07:57:24,115] multiqc                                            [DEBUG  ]  No samples found: salmon
[2019-11-19 07:57:24,122] multiqc                                            [DEBUG  ]  No samples found: kallisto
[2019-11-19 07:57:24,128] multiqc                                            [DEBUG  ]  No samples found: slamdunk
[2019-11-19 07:57:24,133] multiqc                                            [DEBUG  ]  No samples found: star
[2019-11-19 07:57:24,137] multiqc                                            [DEBUG  ]  No samples found: hisat2
[2019-11-19 07:57:24,141] multiqc                                            [DEBUG  ]  No samples found: tophat
[2019-11-19 07:57:24,145] multiqc                                            [DEBUG  ]  No samples found: bowtie2
[2019-11-19 07:57:24,149] multiqc                                            [DEBUG  ]  No samples found: bowtie1
[2019-11-19 07:57:24,153] multiqc                                            [DEBUG  ]  No samples found: kat
[2019-11-19 07:57:24,157] multiqc                                            [DEBUG  ]  No samples found: leehom
[2019-11-19 07:57:24,161] multiqc                                            [DEBUG  ]  No samples found: adapterRemoval
[2019-11-19 07:57:24,165] multiqc                                            [DEBUG  ]  No samples found: clipandmerge
[2019-11-19 07:57:24,170] multiqc                                            [DEBUG  ]  No samples found: cutadapt
[2019-11-19 07:57:24,174] multiqc                                            [DEBUG  ]  No samples found: flexbar
[2019-11-19 07:57:24,178] multiqc                                            [DEBUG  ]  No samples found: trimmomatic
[2019-11-19 07:57:24,182] multiqc                                            [DEBUG  ]  No samples found: skewer
[2019-11-19 07:57:24,186] multiqc                                            [DEBUG  ]  No samples found: sortmerna
[2019-11-19 07:57:24,190] multiqc                                            [DEBUG  ]  No samples found: biobloomtools
[2019-11-19 07:57:24,195] multiqc                                            [DEBUG  ]  No samples found: fastq_screen
[2019-11-19 07:57:24,199] multiqc                                            [DEBUG  ]  No samples found: afterqc
[2019-11-19 07:57:24,203] multiqc                                            [DEBUG  ]  No samples found: fastp
[2019-11-19 07:57:24,210] multiqc.modules.fastqc.fastqc                      [INFO   ]  Found 1 reports
[2019-11-19 07:57:24,257] multiqc                                            [DEBUG  ]  No samples found: minionqc
[2019-11-19 07:57:24,261] multiqc                                            [DEBUG  ]  No samples found: clusterflow
[2019-11-19 07:57:24,265] multiqc                                            [DEBUG  ]  No samples found: bcl2fastq
[2019-11-19 07:57:24,269] multiqc                                            [DEBUG  ]  No samples found: interop
[2019-11-19 07:57:24,274] multiqc                                            [DEBUG  ]  No samples found: flash
[2019-11-19 07:57:24,276] multiqc                                            [INFO   ]  Compressing plot data
[2019-11-19 07:57:24,303] multiqc                                            [INFO   ]  Report      : ../../../../../../../data/multiqc_report.html
[2019-11-19 07:57:24,304] multiqc                                            [INFO   ]  Data        : ../../../../../../../data/multiqc_data
[2019-11-19 07:57:24,304] multiqc                                            [DEBUG  ]  Moving data file from '/tmp/tmp480mcn7d/multiqc_data/multiqc_general_stats.txt' to '/data/multiqc_data'
[2019-11-19 07:57:24,304] multiqc                                            [DEBUG  ]  Moving data file from '/tmp/tmp480mcn7d/multiqc_data/multiqc_fastqc.txt' to '/data/multiqc_data'
[2019-11-19 07:57:24,304] multiqc                                            [DEBUG  ]  Moving data file from '/tmp/tmp480mcn7d/multiqc_data/multiqc_data.json' to '/data/multiqc_data'
[2019-11-19 07:57:24,305] multiqc                                            [DEBUG  ]  Moving data file from '/tmp/tmp480mcn7d/multiqc_data/multiqc_sources.txt' to '/data/multiqc_data'
[2019-11-19 07:57:24,430] multiqc                                            [INFO   ]  MultiQC complete
