[2019-11-19 10:45:19,683] multiqc                                            [DEBUG  ]  No MultiQC config found: /usr/lib/python3.6/site-packages/multiqc-1.7-py3.6.egg/multiqc_config.yaml
[2019-11-19 10:45:19,684] multiqc                                            [DEBUG  ]  No MultiQC config found: /root/.multiqc_config.yaml
[2019-11-19 10:45:19,684] multiqc                                            [DEBUG  ]  No MultiQC config found: multiqc_config.yaml
[2019-11-19 10:45:19,684] multiqc                                            [DEBUG  ]  Command used: /usr/bin/multiqc /data/HG00121.mapped.SOLID.bfast.GBR.low_coverage.20101123_fastqc.zip -o /data
[2019-11-19 10:45:21,835] multiqc                                            [DEBUG  ]  Latest MultiQC version is v1.7
[2019-11-19 10:45:21,836] multiqc                                            [INFO   ]  This is MultiQC v1.7
[2019-11-19 10:45:21,836] multiqc                                            [DEBUG  ]  Command     : /usr/bin/multiqc /data/HG00121.mapped.SOLID.bfast.GBR.low_coverage.20101123_fastqc.zip -o /data
[2019-11-19 10:45:21,836] multiqc                                            [DEBUG  ]  Working dir : /var/lib/toil/toil-9b56b740-ccba-4b13-b998-c6aabca34938-69d14ae953f0400cbe6f0dc87a7486c9/tmp8c2vDs/4e564abc-5144-43a8-8bd1-bad1d28d405c/tea81ZF
[2019-11-19 10:45:21,836] multiqc                                            [INFO   ]  Template    : default
[2019-11-19 10:45:21,836] multiqc                                            [INFO   ]  Searching '/data/HG00121.mapped.SOLID.bfast.GBR.low_coverage.20101123_fastqc.zip'
[2019-11-19 10:45:21,836] multiqc                                            [DEBUG  ]  Analysing modules: custom_content, conpair, peddy, methylQA, phantompeakqualtools, qualimap, preseq, quast, qorts, rna_seqc, rsem, rseqc, busco, goleft_indexcov, disambiguate, supernova, deeptools, sargasso, verifybamid, mirtrace, happy, homer, macs2, theta2, snpeff, gatk, htseq, bcftools, featureCounts, dedup, damageprofiler, picard, prokka, samblaster, samtools, bamtools, jellyfish, vcftools, longranger, stacks, bbmap, bismark, biscuit, hicexplorer, hicup, hicpro, salmon, kallisto, slamdunk, star, hisat2, tophat, bowtie2, bowtie1, kat, leehom, adapterRemoval, clipandmerge, cutadapt, flexbar, trimmomatic, skewer, sortmerna, biobloomtools, fastq_screen, afterqc, fastp, fastqc, minionqc, clusterflow, bcl2fastq, interop, flash
[2019-11-19 10:45:21,837] multiqc                                            [DEBUG  ]  Using temporary directory for creating report: /tmp/tmp8gns8st0
[2019-11-19 10:45:22,562] multiqc                                            [DEBUG  ]  No samples found: custom_content
[2019-11-19 10:45:22,566] multiqc                                            [DEBUG  ]  No samples found: conpair
[2019-11-19 10:45:22,571] multiqc                                            [DEBUG  ]  No samples found: peddy
[2019-11-19 10:45:22,575] multiqc                                            [DEBUG  ]  No samples found: methylQA
[2019-11-19 10:45:22,580] multiqc                                            [DEBUG  ]  No samples found: phantompeakqualtools
[2019-11-19 10:45:22,585] multiqc                                            [DEBUG  ]  No samples found: qualimap
[2019-11-19 10:45:22,590] multiqc                                            [DEBUG  ]  No samples found: preseq
[2019-11-19 10:45:22,595] multiqc                                            [DEBUG  ]  No samples found: quast
[2019-11-19 10:45:22,600] multiqc                                            [DEBUG  ]  No samples found: qorts
[2019-11-19 10:45:22,605] multiqc                                            [DEBUG  ]  No samples found: rna_seqc
[2019-11-19 10:45:22,610] multiqc                                            [DEBUG  ]  No samples found: rsem
[2019-11-19 10:45:22,619] multiqc                                            [DEBUG  ]  No samples found: rseqc
[2019-11-19 10:45:22,624] multiqc                                            [DEBUG  ]  No samples found: busco
[2019-11-19 10:45:22,628] multiqc                                            [DEBUG  ]  No samples found: goleft_indexcov
[2019-11-19 10:45:22,633] multiqc                                            [DEBUG  ]  No samples found: disambiguate
[2019-11-19 10:45:22,638] multiqc                                            [DEBUG  ]  No samples found: supernova
[2019-11-19 10:45:22,648] multiqc                                            [DEBUG  ]  No samples found: deeptools
[2019-11-19 10:45:22,652] multiqc                                            [DEBUG  ]  No samples found: sargasso
[2019-11-19 10:45:22,657] multiqc                                            [DEBUG  ]  No samples found: verifybamid
[2019-11-19 10:45:22,661] multiqc                                            [DEBUG  ]  No samples found: mirtrace
[2019-11-19 10:45:22,665] multiqc                                            [DEBUG  ]  No samples found: happy
[2019-11-19 10:45:22,670] multiqc                                            [DEBUG  ]  No samples found: homer
[2019-11-19 10:45:22,674] multiqc                                            [DEBUG  ]  No samples found: macs2
[2019-11-19 10:45:22,679] multiqc                                            [DEBUG  ]  No samples found: theta2
[2019-11-19 10:45:22,683] multiqc                                            [DEBUG  ]  No samples found: snpeff
[2019-11-19 10:45:22,689] multiqc                                            [DEBUG  ]  No samples found: gatk
[2019-11-19 10:45:22,693] multiqc                                            [DEBUG  ]  No samples found: htseq
[2019-11-19 10:45:22,697] multiqc                                            [DEBUG  ]  No samples found: bcftools
[2019-11-19 10:45:22,701] multiqc                                            [DEBUG  ]  No samples found: featureCounts
[2019-11-19 10:45:22,706] multiqc                                            [DEBUG  ]  No samples found: dedup
[2019-11-19 10:45:22,710] multiqc                                            [DEBUG  ]  No samples found: damageprofiler
[2019-11-19 10:45:22,722] multiqc                                            [DEBUG  ]  No samples found: picard
[2019-11-19 10:45:22,727] multiqc                                            [DEBUG  ]  No samples found: prokka
[2019-11-19 10:45:22,732] multiqc                                            [DEBUG  ]  No samples found: samblaster
[2019-11-19 10:45:22,739] multiqc                                            [DEBUG  ]  No samples found: samtools
[2019-11-19 10:45:22,745] multiqc                                            [DEBUG  ]  No samples found: bamtools
[2019-11-19 10:45:22,749] multiqc                                            [DEBUG  ]  No samples found: jellyfish
[2019-11-19 10:45:22,757] multiqc                                            [DEBUG  ]  No samples found: vcftools
[2019-11-19 10:45:22,761] multiqc                                            [DEBUG  ]  No samples found: longranger
[2019-11-19 10:45:22,766] multiqc                                            [DEBUG  ]  No samples found: stacks
[2019-11-19 10:45:22,779] multiqc                                            [DEBUG  ]  No samples found: bbmap
[2019-11-19 10:45:22,783] multiqc                                            [DEBUG  ]  No samples found: bismark
[2019-11-19 10:45:22,788] multiqc                                            [DEBUG  ]  No samples found: biscuit
[2019-11-19 10:45:22,793] multiqc                                            [DEBUG  ]  No samples found: hicexplorer
[2019-11-19 10:45:22,797] multiqc                                            [DEBUG  ]  No samples found: hicup
[2019-11-19 10:45:22,801] multiqc                                            [DEBUG  ]  No samples found: hicpro
[2019-11-19 10:45:22,805] multiqc                                            [DEBUG  ]  No samples found: salmon
[2019-11-19 10:45:22,809] multiqc                                            [DEBUG  ]  No samples found: kallisto
[2019-11-19 10:45:22,814] multiqc                                            [DEBUG  ]  No samples found: slamdunk
[2019-11-19 10:45:22,818] multiqc                                            [DEBUG  ]  No samples found: star
[2019-11-19 10:45:22,822] multiqc                                            [DEBUG  ]  No samples found: hisat2
[2019-11-19 10:45:22,827] multiqc                                            [DEBUG  ]  No samples found: tophat
[2019-11-19 10:45:22,831] multiqc                                            [DEBUG  ]  No samples found: bowtie2
[2019-11-19 10:45:22,835] multiqc                                            [DEBUG  ]  No samples found: bowtie1
[2019-11-19 10:45:22,839] multiqc                                            [DEBUG  ]  No samples found: kat
[2019-11-19 10:45:22,843] multiqc                                            [DEBUG  ]  No samples found: leehom
[2019-11-19 10:45:22,847] multiqc                                            [DEBUG  ]  No samples found: adapterRemoval
[2019-11-19 10:45:22,851] multiqc                                            [DEBUG  ]  No samples found: clipandmerge
[2019-11-19 10:45:22,855] multiqc                                            [DEBUG  ]  No samples found: cutadapt
[2019-11-19 10:45:22,859] multiqc                                            [DEBUG  ]  No samples found: flexbar
[2019-11-19 10:45:22,864] multiqc                                            [DEBUG  ]  No samples found: trimmomatic
[2019-11-19 10:45:22,868] multiqc                                            [DEBUG  ]  No samples found: skewer
[2019-11-19 10:45:22,873] multiqc                                            [DEBUG  ]  No samples found: sortmerna
[2019-11-19 10:45:22,878] multiqc                                            [DEBUG  ]  No samples found: biobloomtools
[2019-11-19 10:45:22,883] multiqc                                            [DEBUG  ]  No samples found: fastq_screen
[2019-11-19 10:45:22,887] multiqc                                            [DEBUG  ]  No samples found: afterqc
[2019-11-19 10:45:22,892] multiqc                                            [DEBUG  ]  No samples found: fastp
[2019-11-19 10:45:22,900] multiqc.modules.fastqc.fastqc                      [INFO   ]  Found 1 reports
[2019-11-19 10:45:22,949] multiqc                                            [DEBUG  ]  No samples found: minionqc
[2019-11-19 10:45:22,953] multiqc                                            [DEBUG  ]  No samples found: clusterflow
[2019-11-19 10:45:22,957] multiqc                                            [DEBUG  ]  No samples found: bcl2fastq
[2019-11-19 10:45:22,961] multiqc                                            [DEBUG  ]  No samples found: interop
[2019-11-19 10:45:22,965] multiqc                                            [DEBUG  ]  No samples found: flash
[2019-11-19 10:45:22,968] multiqc                                            [INFO   ]  Compressing plot data
[2019-11-19 10:45:22,995] multiqc                                            [INFO   ]  Report      : ../../../../../../../data/multiqc_report.html
[2019-11-19 10:45:22,995] multiqc                                            [INFO   ]  Data        : ../../../../../../../data/multiqc_data
[2019-11-19 10:45:22,995] multiqc                                            [DEBUG  ]  Moving data file from '/tmp/tmp8gns8st0/multiqc_data/multiqc_general_stats.txt' to '/data/multiqc_data'
[2019-11-19 10:45:22,995] multiqc                                            [DEBUG  ]  Moving data file from '/tmp/tmp8gns8st0/multiqc_data/multiqc_fastqc.txt' to '/data/multiqc_data'
[2019-11-19 10:45:22,996] multiqc                                            [DEBUG  ]  Moving data file from '/tmp/tmp8gns8st0/multiqc_data/multiqc_data.json' to '/data/multiqc_data'
[2019-11-19 10:45:22,996] multiqc                                            [DEBUG  ]  Moving data file from '/tmp/tmp8gns8st0/multiqc_data/multiqc_sources.txt' to '/data/multiqc_data'
[2019-11-19 10:45:23,132] multiqc                                            [INFO   ]  MultiQC complete
