[2019-11-19 10:33:10,048] multiqc                                            [DEBUG  ]  No MultiQC config found: /usr/lib/python3.6/site-packages/multiqc-1.7-py3.6.egg/multiqc_config.yaml
[2019-11-19 10:33:10,048] multiqc                                            [DEBUG  ]  No MultiQC config found: /root/.multiqc_config.yaml
[2019-11-19 10:33:10,048] multiqc                                            [DEBUG  ]  No MultiQC config found: multiqc_config.yaml
[2019-11-19 10:33:10,048] multiqc                                            [DEBUG  ]  Command used: /usr/bin/multiqc /data/HG00137.unmapped.ILLUMINA.bwa.GBR.low_coverage.20101123_fastqc.zip -o /data
[2019-11-19 10:33:12,117] multiqc                                            [DEBUG  ]  Latest MultiQC version is v1.7
[2019-11-19 10:33:12,117] multiqc                                            [INFO   ]  This is MultiQC v1.7
[2019-11-19 10:33:12,117] multiqc                                            [DEBUG  ]  Command     : /usr/bin/multiqc /data/HG00137.unmapped.ILLUMINA.bwa.GBR.low_coverage.20101123_fastqc.zip -o /data
[2019-11-19 10:33:12,117] multiqc                                            [DEBUG  ]  Working dir : /var/lib/toil/toil-9b56b740-ccba-4b13-b998-c6aabca34938-69d14ae953f0400cbe6f0dc87a7486c9/tmpr2Ten3/897aa2a0-d438-402a-b3ef-9bee584accdf/twZVb9g
[2019-11-19 10:33:12,117] multiqc                                            [INFO   ]  Template    : default
[2019-11-19 10:33:12,117] multiqc                                            [INFO   ]  Searching '/data/HG00137.unmapped.ILLUMINA.bwa.GBR.low_coverage.20101123_fastqc.zip'
[2019-11-19 10:33:12,118] multiqc                                            [DEBUG  ]  Analysing modules: custom_content, conpair, peddy, methylQA, phantompeakqualtools, qualimap, preseq, quast, qorts, rna_seqc, rsem, rseqc, busco, goleft_indexcov, disambiguate, supernova, deeptools, sargasso, verifybamid, mirtrace, happy, homer, macs2, theta2, snpeff, gatk, htseq, bcftools, featureCounts, dedup, damageprofiler, picard, prokka, samblaster, samtools, bamtools, jellyfish, vcftools, longranger, stacks, bbmap, bismark, biscuit, hicexplorer, hicup, hicpro, salmon, kallisto, slamdunk, star, hisat2, tophat, bowtie2, bowtie1, kat, leehom, adapterRemoval, clipandmerge, cutadapt, flexbar, trimmomatic, skewer, sortmerna, biobloomtools, fastq_screen, afterqc, fastp, fastqc, minionqc, clusterflow, bcl2fastq, interop, flash
[2019-11-19 10:33:12,118] multiqc                                            [DEBUG  ]  Using temporary directory for creating report: /tmp/tmp5ouotdh1
[2019-11-19 10:33:12,800] multiqc                                            [DEBUG  ]  No samples found: custom_content
[2019-11-19 10:33:12,805] multiqc                                            [DEBUG  ]  No samples found: conpair
[2019-11-19 10:33:12,810] multiqc                                            [DEBUG  ]  No samples found: peddy
[2019-11-19 10:33:12,814] multiqc                                            [DEBUG  ]  No samples found: methylQA
[2019-11-19 10:33:12,817] multiqc                                            [DEBUG  ]  No samples found: phantompeakqualtools
[2019-11-19 10:33:12,823] multiqc                                            [DEBUG  ]  No samples found: qualimap
[2019-11-19 10:33:12,827] multiqc                                            [DEBUG  ]  No samples found: preseq
[2019-11-19 10:33:12,832] multiqc                                            [DEBUG  ]  No samples found: quast
[2019-11-19 10:33:12,836] multiqc                                            [DEBUG  ]  No samples found: qorts
[2019-11-19 10:33:12,841] multiqc                                            [DEBUG  ]  No samples found: rna_seqc
[2019-11-19 10:33:12,846] multiqc                                            [DEBUG  ]  No samples found: rsem
[2019-11-19 10:33:12,855] multiqc                                            [DEBUG  ]  No samples found: rseqc
[2019-11-19 10:33:12,859] multiqc                                            [DEBUG  ]  No samples found: busco
[2019-11-19 10:33:12,865] multiqc                                            [DEBUG  ]  No samples found: goleft_indexcov
[2019-11-19 10:33:12,869] multiqc                                            [DEBUG  ]  No samples found: disambiguate
[2019-11-19 10:33:12,873] multiqc                                            [DEBUG  ]  No samples found: supernova
[2019-11-19 10:33:12,882] multiqc                                            [DEBUG  ]  No samples found: deeptools
[2019-11-19 10:33:12,886] multiqc                                            [DEBUG  ]  No samples found: sargasso
[2019-11-19 10:33:12,890] multiqc                                            [DEBUG  ]  No samples found: verifybamid
[2019-11-19 10:33:12,895] multiqc                                            [DEBUG  ]  No samples found: mirtrace
[2019-11-19 10:33:12,900] multiqc                                            [DEBUG  ]  No samples found: happy
[2019-11-19 10:33:12,906] multiqc                                            [DEBUG  ]  No samples found: homer
[2019-11-19 10:33:12,910] multiqc                                            [DEBUG  ]  No samples found: macs2
[2019-11-19 10:33:12,914] multiqc                                            [DEBUG  ]  No samples found: theta2
[2019-11-19 10:33:12,918] multiqc                                            [DEBUG  ]  No samples found: snpeff
[2019-11-19 10:33:12,924] multiqc                                            [DEBUG  ]  No samples found: gatk
[2019-11-19 10:33:12,928] multiqc                                            [DEBUG  ]  No samples found: htseq
[2019-11-19 10:33:12,933] multiqc                                            [DEBUG  ]  No samples found: bcftools
[2019-11-19 10:33:12,937] multiqc                                            [DEBUG  ]  No samples found: featureCounts
[2019-11-19 10:33:12,941] multiqc                                            [DEBUG  ]  No samples found: dedup
[2019-11-19 10:33:12,946] multiqc                                            [DEBUG  ]  No samples found: damageprofiler
[2019-11-19 10:33:12,957] multiqc                                            [DEBUG  ]  No samples found: picard
[2019-11-19 10:33:12,961] multiqc                                            [DEBUG  ]  No samples found: prokka
[2019-11-19 10:33:12,965] multiqc                                            [DEBUG  ]  No samples found: samblaster
[2019-11-19 10:33:12,972] multiqc                                            [DEBUG  ]  No samples found: samtools
[2019-11-19 10:33:12,977] multiqc                                            [DEBUG  ]  No samples found: bamtools
[2019-11-19 10:33:12,981] multiqc                                            [DEBUG  ]  No samples found: jellyfish
[2019-11-19 10:33:12,988] multiqc                                            [DEBUG  ]  No samples found: vcftools
[2019-11-19 10:33:12,992] multiqc                                            [DEBUG  ]  No samples found: longranger
[2019-11-19 10:33:12,996] multiqc                                            [DEBUG  ]  No samples found: stacks
[2019-11-19 10:33:13,008] multiqc                                            [DEBUG  ]  No samples found: bbmap
[2019-11-19 10:33:13,012] multiqc                                            [DEBUG  ]  No samples found: bismark
[2019-11-19 10:33:13,017] multiqc                                            [DEBUG  ]  No samples found: biscuit
[2019-11-19 10:33:13,022] multiqc                                            [DEBUG  ]  No samples found: hicexplorer
[2019-11-19 10:33:13,026] multiqc                                            [DEBUG  ]  No samples found: hicup
[2019-11-19 10:33:13,030] multiqc                                            [DEBUG  ]  No samples found: hicpro
[2019-11-19 10:33:13,035] multiqc                                            [DEBUG  ]  No samples found: salmon
[2019-11-19 10:33:13,039] multiqc                                            [DEBUG  ]  No samples found: kallisto
[2019-11-19 10:33:13,044] multiqc                                            [DEBUG  ]  No samples found: slamdunk
[2019-11-19 10:33:13,050] multiqc                                            [DEBUG  ]  No samples found: star
[2019-11-19 10:33:13,054] multiqc                                            [DEBUG  ]  No samples found: hisat2
[2019-11-19 10:33:13,058] multiqc                                            [DEBUG  ]  No samples found: tophat
[2019-11-19 10:33:13,062] multiqc                                            [DEBUG  ]  No samples found: bowtie2
[2019-11-19 10:33:13,066] multiqc                                            [DEBUG  ]  No samples found: bowtie1
[2019-11-19 10:33:13,070] multiqc                                            [DEBUG  ]  No samples found: kat
[2019-11-19 10:33:13,075] multiqc                                            [DEBUG  ]  No samples found: leehom
[2019-11-19 10:33:13,079] multiqc                                            [DEBUG  ]  No samples found: adapterRemoval
[2019-11-19 10:33:13,083] multiqc                                            [DEBUG  ]  No samples found: clipandmerge
[2019-11-19 10:33:13,088] multiqc                                            [DEBUG  ]  No samples found: cutadapt
[2019-11-19 10:33:13,092] multiqc                                            [DEBUG  ]  No samples found: flexbar
[2019-11-19 10:33:13,096] multiqc                                            [DEBUG  ]  No samples found: trimmomatic
[2019-11-19 10:33:13,100] multiqc                                            [DEBUG  ]  No samples found: skewer
[2019-11-19 10:33:13,104] multiqc                                            [DEBUG  ]  No samples found: sortmerna
[2019-11-19 10:33:13,109] multiqc                                            [DEBUG  ]  No samples found: biobloomtools
[2019-11-19 10:33:13,112] multiqc                                            [DEBUG  ]  No samples found: fastq_screen
[2019-11-19 10:33:13,117] multiqc                                            [DEBUG  ]  No samples found: afterqc
[2019-11-19 10:33:13,122] multiqc                                            [DEBUG  ]  No samples found: fastp
[2019-11-19 10:33:13,130] multiqc.modules.fastqc.fastqc                      [INFO   ]  Found 1 reports
[2019-11-19 10:33:13,183] multiqc                                            [DEBUG  ]  No samples found: minionqc
[2019-11-19 10:33:13,188] multiqc                                            [DEBUG  ]  No samples found: clusterflow
[2019-11-19 10:33:13,193] multiqc                                            [DEBUG  ]  No samples found: bcl2fastq
[2019-11-19 10:33:13,197] multiqc                                            [DEBUG  ]  No samples found: interop
[2019-11-19 10:33:13,201] multiqc                                            [DEBUG  ]  No samples found: flash
[2019-11-19 10:33:13,203] multiqc                                            [INFO   ]  Compressing plot data
[2019-11-19 10:33:13,232] multiqc                                            [INFO   ]  Report      : ../../../../../../../data/multiqc_report.html
[2019-11-19 10:33:13,232] multiqc                                            [INFO   ]  Data        : ../../../../../../../data/multiqc_data
[2019-11-19 10:33:13,233] multiqc                                            [DEBUG  ]  Moving data file from '/tmp/tmp5ouotdh1/multiqc_data/multiqc_general_stats.txt' to '/data/multiqc_data'
[2019-11-19 10:33:13,233] multiqc                                            [DEBUG  ]  Moving data file from '/tmp/tmp5ouotdh1/multiqc_data/multiqc_fastqc.txt' to '/data/multiqc_data'
[2019-11-19 10:33:13,233] multiqc                                            [DEBUG  ]  Moving data file from '/tmp/tmp5ouotdh1/multiqc_data/multiqc_data.json' to '/data/multiqc_data'
[2019-11-19 10:33:13,234] multiqc                                            [DEBUG  ]  Moving data file from '/tmp/tmp5ouotdh1/multiqc_data/multiqc_sources.txt' to '/data/multiqc_data'
[2019-11-19 10:33:13,367] multiqc                                            [INFO   ]  MultiQC complete
