[2019-11-19 06:51:19,038] multiqc                                            [DEBUG  ]  No MultiQC config found: /usr/lib/python3.6/site-packages/multiqc-1.7-py3.6.egg/multiqc_config.yaml
[2019-11-19 06:51:19,038] multiqc                                            [DEBUG  ]  No MultiQC config found: /root/.multiqc_config.yaml
[2019-11-19 06:51:19,038] multiqc                                            [DEBUG  ]  No MultiQC config found: multiqc_config.yaml
[2019-11-19 06:51:19,038] multiqc                                            [DEBUG  ]  Command used: /usr/bin/multiqc /data/HG00103.mapped.ILLUMINA.bwa.GBR.low_coverage.20101123_fastqc.zip -o /data
[2019-11-19 06:51:20,855] multiqc                                            [DEBUG  ]  Latest MultiQC version is v1.7
[2019-11-19 06:51:20,855] multiqc                                            [INFO   ]  This is MultiQC v1.7
[2019-11-19 06:51:20,855] multiqc                                            [DEBUG  ]  Command     : /usr/bin/multiqc /data/HG00103.mapped.ILLUMINA.bwa.GBR.low_coverage.20101123_fastqc.zip -o /data
[2019-11-19 06:51:20,855] multiqc                                            [DEBUG  ]  Working dir : /var/lib/toil/toil-9b56b740-ccba-4b13-b998-c6aabca34938-69d14ae953f0400cbe6f0dc87a7486c9/tmpqLGZoT/1fd16507-8783-468d-bd79-49df3dc1fc55/tPfAbW9
[2019-11-19 06:51:20,855] multiqc                                            [INFO   ]  Template    : default
[2019-11-19 06:51:20,855] multiqc                                            [INFO   ]  Searching '/data/HG00103.mapped.ILLUMINA.bwa.GBR.low_coverage.20101123_fastqc.zip'
[2019-11-19 06:51:20,856] multiqc                                            [DEBUG  ]  Analysing modules: custom_content, conpair, peddy, methylQA, phantompeakqualtools, qualimap, preseq, quast, qorts, rna_seqc, rsem, rseqc, busco, goleft_indexcov, disambiguate, supernova, deeptools, sargasso, verifybamid, mirtrace, happy, homer, macs2, theta2, snpeff, gatk, htseq, bcftools, featureCounts, dedup, damageprofiler, picard, prokka, samblaster, samtools, bamtools, jellyfish, vcftools, longranger, stacks, bbmap, bismark, biscuit, hicexplorer, hicup, hicpro, salmon, kallisto, slamdunk, star, hisat2, tophat, bowtie2, bowtie1, kat, leehom, adapterRemoval, clipandmerge, cutadapt, flexbar, trimmomatic, skewer, sortmerna, biobloomtools, fastq_screen, afterqc, fastp, fastqc, minionqc, clusterflow, bcl2fastq, interop, flash
[2019-11-19 06:51:20,856] multiqc                                            [DEBUG  ]  Using temporary directory for creating report: /tmp/tmpbm27yckk
[2019-11-19 06:51:21,583] multiqc                                            [DEBUG  ]  No samples found: custom_content
[2019-11-19 06:51:21,587] multiqc                                            [DEBUG  ]  No samples found: conpair
[2019-11-19 06:51:21,592] multiqc                                            [DEBUG  ]  No samples found: peddy
[2019-11-19 06:51:21,596] multiqc                                            [DEBUG  ]  No samples found: methylQA
[2019-11-19 06:51:21,601] multiqc                                            [DEBUG  ]  No samples found: phantompeakqualtools
[2019-11-19 06:51:21,607] multiqc                                            [DEBUG  ]  No samples found: qualimap
[2019-11-19 06:51:21,611] multiqc                                            [DEBUG  ]  No samples found: preseq
[2019-11-19 06:51:21,616] multiqc                                            [DEBUG  ]  No samples found: quast
[2019-11-19 06:51:21,620] multiqc                                            [DEBUG  ]  No samples found: qorts
[2019-11-19 06:51:21,625] multiqc                                            [DEBUG  ]  No samples found: rna_seqc
[2019-11-19 06:51:21,629] multiqc                                            [DEBUG  ]  No samples found: rsem
[2019-11-19 06:51:21,638] multiqc                                            [DEBUG  ]  No samples found: rseqc
[2019-11-19 06:51:21,642] multiqc                                            [DEBUG  ]  No samples found: busco
[2019-11-19 06:51:21,646] multiqc                                            [DEBUG  ]  No samples found: goleft_indexcov
[2019-11-19 06:51:21,650] multiqc                                            [DEBUG  ]  No samples found: disambiguate
[2019-11-19 06:51:21,655] multiqc                                            [DEBUG  ]  No samples found: supernova
[2019-11-19 06:51:21,665] multiqc                                            [DEBUG  ]  No samples found: deeptools
[2019-11-19 06:51:21,669] multiqc                                            [DEBUG  ]  No samples found: sargasso
[2019-11-19 06:51:21,674] multiqc                                            [DEBUG  ]  No samples found: verifybamid
[2019-11-19 06:51:21,678] multiqc                                            [DEBUG  ]  No samples found: mirtrace
[2019-11-19 06:51:21,682] multiqc                                            [DEBUG  ]  No samples found: happy
[2019-11-19 06:51:21,688] multiqc                                            [DEBUG  ]  No samples found: homer
[2019-11-19 06:51:21,692] multiqc                                            [DEBUG  ]  No samples found: macs2
[2019-11-19 06:51:21,696] multiqc                                            [DEBUG  ]  No samples found: theta2
[2019-11-19 06:51:21,702] multiqc                                            [DEBUG  ]  No samples found: snpeff
[2019-11-19 06:51:21,708] multiqc                                            [DEBUG  ]  No samples found: gatk
[2019-11-19 06:51:21,712] multiqc                                            [DEBUG  ]  No samples found: htseq
[2019-11-19 06:51:21,717] multiqc                                            [DEBUG  ]  No samples found: bcftools
[2019-11-19 06:51:21,721] multiqc                                            [DEBUG  ]  No samples found: featureCounts
[2019-11-19 06:51:21,726] multiqc                                            [DEBUG  ]  No samples found: dedup
[2019-11-19 06:51:21,730] multiqc                                            [DEBUG  ]  No samples found: damageprofiler
[2019-11-19 06:51:21,742] multiqc                                            [DEBUG  ]  No samples found: picard
[2019-11-19 06:51:21,747] multiqc                                            [DEBUG  ]  No samples found: prokka
[2019-11-19 06:51:21,751] multiqc                                            [DEBUG  ]  No samples found: samblaster
[2019-11-19 06:51:21,758] multiqc                                            [DEBUG  ]  No samples found: samtools
[2019-11-19 06:51:21,762] multiqc                                            [DEBUG  ]  No samples found: bamtools
[2019-11-19 06:51:21,767] multiqc                                            [DEBUG  ]  No samples found: jellyfish
[2019-11-19 06:51:21,774] multiqc                                            [DEBUG  ]  No samples found: vcftools
[2019-11-19 06:51:21,779] multiqc                                            [DEBUG  ]  No samples found: longranger
[2019-11-19 06:51:21,783] multiqc                                            [DEBUG  ]  No samples found: stacks
[2019-11-19 06:51:21,794] multiqc                                            [DEBUG  ]  No samples found: bbmap
[2019-11-19 06:51:21,799] multiqc                                            [DEBUG  ]  No samples found: bismark
[2019-11-19 06:51:21,804] multiqc                                            [DEBUG  ]  No samples found: biscuit
[2019-11-19 06:51:21,808] multiqc                                            [DEBUG  ]  No samples found: hicexplorer
[2019-11-19 06:51:21,812] multiqc                                            [DEBUG  ]  No samples found: hicup
[2019-11-19 06:51:21,817] multiqc                                            [DEBUG  ]  No samples found: hicpro
[2019-11-19 06:51:21,821] multiqc                                            [DEBUG  ]  No samples found: salmon
[2019-11-19 06:51:21,825] multiqc                                            [DEBUG  ]  No samples found: kallisto
[2019-11-19 06:51:21,830] multiqc                                            [DEBUG  ]  No samples found: slamdunk
[2019-11-19 06:51:21,835] multiqc                                            [DEBUG  ]  No samples found: star
[2019-11-19 06:51:21,839] multiqc                                            [DEBUG  ]  No samples found: hisat2
[2019-11-19 06:51:21,843] multiqc                                            [DEBUG  ]  No samples found: tophat
[2019-11-19 06:51:21,848] multiqc                                            [DEBUG  ]  No samples found: bowtie2
[2019-11-19 06:51:21,852] multiqc                                            [DEBUG  ]  No samples found: bowtie1
[2019-11-19 06:51:21,856] multiqc                                            [DEBUG  ]  No samples found: kat
[2019-11-19 06:51:21,860] multiqc                                            [DEBUG  ]  No samples found: leehom
[2019-11-19 06:51:21,864] multiqc                                            [DEBUG  ]  No samples found: adapterRemoval
[2019-11-19 06:51:21,868] multiqc                                            [DEBUG  ]  No samples found: clipandmerge
[2019-11-19 06:51:21,872] multiqc                                            [DEBUG  ]  No samples found: cutadapt
[2019-11-19 06:51:21,877] multiqc                                            [DEBUG  ]  No samples found: flexbar
[2019-11-19 06:51:21,881] multiqc                                            [DEBUG  ]  No samples found: trimmomatic
[2019-11-19 06:51:21,885] multiqc                                            [DEBUG  ]  No samples found: skewer
[2019-11-19 06:51:21,891] multiqc                                            [DEBUG  ]  No samples found: sortmerna
[2019-11-19 06:51:21,895] multiqc                                            [DEBUG  ]  No samples found: biobloomtools
[2019-11-19 06:51:21,900] multiqc                                            [DEBUG  ]  No samples found: fastq_screen
[2019-11-19 06:51:21,906] multiqc                                            [DEBUG  ]  No samples found: afterqc
[2019-11-19 06:51:21,911] multiqc                                            [DEBUG  ]  No samples found: fastp
[2019-11-19 06:51:21,919] multiqc.modules.fastqc.fastqc                      [INFO   ]  Found 1 reports
[2019-11-19 06:51:21,970] multiqc                                            [DEBUG  ]  No samples found: minionqc
[2019-11-19 06:51:21,974] multiqc                                            [DEBUG  ]  No samples found: clusterflow
[2019-11-19 06:51:21,978] multiqc                                            [DEBUG  ]  No samples found: bcl2fastq
[2019-11-19 06:51:21,982] multiqc                                            [DEBUG  ]  No samples found: interop
[2019-11-19 06:51:21,988] multiqc                                            [DEBUG  ]  No samples found: flash
[2019-11-19 06:51:21,990] multiqc                                            [INFO   ]  Compressing plot data
[2019-11-19 06:51:22,020] multiqc                                            [INFO   ]  Report      : ../../../../../../../data/multiqc_report.html
[2019-11-19 06:51:22,020] multiqc                                            [INFO   ]  Data        : ../../../../../../../data/multiqc_data
[2019-11-19 06:51:22,021] multiqc                                            [DEBUG  ]  Moving data file from '/tmp/tmpbm27yckk/multiqc_data/multiqc_general_stats.txt' to '/data/multiqc_data'
[2019-11-19 06:51:22,021] multiqc                                            [DEBUG  ]  Moving data file from '/tmp/tmpbm27yckk/multiqc_data/multiqc_fastqc.txt' to '/data/multiqc_data'
[2019-11-19 06:51:22,021] multiqc                                            [DEBUG  ]  Moving data file from '/tmp/tmpbm27yckk/multiqc_data/multiqc_data.json' to '/data/multiqc_data'
[2019-11-19 06:51:22,022] multiqc                                            [DEBUG  ]  Moving data file from '/tmp/tmpbm27yckk/multiqc_data/multiqc_sources.txt' to '/data/multiqc_data'
[2019-11-19 06:51:22,157] multiqc                                            [INFO   ]  MultiQC complete
