[2019-11-19 07:32:19,678] multiqc                                            [DEBUG  ]  No MultiQC config found: /usr/lib/python3.6/site-packages/multiqc-1.7-py3.6.egg/multiqc_config.yaml
[2019-11-19 07:32:19,678] multiqc                                            [DEBUG  ]  No MultiQC config found: /root/.multiqc_config.yaml
[2019-11-19 07:32:19,678] multiqc                                            [DEBUG  ]  No MultiQC config found: multiqc_config.yaml
[2019-11-19 07:32:19,678] multiqc                                            [DEBUG  ]  Command used: /usr/bin/multiqc /data/HG00116.unmapped.ILLUMINA.bwa.GBR.low_coverage.20101123_fastqc.zip -o /data
[2019-11-19 07:32:21,410] multiqc                                            [DEBUG  ]  Latest MultiQC version is v1.7
[2019-11-19 07:32:21,410] multiqc                                            [INFO   ]  This is MultiQC v1.7
[2019-11-19 07:32:21,410] multiqc                                            [DEBUG  ]  Command     : /usr/bin/multiqc /data/HG00116.unmapped.ILLUMINA.bwa.GBR.low_coverage.20101123_fastqc.zip -o /data
[2019-11-19 07:32:21,410] multiqc                                            [DEBUG  ]  Working dir : /var/lib/toil/toil-9b56b740-ccba-4b13-b998-c6aabca34938-69d14ae953f0400cbe6f0dc87a7486c9/tmpqf9742/65258772-8245-4344-8491-2a81b846cd54/tDQZH8H
[2019-11-19 07:32:21,410] multiqc                                            [INFO   ]  Template    : default
[2019-11-19 07:32:21,410] multiqc                                            [INFO   ]  Searching '/data/HG00116.unmapped.ILLUMINA.bwa.GBR.low_coverage.20101123_fastqc.zip'
[2019-11-19 07:32:21,411] multiqc                                            [DEBUG  ]  Analysing modules: custom_content, conpair, peddy, methylQA, phantompeakqualtools, qualimap, preseq, quast, qorts, rna_seqc, rsem, rseqc, busco, goleft_indexcov, disambiguate, supernova, deeptools, sargasso, verifybamid, mirtrace, happy, homer, macs2, theta2, snpeff, gatk, htseq, bcftools, featureCounts, dedup, damageprofiler, picard, prokka, samblaster, samtools, bamtools, jellyfish, vcftools, longranger, stacks, bbmap, bismark, biscuit, hicexplorer, hicup, hicpro, salmon, kallisto, slamdunk, star, hisat2, tophat, bowtie2, bowtie1, kat, leehom, adapterRemoval, clipandmerge, cutadapt, flexbar, trimmomatic, skewer, sortmerna, biobloomtools, fastq_screen, afterqc, fastp, fastqc, minionqc, clusterflow, bcl2fastq, interop, flash
[2019-11-19 07:32:21,411] multiqc                                            [DEBUG  ]  Using temporary directory for creating report: /tmp/tmpjzrfv263
[2019-11-19 07:32:22,166] multiqc                                            [DEBUG  ]  No samples found: custom_content
[2019-11-19 07:32:22,169] multiqc                                            [DEBUG  ]  No samples found: conpair
[2019-11-19 07:32:22,173] multiqc                                            [DEBUG  ]  No samples found: peddy
[2019-11-19 07:32:22,177] multiqc                                            [DEBUG  ]  No samples found: methylQA
[2019-11-19 07:32:22,181] multiqc                                            [DEBUG  ]  No samples found: phantompeakqualtools
[2019-11-19 07:32:22,186] multiqc                                            [DEBUG  ]  No samples found: qualimap
[2019-11-19 07:32:22,190] multiqc                                            [DEBUG  ]  No samples found: preseq
[2019-11-19 07:32:22,194] multiqc                                            [DEBUG  ]  No samples found: quast
[2019-11-19 07:32:22,198] multiqc                                            [DEBUG  ]  No samples found: qorts
[2019-11-19 07:32:22,201] multiqc                                            [DEBUG  ]  No samples found: rna_seqc
[2019-11-19 07:32:22,205] multiqc                                            [DEBUG  ]  No samples found: rsem
[2019-11-19 07:32:22,213] multiqc                                            [DEBUG  ]  No samples found: rseqc
[2019-11-19 07:32:22,217] multiqc                                            [DEBUG  ]  No samples found: busco
[2019-11-19 07:32:22,221] multiqc                                            [DEBUG  ]  No samples found: goleft_indexcov
[2019-11-19 07:32:22,225] multiqc                                            [DEBUG  ]  No samples found: disambiguate
[2019-11-19 07:32:22,229] multiqc                                            [DEBUG  ]  No samples found: supernova
[2019-11-19 07:32:22,239] multiqc                                            [DEBUG  ]  No samples found: deeptools
[2019-11-19 07:32:22,242] multiqc                                            [DEBUG  ]  No samples found: sargasso
[2019-11-19 07:32:22,246] multiqc                                            [DEBUG  ]  No samples found: verifybamid
[2019-11-19 07:32:22,250] multiqc                                            [DEBUG  ]  No samples found: mirtrace
[2019-11-19 07:32:22,254] multiqc                                            [DEBUG  ]  No samples found: happy
[2019-11-19 07:32:22,261] multiqc                                            [DEBUG  ]  No samples found: homer
[2019-11-19 07:32:22,266] multiqc                                            [DEBUG  ]  No samples found: macs2
[2019-11-19 07:32:22,271] multiqc                                            [DEBUG  ]  No samples found: theta2
[2019-11-19 07:32:22,275] multiqc                                            [DEBUG  ]  No samples found: snpeff
[2019-11-19 07:32:22,281] multiqc                                            [DEBUG  ]  No samples found: gatk
[2019-11-19 07:32:22,285] multiqc                                            [DEBUG  ]  No samples found: htseq
[2019-11-19 07:32:22,289] multiqc                                            [DEBUG  ]  No samples found: bcftools
[2019-11-19 07:32:22,293] multiqc                                            [DEBUG  ]  No samples found: featureCounts
[2019-11-19 07:32:22,297] multiqc                                            [DEBUG  ]  No samples found: dedup
[2019-11-19 07:32:22,301] multiqc                                            [DEBUG  ]  No samples found: damageprofiler
[2019-11-19 07:32:22,315] multiqc                                            [DEBUG  ]  No samples found: picard
[2019-11-19 07:32:22,321] multiqc                                            [DEBUG  ]  No samples found: prokka
[2019-11-19 07:32:22,324] multiqc                                            [DEBUG  ]  No samples found: samblaster
[2019-11-19 07:32:22,330] multiqc                                            [DEBUG  ]  No samples found: samtools
[2019-11-19 07:32:22,334] multiqc                                            [DEBUG  ]  No samples found: bamtools
[2019-11-19 07:32:22,338] multiqc                                            [DEBUG  ]  No samples found: jellyfish
[2019-11-19 07:32:22,348] multiqc                                            [DEBUG  ]  No samples found: vcftools
[2019-11-19 07:32:22,352] multiqc                                            [DEBUG  ]  No samples found: longranger
[2019-11-19 07:32:22,356] multiqc                                            [DEBUG  ]  No samples found: stacks
[2019-11-19 07:32:22,366] multiqc                                            [DEBUG  ]  No samples found: bbmap
[2019-11-19 07:32:22,370] multiqc                                            [DEBUG  ]  No samples found: bismark
[2019-11-19 07:32:22,375] multiqc                                            [DEBUG  ]  No samples found: biscuit
[2019-11-19 07:32:22,379] multiqc                                            [DEBUG  ]  No samples found: hicexplorer
[2019-11-19 07:32:22,383] multiqc                                            [DEBUG  ]  No samples found: hicup
[2019-11-19 07:32:22,386] multiqc                                            [DEBUG  ]  No samples found: hicpro
[2019-11-19 07:32:22,390] multiqc                                            [DEBUG  ]  No samples found: salmon
[2019-11-19 07:32:22,395] multiqc                                            [DEBUG  ]  No samples found: kallisto
[2019-11-19 07:32:22,399] multiqc                                            [DEBUG  ]  No samples found: slamdunk
[2019-11-19 07:32:22,405] multiqc                                            [DEBUG  ]  No samples found: star
[2019-11-19 07:32:22,410] multiqc                                            [DEBUG  ]  No samples found: hisat2
[2019-11-19 07:32:22,413] multiqc                                            [DEBUG  ]  No samples found: tophat
[2019-11-19 07:32:22,417] multiqc                                            [DEBUG  ]  No samples found: bowtie2
[2019-11-19 07:32:22,421] multiqc                                            [DEBUG  ]  No samples found: bowtie1
[2019-11-19 07:32:22,425] multiqc                                            [DEBUG  ]  No samples found: kat
[2019-11-19 07:32:22,428] multiqc                                            [DEBUG  ]  No samples found: leehom
[2019-11-19 07:32:22,433] multiqc                                            [DEBUG  ]  No samples found: adapterRemoval
[2019-11-19 07:32:22,436] multiqc                                            [DEBUG  ]  No samples found: clipandmerge
[2019-11-19 07:32:22,440] multiqc                                            [DEBUG  ]  No samples found: cutadapt
[2019-11-19 07:32:22,443] multiqc                                            [DEBUG  ]  No samples found: flexbar
[2019-11-19 07:32:22,447] multiqc                                            [DEBUG  ]  No samples found: trimmomatic
[2019-11-19 07:32:22,451] multiqc                                            [DEBUG  ]  No samples found: skewer
[2019-11-19 07:32:22,454] multiqc                                            [DEBUG  ]  No samples found: sortmerna
[2019-11-19 07:32:22,458] multiqc                                            [DEBUG  ]  No samples found: biobloomtools
[2019-11-19 07:32:22,461] multiqc                                            [DEBUG  ]  No samples found: fastq_screen
[2019-11-19 07:32:22,465] multiqc                                            [DEBUG  ]  No samples found: afterqc
[2019-11-19 07:32:22,469] multiqc                                            [DEBUG  ]  No samples found: fastp
[2019-11-19 07:32:22,476] multiqc.modules.fastqc.fastqc                      [INFO   ]  Found 1 reports
[2019-11-19 07:32:22,544] multiqc                                            [DEBUG  ]  No samples found: minionqc
[2019-11-19 07:32:22,548] multiqc                                            [DEBUG  ]  No samples found: clusterflow
[2019-11-19 07:32:22,552] multiqc                                            [DEBUG  ]  No samples found: bcl2fastq
[2019-11-19 07:32:22,556] multiqc                                            [DEBUG  ]  No samples found: interop
[2019-11-19 07:32:22,561] multiqc                                            [DEBUG  ]  No samples found: flash
[2019-11-19 07:32:22,563] multiqc                                            [INFO   ]  Compressing plot data
[2019-11-19 07:32:22,597] multiqc                                            [INFO   ]  Report      : ../../../../../../../data/multiqc_report.html
[2019-11-19 07:32:22,597] multiqc                                            [INFO   ]  Data        : ../../../../../../../data/multiqc_data
[2019-11-19 07:32:22,597] multiqc                                            [DEBUG  ]  Moving data file from '/tmp/tmpjzrfv263/multiqc_data/multiqc_general_stats.txt' to '/data/multiqc_data'
[2019-11-19 07:32:22,597] multiqc                                            [DEBUG  ]  Moving data file from '/tmp/tmpjzrfv263/multiqc_data/multiqc_fastqc.txt' to '/data/multiqc_data'
[2019-11-19 07:32:22,598] multiqc                                            [DEBUG  ]  Moving data file from '/tmp/tmpjzrfv263/multiqc_data/multiqc_data.json' to '/data/multiqc_data'
[2019-11-19 07:32:22,598] multiqc                                            [DEBUG  ]  Moving data file from '/tmp/tmpjzrfv263/multiqc_data/multiqc_sources.txt' to '/data/multiqc_data'
[2019-11-19 07:32:22,732] multiqc                                            [INFO   ]  MultiQC complete
