[2019-11-19 10:48:17,699] multiqc                                            [DEBUG  ]  No MultiQC config found: /usr/lib/python3.6/site-packages/multiqc-1.7-py3.6.egg/multiqc_config.yaml
[2019-11-19 10:48:17,699] multiqc                                            [DEBUG  ]  No MultiQC config found: /root/.multiqc_config.yaml
[2019-11-19 10:48:17,699] multiqc                                            [DEBUG  ]  No MultiQC config found: multiqc_config.yaml
[2019-11-19 10:48:17,699] multiqc                                            [DEBUG  ]  Command used: /usr/bin/multiqc /data/HG00138.unmapped.ILLUMINA.bwa.GBR.low_coverage.20101123_fastqc.zip -o /data
[2019-11-19 10:48:19,416] multiqc                                            [DEBUG  ]  Latest MultiQC version is v1.7
[2019-11-19 10:48:19,417] multiqc                                            [INFO   ]  This is MultiQC v1.7
[2019-11-19 10:48:19,417] multiqc                                            [DEBUG  ]  Command     : /usr/bin/multiqc /data/HG00138.unmapped.ILLUMINA.bwa.GBR.low_coverage.20101123_fastqc.zip -o /data
[2019-11-19 10:48:19,417] multiqc                                            [DEBUG  ]  Working dir : /var/lib/toil/toil-9b56b740-ccba-4b13-b998-c6aabca34938-69d14ae953f0400cbe6f0dc87a7486c9/tmpoNgN_P/3671c6a8-2862-4917-8d8d-addb4308f513/tnZYN09
[2019-11-19 10:48:19,417] multiqc                                            [INFO   ]  Template    : default
[2019-11-19 10:48:19,417] multiqc                                            [INFO   ]  Searching '/data/HG00138.unmapped.ILLUMINA.bwa.GBR.low_coverage.20101123_fastqc.zip'
[2019-11-19 10:48:19,417] multiqc                                            [DEBUG  ]  Analysing modules: custom_content, conpair, peddy, methylQA, phantompeakqualtools, qualimap, preseq, quast, qorts, rna_seqc, rsem, rseqc, busco, goleft_indexcov, disambiguate, supernova, deeptools, sargasso, verifybamid, mirtrace, happy, homer, macs2, theta2, snpeff, gatk, htseq, bcftools, featureCounts, dedup, damageprofiler, picard, prokka, samblaster, samtools, bamtools, jellyfish, vcftools, longranger, stacks, bbmap, bismark, biscuit, hicexplorer, hicup, hicpro, salmon, kallisto, slamdunk, star, hisat2, tophat, bowtie2, bowtie1, kat, leehom, adapterRemoval, clipandmerge, cutadapt, flexbar, trimmomatic, skewer, sortmerna, biobloomtools, fastq_screen, afterqc, fastp, fastqc, minionqc, clusterflow, bcl2fastq, interop, flash
[2019-11-19 10:48:19,417] multiqc                                            [DEBUG  ]  Using temporary directory for creating report: /tmp/tmpwpd2m2if
[2019-11-19 10:48:20,195] multiqc                                            [DEBUG  ]  No samples found: custom_content
[2019-11-19 10:48:20,202] multiqc                                            [DEBUG  ]  No samples found: conpair
[2019-11-19 10:48:20,209] multiqc                                            [DEBUG  ]  No samples found: peddy
[2019-11-19 10:48:20,216] multiqc                                            [DEBUG  ]  No samples found: methylQA
[2019-11-19 10:48:20,223] multiqc                                            [DEBUG  ]  No samples found: phantompeakqualtools
[2019-11-19 10:48:20,232] multiqc                                            [DEBUG  ]  No samples found: qualimap
[2019-11-19 10:48:20,239] multiqc                                            [DEBUG  ]  No samples found: preseq
[2019-11-19 10:48:20,246] multiqc                                            [DEBUG  ]  No samples found: quast
[2019-11-19 10:48:20,253] multiqc                                            [DEBUG  ]  No samples found: qorts
[2019-11-19 10:48:20,258] multiqc                                            [DEBUG  ]  No samples found: rna_seqc
[2019-11-19 10:48:20,262] multiqc                                            [DEBUG  ]  No samples found: rsem
[2019-11-19 10:48:20,270] multiqc                                            [DEBUG  ]  No samples found: rseqc
[2019-11-19 10:48:20,274] multiqc                                            [DEBUG  ]  No samples found: busco
[2019-11-19 10:48:20,278] multiqc                                            [DEBUG  ]  No samples found: goleft_indexcov
[2019-11-19 10:48:20,283] multiqc                                            [DEBUG  ]  No samples found: disambiguate
[2019-11-19 10:48:20,289] multiqc                                            [DEBUG  ]  No samples found: supernova
[2019-11-19 10:48:20,298] multiqc                                            [DEBUG  ]  No samples found: deeptools
[2019-11-19 10:48:20,303] multiqc                                            [DEBUG  ]  No samples found: sargasso
[2019-11-19 10:48:20,308] multiqc                                            [DEBUG  ]  No samples found: verifybamid
[2019-11-19 10:48:20,316] multiqc                                            [DEBUG  ]  No samples found: mirtrace
[2019-11-19 10:48:20,323] multiqc                                            [DEBUG  ]  No samples found: happy
[2019-11-19 10:48:20,331] multiqc                                            [DEBUG  ]  No samples found: homer
[2019-11-19 10:48:20,337] multiqc                                            [DEBUG  ]  No samples found: macs2
[2019-11-19 10:48:20,342] multiqc                                            [DEBUG  ]  No samples found: theta2
[2019-11-19 10:48:20,346] multiqc                                            [DEBUG  ]  No samples found: snpeff
[2019-11-19 10:48:20,352] multiqc                                            [DEBUG  ]  No samples found: gatk
[2019-11-19 10:48:20,356] multiqc                                            [DEBUG  ]  No samples found: htseq
[2019-11-19 10:48:20,361] multiqc                                            [DEBUG  ]  No samples found: bcftools
[2019-11-19 10:48:20,365] multiqc                                            [DEBUG  ]  No samples found: featureCounts
[2019-11-19 10:48:20,370] multiqc                                            [DEBUG  ]  No samples found: dedup
[2019-11-19 10:48:20,374] multiqc                                            [DEBUG  ]  No samples found: damageprofiler
[2019-11-19 10:48:20,386] multiqc                                            [DEBUG  ]  No samples found: picard
[2019-11-19 10:48:20,391] multiqc                                            [DEBUG  ]  No samples found: prokka
[2019-11-19 10:48:20,395] multiqc                                            [DEBUG  ]  No samples found: samblaster
[2019-11-19 10:48:20,401] multiqc                                            [DEBUG  ]  No samples found: samtools
[2019-11-19 10:48:20,406] multiqc                                            [DEBUG  ]  No samples found: bamtools
[2019-11-19 10:48:20,410] multiqc                                            [DEBUG  ]  No samples found: jellyfish
[2019-11-19 10:48:20,416] multiqc                                            [DEBUG  ]  No samples found: vcftools
[2019-11-19 10:48:20,421] multiqc                                            [DEBUG  ]  No samples found: longranger
[2019-11-19 10:48:20,425] multiqc                                            [DEBUG  ]  No samples found: stacks
[2019-11-19 10:48:20,435] multiqc                                            [DEBUG  ]  No samples found: bbmap
[2019-11-19 10:48:20,441] multiqc                                            [DEBUG  ]  No samples found: bismark
[2019-11-19 10:48:20,446] multiqc                                            [DEBUG  ]  No samples found: biscuit
[2019-11-19 10:48:20,451] multiqc                                            [DEBUG  ]  No samples found: hicexplorer
[2019-11-19 10:48:20,455] multiqc                                            [DEBUG  ]  No samples found: hicup
[2019-11-19 10:48:20,460] multiqc                                            [DEBUG  ]  No samples found: hicpro
[2019-11-19 10:48:20,465] multiqc                                            [DEBUG  ]  No samples found: salmon
[2019-11-19 10:48:20,469] multiqc                                            [DEBUG  ]  No samples found: kallisto
[2019-11-19 10:48:20,473] multiqc                                            [DEBUG  ]  No samples found: slamdunk
[2019-11-19 10:48:20,478] multiqc                                            [DEBUG  ]  No samples found: star
[2019-11-19 10:48:20,482] multiqc                                            [DEBUG  ]  No samples found: hisat2
[2019-11-19 10:48:20,486] multiqc                                            [DEBUG  ]  No samples found: tophat
[2019-11-19 10:48:20,490] multiqc                                            [DEBUG  ]  No samples found: bowtie2
[2019-11-19 10:48:20,494] multiqc                                            [DEBUG  ]  No samples found: bowtie1
[2019-11-19 10:48:20,498] multiqc                                            [DEBUG  ]  No samples found: kat
[2019-11-19 10:48:20,502] multiqc                                            [DEBUG  ]  No samples found: leehom
[2019-11-19 10:48:20,507] multiqc                                            [DEBUG  ]  No samples found: adapterRemoval
[2019-11-19 10:48:20,511] multiqc                                            [DEBUG  ]  No samples found: clipandmerge
[2019-11-19 10:48:20,515] multiqc                                            [DEBUG  ]  No samples found: cutadapt
[2019-11-19 10:48:20,519] multiqc                                            [DEBUG  ]  No samples found: flexbar
[2019-11-19 10:48:20,523] multiqc                                            [DEBUG  ]  No samples found: trimmomatic
[2019-11-19 10:48:20,527] multiqc                                            [DEBUG  ]  No samples found: skewer
[2019-11-19 10:48:20,532] multiqc                                            [DEBUG  ]  No samples found: sortmerna
[2019-11-19 10:48:20,535] multiqc                                            [DEBUG  ]  No samples found: biobloomtools
[2019-11-19 10:48:20,540] multiqc                                            [DEBUG  ]  No samples found: fastq_screen
[2019-11-19 10:48:20,544] multiqc                                            [DEBUG  ]  No samples found: afterqc
[2019-11-19 10:48:20,548] multiqc                                            [DEBUG  ]  No samples found: fastp
[2019-11-19 10:48:20,556] multiqc.modules.fastqc.fastqc                      [INFO   ]  Found 1 reports
[2019-11-19 10:48:20,610] multiqc                                            [DEBUG  ]  No samples found: minionqc
[2019-11-19 10:48:20,614] multiqc                                            [DEBUG  ]  No samples found: clusterflow
[2019-11-19 10:48:20,618] multiqc                                            [DEBUG  ]  No samples found: bcl2fastq
[2019-11-19 10:48:20,623] multiqc                                            [DEBUG  ]  No samples found: interop
[2019-11-19 10:48:20,627] multiqc                                            [DEBUG  ]  No samples found: flash
[2019-11-19 10:48:20,630] multiqc                                            [INFO   ]  Compressing plot data
[2019-11-19 10:48:20,665] multiqc                                            [INFO   ]  Report      : ../../../../../../../data/multiqc_report.html
[2019-11-19 10:48:20,665] multiqc                                            [INFO   ]  Data        : ../../../../../../../data/multiqc_data
[2019-11-19 10:48:20,665] multiqc                                            [DEBUG  ]  Moving data file from '/tmp/tmpwpd2m2if/multiqc_data/multiqc_general_stats.txt' to '/data/multiqc_data'
[2019-11-19 10:48:20,665] multiqc                                            [DEBUG  ]  Moving data file from '/tmp/tmpwpd2m2if/multiqc_data/multiqc_fastqc.txt' to '/data/multiqc_data'
[2019-11-19 10:48:20,666] multiqc                                            [DEBUG  ]  Moving data file from '/tmp/tmpwpd2m2if/multiqc_data/multiqc_data.json' to '/data/multiqc_data'
[2019-11-19 10:48:20,666] multiqc                                            [DEBUG  ]  Moving data file from '/tmp/tmpwpd2m2if/multiqc_data/multiqc_sources.txt' to '/data/multiqc_data'
[2019-11-19 10:48:20,801] multiqc                                            [INFO   ]  MultiQC complete
