[2019-11-19 12:36:47,569] multiqc                                            [DEBUG  ]  No MultiQC config found: /usr/lib/python3.6/site-packages/multiqc-1.7-py3.6.egg/multiqc_config.yaml
[2019-11-19 12:36:47,570] multiqc                                            [DEBUG  ]  No MultiQC config found: /root/.multiqc_config.yaml
[2019-11-19 12:36:47,570] multiqc                                            [DEBUG  ]  No MultiQC config found: multiqc_config.yaml
[2019-11-19 12:36:47,570] multiqc                                            [DEBUG  ]  Command used: /usr/bin/multiqc /data/HG00174.unmapped.ILLUMINA.bwa.FIN.low_coverage.20101123_fastqc.zip -o /data
[2019-11-19 12:36:49,316] multiqc                                            [DEBUG  ]  Latest MultiQC version is v1.7
[2019-11-19 12:36:49,316] multiqc                                            [INFO   ]  This is MultiQC v1.7
[2019-11-19 12:36:49,316] multiqc                                            [DEBUG  ]  Command     : /usr/bin/multiqc /data/HG00174.unmapped.ILLUMINA.bwa.FIN.low_coverage.20101123_fastqc.zip -o /data
[2019-11-19 12:36:49,316] multiqc                                            [DEBUG  ]  Working dir : /var/lib/toil/toil-9b56b740-ccba-4b13-b998-c6aabca34938-69d14ae953f0400cbe6f0dc87a7486c9/tmpK8YmL6/6e194a66-b124-4677-b611-e5377eee64d3/t1WfCQm
[2019-11-19 12:36:49,316] multiqc                                            [INFO   ]  Template    : default
[2019-11-19 12:36:49,316] multiqc                                            [INFO   ]  Searching '/data/HG00174.unmapped.ILLUMINA.bwa.FIN.low_coverage.20101123_fastqc.zip'
[2019-11-19 12:36:49,317] multiqc                                            [DEBUG  ]  Analysing modules: custom_content, conpair, peddy, methylQA, phantompeakqualtools, qualimap, preseq, quast, qorts, rna_seqc, rsem, rseqc, busco, goleft_indexcov, disambiguate, supernova, deeptools, sargasso, verifybamid, mirtrace, happy, homer, macs2, theta2, snpeff, gatk, htseq, bcftools, featureCounts, dedup, damageprofiler, picard, prokka, samblaster, samtools, bamtools, jellyfish, vcftools, longranger, stacks, bbmap, bismark, biscuit, hicexplorer, hicup, hicpro, salmon, kallisto, slamdunk, star, hisat2, tophat, bowtie2, bowtie1, kat, leehom, adapterRemoval, clipandmerge, cutadapt, flexbar, trimmomatic, skewer, sortmerna, biobloomtools, fastq_screen, afterqc, fastp, fastqc, minionqc, clusterflow, bcl2fastq, interop, flash
[2019-11-19 12:36:49,317] multiqc                                            [DEBUG  ]  Using temporary directory for creating report: /tmp/tmpypywjrxm
[2019-11-19 12:36:49,988] multiqc                                            [DEBUG  ]  No samples found: custom_content
[2019-11-19 12:36:49,992] multiqc                                            [DEBUG  ]  No samples found: conpair
[2019-11-19 12:36:49,997] multiqc                                            [DEBUG  ]  No samples found: peddy
[2019-11-19 12:36:50,001] multiqc                                            [DEBUG  ]  No samples found: methylQA
[2019-11-19 12:36:50,005] multiqc                                            [DEBUG  ]  No samples found: phantompeakqualtools
[2019-11-19 12:36:50,011] multiqc                                            [DEBUG  ]  No samples found: qualimap
[2019-11-19 12:36:50,016] multiqc                                            [DEBUG  ]  No samples found: preseq
[2019-11-19 12:36:50,020] multiqc                                            [DEBUG  ]  No samples found: quast
[2019-11-19 12:36:50,025] multiqc                                            [DEBUG  ]  No samples found: qorts
[2019-11-19 12:36:50,029] multiqc                                            [DEBUG  ]  No samples found: rna_seqc
[2019-11-19 12:36:50,033] multiqc                                            [DEBUG  ]  No samples found: rsem
[2019-11-19 12:36:50,042] multiqc                                            [DEBUG  ]  No samples found: rseqc
[2019-11-19 12:36:50,046] multiqc                                            [DEBUG  ]  No samples found: busco
[2019-11-19 12:36:50,050] multiqc                                            [DEBUG  ]  No samples found: goleft_indexcov
[2019-11-19 12:36:50,054] multiqc                                            [DEBUG  ]  No samples found: disambiguate
[2019-11-19 12:36:50,059] multiqc                                            [DEBUG  ]  No samples found: supernova
[2019-11-19 12:36:50,068] multiqc                                            [DEBUG  ]  No samples found: deeptools
[2019-11-19 12:36:50,072] multiqc                                            [DEBUG  ]  No samples found: sargasso
[2019-11-19 12:36:50,076] multiqc                                            [DEBUG  ]  No samples found: verifybamid
[2019-11-19 12:36:50,081] multiqc                                            [DEBUG  ]  No samples found: mirtrace
[2019-11-19 12:36:50,085] multiqc                                            [DEBUG  ]  No samples found: happy
[2019-11-19 12:36:50,091] multiqc                                            [DEBUG  ]  No samples found: homer
[2019-11-19 12:36:50,095] multiqc                                            [DEBUG  ]  No samples found: macs2
[2019-11-19 12:36:50,099] multiqc                                            [DEBUG  ]  No samples found: theta2
[2019-11-19 12:36:50,103] multiqc                                            [DEBUG  ]  No samples found: snpeff
[2019-11-19 12:36:50,109] multiqc                                            [DEBUG  ]  No samples found: gatk
[2019-11-19 12:36:50,113] multiqc                                            [DEBUG  ]  No samples found: htseq
[2019-11-19 12:36:50,118] multiqc                                            [DEBUG  ]  No samples found: bcftools
[2019-11-19 12:36:50,122] multiqc                                            [DEBUG  ]  No samples found: featureCounts
[2019-11-19 12:36:50,126] multiqc                                            [DEBUG  ]  No samples found: dedup
[2019-11-19 12:36:50,130] multiqc                                            [DEBUG  ]  No samples found: damageprofiler
[2019-11-19 12:36:50,141] multiqc                                            [DEBUG  ]  No samples found: picard
[2019-11-19 12:36:50,146] multiqc                                            [DEBUG  ]  No samples found: prokka
[2019-11-19 12:36:50,150] multiqc                                            [DEBUG  ]  No samples found: samblaster
[2019-11-19 12:36:50,156] multiqc                                            [DEBUG  ]  No samples found: samtools
[2019-11-19 12:36:50,161] multiqc                                            [DEBUG  ]  No samples found: bamtools
[2019-11-19 12:36:50,165] multiqc                                            [DEBUG  ]  No samples found: jellyfish
[2019-11-19 12:36:50,171] multiqc                                            [DEBUG  ]  No samples found: vcftools
[2019-11-19 12:36:50,175] multiqc                                            [DEBUG  ]  No samples found: longranger
[2019-11-19 12:36:50,179] multiqc                                            [DEBUG  ]  No samples found: stacks
[2019-11-19 12:36:50,189] multiqc                                            [DEBUG  ]  No samples found: bbmap
[2019-11-19 12:36:50,193] multiqc                                            [DEBUG  ]  No samples found: bismark
[2019-11-19 12:36:50,199] multiqc                                            [DEBUG  ]  No samples found: biscuit
[2019-11-19 12:36:50,203] multiqc                                            [DEBUG  ]  No samples found: hicexplorer
[2019-11-19 12:36:50,207] multiqc                                            [DEBUG  ]  No samples found: hicup
[2019-11-19 12:36:50,211] multiqc                                            [DEBUG  ]  No samples found: hicpro
[2019-11-19 12:36:50,215] multiqc                                            [DEBUG  ]  No samples found: salmon
[2019-11-19 12:36:50,219] multiqc                                            [DEBUG  ]  No samples found: kallisto
[2019-11-19 12:36:50,224] multiqc                                            [DEBUG  ]  No samples found: slamdunk
[2019-11-19 12:36:50,228] multiqc                                            [DEBUG  ]  No samples found: star
[2019-11-19 12:36:50,232] multiqc                                            [DEBUG  ]  No samples found: hisat2
[2019-11-19 12:36:50,236] multiqc                                            [DEBUG  ]  No samples found: tophat
[2019-11-19 12:36:50,240] multiqc                                            [DEBUG  ]  No samples found: bowtie2
[2019-11-19 12:36:50,244] multiqc                                            [DEBUG  ]  No samples found: bowtie1
[2019-11-19 12:36:50,249] multiqc                                            [DEBUG  ]  No samples found: kat
[2019-11-19 12:36:50,253] multiqc                                            [DEBUG  ]  No samples found: leehom
[2019-11-19 12:36:50,257] multiqc                                            [DEBUG  ]  No samples found: adapterRemoval
[2019-11-19 12:36:50,261] multiqc                                            [DEBUG  ]  No samples found: clipandmerge
[2019-11-19 12:36:50,265] multiqc                                            [DEBUG  ]  No samples found: cutadapt
[2019-11-19 12:36:50,269] multiqc                                            [DEBUG  ]  No samples found: flexbar
[2019-11-19 12:36:50,273] multiqc                                            [DEBUG  ]  No samples found: trimmomatic
[2019-11-19 12:36:50,278] multiqc                                            [DEBUG  ]  No samples found: skewer
[2019-11-19 12:36:50,281] multiqc                                            [DEBUG  ]  No samples found: sortmerna
[2019-11-19 12:36:50,286] multiqc                                            [DEBUG  ]  No samples found: biobloomtools
[2019-11-19 12:36:50,290] multiqc                                            [DEBUG  ]  No samples found: fastq_screen
[2019-11-19 12:36:50,294] multiqc                                            [DEBUG  ]  No samples found: afterqc
[2019-11-19 12:36:50,299] multiqc                                            [DEBUG  ]  No samples found: fastp
[2019-11-19 12:36:50,306] multiqc.modules.fastqc.fastqc                      [INFO   ]  Found 1 reports
[2019-11-19 12:36:50,357] multiqc                                            [DEBUG  ]  No samples found: minionqc
[2019-11-19 12:36:50,361] multiqc                                            [DEBUG  ]  No samples found: clusterflow
[2019-11-19 12:36:50,365] multiqc                                            [DEBUG  ]  No samples found: bcl2fastq
[2019-11-19 12:36:50,369] multiqc                                            [DEBUG  ]  No samples found: interop
[2019-11-19 12:36:50,374] multiqc                                            [DEBUG  ]  No samples found: flash
[2019-11-19 12:36:50,377] multiqc                                            [INFO   ]  Compressing plot data
[2019-11-19 12:36:50,406] multiqc                                            [INFO   ]  Report      : ../../../../../../../data/multiqc_report.html
[2019-11-19 12:36:50,406] multiqc                                            [INFO   ]  Data        : ../../../../../../../data/multiqc_data
[2019-11-19 12:36:50,407] multiqc                                            [DEBUG  ]  Moving data file from '/tmp/tmpypywjrxm/multiqc_data/multiqc_general_stats.txt' to '/data/multiqc_data'
[2019-11-19 12:36:50,407] multiqc                                            [DEBUG  ]  Moving data file from '/tmp/tmpypywjrxm/multiqc_data/multiqc_fastqc.txt' to '/data/multiqc_data'
[2019-11-19 12:36:50,407] multiqc                                            [DEBUG  ]  Moving data file from '/tmp/tmpypywjrxm/multiqc_data/multiqc_data.json' to '/data/multiqc_data'
[2019-11-19 12:36:50,408] multiqc                                            [DEBUG  ]  Moving data file from '/tmp/tmpypywjrxm/multiqc_data/multiqc_sources.txt' to '/data/multiqc_data'
[2019-11-19 12:36:50,532] multiqc                                            [INFO   ]  MultiQC complete
