[2019-11-19 13:57:26,199] multiqc                                            [DEBUG  ]  No MultiQC config found: /usr/lib/python3.6/site-packages/multiqc-1.7-py3.6.egg/multiqc_config.yaml
[2019-11-19 13:57:26,199] multiqc                                            [DEBUG  ]  No MultiQC config found: /root/.multiqc_config.yaml
[2019-11-19 13:57:26,200] multiqc                                            [DEBUG  ]  No MultiQC config found: multiqc_config.yaml
[2019-11-19 13:57:26,200] multiqc                                            [DEBUG  ]  Command used: /usr/bin/multiqc /data/HG00237.unmapped.ILLUMINA.bwa.GBR.low_coverage.20101123_fastqc.zip -o /data
[2019-11-19 13:57:28,053] multiqc                                            [DEBUG  ]  Latest MultiQC version is v1.7
[2019-11-19 13:57:28,053] multiqc                                            [INFO   ]  This is MultiQC v1.7
[2019-11-19 13:57:28,053] multiqc                                            [DEBUG  ]  Command     : /usr/bin/multiqc /data/HG00237.unmapped.ILLUMINA.bwa.GBR.low_coverage.20101123_fastqc.zip -o /data
[2019-11-19 13:57:28,053] multiqc                                            [DEBUG  ]  Working dir : /var/lib/toil/toil-9b56b740-ccba-4b13-b998-c6aabca34938-69d14ae953f0400cbe6f0dc87a7486c9/tmplU4BpA/2fe4529c-91f9-4316-89af-874352d85f56/tgkYQ89
[2019-11-19 13:57:28,053] multiqc                                            [INFO   ]  Template    : default
[2019-11-19 13:57:28,053] multiqc                                            [INFO   ]  Searching '/data/HG00237.unmapped.ILLUMINA.bwa.GBR.low_coverage.20101123_fastqc.zip'
[2019-11-19 13:57:28,054] multiqc                                            [DEBUG  ]  Analysing modules: custom_content, conpair, peddy, methylQA, phantompeakqualtools, qualimap, preseq, quast, qorts, rna_seqc, rsem, rseqc, busco, goleft_indexcov, disambiguate, supernova, deeptools, sargasso, verifybamid, mirtrace, happy, homer, macs2, theta2, snpeff, gatk, htseq, bcftools, featureCounts, dedup, damageprofiler, picard, prokka, samblaster, samtools, bamtools, jellyfish, vcftools, longranger, stacks, bbmap, bismark, biscuit, hicexplorer, hicup, hicpro, salmon, kallisto, slamdunk, star, hisat2, tophat, bowtie2, bowtie1, kat, leehom, adapterRemoval, clipandmerge, cutadapt, flexbar, trimmomatic, skewer, sortmerna, biobloomtools, fastq_screen, afterqc, fastp, fastqc, minionqc, clusterflow, bcl2fastq, interop, flash
[2019-11-19 13:57:28,054] multiqc                                            [DEBUG  ]  Using temporary directory for creating report: /tmp/tmpcc_6vgio
[2019-11-19 13:57:29,042] multiqc                                            [DEBUG  ]  No samples found: custom_content
[2019-11-19 13:57:29,048] multiqc                                            [DEBUG  ]  No samples found: conpair
[2019-11-19 13:57:29,055] multiqc                                            [DEBUG  ]  No samples found: peddy
[2019-11-19 13:57:29,061] multiqc                                            [DEBUG  ]  No samples found: methylQA
[2019-11-19 13:57:29,067] multiqc                                            [DEBUG  ]  No samples found: phantompeakqualtools
[2019-11-19 13:57:29,075] multiqc                                            [DEBUG  ]  No samples found: qualimap
[2019-11-19 13:57:29,081] multiqc                                            [DEBUG  ]  No samples found: preseq
[2019-11-19 13:57:29,087] multiqc                                            [DEBUG  ]  No samples found: quast
[2019-11-19 13:57:29,094] multiqc                                            [DEBUG  ]  No samples found: qorts
[2019-11-19 13:57:29,100] multiqc                                            [DEBUG  ]  No samples found: rna_seqc
[2019-11-19 13:57:29,106] multiqc                                            [DEBUG  ]  No samples found: rsem
[2019-11-19 13:57:29,118] multiqc                                            [DEBUG  ]  No samples found: rseqc
[2019-11-19 13:57:29,125] multiqc                                            [DEBUG  ]  No samples found: busco
[2019-11-19 13:57:29,131] multiqc                                            [DEBUG  ]  No samples found: goleft_indexcov
[2019-11-19 13:57:29,137] multiqc                                            [DEBUG  ]  No samples found: disambiguate
[2019-11-19 13:57:29,143] multiqc                                            [DEBUG  ]  No samples found: supernova
[2019-11-19 13:57:29,156] multiqc                                            [DEBUG  ]  No samples found: deeptools
[2019-11-19 13:57:29,162] multiqc                                            [DEBUG  ]  No samples found: sargasso
[2019-11-19 13:57:29,169] multiqc                                            [DEBUG  ]  No samples found: verifybamid
[2019-11-19 13:57:29,175] multiqc                                            [DEBUG  ]  No samples found: mirtrace
[2019-11-19 13:57:29,181] multiqc                                            [DEBUG  ]  No samples found: happy
[2019-11-19 13:57:29,189] multiqc                                            [DEBUG  ]  No samples found: homer
[2019-11-19 13:57:29,195] multiqc                                            [DEBUG  ]  No samples found: macs2
[2019-11-19 13:57:29,201] multiqc                                            [DEBUG  ]  No samples found: theta2
[2019-11-19 13:57:29,208] multiqc                                            [DEBUG  ]  No samples found: snpeff
[2019-11-19 13:57:29,216] multiqc                                            [DEBUG  ]  No samples found: gatk
[2019-11-19 13:57:29,223] multiqc                                            [DEBUG  ]  No samples found: htseq
[2019-11-19 13:57:29,229] multiqc                                            [DEBUG  ]  No samples found: bcftools
[2019-11-19 13:57:29,236] multiqc                                            [DEBUG  ]  No samples found: featureCounts
[2019-11-19 13:57:29,242] multiqc                                            [DEBUG  ]  No samples found: dedup
[2019-11-19 13:57:29,248] multiqc                                            [DEBUG  ]  No samples found: damageprofiler
[2019-11-19 13:57:29,264] multiqc                                            [DEBUG  ]  No samples found: picard
[2019-11-19 13:57:29,270] multiqc                                            [DEBUG  ]  No samples found: prokka
[2019-11-19 13:57:29,276] multiqc                                            [DEBUG  ]  No samples found: samblaster
[2019-11-19 13:57:29,286] multiqc                                            [DEBUG  ]  No samples found: samtools
[2019-11-19 13:57:29,293] multiqc                                            [DEBUG  ]  No samples found: bamtools
[2019-11-19 13:57:29,299] multiqc                                            [DEBUG  ]  No samples found: jellyfish
[2019-11-19 13:57:29,308] multiqc                                            [DEBUG  ]  No samples found: vcftools
[2019-11-19 13:57:29,314] multiqc                                            [DEBUG  ]  No samples found: longranger
[2019-11-19 13:57:29,321] multiqc                                            [DEBUG  ]  No samples found: stacks
[2019-11-19 13:57:29,334] multiqc                                            [DEBUG  ]  No samples found: bbmap
[2019-11-19 13:57:29,341] multiqc                                            [DEBUG  ]  No samples found: bismark
[2019-11-19 13:57:29,349] multiqc                                            [DEBUG  ]  No samples found: biscuit
[2019-11-19 13:57:29,355] multiqc                                            [DEBUG  ]  No samples found: hicexplorer
[2019-11-19 13:57:29,361] multiqc                                            [DEBUG  ]  No samples found: hicup
[2019-11-19 13:57:29,367] multiqc                                            [DEBUG  ]  No samples found: hicpro
[2019-11-19 13:57:29,374] multiqc                                            [DEBUG  ]  No samples found: salmon
[2019-11-19 13:57:29,380] multiqc                                            [DEBUG  ]  No samples found: kallisto
[2019-11-19 13:57:29,386] multiqc                                            [DEBUG  ]  No samples found: slamdunk
[2019-11-19 13:57:29,393] multiqc                                            [DEBUG  ]  No samples found: star
[2019-11-19 13:57:29,399] multiqc                                            [DEBUG  ]  No samples found: hisat2
[2019-11-19 13:57:29,405] multiqc                                            [DEBUG  ]  No samples found: tophat
[2019-11-19 13:57:29,411] multiqc                                            [DEBUG  ]  No samples found: bowtie2
[2019-11-19 13:57:29,418] multiqc                                            [DEBUG  ]  No samples found: bowtie1
[2019-11-19 13:57:29,424] multiqc                                            [DEBUG  ]  No samples found: kat
[2019-11-19 13:57:29,430] multiqc                                            [DEBUG  ]  No samples found: leehom
[2019-11-19 13:57:29,436] multiqc                                            [DEBUG  ]  No samples found: adapterRemoval
[2019-11-19 13:57:29,442] multiqc                                            [DEBUG  ]  No samples found: clipandmerge
[2019-11-19 13:57:29,449] multiqc                                            [DEBUG  ]  No samples found: cutadapt
[2019-11-19 13:57:29,455] multiqc                                            [DEBUG  ]  No samples found: flexbar
[2019-11-19 13:57:29,461] multiqc                                            [DEBUG  ]  No samples found: trimmomatic
[2019-11-19 13:57:29,467] multiqc                                            [DEBUG  ]  No samples found: skewer
[2019-11-19 13:57:29,473] multiqc                                            [DEBUG  ]  No samples found: sortmerna
[2019-11-19 13:57:29,479] multiqc                                            [DEBUG  ]  No samples found: biobloomtools
[2019-11-19 13:57:29,486] multiqc                                            [DEBUG  ]  No samples found: fastq_screen
[2019-11-19 13:57:29,492] multiqc                                            [DEBUG  ]  No samples found: afterqc
[2019-11-19 13:57:29,498] multiqc                                            [DEBUG  ]  No samples found: fastp
[2019-11-19 13:57:29,510] multiqc.modules.fastqc.fastqc                      [INFO   ]  Found 1 reports
[2019-11-19 13:57:29,612] multiqc                                            [DEBUG  ]  No samples found: minionqc
[2019-11-19 13:57:29,618] multiqc                                            [DEBUG  ]  No samples found: clusterflow
[2019-11-19 13:57:29,625] multiqc                                            [DEBUG  ]  No samples found: bcl2fastq
[2019-11-19 13:57:29,631] multiqc                                            [DEBUG  ]  No samples found: interop
[2019-11-19 13:57:29,637] multiqc                                            [DEBUG  ]  No samples found: flash
[2019-11-19 13:57:29,641] multiqc                                            [INFO   ]  Compressing plot data
[2019-11-19 13:57:29,689] multiqc                                            [INFO   ]  Report      : ../../../../../../../data/multiqc_report.html
[2019-11-19 13:57:29,689] multiqc                                            [INFO   ]  Data        : ../../../../../../../data/multiqc_data
[2019-11-19 13:57:29,690] multiqc                                            [DEBUG  ]  Moving data file from '/tmp/tmpcc_6vgio/multiqc_data/multiqc_general_stats.txt' to '/data/multiqc_data'
[2019-11-19 13:57:29,690] multiqc                                            [DEBUG  ]  Moving data file from '/tmp/tmpcc_6vgio/multiqc_data/multiqc_fastqc.txt' to '/data/multiqc_data'
[2019-11-19 13:57:29,691] multiqc                                            [DEBUG  ]  Moving data file from '/tmp/tmpcc_6vgio/multiqc_data/multiqc_data.json' to '/data/multiqc_data'
[2019-11-19 13:57:29,691] multiqc                                            [DEBUG  ]  Moving data file from '/tmp/tmpcc_6vgio/multiqc_data/multiqc_sources.txt' to '/data/multiqc_data'
[2019-11-19 13:57:29,892] multiqc                                            [INFO   ]  MultiQC complete
