[2019-11-19 14:57:50,373] multiqc                                            [DEBUG  ]  No MultiQC config found: /usr/lib/python3.6/site-packages/multiqc-1.7-py3.6.egg/multiqc_config.yaml
[2019-11-19 14:57:50,373] multiqc                                            [DEBUG  ]  No MultiQC config found: /root/.multiqc_config.yaml
[2019-11-19 14:57:50,374] multiqc                                            [DEBUG  ]  No MultiQC config found: multiqc_config.yaml
[2019-11-19 14:57:50,374] multiqc                                            [DEBUG  ]  Command used: /usr/bin/multiqc /data/HG00242.mapped.ILLUMINA.bwa.GBR.low_coverage.20101123_fastqc.zip -o /data
[2019-11-19 14:57:52,473] multiqc                                            [DEBUG  ]  Latest MultiQC version is v1.7
[2019-11-19 14:57:52,473] multiqc                                            [INFO   ]  This is MultiQC v1.7
[2019-11-19 14:57:52,474] multiqc                                            [DEBUG  ]  Command     : /usr/bin/multiqc /data/HG00242.mapped.ILLUMINA.bwa.GBR.low_coverage.20101123_fastqc.zip -o /data
[2019-11-19 14:57:52,474] multiqc                                            [DEBUG  ]  Working dir : /var/lib/toil/toil-9b56b740-ccba-4b13-b998-c6aabca34938-69d14ae953f0400cbe6f0dc87a7486c9/tmp4Xb17T/b8374cd1-aab2-4f1c-ba99-5cddad62902a/t1FqJmC
[2019-11-19 14:57:52,474] multiqc                                            [INFO   ]  Template    : default
[2019-11-19 14:57:52,474] multiqc                                            [INFO   ]  Searching '/data/HG00242.mapped.ILLUMINA.bwa.GBR.low_coverage.20101123_fastqc.zip'
[2019-11-19 14:57:52,474] multiqc                                            [DEBUG  ]  Analysing modules: custom_content, conpair, peddy, methylQA, phantompeakqualtools, qualimap, preseq, quast, qorts, rna_seqc, rsem, rseqc, busco, goleft_indexcov, disambiguate, supernova, deeptools, sargasso, verifybamid, mirtrace, happy, homer, macs2, theta2, snpeff, gatk, htseq, bcftools, featureCounts, dedup, damageprofiler, picard, prokka, samblaster, samtools, bamtools, jellyfish, vcftools, longranger, stacks, bbmap, bismark, biscuit, hicexplorer, hicup, hicpro, salmon, kallisto, slamdunk, star, hisat2, tophat, bowtie2, bowtie1, kat, leehom, adapterRemoval, clipandmerge, cutadapt, flexbar, trimmomatic, skewer, sortmerna, biobloomtools, fastq_screen, afterqc, fastp, fastqc, minionqc, clusterflow, bcl2fastq, interop, flash
[2019-11-19 14:57:52,475] multiqc                                            [DEBUG  ]  Using temporary directory for creating report: /tmp/tmp7tjhhrmk
[2019-11-19 14:57:53,435] multiqc                                            [DEBUG  ]  No samples found: custom_content
[2019-11-19 14:57:53,442] multiqc                                            [DEBUG  ]  No samples found: conpair
[2019-11-19 14:57:53,449] multiqc                                            [DEBUG  ]  No samples found: peddy
[2019-11-19 14:57:53,455] multiqc                                            [DEBUG  ]  No samples found: methylQA
[2019-11-19 14:57:53,462] multiqc                                            [DEBUG  ]  No samples found: phantompeakqualtools
[2019-11-19 14:57:53,470] multiqc                                            [DEBUG  ]  No samples found: qualimap
[2019-11-19 14:57:53,476] multiqc                                            [DEBUG  ]  No samples found: preseq
[2019-11-19 14:57:53,482] multiqc                                            [DEBUG  ]  No samples found: quast
[2019-11-19 14:57:53,489] multiqc                                            [DEBUG  ]  No samples found: qorts
[2019-11-19 14:57:53,496] multiqc                                            [DEBUG  ]  No samples found: rna_seqc
[2019-11-19 14:57:53,502] multiqc                                            [DEBUG  ]  No samples found: rsem
[2019-11-19 14:57:53,515] multiqc                                            [DEBUG  ]  No samples found: rseqc
[2019-11-19 14:57:53,521] multiqc                                            [DEBUG  ]  No samples found: busco
[2019-11-19 14:57:53,528] multiqc                                            [DEBUG  ]  No samples found: goleft_indexcov
[2019-11-19 14:57:53,534] multiqc                                            [DEBUG  ]  No samples found: disambiguate
[2019-11-19 14:57:53,541] multiqc                                            [DEBUG  ]  No samples found: supernova
[2019-11-19 14:57:53,553] multiqc                                            [DEBUG  ]  No samples found: deeptools
[2019-11-19 14:57:53,560] multiqc                                            [DEBUG  ]  No samples found: sargasso
[2019-11-19 14:57:53,566] multiqc                                            [DEBUG  ]  No samples found: verifybamid
[2019-11-19 14:57:53,573] multiqc                                            [DEBUG  ]  No samples found: mirtrace
[2019-11-19 14:57:53,579] multiqc                                            [DEBUG  ]  No samples found: happy
[2019-11-19 14:57:53,588] multiqc                                            [DEBUG  ]  No samples found: homer
[2019-11-19 14:57:53,594] multiqc                                            [DEBUG  ]  No samples found: macs2
[2019-11-19 14:57:53,600] multiqc                                            [DEBUG  ]  No samples found: theta2
[2019-11-19 14:57:53,607] multiqc                                            [DEBUG  ]  No samples found: snpeff
[2019-11-19 14:57:53,616] multiqc                                            [DEBUG  ]  No samples found: gatk
[2019-11-19 14:57:53,622] multiqc                                            [DEBUG  ]  No samples found: htseq
[2019-11-19 14:57:53,629] multiqc                                            [DEBUG  ]  No samples found: bcftools
[2019-11-19 14:57:53,635] multiqc                                            [DEBUG  ]  No samples found: featureCounts
[2019-11-19 14:57:53,641] multiqc                                            [DEBUG  ]  No samples found: dedup
[2019-11-19 14:57:53,647] multiqc                                            [DEBUG  ]  No samples found: damageprofiler
[2019-11-19 14:57:53,663] multiqc                                            [DEBUG  ]  No samples found: picard
[2019-11-19 14:57:53,670] multiqc                                            [DEBUG  ]  No samples found: prokka
[2019-11-19 14:57:53,678] multiqc                                            [DEBUG  ]  No samples found: samblaster
[2019-11-19 14:57:53,688] multiqc                                            [DEBUG  ]  No samples found: samtools
[2019-11-19 14:57:53,696] multiqc                                            [DEBUG  ]  No samples found: bamtools
[2019-11-19 14:57:53,702] multiqc                                            [DEBUG  ]  No samples found: jellyfish
[2019-11-19 14:57:53,711] multiqc                                            [DEBUG  ]  No samples found: vcftools
[2019-11-19 14:57:53,718] multiqc                                            [DEBUG  ]  No samples found: longranger
[2019-11-19 14:57:53,724] multiqc                                            [DEBUG  ]  No samples found: stacks
[2019-11-19 14:57:53,738] multiqc                                            [DEBUG  ]  No samples found: bbmap
[2019-11-19 14:57:53,744] multiqc                                            [DEBUG  ]  No samples found: bismark
[2019-11-19 14:57:53,753] multiqc                                            [DEBUG  ]  No samples found: biscuit
[2019-11-19 14:57:53,759] multiqc                                            [DEBUG  ]  No samples found: hicexplorer
[2019-11-19 14:57:53,766] multiqc                                            [DEBUG  ]  No samples found: hicup
[2019-11-19 14:57:53,772] multiqc                                            [DEBUG  ]  No samples found: hicpro
[2019-11-19 14:57:53,779] multiqc                                            [DEBUG  ]  No samples found: salmon
[2019-11-19 14:57:53,785] multiqc                                            [DEBUG  ]  No samples found: kallisto
[2019-11-19 14:57:53,792] multiqc                                            [DEBUG  ]  No samples found: slamdunk
[2019-11-19 14:57:53,798] multiqc                                            [DEBUG  ]  No samples found: star
[2019-11-19 14:57:53,805] multiqc                                            [DEBUG  ]  No samples found: hisat2
[2019-11-19 14:57:53,811] multiqc                                            [DEBUG  ]  No samples found: tophat
[2019-11-19 14:57:53,818] multiqc                                            [DEBUG  ]  No samples found: bowtie2
[2019-11-19 14:57:53,824] multiqc                                            [DEBUG  ]  No samples found: bowtie1
[2019-11-19 14:57:53,830] multiqc                                            [DEBUG  ]  No samples found: kat
[2019-11-19 14:57:53,837] multiqc                                            [DEBUG  ]  No samples found: leehom
[2019-11-19 14:57:53,844] multiqc                                            [DEBUG  ]  No samples found: adapterRemoval
[2019-11-19 14:57:53,850] multiqc                                            [DEBUG  ]  No samples found: clipandmerge
[2019-11-19 14:57:53,856] multiqc                                            [DEBUG  ]  No samples found: cutadapt
[2019-11-19 14:57:53,862] multiqc                                            [DEBUG  ]  No samples found: flexbar
[2019-11-19 14:57:53,868] multiqc                                            [DEBUG  ]  No samples found: trimmomatic
[2019-11-19 14:57:53,875] multiqc                                            [DEBUG  ]  No samples found: skewer
[2019-11-19 14:57:53,881] multiqc                                            [DEBUG  ]  No samples found: sortmerna
[2019-11-19 14:57:53,887] multiqc                                            [DEBUG  ]  No samples found: biobloomtools
[2019-11-19 14:57:53,893] multiqc                                            [DEBUG  ]  No samples found: fastq_screen
[2019-11-19 14:57:53,900] multiqc                                            [DEBUG  ]  No samples found: afterqc
[2019-11-19 14:57:53,906] multiqc                                            [DEBUG  ]  No samples found: fastp
[2019-11-19 14:57:53,918] multiqc.modules.fastqc.fastqc                      [INFO   ]  Found 1 reports
[2019-11-19 14:57:54,009] multiqc                                            [DEBUG  ]  No samples found: minionqc
[2019-11-19 14:57:54,016] multiqc                                            [DEBUG  ]  No samples found: clusterflow
[2019-11-19 14:57:54,023] multiqc                                            [DEBUG  ]  No samples found: bcl2fastq
[2019-11-19 14:57:54,029] multiqc                                            [DEBUG  ]  No samples found: interop
[2019-11-19 14:57:54,036] multiqc                                            [DEBUG  ]  No samples found: flash
[2019-11-19 14:57:54,041] multiqc                                            [INFO   ]  Compressing plot data
[2019-11-19 14:57:54,090] multiqc                                            [INFO   ]  Report      : ../../../../../../../data/multiqc_report.html
[2019-11-19 14:57:54,090] multiqc                                            [INFO   ]  Data        : ../../../../../../../data/multiqc_data
[2019-11-19 14:57:54,091] multiqc                                            [DEBUG  ]  Moving data file from '/tmp/tmp7tjhhrmk/multiqc_data/multiqc_general_stats.txt' to '/data/multiqc_data'
[2019-11-19 14:57:54,091] multiqc                                            [DEBUG  ]  Moving data file from '/tmp/tmp7tjhhrmk/multiqc_data/multiqc_fastqc.txt' to '/data/multiqc_data'
[2019-11-19 14:57:54,092] multiqc                                            [DEBUG  ]  Moving data file from '/tmp/tmp7tjhhrmk/multiqc_data/multiqc_data.json' to '/data/multiqc_data'
[2019-11-19 14:57:54,092] multiqc                                            [DEBUG  ]  Moving data file from '/tmp/tmp7tjhhrmk/multiqc_data/multiqc_sources.txt' to '/data/multiqc_data'
[2019-11-19 14:57:54,297] multiqc                                            [INFO   ]  MultiQC complete
