[2019-11-19 08:10:42,394] multiqc                                            [DEBUG  ]  No MultiQC config found: /usr/lib/python3.6/site-packages/multiqc-1.7-py3.6.egg/multiqc_config.yaml
[2019-11-19 08:10:42,394] multiqc                                            [DEBUG  ]  No MultiQC config found: /root/.multiqc_config.yaml
[2019-11-19 08:10:42,394] multiqc                                            [DEBUG  ]  No MultiQC config found: multiqc_config.yaml
[2019-11-19 08:10:42,394] multiqc                                            [DEBUG  ]  Command used: /usr/bin/multiqc /data/HG00110.mapped.SOLID.bfast.GBR.low_coverage.20101123_fastqc.zip -o /data
[2019-11-19 08:10:44,220] multiqc                                            [DEBUG  ]  Latest MultiQC version is v1.7
[2019-11-19 08:10:44,220] multiqc                                            [INFO   ]  This is MultiQC v1.7
[2019-11-19 08:10:44,220] multiqc                                            [DEBUG  ]  Command     : /usr/bin/multiqc /data/HG00110.mapped.SOLID.bfast.GBR.low_coverage.20101123_fastqc.zip -o /data
[2019-11-19 08:10:44,220] multiqc                                            [DEBUG  ]  Working dir : /var/lib/toil/toil-9b56b740-ccba-4b13-b998-c6aabca34938-69d14ae953f0400cbe6f0dc87a7486c9/tmpKjbH6C/1417a68f-3cc4-4c86-8619-ef6632b5ebab/tNJVhYb
[2019-11-19 08:10:44,221] multiqc                                            [INFO   ]  Template    : default
[2019-11-19 08:10:44,221] multiqc                                            [INFO   ]  Searching '/data/HG00110.mapped.SOLID.bfast.GBR.low_coverage.20101123_fastqc.zip'
[2019-11-19 08:10:44,221] multiqc                                            [DEBUG  ]  Analysing modules: custom_content, conpair, peddy, methylQA, phantompeakqualtools, qualimap, preseq, quast, qorts, rna_seqc, rsem, rseqc, busco, goleft_indexcov, disambiguate, supernova, deeptools, sargasso, verifybamid, mirtrace, happy, homer, macs2, theta2, snpeff, gatk, htseq, bcftools, featureCounts, dedup, damageprofiler, picard, prokka, samblaster, samtools, bamtools, jellyfish, vcftools, longranger, stacks, bbmap, bismark, biscuit, hicexplorer, hicup, hicpro, salmon, kallisto, slamdunk, star, hisat2, tophat, bowtie2, bowtie1, kat, leehom, adapterRemoval, clipandmerge, cutadapt, flexbar, trimmomatic, skewer, sortmerna, biobloomtools, fastq_screen, afterqc, fastp, fastqc, minionqc, clusterflow, bcl2fastq, interop, flash
[2019-11-19 08:10:44,221] multiqc                                            [DEBUG  ]  Using temporary directory for creating report: /tmp/tmpk6oww_lz
[2019-11-19 08:10:44,940] multiqc                                            [DEBUG  ]  No samples found: custom_content
[2019-11-19 08:10:44,944] multiqc                                            [DEBUG  ]  No samples found: conpair
[2019-11-19 08:10:44,949] multiqc                                            [DEBUG  ]  No samples found: peddy
[2019-11-19 08:10:44,954] multiqc                                            [DEBUG  ]  No samples found: methylQA
[2019-11-19 08:10:44,958] multiqc                                            [DEBUG  ]  No samples found: phantompeakqualtools
[2019-11-19 08:10:44,964] multiqc                                            [DEBUG  ]  No samples found: qualimap
[2019-11-19 08:10:44,968] multiqc                                            [DEBUG  ]  No samples found: preseq
[2019-11-19 08:10:44,973] multiqc                                            [DEBUG  ]  No samples found: quast
[2019-11-19 08:10:44,979] multiqc                                            [DEBUG  ]  No samples found: qorts
[2019-11-19 08:10:44,984] multiqc                                            [DEBUG  ]  No samples found: rna_seqc
[2019-11-19 08:10:44,989] multiqc                                            [DEBUG  ]  No samples found: rsem
[2019-11-19 08:10:44,999] multiqc                                            [DEBUG  ]  No samples found: rseqc
[2019-11-19 08:10:45,004] multiqc                                            [DEBUG  ]  No samples found: busco
[2019-11-19 08:10:45,008] multiqc                                            [DEBUG  ]  No samples found: goleft_indexcov
[2019-11-19 08:10:45,013] multiqc                                            [DEBUG  ]  No samples found: disambiguate
[2019-11-19 08:10:45,017] multiqc                                            [DEBUG  ]  No samples found: supernova
[2019-11-19 08:10:45,027] multiqc                                            [DEBUG  ]  No samples found: deeptools
[2019-11-19 08:10:45,031] multiqc                                            [DEBUG  ]  No samples found: sargasso
[2019-11-19 08:10:45,035] multiqc                                            [DEBUG  ]  No samples found: verifybamid
[2019-11-19 08:10:45,040] multiqc                                            [DEBUG  ]  No samples found: mirtrace
[2019-11-19 08:10:45,044] multiqc                                            [DEBUG  ]  No samples found: happy
[2019-11-19 08:10:45,049] multiqc                                            [DEBUG  ]  No samples found: homer
[2019-11-19 08:10:45,054] multiqc                                            [DEBUG  ]  No samples found: macs2
[2019-11-19 08:10:45,058] multiqc                                            [DEBUG  ]  No samples found: theta2
[2019-11-19 08:10:45,062] multiqc                                            [DEBUG  ]  No samples found: snpeff
[2019-11-19 08:10:45,068] multiqc                                            [DEBUG  ]  No samples found: gatk
[2019-11-19 08:10:45,072] multiqc                                            [DEBUG  ]  No samples found: htseq
[2019-11-19 08:10:45,077] multiqc                                            [DEBUG  ]  No samples found: bcftools
[2019-11-19 08:10:45,082] multiqc                                            [DEBUG  ]  No samples found: featureCounts
[2019-11-19 08:10:45,086] multiqc                                            [DEBUG  ]  No samples found: dedup
[2019-11-19 08:10:45,090] multiqc                                            [DEBUG  ]  No samples found: damageprofiler
[2019-11-19 08:10:45,102] multiqc                                            [DEBUG  ]  No samples found: picard
[2019-11-19 08:10:45,106] multiqc                                            [DEBUG  ]  No samples found: prokka
[2019-11-19 08:10:45,111] multiqc                                            [DEBUG  ]  No samples found: samblaster
[2019-11-19 08:10:45,117] multiqc                                            [DEBUG  ]  No samples found: samtools
[2019-11-19 08:10:45,122] multiqc                                            [DEBUG  ]  No samples found: bamtools
[2019-11-19 08:10:45,126] multiqc                                            [DEBUG  ]  No samples found: jellyfish
[2019-11-19 08:10:45,133] multiqc                                            [DEBUG  ]  No samples found: vcftools
[2019-11-19 08:10:45,138] multiqc                                            [DEBUG  ]  No samples found: longranger
[2019-11-19 08:10:45,142] multiqc                                            [DEBUG  ]  No samples found: stacks
[2019-11-19 08:10:45,152] multiqc                                            [DEBUG  ]  No samples found: bbmap
[2019-11-19 08:10:45,157] multiqc                                            [DEBUG  ]  No samples found: bismark
[2019-11-19 08:10:45,163] multiqc                                            [DEBUG  ]  No samples found: biscuit
[2019-11-19 08:10:45,167] multiqc                                            [DEBUG  ]  No samples found: hicexplorer
[2019-11-19 08:10:45,171] multiqc                                            [DEBUG  ]  No samples found: hicup
[2019-11-19 08:10:45,176] multiqc                                            [DEBUG  ]  No samples found: hicpro
[2019-11-19 08:10:45,180] multiqc                                            [DEBUG  ]  No samples found: salmon
[2019-11-19 08:10:45,184] multiqc                                            [DEBUG  ]  No samples found: kallisto
[2019-11-19 08:10:45,189] multiqc                                            [DEBUG  ]  No samples found: slamdunk
[2019-11-19 08:10:45,193] multiqc                                            [DEBUG  ]  No samples found: star
[2019-11-19 08:10:45,197] multiqc                                            [DEBUG  ]  No samples found: hisat2
[2019-11-19 08:10:45,202] multiqc                                            [DEBUG  ]  No samples found: tophat
[2019-11-19 08:10:45,206] multiqc                                            [DEBUG  ]  No samples found: bowtie2
[2019-11-19 08:10:45,210] multiqc                                            [DEBUG  ]  No samples found: bowtie1
[2019-11-19 08:10:45,214] multiqc                                            [DEBUG  ]  No samples found: kat
[2019-11-19 08:10:45,219] multiqc                                            [DEBUG  ]  No samples found: leehom
[2019-11-19 08:10:45,223] multiqc                                            [DEBUG  ]  No samples found: adapterRemoval
[2019-11-19 08:10:45,227] multiqc                                            [DEBUG  ]  No samples found: clipandmerge
[2019-11-19 08:10:45,232] multiqc                                            [DEBUG  ]  No samples found: cutadapt
[2019-11-19 08:10:45,236] multiqc                                            [DEBUG  ]  No samples found: flexbar
[2019-11-19 08:10:45,240] multiqc                                            [DEBUG  ]  No samples found: trimmomatic
[2019-11-19 08:10:45,244] multiqc                                            [DEBUG  ]  No samples found: skewer
[2019-11-19 08:10:45,249] multiqc                                            [DEBUG  ]  No samples found: sortmerna
[2019-11-19 08:10:45,254] multiqc                                            [DEBUG  ]  No samples found: biobloomtools
[2019-11-19 08:10:45,258] multiqc                                            [DEBUG  ]  No samples found: fastq_screen
[2019-11-19 08:10:45,262] multiqc                                            [DEBUG  ]  No samples found: afterqc
[2019-11-19 08:10:45,266] multiqc                                            [DEBUG  ]  No samples found: fastp
[2019-11-19 08:10:45,275] multiqc.modules.fastqc.fastqc                      [INFO   ]  Found 1 reports
[2019-11-19 08:10:45,321] multiqc                                            [DEBUG  ]  No samples found: minionqc
[2019-11-19 08:10:45,326] multiqc                                            [DEBUG  ]  No samples found: clusterflow
[2019-11-19 08:10:45,330] multiqc                                            [DEBUG  ]  No samples found: bcl2fastq
[2019-11-19 08:10:45,334] multiqc                                            [DEBUG  ]  No samples found: interop
[2019-11-19 08:10:45,339] multiqc                                            [DEBUG  ]  No samples found: flash
[2019-11-19 08:10:45,342] multiqc                                            [INFO   ]  Compressing plot data
[2019-11-19 08:10:45,375] multiqc                                            [INFO   ]  Report      : ../../../../../../../data/multiqc_report.html
[2019-11-19 08:10:45,375] multiqc                                            [INFO   ]  Data        : ../../../../../../../data/multiqc_data
[2019-11-19 08:10:45,375] multiqc                                            [DEBUG  ]  Moving data file from '/tmp/tmpk6oww_lz/multiqc_data/multiqc_general_stats.txt' to '/data/multiqc_data'
[2019-11-19 08:10:45,375] multiqc                                            [DEBUG  ]  Moving data file from '/tmp/tmpk6oww_lz/multiqc_data/multiqc_fastqc.txt' to '/data/multiqc_data'
[2019-11-19 08:10:45,376] multiqc                                            [DEBUG  ]  Moving data file from '/tmp/tmpk6oww_lz/multiqc_data/multiqc_data.json' to '/data/multiqc_data'
[2019-11-19 08:10:45,376] multiqc                                            [DEBUG  ]  Moving data file from '/tmp/tmpk6oww_lz/multiqc_data/multiqc_sources.txt' to '/data/multiqc_data'
[2019-11-19 08:10:45,515] multiqc                                            [INFO   ]  MultiQC complete
