[2019-11-19 08:34:50,562] multiqc                                            [DEBUG  ]  No MultiQC config found: /usr/lib/python3.6/site-packages/multiqc-1.7-py3.6.egg/multiqc_config.yaml
[2019-11-19 08:34:50,563] multiqc                                            [DEBUG  ]  No MultiQC config found: /root/.multiqc_config.yaml
[2019-11-19 08:34:50,563] multiqc                                            [DEBUG  ]  No MultiQC config found: multiqc_config.yaml
[2019-11-19 08:34:50,563] multiqc                                            [DEBUG  ]  Command used: /usr/bin/multiqc /data/HG00114.mapped.ILLUMINA.bwa.GBR.low_coverage.20101123_fastqc.zip -o /data
[2019-11-19 08:34:53,033] multiqc                                            [DEBUG  ]  Latest MultiQC version is v1.7
[2019-11-19 08:34:53,033] multiqc                                            [INFO   ]  This is MultiQC v1.7
[2019-11-19 08:34:53,033] multiqc                                            [DEBUG  ]  Command     : /usr/bin/multiqc /data/HG00114.mapped.ILLUMINA.bwa.GBR.low_coverage.20101123_fastqc.zip -o /data
[2019-11-19 08:34:53,033] multiqc                                            [DEBUG  ]  Working dir : /var/lib/toil/toil-9b56b740-ccba-4b13-b998-c6aabca34938-69d14ae953f0400cbe6f0dc87a7486c9/tmpS1wzt0/b494ec8e-030a-494f-ac99-a437f801ce3e/tOjYOTG
[2019-11-19 08:34:53,033] multiqc                                            [INFO   ]  Template    : default
[2019-11-19 08:34:53,033] multiqc                                            [INFO   ]  Searching '/data/HG00114.mapped.ILLUMINA.bwa.GBR.low_coverage.20101123_fastqc.zip'
[2019-11-19 08:34:53,033] multiqc                                            [DEBUG  ]  Analysing modules: custom_content, conpair, peddy, methylQA, phantompeakqualtools, qualimap, preseq, quast, qorts, rna_seqc, rsem, rseqc, busco, goleft_indexcov, disambiguate, supernova, deeptools, sargasso, verifybamid, mirtrace, happy, homer, macs2, theta2, snpeff, gatk, htseq, bcftools, featureCounts, dedup, damageprofiler, picard, prokka, samblaster, samtools, bamtools, jellyfish, vcftools, longranger, stacks, bbmap, bismark, biscuit, hicexplorer, hicup, hicpro, salmon, kallisto, slamdunk, star, hisat2, tophat, bowtie2, bowtie1, kat, leehom, adapterRemoval, clipandmerge, cutadapt, flexbar, trimmomatic, skewer, sortmerna, biobloomtools, fastq_screen, afterqc, fastp, fastqc, minionqc, clusterflow, bcl2fastq, interop, flash
[2019-11-19 08:34:53,034] multiqc                                            [DEBUG  ]  Using temporary directory for creating report: /tmp/tmp_w333c5b
[2019-11-19 08:34:53,732] multiqc                                            [DEBUG  ]  No samples found: custom_content
[2019-11-19 08:34:53,736] multiqc                                            [DEBUG  ]  No samples found: conpair
[2019-11-19 08:34:53,740] multiqc                                            [DEBUG  ]  No samples found: peddy
[2019-11-19 08:34:53,745] multiqc                                            [DEBUG  ]  No samples found: methylQA
[2019-11-19 08:34:53,749] multiqc                                            [DEBUG  ]  No samples found: phantompeakqualtools
[2019-11-19 08:34:53,755] multiqc                                            [DEBUG  ]  No samples found: qualimap
[2019-11-19 08:34:53,759] multiqc                                            [DEBUG  ]  No samples found: preseq
[2019-11-19 08:34:53,764] multiqc                                            [DEBUG  ]  No samples found: quast
[2019-11-19 08:34:53,769] multiqc                                            [DEBUG  ]  No samples found: qorts
[2019-11-19 08:34:53,774] multiqc                                            [DEBUG  ]  No samples found: rna_seqc
[2019-11-19 08:34:53,778] multiqc                                            [DEBUG  ]  No samples found: rsem
[2019-11-19 08:34:53,788] multiqc                                            [DEBUG  ]  No samples found: rseqc
[2019-11-19 08:34:53,793] multiqc                                            [DEBUG  ]  No samples found: busco
[2019-11-19 08:34:53,797] multiqc                                            [DEBUG  ]  No samples found: goleft_indexcov
[2019-11-19 08:34:53,801] multiqc                                            [DEBUG  ]  No samples found: disambiguate
[2019-11-19 08:34:53,806] multiqc                                            [DEBUG  ]  No samples found: supernova
[2019-11-19 08:34:53,814] multiqc                                            [DEBUG  ]  No samples found: deeptools
[2019-11-19 08:34:53,818] multiqc                                            [DEBUG  ]  No samples found: sargasso
[2019-11-19 08:34:53,822] multiqc                                            [DEBUG  ]  No samples found: verifybamid
[2019-11-19 08:34:53,827] multiqc                                            [DEBUG  ]  No samples found: mirtrace
[2019-11-19 08:34:53,831] multiqc                                            [DEBUG  ]  No samples found: happy
[2019-11-19 08:34:53,836] multiqc                                            [DEBUG  ]  No samples found: homer
[2019-11-19 08:34:53,841] multiqc                                            [DEBUG  ]  No samples found: macs2
[2019-11-19 08:34:53,845] multiqc                                            [DEBUG  ]  No samples found: theta2
[2019-11-19 08:34:53,849] multiqc                                            [DEBUG  ]  No samples found: snpeff
[2019-11-19 08:34:53,855] multiqc                                            [DEBUG  ]  No samples found: gatk
[2019-11-19 08:34:53,859] multiqc                                            [DEBUG  ]  No samples found: htseq
[2019-11-19 08:34:53,864] multiqc                                            [DEBUG  ]  No samples found: bcftools
[2019-11-19 08:34:53,869] multiqc                                            [DEBUG  ]  No samples found: featureCounts
[2019-11-19 08:34:53,873] multiqc                                            [DEBUG  ]  No samples found: dedup
[2019-11-19 08:34:53,877] multiqc                                            [DEBUG  ]  No samples found: damageprofiler
[2019-11-19 08:34:53,889] multiqc                                            [DEBUG  ]  No samples found: picard
[2019-11-19 08:34:53,893] multiqc                                            [DEBUG  ]  No samples found: prokka
[2019-11-19 08:34:53,897] multiqc                                            [DEBUG  ]  No samples found: samblaster
[2019-11-19 08:34:53,904] multiqc                                            [DEBUG  ]  No samples found: samtools
[2019-11-19 08:34:53,910] multiqc                                            [DEBUG  ]  No samples found: bamtools
[2019-11-19 08:34:53,915] multiqc                                            [DEBUG  ]  No samples found: jellyfish
[2019-11-19 08:34:53,921] multiqc                                            [DEBUG  ]  No samples found: vcftools
[2019-11-19 08:34:53,926] multiqc                                            [DEBUG  ]  No samples found: longranger
[2019-11-19 08:34:53,931] multiqc                                            [DEBUG  ]  No samples found: stacks
[2019-11-19 08:34:53,941] multiqc                                            [DEBUG  ]  No samples found: bbmap
[2019-11-19 08:34:53,946] multiqc                                            [DEBUG  ]  No samples found: bismark
[2019-11-19 08:34:53,951] multiqc                                            [DEBUG  ]  No samples found: biscuit
[2019-11-19 08:34:53,955] multiqc                                            [DEBUG  ]  No samples found: hicexplorer
[2019-11-19 08:34:53,959] multiqc                                            [DEBUG  ]  No samples found: hicup
[2019-11-19 08:34:53,964] multiqc                                            [DEBUG  ]  No samples found: hicpro
[2019-11-19 08:34:53,968] multiqc                                            [DEBUG  ]  No samples found: salmon
[2019-11-19 08:34:53,972] multiqc                                            [DEBUG  ]  No samples found: kallisto
[2019-11-19 08:34:53,976] multiqc                                            [DEBUG  ]  No samples found: slamdunk
[2019-11-19 08:34:53,980] multiqc                                            [DEBUG  ]  No samples found: star
[2019-11-19 08:34:53,984] multiqc                                            [DEBUG  ]  No samples found: hisat2
[2019-11-19 08:34:53,988] multiqc                                            [DEBUG  ]  No samples found: tophat
[2019-11-19 08:34:53,993] multiqc                                            [DEBUG  ]  No samples found: bowtie2
[2019-11-19 08:34:53,997] multiqc                                            [DEBUG  ]  No samples found: bowtie1
[2019-11-19 08:34:54,001] multiqc                                            [DEBUG  ]  No samples found: kat
[2019-11-19 08:34:54,006] multiqc                                            [DEBUG  ]  No samples found: leehom
[2019-11-19 08:34:54,010] multiqc                                            [DEBUG  ]  No samples found: adapterRemoval
[2019-11-19 08:34:54,014] multiqc                                            [DEBUG  ]  No samples found: clipandmerge
[2019-11-19 08:34:54,018] multiqc                                            [DEBUG  ]  No samples found: cutadapt
[2019-11-19 08:34:54,023] multiqc                                            [DEBUG  ]  No samples found: flexbar
[2019-11-19 08:34:54,027] multiqc                                            [DEBUG  ]  No samples found: trimmomatic
[2019-11-19 08:34:54,031] multiqc                                            [DEBUG  ]  No samples found: skewer
[2019-11-19 08:34:54,035] multiqc                                            [DEBUG  ]  No samples found: sortmerna
[2019-11-19 08:34:54,040] multiqc                                            [DEBUG  ]  No samples found: biobloomtools
[2019-11-19 08:34:54,045] multiqc                                            [DEBUG  ]  No samples found: fastq_screen
[2019-11-19 08:34:54,049] multiqc                                            [DEBUG  ]  No samples found: afterqc
[2019-11-19 08:34:54,054] multiqc                                            [DEBUG  ]  No samples found: fastp
[2019-11-19 08:34:54,064] multiqc.modules.fastqc.fastqc                      [INFO   ]  Found 1 reports
[2019-11-19 08:34:54,117] multiqc                                            [DEBUG  ]  No samples found: minionqc
[2019-11-19 08:34:54,121] multiqc                                            [DEBUG  ]  No samples found: clusterflow
[2019-11-19 08:34:54,126] multiqc                                            [DEBUG  ]  No samples found: bcl2fastq
[2019-11-19 08:34:54,130] multiqc                                            [DEBUG  ]  No samples found: interop
[2019-11-19 08:34:54,135] multiqc                                            [DEBUG  ]  No samples found: flash
[2019-11-19 08:34:54,138] multiqc                                            [INFO   ]  Compressing plot data
[2019-11-19 08:34:54,166] multiqc                                            [INFO   ]  Report      : ../../../../../../../data/multiqc_report.html
[2019-11-19 08:34:54,166] multiqc                                            [INFO   ]  Data        : ../../../../../../../data/multiqc_data
[2019-11-19 08:34:54,167] multiqc                                            [DEBUG  ]  Moving data file from '/tmp/tmp_w333c5b/multiqc_data/multiqc_general_stats.txt' to '/data/multiqc_data'
[2019-11-19 08:34:54,167] multiqc                                            [DEBUG  ]  Moving data file from '/tmp/tmp_w333c5b/multiqc_data/multiqc_fastqc.txt' to '/data/multiqc_data'
[2019-11-19 08:34:54,167] multiqc                                            [DEBUG  ]  Moving data file from '/tmp/tmp_w333c5b/multiqc_data/multiqc_data.json' to '/data/multiqc_data'
[2019-11-19 08:34:54,168] multiqc                                            [DEBUG  ]  Moving data file from '/tmp/tmp_w333c5b/multiqc_data/multiqc_sources.txt' to '/data/multiqc_data'
[2019-11-19 08:34:54,299] multiqc                                            [INFO   ]  MultiQC complete
