[2019-11-19 15:01:42,843] multiqc                                            [DEBUG  ]  No MultiQC config found: /usr/lib/python3.6/site-packages/multiqc-1.7-py3.6.egg/multiqc_config.yaml
[2019-11-19 15:01:42,844] multiqc                                            [DEBUG  ]  No MultiQC config found: /root/.multiqc_config.yaml
[2019-11-19 15:01:42,844] multiqc                                            [DEBUG  ]  No MultiQC config found: multiqc_config.yaml
[2019-11-19 15:01:42,844] multiqc                                            [DEBUG  ]  Command used: /usr/bin/multiqc /data/HG00244.mapped.ILLUMINA.bwa.GBR.low_coverage.20101123_fastqc.zip -o /data
[2019-11-19 15:01:44,615] multiqc                                            [DEBUG  ]  Latest MultiQC version is v1.7
[2019-11-19 15:01:44,615] multiqc                                            [INFO   ]  This is MultiQC v1.7
[2019-11-19 15:01:44,615] multiqc                                            [DEBUG  ]  Command     : /usr/bin/multiqc /data/HG00244.mapped.ILLUMINA.bwa.GBR.low_coverage.20101123_fastqc.zip -o /data
[2019-11-19 15:01:44,615] multiqc                                            [DEBUG  ]  Working dir : /var/lib/toil/toil-9b56b740-ccba-4b13-b998-c6aabca34938-69d14ae953f0400cbe6f0dc87a7486c9/tmpBXG30b/2ebbef87-a7bf-49aa-9362-21ceabf0760b/tqZMWqY
[2019-11-19 15:01:44,615] multiqc                                            [INFO   ]  Template    : default
[2019-11-19 15:01:44,615] multiqc                                            [INFO   ]  Searching '/data/HG00244.mapped.ILLUMINA.bwa.GBR.low_coverage.20101123_fastqc.zip'
[2019-11-19 15:01:44,616] multiqc                                            [DEBUG  ]  Analysing modules: custom_content, conpair, peddy, methylQA, phantompeakqualtools, qualimap, preseq, quast, qorts, rna_seqc, rsem, rseqc, busco, goleft_indexcov, disambiguate, supernova, deeptools, sargasso, verifybamid, mirtrace, happy, homer, macs2, theta2, snpeff, gatk, htseq, bcftools, featureCounts, dedup, damageprofiler, picard, prokka, samblaster, samtools, bamtools, jellyfish, vcftools, longranger, stacks, bbmap, bismark, biscuit, hicexplorer, hicup, hicpro, salmon, kallisto, slamdunk, star, hisat2, tophat, bowtie2, bowtie1, kat, leehom, adapterRemoval, clipandmerge, cutadapt, flexbar, trimmomatic, skewer, sortmerna, biobloomtools, fastq_screen, afterqc, fastp, fastqc, minionqc, clusterflow, bcl2fastq, interop, flash
[2019-11-19 15:01:44,616] multiqc                                            [DEBUG  ]  Using temporary directory for creating report: /tmp/tmpd9oh3yfp
[2019-11-19 15:01:45,348] multiqc                                            [DEBUG  ]  No samples found: custom_content
[2019-11-19 15:01:45,352] multiqc                                            [DEBUG  ]  No samples found: conpair
[2019-11-19 15:01:45,357] multiqc                                            [DEBUG  ]  No samples found: peddy
[2019-11-19 15:01:45,362] multiqc                                            [DEBUG  ]  No samples found: methylQA
[2019-11-19 15:01:45,366] multiqc                                            [DEBUG  ]  No samples found: phantompeakqualtools
[2019-11-19 15:01:45,372] multiqc                                            [DEBUG  ]  No samples found: qualimap
[2019-11-19 15:01:45,377] multiqc                                            [DEBUG  ]  No samples found: preseq
[2019-11-19 15:01:45,382] multiqc                                            [DEBUG  ]  No samples found: quast
[2019-11-19 15:01:45,386] multiqc                                            [DEBUG  ]  No samples found: qorts
[2019-11-19 15:01:45,391] multiqc                                            [DEBUG  ]  No samples found: rna_seqc
[2019-11-19 15:01:45,395] multiqc                                            [DEBUG  ]  No samples found: rsem
[2019-11-19 15:01:45,404] multiqc                                            [DEBUG  ]  No samples found: rseqc
[2019-11-19 15:01:45,408] multiqc                                            [DEBUG  ]  No samples found: busco
[2019-11-19 15:01:45,413] multiqc                                            [DEBUG  ]  No samples found: goleft_indexcov
[2019-11-19 15:01:45,417] multiqc                                            [DEBUG  ]  No samples found: disambiguate
[2019-11-19 15:01:45,421] multiqc                                            [DEBUG  ]  No samples found: supernova
[2019-11-19 15:01:45,430] multiqc                                            [DEBUG  ]  No samples found: deeptools
[2019-11-19 15:01:45,435] multiqc                                            [DEBUG  ]  No samples found: sargasso
[2019-11-19 15:01:45,440] multiqc                                            [DEBUG  ]  No samples found: verifybamid
[2019-11-19 15:01:45,447] multiqc                                            [DEBUG  ]  No samples found: mirtrace
[2019-11-19 15:01:45,452] multiqc                                            [DEBUG  ]  No samples found: happy
[2019-11-19 15:01:45,459] multiqc                                            [DEBUG  ]  No samples found: homer
[2019-11-19 15:01:45,465] multiqc                                            [DEBUG  ]  No samples found: macs2
[2019-11-19 15:01:45,469] multiqc                                            [DEBUG  ]  No samples found: theta2
[2019-11-19 15:01:45,473] multiqc                                            [DEBUG  ]  No samples found: snpeff
[2019-11-19 15:01:45,479] multiqc                                            [DEBUG  ]  No samples found: gatk
[2019-11-19 15:01:45,486] multiqc                                            [DEBUG  ]  No samples found: htseq
[2019-11-19 15:01:45,491] multiqc                                            [DEBUG  ]  No samples found: bcftools
[2019-11-19 15:01:45,495] multiqc                                            [DEBUG  ]  No samples found: featureCounts
[2019-11-19 15:01:45,499] multiqc                                            [DEBUG  ]  No samples found: dedup
[2019-11-19 15:01:45,503] multiqc                                            [DEBUG  ]  No samples found: damageprofiler
[2019-11-19 15:01:45,515] multiqc                                            [DEBUG  ]  No samples found: picard
[2019-11-19 15:01:45,520] multiqc                                            [DEBUG  ]  No samples found: prokka
[2019-11-19 15:01:45,524] multiqc                                            [DEBUG  ]  No samples found: samblaster
[2019-11-19 15:01:45,531] multiqc                                            [DEBUG  ]  No samples found: samtools
[2019-11-19 15:01:45,536] multiqc                                            [DEBUG  ]  No samples found: bamtools
[2019-11-19 15:01:45,540] multiqc                                            [DEBUG  ]  No samples found: jellyfish
[2019-11-19 15:01:45,546] multiqc                                            [DEBUG  ]  No samples found: vcftools
[2019-11-19 15:01:45,551] multiqc                                            [DEBUG  ]  No samples found: longranger
[2019-11-19 15:01:45,555] multiqc                                            [DEBUG  ]  No samples found: stacks
[2019-11-19 15:01:45,565] multiqc                                            [DEBUG  ]  No samples found: bbmap
[2019-11-19 15:01:45,570] multiqc                                            [DEBUG  ]  No samples found: bismark
[2019-11-19 15:01:45,575] multiqc                                            [DEBUG  ]  No samples found: biscuit
[2019-11-19 15:01:45,580] multiqc                                            [DEBUG  ]  No samples found: hicexplorer
[2019-11-19 15:01:45,584] multiqc                                            [DEBUG  ]  No samples found: hicup
[2019-11-19 15:01:45,588] multiqc                                            [DEBUG  ]  No samples found: hicpro
[2019-11-19 15:01:45,593] multiqc                                            [DEBUG  ]  No samples found: salmon
[2019-11-19 15:01:45,597] multiqc                                            [DEBUG  ]  No samples found: kallisto
[2019-11-19 15:01:45,603] multiqc                                            [DEBUG  ]  No samples found: slamdunk
[2019-11-19 15:01:45,607] multiqc                                            [DEBUG  ]  No samples found: star
[2019-11-19 15:01:45,612] multiqc                                            [DEBUG  ]  No samples found: hisat2
[2019-11-19 15:01:45,616] multiqc                                            [DEBUG  ]  No samples found: tophat
[2019-11-19 15:01:45,620] multiqc                                            [DEBUG  ]  No samples found: bowtie2
[2019-11-19 15:01:45,624] multiqc                                            [DEBUG  ]  No samples found: bowtie1
[2019-11-19 15:01:45,628] multiqc                                            [DEBUG  ]  No samples found: kat
[2019-11-19 15:01:45,633] multiqc                                            [DEBUG  ]  No samples found: leehom
[2019-11-19 15:01:45,637] multiqc                                            [DEBUG  ]  No samples found: adapterRemoval
[2019-11-19 15:01:45,641] multiqc                                            [DEBUG  ]  No samples found: clipandmerge
[2019-11-19 15:01:45,645] multiqc                                            [DEBUG  ]  No samples found: cutadapt
[2019-11-19 15:01:45,649] multiqc                                            [DEBUG  ]  No samples found: flexbar
[2019-11-19 15:01:45,653] multiqc                                            [DEBUG  ]  No samples found: trimmomatic
[2019-11-19 15:01:45,658] multiqc                                            [DEBUG  ]  No samples found: skewer
[2019-11-19 15:01:45,662] multiqc                                            [DEBUG  ]  No samples found: sortmerna
[2019-11-19 15:01:45,666] multiqc                                            [DEBUG  ]  No samples found: biobloomtools
[2019-11-19 15:01:45,671] multiqc                                            [DEBUG  ]  No samples found: fastq_screen
[2019-11-19 15:01:45,675] multiqc                                            [DEBUG  ]  No samples found: afterqc
[2019-11-19 15:01:45,679] multiqc                                            [DEBUG  ]  No samples found: fastp
[2019-11-19 15:01:45,688] multiqc.modules.fastqc.fastqc                      [INFO   ]  Found 1 reports
[2019-11-19 15:01:45,741] multiqc                                            [DEBUG  ]  No samples found: minionqc
[2019-11-19 15:01:45,745] multiqc                                            [DEBUG  ]  No samples found: clusterflow
[2019-11-19 15:01:45,750] multiqc                                            [DEBUG  ]  No samples found: bcl2fastq
[2019-11-19 15:01:45,754] multiqc                                            [DEBUG  ]  No samples found: interop
[2019-11-19 15:01:45,758] multiqc                                            [DEBUG  ]  No samples found: flash
[2019-11-19 15:01:45,760] multiqc                                            [INFO   ]  Compressing plot data
[2019-11-19 15:01:45,787] multiqc                                            [INFO   ]  Report      : ../../../../../../../data/multiqc_report.html
[2019-11-19 15:01:45,787] multiqc                                            [INFO   ]  Data        : ../../../../../../../data/multiqc_data
[2019-11-19 15:01:45,788] multiqc                                            [DEBUG  ]  Moving data file from '/tmp/tmpd9oh3yfp/multiqc_data/multiqc_general_stats.txt' to '/data/multiqc_data'
[2019-11-19 15:01:45,788] multiqc                                            [DEBUG  ]  Moving data file from '/tmp/tmpd9oh3yfp/multiqc_data/multiqc_fastqc.txt' to '/data/multiqc_data'
[2019-11-19 15:01:45,788] multiqc                                            [DEBUG  ]  Moving data file from '/tmp/tmpd9oh3yfp/multiqc_data/multiqc_data.json' to '/data/multiqc_data'
[2019-11-19 15:01:45,789] multiqc                                            [DEBUG  ]  Moving data file from '/tmp/tmpd9oh3yfp/multiqc_data/multiqc_sources.txt' to '/data/multiqc_data'
[2019-11-19 15:01:45,923] multiqc                                            [INFO   ]  MultiQC complete
